log4j logging directory was set to C:\Polarion\polarion\..\data\logs\main\
Local log4j configuration file c:\Polarion\polarion\configuration\log4j.properties was not found
log4j has been configured from platform:/plugin/org.apache.log4j_1.2.17.2015-05-04/log4j.properties in context STANDALONE
****************************************************************
                Polarion starting, please wait!                 
****************************************************************
Server start mode: normal
------------------------------
Platform startup (Phase: 1/9)
Opening historical database...
Opening of historical database finished [ TIME 0.171 s. ]
Opening head database...
Opening of head database finished [ TIME 0.0844 s. ]
 -- Polarion startup estimation:  [ TIME 43 s. ]
Platform startup ... took  [ TIME 4.85 s. ]
------------------------------
Context recognition (Phase: 2/9)
Context recognition ... took  [ TIME 0.21 s. ]
------------------------------
Context initialization (Phase: 3/9)
 -- Initializing context: MyPolarion (5/8)
 -- Initializing context: --Demo Projects (3/8)
 -- Initializing cluster: default (4/8)
 -- Initializing context: [GLOBAL] (2/8)
 -- Initializing context: library (1/8)
 -- Initializing context: CAPA (6/8)
 -- Initializing context: elibrary (7/8)
 -- Initializing context: drivepilot (8/8)
Context initialization ... took  [ TIME 1.16 s. ]
------------------------------
Revisions processing (Phase: 4/9)
 -- Processing new revisions from repository default in context ContextId[context [global]]
Revisions processing ... took  [ TIME 0.27 s. ]
------------------------------
Build artifacts recognition (Phase: 5/9)
 -- Processing build artifacts from context: [GLOBAL] (1/8)
 -- Processing build artifacts from cluster: default (2/8)
 -- Processing build artifacts from context: MyPolarion (3/8)
 -- Processing build artifacts from context: --Demo Projects (4/8)
 -- Processing build artifacts from context: library (5/8)
 -- Processing build artifacts from context: CAPA (6/8)
 -- Processing build artifacts from context: elibrary (7/8)
 -- Processing build artifacts from context: drivepilot (8/8)
Build artifacts recognition ... took  [ TIME 0.69 s. ]
------------------------------
BIR inspection (Phase: 6/9)
BIR inspection ... took  [ TIME 0.03 s. ]
------------------------------
Data indexing (Phase: 7/9)
 -- Refreshing 9 objects in index: BuildArtifact
 -- -- 9 from 9 objects were refreshed (100%)
 -- Refreshing 1 objects in index: Revision
 -- -- 1 from 1 objects were refreshed (100%)
Data indexing ... took  [ TIME 0.49 s. ]
------------------------------
Fields recalculation (Phase: 8/9)
Fields recalculation ... took  [ TIME 0.02 s. ]
------------------------------
Polarion startup (Phase: 9/9)
JetspeedContainerServlet: starting initialization of Portlet Application at: polarion/wiki
JetspeedContainerServlet: initialization done for Portlet Application at: polarion/wiki
JetspeedContainerServlet: starting initialization of Portlet Application at: webui
JetspeedContainerServlet: initialization done for Portlet Application at: webui
2017-06-26 11:27:01,522 [Thread-30] ERROR com.polarion.alm.server.util.ChartExporterStartup  - Chart renderer was not able to start
java.io.IOException: Cannot run program "C:\Polarion\polarion\plugins\com.polarion.alm.ui_3.17.0\phantomjs\phantomjs.exe" (in directory "C:\Temp\polarionPhantomJsSubprocess2598912535637449156.tmp"): CreateProcess error=2, The system cannot find the file specified
	at java.lang.ProcessBuilder.start(ProcessBuilder.java:1048)
	at java.lang.Runtime.exec(Runtime.java:620)
	at com.polarion.alm.server.util.ChartExporterStartup.startNewProcess(ChartExporterStartup.java:156)
	at com.polarion.alm.server.util.ChartExporterStartup.createSubProcess(ChartExporterStartup.java:99)
	at com.polarion.alm.server.util.ChartExporterStartup.access$0(ChartExporterStartup.java:96)
	at com.polarion.alm.server.util.ChartExporterStartup$1.run(ChartExporterStartup.java:61)
	at java.lang.Thread.run(Thread.java:745)
Caused by: java.io.IOException: CreateProcess error=2, The system cannot find the file specified
	at java.lang.ProcessImpl.create(Native Method)
	at java.lang.ProcessImpl.<init>(ProcessImpl.java:386)
	at java.lang.ProcessImpl.start(ProcessImpl.java:137)
	at java.lang.ProcessBuilder.start(ProcessBuilder.java:1029)
	... 6 more
Polarion startup ... took  [ TIME 30.24 s. ]
****************************************************************
                 Polarion started:  [ TIME 38 s. ]
****************************************************************
2017-06-26 11:27:03,434 [PreLoadDataService] INFO  com.polarion.psvn.launcher.internal.data.PreLoadDataService  - Preloading data ...
2017-06-26 11:27:07,713 [PreLoadDataService] INFO  com.polarion.psvn.launcher.internal.data.PreLoadDataService  - Preloading data FINISHED took  [ TIME 4.28 s. ]
2017-06-26 12:02:40,288 [ajp-nio-8889-exec-10 | u:admin | uri:/polarion/icons/project/Sandbox/issue.png?buildId=20170314-0722 | u:p] ERROR com.polarion.alm.tracker.web.internal.server.IconsServlet  - 
java.lang.IllegalArgumentException: No such context exists: ContextId[cluster default, context Sandbox]
	at com.polarion.platform.repository.internal.context.RepositoryContextService.getContextforId(RepositoryContextService.java:99)
	at $IContextService_15ce2f900aa.getContextforId($IContextService_15ce2f900aa.java)
	at com.polarion.alm.projects.internal.model.Project.getLocation(Project.java:99)
	at com.polarion.alm.tracker.web.internal.server.IconsServlet.getIcon(IconsServlet.java:150)
	at com.polarion.alm.tracker.web.internal.server.IconsServlet$1$1.run(IconsServlet.java:65)
	at java.security.AccessController.doPrivileged(Native Method)
	at javax.security.auth.Subject.doAs(Subject.java:360)
	at com.polarion.platform.internal.security.SubjectNDC.doAs(SubjectNDC.java:58)
	at com.polarion.platform.internal.security.SecurityService.doAsUser(SecurityService.java:477)
	at com.polarion.platform.internal.security.SecurityService.doAsSystemUser(SecurityService.java:467)
	at $ISecurityService_15ce2f900b2.doAsSystemUser($ISecurityService_15ce2f900b2.java)
	at com.polarion.alm.tracker.web.internal.server.IconsServlet$1.run(IconsServlet.java:58)
	at com.polarion.portal.server.TransactionalExecuter$2.runWEx(TransactionalExecuter.java:38)
	at com.polarion.portal.server.TransactionalExecuter$2.runWEx(TransactionalExecuter.java:1)
	at com.polarion.core.util.RunnableWEx.runWRet(RunnableWEx.java:61)
	at com.polarion.portal.server.TransactionalExecuter.executeImpl(TransactionalExecuter.java:71)
	at com.polarion.portal.server.TransactionalExecuter.execute(TransactionalExecuter.java:54)
	at com.polarion.portal.server.TransactionalExecuter.executeInTransaction(TransactionalExecuter.java:35)
	at com.polarion.alm.tracker.web.internal.server.IconsServlet.doGet(IconsServlet.java:54)
	at javax.servlet.http.HttpServlet.service(HttpServlet.java:622)
	at javax.servlet.http.HttpServlet.service(HttpServlet.java:729)
	at org.apache.catalina.core.ApplicationFilterChain.internalDoFilter(ApplicationFilterChain.java:291)
	at org.apache.catalina.core.ApplicationFilterChain.doFilter(ApplicationFilterChain.java:206)
	at com.polarion.portal.tomcat.servlets.DoAsFilter.doFilterAndShowUri(DoAsFilter.java:157)
	at com.polarion.portal.tomcat.servlets.DoAsFilter.access$0(DoAsFilter.java:143)
	at com.polarion.portal.tomcat.servlets.DoAsFilter$1.run(DoAsFilter.java:122)
	at java.security.AccessController.doPrivileged(Native Method)
	at javax.security.auth.Subject.doAs(Subject.java:422)
	at com.polarion.platform.internal.security.SubjectNDC.doAs(SubjectNDC.java:69)
	at com.polarion.portal.tomcat.servlets.DoAsFilter.doFilterImpl(DoAsFilter.java:119)
	at com.polarion.portal.tomcat.servlets.DoAsFilter.doFilterInContexts(DoAsFilter.java:96)
	at com.polarion.portal.tomcat.servlets.DoAsFilter.doFilter(DoAsFilter.java:82)
	at org.apache.catalina.core.ApplicationFilterChain.internalDoFilter(ApplicationFilterChain.java:239)
	at org.apache.catalina.core.ApplicationFilterChain.doFilter(ApplicationFilterChain.java:206)
	at com.polarion.portal.tomcat.servlets.ExpiresFilter.doFilter(ExpiresFilter.java:39)
	at org.apache.catalina.core.ApplicationFilterChain.internalDoFilter(ApplicationFilterChain.java:239)
	at org.apache.catalina.core.ApplicationFilterChain.doFilter(ApplicationFilterChain.java:206)
	at com.polarion.portal.tomcat.servlets.SecurityCheckFilter.doFilter(SecurityCheckFilter.java:46)
	at org.apache.catalina.core.ApplicationFilterChain.internalDoFilter(ApplicationFilterChain.java:239)
	at org.apache.catalina.core.ApplicationFilterChain.doFilter(ApplicationFilterChain.java:206)
	at org.apache.catalina.core.StandardWrapperValve.invoke(StandardWrapperValve.java:212)
	at org.apache.catalina.core.StandardContextValve.invoke(StandardContextValve.java:106)
	at org.apache.catalina.core.StandardHostValve.invoke(StandardHostValve.java:141)
	at org.apache.catalina.valves.ErrorReportValve.invoke(ErrorReportValve.java:79)
	at org.apache.catalina.core.StandardEngineValve.invoke(StandardEngineValve.java:88)
	at org.apache.catalina.authenticator.SingleSignOn.invoke(SingleSignOn.java:291)
	at org.apache.catalina.connector.CoyoteAdapter.service(CoyoteAdapter.java:521)
	at org.apache.coyote.ajp.AbstractAjpProcessor.process(AbstractAjpProcessor.java:850)
	at org.apache.coyote.AbstractProtocol$AbstractConnectionHandler.process(AbstractProtocol.java:674)
	at org.apache.tomcat.util.net.NioEndpoint$SocketProcessor.doRun(NioEndpoint.java:1500)
	at org.apache.tomcat.util.net.NioEndpoint$SocketProcessor.run(NioEndpoint.java:1456)
	at java.util.concurrent.ThreadPoolExecutor.runWorker(ThreadPoolExecutor.java:1142)
	at java.util.concurrent.ThreadPoolExecutor$Worker.run(ThreadPoolExecutor.java:617)
	at org.apache.tomcat.util.threads.TaskThread$WrappingRunnable.run(TaskThread.java:61)
	at java.lang.Thread.run(Thread.java:745)
2017-06-26 12:02:41,359 [ajp-nio-8889-exec-2 | u:admin] ERROR com.polarion.portal.server.transformer.AbstractTransformer  - Error transforming the field: status from subterra:data-service:objects:/default/NEW_CAPA${WorkItem}CAPA-34
java.lang.IllegalArgumentException: Inconsistent configuration, call WorkflowConfig.verify()
	at com.polarion.alm.tracker.internal.workflow.ContributionsCreator.createFunctions(ContributionsCreator.java:155)
	at com.polarion.alm.tracker.internal.workflow.WorkflowAction.<init>(WorkflowAction.java:58)
	at com.polarion.alm.tracker.internal.workflow.WorkflowManager.createWorkflowActions(WorkflowManager.java:223)
	at com.polarion.alm.tracker.internal.workflow.WorkflowManager.getAvailableActions(WorkflowManager.java:153)
	at $IWorkflowManager_15ce2f901dc.getAvailableActions($IWorkflowManager_15ce2f901dc.java)
	at $IWorkflowManager_15ce2f901db.getAvailableActions($IWorkflowManager_15ce2f901db.java)
	at com.polarion.alm.tracker.internal.model.WorkflowObject.getAvailableActions(WorkflowObject.java:116)
	at com.polarion.alm.tracker.web.server.transformer.WorkflowObjectTransformer.transformEnumToJS(WorkflowObjectTransformer.java:92)
	at com.polarion.alm.tracker.web.server.transformer.WorkitemTransformer.transformEnumToJS(WorkitemTransformer.java:1777)
	at com.polarion.portal.server.transformer.AbstractTransformer.transformFieldToJS2(AbstractTransformer.java:453)
	at com.polarion.portal.server.transformer.AbstractTransformer.transformFieldToJS(AbstractTransformer.java:437)
	at com.polarion.alm.tracker.web.server.transformer.WorkitemTransformer.transformFieldToJS(WorkitemTransformer.java:627)
	at com.polarion.portal.server.transformer.AbstractTransformer.transformToJS(AbstractTransformer.java:1285)
	at com.polarion.alm.tracker.web.server.transformer.WorkitemTransformer.transformToJS(WorkitemTransformer.java:290)
	at com.polarion.portal.server.PObjectDataProvider.transformInstance(PObjectDataProvider.java:145)
	at com.polarion.portal.server.PObjectDataProvider.transformInstance(PObjectDataProvider.java:130)
	at com.polarion.portal.server.PObjectDataProvider.transformInstance(PObjectDataProvider.java:123)
	at com.polarion.portal.server.PObjectDataProvider.loadInstance(PObjectDataProvider.java:108)
	at com.polarion.alm.tracker.web.internal.server.WorkItemDataProvider.postProces(WorkItemDataProvider.java:560)
	at com.polarion.alm.tracker.web.internal.server.WorkItemDataProvider.loadWorkitem(WorkItemDataProvider.java:505)
	at com.polarion.alm.ui.server.tracker.WorkItemDataServiceImpl$3.executeImpl(WorkItemDataServiceImpl.java:152)
	at com.polarion.alm.ui.server.tracker.WorkItemDataServiceImpl$3.executeImpl(WorkItemDataServiceImpl.java:1)
	at com.polarion.portal.server.TransactionalExecuter$1.runWEx(TransactionalExecuter.java:27)
	at com.polarion.core.util.RunnableWEx.runWRet(RunnableWEx.java:61)
	at com.polarion.portal.server.TransactionalExecuter.executeImpl(TransactionalExecuter.java:71)
	at com.polarion.portal.server.TransactionalExecuter.execute(TransactionalExecuter.java:54)
	at com.polarion.portal.server.TransactionalExecuter.execute(TransactionalExecuter.java:24)
	at com.polarion.alm.ui.server.tracker.WorkItemDataServiceImpl.loadWorkitem(WorkItemDataServiceImpl.java:154)
	at sun.reflect.NativeMethodAccessorImpl.invoke0(Native Method)
	at sun.reflect.NativeMethodAccessorImpl.invoke(NativeMethodAccessorImpl.java:62)
	at sun.reflect.DelegatingMethodAccessorImpl.invoke(DelegatingMethodAccessorImpl.java:43)
	at java.lang.reflect.Method.invoke(Method.java:498)
	at com.google.gwt.user.server.rpc.RPC.invokeAndEncodeResponse(RPC.java:561)
	at com.google.gwt.user.server.rpc.RemoteServiceServlet.processCall(RemoteServiceServlet.java:265)
	at com.polarion.alm.ui.server.rpc.RPCServlet.processCall(RPCServlet.java:96)
	at com.google.gwt.user.server.rpc.RemoteServiceServlet.processPost(RemoteServiceServlet.java:305)
	at com.google.gwt.user.server.rpc.AbstractRemoteServiceServlet.doPost(AbstractRemoteServiceServlet.java:62)
	at javax.servlet.http.HttpServlet.service(HttpServlet.java:648)
	at javax.servlet.http.HttpServlet.service(HttpServlet.java:729)
	at org.apache.catalina.core.ApplicationFilterChain.internalDoFilter(ApplicationFilterChain.java:291)
	at org.apache.catalina.core.ApplicationFilterChain.doFilter(ApplicationFilterChain.java:206)
	at com.polarion.alm.ui.server.ExpiresFilterForGWT.doFilter(ExpiresFilterForGWT.java:41)
	at org.apache.catalina.core.ApplicationFilterChain.internalDoFilter(ApplicationFilterChain.java:239)
	at org.apache.catalina.core.ApplicationFilterChain.doFilter(ApplicationFilterChain.java:206)
	at com.polarion.alm.server.util.VelocityInstanceFilter.doFilter(VelocityInstanceFilter.java:61)
	at org.apache.catalina.core.ApplicationFilterChain.internalDoFilter(ApplicationFilterChain.java:239)
	at org.apache.catalina.core.ApplicationFilterChain.doFilter(ApplicationFilterChain.java:206)
	at com.polarion.portal.tomcat.servlets.DoAsFilter.doFilterAndShowUri(DoAsFilter.java:148)
	at com.polarion.portal.tomcat.servlets.DoAsFilter.access$0(DoAsFilter.java:143)
	at com.polarion.portal.tomcat.servlets.DoAsFilter$1.run(DoAsFilter.java:122)
	at java.security.AccessController.doPrivileged(Native Method)
	at javax.security.auth.Subject.doAs(Subject.java:422)
	at com.polarion.platform.internal.security.SubjectNDC.doAs(SubjectNDC.java:69)
	at com.polarion.portal.tomcat.servlets.DoAsFilter.doFilterImpl(DoAsFilter.java:119)
	at com.polarion.portal.tomcat.servlets.DoAsFilter.doFilterInContexts(DoAsFilter.java:96)
	at com.polarion.portal.tomcat.servlets.DoAsFilter.doFilter(DoAsFilter.java:89)
	at org.apache.catalina.core.ApplicationFilterChain.internalDoFilter(ApplicationFilterChain.java:239)
	at org.apache.catalina.core.ApplicationFilterChain.doFilter(ApplicationFilterChain.java:206)
	at com.polarion.portal.tomcat.servlets.SecurityCheckFilter.doFilter(SecurityCheckFilter.java:46)
	at org.apache.catalina.core.ApplicationFilterChain.internalDoFilter(ApplicationFilterChain.java:239)
	at org.apache.catalina.core.ApplicationFilterChain.doFilter(ApplicationFilterChain.java:206)
	at org.apache.catalina.core.StandardWrapperValve.invoke(StandardWrapperValve.java:212)
	at org.apache.catalina.core.StandardContextValve.invoke(StandardContextValve.java:106)
	at org.apache.catalina.core.StandardHostValve.invoke(StandardHostValve.java:141)
	at org.apache.catalina.valves.ErrorReportValve.invoke(ErrorReportValve.java:79)
	at org.apache.catalina.core.StandardEngineValve.invoke(StandardEngineValve.java:88)
	at org.apache.catalina.authenticator.SingleSignOn.invoke(SingleSignOn.java:291)
	at org.apache.catalina.connector.CoyoteAdapter.service(CoyoteAdapter.java:521)
	at org.apache.coyote.ajp.AbstractAjpProcessor.process(AbstractAjpProcessor.java:850)
	at org.apache.coyote.AbstractProtocol$AbstractConnectionHandler.process(AbstractProtocol.java:674)
	at org.apache.tomcat.util.net.NioEndpoint$SocketProcessor.doRun(NioEndpoint.java:1500)
	at org.apache.tomcat.util.net.NioEndpoint$SocketProcessor.run(NioEndpoint.java:1456)
	at java.util.concurrent.ThreadPoolExecutor.runWorker(ThreadPoolExecutor.java:1142)
	at java.util.concurrent.ThreadPoolExecutor$Worker.run(ThreadPoolExecutor.java:617)
	at org.apache.tomcat.util.threads.TaskThread$WrappingRunnable.run(TaskThread.java:61)
	at java.lang.Thread.run(Thread.java:745)
Caused by: java.lang.ClassNotFoundException: There is no contribution with name CheckCRrequiredforCAPA for prototype WorkItem
	at com.polarion.alm.tracker.internal.workflow.ContributionsManager.createObject(ContributionsManager.java:122)
	at $IContributionsManager_15ce2f903a6.createObject($IContributionsManager_15ce2f903a6.java)
	at $IContributionsManager_15ce2f903a5.createObject($IContributionsManager_15ce2f903a5.java)
	at com.polarion.alm.tracker.internal.workflow.ContributionsCreator.createFunctions(ContributionsCreator.java:146)
	... 75 more
2017-06-26 12:02:41,458 [ajp-nio-8889-exec-8 | u:admin | uri:/polarion/icons/project/Sandbox/issue.png | u:p] ERROR com.polarion.alm.tracker.web.internal.server.IconsServlet  - 
java.lang.IllegalArgumentException: No such context exists: ContextId[cluster default, context Sandbox]
	at com.polarion.platform.repository.internal.context.RepositoryContextService.getContextforId(RepositoryContextService.java:99)
	at $IContextService_15ce2f900aa.getContextforId($IContextService_15ce2f900aa.java)
	at com.polarion.alm.projects.internal.model.Project.getLocation(Project.java:99)
	at com.polarion.alm.tracker.web.internal.server.IconsServlet.getIcon(IconsServlet.java:150)
	at com.polarion.alm.tracker.web.internal.server.IconsServlet$1$1.run(IconsServlet.java:65)
	at java.security.AccessController.doPrivileged(Native Method)
	at javax.security.auth.Subject.doAs(Subject.java:360)
	at com.polarion.platform.internal.security.SubjectNDC.doAs(SubjectNDC.java:58)
	at com.polarion.platform.internal.security.SecurityService.doAsUser(SecurityService.java:477)
	at com.polarion.platform.internal.security.SecurityService.doAsSystemUser(SecurityService.java:467)
	at $ISecurityService_15ce2f900b2.doAsSystemUser($ISecurityService_15ce2f900b2.java)
	at com.polarion.alm.tracker.web.internal.server.IconsServlet$1.run(IconsServlet.java:58)
	at com.polarion.portal.server.TransactionalExecuter$2.runWEx(TransactionalExecuter.java:38)
	at com.polarion.portal.server.TransactionalExecuter$2.runWEx(TransactionalExecuter.java:1)
	at com.polarion.core.util.RunnableWEx.runWRet(RunnableWEx.java:61)
	at com.polarion.portal.server.TransactionalExecuter.executeImpl(TransactionalExecuter.java:71)
	at com.polarion.portal.server.TransactionalExecuter.execute(TransactionalExecuter.java:54)
	at com.polarion.portal.server.TransactionalExecuter.executeInTransaction(TransactionalExecuter.java:35)
	at com.polarion.alm.tracker.web.internal.server.IconsServlet.doGet(IconsServlet.java:54)
	at javax.servlet.http.HttpServlet.service(HttpServlet.java:622)
	at javax.servlet.http.HttpServlet.service(HttpServlet.java:729)
	at org.apache.catalina.core.ApplicationFilterChain.internalDoFilter(ApplicationFilterChain.java:291)
	at org.apache.catalina.core.ApplicationFilterChain.doFilter(ApplicationFilterChain.java:206)
	at com.polarion.portal.tomcat.servlets.DoAsFilter.doFilterAndShowUri(DoAsFilter.java:157)
	at com.polarion.portal.tomcat.servlets.DoAsFilter.access$0(DoAsFilter.java:143)
	at com.polarion.portal.tomcat.servlets.DoAsFilter$1.run(DoAsFilter.java:122)
	at java.security.AccessController.doPrivileged(Native Method)
	at javax.security.auth.Subject.doAs(Subject.java:422)
	at com.polarion.platform.internal.security.SubjectNDC.doAs(SubjectNDC.java:69)
	at com.polarion.portal.tomcat.servlets.DoAsFilter.doFilterImpl(DoAsFilter.java:119)
	at com.polarion.portal.tomcat.servlets.DoAsFilter.doFilterInContexts(DoAsFilter.java:96)
	at com.polarion.portal.tomcat.servlets.DoAsFilter.doFilter(DoAsFilter.java:82)
	at org.apache.catalina.core.ApplicationFilterChain.internalDoFilter(ApplicationFilterChain.java:239)
	at org.apache.catalina.core.ApplicationFilterChain.doFilter(ApplicationFilterChain.java:206)
	at com.polarion.portal.tomcat.servlets.ExpiresFilter.doFilter(ExpiresFilter.java:39)
	at org.apache.catalina.core.ApplicationFilterChain.internalDoFilter(ApplicationFilterChain.java:239)
	at org.apache.catalina.core.ApplicationFilterChain.doFilter(ApplicationFilterChain.java:206)
	at com.polarion.portal.tomcat.servlets.SecurityCheckFilter.doFilter(SecurityCheckFilter.java:46)
	at org.apache.catalina.core.ApplicationFilterChain.internalDoFilter(ApplicationFilterChain.java:239)
	at org.apache.catalina.core.ApplicationFilterChain.doFilter(ApplicationFilterChain.java:206)
	at org.apache.catalina.core.StandardWrapperValve.invoke(StandardWrapperValve.java:212)
	at org.apache.catalina.core.StandardContextValve.invoke(StandardContextValve.java:106)
	at org.apache.catalina.core.StandardHostValve.invoke(StandardHostValve.java:141)
	at org.apache.catalina.valves.ErrorReportValve.invoke(ErrorReportValve.java:79)
	at org.apache.catalina.core.StandardEngineValve.invoke(StandardEngineValve.java:88)
	at org.apache.catalina.authenticator.SingleSignOn.invoke(SingleSignOn.java:291)
	at org.apache.catalina.connector.CoyoteAdapter.service(CoyoteAdapter.java:521)
	at org.apache.coyote.ajp.AbstractAjpProcessor.process(AbstractAjpProcessor.java:850)
	at org.apache.coyote.AbstractProtocol$AbstractConnectionHandler.process(AbstractProtocol.java:674)
	at org.apache.tomcat.util.net.NioEndpoint$SocketProcessor.doRun(NioEndpoint.java:1500)
	at org.apache.tomcat.util.net.NioEndpoint$SocketProcessor.run(NioEndpoint.java:1456)
	at java.util.concurrent.ThreadPoolExecutor.runWorker(ThreadPoolExecutor.java:1142)
	at java.util.concurrent.ThreadPoolExecutor$Worker.run(ThreadPoolExecutor.java:617)
	at org.apache.tomcat.util.threads.TaskThread$WrappingRunnable.run(TaskThread.java:61)
	at java.lang.Thread.run(Thread.java:745)
hostname = localhost, port=8887, catchPhrase=shutdown
