2017-06-22 11:34:45,977 [main | u:p] INFO  TXLOGGER  - Summary for 'Platform startup': transactions: 0, DB: 0.0441 s [51% update (126x), 47% query (13x)] (206x), svn: 0.0289 s [87% checkPath (1x)] (3x)
2017-06-22 11:34:46,172 [main | u:p] INFO  TXLOGGER  - Summary for 'Context recognition': transactions: 0, svn: 0.0799 s [41% info (3x), 30% getFile content (1x), 29% getDir2 content (2x)] (6x)
2017-06-22 11:34:47,439 [LowLevelDataService-contextInitializer-1 | u:p] INFO  TXLOGGER  - Summary: Total: 1.26 s, transactions: 0
2017-06-22 11:34:47,440 [LowLevelDataService-contextInitializer-3 | u:p] INFO  TXLOGGER  - Summary: Total: 1.26 s, transactions: 0, ObjectMaps: 0.281 s [100% getAllPrimaryObjects (1x)] (7x)
2017-06-22 11:34:47,440 [LowLevelDataService-contextInitializer-5 | u:p] INFO  TXLOGGER  - Summary: Total: 1.26 s, transactions: 0, svn: 0.169 s [43% log2 (5x), 25% log (1x), 19% info (4x)] (15x)
2017-06-22 11:34:47,440 [LowLevelDataService-contextInitializer-2 | u:p] INFO  TXLOGGER  - Summary: Total: 1.26 s, transactions: 0, svn: 0.113 s [97% log2 (6x)] (8x)
2017-06-22 11:34:47,440 [LowLevelDataService-contextInitializer-4 | u:p] INFO  TXLOGGER  - Summary: Total: 1.26 s, transactions: 0, svn: 0.132 s [98% log2 (10x)] (12x)
2017-06-22 11:34:47,440 [main | u:p] INFO  TXLOGGER  - Summary for 'Context initialization': transactions: 0, svn: 0.509 s [79% log2 (31x), 8% log (1x)] (47x), ObjectMaps: 0.413 s [100% getAllPrimaryObjects (7x)] (55x)
2017-06-22 11:34:47,725 [main | u:p] INFO  TXLOGGER  - Summary for 'Revisions processing': transactions: 14, RepositoryConfigService: 0.175 s [100% getReadConfiguration (42x)] (42x), svn: 0.0917 s [90% info (15x)] (32x)
2017-06-22 11:34:48,359 [main | u:p] INFO  TXLOGGER  - Summary for 'Build artifacts recognition': transactions: 40, svn: 0.484 s [86% info (78x)] (131x), RepositoryConfigService: 0.409 s [100% getReadConfiguration (80x)] (80x)
2017-06-22 11:34:48,986 [main | u:p] INFO  TXLOGGER  - Summary for 'Data indexing': transactions: 0, Lucene: 0.243 s [100% refresh (2x)] (2x), SubterraURITable: 0.0256 s [100% addIfNotExistsDB (17x)] (17x), DB: 0.0241 s [47% update (38x), 27% query (17x), 19% execute (12x)] (103x)
2017-06-22 11:35:24,714 [main] INFO  TXLOGGER  - Summary for 'Polarion startup': transactions: 1, svn: 0.303 s [76% info (47x), 14% getDir2 content (5x)] (66x), RepositoryConfigService: 0.0313 s [100% getReadConfiguration (2x)] (2x)
2017-06-22 11:35:24,909 [Worker-0 | u:p | job: polarion.jobs.attachment.indexer] INFO  TXLOGGER  - Summary after AttachmentIndexer: transactions: 0, Lucene: 0.0922 s [100% add (2x)] (2x), resolve: 0.0376 s [100% User (2x)] (2x), ObjectMaps: 0.0117 s [100% getPrimaryObjectLocation (2x)] (2x)
2017-06-22 11:35:25,209 [Persistence Events Processing Thread | u:p] INFO  TXLOGGER  - Tx 573399eff3c3e_0_573399eff3c3e_0_: finished. Total: 0.393 s, resolve: 0.147 s [72% User (2x), 27% Project (1x)] (5x), Lucene: 0.065 s [60% add (1x), 40% search (1x)] (2x), svn: 0.0591 s [80% getFile content (2x)] (7x), ObjectMaps: 0.0216 s [60% getPrimaryObjectLocation (2x), 29% getPrimaryObjectProperty (2x)] (11x)
2017-06-22 11:35:25,210 [Persistence Events Processing Thread | u:p] INFO  TXLOGGER  - Summary: Total: 0.492 s, transactions: 6, persistence listener: 0.491 s [81% RevisionActivityCreator (2x)] (7x), resolve: 0.149 s [71% User (2x), 27% Project (1x)] (7x), Lucene: 0.065 s [60% add (1x), 40% search (1x)] (2x), svn: 0.0591 s [80% getFile content (2x)] (7x)
2017-06-22 11:35:25,538 [PreLoadDataService | u:p] INFO  TXLOGGER  - Tx 573399efdcc38_0_573399efdcc38_0_: finished. Total: 0.814 s, svn: 0.482 s [67% getDir2 content (25x), 33% getFile content (15x)] (43x), resolve: 0.406 s [55% Category (8x), 45% TimePoint (5x)] (13x), ObjectMaps: 0.0703 s [48% getPrimaryObjectLocation (13x), 33% getLastPromoted (13x)] (54x)
2017-06-22 11:35:26,061 [PreLoadDataService | u:p] INFO  TXLOGGER  - Tx 573399f0da46a_0_573399f0da46a_0_: finished. Total: 0.324 s, svn: 0.198 s [59% getFile content (13x), 41% info (10x)] (24x), RepositoryConfigService: 0.15 s [82% getReadConfiguration (72x)] (74x), resolve: 0.145 s [100% User (8x)] (8x), ObjectMaps: 0.02 s [43% getPrimaryObjectLocation (7x), 30% getLastPromoted (7x), 27% getPrimaryObjectProperty (7x)] (28x)
2017-06-22 11:35:26,198 [PreLoadDataService | u:p] INFO  TXLOGGER  - Tx 573399f12b46b_0_573399f12b46b_0_: finished. Total: 0.136 s, RepositoryConfigService: 0.112 s [98% getReadConfiguration (55x)] (78x), svn: 0.0929 s [100% getFile content (13x)] (14x)
2017-06-22 11:35:26,528 [DBHistoryCreator-2 | u:p] INFO  TXLOGGER  - Summary: Total: 1.57 s, transactions: 0
2017-06-22 11:35:26,528 [DBHistoryCreator-1 | u:p] INFO  TXLOGGER  - Summary: Total: 1.57 s, transactions: 0
2017-06-22 11:35:26,528 [Worker-1 | u:p | job: polarion.jobs.db.history] INFO  TXLOGGER  - Summary after DBHistoryCreator: transactions: 48, persistence listener: 0.494 s [80% RevisionActivityCreator (16x)] (56x), resolve: 0.149 s [71% User (3x), 27% Project (1x)] (8x), Lucene: 0.0985 s [74% add (2x), 26% search (1x)] (3x), svn: 0.0839 s [56% getFile content (2x), 36% getLatestRevision (4x)] (8x)
2017-06-22 11:35:26,528 [Worker-1 | u:p] INFO  TXLOGGER  - Summary for 'job: polarion.jobs.db.history': Total: 1.63 s, transactions: 0, SubterraURITable: 1.27 s [100% getDB (4011x)] (4011x), DB: 1.19 s [50% query (4037x), 32% update (4012x)] (20137x)
2017-06-22 11:35:26,815 [PreLoadDataService | u:p] INFO  TXLOGGER  - Tx 573399f14d86c_0_573399f14d86c_0_: finished. Total: 0.617 s, svn: 0.557 s [63% getFile content (47x), 37% getDir2 content (17x)] (65x), RepositoryConfigService: 0.396 s [100% getReadConfiguration (164x)] (180x)
2017-06-22 11:35:27,160 [PreLoadDataService | u:p] INFO  TXLOGGER  - Tx 573399f1e7c6d_0_573399f1e7c6d_0_: finished. Total: 0.345 s, svn: 0.298 s [82% getFile content (35x)] (42x), RepositoryConfigService: 0.28 s [99% getReadConfiguration (295x)] (370x)
2017-06-22 11:35:27,461 [PreLoadDataService | u:p] INFO  TXLOGGER  - Tx 573399f23e06e_0_573399f23e06e_0_: finished. Total: 0.3 s, svn: 0.267 s [54% getFile content (21x), 46% getDir2 content (17x)] (39x), RepositoryConfigService: 0.173 s [100% getReadConfiguration (88x)] (110x)
2017-06-22 11:35:27,580 [PreLoadDataService | u:p] INFO  TXLOGGER  - Tx 573399f28946f_0_573399f28946f_0_: finished. Total: 0.119 s, svn: 0.11 s [58% getDir2 content (11x), 42% getFile content (8x)] (20x), RepositoryConfigService: 0.0517 s [99% getReadConfiguration (38x)] (54x)
2017-06-22 11:35:27,876 [PreLoadDataService | u:p] INFO  TXLOGGER  - Tx 573399f2a7070_0_573399f2a7070_0_: finished. Total: 0.296 s, svn: 0.263 s [60% getFile content (24x), 40% getDir2 content (12x)] (37x), RepositoryConfigService: 0.187 s [100% getReadConfiguration (87x)] (109x)
2017-06-22 11:35:27,876 [PreLoadDataService] INFO  TXLOGGER  - Summary for 'PreloadDataService': Total: 3.16 s, transactions: 9, svn: 2.33 s [57% getFile content (180x), 38% getDir2 content (90x)] (298x), RepositoryConfigService: 1.38 s [97% getReadConfiguration (801x)] (977x), resolve: 0.695 s [32% Category (8x), 26% TimePoint (5x), 21% User (8x), 21% Project (5x)] (26x)
2017-06-22 11:35:27,877 [PreLoadDataService] INFO  TXLOGGER  - Summary after preload: transactions: 9, svn: 2.33 s [57% getFile content (180x), 38% getDir2 content (90x)] (298x), RepositoryConfigService: 1.38 s [97% getReadConfiguration (801x)] (977x), SubterraURITable: 1.27 s [100% getDB (4011x)] (4011x), DB: 1.19 s [50% query (4037x), 32% update (4012x)] (20137x), resolve: 0.695 s [32% Category (8x), 26% TimePoint (5x), 21% User (9x), 21% Project (5x)] (27x), ObjectMaps: 0.124 s [42% getPrimaryObjectLocation (24x), 37% getLastPromoted (24x), 21% getPrimaryObjectProperty (24x)] (98x)
2017-06-22 11:35:56,908 [ajp-nio-8889-exec-6 | u:admin] INFO  TXLOGGER  - Summary for 'PortalDataService.getInitData': Total: 0.212 s, transactions: 3, RepositoryConfigService: 0.0177 s [100% getReadConfiguration (8x)] (13x), svn: 0.0109 s [52% getDir2 content (1x), 48% info (1x)] (5x)
2017-06-22 11:35:57,377 [ajp-nio-8889-exec-8 | u:admin] INFO  TXLOGGER  - Summary for 'PortalDataService.requestPortalSite': Total: 0.169 s, transactions: 7, RepositoryConfigService: 0.0611 s [76% getReadConfiguration (18x), 24% getReadUserConfiguration (2x)] (26x), svn: 0.0557 s [52% info (4x), 35% getFile content (4x)] (16x)
2017-06-22 11:37:05,962 [ajp-nio-8889-exec-5 | u:admin] INFO  TXLOGGER  - Tx 57339a5212c7c_0_57339a5212c7c_0_: finished. Total: 0.671 s, svn: 0.612 s [96% endActivity (1x)] (7x), processed revs: [76, 76 (delay 0s)], write: true
2017-06-22 11:37:05,963 [ajp-nio-8889-exec-5 | u:admin] INFO  TXLOGGER  - Summary for 'WorkflowDataService.saveWorkflowDataByContext': Total: 0.672 s, transactions: 1, svn: 0.612 s [96% endActivity (1x)] (7x)
2017-06-22 11:37:14,470 [ajp-nio-8889-exec-4 | u:admin | uri:/polarion/wiki/bin/view/project/drivepilot/page/Home | wiki: view http://localhost/polarion/wiki/bin/view/project/drivepilot/page/Home] INFO  TXLOGGER  - Tx 57339a5a7588c_0_57339a5a7588c_0_: finished. Total: 0.591 s, svn: 0.398 s [87% info (36x)] (43x), resolve: 0.363 s [95% WikiPage (24x)] (38x)
2017-06-22 11:37:14,550 [ajp-nio-8889-exec-4] INFO  TXLOGGER  - Summary for 'servlet /polarion/wiki/bin/view/project/drivepilot/page/Home': Total: 1.97 s, transactions: 7, Velocity: 1.56 s [100% evaluate in Wiki (1x)] (1x), svn: 1.13 s [83% info (133x)] (165x), resolve: 0.409 s [95% WikiPage (41x)] (59x)
2017-06-22 11:37:15,817 [ajp-nio-8889-exec-1 | u:admin] INFO  TXLOGGER  - Tx 57339a5bf3c93_0_57339a5bf3c93_0_: finished. Total: 0.41 s, svn: 0.128 s [65% getFile content (7x), 24% info (3x)] (13x), RepositoryConfigService: 0.119 s [84% getReadConfiguration (178x)] (204x), resolve: 0.0674 s [99% WorkItem (2x)] (7x)
2017-06-22 11:37:15,889 [ajp-nio-8889-exec-1 | u:admin] INFO  TXLOGGER  - Summary for 'WorkItemDataService.loadWorkitem': Total: 0.482 s, transactions: 1, svn: 0.128 s [65% getFile content (7x), 24% info (3x)] (13x), RepositoryConfigService: 0.119 s [84% getReadConfiguration (178x)] (204x), resolve: 0.0674 s [99% WorkItem (2x)] (7x)
2017-06-22 11:37:16,433 [ajp-nio-8889-exec-9 | u:admin] INFO  TXLOGGER  - Tx 57339a5bf3c94_0_57339a5bf3c94_0_: finished. Total: 1.02 s, resolve: 0.841 s [83% WorkItem (14x)] (23x), svn: 0.722 s [40% info (30x), 30% getFile content (19x), 27% getDir2 content (20x)] (75x), RepositoryConfigService: 0.0787 s [82% getReadConfiguration (424x)] (456x)
2017-06-22 11:37:16,462 [ajp-nio-8889-exec-9 | u:admin] INFO  TXLOGGER  - Summary for 'WorkItemDataService.loadInstances': Total: 1.05 s, transactions: 1, resolve: 0.841 s [83% WorkItem (14x)] (23x), svn: 0.722 s [40% info (30x), 30% getFile content (19x), 27% getDir2 content (20x)] (75x), RepositoryConfigService: 0.0787 s [82% getReadConfiguration (424x)] (456x)
2017-06-22 11:37:21,707 [ajp-nio-8889-exec-6 | u:admin] INFO  TXLOGGER  - Tx 57339a61e2c95_0_57339a61e2c95_0_: finished. Total: 0.224 s, RepositoryConfigService: 0.159 s [92% getReadConfiguration (314x)] (331x), svn: 0.0913 s [79% getFile content (8x), 21% info (3x)] (12x)
2017-06-22 11:37:21,732 [ajp-nio-8889-exec-6 | u:admin] INFO  TXLOGGER  - Summary for 'WorkItemDataService.getWorkitemTemplate': Total: 0.249 s, transactions: 1, RepositoryConfigService: 0.159 s [92% getReadConfiguration (314x)] (331x), svn: 0.0913 s [79% getFile content (8x), 21% info (3x)] (12x)
2017-06-22 11:37:42,718 [ajp-nio-8889-exec-7 | u:admin] INFO  TXLOGGER  - Tx 57339a75b3896_0_57339a75b3896_0_: finished. Total: 0.944 s, svn: 0.726 s [92% endActivity (1x)] (15x), processed revs: [77, 77 (delay 0s)], write: true
2017-06-22 11:37:42,869 [ajp-nio-8889-exec-7 | u:admin] INFO  TXLOGGER  - Tx 57339a769fc98_0_57339a769fc98_0_: finished. Total: 0.15 s, resolve: 0.0796 s [99% WorkItem (1x)] (22x), svn: 0.0778 s [40% getDir2 content (1x), 34% getFile content (2x), 24% info (1x)] (6x), ObjectMaps: 0.018 s [44% getPrimaryObjectLocations (10x), 38% getLastPromoted (1x)] (14x), RepositoryConfigService: 0.0136 s [100% getReadConfiguration (323x)] (345x)
2017-06-22 11:37:42,878 [ajp-nio-8889-exec-7 | u:admin] INFO  TXLOGGER  - Summary for 'WorkItemDataService.saveWorkItem': Total: 1.11 s, transactions: 2, svn: 0.804 s [83% endActivity (1x)] (21x), resolve: 0.115 s [99% WorkItem (5x)] (31x)
2017-06-22 11:37:42,889 [Persistence Events Processing Thread | u:p] INFO  TXLOGGER  - Tx 57339a769f897_0_57339a769f897_0_: finished. Total: 0.17 s, resolve: 0.078 s [72% WorkItem (2x), 28% User (2x)] (4x), svn: 0.0693 s [51% getFile content (3x), 27% getDir2 content (1x), 22% info (1x)] (6x), ObjectMaps: 0.0141 s [43% getPrimaryObjectLocation (2x), 35% getPrimaryObjectProperty (2x), 22% getLastPromoted (2x)] (8x), RepositoryConfigService: 0.0113 s [100% getReadConfiguration (9x)] (10x)
2017-06-22 11:37:43,061 [Persistence Events Processing Thread | u:p] INFO  TXLOGGER  - Tx 57339a76ca499_0_57339a76ca499_0_: finished. Total: 0.172 s, RepositoryConfigService: 0.0669 s [100% getReadConfiguration (12x)] (13x), resolve: 0.0623 s [100% WorkItem (3x)] (5x), svn: 0.0552 s [59% getFile content (2x), 20% getDir2 content (1x), 19% info (1x)] (6x), Lucene: 0.0285 s [100% add (1x)] (1x)
2017-06-22 11:37:43,062 [Persistence Events Processing Thread | u:p] INFO  TXLOGGER  - Summary: Total: 0.343 s, transactions: 6, persistence listener: 0.343 s [50% WorkItemActivityCreator (1x), 50% notificationsCreatingListener (1x)] (7x), resolve: 0.14 s [84% WorkItem (5x)] (9x), svn: 0.125 s [55% getFile content (5x), 24% getDir2 content (2x), 21% info (2x)] (12x), RepositoryConfigService: 0.0782 s [100% getReadConfiguration (21x)] (23x), Lucene: 0.0285 s [100% add (1x)] (1x), ObjectMaps: 0.0187 s [48% getPrimaryObjectLocation (3x), 30% getPrimaryObjectProperty (3x), 22% getLastPromoted (3x)] (12x)
2017-06-22 11:38:19,387 [ajp-nio-8889-exec-8 | u:admin] INFO  TXLOGGER  - Tx 57339a99b48a6_0_57339a99b48a6_0_: finished. Total: 0.744 s, svn: 0.637 s [93% endActivity (1x)] (9x), Lucene: 0.0492 s [61% refresh (1x), 39% add (1x)] (2x), resolve: 0.0379 s [99% WorkItem (2x)] (9x), processed revs: [78, 78 (delay 0s)], write: true
2017-06-22 11:38:19,438 [ajp-nio-8889-exec-8 | u:admin] INFO  TXLOGGER  - Summary for 'WorkItemDataService.saveWorkItem': Total: 0.796 s, transactions: 2, svn: 0.637 s [93% endActivity (1x)] (9x), Lucene: 0.0542 s [55% refresh (1x), 36% add (1x)] (3x)
2017-06-22 11:38:19,596 [Persistence Events Processing Thread | u:p] INFO  TXLOGGER  - Tx 57339a9a6e8a7_0_57339a9a6e8a7_0_: finished. Total: 0.209 s, resolve: 0.187 s [74% WorkItem (9x), 26% User (8x)] (17x), svn: 0.145 s [37% getFile content (4x), 34% getDir2 content (2x), 29% info (2x)] (9x), ObjectMaps: 0.022 s [48% getLastPromoted (4x), 43% getPrimaryObjectLocation (4x)] (16x)
2017-06-22 11:38:19,664 [Persistence Events Processing Thread | u:p] INFO  TXLOGGER  - Summary: Total: 0.277 s, transactions: 6, persistence listener: 0.277 s [76% notificationsCreatingListener (1x), 24% WorkItemActivityCreator (1x)] (7x), resolve: 0.225 s [78% WorkItem (12x), 22% User (10x)] (23x), svn: 0.18 s [36% getFile content (5x), 34% getDir2 content (3x), 30% info (3x)] (14x), ObjectMaps: 0.0252 s [45% getPrimaryObjectLocation (5x), 45% getLastPromoted (5x)] (21x), Lucene: 0.0173 s [100% add (1x)] (1x)
2017-06-22 11:40:20,584 [ajp-nio-8889-exec-8 | u:admin] INFO  TXLOGGER  - Tx 57339b102a8b9_0_57339b102a8b9_0_: finished. Total: 0.638 s, svn: 0.599 s [96% endActivity (1x)] (6x), processed revs: [79, 79 (delay 0s)], write: true
2017-06-22 11:40:20,584 [ajp-nio-8889-exec-8 | u:admin] INFO  TXLOGGER  - Summary for 'WorkflowDataService.saveWorkflowDataByContext': Total: 0.638 s, transactions: 1, svn: 0.599 s [96% endActivity (1x)] (6x)
2017-06-22 11:40:27,207 [ajp-nio-8889-exec-8 | u:admin | uri:/polarion/wiki/bin/view/project/drivepilot/page/Home | wiki: view http://localhost/polarion/wiki/bin/view/project/drivepilot/page/Home] INFO  TXLOGGER  - Tx 57339b1710cc4_0_57339b1710cc4_0_: finished. Total: 0.195 s, svn: 0.172 s [100% info (24x)] (25x)
2017-06-22 11:40:27,229 [ajp-nio-8889-exec-8] INFO  TXLOGGER  - Summary for 'servlet /polarion/wiki/bin/view/project/drivepilot/page/Home': Total: 0.454 s, transactions: 4, Velocity: 0.365 s [100% evaluate in Wiki (1x)] (1x), svn: 0.2 s [100% info (28x)] (30x)
2017-06-22 11:40:27,413 [ajp-nio-8889-exec-3] INFO  TXLOGGER  - Summary for 'servlet /polarion/wiki/bin/download/project/drivepilot/page/_default/Home/project_logo.jpg': Total: 0.148 s, transactions: 0, svn: 0.0143 s [100% info (2x)] (2x)
2017-06-22 11:40:30,349 [ajp-nio-8889-exec-4 | u:admin] INFO  TXLOGGER  - Tx 57339b1a39cca_0_57339b1a39cca_0_: finished. Total: 0.102 s, RepositoryConfigService: 0.0793 s [58% getReadConfiguration (160x), 42% getExistingPrefixes (9x)] (178x), svn: 0.0461 s [60% info (3x), 40% getFile content (1x)] (5x)
2017-06-22 11:40:30,350 [ajp-nio-8889-exec-4 | u:admin] INFO  TXLOGGER  - Summary for 'WorkItemDataService.loadWorkitem': Total: 0.103 s, transactions: 1, RepositoryConfigService: 0.0793 s [58% getReadConfiguration (160x), 42% getExistingPrefixes (9x)] (178x), svn: 0.0461 s [60% info (3x), 40% getFile content (1x)] (5x)
2017-06-22 11:41:07,956 [ajp-nio-8889-exec-1 | u:admin] INFO  TXLOGGER  - Tx 57339b3d510cd_0_57339b3d510cd_0_: finished. Total: 1.78 s, svn: 1.67 s [96% endActivity (1x)] (14x), processed revs: [80, 80 (delay 1s)], write: true
2017-06-22 11:41:08,068 [ajp-nio-8889-exec-1 | u:admin] INFO  TXLOGGER  - Tx 57339b3f0d0cf_0_57339b3f0d0cf_0_: finished. Total: 0.112 s, resolve: 0.0646 s [99% WorkItem (1x)] (22x), svn: 0.0475 s [36% info (1x), 32% getFile content (1x), 29% getDir2 content (1x)] (5x), ObjectMaps: 0.0201 s [56% getPrimaryObjectLocations (10x), 37% getPrimaryObjectLocation (1x)] (14x), Lucene: 0.0105 s [100% search (4x)] (4x)
2017-06-22 11:41:08,070 [ajp-nio-8889-exec-1 | u:admin] INFO  TXLOGGER  - Summary for 'WorkItemDataService.saveWorkItem': Total: 1.89 s, transactions: 2, svn: 1.72 s [93% endActivity (1x)] (19x), resolve: 0.127 s [99% WorkItem (5x)] (33x)
2017-06-22 11:41:08,129 [Persistence Events Processing Thread | u:p] INFO  TXLOGGER  - Summary: Total: 0.173 s, transactions: 6, persistence listener: 0.173 s [51% WorkItemActivityCreator (1x), 49% notificationsCreatingListener (1x)] (7x), resolve: 0.145 s [86% WorkItem (5x)] (11x), svn: 0.112 s [43% getFile content (4x), 28% info (2x), 26% getDir2 content (2x)] (12x), ObjectMaps: 0.0294 s [72% getPrimaryObjectLocation (5x), 15% getPrimaryObjectProperty (4x)] (18x), Lucene: 0.0205 s [99% add (1x)] (3x)
2017-06-22 11:41:28,798 [ajp-nio-8889-exec-7 | u:admin] INFO  TXLOGGER  - Summary for 'DebugService.deObfuscateStackTrace': Total: 0.104 s, transactions: 0
