2017-06-23 11:31:49,187 [main | u:p] INFO  TXLOGGER  - Summary for 'Platform startup': transactions: 0, DB: 0.0508 s [58% query (13x), 40% update (126x)] (206x), svn: 0.0249 s [87% checkPath (1x)] (3x)
2017-06-23 11:31:49,443 [main | u:p] INFO  TXLOGGER  - Summary for 'Context recognition': transactions: 0, svn: 0.138 s [44% info (3x), 37% getDir2 content (2x)] (6x)
2017-06-23 11:31:50,699 [LowLevelDataService-contextInitializer-1 | u:p] INFO  TXLOGGER  - Summary: Total: 1.25 s, transactions: 0
2017-06-23 11:31:50,699 [LowLevelDataService-contextInitializer-5 | u:p] INFO  TXLOGGER  - Summary: Total: 1.25 s, transactions: 0, svn: 0.0704 s [98% log2 (5x)] (6x)
2017-06-23 11:31:50,699 [LowLevelDataService-contextInitializer-3 | u:p] INFO  TXLOGGER  - Summary: Total: 1.25 s, transactions: 0, ObjectMaps: 0.273 s [100% getAllPrimaryObjects (1x)] (7x), svn: 0.138 s [36% log (1x), 24% log2 (5x), 23% info (4x)] (15x)
2017-06-23 11:31:50,699 [LowLevelDataService-contextInitializer-2 | u:p] INFO  TXLOGGER  - Summary: Total: 1.25 s, transactions: 0, svn: 0.148 s [98% log2 (6x)] (8x)
2017-06-23 11:31:50,699 [LowLevelDataService-contextInitializer-4 | u:p] INFO  TXLOGGER  - Summary: Total: 1.25 s, transactions: 0, svn: 0.125 s [97% log2 (10x)] (12x), ObjectMaps: 0.0666 s [100% getAllPrimaryObjects (2x)] (14x)
2017-06-23 11:31:50,700 [main | u:p] INFO  TXLOGGER  - Summary for 'Context initialization': transactions: 0, svn: 0.541 s [79% log2 (31x), 9% log (1x)] (47x), ObjectMaps: 0.419 s [99% getAllPrimaryObjects (7x)] (55x)
2017-06-23 11:31:51,025 [main | u:p] INFO  TXLOGGER  - Summary for 'Revisions processing': transactions: 14, RepositoryConfigService: 0.212 s [100% getReadConfiguration (42x)] (42x), svn: 0.119 s [89% info (15x)] (32x)
2017-06-23 11:31:51,743 [main | u:p] INFO  TXLOGGER  - Summary for 'Build artifacts recognition': transactions: 40, svn: 0.572 s [85% info (78x)] (131x), RepositoryConfigService: 0.457 s [100% getReadConfiguration (48x)] (48x)
2017-06-23 11:31:52,295 [main | u:p] INFO  TXLOGGER  - Summary for 'Data indexing': transactions: 0, Lucene: 0.244 s [100% refresh (1x)] (1x), SubterraURITable: 0.0152 s [100% addIfNotExistsDB (1x)] (1x)
2017-06-23 11:32:27,881 [main] INFO  TXLOGGER  - Summary for 'Polarion startup': transactions: 1, svn: 0.326 s [74% info (47x), 13% getLatestRevision (12x)] (66x), RepositoryConfigService: 0.0268 s [100% getReadConfiguration (2x)] (2x)
2017-06-23 11:32:27,992 [Persistence Events Processing Thread | u:p] INFO  TXLOGGER  - Summary: Total: 0.108 s, transactions: 6, persistence listener: 0.108 s [93% notificationsCreatingListener (1x)] (7x)
2017-06-23 11:32:28,082 [Worker-0 | u:p | job: polarion.jobs.attachment.indexer] INFO  TXLOGGER  - Summary after AttachmentIndexer: transactions: 6, persistence listener: 0.108 s [93% notificationsCreatingListener (1x)] (7x), Lucene: 0.085 s [100% add (2x)] (2x), resolve: 0.041 s [94% User (2x)] (5x), ObjectMaps: 0.0123 s [100% getPrimaryObjectLocation (2x)] (2x)
2017-06-23 11:32:28,751 [PreLoadDataService | u:p] INFO  TXLOGGER  - Tx 5734e2da2c838_0_5734e2da2c838_0_: finished. Total: 0.86 s, svn: 0.492 s [60% getDir2 content (25x), 39% getFile content (15x)] (43x), resolve: 0.395 s [54% Category (8x), 46% TimePoint (5x)] (13x), ObjectMaps: 0.0589 s [50% getPrimaryObjectLocation (13x), 30% getPrimaryObjectProperty (13x), 21% getLastPromoted (13x)] (55x)
2017-06-23 11:32:29,395 [PreLoadDataService | u:p] INFO  TXLOGGER  - Tx 5734e2db46840_0_5734e2db46840_0_: finished. Total: 0.377 s, svn: 0.27 s [57% getFile content (13x), 43% info (10x)] (24x), RepositoryConfigService: 0.214 s [85% getReadConfiguration (72x)] (74x), resolve: 0.118 s [100% User (8x)] (8x), ObjectMaps: 0.0212 s [37% getPrimaryObjectLocation (7x), 33% getPrimaryObjectProperty (7x), 30% getLastPromoted (7x)] (29x)
2017-06-23 11:32:29,588 [PreLoadDataService | u:p] INFO  TXLOGGER  - Tx 5734e2dba5041_0_5734e2dba5041_0_: finished. Total: 0.192 s, RepositoryConfigService: 0.159 s [99% getReadConfiguration (55x)] (78x), svn: 0.133 s [100% getFile content (13x)] (14x)
2017-06-23 11:32:30,279 [ajp-nio-8889-exec-5 | u:admin] INFO  TXLOGGER  - Summary for 'PortalDataService.requestPortalSite': Total: 0.575 s, transactions: 10, RepositoryConfigService: 0.263 s [92% getReadConfiguration (18x)] (28x), svn: 0.247 s [65% info (12x), 26% getFile content (5x)] (29x)
2017-06-23 11:32:30,433 [DBHistoryCreator-1 | u:p] INFO  TXLOGGER  - Summary: Total: 2.31 s, transactions: 0
2017-06-23 11:32:30,434 [Worker-1 | u:p | job: polarion.jobs.db.history] INFO  TXLOGGER  - Summary after DBHistoryCreator: transactions: 10, RepositoryConfigService: 0.263 s [92% getReadConfiguration (18x)] (28x), svn: 0.261 s [62% info (12x), 29% getFile content (6x)] (32x), Lucene: 0.0288 s [100% add (1x)] (1x), resolve: 0.025 s [98% User (3x)] (7x)
2017-06-23 11:32:30,434 [Worker-1 | u:p] INFO  TXLOGGER  - Summary for 'job: polarion.jobs.db.history': Total: 2.36 s, transactions: 0, DB: 1.85 s [63% query (4125x), 23% update (4100x)] (20619x), SubterraURITable: 1.53 s [100% getDB (4099x)] (4099x)
2017-06-23 11:32:30,845 [PreLoadDataService | u:p] INFO  TXLOGGER  - Tx 5734e2dbd5042_0_5734e2dbd5042_0_: finished. Total: 1.26 s, svn: 1.16 s [51% getFile content (47x), 28% getDir2 content (16x), 21% info (26x)] (90x), RepositoryConfigService: 0.759 s [88% getReadConfiguration (164x)] (180x)
2017-06-23 11:32:31,620 [PreLoadDataService | u:p] INFO  TXLOGGER  - Tx 5734e2dd0f44d_0_5734e2dd0f44d_0_: finished. Total: 0.775 s, svn: 0.685 s [61% info (74x), 34% getFile content (35x)] (114x), RepositoryConfigService: 0.632 s [50% getReadConfiguration (295x), 50% getExistingPrefixes (30x)] (370x)
2017-06-23 11:32:32,287 [PreLoadDataService | u:p] INFO  TXLOGGER  - Tx 5734e2ddd104e_0_5734e2ddd104e_0_: finished. Total: 0.666 s, svn: 0.634 s [46% info (36x), 33% getFile content (21x), 21% getDir2 content (13x)] (71x), RepositoryConfigService: 0.364 s [64% getReadConfiguration (88x), 36% getExistingPrefixes (11x)] (110x)
2017-06-23 11:32:32,576 [PreLoadDataService | u:p] INFO  TXLOGGER  - Tx 5734e2de77c4f_0_5734e2de77c4f_0_: finished. Total: 0.289 s, svn: 0.278 s [66% info (35x), 17% getDir2 content (8x)] (52x), RepositoryConfigService: 0.121 s [50% getExistingPrefixes (9x), 50% getReadConfiguration (38x)] (54x)
2017-06-23 11:32:33,014 [PreLoadDataService | u:p] INFO  TXLOGGER  - Tx 5734e2dec0050_0_5734e2dec0050_0_: finished. Total: 0.439 s, svn: 0.404 s [40% info (34x), 39% getFile content (24x), 21% getDir2 content (9x)] (68x), RepositoryConfigService: 0.254 s [75% getReadConfiguration (87x), 25% getExistingPrefixes (11x)] (109x)
2017-06-23 11:32:33,015 [PreLoadDataService] INFO  TXLOGGER  - Summary for 'PreloadDataService': Total: 5.13 s, transactions: 9, svn: 4.17 s [43% getFile content (181x), 35% info (221x), 22% getDir2 content (77x)] (492x), RepositoryConfigService: 2.54 s [73% getReadConfiguration (801x), 26% getExistingPrefixes (79x)] (981x), resolve: 0.691 s [31% Category (8x), 26% TimePoint (5x), 26% Project (5x)] (26x)
2017-06-23 11:32:33,015 [PreLoadDataService] INFO  TXLOGGER  - Summary after preload: transactions: 9, svn: 4.17 s [42% getFile content (181x), 35% info (221x), 22% getDir2 content (77x)] (493x), RepositoryConfigService: 2.54 s [73% getReadConfiguration (801x), 26% getExistingPrefixes (79x)] (981x), DB: 1.85 s [63% query (4125x), 23% update (4100x)] (20619x), SubterraURITable: 1.53 s [100% getDB (4099x)] (4099x), resolve: 0.692 s [31% Category (8x), 26% TimePoint (5x), 26% Project (5x)] (27x)
