2017-06-23 10:06:38,770 [main | u:p] INFO  TXLOGGER  - Summary for 'Platform startup': transactions: 0, DB: 0.0404 s [49% update (126x), 49% query (13x)] (206x), svn: 0.026 s [88% checkPath (1x)] (3x)
2017-06-23 10:06:38,969 [main | u:p] INFO  TXLOGGER  - Summary for 'Context recognition': transactions: 0, svn: 0.0659 s [38% info (3x), 35% getDir2 content (2x), 27% getFile content (1x)] (6x)
2017-06-23 10:06:40,112 [LowLevelDataService-contextInitializer-1 | u:p] INFO  TXLOGGER  - Summary: Total: 1.14 s, transactions: 0
2017-06-23 10:06:40,113 [LowLevelDataService-contextInitializer-5 | u:p] INFO  TXLOGGER  - Summary: Total: 1.14 s, transactions: 0
2017-06-23 10:06:40,113 [LowLevelDataService-contextInitializer-2 | u:p] INFO  TXLOGGER  - Summary: Total: 1.14 s, transactions: 0, svn: 0.0998 s [97% log2 (6x)] (8x)
2017-06-23 10:06:40,113 [LowLevelDataService-contextInitializer-4 | u:p] INFO  TXLOGGER  - Summary: Total: 1.14 s, transactions: 0, svn: 0.179 s [53% log2 (10x), 17% log (1x), 16% info (4x)] (21x)
2017-06-23 10:06:40,113 [LowLevelDataService-contextInitializer-3 | u:p] INFO  TXLOGGER  - Summary: Total: 1.14 s, transactions: 0, ObjectMaps: 0.257 s [100% getAllPrimaryObjects (1x)] (7x)
2017-06-23 10:06:40,114 [main | u:p] INFO  TXLOGGER  - Summary for 'Context initialization': transactions: 0, ObjectMaps: 0.389 s [100% getAllPrimaryObjects (7x)] (55x), svn: 0.388 s [77% log2 (31x), 8% log (1x)] (47x)
2017-06-23 10:06:40,408 [main | u:p] INFO  TXLOGGER  - Summary for 'Revisions processing': transactions: 14, RepositoryConfigService: 0.179 s [100% getReadConfiguration (42x)] (42x), svn: 0.0842 s [90% info (15x)] (32x)
2017-06-23 10:06:41,035 [main | u:p] INFO  TXLOGGER  - Summary for 'Build artifacts recognition': transactions: 40, svn: 0.478 s [86% info (78x)] (131x), RepositoryConfigService: 0.412 s [100% getReadConfiguration (48x)] (48x)
2017-06-23 10:06:41,550 [main | u:p] INFO  TXLOGGER  - Summary for 'Data indexing': transactions: 0, Lucene: 0.213 s [100% refresh (1x)] (1x), SubterraURITable: 0.0142 s [100% addIfNotExistsDB (1x)] (1x), derivedLinkedRevisionsContributor: 0.0124 s [100% objectsToInv (1x)] (1x)
2017-06-23 10:07:16,032 [main] INFO  TXLOGGER  - Summary for 'Polarion startup': transactions: 1, svn: 0.264 s [76% info (47x), 13% getLatestRevision (12x)] (66x), RepositoryConfigService: 0.024 s [100% getReadConfiguration (2x)] (2x)
2017-06-23 10:07:16,144 [Persistence Events Processing Thread | u:p] INFO  TXLOGGER  - Summary: Total: 0.108 s, transactions: 6, persistence listener: 0.107 s [91% notificationsCreatingListener (1x)] (7x)
2017-06-23 10:07:16,223 [Worker-0 | u:p | job: polarion.jobs.attachment.indexer] INFO  TXLOGGER  - Summary after AttachmentIndexer: transactions: 6, persistence listener: 0.107 s [91% notificationsCreatingListener (1x)] (7x), Lucene: 0.104 s [100% add (2x)] (2x), resolve: 0.0338 s [90% User (2x)] (5x), ObjectMaps: 0.0088 s [100% getPrimaryObjectLocation (2x)] (2x)
2017-06-23 10:07:16,776 [PreLoadDataService | u:p] INFO  TXLOGGER  - Tx 5734cf5a22438_0_5734cf5a22438_0_: finished. Total: 0.735 s, svn: 0.406 s [64% getDir2 content (25x), 36% getFile content (15x)] (43x), resolve: 0.314 s [57% TimePoint (5x), 43% Category (8x)] (13x), ObjectMaps: 0.0545 s [51% getPrimaryObjectLocation (13x), 29% getPrimaryObjectProperty (13x)] (55x)
2017-06-23 10:07:17,212 [PreLoadDataService | u:p] INFO  TXLOGGER  - Tx 5734cf5b08040_0_5734cf5b08040_0_: finished. Total: 0.251 s, svn: 0.157 s [63% getFile content (14x), 37% info (10x)] (25x), RepositoryConfigService: 0.117 s [77% getReadConfiguration (72x), 23% getReadUserConfiguration (2x)] (74x), resolve: 0.102 s [100% User (8x)] (8x), ObjectMaps: 0.0245 s [48% getPrimaryObjectLocation (8x), 26% getPrimaryObjectProperty (8x), 26% getLastPromoted (8x)] (33x)
2017-06-23 10:07:17,356 [PreLoadDataService | u:p] INFO  TXLOGGER  - Tx 5734cf5b47441_0_5734cf5b47441_0_: finished. Total: 0.144 s, RepositoryConfigService: 0.116 s [98% getReadConfiguration (55x)] (78x), svn: 0.093 s [100% getFile content (13x)] (14x)
2017-06-23 10:07:17,752 [DBHistoryCreator-1 | u:p] INFO  TXLOGGER  - Summary: Total: 1.54 s, transactions: 0
2017-06-23 10:07:17,752 [Worker-1 | u:p | job: polarion.jobs.db.history] INFO  TXLOGGER  - Summary after DBHistoryCreator: transactions: 0, Lucene: 0.0355 s [100% add (1x)] (1x)
2017-06-23 10:07:17,753 [Worker-1 | u:p] INFO  TXLOGGER  - Summary for 'job: polarion.jobs.db.history': Total: 1.54 s, transactions: 0, SubterraURITable: 1.25 s [100% getDB (4086x)] (4086x), DB: 1.18 s [51% query (4112x), 30% update (4087x)] (20546x)
2017-06-23 10:07:18,132 [PreLoadDataService | u:p] INFO  TXLOGGER  - Tx 5734cf5b6b042_0_5734cf5b6b042_0_: finished. Total: 0.775 s, svn: 0.696 s [67% getFile content (47x), 33% getDir2 content (17x)] (65x), RepositoryConfigService: 0.524 s [100% getReadConfiguration (164x)] (180x)
2017-06-23 10:07:18,410 [PreLoadDataService | u:p] INFO  TXLOGGER  - Tx 5734cf5c2d043_0_5734cf5c2d043_0_: finished. Total: 0.278 s, svn: 0.228 s [82% getFile content (35x)] (42x), RepositoryConfigService: 0.225 s [99% getReadConfiguration (295x)] (370x)
2017-06-23 10:07:18,687 [PreLoadDataService | u:p] INFO  TXLOGGER  - Tx 5734cf5c72844_0_5734cf5c72844_0_: finished. Total: 0.276 s, svn: 0.243 s [54% getFile content (21x), 46% getDir2 content (17x)] (39x), RepositoryConfigService: 0.16 s [99% getReadConfiguration (88x)] (110x)
2017-06-23 10:07:19,001 [PreLoadDataService | u:p] INFO  TXLOGGER  - Tx 5734cf5ccf046_0_5734cf5ccf046_0_: finished. Total: 0.22 s, svn: 0.201 s [57% getFile content (24x), 43% getDir2 content (12x)] (37x), RepositoryConfigService: 0.13 s [99% getReadConfiguration (87x)] (109x)
2017-06-23 10:07:19,001 [PreLoadDataService] INFO  TXLOGGER  - Summary for 'PreloadDataService': Total: 2.96 s, transactions: 9, svn: 2.18 s [59% getFile content (182x), 36% getDir2 content (90x)] (301x), RepositoryConfigService: 1.34 s [97% getReadConfiguration (801x)] (981x), resolve: 0.535 s [34% TimePoint (5x), 25% Category (8x), 22% Project (5x)] (26x)
2017-06-23 10:07:19,002 [PreLoadDataService] INFO  TXLOGGER  - Summary after preload: transactions: 9, svn: 2.18 s [59% getFile content (182x), 36% getDir2 content (90x)] (301x), RepositoryConfigService: 1.34 s [97% getReadConfiguration (801x)] (981x), SubterraURITable: 1.25 s [100% getDB (4086x)] (4086x), DB: 1.18 s [51% query (4112x), 30% update (4087x)] (20546x), resolve: 0.536 s [34% TimePoint (5x), 25% Category (8x), 22% Project (5x)] (27x)
2017-06-23 10:08:28,347 [ajp-nio-8889-exec-1 | u:admin] INFO  TXLOGGER  - Summary for 'PortalDataService.getInitData': Total: 0.214 s, transactions: 3, RepositoryConfigService: 0.0147 s [100% getReadConfiguration (8x)] (13x)
2017-06-23 10:08:28,801 [ajp-nio-8889-exec-3 | u:admin] INFO  TXLOGGER  - Summary for 'PortalDataService.requestPortalSite': Total: 0.182 s, transactions: 7, RepositoryConfigService: 0.0561 s [80% getReadConfiguration (18x), 20% getReadUserConfiguration (2x)] (26x), svn: 0.0517 s [54% info (4x), 36% getFile content (4x)] (16x)
2017-06-23 10:09:07,484 [ajp-nio-8889-exec-10 | u:admin | uri:/polarion/wiki/bin/view/project/elibrary/page/Home | wiki: view http://localhost/polarion/wiki/bin/view/project/elibrary/page/Home] INFO  TXLOGGER  - Tx 5734cfc6c5c58_0_5734cfc6c5c58_0_: finished. Total: 0.196 s, svn: 0.15 s [64% info (16x), 24% getFile content (4x)] (24x), resolve: 0.131 s [99% WikiPage (8x)] (14x), ObjectMaps: 0.0104 s [34% getPrimaryObjectLocation (8x), 23% getLastPromoted (4x), 22% getLocalIdsForLocation (4x), 21% getPrimaryObjectProperty (4x)] (24x)
2017-06-23 10:09:07,515 [ajp-nio-8889-exec-10] INFO  TXLOGGER  - Summary for 'servlet /polarion/wiki/bin/view/project/elibrary/page/Home': Total: 1.45 s, transactions: 5, Velocity: 1.1 s [100% evaluate in Wiki (1x)] (1x), svn: 0.784 s [70% info (104x), 16% getFile content (17x)] (143x), resolve: 0.163 s [99% WikiPage (25x)] (35x)
2017-06-23 10:09:07,707 [ajp-nio-8889-exec-5] INFO  TXLOGGER  - Summary for 'servlet /polarion/wiki/bin/download/project/elibrary/page/_default/Home/library.png': Total: 0.159 s, transactions: 0, svn: 0.0141 s [100% info (2x)] (2x)
2017-06-23 10:09:10,351 [ajp-nio-8889-exec-8 | u:admin] INFO  TXLOGGER  - Tx 5734cfc8ed85f_0_5734cfc8ed85f_0_: finished. Total: 0.856 s, svn: 0.198 s [53% getFile content (12x), 30% info (8x)] (26x), resolve: 0.149 s [64% WorkItem (5x), 36% TestRun (1x)] (13x), RepositoryConfigService: 0.121 s [91% getReadConfiguration (191x)] (224x)
2017-06-23 10:09:10,473 [ajp-nio-8889-exec-8 | u:admin] INFO  TXLOGGER  - Summary for 'WorkItemDataService.loadWorkitem': Total: 0.978 s, transactions: 1, svn: 0.198 s [53% getFile content (12x), 30% info (8x)] (26x), resolve: 0.149 s [64% WorkItem (5x), 36% TestRun (1x)] (13x), RepositoryConfigService: 0.121 s [91% getReadConfiguration (191x)] (224x)
2017-06-23 10:09:10,607 [ajp-nio-8889-exec-7 | u:admin] INFO  TXLOGGER  - Tx 5734cfc8ed860_0_5734cfc8ed860_0_: finished. Total: 1.11 s, resolve: 0.942 s [71% WorkItem (14x), 22% Module (16x)] (37x), svn: 0.798 s [44% info (50x), 27% getFile content (24x), 27% getDir2 content (24x)] (102x)
2017-06-23 10:09:10,635 [ajp-nio-8889-exec-7 | u:admin] INFO  TXLOGGER  - Summary for 'WorkItemDataService.loadInstances': Total: 1.14 s, transactions: 1, resolve: 0.942 s [71% WorkItem (14x), 22% Module (16x)] (37x), svn: 0.798 s [44% info (50x), 27% getFile content (24x), 27% getDir2 content (24x)] (102x)
2017-06-23 10:09:12,116 [ajp-nio-8889-exec-5 | u:admin] INFO  TXLOGGER  - Tx 5734cfcb3a86b_0_5734cfcb3a86b_0_: finished. Total: 0.265 s, RepositoryConfigService: 0.107 s [91% getReadConfiguration (171x)] (195x), svn: 0.0791 s [65% getFile content (9x), 34% info (5x)] (16x), resolve: 0.0589 s [97% Plan (7x)] (27x), ObjectEnum Plan: 0.0584 s [100% available (2x)] (2x)
2017-06-23 10:09:12,145 [ajp-nio-8889-exec-5 | u:admin] INFO  TXLOGGER  - Summary for 'WorkItemDataService.loadWorkitem': Total: 0.294 s, transactions: 1, RepositoryConfigService: 0.107 s [91% getReadConfiguration (171x)] (195x), svn: 0.0791 s [65% getFile content (9x), 34% info (5x)] (16x), resolve: 0.0589 s [97% Plan (7x)] (27x), ObjectEnum Plan: 0.0584 s [100% available (2x)] (2x)
2017-06-23 10:09:30,990 [ajp-nio-8889-exec-3 | u:admin] INFO  TXLOGGER  - Tx 5734cfdc3846c_0_5734cfdc3846c_0_: finished. Total: 1.74 s, svn: 1.42 s [98% endActivity (1x)] (9x), Lucene: 0.217 s [90% refresh (1x)] (2x), processed revs: [130, 130 (delay 1s)], write: true
2017-06-23 10:09:31,082 [ajp-nio-8889-exec-3 | u:admin] INFO  TXLOGGER  - Summary for 'WorkItemDataService.saveWorkItem': Total: 1.84 s, transactions: 2, svn: 1.42 s [98% endActivity (1x)] (9x), Lucene: 0.227 s [86% refresh (1x)] (3x)
2017-06-23 10:09:31,230 [Persistence Events Processing Thread | u:p] INFO  TXLOGGER  - Tx 5734cfddeb86d_0_5734cfddeb86d_0_: finished. Total: 0.239 s, resolve: 0.117 s [80% WorkItem (9x), 20% User (7x)] (16x), svn: 0.0971 s [53% getFile content (6x), 25% info (2x), 22% getDir2 content (2x)] (11x), ObjectMaps: 0.0173 s [58% getPrimaryObjectLocation (5x), 27% getLastPromoted (5x)] (20x)
2017-06-23 10:09:31,289 [Persistence Events Processing Thread | u:p] INFO  TXLOGGER  - Summary: Total: 0.298 s, transactions: 6, persistence listener: 0.298 s [80% notificationsCreatingListener (1x)] (7x), resolve: 0.142 s [83% WorkItem (12x)] (21x), svn: 0.119 s [49% getFile content (7x), 26% info (3x), 24% getDir2 content (3x)] (16x), Lucene: 0.0207 s [99% add (1x)] (3x), ObjectMaps: 0.0203 s [59% getPrimaryObjectLocation (6x), 26% getLastPromoted (6x)] (24x)
2017-06-23 10:09:38,205 [ajp-nio-8889-exec-4 | u:admin] INFO  TXLOGGER  - Tx 5734cfe44487c_0_5734cfe44487c_0_: finished. Total: 0.715 s, svn: 0.593 s [92% endActivity (1x)] (9x), resolve: 0.0617 s [98% WorkItem (3x)] (12x), Lucene: 0.0616 s [61% refresh (1x), 33% add (1x)] (3x), processed revs: [131, 131 (delay 0s)], write: true
2017-06-23 10:09:38,268 [ajp-nio-8889-exec-4 | u:admin] INFO  TXLOGGER  - Summary for 'WorkItemDataService.saveWorkItem': Total: 0.779 s, transactions: 2, svn: 0.593 s [92% endActivity (1x)] (9x), Lucene: 0.0688 s [55% refresh (1x), 30% add (1x)] (4x), resolve: 0.0638 s [96% WorkItem (9x)] (42x)
2017-06-23 10:09:38,367 [Persistence Events Processing Thread | u:p] INFO  TXLOGGER  - Tx 5734cfe4f747d_0_5734cfe4f747d_0_: finished. Total: 0.162 s, resolve: 0.153 s [63% WorkItem (9x), 37% User (7x)] (16x), svn: 0.0989 s [53% getFile content (4x), 25% getDir2 content (2x), 22% info (2x)] (9x), ObjectMaps: 0.0252 s [47% getPrimaryObjectProperty (4x), 34% getPrimaryObjectLocation (4x)] (16x)
2017-06-23 10:09:38,424 [Persistence Events Processing Thread | u:p] INFO  TXLOGGER  - Summary: Total: 0.219 s, transactions: 6, persistence listener: 0.219 s [74% notificationsCreatingListener (1x), 26% WorkItemActivityCreator (1x)] (7x), resolve: 0.183 s [69% WorkItem (12x), 31% User (8x)] (21x), svn: 0.124 s [50% getFile content (5x), 26% getDir2 content (3x), 23% info (3x)] (14x), ObjectMaps: 0.0294 s [42% getPrimaryObjectProperty (5x), 38% getPrimaryObjectLocation (5x)] (20x), Lucene: 0.0212 s [100% add (1x)] (1x)
