2017-06-26 13:38:09,586 [main | u:p] INFO  TXLOGGER  - Summary for 'Platform startup': transactions: 0, DB: 0.053 s [58% query (13x), 41% update (126x)] (206x), svn: 0.0262 s [88% checkPath (1x)] (3x)
2017-06-26 13:38:09,879 [main | u:p] INFO  TXLOGGER  - Summary for 'Context recognition': transactions: 0, svn: 0.154 s [44% info (3x), 37% getDir2 content (2x)] (6x)
2017-06-26 13:38:11,275 [LowLevelDataService-contextInitializer-2 | u:p] INFO  TXLOGGER  - Summary: Total: 1.39 s, transactions: 0, svn: 0.187 s [94% log2 (11x)] (14x)
2017-06-26 13:38:11,275 [LowLevelDataService-contextInitializer-3 | u:p] INFO  TXLOGGER  - Summary: Total: 1.39 s, transactions: 0, ObjectMaps: 0.262 s [100% getAllPrimaryObjects (1x)] (7x)
2017-06-26 13:38:11,275 [LowLevelDataService-contextInitializer-5 | u:p] INFO  TXLOGGER  - Summary: Total: 1.39 s, transactions: 0, svn: 0.0778 s [98% log2 (5x)] (6x)
2017-06-26 13:38:11,275 [LowLevelDataService-contextInitializer-4 | u:p] INFO  TXLOGGER  - Summary: Total: 1.39 s, transactions: 0, svn: 0.189 s [98% log2 (10x)] (12x)
2017-06-26 13:38:11,275 [LowLevelDataService-contextInitializer-1 | u:p] INFO  TXLOGGER  - Summary: Total: 1.39 s, transactions: 0, svn: 0.26 s [35% log (1x), 25% log2 (5x), 22% info (5x)] (17x)
2017-06-26 13:38:11,276 [main | u:p] INFO  TXLOGGER  - Summary for 'Context initialization': transactions: 0, svn: 0.758 s [72% log2 (36x), 12% log (1x)] (55x), ObjectMaps: 0.405 s [99% getAllPrimaryObjects (8x)] (62x)
2017-06-26 13:38:11,611 [main | u:p] INFO  TXLOGGER  - Summary for 'Revisions processing': transactions: 16, RepositoryConfigService: 0.233 s [100% getReadConfiguration (48x)] (48x), svn: 0.138 s [91% info (17x)] (36x)
2017-06-26 13:38:12,495 [main | u:p] INFO  TXLOGGER  - Summary for 'Build artifacts recognition': transactions: 45, svn: 0.686 s [87% info (87x)] (145x), RepositoryConfigService: 0.552 s [100% getReadConfiguration (90x)] (90x)
2017-06-26 13:38:13,206 [main | u:p] INFO  TXLOGGER  - Summary for 'Data indexing': transactions: 0, Lucene: 0.294 s [100% refresh (2x)] (2x), DB: 0.0418 s [68% update (42x), 14% execute (13x)] (114x), SubterraURITable: 0.0235 s [100% addIfNotExistsDB (19x)] (19x)
2017-06-26 13:38:48,081 [main] INFO  TXLOGGER  - Summary for 'Polarion startup': transactions: 1, svn: 0.361 s [83% info (48x)] (67x), RepositoryConfigService: 0.0406 s [100% getReadConfiguration (2x)] (2x)
2017-06-26 13:38:48,276 [Worker-0 | u:p | job: polarion.jobs.attachment.indexer] INFO  TXLOGGER  - Summary after AttachmentIndexer: transactions: 0, Lucene: 0.099 s [100% add (2x)] (2x), resolve: 0.0324 s [100% User (2x)] (2x), ObjectMaps: 0.0111 s [100% getPrimaryObjectLocation (2x)] (2x)
2017-06-26 13:38:48,465 [Persistence Events Processing Thread | u:p] INFO  TXLOGGER  - Tx 5738dc89cf045_0_5738dc89cf045_0_: finished. Total: 0.276 s, Lucene: 0.108 s [75% search (1x), 25% add (1x)] (2x)
2017-06-26 13:38:48,465 [Persistence Events Processing Thread | u:p] INFO  TXLOGGER  - Summary: Total: 0.381 s, transactions: 6, persistence listener: 0.38 s [73% RevisionActivityCreator (2x), 26% notificationsCreatingListener (1x)] (7x), Lucene: 0.108 s [75% search (1x), 25% add (1x)] (2x)
2017-06-26 13:38:48,495 [PreLoadDataService | u:p] INFO  TXLOGGER  - Tx 5738dc89b683f_0_5738dc89b683f_0_: finished. Total: 0.405 s, svn: 0.358 s [96% getDir2 content (25x)] (28x), RepositoryConfigService: 0.0242 s [100% getReadConfiguration (2x)] (2x)
2017-06-26 13:38:48,799 [PreLoadDataService | u:p] INFO  TXLOGGER  - Tx 5738dc8a2cc77_0_5738dc8a2cc77_0_: finished. Total: 0.235 s, RepositoryConfigService: 0.177 s [84% getReadConfiguration (90x)] (92x), svn: 0.154 s [62% info (12x), 38% getFile content (7x)] (20x), EHCache: 0.0242 s [74% get (54x), 26% put (18x)] (72x)
2017-06-26 13:38:48,968 [PreLoadDataService | u:p] INFO  TXLOGGER  - Tx 5738dc8a67c78_0_5738dc8a67c78_0_: finished. Total: 0.169 s, RepositoryConfigService: 0.147 s [99% getReadConfiguration (55x)] (78x), svn: 0.127 s [100% getFile content (13x)] (14x)
2017-06-26 13:38:49,996 [PreLoadDataService | u:p] INFO  TXLOGGER  - Tx 5738dc8a92079_0_5738dc8a92079_0_: finished. Total: 1.03 s, svn: 0.936 s [68% getFile content (47x), 32% getDir2 content (17x)] (65x), RepositoryConfigService: 0.708 s [100% getReadConfiguration (164x)] (180x)
2017-06-26 13:38:50,204 [DBHistoryCreator-2 | u:p] INFO  TXLOGGER  - Summary: Total: 1.85 s, transactions: 0
2017-06-26 13:38:50,204 [DBHistoryCreator-1 | u:p] INFO  TXLOGGER  - Summary: Total: 1.85 s, transactions: 0
2017-06-26 13:38:50,204 [Worker-1 | u:p | job: polarion.jobs.db.history] INFO  TXLOGGER  - Summary after DBHistoryCreator: transactions: 54, persistence listener: 0.383 s [73% RevisionActivityCreator (18x), 26% notificationsCreatingListener (9x)] (63x), Lucene: 0.136 s [60% search (1x), 40% add (2x)] (3x)
2017-06-26 13:38:50,204 [Worker-1 | u:p] INFO  TXLOGGER  - Summary for 'job: polarion.jobs.db.history': Total: 1.94 s, transactions: 0, DB: 1.48 s [62% query (4202x), 23% update (4177x)] (21048x), SubterraURITable: 1.21 s [100% getDB (4176x)] (4176x)
2017-06-26 13:38:50,361 [PreLoadDataService | u:p] INFO  TXLOGGER  - Tx 5738dc8b9347a_0_5738dc8b9347a_0_: finished. Total: 0.364 s, RepositoryConfigService: 0.31 s [99% getReadConfiguration (308x)] (386x), svn: 0.273 s [85% getFile content (37x)] (44x)
2017-06-26 13:38:50,706 [PreLoadDataService | u:p] INFO  TXLOGGER  - Tx 5738dc8bee47b_0_5738dc8bee47b_0_: finished. Total: 0.345 s, svn: 0.3 s [83% getFile content (34x)] (41x), RepositoryConfigService: 0.289 s [99% getReadConfiguration (295x)] (353x)
2017-06-26 13:38:51,111 [PreLoadDataService | u:p] INFO  TXLOGGER  - Tx 5738dc8c4487c_0_5738dc8c4487c_0_: finished. Total: 0.405 s, svn: 0.377 s [56% getFile content (21x), 44% getDir2 content (17x)] (39x), RepositoryConfigService: 0.236 s [100% getReadConfiguration (88x)] (110x)
2017-06-26 13:38:51,236 [PreLoadDataService | u:p] INFO  TXLOGGER  - Tx 5738dc8ca9c7d_0_5738dc8ca9c7d_0_: finished. Total: 0.125 s, svn: 0.117 s [59% getDir2 content (11x), 41% getFile content (8x)] (20x), RepositoryConfigService: 0.0536 s [99% getReadConfiguration (38x)] (54x)
2017-06-26 13:38:51,517 [PreLoadDataService | u:p] INFO  TXLOGGER  - Tx 5738dc8cc907e_0_5738dc8cc907e_0_: finished. Total: 0.28 s, svn: 0.262 s [59% getFile content (24x), 41% getDir2 content (12x)] (37x), RepositoryConfigService: 0.168 s [100% getReadConfiguration (87x)] (109x)
2017-06-26 13:38:51,517 [PreLoadDataService] INFO  TXLOGGER  - Summary for 'PreloadDataService': Total: 3.43 s, transactions: 10, svn: 2.92 s [59% getFile content (193x), 37% getDir2 content (96x)] (312x), RepositoryConfigService: 2.11 s [98% getReadConfiguration (1127x)] (1364x)
2017-06-26 13:38:51,518 [PreLoadDataService] INFO  TXLOGGER  - Summary after preload: transactions: 10, svn: 2.92 s [59% getFile content (193x), 37% getDir2 content (96x)] (312x), RepositoryConfigService: 2.11 s [98% getReadConfiguration (1127x)] (1364x), DB: 1.48 s [62% query (4202x), 23% update (4177x)] (21048x), SubterraURITable: 1.21 s [100% getDB (4176x)] (4176x)
2017-06-26 13:39:30,186 [ajp-nio-8889-exec-5 | u:admin] INFO  TXLOGGER  - Tx 5738dcb24847f_0_5738dcb24847f_0_: finished. Total: 0.552 s, RepositoryConfigService: 0.208 s [89% getReadConfiguration (215x)] (239x), svn: 0.119 s [70% getFile content (10x), 25% info (5x)] (17x), Lucene: 0.0285 s [100% search (9x)] (9x)
2017-06-26 13:39:30,293 [ajp-nio-8889-exec-5 | u:admin] INFO  TXLOGGER  - Summary for 'WorkItemDataService.loadWorkitem': Total: 0.66 s, transactions: 1, RepositoryConfigService: 0.208 s [89% getReadConfiguration (215x)] (239x), svn: 0.119 s [70% getFile content (10x), 25% info (5x)] (17x)
2017-06-26 13:39:38,816 [ajp-nio-8889-exec-1 | u:admin] INFO  TXLOGGER  - Summary for 'PortalDataService.requestPortalSite': Total: 0.188 s, transactions: 9, svn: 0.0804 s [51% info (5x), 39% getFile content (4x)] (19x), RepositoryConfigService: 0.0786 s [80% getReadConfiguration (26x)] (50x)
2017-06-26 13:39:39,098 [ajp-nio-8889-exec-3 | u:admin] INFO  TXLOGGER  - Tx 5738dcbb6c88e_0_5738dcbb6c88e_0_: finished. Total: 0.102 s, RepositoryConfigService: 0.0944 s [100% getReadUserConfiguration (1x)] (2x), svn: 0.0733 s [100% info (1x)] (2x)
2017-06-26 13:39:39,108 [ajp-nio-8889-exec-3 | u:admin] INFO  TXLOGGER  - Summary for 'WorkItemDataService.getDataForTableCustomization': Total: 0.113 s, transactions: 1, RepositoryConfigService: 0.0944 s [100% getReadUserConfiguration (1x)] (2x), svn: 0.0733 s [100% info (1x)] (2x)
2017-06-26 13:39:39,108 [ajp-nio-8889-exec-2 | u:admin] INFO  TXLOGGER  - Tx 5738dcbb6d88f_0_5738dcbb6d88f_0_: finished. Total: 0.109 s, RepositoryConfigService: 0.106 s [100% getReadUserConfiguration (1x)] (2x), svn: 0.0108 s [100% info (1x)] (2x)
2017-06-26 13:39:39,109 [ajp-nio-8889-exec-2 | u:admin] INFO  TXLOGGER  - Summary for 'WorkItemDataService.getDataForTableCustomization': Total: 0.11 s, transactions: 1, RepositoryConfigService: 0.106 s [100% getReadUserConfiguration (1x)] (2x), svn: 0.0108 s [100% info (1x)] (2x)
2017-06-26 13:39:40,312 [ajp-nio-8889-exec-9 | u:admin] INFO  TXLOGGER  - Tx 5738dcbc5e89d_0_5738dcbc5e89d_0_: finished. Total: 0.349 s, resolve: 0.181 s [100% WorkItem (2x)] (9x), svn: 0.169 s [71% getFile content (5x), 18% info (3x)] (12x), RepositoryConfigService: 0.111 s [85% getReadConfiguration (164x)] (185x)
2017-06-26 13:39:40,349 [ajp-nio-8889-exec-9 | u:admin] INFO  TXLOGGER  - Summary for 'WorkItemDataService.loadWorkitem': Total: 0.387 s, transactions: 1, resolve: 0.181 s [100% WorkItem (2x)] (9x), svn: 0.169 s [71% getFile content (5x), 18% info (3x)] (12x), RepositoryConfigService: 0.111 s [85% getReadConfiguration (164x)] (185x)
2017-06-26 13:39:41,254 [ajp-nio-8889-exec-4 | u:admin] INFO  TXLOGGER  - Tx 5738dcbc5d89c_0_5738dcbc5d89c_0_: finished. Total: 1.3 s, resolve: 1.2 s [86% WorkItem (14x)] (25x), svn: 0.991 s [34% info (28x), 31% getDir2 content (19x), 29% getFile content (17x)] (78x), ObjectMaps: 0.0818 s [44% getLastPromoted (17x), 42% getPrimaryObjectProperty (15x)] (75x)
2017-06-26 13:39:41,284 [ajp-nio-8889-exec-4 | u:admin] INFO  TXLOGGER  - Summary for 'WorkItemDataService.loadInstances': Total: 1.33 s, transactions: 1, resolve: 1.2 s [86% WorkItem (14x)] (25x), svn: 0.991 s [34% info (28x), 31% getDir2 content (19x), 29% getFile content (17x)] (78x), ObjectMaps: 0.0818 s [44% getLastPromoted (17x), 42% getPrimaryObjectProperty (15x)] (75x)
2017-06-26 13:41:28,069 [ajp-nio-8889-exec-3 | u:admin | uri:/polarion/wiki/bin/view/page/Home | wiki: view http://localhost/polarion/wiki/bin/view/page/Home] INFO  TXLOGGER  - Tx 5738dd25d80b8_0_5738dd25d80b8_0_: finished. Total: 0.102 s
2017-06-26 13:41:28,120 [ajp-nio-8889-exec-3] INFO  TXLOGGER  - Summary for 'servlet /polarion/wiki/bin/view/page/Home': Total: 1.03 s, transactions: 2, Velocity: 0.473 s [100% evaluate in Wiki (1x)] (1x), svn: 0.408 s [62% info (52x), 22% getFile properties (18x)] (82x)
2017-06-26 13:41:28,386 [ajp-nio-8889-exec-10] INFO  TXLOGGER  - Summary for 'servlet /polarion/wiki/bin/download/page/_default/Home/TimeIsShort.png': Total: 0.227 s, transactions: 0, svn: 0.0168 s [100% info (2x)] (2x)
2017-06-26 13:41:28,427 [ajp-nio-8889-exec-9] INFO  TXLOGGER  - Summary for 'servlet /polarion/wiki/bin/download/page/_default/Home/ProjectElibrary.png': Total: 0.267 s, transactions: 0, svn: 0.0373 s [100% info (2x)] (2x)
2017-06-26 13:41:28,427 [ajp-nio-8889-exec-6] INFO  TXLOGGER  - Summary for 'servlet /polarion/wiki/bin/download/page/_default/Home/ProjectDrivePilot.png': Total: 0.267 s, transactions: 0, svn: 0.0417 s [100% info (2x)] (2x)
2017-06-26 13:41:28,427 [ajp-nio-8889-exec-2] INFO  TXLOGGER  - Summary for 'servlet /polarion/wiki/bin/download/page/_default/Home/IveGotTime.png': Total: 0.267 s, transactions: 0, svn: 0.0403 s [100% info (2x)] (2x)
2017-06-26 13:41:28,619 [ajp-nio-8889-exec-1] INFO  TXLOGGER  - Summary for 'servlet /polarion/wiki/bin/download/page/_default/Home/CreateNewProject.png': Total: 0.247 s, transactions: 0, svn: 0.0307 s [100% info (2x)] (2x)
2017-06-26 13:41:28,627 [ajp-nio-8889-exec-8] INFO  TXLOGGER  - Summary for 'servlet /polarion/wiki/bin/download/page/_default/Home/VideoPortal.png': Total: 0.222 s, transactions: 0, svn: 0.0423 s [100% info (2x)] (2x)
2017-06-26 13:41:28,633 [ajp-nio-8889-exec-7] INFO  TXLOGGER  - Summary for 'servlet /polarion/wiki/bin/download/page/_default/Home/TutorialVideos.png': Total: 0.255 s, transactions: 0, svn: 0.0323 s [100% info (2x)] (2x)
2017-06-26 13:41:28,646 [ajp-nio-8889-exec-3] INFO  TXLOGGER  - Summary for 'servlet /polarion/wiki/bin/download/page/_default/Home/VideoLiveDocs.png': Total: 0.203 s, transactions: 0
2017-06-26 13:41:28,651 [ajp-nio-8889-exec-4] INFO  TXLOGGER  - Summary for 'servlet /polarion/wiki/bin/download/page/_default/Home/WatchAll.png': Total: 0.208 s, transactions: 0, svn: 0.0137 s [100% info (2x)] (2x)
2017-06-26 13:41:31,789 [ajp-nio-8889-exec-2 | u:admin | uri:/polarion/wiki/bin/view/project/drivepilot/page/Home | wiki: view http://localhost/polarion/wiki/bin/view/project/drivepilot/page/Home] INFO  TXLOGGER  - Tx 5738dd29250bd_0_5738dd29250bd_0_: finished. Total: 0.441 s, svn: 0.332 s [91% info (36x)] (43x), resolve: 0.184 s [98% WikiPage (24x)] (38x)
2017-06-26 13:41:31,813 [ajp-nio-8889-exec-2] INFO  TXLOGGER  - Summary for 'servlet /polarion/wiki/bin/view/project/drivepilot/page/Home': Total: 1.51 s, transactions: 5, Velocity: 1.22 s [100% evaluate in Wiki (1x)] (1x), svn: 1.08 s [83% info (130x)] (158x), resolve: 0.226 s [98% WikiPage (41x)] (58x)
2017-06-26 13:41:31,952 [ajp-nio-8889-exec-3] INFO  TXLOGGER  - Summary for 'servlet /polarion/wiki/bin/download/project/drivepilot/page/_default/Home/project_logo.jpg': Total: 0.123 s, transactions: 0, svn: 0.012 s [100% info (2x)] (2x)
2017-06-26 13:41:48,880 [ajp-nio-8889-exec-1 | u:admin] INFO  TXLOGGER  - Tx 5738dd3a234c6_0_5738dd3a234c6_0_: finished. Total: 0.131 s, svn: 0.0864 s [80% getDir2 content (2x), 20% info (5x)] (9x)
2017-06-26 13:41:48,888 [ajp-nio-8889-exec-1 | u:admin] INFO  TXLOGGER  - Summary for 'EnumerationDataService.loadEnumDataByContext': Total: 0.155 s, transactions: 1, svn: 0.0864 s [80% getDir2 content (2x), 20% info (5x)] (9x)
2017-06-26 13:42:43,178 [ajp-nio-8889-exec-1 | u:admin] INFO  TXLOGGER  - Tx 5738dd6e9e8c9_0_5738dd6e9e8c9_0_: finished. Total: 0.689 s, svn: 0.631 s [96% endActivity (1x)] (7x), processed revs: [189, 189 (delay 0s)], write: true
2017-06-26 13:42:43,179 [ajp-nio-8889-exec-1 | u:admin] INFO  TXLOGGER  - Summary for 'WorkflowDataService.saveWorkflowDataByContext': Total: 0.691 s, transactions: 1, svn: 0.631 s [96% endActivity (1x)] (7x)
2017-06-26 13:43:19,707 [PullingJob-default] INFO  TXLOGGER  - Summary for 'PullingJob': Total: 0.402 s, transactions: 0, svn: 0.4 s [100% log2 (40x)] (41x), processed revs: [190]
2017-06-26 13:43:20,388 [ajp-nio-8889-exec-2 | u:admin] INFO  TXLOGGER  - Tx 5738dd91f34d2_0_5738dd91f34d2_0_: finished. Total: 1.72 s, svn: 1.68 s [96% endActivity (1x)] (8x), processed revs: [190, 190 (delay 1s)], write: true
2017-06-26 13:43:20,389 [ajp-nio-8889-exec-2 | u:admin] INFO  TXLOGGER  - Summary for 'WorkflowDataService.saveWorkflowDataByContext': Total: 1.72 s, transactions: 1, svn: 1.68 s [96% endActivity (1x)] (8x)
2017-06-26 13:43:21,468 [Persistence Events Processing Thread | u:p] INFO  TXLOGGER  - Tx 5738dd93a20d8_0_5738dd93a20d8_0_: finished. Total: 1.08 s, Lucene: 1.06 s [100% add (1x)] (2x)
2017-06-26 13:43:21,468 [Persistence Events Processing Thread | u:p] INFO  TXLOGGER  - Summary: Total: 1.08 s, transactions: 6, persistence listener: 1.08 s [100% RevisionActivityCreator (2x)] (7x), Lucene: 1.06 s [100% add (1x)] (2x)
2017-06-26 13:43:37,406 [ajp-nio-8889-exec-7 | u:admin] INFO  TXLOGGER  - Tx 5738dda4254da_0_5738dda4254da_0_: finished. Total: 0.105 s, svn: 0.0857 s [81% getDir2 content (2x)] (8x)
2017-06-26 13:43:37,414 [ajp-nio-8889-exec-7 | u:admin] INFO  TXLOGGER  - Summary for 'EnumerationDataService.loadCustomFieldDataAndTypes': Total: 0.125 s, transactions: 1, svn: 0.0857 s [81% getDir2 content (2x)] (8x)
2017-06-26 13:44:09,616 [ajp-nio-8889-exec-1 | u:admin] INFO  TXLOGGER  - Tx 5738ddc2198db_0_5738ddc2198db_0_: finished. Total: 1.64 s, svn: 1.6 s [99% endActivity (1x)] (5x), processed revs: [191, 191 (delay 1s)], write: true
2017-06-26 13:44:09,616 [ajp-nio-8889-exec-1 | u:admin] INFO  TXLOGGER  - Summary for 'EnumerationDataService.saveCustomFieldsDataByContext': Total: 1.64 s, transactions: 1, svn: 1.6 s [99% endActivity (1x)] (5x)
2017-06-26 13:48:17,954 [ajp-nio-8889-exec-9 | u:admin] INFO  TXLOGGER  - Tx 5738deb58ccee_0_5738deb58ccee_0_: finished. Total: 0.688 s, svn: 0.645 s [98% endActivity (1x)] (7x), processed revs: [192, 192 (delay 0s)], write: true
2017-06-26 13:48:17,955 [ajp-nio-8889-exec-9 | u:admin] INFO  TXLOGGER  - Summary for 'WorkflowDataService.saveWorkflowDataByContext': Total: 0.688 s, transactions: 1, svn: 0.645 s [98% endActivity (1x)] (7x)
2017-06-26 13:48:23,592 [ajp-nio-8889-exec-8 | u:admin | i:NEW_CAPA/_default/modules/_default/Home] INFO  TXLOGGER  - Tx 5738debb850f8_0_5738debb850f8_0_: finished. Total: 0.213 s, svn: 0.013 s [56% info (2x), 44% getFile content (1x)] (4x)
2017-06-26 13:48:23,627 [ajp-nio-8889-exec-8 | u:admin] INFO  TXLOGGER  - Summary for 'RpeModel.initialize': Total: 0.247 s, transactions: 1, svn: 0.013 s [56% info (2x), 44% getFile content (1x)] (4x)
2017-06-26 13:48:24,189 [ajp-nio-8889-exec-1 | u:admin | i:NEW_CAPA/_default/Home e:polarion_client1] INFO  TXLOGGER  - Tx 5738debc29cfa_0_5738debc29cfa_0_: finished. Total: 0.151 s
2017-06-26 13:48:24,190 [ajp-nio-8889-exec-1 | u:admin] INFO  TXLOGGER  - Summary for 'RenderingRequest.initialize': Total: 0.151 s, transactions: 1
2017-06-26 13:48:48,921 [ajp-nio-8889-exec-7 | u:admin] INFO  TXLOGGER  - Tx 5738ded298115_0_5738ded298115_0_: finished. Total: 1.91 s, Lucene: 1.06 s [100% add (2x)] (4x), svn: 0.654 s [95% endActivity (1x)] (15x), processed revs: [193, 193 (delay 1s)], write: true
2017-06-26 13:48:49,006 [ajp-nio-8889-exec-7 | u:admin] INFO  TXLOGGER  - Summary for 'WorkItemDataService.saveWorkItem': Total: 2 s, transactions: 2, Lucene: 1.06 s [99% add (2x)] (9x), svn: 0.677 s [92% endActivity (1x)] (20x)
2017-06-26 13:48:49,048 [Persistence Events Processing Thread | u:p] INFO  TXLOGGER  - Tx 5738ded476516_0_5738ded476516_0_: finished. Total: 0.127 s, resolve: 0.0464 s [66% WorkItem (2x), 34% User (2x)] (4x), svn: 0.0386 s [59% getFile content (3x), 21% getDir2 content (1x)] (6x), ObjectMaps: 0.012 s [48% getLastPromoted (2x), 37% getPrimaryObjectLocation (2x)] (8x), RepositoryConfigService: 0.0102 s [100% getReadConfiguration (9x)] (10x)
2017-06-26 13:48:49,189 [Persistence Events Processing Thread | u:p] INFO  TXLOGGER  - Tx 5738ded496118_0_5738ded496118_0_: finished. Total: 0.14 s, RepositoryConfigService: 0.083 s [100% getReadConfiguration (12x)] (13x), svn: 0.0258 s [57% getFile content (2x), 19% getDir2 content (1x), 18% info (1x)] (6x), Lucene: 0.0234 s [100% add (1x)] (1x), resolve: 0.022 s [100% WorkItem (3x)] (5x)
2017-06-26 13:48:49,189 [Persistence Events Processing Thread | u:p] INFO  TXLOGGER  - Summary: Total: 0.268 s, transactions: 6, persistence listener: 0.268 s [52% WorkItemActivityCreator (1x), 47% notificationsCreatingListener (1x)] (7x), RepositoryConfigService: 0.0932 s [100% getReadConfiguration (21x)] (23x), resolve: 0.0683 s [77% WorkItem (5x), 23% User (3x)] (9x), svn: 0.0645 s [58% getFile content (5x), 20% getDir2 content (2x), 19% info (2x)] (12x), Lucene: 0.0234 s [100% add (1x)] (1x), ObjectMaps: 0.0154 s [44% getPrimaryObjectLocation (3x), 41% getLastPromoted (3x)] (12x)
2017-06-26 13:49:19,099 [ajp-nio-8889-exec-8 | u:admin] INFO  TXLOGGER  - Summary for 'DebugService.deObfuscateStackTrace': Total: 0.11 s, transactions: 0
2017-06-26 13:50:46,111 [ajp-nio-8889-exec-1 | u:admin] INFO  TXLOGGER  - Tx 5738df4275d33_0_5738df4275d33_0_: finished. Total: 4.55 s, svn: 4.51 s [100% endActivity (1x)] (8x), processed revs: [194, 194 (delay 4s)], write: true
2017-06-26 13:50:46,155 [ajp-nio-8889-exec-1 | u:admin] INFO  TXLOGGER  - Summary for 'UserDataService.saveUser': Total: 4.6 s, transactions: 2, svn: 4.53 s [99% endActivity (1x)] (13x)
2017-06-26 13:50:59,473 [ajp-nio-8889-exec-4 | u:admin] INFO  TXLOGGER  - Tx 5738df5342d4b_0_5738df5342d4b_0_: finished. Total: 0.71 s, svn: 0.579 s [96% endActivity (1x)] (9x), Lucene: 0.0548 s [54% refresh (1x), 39% add (1x)] (3x), processed revs: [195, 195 (delay 0s)], write: true
2017-06-26 13:50:59,510 [ajp-nio-8889-exec-4 | u:admin] INFO  TXLOGGER  - Summary for 'WorkItemDataService.saveWorkItem': Total: 0.747 s, transactions: 2, svn: 0.579 s [96% endActivity (1x)] (9x), Lucene: 0.0618 s [48% refresh (1x), 35% add (1x)] (4x)
2017-06-26 13:50:59,584 [Persistence Events Processing Thread | u:p] INFO  TXLOGGER  - Tx 5738df53f454c_0_5738df53f454c_0_: finished. Total: 0.111 s, resolve: 0.0873 s [75% WorkItem (9x), 25% User (8x)] (17x), svn: 0.0566 s [48% getFile content (3x), 28% getDir2 content (2x), 25% info (2x)] (8x), ObjectMaps: 0.026 s [57% getPrimaryObjectLocation (3x), 35% getLastPromoted (3x)] (12x)
2017-06-26 13:50:59,665 [Persistence Events Processing Thread | u:p] INFO  TXLOGGER  - Summary: Total: 0.192 s, transactions: 6, persistence listener: 0.192 s [58% notificationsCreatingListener (1x), 42% WorkItemActivityCreator (1x)] (7x), resolve: 0.136 s [84% WorkItem (12x)] (23x), svn: 0.101 s [58% getFile content (4x), 21% getDir2 content (3x), 19% info (3x)] (13x), ObjectMaps: 0.0301 s [56% getPrimaryObjectLocation (4x), 33% getLastPromoted (4x)] (17x), Lucene: 0.0205 s [100% add (1x)] (1x)
2017-06-26 13:51:34,573 [PullingJob-default] INFO  TXLOGGER  - Summary for 'PullingJob': Total: 0.104 s, transactions: 0, svn: 0.104 s [99% log2 (1x)] (2x), processed revs: [196]
2017-06-26 13:51:34,676 [ajp-nio-8889-exec-6 | u:admin] INFO  TXLOGGER  - Tx 5738df748cd5b_0_5738df748cd5b_0_: finished. Total: 1.83 s, svn: 1.63 s [98% endActivity (1x)] (9x), processed revs: [196, 196 (delay 0s)], write: true
2017-06-26 13:51:34,709 [ajp-nio-8889-exec-6 | u:admin] INFO  TXLOGGER  - Summary for 'WorkItemDataService.saveWorkItem': Total: 1.86 s, transactions: 2, svn: 1.63 s [98% endActivity (1x)] (9x)
2017-06-26 13:51:34,792 [Persistence Events Processing Thread | u:p] INFO  TXLOGGER  - Tx 5738df7654d5c_0_5738df7654d5c_0_: finished. Total: 0.116 s, resolve: 0.108 s [65% WorkItem (8x), 35% User (7x)] (15x), svn: 0.0618 s [43% getFile content (3x), 28% getDir2 content (2x), 28% info (2x)] (8x), ObjectMaps: 0.0412 s [58% getPrimaryObjectProperty (3x), 21% getLastPromoted (3x), 21% getPrimaryObjectLocation (3x)] (12x)
2017-06-26 13:51:34,888 [Persistence Events Processing Thread | u:p] INFO  TXLOGGER  - Summary: Total: 0.211 s, transactions: 6, persistence listener: 0.211 s [55% notificationsCreatingListener (1x), 45% WorkItemActivityCreator (1x)] (7x), resolve: 0.169 s [78% WorkItem (11x), 22% User (8x)] (20x), svn: 0.0912 s [41% getFile content (4x), 29% info (3x), 28% getDir2 content (3x)] (13x), ObjectMaps: 0.0727 s [50% getLastPromoted (4x), 34% getPrimaryObjectProperty (4x)] (16x), Lucene: 0.027 s [100% add (1x)] (1x)
2017-06-26 13:51:53,018 [ajp-nio-8889-exec-10 | u:admin] INFO  TXLOGGER  - Tx 5738df878d56b_0_5738df878d56b_0_: finished. Total: 0.708 s, svn: 0.596 s [94% endActivity (1x)] (9x), Lucene: 0.0691 s [66% refresh (1x), 27% add (1x)] (3x), processed revs: [197, 197 (delay 0s)], write: true
2017-06-26 13:51:53,049 [ajp-nio-8889-exec-10 | u:admin] INFO  TXLOGGER  - Summary for 'WorkItemDataService.saveWorkItem': Total: 0.74 s, transactions: 2, svn: 0.596 s [94% endActivity (1x)] (9x), Lucene: 0.0754 s [60% refresh (1x), 25% add (1x)] (4x)
2017-06-26 13:51:53,119 [Persistence Events Processing Thread | u:p] INFO  TXLOGGER  - Tx 5738df883e56c_0_5738df883e56c_0_: finished. Total: 0.101 s, resolve: 0.0956 s [79% WorkItem (8x), 21% User (7x)] (15x), svn: 0.0604 s [42% getFile content (3x), 32% getDir2 content (2x), 26% info (2x)] (8x), ObjectMaps: 0.0303 s [58% getPrimaryObjectLocation (3x), 22% getPrimaryObjectProperty (3x)] (12x)
2017-06-26 13:51:53,173 [Persistence Events Processing Thread | u:p] INFO  TXLOGGER  - Summary: Total: 0.155 s, transactions: 6, persistence listener: 0.155 s [65% notificationsCreatingListener (1x), 35% WorkItemActivityCreator (1x)] (7x), resolve: 0.124 s [84% WorkItem (11x)] (20x), svn: 0.0849 s [40% getFile content (4x), 31% getDir2 content (3x), 28% info (3x)] (13x), ObjectMaps: 0.0338 s [59% getPrimaryObjectLocation (4x), 22% getPrimaryObjectProperty (4x)] (16x), Lucene: 0.021 s [100% add (1x)] (1x)
2017-06-26 13:52:31,789 [ajp-nio-8889-exec-2 | u:admin | i:NEW_CAPA/_default/Home e:polarion_client1] INFO  TXLOGGER  - Tx 5738dfadfbd83_0_5738dfadfbd83_0_: finished. Total: 0.125 s, svn: 0.0532 s [74% info (2x), 14% getFile content (1x)] (5x), resolve: 0.0249 s [96% WorkItem (11x)] (22x), permissions: 0.0241 s [100% readInstance (21x)] (21x)
2017-06-26 13:52:31,790 [ajp-nio-8889-exec-2 | u:admin] INFO  TXLOGGER  - Summary for 'RenderingRequest.initialize': Total: 0.126 s, transactions: 1, svn: 0.0532 s [74% info (2x), 14% getFile content (1x)] (5x), resolve: 0.0249 s [96% WorkItem (11x)] (22x), permissions: 0.0241 s [100% readInstance (21x)] (21x)
2017-06-26 13:52:55,453 [ajp-nio-8889-exec-1 | u:admin] INFO  TXLOGGER  - Tx 5738dfc48898b_0_5738dfc48898b_0_: finished. Total: 0.698 s, svn: 0.59 s [93% endActivity (1x)] (9x), Lucene: 0.0673 s [69% refresh (1x), 24% add (1x)] (3x), resolve: 0.0424 s [99% WorkItem (2x)] (9x), processed revs: [198, 198 (delay 0s)], write: true
2017-06-26 13:52:55,483 [ajp-nio-8889-exec-1 | u:admin] INFO  TXLOGGER  - Summary for 'WorkItemDataService.saveWorkItem': Total: 0.729 s, transactions: 2, svn: 0.59 s [93% endActivity (1x)] (9x), Lucene: 0.0738 s [63% refresh (1x), 22% add (1x)] (4x), resolve: 0.0434 s [99% WorkItem (6x)] (27x)
2017-06-26 13:52:55,566 [Persistence Events Processing Thread | u:p] INFO  TXLOGGER  - Summary: Total: 0.114 s, transactions: 6, persistence listener: 0.114 s [52% notificationsCreatingListener (1x), 48% WorkItemActivityCreator (1x)] (7x), resolve: 0.084 s [83% WorkItem (11x)] (20x), svn: 0.0683 s [38% getFile content (3x), 32% getDir2 content (2x), 27% info (2x)] (10x), Lucene: 0.0189 s [100% add (1x)] (1x), ObjectMaps: 0.0125 s [44% getLastPromoted (3x), 42% getPrimaryObjectLocation (3x)] (12x)
2017-06-26 13:53:29,507 [ajp-nio-8889-exec-9 | u:admin] INFO  TXLOGGER  - Tx 5738dfe40cda8_0_5738dfe40cda8_0_: finished. Total: 2.48 s, svn: 2.39 s [99% endActivity (1x)] (9x), processed revs: [199, 199 (delay 2s)], write: true
2017-06-26 13:53:29,545 [ajp-nio-8889-exec-9 | u:admin] INFO  TXLOGGER  - Summary for 'WorkItemDataService.saveWorkItem': Total: 2.52 s, transactions: 2, svn: 2.39 s [99% endActivity (1x)] (9x)
2017-06-26 13:53:29,629 [Persistence Events Processing Thread | u:p] INFO  TXLOGGER  - Tx 5738dfe678da9_0_5738dfe678da9_0_: finished. Total: 0.121 s, resolve: 0.117 s [80% WorkItem (7x)] (13x), svn: 0.0787 s [42% getFile content (3x), 33% getDir2 content (2x), 25% info (2x)] (8x), ObjectMaps: 0.034 s [66% getLastPromoted (3x), 20% getPrimaryObjectLocation (3x)] (12x)
2017-06-26 13:53:29,685 [Persistence Events Processing Thread | u:p] INFO  TXLOGGER  - Summary: Total: 0.178 s, transactions: 6, persistence listener: 0.178 s [68% notificationsCreatingListener (1x), 32% WorkItemActivityCreator (1x)] (7x), resolve: 0.149 s [84% WorkItem (10x)] (19x), svn: 0.107 s [41% getFile content (4x), 31% getDir2 content (3x), 26% info (3x)] (13x), ObjectMaps: 0.0389 s [59% getLastPromoted (4x), 23% getPrimaryObjectLocation (4x)] (17x), Lucene: 0.0191 s [100% add (1x)] (1x)
2017-06-26 13:53:36,216 [ajp-nio-8889-exec-1 | u:admin] INFO  TXLOGGER  - Tx 5738dfec521b8_0_5738dfec521b8_0_: finished. Total: 0.72 s, svn: 0.619 s [95% endActivity (1x)] (9x), Lucene: 0.0582 s [46% add (1x), 44% refresh (1x)] (3x), processed revs: [200, 200 (delay 0s)], write: true
2017-06-26 13:53:36,249 [ajp-nio-8889-exec-1 | u:admin] INFO  TXLOGGER  - Summary for 'WorkItemDataService.saveWorkItem': Total: 0.754 s, transactions: 2, svn: 0.619 s [95% endActivity (1x)] (9x), Lucene: 0.0719 s [37% add (1x), 36% refresh (1x), 27% search (2x)] (4x)
2017-06-26 13:53:36,348 [Persistence Events Processing Thread | u:p] INFO  TXLOGGER  - Tx 5738dfed061b9_0_5738dfed061b9_0_: finished. Total: 0.132 s, resolve: 0.128 s [91% WorkItem (8x)] (15x), svn: 0.0842 s [41% getFile content (3x), 38% info (2x), 21% getDir2 content (2x)] (8x), ObjectMaps: 0.0227 s [36% getPrimaryObjectLocation (3x), 33% getPrimaryObjectProperty (3x), 31% getLastPromoted (3x)] (12x)
2017-06-26 13:53:36,404 [Persistence Events Processing Thread | u:p] INFO  TXLOGGER  - Summary: Total: 0.188 s, transactions: 6, persistence listener: 0.188 s [70% notificationsCreatingListener (1x), 30% WorkItemActivityCreator (1x)] (7x), resolve: 0.161 s [93% WorkItem (11x)] (20x), svn: 0.114 s [39% getFile content (4x), 36% info (3x), 24% getDir2 content (3x)] (13x), ObjectMaps: 0.0257 s [39% getPrimaryObjectLocation (4x), 32% getPrimaryObjectProperty (4x), 29% getLastPromoted (4x)] (16x), Lucene: 0.0184 s [100% add (1x)] (1x)
2017-06-26 13:54:02,010 [ajp-nio-8889-exec-8 | u:admin] INFO  TXLOGGER  - Tx 5738e005809c8_0_5738e005809c8_0_: finished. Total: 0.728 s, svn: 0.609 s [94% endActivity (1x)] (9x), Lucene: 0.0516 s [50% refresh (1x), 38% add (1x)] (3x), processed revs: [201, 201 (delay 0s)], write: true
2017-06-26 13:54:02,043 [ajp-nio-8889-exec-8 | u:admin] INFO  TXLOGGER  - Summary for 'WorkItemDataService.saveWorkItem': Total: 0.762 s, transactions: 2, svn: 0.609 s [94% endActivity (1x)] (9x), Lucene: 0.0576 s [45% refresh (1x), 34% add (1x), 21% search (2x)] (4x)
2017-06-26 13:54:02,125 [Persistence Events Processing Thread | u:p] INFO  TXLOGGER  - Tx 5738e006369c9_0_5738e006369c9_0_: finished. Total: 0.115 s, resolve: 0.11 s [89% WorkItem (8x)] (15x), svn: 0.0796 s [39% getFile content (3x), 33% info (2x), 28% getDir2 content (2x)] (8x), ObjectMaps: 0.0258 s [52% getPrimaryObjectProperty (3x), 29% getPrimaryObjectLocation (3x)] (12x)
2017-06-26 13:54:02,190 [Persistence Events Processing Thread | u:p] INFO  TXLOGGER  - Summary: Total: 0.18 s, transactions: 6, persistence listener: 0.18 s [64% notificationsCreatingListener (1x), 36% WorkItemActivityCreator (1x)] (7x), resolve: 0.143 s [91% WorkItem (11x)] (20x), svn: 0.109 s [40% getFile content (4x), 31% info (3x), 28% getDir2 content (3x)] (13x), ObjectMaps: 0.0295 s [48% getPrimaryObjectProperty (4x), 33% getPrimaryObjectLocation (4x)] (16x), Lucene: 0.0264 s [100% add (1x)] (1x)
2017-06-26 13:56:25,205 [ajp-nio-8889-exec-10 | u:admin] INFO  TXLOGGER  - Tx 5738e091671f4_0_5738e091671f4_0_: finished. Total: 0.666 s, svn: 0.575 s [94% endActivity (1x)] (9x), Lucene: 0.0452 s [57% refresh (1x), 36% add (1x)] (3x), resolve: 0.0338 s [99% WorkItem (2x)] (7x), processed revs: [202, 202 (delay 0s)], write: true
2017-06-26 13:56:25,242 [ajp-nio-8889-exec-10 | u:admin] INFO  TXLOGGER  - Summary for 'WorkItemDataService.saveWorkItem': Total: 0.702 s, transactions: 2, svn: 0.575 s [94% endActivity (1x)] (9x), Lucene: 0.0525 s [49% refresh (1x), 31% add (1x)] (4x)
2017-06-26 13:56:25,383 [Persistence Events Processing Thread | u:p] INFO  TXLOGGER  - Tx 5738e0920d5f5_0_5738e0920d5f5_0_: finished. Total: 0.178 s, resolve: 0.172 s [75% WorkItem (9x), 25% User (3x)] (12x), svn: 0.0977 s [48% getFile content (3x), 28% info (2x), 24% getDir2 content (2x)] (8x), ObjectMaps: 0.016 s [47% getLastPromoted (3x), 44% getPrimaryObjectLocation (3x)] (12x)
2017-06-26 13:56:25,444 [Persistence Events Processing Thread | u:p] INFO  TXLOGGER  - Summary: Total: 0.238 s, transactions: 6, persistence listener: 0.238 s [75% notificationsCreatingListener (1x), 25% WorkItemActivityCreator (1x)] (7x), resolve: 0.209 s [80% WorkItem (12x), 20% User (4x)] (17x), svn: 0.13 s [44% getFile content (4x), 30% info (3x), 25% getDir2 content (3x)] (13x), ObjectMaps: 0.0202 s [48% getPrimaryObjectLocation (4x), 41% getLastPromoted (4x)] (16x), Lucene: 0.0188 s [99% add (1x)] (3x)
2017-06-26 13:56:49,379 [ajp-nio-8889-exec-1 | u:admin] INFO  TXLOGGER  - Tx 5738e0a7f0205_0_5738e0a7f0205_0_: finished. Total: 1.76 s, svn: 1.65 s [97% endActivity (1x)] (14x), processed revs: [203, 203 (delay 1s)], write: true
2017-06-26 13:56:49,499 [Persistence Events Processing Thread | u:p] INFO  TXLOGGER  - Tx 5738e0a9a8a06_0_5738e0a9a8a06_0_: finished. Total: 0.121 s, resolve: 0.117 s [86% WorkItem (2x)] (6x), svn: 0.0646 s [47% getFile content (2x), 30% getDir2 content (1x), 21% info (1x)] (6x), ObjectMaps: 0.0275 s [48% getLastPromoted (3x), 36% getPrimaryObjectLocation (3x)] (10x)
2017-06-26 13:56:49,532 [ajp-nio-8889-exec-1 | u:admin] INFO  TXLOGGER  - Tx 5738e0a9a8e07_0_5738e0a9a8e07_0_: finished. Total: 0.153 s, resolve: 0.108 s [100% WorkItem (1x)] (15x), svn: 0.0761 s [56% getDir2 content (1x), 24% getFile content (1x), 19% info (1x)] (5x), ObjectMaps: 0.0246 s [61% getPrimaryObjectLocations (10x), 32% getPrimaryObjectLocation (1x)] (14x), Lucene: 0.0102 s [100% search (4x)] (4x)
2017-06-26 13:56:49,533 [ajp-nio-8889-exec-1 | u:admin] INFO  TXLOGGER  - Summary for 'WorkItemDataService.saveWorkItem': Total: 1.92 s, transactions: 2, svn: 1.72 s [93% endActivity (1x)] (19x), resolve: 0.142 s [100% WorkItem (5x)] (26x)
2017-06-26 13:56:49,561 [Persistence Events Processing Thread | u:p] INFO  TXLOGGER  - Summary: Total: 0.183 s, transactions: 6, persistence listener: 0.183 s [66% notificationsCreatingListener (1x), 34% WorkItemActivityCreator (1x)] (7x), resolve: 0.157 s [89% WorkItem (5x)] (11x), svn: 0.102 s [41% getFile content (3x), 31% getDir2 content (2x), 25% info (2x)] (11x), ObjectMaps: 0.0296 s [47% getLastPromoted (4x), 35% getPrimaryObjectLocation (4x)] (14x), Lucene: 0.0178 s [99% add (1x)] (3x)
2017-06-26 13:57:00,416 [ajp-nio-8889-exec-9 | u:admin] INFO  TXLOGGER  - Tx 5738e0b3ace15_0_5738e0b3ace15_0_: finished. Total: 0.781 s, svn: 0.673 s [92% endActivity (1x)] (9x), Lucene: 0.0558 s [70% refresh (1x), 30% add (1x)] (2x), processed revs: [204, 204 (delay 0s)], write: true
2017-06-26 13:57:00,445 [ajp-nio-8889-exec-9 | u:admin] INFO  TXLOGGER  - Summary for 'WorkItemDataService.saveWorkItem': Total: 0.81 s, transactions: 2, svn: 0.673 s [92% endActivity (1x)] (9x), Lucene: 0.0631 s [62% refresh (1x), 27% add (1x)] (3x)
2017-06-26 13:57:00,545 [Persistence Events Processing Thread | u:p] INFO  TXLOGGER  - Tx 5738e0b470216_0_5738e0b470216_0_: finished. Total: 0.127 s, resolve: 0.122 s [84% WorkItem (8x)] (15x), svn: 0.0909 s [42% getFile content (3x), 33% getDir2 content (2x), 25% info (2x)] (8x), ObjectMaps: 0.0271 s [43% getPrimaryObjectLocation (3x), 34% getPrimaryObjectProperty (3x), 24% getLastPromoted (3x)] (12x)
2017-06-26 13:57:00,606 [Persistence Events Processing Thread | u:p] INFO  TXLOGGER  - Summary: Total: 0.189 s, transactions: 6, persistence listener: 0.189 s [67% notificationsCreatingListener (1x), 33% WorkItemActivityCreator (1x)] (7x), resolve: 0.16 s [88% WorkItem (11x)] (20x), svn: 0.126 s [40% getFile content (4x), 33% getDir2 content (3x), 27% info (3x)] (13x), ObjectMaps: 0.0298 s [41% getPrimaryObjectLocation (4x), 37% getPrimaryObjectProperty (4x), 22% getLastPromoted (4x)] (16x), Lucene: 0.0185 s [100% add (1x)] (1x)
2017-06-26 14:00:01,242 [Worker-1 | u:p] INFO  TXLOGGER  - Summary for 'job: update.plan.refresh.index': Total: 0.931 s, transactions: 6, resolve: 0.758 s [100% WorkItem (15x)] (167x), svn: 0.659 s [37% info (23x), 32% getDir2 content (17x), 32% getFile content (17x)] (64x), Lucene: 0.1 s [91% refresh (1x)] (17x), RepositoryConfigService: 0.0609 s [73% getExistingPrefixes (30x), 27% getReadConfiguration (305x)] (335x), calculatedFieldsContributor: 0.057 s [100% fields (15x)] (17x)
2017-06-26 14:00:01,270 [Worker-0 | u:p] INFO  TXLOGGER  - Summary for 'job: update.plan': Total: 1.21 s, transactions: 8, RepositoryConfigService: 0.0841 s [84% getReadConfiguration (613x)] (634x), svn: 0.0774 s [84% getFile content (4x)] (13x)
