2017-06-22 18:26:43,294 [main] INFO  com.polarion.platform.startup  - ****************************************************************
2017-06-22 18:26:43,294 [main] INFO  com.polarion.platform.startup  -                 Polarion starting, please wait!                 
2017-06-22 18:26:43,294 [main] INFO  com.polarion.platform.startup  - ****************************************************************
2017-06-22 18:26:43,294 [main] INFO  com.polarion.platform.startup  - Server start mode: normal
2017-06-22 18:26:43,294 [main] INFO  com.polarion.platform.startup  - ------------------------------
2017-06-22 18:26:43,295 [main] INFO  com.polarion.platform.startup  - Platform startup (Phase: 1/9)
2017-06-22 18:26:47,795 [main] INFO  com.polarion.platform.startup  - Opening historical database...
2017-06-22 18:26:47,957 [main] INFO  com.polarion.platform.startup  - Opening of historical database finished [ TIME 0.163 s. ]
2017-06-22 18:26:47,957 [main] INFO  com.polarion.platform.startup  - Opening head database...
2017-06-22 18:26:48,030 [main] INFO  com.polarion.platform.startup  - Opening of head database finished [ TIME 0.0724 s. ]
2017-06-22 18:26:48,241 [main | u:p] INFO  com.polarion.platform.startup  -  -- Polarion startup estimation:  [ TIME 52 s. ]
2017-06-22 18:26:48,377 [main | u:p] INFO  com.polarion.platform.startup  - Platform startup ... took  [ TIME 5.09 s. ]
2017-06-22 18:26:48,542 [main | u:p] INFO  com.polarion.platform.startup  - ------------------------------
2017-06-22 18:26:48,542 [main | u:p] INFO  com.polarion.platform.startup  - Context recognition (Phase: 2/9)
2017-06-22 18:26:48,583 [main | u:p] INFO  com.polarion.platform.startup  - Context recognition ... took  [ TIME 0.21 s. ]
2017-06-22 18:26:48,583 [main | u:p] INFO  com.polarion.platform.startup  - ------------------------------
2017-06-22 18:26:48,584 [main | u:p] INFO  com.polarion.platform.startup  - Context initialization (Phase: 3/9)
2017-06-22 18:26:48,587 [LowLevelDataService-contextInitializer-1 | u:p | context: [GLOBAL]] INFO  com.polarion.platform.startup  -  -- Initializing context: [GLOBAL] (1/8)
2017-06-22 18:26:48,587 [LowLevelDataService-contextInitializer-2 | u:p | cluster: default] INFO  com.polarion.platform.startup  -  -- Initializing cluster: default (2/8)
2017-06-22 18:26:48,587 [LowLevelDataService-contextInitializer-4 | u:p | context: --Demo Projects] INFO  com.polarion.platform.startup  -  -- Initializing context: --Demo Projects (4/8)
2017-06-22 18:26:48,587 [LowLevelDataService-contextInitializer-5 | u:p | context: library] INFO  com.polarion.platform.startup  -  -- Initializing context: library (5/8)
2017-06-22 18:26:48,587 [LowLevelDataService-contextInitializer-3 | u:p | context: MyPolarion] INFO  com.polarion.platform.startup  -  -- Initializing context: MyPolarion (3/8)
2017-06-22 18:26:48,592 [LowLevelDataService-contextInitializer-1 | u:p | context: CAPA] INFO  com.polarion.platform.startup  -  -- Initializing context: CAPA (6/8)
2017-06-22 18:26:48,690 [LowLevelDataService-contextInitializer-2 | u:p | context: elibrary] INFO  com.polarion.platform.startup  -  -- Initializing context: elibrary (7/8)
2017-06-22 18:26:48,814 [LowLevelDataService-contextInitializer-1 | u:p | context: drivepilot] INFO  com.polarion.platform.startup  -  -- Initializing context: drivepilot (8/8)
2017-06-22 18:26:49,825 [main | u:p] INFO  com.polarion.platform.startup  - Context initialization ... took  [ TIME 1.24 s. ]
2017-06-22 18:26:49,836 [main | u:p] INFO  com.polarion.platform.startup  - ------------------------------
2017-06-22 18:26:49,836 [main | u:p] INFO  com.polarion.platform.startup  - Revisions processing (Phase: 4/9)
2017-06-22 18:26:50,148 [main | u:p] INFO  com.polarion.platform.startup  -  -- Processing new revisions from repository default in context ContextId[context [global]]
2017-06-22 18:26:50,158 [main | u:p] INFO  com.polarion.platform.startup  - Revisions processing ... took  [ TIME 0.33 s. ]
2017-06-22 18:26:50,217 [main | u:p] INFO  com.polarion.platform.startup  - ------------------------------
2017-06-22 18:26:50,218 [main | u:p] INFO  com.polarion.platform.startup  - Build artifacts recognition (Phase: 5/9)
2017-06-22 18:26:50,229 [main | u:p] INFO  com.polarion.platform.startup  -  -- Processing build artifacts from context: [GLOBAL] (1/8)
2017-06-22 18:26:50,383 [main | u:p] INFO  com.polarion.platform.startup  -  -- Processing build artifacts from cluster: default (2/8)
2017-06-22 18:26:50,460 [main | u:p] INFO  com.polarion.platform.startup  -  -- Processing build artifacts from context: MyPolarion (3/8)
2017-06-22 18:26:50,521 [main | u:p] INFO  com.polarion.platform.startup  -  -- Processing build artifacts from context: --Demo Projects (4/8)
2017-06-22 18:26:50,580 [main | u:p] INFO  com.polarion.platform.startup  -  -- Processing build artifacts from context: library (5/8)
2017-06-22 18:26:50,645 [main | u:p] INFO  com.polarion.platform.startup  -  -- Processing build artifacts from context: CAPA (6/8)
2017-06-22 18:26:50,797 [main | u:p] INFO  com.polarion.platform.startup  -  -- Processing build artifacts from context: elibrary (7/8)
2017-06-22 18:26:50,966 [main | u:p] INFO  com.polarion.platform.startup  -  -- Processing build artifacts from context: drivepilot (8/8)
2017-06-22 18:26:50,966 [main | u:p] INFO  com.polarion.platform.startup  - Build artifacts recognition ... took  [ TIME 0.81 s. ]
2017-06-22 18:26:50,967 [main | u:p] INFO  com.polarion.platform.startup  - ------------------------------
2017-06-22 18:26:50,967 [main | u:p] INFO  com.polarion.platform.startup  - BIR inspection (Phase: 6/9)
2017-06-22 18:26:51,016 [main | u:p] INFO  com.polarion.platform.startup  - BIR inspection ... took  [ TIME 0.05 s. ]
2017-06-22 18:26:51,016 [main | u:p] INFO  com.polarion.platform.startup  - ------------------------------
2017-06-22 18:26:51,016 [main | u:p] INFO  com.polarion.platform.startup  - Data indexing (Phase: 7/9)
2017-06-22 18:26:51,231 [main | u:p] INFO  com.polarion.platform.startup  -  -- Refreshing 1 objects in index: Revision
2017-06-22 18:26:51,237 [main | u:p] INFO  com.polarion.platform.startup  -  -- -- 1 from 1 objects were refreshed (100%)
2017-06-22 18:26:51,520 [main | u:p] INFO  com.polarion.platform.startup  - Data indexing ... took  [ TIME 0.5 s. ]
2017-06-22 18:26:51,521 [main | u:p] INFO  com.polarion.platform.startup  - ------------------------------
2017-06-22 18:26:51,521 [main | u:p] INFO  com.polarion.platform.startup  - Fields recalculation (Phase: 8/9)
2017-06-22 18:26:51,537 [main | u:p] INFO  com.polarion.platform.startup  - Fields recalculation ... took  [ TIME 0.02 s. ]
2017-06-22 18:26:51,537 [main | u:p] INFO  com.polarion.platform.startup  - ------------------------------
2017-06-22 18:26:51,537 [main | u:p] INFO  com.polarion.platform.startup  - Polarion startup (Phase: 9/9)
2017-06-22 18:27:26,538 [main] INFO  com.polarion.platform.startup  - Polarion startup ... took  [ TIME 35.0 s. ]
2017-06-22 18:27:26,538 [main] INFO  com.polarion.platform.startup  - ****************************************************************
2017-06-22 18:27:26,539 [main] INFO  com.polarion.platform.startup  -                  Polarion started:  [ TIME 43.2 s. ]
2017-06-22 18:27:26,539 [main] INFO  com.polarion.platform.startup  - ****************************************************************
