2017-06-23 10:40:56,276 [main | u:p] INFO  TXLOGGER  - Summary for 'Platform startup': transactions: 0, DB: 0.044 s [51% update (126x), 48% query (13x)] (206x), svn: 0.0232 s [87% checkPath (1x)] (3x)
2017-06-23 10:40:56,482 [main | u:p] INFO  TXLOGGER  - Summary for 'Context recognition': transactions: 0, svn: 0.0882 s [39% info (3x), 32% getDir2 content (2x), 29% getFile content (1x)] (6x)
2017-06-23 10:40:57,758 [LowLevelDataService-contextInitializer-2 | u:p] INFO  TXLOGGER  - Summary: Total: 1.27 s, transactions: 0, svn: 0.193 s [98% log2 (6x)] (8x)
2017-06-23 10:40:57,758 [LowLevelDataService-contextInitializer-4 | u:p] INFO  TXLOGGER  - Summary: Total: 1.27 s, transactions: 0, svn: 0.142 s [98% log2 (10x)] (12x)
2017-06-23 10:40:57,758 [LowLevelDataService-contextInitializer-5 | u:p] INFO  TXLOGGER  - Summary: Total: 1.27 s, transactions: 0, svn: 0.111 s [99% log2 (5x)] (6x)
2017-06-23 10:40:57,758 [LowLevelDataService-contextInitializer-1 | u:p] INFO  TXLOGGER  - Summary: Total: 1.27 s, transactions: 0, svn: 0.235 s [33% log2 (5x), 30% log (1x), 20% info (4x)] (15x)
2017-06-23 10:40:57,758 [LowLevelDataService-contextInitializer-3 | u:p] INFO  TXLOGGER  - Summary: Total: 1.27 s, transactions: 0, ObjectMaps: 0.269 s [100% getAllPrimaryObjects (1x)] (7x)
2017-06-23 10:40:57,759 [main | u:p] INFO  TXLOGGER  - Summary for 'Context initialization': transactions: 0, svn: 0.712 s [77% log2 (31x), 10% log (1x)] (47x), ObjectMaps: 0.409 s [99% getAllPrimaryObjects (7x)] (55x)
2017-06-23 10:40:58,073 [main | u:p] INFO  TXLOGGER  - Summary for 'Revisions processing': transactions: 14, RepositoryConfigService: 0.201 s [100% getReadConfiguration (42x)] (42x), svn: 0.115 s [90% info (15x)] (32x)
2017-06-23 10:40:58,827 [main | u:p] INFO  TXLOGGER  - Summary for 'Build artifacts recognition': transactions: 40, svn: 0.583 s [87% info (78x)] (131x), RepositoryConfigService: 0.501 s [100% getReadConfiguration (80x)] (80x)
2017-06-23 10:40:59,474 [main | u:p] INFO  TXLOGGER  - Summary for 'Data indexing': transactions: 0, Lucene: 0.263 s [100% refresh (2x)] (2x), DB: 0.0266 s [48% update (38x), 23% query (17x), 21% execute (12x)] (103x), SubterraURITable: 0.0259 s [100% addIfNotExistsDB (17x)] (17x)
2017-06-23 10:41:34,300 [main] INFO  TXLOGGER  - Summary for 'Polarion startup': transactions: 1, svn: 0.314 s [82% info (47x)] (66x), RepositoryConfigService: 0.043 s [100% getReadConfiguration (2x)] (2x)
2017-06-23 10:41:34,414 [Persistence Events Processing Thread | u:p] INFO  TXLOGGER  - Summary: Total: 0.109 s, transactions: 6, persistence listener: 0.108 s [91% notificationsCreatingListener (1x)] (7x)
2017-06-23 10:41:34,494 [Worker-0 | u:p | job: polarion.jobs.attachment.indexer] INFO  TXLOGGER  - Summary after AttachmentIndexer: transactions: 48, persistence listener: 0.112 s [89% notificationsCreatingListener (8x)] (56x), Lucene: 0.102 s [100% add (2x)] (2x), resolve: 0.0385 s [91% User (2x)] (5x), ObjectMaps: 0.0119 s [100% getPrimaryObjectLocation (2x)] (2x)
2017-06-23 10:41:35,062 [PreLoadDataService | u:p] INFO  TXLOGGER  - Tx 5734d73429838_0_5734d73429838_0_: finished. Total: 0.751 s, svn: 0.452 s [65% getDir2 content (25x), 34% getFile content (15x)] (43x), resolve: 0.333 s [55% Category (8x), 45% TimePoint (5x)] (13x), ObjectMaps: 0.0508 s [50% getPrimaryObjectLocation (13x), 29% getPrimaryObjectProperty (13x), 21% getLastPromoted (13x)] (55x)
2017-06-23 10:41:35,530 [PreLoadDataService | u:p] INFO  TXLOGGER  - Tx 5734d7351106a_0_5734d7351106a_0_: finished. Total: 0.293 s, svn: 0.192 s [64% getFile content (14x), 36% info (10x)] (25x), RepositoryConfigService: 0.133 s [80% getReadConfiguration (72x), 20% getReadUserConfiguration (2x)] (74x), resolve: 0.131 s [100% User (8x)] (8x), ObjectMaps: 0.0215 s [43% getPrimaryObjectLocation (8x), 29% getLastPromoted (8x), 28% getPrimaryObjectProperty (8x)] (33x)
2017-06-23 10:41:35,661 [PreLoadDataService | u:p] INFO  TXLOGGER  - Tx 5734d7355ac6b_0_5734d7355ac6b_0_: finished. Total: 0.131 s, RepositoryConfigService: 0.107 s [99% getReadConfiguration (55x)] (78x), svn: 0.089 s [100% getFile content (13x)] (14x)
2017-06-23 10:41:35,914 [DBHistoryCreator-1 | u:p] INFO  TXLOGGER  - Summary: Total: 1.42 s, transactions: 0
2017-06-23 10:41:35,914 [DBHistoryCreator-2 | u:p] INFO  TXLOGGER  - Summary: Total: 1.42 s, transactions: 0
2017-06-23 10:41:35,914 [Worker-1 | u:p | job: polarion.jobs.db.history] INFO  TXLOGGER  - Summary after DBHistoryCreator: transactions: 0, Lucene: 0.0315 s [100% add (1x)] (1x), DB: 0.00175 s [75% update (2x), 25% commit (2x)] (4x)
2017-06-23 10:41:35,914 [Worker-1 | u:p] INFO  TXLOGGER  - Summary for 'job: polarion.jobs.db.history': Total: 1.43 s, transactions: 0, SubterraURITable: 1.16 s [100% getDB (4089x)] (4089x), DB: 1.11 s [51% query (4115x), 31% update (4090x)] (20577x)
2017-06-23 10:41:36,368 [PreLoadDataService | u:p] INFO  TXLOGGER  - Tx 5734d7357b46c_0_5734d7357b46c_0_: finished. Total: 0.706 s, svn: 0.637 s [72% getFile content (47x), 28% getDir2 content (17x)] (65x), RepositoryConfigService: 0.513 s [100% getReadConfiguration (164x)] (180x)
2017-06-23 10:41:36,697 [PreLoadDataService | u:p] INFO  TXLOGGER  - Tx 5734d7362c06d_0_5734d7362c06d_0_: finished. Total: 0.328 s, RepositoryConfigService: 0.277 s [99% getReadConfiguration (295x)] (370x), svn: 0.271 s [85% getFile content (35x)] (42x)
2017-06-23 10:41:37,094 [PreLoadDataService | u:p] INFO  TXLOGGER  - Tx 5734d7367e46e_0_5734d7367e46e_0_: finished. Total: 0.397 s, svn: 0.365 s [57% getFile content (21x), 43% getDir2 content (17x)] (39x), RepositoryConfigService: 0.234 s [100% getReadConfiguration (88x)] (110x)
2017-06-23 10:41:37,211 [PreLoadDataService | u:p] INFO  TXLOGGER  - Tx 5734d736e186f_0_5734d736e186f_0_: finished. Total: 0.116 s, svn: 0.107 s [58% getDir2 content (11x), 42% getFile content (8x)] (20x), RepositoryConfigService: 0.0517 s [99% getReadConfiguration (38x)] (54x)
2017-06-23 10:41:37,496 [PreLoadDataService | u:p] INFO  TXLOGGER  - Tx 5734d736ff070_0_5734d736ff070_0_: finished. Total: 0.285 s, svn: 0.253 s [60% getFile content (24x), 40% getDir2 content (12x)] (37x), RepositoryConfigService: 0.181 s [100% getReadConfiguration (87x)] (109x)
2017-06-23 10:41:37,497 [PreLoadDataService] INFO  TXLOGGER  - Summary for 'PreloadDataService': Total: 3.19 s, transactions: 9, svn: 2.44 s [61% getFile content (182x), 35% getDir2 content (90x)] (301x), RepositoryConfigService: 1.53 s [98% getReadConfiguration (801x)] (981x), resolve: 0.583 s [32% Category (8x), 25% TimePoint (5x), 23% User (8x), 20% Project (5x)] (26x)
2017-06-23 10:41:37,497 [PreLoadDataService] INFO  TXLOGGER  - Summary after preload: transactions: 9, svn: 2.44 s [61% getFile content (182x), 35% getDir2 content (90x)] (301x), RepositoryConfigService: 1.53 s [98% getReadConfiguration (801x)] (981x), SubterraURITable: 1.16 s [100% getDB (4089x)] (4089x), DB: 1.11 s [51% query (4115x), 31% update (4090x)] (20577x), resolve: 0.583 s [32% Category (8x), 25% TimePoint (5x), 23% User (9x), 20% Project (5x)] (27x)
2017-06-23 10:59:17,215 [ajp-nio-8889-exec-9 | u:admin] INFO  TXLOGGER  - Summary for 'PortalDataService.requestPortalSite': Total: 0.268 s, transactions: 10, RepositoryConfigService: 0.086 s [83% getReadConfiguration (18x)] (36x), svn: 0.0842 s [50% info (6x), 34% getFile content (4x)] (22x)
2017-06-23 10:59:18,925 [ajp-nio-8889-exec-2 | u:admin | uri:/polarion/wiki/bin/view/project/elibrary/page/Home | wiki: view http://localhost/polarion/wiki/bin/view/project/elibrary/page/Home] INFO  TXLOGGER  - Tx 5734db439347e_0_5734db439347e_0_: finished. Total: 0.256 s, resolve: 0.175 s [99% WikiPage (8x)] (14x), svn: 0.169 s [68% info (16x), 21% getFile content (4x)] (24x)
2017-06-23 10:59:18,956 [ajp-nio-8889-exec-2] INFO  TXLOGGER  - Summary for 'servlet /polarion/wiki/bin/view/project/elibrary/page/Home': Total: 1.62 s, transactions: 5, Velocity: 1.26 s [100% evaluate in Wiki (1x)] (1x), svn: 0.866 s [73% info (104x), 14% getFile content (17x)] (143x), resolve: 0.221 s [99% WikiPage (25x)] (35x)
2017-06-23 10:59:19,168 [ajp-nio-8889-exec-6] INFO  TXLOGGER  - Summary for 'servlet /polarion/wiki/bin/download/project/elibrary/page/_default/Home/library.png': Total: 0.179 s, transactions: 0, svn: 0.0183 s [100% info (2x)] (2x)
2017-06-23 10:59:21,779 [ajp-nio-8889-exec-4 | u:admin] INFO  TXLOGGER  - Tx 5734db4643086_0_5734db4643086_0_: finished. Total: 0.359 s, RepositoryConfigService: 0.131 s [88% getReadConfiguration (162x)] (188x), svn: 0.117 s [61% getFile content (7x), 26% info (3x)] (13x), resolve: 0.0669 s [99% WorkItem (2x)] (8x)
2017-06-23 10:59:21,893 [ajp-nio-8889-exec-4 | u:admin] INFO  TXLOGGER  - Summary for 'WorkItemDataService.loadWorkitem': Total: 0.473 s, transactions: 1, RepositoryConfigService: 0.131 s [88% getReadConfiguration (162x)] (188x), svn: 0.117 s [61% getFile content (7x), 26% info (3x)] (13x), resolve: 0.0669 s [99% WorkItem (2x)] (8x)
2017-06-23 10:59:22,707 [ajp-nio-8889-exec-2 | u:admin] INFO  TXLOGGER  - Tx 5734db4641485_0_5734db4641485_0_: finished. Total: 1.29 s, resolve: 1.12 s [77% WorkItem (14x), 17% Module (16x)] (37x), svn: 0.985 s [46% info (50x), 26% getDir2 content (24x), 26% getFile content (24x)] (104x)
2017-06-23 10:59:22,730 [ajp-nio-8889-exec-2 | u:admin] INFO  TXLOGGER  - Summary for 'WorkItemDataService.loadInstances': Total: 1.32 s, transactions: 1, resolve: 1.12 s [77% WorkItem (14x), 17% Module (16x)] (37x), svn: 0.985 s [46% info (50x), 26% getDir2 content (24x), 26% getFile content (24x)] (104x)
2017-06-23 10:59:25,735 [ajp-nio-8889-exec-7 | u:admin] INFO  TXLOGGER  - Tx 5734db4a34887_0_5734db4a34887_0_: finished. Total: 0.277 s, RepositoryConfigService: 0.125 s [89% getReadConfiguration (159x)] (182x), svn: 0.108 s [63% getFile content (9x), 36% info (5x)] (16x), resolve: 0.0459 s [98% Plan (7x)] (24x), ObjectEnum Plan: 0.0416 s [100% available (2x)] (2x)
2017-06-23 10:59:25,790 [ajp-nio-8889-exec-7 | u:admin] INFO  TXLOGGER  - Summary for 'WorkItemDataService.loadWorkitem': Total: 0.331 s, transactions: 1, RepositoryConfigService: 0.125 s [89% getReadConfiguration (159x)] (182x), svn: 0.108 s [63% getFile content (9x), 36% info (5x)] (16x), resolve: 0.0459 s [98% Plan (7x)] (24x), ObjectEnum Plan: 0.0416 s [100% available (2x)] (2x)
2017-06-23 11:00:01,814 [Worker-1 | u:p] INFO  TXLOGGER  - Summary for 'job: update.plan.refresh.index': Total: 0.85 s, transactions: 0, resolve: 0.527 s [100% WorkItem (15x)] (167x), svn: 0.453 s [35% getFile content (15x), 34% getDir2 content (15x), 31% info (15x)] (46x), Lucene: 0.185 s [100% refresh (1x)] (2x), DB: 0.0615 s [89% update (181x)] (220x)
2017-06-23 11:00:01,857 [Worker-0 | u:p] INFO  TXLOGGER  - Summary for 'job: update.plan': Total: 1.78 s, transactions: 9, resolve: 0.61 s [99% WorkItems (2x)] (96x), svn: 0.531 s [40% getFile content (20x), 30% getDir2 content (15x), 30% info (17x)] (63x), RepositoryConfigService: 0.0936 s [85% getReadConfiguration (792x)] (828x)
2017-06-23 11:00:11,483 [ajp-nio-8889-exec-7 | u:admin] INFO  TXLOGGER  - Tx 5734db766a49e_0_5734db766a49e_0_: finished. Total: 0.754 s, svn: 0.634 s [91% endActivity (1x)] (9x), Lucene: 0.0506 s [62% refresh (1x), 38% add (1x)] (3x), resolve: 0.0422 s [99% WorkItem (2x)] (9x), processed revs: [140, 140 (delay 0s)], write: true
2017-06-23 11:00:11,594 [ajp-nio-8889-exec-7 | u:admin] INFO  TXLOGGER  - Summary for 'WorkItemDataService.saveWorkItem': Total: 0.874 s, transactions: 2, svn: 0.634 s [91% endActivity (1x)] (9x), Lucene: 0.059 s [53% refresh (1x), 33% add (1x)] (4x), resolve: 0.0438 s [98% WorkItem (6x)] (36x)
2017-06-23 11:00:11,779 [Persistence Events Processing Thread | u:p] INFO  TXLOGGER  - Tx 5734db7726c9f_0_5734db7726c9f_0_: finished. Total: 0.295 s, resolve: 0.201 s [72% WorkItem (8x), 28% User (11x)] (19x), svn: 0.163 s [55% getFile content (8x), 24% getDir2 content (2x), 21% info (2x)] (13x), ObjectMaps: 0.0235 s [51% getPrimaryObjectLocation (7x), 35% getLastPromoted (7x)] (28x)
2017-06-23 11:00:11,872 [Persistence Events Processing Thread | u:p] INFO  TXLOGGER  - Summary: Total: 0.389 s, transactions: 6, persistence listener: 0.389 s [76% notificationsCreatingListener (1x), 24% WorkItemActivityCreator (1x)] (7x), resolve: 0.246 s [77% WorkItem (11x), 23% User (12x)] (24x), svn: 0.203 s [51% getFile content (9x), 25% getDir2 content (3x), 23% info (3x)] (18x), Lucene: 0.0292 s [100% add (1x)] (1x), ObjectMaps: 0.0278 s [53% getPrimaryObjectLocation (8x), 33% getLastPromoted (8x)] (32x)
2017-06-23 11:00:18,600 [ajp-nio-8889-exec-3 | u:admin] INFO  TXLOGGER  - Summary for 'DebugService.deObfuscateStackTrace': Total: 0.102 s, transactions: 0
2017-06-23 11:01:10,621 [ajp-nio-8889-exec-9 | u:admin] INFO  TXLOGGER  - Tx 5734dbaff28af_0_5734dbaff28af_0_: finished. Total: 0.979 s, resolve: 0.926 s [64% WorkItem (15x), 24% ModuleAttachment (6x)] (52x), svn: 0.845 s [49% info (54x), 23% getFile content (23x), 22% getDir2 content (23x)] (108x)
2017-06-23 11:01:10,623 [ajp-nio-8889-exec-9 | u:admin] INFO  TXLOGGER  - Summary for 'WorkItemDataService.loadInstances': Total: 0.981 s, transactions: 1, resolve: 0.926 s [64% WorkItem (15x), 24% ModuleAttachment (6x)] (52x), svn: 0.845 s [49% info (54x), 23% getFile content (23x), 22% getDir2 content (23x)] (108x)
2017-06-23 11:01:13,350 [ajp-nio-8889-exec-4 | u:admin] INFO  TXLOGGER  - Summary for 'BubbleQueryService.getSelectorContent': Total: 0.116 s, transactions: 1
2017-06-23 11:02:06,502 [ajp-nio-8889-exec-2] INFO  TXLOGGER  - Summary for 'servlet /polarion/wiki/bin/view/project/elibrary/page/Home': Total: 0.308 s, transactions: 3, Velocity: 0.221 s [100% evaluate in Wiki (1x)] (1x), svn: 0.0762 s [100% info (11x)] (12x), resolve: 0.0197 s [94% RichPage (7x)] (34x)
