2017-06-23 11:41:59,537 [main | u:p] INFO  TXLOGGER  - Summary for 'Platform startup': transactions: 0, DB: 0.0447 s [52% update (126x), 47% query (13x)] (206x), svn: 0.0291 s [89% checkPath (1x)] (3x)
2017-06-23 11:41:59,735 [main | u:p] INFO  TXLOGGER  - Summary for 'Context recognition': transactions: 0, svn: 0.085 s [36% info (3x), 35% getDir2 content (2x), 29% getFile content (1x)] (6x)
2017-06-23 11:42:01,071 [LowLevelDataService-contextInitializer-1 | u:p] INFO  TXLOGGER  - Summary: Total: 1.33 s, transactions: 0, svn: 0.0861 s [98% log2 (5x)] (6x)
2017-06-23 11:42:01,071 [LowLevelDataService-contextInitializer-3 | u:p] INFO  TXLOGGER  - Summary: Total: 1.33 s, transactions: 0, ObjectMaps: 0.291 s [100% getAllPrimaryObjects (1x)] (7x)
2017-06-23 11:42:01,071 [LowLevelDataService-contextInitializer-2 | u:p] INFO  TXLOGGER  - Summary: Total: 1.33 s, transactions: 0, svn: 0.19 s [98% log2 (6x)] (8x)
2017-06-23 11:42:01,071 [LowLevelDataService-contextInitializer-5 | u:p] INFO  TXLOGGER  - Summary: Total: 1.33 s, transactions: 0, svn: 0.0924 s [98% log2 (5x)] (6x)
2017-06-23 11:42:01,071 [LowLevelDataService-contextInitializer-4 | u:p] INFO  TXLOGGER  - Summary: Total: 1.33 s, transactions: 0, svn: 0.294 s [52% log2 (10x), 21% log (1x), 14% info (4x)] (21x)
2017-06-23 11:42:01,072 [main | u:p] INFO  TXLOGGER  - Summary for 'Context initialization': transactions: 0, svn: 0.698 s [79% log2 (31x), 9% log (1x)] (47x), ObjectMaps: 0.437 s [99% getAllPrimaryObjects (7x)] (55x)
2017-06-23 11:42:01,403 [main | u:p] INFO  TXLOGGER  - Summary for 'Revisions processing': transactions: 14, RepositoryConfigService: 0.214 s [100% getReadConfiguration (42x)] (42x), svn: 0.124 s [88% info (15x)] (32x)
2017-06-23 11:42:02,166 [main | u:p] INFO  TXLOGGER  - Summary for 'Build artifacts recognition': transactions: 40, svn: 0.615 s [86% info (78x)] (131x), RepositoryConfigService: 0.488 s [100% getReadConfiguration (48x)] (48x)
2017-06-23 11:42:02,694 [main | u:p] INFO  TXLOGGER  - Summary for 'Data indexing': transactions: 0, Lucene: 0.227 s [100% refresh (1x)] (1x), SubterraURITable: 0.0129 s [100% addIfNotExistsDB (1x)] (1x), derivedLinkedRevisionsContributor: 0.0118 s [100% objectsToInv (1x)] (1x)
2017-06-23 11:42:37,923 [main] INFO  TXLOGGER  - Summary for 'Polarion startup': transactions: 1, svn: 0.332 s [80% info (47x), 10% getDir2 content (5x)] (66x), RepositoryConfigService: 0.0437 s [100% getReadConfiguration (2x)] (2x)
2017-06-23 11:42:38,042 [Persistence Events Processing Thread | u:p] INFO  TXLOGGER  - Summary: Total: 0.113 s, transactions: 6, persistence listener: 0.113 s [92% notificationsCreatingListener (1x)] (7x)
2017-06-23 11:42:38,119 [Worker-0 | u:p | job: polarion.jobs.attachment.indexer] INFO  TXLOGGER  - Summary after AttachmentIndexer: transactions: 6, persistence listener: 0.113 s [92% notificationsCreatingListener (1x)] (7x), Lucene: 0.088 s [100% add (2x)] (2x), resolve: 0.0378 s [92% User (2x)] (5x), ObjectMaps: 0.0111 s [100% getPrimaryObjectLocation (2x)] (2x)
2017-06-23 11:42:38,740 [PreLoadDataService | u:p] INFO  TXLOGGER  - Tx 5734e52debc38_0_5734e52debc38_0_: finished. Total: 0.805 s, svn: 0.446 s [63% getDir2 content (25x), 36% getFile content (15x)] (43x), resolve: 0.347 s [55% Category (8x), 45% TimePoint (5x)] (13x), ObjectMaps: 0.0529 s [52% getPrimaryObjectLocation (13x), 27% getPrimaryObjectProperty (13x), 21% getLastPromoted (13x)] (55x)
2017-06-23 11:42:39,251 [PreLoadDataService | u:p] INFO  TXLOGGER  - Tx 5734e52ee1840_0_5734e52ee1840_0_: finished. Total: 0.332 s, svn: 0.223 s [64% getFile content (14x), 36% info (10x)] (25x), RepositoryConfigService: 0.156 s [81% getReadConfiguration (72x)] (74x), resolve: 0.145 s [100% User (8x)] (8x), ObjectMaps: 0.0237 s [42% getPrimaryObjectLocation (8x), 30% getPrimaryObjectProperty (8x), 28% getLastPromoted (8x)] (33x)
2017-06-23 11:42:39,394 [PreLoadDataService | u:p] INFO  TXLOGGER  - Tx 5734e52f34c41_0_5734e52f34c41_0_: finished. Total: 0.142 s, RepositoryConfigService: 0.118 s [99% getReadConfiguration (55x)] (78x), svn: 0.0992 s [100% getFile content (13x)] (14x)
2017-06-23 11:42:39,639 [DBHistoryCreator-1 | u:p] INFO  TXLOGGER  - Summary: Total: 1.48 s, transactions: 0
2017-06-23 11:42:39,639 [Worker-1 | u:p | job: polarion.jobs.db.history] INFO  TXLOGGER  - Summary after DBHistoryCreator: transactions: 0, Lucene: 0.0248 s [100% add (1x)] (1x), svn: 0.00153 s [100% getLatestRevision (1x)] (1x)
2017-06-23 11:42:39,639 [Worker-1 | u:p] INFO  TXLOGGER  - Summary for 'job: polarion.jobs.db.history': Total: 1.53 s, transactions: 0, SubterraURITable: 1.21 s [100% getDB (4099x)] (4099x), DB: 1.12 s [51% query (4125x), 31% update (4100x)] (20619x)
2017-06-23 11:42:40,177 [PreLoadDataService | u:p] INFO  TXLOGGER  - Tx 5734e52f58842_0_5734e52f58842_0_: finished. Total: 0.783 s, svn: 0.707 s [71% getFile content (47x), 29% getDir2 content (17x)] (65x), RepositoryConfigService: 0.557 s [100% getReadConfiguration (164x)] (180x)
2017-06-23 11:42:40,528 [PreLoadDataService | u:p] INFO  TXLOGGER  - Tx 5734e5301c443_0_5734e5301c443_0_: finished. Total: 0.351 s, RepositoryConfigService: 0.296 s [99% getReadConfiguration (295x)] (370x), svn: 0.291 s [85% getFile content (35x)] (42x)
2017-06-23 11:42:40,960 [PreLoadDataService | u:p] INFO  TXLOGGER  - Tx 5734e53074044_0_5734e53074044_0_: finished. Total: 0.432 s, svn: 0.398 s [56% getFile content (21x), 44% getDir2 content (17x)] (39x), RepositoryConfigService: 0.253 s [100% getReadConfiguration (88x)] (110x)
2017-06-23 11:42:41,084 [PreLoadDataService | u:p] INFO  TXLOGGER  - Tx 5734e530e0045_0_5734e530e0045_0_: finished. Total: 0.124 s, svn: 0.114 s [57% getDir2 content (11x), 43% getFile content (8x)] (20x), RepositoryConfigService: 0.0556 s [99% getReadConfiguration (38x)] (54x)
2017-06-23 11:42:41,381 [PreLoadDataService | u:p] INFO  TXLOGGER  - Tx 5734e530ff046_0_5734e530ff046_0_: finished. Total: 0.297 s, svn: 0.276 s [54% getFile content (24x), 46% getDir2 content (12x)] (37x), RepositoryConfigService: 0.166 s [99% getReadConfiguration (87x)] (109x)
2017-06-23 11:42:41,381 [PreLoadDataService] INFO  TXLOGGER  - Summary for 'PreloadDataService': Total: 3.45 s, transactions: 9, svn: 2.63 s [61% getFile content (182x), 35% getDir2 content (90x)] (301x), RepositoryConfigService: 1.63 s [98% getReadConfiguration (801x)] (981x), resolve: 0.598 s [32% Category (8x), 26% TimePoint (5x), 24% User (8x)] (26x)
2017-06-23 11:42:41,381 [PreLoadDataService] INFO  TXLOGGER  - Summary after preload: transactions: 9, svn: 2.63 s [61% getFile content (182x), 35% getDir2 content (90x)] (301x), RepositoryConfigService: 1.63 s [98% getReadConfiguration (801x)] (981x), SubterraURITable: 1.21 s [100% getDB (4099x)] (4099x), DB: 1.12 s [51% query (4125x), 31% update (4100x)] (20619x), Lucene: 0.931 s [94% add (1x)] (6x), resolve: 0.598 s [32% Category (8x), 26% TimePoint (5x), 24% User (9x)] (27x)
2017-06-23 11:44:11,090 [ajp-nio-8889-exec-5 | u:admin] INFO  TXLOGGER  - Summary for 'PortalDataService.requestPortalSite': Total: 0.31 s, transactions: 10, RepositoryConfigService: 0.104 s [84% getReadConfiguration (18x)] (36x), svn: 0.101 s [51% info (6x), 32% getFile content (4x)] (22x)
2017-06-23 11:44:12,957 [ajp-nio-8889-exec-8 | u:admin | uri:/polarion/wiki/bin/view/project/elibrary/page/Home | wiki: view http://localhost/polarion/wiki/bin/view/project/elibrary/page/Home] INFO  TXLOGGER  - Tx 5734e58a76054_0_5734e58a76054_0_: finished. Total: 0.262 s, resolve: 0.177 s [99% WikiPage (8x)] (14x), svn: 0.16 s [67% info (16x), 21% getFile content (4x)] (24x)
2017-06-23 11:44:13,008 [ajp-nio-8889-exec-8] INFO  TXLOGGER  - Summary for 'servlet /polarion/wiki/bin/view/project/elibrary/page/Home': Total: 1.8 s, transactions: 5, Velocity: 1.39 s [100% evaluate in Wiki (1x)] (1x), svn: 0.871 s [71% info (104x), 16% getFile content (17x)] (143x), resolve: 0.222 s [99% WikiPage (25x)] (35x)
2017-06-23 11:44:13,200 [ajp-nio-8889-exec-2] INFO  TXLOGGER  - Summary for 'servlet /polarion/wiki/bin/download/project/elibrary/page/_default/Home/library.png': Total: 0.158 s, transactions: 0, svn: 0.0187 s [100% info (2x)] (2x)
2017-06-23 11:44:15,726 [ajp-nio-8889-exec-10 | u:admin] INFO  TXLOGGER  - Tx 5734e58cf6c5c_0_5734e58cf6c5c_0_: finished. Total: 0.466 s, svn: 0.133 s [59% getFile content (7x), 25% info (3x)] (13x), RepositoryConfigService: 0.132 s [87% getReadConfiguration (161x)] (187x), resolve: 0.0781 s [99% WorkItem (2x)] (8x), Lucene: 0.0282 s [100% search (5x)] (5x)
2017-06-23 11:44:15,814 [ajp-nio-8889-exec-10 | u:admin] INFO  TXLOGGER  - Summary for 'WorkItemDataService.loadWorkitem': Total: 0.555 s, transactions: 1, svn: 0.133 s [59% getFile content (7x), 25% info (3x)] (13x), RepositoryConfigService: 0.132 s [87% getReadConfiguration (161x)] (187x), resolve: 0.0781 s [99% WorkItem (2x)] (8x), Lucene: 0.0282 s [100% search (5x)] (5x)
2017-06-23 11:44:16,671 [ajp-nio-8889-exec-8 | u:admin] INFO  TXLOGGER  - Tx 5734e58cf545b_0_5734e58cf545b_0_: finished. Total: 1.42 s, resolve: 1.24 s [77% WorkItem (14x), 17% Module (16x)] (37x), svn: 1.11 s [46% info (50x), 26% getFile content (24x), 26% getDir2 content (24x)] (104x)
2017-06-23 11:44:16,696 [ajp-nio-8889-exec-8 | u:admin] INFO  TXLOGGER  - Summary for 'WorkItemDataService.loadInstances': Total: 1.44 s, transactions: 1, resolve: 1.24 s [77% WorkItem (14x), 17% Module (16x)] (37x), svn: 1.11 s [46% info (50x), 26% getFile content (24x), 26% getDir2 content (24x)] (104x)
2017-06-23 11:44:17,248 [ajp-nio-8889-exec-3 | u:admin] INFO  TXLOGGER  - Tx 5734e58e9585d_0_5734e58e9585d_0_: finished. Total: 0.33 s, RepositoryConfigService: 0.142 s [89% getReadConfiguration (158x)] (181x), svn: 0.132 s [63% getFile content (9x), 36% info (5x)] (16x), resolve: 0.071 s [98% Plan (7x)] (24x), ObjectEnum Plan: 0.0663 s [100% available (2x)] (2x)
2017-06-23 11:44:17,288 [ajp-nio-8889-exec-3 | u:admin] INFO  TXLOGGER  - Summary for 'WorkItemDataService.loadWorkitem': Total: 0.37 s, transactions: 1, RepositoryConfigService: 0.142 s [89% getReadConfiguration (158x)] (181x), svn: 0.132 s [63% getFile content (9x), 36% info (5x)] (16x), resolve: 0.071 s [98% Plan (7x)] (24x), ObjectEnum Plan: 0.0663 s [100% available (2x)] (2x)
2017-06-23 11:44:21,459 [ajp-nio-8889-exec-4 | u:admin] INFO  TXLOGGER  - Tx 5734e592e245f_0_5734e592e245f_0_: finished. Total: 0.138 s, resolve: 0.0986 s [98% WorkItem (14x)] (37x), svn: 0.0865 s [37% getDir2 content (2x), 31% getFile content (2x), 30% info (2x)] (8x)
2017-06-23 11:44:21,461 [ajp-nio-8889-exec-4 | u:admin] INFO  TXLOGGER  - Summary for 'WorkItemDataService.loadInstances': Total: 0.141 s, transactions: 1, resolve: 0.0986 s [98% WorkItem (14x)] (37x), svn: 0.0865 s [37% getDir2 content (2x), 31% getFile content (2x), 30% info (2x)] (8x)
2017-06-23 11:44:27,127 [ajp-nio-8889-exec-9 | u:admin] INFO  TXLOGGER  - Tx 5734e5974f466_0_5734e5974f466_0_: finished. Total: 1.27 s, permissions: 1.26 s [100% readInstance (31x)] (31x), resolve: 1.26 s [100% WorkItem (31x)] (31x), svn: 1.13 s [35% getDir2 content (29x), 33% getFile content (29x), 32% info (29x)] (89x)
2017-06-23 11:44:27,128 [ajp-nio-8889-exec-9 | u:admin] INFO  TXLOGGER  - Summary for 'WorkItemDataService.queryForTable': Total: 1.28 s, transactions: 1, permissions: 1.26 s [100% readInstance (31x)] (31x), resolve: 1.26 s [100% WorkItem (31x)] (31x), svn: 1.13 s [35% getDir2 content (29x), 33% getFile content (29x), 32% info (29x)] (89x)
2017-06-23 11:44:27,955 [ajp-nio-8889-exec-5 | u:admin] INFO  TXLOGGER  - Tx 5734e5992b069_0_5734e5992b069_0_: finished. Total: 0.199 s, form extension: 0.0908 s [100% RtFormExtension (1x)] (1x), RepositoryConfigService: 0.066 s [100% getReadConfiguration (144x)] (162x), svn: 0.0632 s [100% getFile content (4x)] (5x), Lucene: 0.0103 s [100% search (5x)] (5x)
2017-06-23 11:44:27,964 [ajp-nio-8889-exec-5 | u:admin] INFO  TXLOGGER  - Summary for 'WorkItemDataService.loadWorkitem': Total: 0.208 s, transactions: 1, form extension: 0.0908 s [100% RtFormExtension (1x)] (1x), RepositoryConfigService: 0.066 s [100% getReadConfiguration (144x)] (162x), svn: 0.0632 s [100% getFile content (4x)] (5x)
2017-06-23 11:44:35,148 [ajp-nio-8889-exec-8 | u:admin] INFO  TXLOGGER  - Summary for 'WorkItemDataService.loadWorkitem': Total: 0.103 s, transactions: 1, resolve: 0.0497 s [99% WorkItem (3x)] (14x), svn: 0.0397 s [53% getFile content (2x), 24% getDir2 content (1x), 22% info (1x)] (6x), calculatedFieldsContributor: 0.0147 s [100% fields (1x)] (1x), RepositoryConfigService: 0.0131 s [100% getReadConfiguration (183x)] (207x), form extension: 0.0124 s [100% RtFormExtension (1x)] (1x)
2017-06-23 11:44:45,382 [ajp-nio-8889-exec-10 | u:admin] INFO  TXLOGGER  - Tx 5734e5a9e6473_0_5734e5a9e6473_0_: finished. Total: 0.492 s, permissions: 0.479 s [100% readInstance (17x)] (17x), resolve: 0.477 s [100% WorkItem (17x)] (17x), svn: 0.408 s [35% getDir2 content (15x), 34% getFile content (15x), 31% info (15x)] (47x), ObjectMaps: 0.0271 s [75% getLastPromoted (15x), 10% getPrimaryObjectLocation (15x)] (75x)
2017-06-23 11:44:45,382 [ajp-nio-8889-exec-10 | u:admin] INFO  TXLOGGER  - Summary for 'WorkItemDataService.queryForTable': Total: 0.493 s, transactions: 1, permissions: 0.479 s [100% readInstance (17x)] (17x), resolve: 0.477 s [100% WorkItem (17x)] (17x), svn: 0.408 s [35% getDir2 content (15x), 34% getFile content (15x), 31% info (15x)] (47x), ObjectMaps: 0.0271 s [75% getLastPromoted (15x), 10% getPrimaryObjectLocation (15x)] (75x)
2017-06-23 11:47:59,309 [ajp-nio-8889-exec-7 | u:admin] INFO  TXLOGGER  - Tx 5734e666f7c7b_0_5734e666f7c7b_0_: finished. Total: 0.814 s, svn: 0.755 s [98% endActivity (1x)] (6x), processed revs: [141, 141 (delay 0s)], write: true
2017-06-23 11:47:59,310 [ajp-nio-8889-exec-7 | u:admin] INFO  TXLOGGER  - Summary for 'WorkflowDataService.saveWorkflowDataByContext': Total: 0.816 s, transactions: 1, svn: 0.755 s [98% endActivity (1x)] (6x)
