2017-06-22 13:56:31,871 [main] INFO  com.polarion.platform.startup  - ****************************************************************
2017-06-22 13:56:31,871 [main] INFO  com.polarion.platform.startup  -                 Polarion starting, please wait!                 
2017-06-22 13:56:31,871 [main] INFO  com.polarion.platform.startup  - ****************************************************************
2017-06-22 13:56:31,871 [main] INFO  com.polarion.platform.startup  - Server start mode: normal
2017-06-22 13:56:31,872 [main] INFO  com.polarion.platform.startup  - ------------------------------
2017-06-22 13:56:31,872 [main] INFO  com.polarion.platform.startup  - Platform startup (Phase: 1/9)
2017-06-22 13:56:36,336 [main] INFO  com.polarion.platform.startup  - Opening historical database...
2017-06-22 13:56:36,485 [main] INFO  com.polarion.platform.startup  - Opening of historical database finished [ TIME 0.15 s. ]
2017-06-22 13:56:36,485 [main] INFO  com.polarion.platform.startup  - Opening head database...
2017-06-22 13:56:36,543 [main] INFO  com.polarion.platform.startup  - Opening of head database finished [ TIME 0.058 s. ]
2017-06-22 13:56:36,754 [main | u:p] INFO  com.polarion.platform.startup  -  -- Polarion startup estimation:  [ TIME 46 s. ]
2017-06-22 13:56:36,899 [main | u:p] INFO  com.polarion.platform.startup  - Platform startup ... took  [ TIME 5.04 s. ]
2017-06-22 13:56:37,073 [main | u:p] INFO  com.polarion.platform.startup  - ------------------------------
2017-06-22 13:56:37,073 [main | u:p] INFO  com.polarion.platform.startup  - Context recognition (Phase: 2/9)
2017-06-22 13:56:37,116 [main | u:p] INFO  com.polarion.platform.startup  - Context recognition ... took  [ TIME 0.22 s. ]
2017-06-22 13:56:37,117 [main | u:p] INFO  com.polarion.platform.startup  - ------------------------------
2017-06-22 13:56:37,117 [main | u:p] INFO  com.polarion.platform.startup  - Context initialization (Phase: 3/9)
2017-06-22 13:56:37,120 [LowLevelDataService-contextInitializer-1 | u:p | context: [GLOBAL]] INFO  com.polarion.platform.startup  -  -- Initializing context: [GLOBAL] (1/8)
2017-06-22 13:56:37,120 [LowLevelDataService-contextInitializer-3 | u:p | context: MyPolarion] INFO  com.polarion.platform.startup  -  -- Initializing context: MyPolarion (2/8)
2017-06-22 13:56:37,121 [LowLevelDataService-contextInitializer-2 | u:p | cluster: default] INFO  com.polarion.platform.startup  -  -- Initializing cluster: default (4/8)
2017-06-22 13:56:37,121 [LowLevelDataService-contextInitializer-4 | u:p | context: --Demo Projects] INFO  com.polarion.platform.startup  -  -- Initializing context: --Demo Projects (5/8)
2017-06-22 13:56:37,121 [LowLevelDataService-contextInitializer-5 | u:p | context: library] INFO  com.polarion.platform.startup  -  -- Initializing context: library (3/8)
2017-06-22 13:56:37,126 [LowLevelDataService-contextInitializer-1 | u:p | context: CAPA] INFO  com.polarion.platform.startup  -  -- Initializing context: CAPA (6/8)
2017-06-22 13:56:37,244 [LowLevelDataService-contextInitializer-2 | u:p | context: elibrary] INFO  com.polarion.platform.startup  -  -- Initializing context: elibrary (7/8)
2017-06-22 13:56:37,410 [LowLevelDataService-contextInitializer-4 | u:p | context: drivepilot] INFO  com.polarion.platform.startup  -  -- Initializing context: drivepilot (8/8)
2017-06-22 13:56:38,609 [main | u:p] INFO  com.polarion.platform.startup  - Context initialization ... took  [ TIME 1.49 s. ]
2017-06-22 13:56:38,619 [main | u:p] INFO  com.polarion.platform.startup  - ------------------------------
2017-06-22 13:56:38,620 [main | u:p] INFO  com.polarion.platform.startup  - Revisions processing (Phase: 4/9)
2017-06-22 13:56:38,910 [main | u:p] INFO  com.polarion.platform.startup  -  -- Processing new revisions from repository default in context ContextId[context [global]]
2017-06-22 13:56:38,919 [main | u:p] INFO  com.polarion.platform.startup  - Revisions processing ... took  [ TIME 0.31 s. ]
2017-06-22 13:56:38,970 [main | u:p] INFO  com.polarion.platform.startup  - ------------------------------
2017-06-22 13:56:38,970 [main | u:p] INFO  com.polarion.platform.startup  - Build artifacts recognition (Phase: 5/9)
2017-06-22 13:56:38,978 [main | u:p] INFO  com.polarion.platform.startup  -  -- Processing build artifacts from context: [GLOBAL] (1/8)
2017-06-22 13:56:39,128 [main | u:p] INFO  com.polarion.platform.startup  -  -- Processing build artifacts from cluster: default (2/8)
2017-06-22 13:56:39,186 [main | u:p] INFO  com.polarion.platform.startup  -  -- Processing build artifacts from context: MyPolarion (3/8)
2017-06-22 13:56:39,248 [main | u:p] INFO  com.polarion.platform.startup  -  -- Processing build artifacts from context: --Demo Projects (4/8)
2017-06-22 13:56:39,302 [main | u:p] INFO  com.polarion.platform.startup  -  -- Processing build artifacts from context: library (5/8)
2017-06-22 13:56:39,359 [main | u:p] INFO  com.polarion.platform.startup  -  -- Processing build artifacts from context: CAPA (6/8)
2017-06-22 13:56:39,494 [main | u:p] INFO  com.polarion.platform.startup  -  -- Processing build artifacts from context: elibrary (7/8)
2017-06-22 13:56:39,636 [main | u:p] INFO  com.polarion.platform.startup  -  -- Processing build artifacts from context: drivepilot (8/8)
2017-06-22 13:56:39,636 [main | u:p] INFO  com.polarion.platform.startup  - Build artifacts recognition ... took  [ TIME 0.72 s. ]
2017-06-22 13:56:39,636 [main | u:p] INFO  com.polarion.platform.startup  - ------------------------------
2017-06-22 13:56:39,636 [main | u:p] INFO  com.polarion.platform.startup  - BIR inspection (Phase: 6/9)
2017-06-22 13:56:39,682 [main | u:p] INFO  com.polarion.platform.startup  - BIR inspection ... took  [ TIME 0.05 s. ]
2017-06-22 13:56:39,716 [main | u:p] INFO  com.polarion.platform.startup  - ------------------------------
2017-06-22 13:56:39,716 [main | u:p] INFO  com.polarion.platform.startup  - Data indexing (Phase: 7/9)
2017-06-22 13:56:39,919 [main | u:p] INFO  com.polarion.platform.startup  -  -- Refreshing 9 objects in index: BuildArtifact
2017-06-22 13:56:39,933 [main | u:p] INFO  com.polarion.platform.startup  -  -- -- 9 from 9 objects were refreshed (100%)
2017-06-22 13:56:40,233 [main | u:p] INFO  com.polarion.platform.startup  -  -- Refreshing 1 objects in index: Revision
2017-06-22 13:56:40,233 [main | u:p] INFO  com.polarion.platform.startup  -  -- -- 1 from 1 objects were refreshed (100%)
2017-06-22 13:56:40,288 [main | u:p] INFO  com.polarion.platform.startup  - Data indexing ... took  [ TIME 0.61 s. ]
2017-06-22 13:56:40,288 [main | u:p] INFO  com.polarion.platform.startup  - ------------------------------
2017-06-22 13:56:40,288 [main | u:p] INFO  com.polarion.platform.startup  - Fields recalculation (Phase: 8/9)
2017-06-22 13:56:40,306 [main | u:p] INFO  com.polarion.platform.startup  - Fields recalculation ... took  [ TIME 0.02 s. ]
2017-06-22 13:56:40,306 [main | u:p] INFO  com.polarion.platform.startup  - ------------------------------
2017-06-22 13:56:40,306 [main | u:p] INFO  com.polarion.platform.startup  - Polarion startup (Phase: 9/9)
2017-06-22 13:57:17,415 [main] INFO  com.polarion.platform.startup  - Polarion startup ... took  [ TIME 37.11 s. ]
2017-06-22 13:57:17,416 [main] INFO  com.polarion.platform.startup  - ****************************************************************
2017-06-22 13:57:17,416 [main] INFO  com.polarion.platform.startup  -                  Polarion started:  [ TIME 45.5 s. ]
2017-06-22 13:57:17,416 [main] INFO  com.polarion.platform.startup  - ****************************************************************
