2017-06-23 11:49:04,738 [main] INFO  com.polarion.platform.startup  - ****************************************************************
2017-06-23 11:49:04,739 [main] INFO  com.polarion.platform.startup  -                 Polarion starting, please wait!                 
2017-06-23 11:49:04,739 [main] INFO  com.polarion.platform.startup  - ****************************************************************
2017-06-23 11:49:04,739 [main] INFO  com.polarion.platform.startup  - Server start mode: normal
2017-06-23 11:49:04,739 [main] INFO  com.polarion.platform.startup  - ------------------------------
2017-06-23 11:49:04,739 [main] INFO  com.polarion.platform.startup  - Platform startup (Phase: 1/9)
2017-06-23 11:49:09,240 [main] INFO  com.polarion.platform.startup  - Opening historical database...
2017-06-23 11:49:09,386 [main] INFO  com.polarion.platform.startup  - Opening of historical database finished [ TIME 0.146 s. ]
2017-06-23 11:49:09,386 [main] INFO  com.polarion.platform.startup  - Opening head database...
2017-06-23 11:49:09,455 [main] INFO  com.polarion.platform.startup  - Opening of head database finished [ TIME 0.0677 s. ]
2017-06-23 11:49:09,670 [main | u:p] INFO  com.polarion.platform.startup  -  -- Polarion startup estimation:  [ TIME 43 s. ]
2017-06-23 11:49:09,814 [main | u:p] INFO  com.polarion.platform.startup  - Platform startup ... took  [ TIME 5.08 s. ]
2017-06-23 11:49:09,985 [main | u:p] INFO  com.polarion.platform.startup  - ------------------------------
2017-06-23 11:49:09,985 [main | u:p] INFO  com.polarion.platform.startup  - Context recognition (Phase: 2/9)
2017-06-23 11:49:10,027 [main | u:p] INFO  com.polarion.platform.startup  - Context recognition ... took  [ TIME 0.21 s. ]
2017-06-23 11:49:10,028 [main | u:p] INFO  com.polarion.platform.startup  - ------------------------------
2017-06-23 11:49:10,028 [main | u:p] INFO  com.polarion.platform.startup  - Context initialization (Phase: 3/9)
2017-06-23 11:49:10,031 [LowLevelDataService-contextInitializer-5 | u:p | context: library] INFO  com.polarion.platform.startup  -  -- Initializing context: library (1/8)
2017-06-23 11:49:10,032 [LowLevelDataService-contextInitializer-4 | u:p | context: --Demo Projects] INFO  com.polarion.platform.startup  -  -- Initializing context: --Demo Projects (4/8)
2017-06-23 11:49:10,032 [LowLevelDataService-contextInitializer-1 | u:p | context: [GLOBAL]] INFO  com.polarion.platform.startup  -  -- Initializing context: [GLOBAL] (5/8)
2017-06-23 11:49:10,031 [LowLevelDataService-contextInitializer-3 | u:p | context: MyPolarion] INFO  com.polarion.platform.startup  -  -- Initializing context: MyPolarion (2/8)
2017-06-23 11:49:10,031 [LowLevelDataService-contextInitializer-2 | u:p | cluster: default] INFO  com.polarion.platform.startup  -  -- Initializing cluster: default (3/8)
2017-06-23 11:49:10,037 [LowLevelDataService-contextInitializer-1 | u:p | context: CAPA] INFO  com.polarion.platform.startup  -  -- Initializing context: CAPA (6/8)
2017-06-23 11:49:10,120 [LowLevelDataService-contextInitializer-2 | u:p | context: elibrary] INFO  com.polarion.platform.startup  -  -- Initializing context: elibrary (7/8)
2017-06-23 11:49:10,242 [LowLevelDataService-contextInitializer-4 | u:p | context: drivepilot] INFO  com.polarion.platform.startup  -  -- Initializing context: drivepilot (8/8)
2017-06-23 11:49:11,267 [main | u:p] INFO  com.polarion.platform.startup  - Context initialization ... took  [ TIME 1.24 s. ]
2017-06-23 11:49:11,278 [main | u:p] INFO  com.polarion.platform.startup  - ------------------------------
2017-06-23 11:49:11,278 [main | u:p] INFO  com.polarion.platform.startup  - Revisions processing (Phase: 4/9)
2017-06-23 11:49:11,574 [main | u:p] INFO  com.polarion.platform.startup  -  -- Processing new revisions from repository default in context ContextId[context [global]]
2017-06-23 11:49:11,585 [main | u:p] INFO  com.polarion.platform.startup  - Revisions processing ... took  [ TIME 0.32 s. ]
2017-06-23 11:49:11,635 [main | u:p] INFO  com.polarion.platform.startup  - ------------------------------
2017-06-23 11:49:11,635 [main | u:p] INFO  com.polarion.platform.startup  - Build artifacts recognition (Phase: 5/9)
2017-06-23 11:49:11,645 [main | u:p] INFO  com.polarion.platform.startup  -  -- Processing build artifacts from context: [GLOBAL] (1/8)
2017-06-23 11:49:11,784 [main | u:p] INFO  com.polarion.platform.startup  -  -- Processing build artifacts from cluster: default (2/8)
2017-06-23 11:49:11,840 [main | u:p] INFO  com.polarion.platform.startup  -  -- Processing build artifacts from context: MyPolarion (3/8)
2017-06-23 11:49:11,900 [main | u:p] INFO  com.polarion.platform.startup  -  -- Processing build artifacts from context: --Demo Projects (4/8)
2017-06-23 11:49:11,948 [main | u:p] INFO  com.polarion.platform.startup  -  -- Processing build artifacts from context: library (5/8)
2017-06-23 11:49:11,999 [main | u:p] INFO  com.polarion.platform.startup  -  -- Processing build artifacts from context: CAPA (6/8)
2017-06-23 11:49:12,174 [main | u:p] INFO  com.polarion.platform.startup  -  -- Processing build artifacts from context: elibrary (7/8)
2017-06-23 11:49:12,324 [main | u:p] INFO  com.polarion.platform.startup  -  -- Processing build artifacts from context: drivepilot (8/8)
2017-06-23 11:49:12,324 [main | u:p] INFO  com.polarion.platform.startup  - Build artifacts recognition ... took  [ TIME 0.74 s. ]
2017-06-23 11:49:12,325 [main | u:p] INFO  com.polarion.platform.startup  - ------------------------------
2017-06-23 11:49:12,325 [main | u:p] INFO  com.polarion.platform.startup  - BIR inspection (Phase: 6/9)
2017-06-23 11:49:12,378 [main | u:p] INFO  com.polarion.platform.startup  - BIR inspection ... took  [ TIME 0.05 s. ]
2017-06-23 11:49:12,407 [main | u:p] INFO  com.polarion.platform.startup  - ------------------------------
2017-06-23 11:49:12,407 [main | u:p] INFO  com.polarion.platform.startup  - Data indexing (Phase: 7/9)
2017-06-23 11:49:12,630 [main | u:p] INFO  com.polarion.platform.startup  -  -- Refreshing 9 objects in index: BuildArtifact
2017-06-23 11:49:12,645 [main | u:p] INFO  com.polarion.platform.startup  -  -- -- 9 from 9 objects were refreshed (100%)
2017-06-23 11:49:12,916 [main | u:p] INFO  com.polarion.platform.startup  -  -- Refreshing 1 objects in index: Revision
2017-06-23 11:49:12,917 [main | u:p] INFO  com.polarion.platform.startup  -  -- -- 1 from 1 objects were refreshed (100%)
2017-06-23 11:49:12,975 [main | u:p] INFO  com.polarion.platform.startup  - Data indexing ... took  [ TIME 0.6 s. ]
2017-06-23 11:49:12,976 [main | u:p] INFO  com.polarion.platform.startup  - ------------------------------
2017-06-23 11:49:12,976 [main | u:p] INFO  com.polarion.platform.startup  - Fields recalculation (Phase: 8/9)
2017-06-23 11:49:12,990 [main | u:p] INFO  com.polarion.platform.startup  - Fields recalculation ... took  [ TIME 0.01 s. ]
2017-06-23 11:49:12,990 [main | u:p] INFO  com.polarion.platform.startup  - ------------------------------
2017-06-23 11:49:12,990 [main | u:p] INFO  com.polarion.platform.startup  - Polarion startup (Phase: 9/9)
2017-06-23 11:49:47,992 [main] INFO  com.polarion.platform.startup  - Polarion startup ... took  [ TIME 35.0 s. ]
2017-06-23 11:49:47,993 [main] INFO  com.polarion.platform.startup  - ****************************************************************
2017-06-23 11:49:47,993 [main] INFO  com.polarion.platform.startup  -                  Polarion started:  [ TIME 43.3 s. ]
2017-06-23 11:49:47,993 [main] INFO  com.polarion.platform.startup  - ****************************************************************
