2017-06-22 14:52:38,338 [main | u:p] INFO  TXLOGGER  - Summary for 'Platform startup': transactions: 0, DB: 0.0409 s [52% query (13x), 47% update (126x)] (206x), svn: 0.0241 s [87% checkPath (1x)] (3x)
2017-06-22 14:52:38,557 [main | u:p] INFO  TXLOGGER  - Summary for 'Context recognition': transactions: 0, svn: 0.0988 s [40% info (3x), 33% getDir2 content (2x), 27% getFile content (1x)] (6x)
2017-06-22 14:52:39,918 [LowLevelDataService-contextInitializer-1 | u:p] INFO  TXLOGGER  - Summary: Total: 1.36 s, transactions: 0
2017-06-22 14:52:39,919 [LowLevelDataService-contextInitializer-2 | u:p] INFO  TXLOGGER  - Summary: Total: 1.36 s, transactions: 0, svn: 0.146 s [98% log2 (6x)] (8x)
2017-06-22 14:52:39,919 [LowLevelDataService-contextInitializer-4 | u:p] INFO  TXLOGGER  - Summary: Total: 1.36 s, transactions: 0, svn: 0.178 s [98% log2 (10x)] (12x), ObjectMaps: 0.0705 s [97% getAllPrimaryObjects (2x)] (20x)
2017-06-22 14:52:39,919 [LowLevelDataService-contextInitializer-3 | u:p] INFO  TXLOGGER  - Summary: Total: 1.36 s, transactions: 0, ObjectMaps: 0.291 s [100% getAllPrimaryObjects (1x)] (7x), svn: 0.127 s [32% log (1x), 30% log2 (5x), 23% info (4x)] (15x)
2017-06-22 14:52:39,919 [LowLevelDataService-contextInitializer-5 | u:p] INFO  TXLOGGER  - Summary: Total: 1.36 s, transactions: 0, svn: 0.0861 s [98% log2 (5x)] (6x)
2017-06-22 14:52:39,919 [main | u:p] INFO  TXLOGGER  - Summary for 'Context initialization': transactions: 0, svn: 0.601 s [84% log2 (31x)] (47x), ObjectMaps: 0.458 s [99% getAllPrimaryObjects (7x)] (55x)
2017-06-22 14:52:40,224 [main | u:p] INFO  TXLOGGER  - Summary for 'Revisions processing': transactions: 14, RepositoryConfigService: 0.207 s [100% getReadConfiguration (42x)] (42x), svn: 0.118 s [90% info (15x)] (32x)
2017-06-22 14:52:40,947 [main | u:p] INFO  TXLOGGER  - Summary for 'Build artifacts recognition': transactions: 40, svn: 0.585 s [87% info (78x)] (131x), RepositoryConfigService: 0.469 s [100% getReadConfiguration (48x)] (48x)
2017-06-22 14:52:41,451 [main | u:p] INFO  TXLOGGER  - Summary for 'Data indexing': transactions: 0, Lucene: 0.207 s [100% refresh (1x)] (1x), SubterraURITable: 0.0136 s [100% addIfNotExistsDB (1x)] (1x), derivedLinkedRevisionsContributor: 0.0116 s [100% objectsToInv (1x)] (1x)
2017-06-22 14:53:17,417 [ajp-nio-8889-exec-5 | u:admin] INFO  TXLOGGER  - Summary for 'PortalDataService.getInitData': Total: 0.4 s, transactions: 5, svn: 0.121 s [61% info (11x), 32% getFile content (5x)] (24x), RepositoryConfigService: 0.114 s [100% getReadConfiguration (9x)] (14x), resolve: 0.0705 s [100% Project (2x)] (3x)
2017-06-22 14:53:18,046 [ajp-nio-8889-exec-6 | u:admin] INFO  TXLOGGER  - Summary for 'PortalDataService.requestPortalSite': Total: 0.3 s, transactions: 6, svn: 0.139 s [80% info (10x), 20% getFile content (3x)] (18x), RepositoryConfigService: 0.138 s [81% getReadConfiguration (12x)] (21x)
2017-06-22 14:53:18,255 [main] INFO  TXLOGGER  - Summary for 'Polarion startup': transactions: 12, svn: 0.719 s [75% info (68x), 12% getFile content (10x)] (111x), RepositoryConfigService: 0.285 s [91% getReadConfiguration (23x)] (41x), resolve: 0.161 s [54% User (2x), 44% Project (4x)] (11x)
2017-06-22 14:53:18,374 [ajp-nio-8889-exec-8 | u:admin] INFO  TXLOGGER  - Summary for 'PortalDataService.getShortcutsData': Total: 0.139 s, transactions: 2, RepositoryConfigService: 0.0744 s [77% getReadConfiguration (2x), 23% getReadUserConfiguration (2x)] (4x), svn: 0.0693 s [70% info (3x), 30% getFile content (1x)] (6x)
2017-06-22 14:53:18,445 [Persistence Events Processing Thread | u:p] INFO  TXLOGGER  - Summary: Total: 0.184 s, transactions: 6, persistence listener: 0.182 s [96% notificationsCreatingListener (1x)] (7x)
2017-06-22 14:53:18,516 [Worker-0 | u:p | job: polarion.jobs.attachment.indexer] INFO  TXLOGGER  - Summary after AttachmentIndexer: transactions: 8, persistence listener: 0.182 s [96% notificationsCreatingListener (1x)] (7x), Lucene: 0.0992 s [100% add (2x)] (2x), RepositoryConfigService: 0.0744 s [77% getReadConfiguration (2x), 23% getReadUserConfiguration (2x)] (4x), svn: 0.0693 s [70% info (3x), 30% getFile content (1x)] (6x)
2017-06-22 14:53:19,446 [PreLoadDataService | u:p] INFO  TXLOGGER  - Tx 5733c73b20844_0_5733c73b20844_0_: finished. Total: 1.17 s, svn: 0.789 s [46% getDir2 content (22x), 29% info (20x), 24% getFile content (13x)] (58x), resolve: 0.463 s [59% Category (8x), 41% TimePoint (5x)] (13x)
2017-06-22 14:53:19,549 [PreLoadDataService | u:p] INFO  TXLOGGER  - Tx 5733c73c4584c_0_5733c73c4584c_0_: finished. Total: 0.103 s, svn: 0.0579 s [64% getDir2 content (2x), 36% info (2x)] (5x), Lucene: 0.033 s [100% search (1x)] (1x)
2017-06-22 14:53:20,081 [ajp-nio-8889-exec-10 | u:admin | uri:/polarion/wiki/bin/view/page/Home | wiki: view http://localhost/polarion/wiki/bin/view/page/Home] INFO  TXLOGGER  - Tx 5733c73cb444e_0_5733c73cb444e_0_: finished. Total: 0.192 s
2017-06-22 14:53:20,102 [PreLoadDataService | u:p] INFO  TXLOGGER  - Tx 5733c73c7cc4d_0_5733c73c7cc4d_0_: finished. Total: 0.435 s, svn: 0.281 s [62% getFile content (13x), 38% info (10x)] (24x), resolve: 0.213 s [100% User (8x)] (8x), RepositoryConfigService: 0.191 s [83% getReadConfiguration (72x)] (74x)
2017-06-22 14:53:20,175 [ajp-nio-8889-exec-10] INFO  TXLOGGER  - Summary for 'servlet /polarion/wiki/bin/view/page/Home': Total: 2.01 s, transactions: 2, Velocity: 0.914 s [100% evaluate in Wiki (1x)] (1x), svn: 0.803 s [61% info (54x), 23% getFile properties (18x)] (86x)
2017-06-22 14:53:20,516 [DBHistoryCreator-1 | u:p] INFO  TXLOGGER  - Summary: Total: 1.96 s, transactions: 0
2017-06-22 14:53:20,551 [Worker-1 | u:p | job: polarion.jobs.db.history] INFO  TXLOGGER  - Summary after DBHistoryCreator: transactions: 2, Velocity: 0.914 s [100% evaluate in Wiki (1x)] (1x), svn: 0.806 s [61% info (54x), 23% getFile properties (18x)] (87x), resolve: 0.0816 s [98% WikiPage (15x)] (20x), Lucene: 0.0712 s [56% search (2x), 44% add (1x)] (3x)
2017-06-22 14:53:20,553 [Worker-1 | u:p] INFO  TXLOGGER  - Summary for 'job: polarion.jobs.db.history': Total: 2.04 s, transactions: 0, SubterraURITable: 1.62 s [100% getDB (4047x)] (4047x), DB: 1.51 s [52% query (4073x), 30% update (4048x)] (20319x)
2017-06-22 14:53:20,763 [ajp-nio-8889-exec-9] INFO  TXLOGGER  - Summary for 'servlet /polarion/wiki/bin/download/page/_default/Home/ProjectElibrary.png': Total: 0.536 s, transactions: 0
2017-06-22 14:53:20,770 [ajp-nio-8889-exec-5] INFO  TXLOGGER  - Summary for 'servlet /polarion/wiki/bin/download/page/_default/Home/ProjectDrivePilot.png': Total: 0.545 s, transactions: 0
2017-06-22 14:53:20,778 [ajp-nio-8889-exec-6] INFO  TXLOGGER  - Summary for 'servlet /polarion/wiki/bin/download/page/_default/Home/IveGotTime.png': Total: 0.552 s, transactions: 0, svn: 0.0309 s [100% info (2x)] (2x)
2017-06-22 14:53:20,791 [ajp-nio-8889-exec-4] INFO  TXLOGGER  - Summary for 'servlet /polarion/wiki/bin/download/page/_default/Home/TimeIsShort.png': Total: 0.568 s, transactions: 0, svn: 0.0512 s [100% info (2x)] (2x)
2017-06-22 14:53:21,008 [ajp-nio-8889-exec-7] INFO  TXLOGGER  - Summary for 'servlet /polarion/wiki/bin/download/page/_default/Home/CreateNewProject.png': Total: 0.356 s, transactions: 0, svn: 0.0211 s [100% info (2x)] (2x)
2017-06-22 14:53:21,024 [ajp-nio-8889-exec-8] INFO  TXLOGGER  - Summary for 'servlet /polarion/wiki/bin/download/page/_default/Home/TutorialVideos.png': Total: 0.364 s, transactions: 0, svn: 0.0225 s [100% info (2x)] (2x)
2017-06-22 14:53:21,035 [ajp-nio-8889-exec-1] INFO  TXLOGGER  - Summary for 'servlet /polarion/wiki/bin/download/page/_default/Home/VideoPortal.png': Total: 0.267 s, transactions: 0, svn: 0.0227 s [100% info (2x)] (2x)
2017-06-22 14:53:21,050 [ajp-nio-8889-exec-10] INFO  TXLOGGER  - Summary for 'servlet /polarion/wiki/bin/download/page/_default/Home/VideoLiveDocs.png': Total: 0.275 s, transactions: 0
2017-06-22 14:53:21,065 [ajp-nio-8889-exec-2] INFO  TXLOGGER  - Summary for 'servlet /polarion/wiki/bin/download/page/_default/Home/WatchAll.png': Total: 0.282 s, transactions: 0, svn: 0.0189 s [100% info (2x)] (2x)
2017-06-22 14:53:21,088 [PreLoadDataService | u:p] INFO  TXLOGGER  - Tx 5733c73ce9c4f_0_5733c73ce9c4f_0_: finished. Total: 0.984 s, svn: 0.858 s [57% info (29x), 43% getFile content (13x)] (43x), RepositoryConfigService: 0.538 s [82% getReadConfiguration (55x)] (78x)
2017-06-22 14:53:22,184 [PreLoadDataService | u:p] INFO  TXLOGGER  - Tx 5733c73de0051_0_5733c73de0051_0_: finished. Total: 1.1 s, svn: 0.996 s [49% getFile content (47x), 30% info (32x), 21% getDir2 content (13x)] (93x), RepositoryConfigService: 0.653 s [87% getReadConfiguration (164x)] (180x)
2017-06-22 14:53:23,040 [PreLoadDataService | u:p] INFO  TXLOGGER  - Tx 5733c73ef2052_0_5733c73ef2052_0_: finished. Total: 0.856 s, svn: 0.774 s [61% info (74x), 34% getFile content (35x)] (114x), RepositoryConfigService: 0.69 s [51% getExistingPrefixes (30x), 49% getReadConfiguration (295x)] (370x)
2017-06-22 14:53:23,602 [PreLoadDataService | u:p] INFO  TXLOGGER  - Tx 5733c73fc8053_0_5733c73fc8053_0_: finished. Total: 0.561 s, svn: 0.542 s [47% info (36x), 32% getFile content (21x), 21% getDir2 content (13x)] (71x), RepositoryConfigService: 0.291 s [64% getReadConfiguration (88x), 36% getExistingPrefixes (11x)] (110x)
2017-06-22 14:53:23,940 [PreLoadDataService | u:p] INFO  TXLOGGER  - Tx 5733c74054854_0_5733c74054854_0_: finished. Total: 0.339 s, svn: 0.329 s [59% info (35x), 21% getDir2 content (8x), 20% getFile content (8x)] (52x), RepositoryConfigService: 0.156 s [52% getReadConfiguration (38x), 48% getExistingPrefixes (9x)] (54x)
2017-06-22 14:53:24,441 [PreLoadDataService | u:p] INFO  TXLOGGER  - Tx 5733c740a9055_0_5733c740a9055_0_: finished. Total: 0.5 s, svn: 0.482 s [42% info (34x), 37% getFile content (24x), 20% getDir2 content (9x)] (68x), RepositoryConfigService: 0.288 s [68% getReadConfiguration (87x), 32% getExistingPrefixes (11x)] (109x)
2017-06-22 14:53:24,442 [PreLoadDataService] INFO  TXLOGGER  - Summary for 'PreloadDataService': Total: 6.18 s, transactions: 9, svn: 5.16 s [44% info (275x), 37% getFile content (177x)] (536x), RepositoryConfigService: 2.81 s [70% getReadConfiguration (801x), 29% getExistingPrefixes (79x)] (977x), resolve: 0.785 s [35% Category (8x), 27% User (8x), 24% TimePoint (5x)] (26x)
2017-06-22 14:53:24,442 [PreLoadDataService] INFO  TXLOGGER  - Summary after preload: transactions: 9, svn: 5.39 s [47% info (293x), 36% getFile content (177x)] (555x), RepositoryConfigService: 2.81 s [70% getReadConfiguration (809x), 29% getExistingPrefixes (79x)] (988x), SubterraURITable: 1.62 s [100% getDB (4047x)] (4047x), DB: 1.51 s [52% query (4073x), 30% update (4048x)] (20319x), resolve: 0.786 s [35% Category (8x), 27% User (10x), 24% TimePoint (5x)] (30x)
2017-06-22 14:53:38,444 [ajp-nio-8889-exec-9 | u:admin] INFO  TXLOGGER  - Summary for 'PortalDataService.requestPortalSite': Total: 0.119 s, transactions: 5, svn: 0.0835 s [51% info (6x), 39% getFile content (4x)] (16x), RepositoryConfigService: 0.0777 s [100% getReadConfiguration (26x)] (49x)
2017-06-22 14:53:40,022 [ajp-nio-8889-exec-4 | u:admin | uri:/polarion/wiki/bin/view/project/drivepilot/page/Home | wiki: view http://localhost/polarion/wiki/bin/view/project/drivepilot/page/Home] INFO  TXLOGGER  - Tx 5733c74fed05f_0_5733c74fed05f_0_: finished. Total: 0.45 s, svn: 0.311 s [84% info (36x)] (43x), resolve: 0.236 s [98% WikiPage (24x)] (38x)
2017-06-22 14:53:40,049 [ajp-nio-8889-exec-4] INFO  TXLOGGER  - Summary for 'servlet /polarion/wiki/bin/view/project/drivepilot/page/Home': Total: 1.55 s, transactions: 6, Velocity: 1.24 s [100% evaluate in Wiki (1x)] (1x), svn: 1.1 s [82% info (130x)] (160x), resolve: 0.282 s [99% WikiPage (41x)] (58x)
2017-06-22 14:53:40,185 [ajp-nio-8889-exec-10] INFO  TXLOGGER  - Summary for 'servlet /polarion/wiki/bin/download/project/drivepilot/page/_default/Home/project_logo.jpg': Total: 0.117 s, transactions: 0, svn: 0.0136 s [100% info (2x)] (2x)
2017-06-22 14:57:06,814 [ajp-nio-8889-exec-6 | u:admin] INFO  TXLOGGER  - Summary for 'WorkItemDataService.saveWorkItem': Total: 0.115 s, transactions: 2, resolve: 0.0856 s [100% WorkItem (2x)] (2x), svn: 0.0551 s [50% info (3x), 24% getFile content (1x), 24% getDir2 content (1x)] (8x), calculatedFieldsContributor: 0.0177 s [100% fields (1x)] (1x), RepositoryConfigService: 0.0175 s [87% getExistingPrefixes (1x)] (5x)
2017-06-22 14:57:24,333 [ajp-nio-8889-exec-5 | u:admin] INFO  TXLOGGER  - Tx 5733c81be3c66_0_5733c81be3c66_0_: finished. Total: 15.9 s, workflow: 14.7 s [100% ComputeTotalLifeTime (1x)] (1x), rollback: true
2017-06-22 14:57:24,333 [ajp-nio-8889-exec-5 | u:admin] INFO  TXLOGGER  - Summary for 'WorkItemDataService.saveWorkItem': Total: 15.9 s, transactions: 1, workflow: 14.7 s [100% ComputeTotalLifeTime (1x)] (1x)
2017-06-22 14:57:24,527 [ajp-nio-8889-exec-9 | u:admin] INFO  TXLOGGER  - Summary for 'DebugService.deObfuscateStackTrace': Total: 0.101 s, transactions: 0
