2017-06-23 11:11:05,501 [main | u:p] INFO  TXLOGGER  - Summary for 'Platform startup': transactions: 0, DB: 0.0407 s [50% update (126x), 48% query (13x)] (206x), svn: 0.024 s [87% checkPath (1x)] (3x)
2017-06-23 11:11:05,707 [main | u:p] INFO  TXLOGGER  - Summary for 'Context recognition': transactions: 0, svn: 0.0879 s [41% info (3x), 32% getDir2 content (2x), 27% getFile content (1x)] (6x)
2017-06-23 11:11:06,941 [LowLevelDataService-contextInitializer-5 | u:p] INFO  TXLOGGER  - Summary: Total: 1.23 s, transactions: 0
2017-06-23 11:11:06,941 [LowLevelDataService-contextInitializer-3 | u:p] INFO  TXLOGGER  - Summary: Total: 1.23 s, transactions: 0, ObjectMaps: 0.269 s [100% getAllPrimaryObjects (1x)] (7x)
2017-06-23 11:11:06,941 [LowLevelDataService-contextInitializer-4 | u:p] INFO  TXLOGGER  - Summary: Total: 1.23 s, transactions: 0, svn: 0.133 s [98% log2 (10x)] (12x), ObjectMaps: 0.0647 s [100% getAllPrimaryObjects (2x)] (14x)
2017-06-23 11:11:06,941 [LowLevelDataService-contextInitializer-1 | u:p] INFO  TXLOGGER  - Summary: Total: 1.23 s, transactions: 0, svn: 0.194 s [37% log2 (5x), 29% log (1x), 20% info (4x)] (15x)
2017-06-23 11:11:06,941 [LowLevelDataService-contextInitializer-2 | u:p] INFO  TXLOGGER  - Summary: Total: 1.23 s, transactions: 0, svn: 0.155 s [98% log2 (6x)] (8x)
2017-06-23 11:11:06,941 [main | u:p] INFO  TXLOGGER  - Summary for 'Context initialization': transactions: 0, svn: 0.577 s [77% log2 (31x), 10% log (1x)] (47x), ObjectMaps: 0.417 s [99% getAllPrimaryObjects (7x)] (55x)
2017-06-23 11:11:07,256 [main | u:p] INFO  TXLOGGER  - Summary for 'Revisions processing': transactions: 14, RepositoryConfigService: 0.2 s [100% getReadConfiguration (42x)] (42x), svn: 0.114 s [89% info (15x)] (32x)
2017-06-23 11:11:08,047 [main | u:p] INFO  TXLOGGER  - Summary for 'Build artifacts recognition': transactions: 40, svn: 0.619 s [86% info (78x)] (131x), RepositoryConfigService: 0.531 s [100% getReadConfiguration (48x)] (48x)
2017-06-23 11:11:08,574 [main | u:p] INFO  TXLOGGER  - Summary for 'Data indexing': transactions: 0, Lucene: 0.215 s [100% refresh (1x)] (1x), SubterraURITable: 0.0143 s [100% addIfNotExistsDB (1x)] (1x), derivedLinkedRevisionsContributor: 0.0112 s [100% objectsToInv (1x)] (1x)
2017-06-23 11:11:43,454 [main] INFO  TXLOGGER  - Summary for 'Polarion startup': transactions: 1, svn: 0.319 s [79% info (47x), 11% getDir2 content (5x)] (66x), RepositoryConfigService: 0.0316 s [100% getReadConfiguration (2x)] (2x)
2017-06-23 11:11:43,580 [Persistence Events Processing Thread | u:p] INFO  TXLOGGER  - Summary: Total: 0.123 s, transactions: 6, persistence listener: 0.122 s [93% notificationsCreatingListener (1x)] (7x)
2017-06-23 11:11:43,704 [Worker-0 | u:p | job: polarion.jobs.attachment.indexer] INFO  TXLOGGER  - Summary after AttachmentIndexer: transactions: 6, Lucene: 0.126 s [100% add (2x)] (2x), persistence listener: 0.122 s [93% notificationsCreatingListener (1x)] (7x), resolve: 0.0371 s [90% User (2x)] (5x), ObjectMaps: 0.00982 s [100% getPrimaryObjectLocation (2x)] (2x)
2017-06-23 11:11:44,366 [PreLoadDataService | u:p] INFO  TXLOGGER  - Tx 5734de1ae9c38_0_5734de1ae9c38_0_: finished. Total: 0.903 s, svn: 0.511 s [63% getDir2 content (25x), 37% getFile content (15x)] (43x), resolve: 0.402 s [52% Category (8x), 48% TimePoint (5x)] (13x), ObjectMaps: 0.0551 s [50% getPrimaryObjectLocation (13x), 29% getPrimaryObjectProperty (13x), 21% getLastPromoted (13x)] (55x)
2017-06-23 11:11:44,848 [PreLoadDataService | u:p] INFO  TXLOGGER  - Tx 5734de1bf8840_0_5734de1bf8840_0_: finished. Total: 0.3 s, svn: 0.208 s [60% getFile content (14x), 40% info (10x)] (25x), RepositoryConfigService: 0.156 s [81% getReadConfiguration (72x)] (74x), resolve: 0.114 s [100% User (8x)] (8x), ObjectMaps: 0.0253 s [45% getPrimaryObjectLocation (8x), 30% getPrimaryObjectProperty (8x), 25% getLastPromoted (8x)] (33x)
2017-06-23 11:11:45,018 [PreLoadDataService | u:p] INFO  TXLOGGER  - Tx 5734de1c44041_0_5734de1c44041_0_: finished. Total: 0.169 s, RepositoryConfigService: 0.144 s [99% getReadConfiguration (55x)] (78x), svn: 0.108 s [100% getFile content (13x)] (14x)
2017-06-23 11:11:45,350 [DBHistoryCreator-1 | u:p] INFO  TXLOGGER  - Summary: Total: 1.6 s, transactions: 0
2017-06-23 11:11:45,351 [Worker-1 | u:p | job: polarion.jobs.db.history] INFO  TXLOGGER  - Summary after DBHistoryCreator: transactions: 0, Lucene: 0.0294 s [100% add (1x)] (1x), svn: 0.00157 s [100% getLatestRevision (1x)] (1x)
2017-06-23 11:11:45,352 [Worker-1 | u:p] INFO  TXLOGGER  - Summary for 'job: polarion.jobs.db.history': Total: 1.65 s, transactions: 0, SubterraURITable: 1.33 s [100% getDB (4099x)] (4099x), DB: 1.24 s [50% query (4125x), 32% update (4100x)] (20619x)
2017-06-23 11:11:45,838 [PreLoadDataService | u:p] INFO  TXLOGGER  - Tx 5734de1c6e842_0_5734de1c6e842_0_: finished. Total: 0.82 s, svn: 0.749 s [64% getFile content (47x), 36% getDir2 content (17x)] (65x), RepositoryConfigService: 0.534 s [100% getReadConfiguration (164x)] (180x)
2017-06-23 11:11:46,173 [PreLoadDataService | u:p] INFO  TXLOGGER  - Tx 5734de1d3b843_0_5734de1d3b843_0_: finished. Total: 0.336 s, RepositoryConfigService: 0.283 s [99% getReadConfiguration (295x)] (370x), svn: 0.277 s [85% getFile content (35x)] (42x)
2017-06-23 11:11:46,594 [PreLoadDataService | u:p] INFO  TXLOGGER  - Tx 5734de1d8f844_0_5734de1d8f844_0_: finished. Total: 0.421 s, svn: 0.388 s [57% getFile content (21x), 43% getDir2 content (17x)] (39x), RepositoryConfigService: 0.248 s [100% getReadConfiguration (88x)] (110x)
2017-06-23 11:11:46,715 [PreLoadDataService | u:p] INFO  TXLOGGER  - Tx 5734de1df8c45_0_5734de1df8c45_0_: finished. Total: 0.12 s, svn: 0.111 s [58% getDir2 content (11x), 42% getFile content (8x)] (20x), RepositoryConfigService: 0.0527 s [99% getReadConfiguration (38x)] (54x)
2017-06-23 11:11:47,008 [PreLoadDataService | u:p] INFO  TXLOGGER  - Tx 5734de1e16c46_0_5734de1e16c46_0_: finished. Total: 0.293 s, svn: 0.26 s [61% getFile content (24x), 39% getDir2 content (12x)] (37x), RepositoryConfigService: 0.187 s [100% getReadConfiguration (87x)] (109x)
2017-06-23 11:11:47,009 [PreLoadDataService] INFO  TXLOGGER  - Summary for 'PreloadDataService': Total: 3.55 s, transactions: 9, svn: 2.69 s [59% getFile content (182x), 36% getDir2 content (90x)] (301x), RepositoryConfigService: 1.64 s [98% getReadConfiguration (801x)] (981x), resolve: 0.633 s [33% Category (8x), 30% TimePoint (5x), 19% Project (5x)] (26x)
2017-06-23 11:11:47,009 [PreLoadDataService] INFO  TXLOGGER  - Summary after preload: transactions: 9, svn: 2.69 s [59% getFile content (182x), 36% getDir2 content (90x)] (301x), RepositoryConfigService: 1.64 s [98% getReadConfiguration (801x)] (981x), SubterraURITable: 1.33 s [100% getDB (4099x)] (4099x), DB: 1.24 s [50% query (4125x), 32% update (4100x)] (20619x), resolve: 0.634 s [33% Category (8x), 30% TimePoint (5x), 19% Project (5x)] (27x)
2017-06-23 11:22:14,974 [ajp-nio-8889-exec-7 | u:admin] INFO  TXLOGGER  - Summary for 'DebugService.deObfuscateStackTrace': Total: 0.105 s, transactions: 0
2017-06-23 11:24:49,538 [ajp-nio-8889-exec-10 | u:admin] INFO  TXLOGGER  - Summary for 'DebugService.deObfuscateStackTrace': Total: 0.123 s, transactions: 0
