2017-06-22 16:30:20,757 [main | u:p] INFO  TXLOGGER  - Summary for 'Platform startup': transactions: 0, DB: 0.0599 s [62% query (13x), 37% update (126x)] (206x), svn: 0.0245 s [85% checkPath (1x)] (3x)
2017-06-22 16:30:21,004 [main | u:p] INFO  TXLOGGER  - Summary for 'Context recognition': transactions: 0, svn: 0.128 s [50% info (3x), 29% getDir2 content (2x), 20% getFile content (1x)] (6x)
2017-06-22 16:30:22,300 [LowLevelDataService-contextInitializer-1 | u:p] INFO  TXLOGGER  - Summary: Total: 1.29 s, transactions: 0
2017-06-22 16:30:22,300 [LowLevelDataService-contextInitializer-5 | u:p] INFO  TXLOGGER  - Summary: Total: 1.29 s, transactions: 0, svn: 0.0782 s [98% log2 (5x)] (6x)
2017-06-22 16:30:22,300 [LowLevelDataService-contextInitializer-2 | u:p] INFO  TXLOGGER  - Summary: Total: 1.29 s, transactions: 0, svn: 0.126 s [97% log2 (6x)] (8x)
2017-06-22 16:30:22,300 [LowLevelDataService-contextInitializer-3 | u:p] INFO  TXLOGGER  - Summary: Total: 1.29 s, transactions: 0, ObjectMaps: 0.258 s [100% getAllPrimaryObjects (1x)] (7x)
2017-06-22 16:30:22,300 [LowLevelDataService-contextInitializer-4 | u:p] INFO  TXLOGGER  - Summary: Total: 1.29 s, transactions: 0, svn: 0.246 s [58% log2 (10x), 23% log (1x)] (21x)
2017-06-22 16:30:22,301 [main | u:p] INFO  TXLOGGER  - Summary for 'Context initialization': transactions: 0, svn: 0.542 s [79% log2 (31x), 11% log (1x)] (47x), ObjectMaps: 0.403 s [99% getAllPrimaryObjects (7x)] (55x)
2017-06-22 16:30:22,596 [main | u:p] INFO  TXLOGGER  - Summary for 'Revisions processing': transactions: 14, RepositoryConfigService: 0.197 s [100% getReadConfiguration (42x)] (42x), svn: 0.113 s [91% info (15x)] (32x)
2017-06-22 16:30:23,257 [main | u:p] INFO  TXLOGGER  - Summary for 'Build artifacts recognition': transactions: 40, svn: 0.532 s [87% info (78x)] (131x), RepositoryConfigService: 0.428 s [100% getReadConfiguration (48x)] (48x)
2017-06-22 16:30:23,822 [main | u:p] INFO  TXLOGGER  - Summary for 'Data indexing': transactions: 0, Lucene: 0.259 s [100% refresh (1x)] (1x), SubterraURITable: 0.0173 s [100% addIfNotExistsDB (1x)] (1x), DB: 0.0156 s [62% update (3x), 26% query (1x)] (8x)
2017-06-22 16:31:00,237 [main] INFO  TXLOGGER  - Summary for 'Polarion startup': transactions: 1, svn: 0.317 s [81% info (47x)] (67x), RepositoryConfigService: 0.0346 s [100% getReadConfiguration (2x)] (2x)
2017-06-22 16:31:00,345 [Persistence Events Processing Thread | u:p] INFO  TXLOGGER  - Summary: Total: 0.104 s, transactions: 6, persistence listener: 0.103 s [92% notificationsCreatingListener (1x)] (7x)
2017-06-22 16:31:00,426 [Worker-0 | u:p | job: polarion.jobs.attachment.indexer] INFO  TXLOGGER  - Summary after AttachmentIndexer: transactions: 6, persistence listener: 0.103 s [92% notificationsCreatingListener (1x)] (7x), Lucene: 0.0768 s [100% add (2x)] (2x), resolve: 0.0408 s [92% User (2x)] (5x), ObjectMaps: 0.0108 s [100% getPrimaryObjectLocation (2x)] (2x)
2017-06-22 16:31:01,109 [PreLoadDataService | u:p] INFO  TXLOGGER  - Tx 5733dd97b5c38_0_5733dd97b5c38_0_: finished. Total: 0.862 s, svn: 0.458 s [69% getDir2 content (25x), 31% getFile content (15x)] (43x), resolve: 0.399 s [55% Category (8x), 45% TimePoint (5x)] (13x), ObjectMaps: 0.0541 s [51% getPrimaryObjectLocation (13x), 29% getPrimaryObjectProperty (13x)] (55x)
2017-06-22 16:31:01,685 [PreLoadDataService | u:p] INFO  TXLOGGER  - Tx 5733dd98cac40_0_5733dd98cac40_0_: finished. Total: 0.329 s, svn: 0.184 s [63% getFile content (14x), 37% info (10x)] (25x), resolve: 0.171 s [100% User (8x)] (8x), RepositoryConfigService: 0.126 s [82% getReadConfiguration (72x)] (74x), ObjectMaps: 0.0261 s [49% getPrimaryObjectLocation (8x), 27% getPrimaryObjectProperty (8x), 24% getLastPromoted (8x)] (33x)
2017-06-22 16:31:01,878 [PreLoadDataService | u:p] INFO  TXLOGGER  - Tx 5733dd991d441_0_5733dd991d441_0_: finished. Total: 0.193 s, RepositoryConfigService: 0.149 s [86% getReadConfiguration (55x)] (78x), svn: 0.11 s [100% getFile content (13x)] (14x)
2017-06-22 16:31:02,143 [DBHistoryCreator-1 | u:p] INFO  TXLOGGER  - Summary: Total: 1.68 s, transactions: 0
2017-06-22 16:31:02,144 [Worker-1 | u:p | job: polarion.jobs.db.history] INFO  TXLOGGER  - Summary after DBHistoryCreator: transactions: 0, Lucene: 0.0242 s [100% add (1x)] (1x)
2017-06-22 16:31:02,144 [Worker-1 | u:p] INFO  TXLOGGER  - Summary for 'job: polarion.jobs.db.history': Total: 1.72 s, transactions: 0, DB: 1.35 s [58% query (4088x), 26% update (4063x)] (20407x), SubterraURITable: 1.21 s [100% getDB (4062x)] (4062x)
2017-06-22 16:31:02,607 [PreLoadDataService | u:p] INFO  TXLOGGER  - Tx 5733dd994d842_0_5733dd994d842_0_: finished. Total: 0.728 s, svn: 0.655 s [71% getFile content (47x), 29% getDir2 content (17x)] (65x), RepositoryConfigService: 0.519 s [100% getReadConfiguration (164x)] (180x)
2017-06-22 16:31:02,967 [PreLoadDataService | u:p] INFO  TXLOGGER  - Tx 5733dd9a03c43_0_5733dd9a03c43_0_: finished. Total: 0.361 s, RepositoryConfigService: 0.304 s [99% getReadConfiguration (295x)] (370x), svn: 0.304 s [85% getFile content (35x)] (42x)
2017-06-22 16:31:03,292 [PreLoadDataService | u:p] INFO  TXLOGGER  - Tx 5733dd9a5e044_0_5733dd9a5e044_0_: finished. Total: 0.324 s, svn: 0.291 s [54% getFile content (21x), 46% getDir2 content (17x)] (39x), RepositoryConfigService: 0.186 s [100% getReadConfiguration (88x)] (110x)
2017-06-22 16:31:03,416 [PreLoadDataService | u:p] INFO  TXLOGGER  - Tx 5733dd9aaf045_0_5733dd9aaf045_0_: finished. Total: 0.124 s, svn: 0.115 s [58% getDir2 content (11x), 42% getFile content (8x)] (20x), RepositoryConfigService: 0.0546 s [99% getReadConfiguration (38x)] (54x)
2017-06-22 16:31:03,727 [PreLoadDataService | u:p] INFO  TXLOGGER  - Tx 5733dd9ace046_0_5733dd9ace046_0_: finished. Total: 0.311 s, svn: 0.278 s [61% getFile content (24x), 39% getDir2 content (12x)] (37x), RepositoryConfigService: 0.2 s [100% getReadConfiguration (87x)] (109x)
2017-06-22 16:31:03,728 [PreLoadDataService] INFO  TXLOGGER  - Summary for 'PreloadDataService': Total: 3.48 s, transactions: 9, svn: 2.48 s [60% getFile content (182x), 35% getDir2 content (90x)] (301x), RepositoryConfigService: 1.56 s [97% getReadConfiguration (801x)] (981x), resolve: 0.734 s [30% Category (8x), 25% TimePoint (5x), 23% User (8x), 22% Project (5x)] (26x)
2017-06-22 16:31:03,728 [PreLoadDataService] INFO  TXLOGGER  - Summary after preload: transactions: 9, svn: 2.48 s [60% getFile content (182x), 35% getDir2 content (90x)] (302x), RepositoryConfigService: 1.56 s [97% getReadConfiguration (801x)] (981x), DB: 1.35 s [58% query (4088x), 26% update (4063x)] (20407x), SubterraURITable: 1.21 s [100% getDB (4062x)] (4062x), resolve: 0.734 s [30% Category (8x), 25% TimePoint (5x), 23% User (9x), 22% Project (5x)] (27x)
2017-06-22 16:31:22,115 [ajp-nio-8889-exec-5 | u:admin] INFO  TXLOGGER  - Summary for 'WorkItemDataService.saveWorkItem': Total: 0.172 s, transactions: 2, resolve: 0.0977 s [100% WorkItem (2x)] (2x), svn: 0.0495 s [51% info (3x), 24% getFile content (1x), 23% getDir2 content (1x)] (8x), permissions: 0.0418 s [100% readInstance (2x)] (2x), derivedLinkedRevisionsContributor: 0.0221 s [100% fields (1x)] (1x), Lucene: 0.0187 s [100% search (1x)] (1x), calculatedFieldsContributor: 0.0175 s [100% fields (1x)] (1x), RepositoryConfigService: 0.0166 s [86% getExistingPrefixes (1x)] (5x)
2017-06-22 16:31:25,039 [ajp-nio-8889-exec-6 | u:admin] INFO  TXLOGGER  - Tx 5733ddaebcc49_0_5733ddaebcc49_0_: finished. Total: 1.21 s, svn: 0.685 s [91% endActivity (1x)] (10x), Lucene: 0.202 s [71% refresh (1x), 15% add (1x)] (3x), DB: 0.0841 s [97% update (17x)] (25x), processed revs: [110, 110 (delay 0s)], write: true
2017-06-22 16:31:25,382 [Persistence Events Processing Thread | u:p] INFO  TXLOGGER  - Tx 5733ddafebc4a_0_5733ddafebc4a_0_: finished. Total: 0.342 s, resolve: 0.232 s [63% WorkItem (8x), 37% User (11x)] (19x), svn: 0.175 s [65% getFile content (8x), 18% getDir2 content (2x)] (13x), ObjectMaps: 0.0516 s [42% getPrimaryObjectProperty (7x), 31% getPrimaryObjectLocation (7x), 26% getLastPromoted (7x)] (28x)
2017-06-22 16:31:25,488 [Persistence Events Processing Thread | u:p] INFO  TXLOGGER  - Tx 5733ddb04184c_0_5733ddb04184c_0_: finished. Total: 0.107 s, resolve: 0.0531 s [100% WorkItem (3x)] (5x), svn: 0.0491 s [34% info (1x), 32% getDir2 content (1x), 31% getFile content (1x)] (5x), Lucene: 0.0208 s [100% add (1x)] (1x)
2017-06-22 16:31:25,489 [Persistence Events Processing Thread | u:p] INFO  TXLOGGER  - Summary: Total: 0.45 s, transactions: 6, persistence listener: 0.45 s [76% notificationsCreatingListener (1x), 24% WorkItemActivityCreator (1x)] (7x), resolve: 0.285 s [70% WorkItem (11x), 30% User (12x)] (24x), svn: 0.224 s [57% getFile content (9x), 21% getDir2 content (3x), 21% info (3x)] (18x), ObjectMaps: 0.0548 s [41% getPrimaryObjectProperty (8x), 33% getPrimaryObjectLocation (8x), 26% getLastPromoted (8x)] (32x)
2017-06-22 16:31:25,560 [ajp-nio-8889-exec-6 | u:admin] INFO  TXLOGGER  - Tx 5733ddafec04b_0_5733ddafec04b_0_: finished. Total: 0.52 s, RepositoryConfigService: 0.252 s [91% getReadConfiguration (321x)] (353x), svn: 0.138 s [64% getFile content (10x), 25% info (4x)] (17x), Lucene: 0.0394 s [100% search (9x)] (9x)
2017-06-22 16:31:25,693 [ajp-nio-8889-exec-6 | u:admin] INFO  TXLOGGER  - Summary for 'WorkItemDataService.saveWorkItem': Total: 1.87 s, transactions: 2, svn: 0.824 s [75% endActivity (1x), 13% getFile content (12x)] (27x), RepositoryConfigService: 0.271 s [92% getReadConfiguration (345x)] (380x), Lucene: 0.241 s [60% refresh (1x), 28% search (10x)] (12x)
