2017-06-23 10:10:20,196 [main] INFO  com.polarion.platform.startup  - ****************************************************************
2017-06-23 10:10:20,196 [main] INFO  com.polarion.platform.startup  -                 Polarion starting, please wait!                 
2017-06-23 10:10:20,196 [main] INFO  com.polarion.platform.startup  - ****************************************************************
2017-06-23 10:10:20,196 [main] INFO  com.polarion.platform.startup  - Server start mode: normal
2017-06-23 10:10:20,196 [main] INFO  com.polarion.platform.startup  - ------------------------------
2017-06-23 10:10:20,197 [main] INFO  com.polarion.platform.startup  - Platform startup (Phase: 1/9)
2017-06-23 10:10:24,671 [main] INFO  com.polarion.platform.startup  - Opening historical database...
2017-06-23 10:10:24,814 [main] INFO  com.polarion.platform.startup  - Opening of historical database finished [ TIME 0.142 s. ]
2017-06-23 10:10:24,814 [main] INFO  com.polarion.platform.startup  - Opening head database...
2017-06-23 10:10:24,876 [main] INFO  com.polarion.platform.startup  - Opening of head database finished [ TIME 0.0621 s. ]
2017-06-23 10:10:25,094 [main | u:p] INFO  com.polarion.platform.startup  -  -- Polarion startup estimation:  [ TIME 44 s. ]
2017-06-23 10:10:25,243 [main | u:p] INFO  com.polarion.platform.startup  - Platform startup ... took  [ TIME 5.05 s. ]
2017-06-23 10:10:25,404 [main | u:p] INFO  com.polarion.platform.startup  - ------------------------------
2017-06-23 10:10:25,404 [main | u:p] INFO  com.polarion.platform.startup  - Context recognition (Phase: 2/9)
2017-06-23 10:10:25,435 [main | u:p] INFO  com.polarion.platform.startup  - Context recognition ... took  [ TIME 0.19 s. ]
2017-06-23 10:10:25,436 [main | u:p] INFO  com.polarion.platform.startup  - ------------------------------
2017-06-23 10:10:25,436 [main | u:p] INFO  com.polarion.platform.startup  - Context initialization (Phase: 3/9)
2017-06-23 10:10:25,440 [LowLevelDataService-contextInitializer-3 | u:p | context: MyPolarion] INFO  com.polarion.platform.startup  -  -- Initializing context: MyPolarion (1/8)
2017-06-23 10:10:25,440 [LowLevelDataService-contextInitializer-2 | u:p | cluster: default] INFO  com.polarion.platform.startup  -  -- Initializing cluster: default (2/8)
2017-06-23 10:10:25,440 [LowLevelDataService-contextInitializer-5 | u:p | context: library] INFO  com.polarion.platform.startup  -  -- Initializing context: library (5/8)
2017-06-23 10:10:25,440 [LowLevelDataService-contextInitializer-1 | u:p | context: [GLOBAL]] INFO  com.polarion.platform.startup  -  -- Initializing context: [GLOBAL] (4/8)
2017-06-23 10:10:25,440 [LowLevelDataService-contextInitializer-4 | u:p | context: --Demo Projects] INFO  com.polarion.platform.startup  -  -- Initializing context: --Demo Projects (3/8)
2017-06-23 10:10:25,445 [LowLevelDataService-contextInitializer-1 | u:p | context: CAPA] INFO  com.polarion.platform.startup  -  -- Initializing context: CAPA (6/8)
2017-06-23 10:10:25,517 [LowLevelDataService-contextInitializer-2 | u:p | context: elibrary] INFO  com.polarion.platform.startup  -  -- Initializing context: elibrary (7/8)
2017-06-23 10:10:25,604 [LowLevelDataService-contextInitializer-4 | u:p | context: drivepilot] INFO  com.polarion.platform.startup  -  -- Initializing context: drivepilot (8/8)
2017-06-23 10:10:26,618 [main | u:p] INFO  com.polarion.platform.startup  - Context initialization ... took  [ TIME 1.18 s. ]
2017-06-23 10:10:26,627 [main | u:p] INFO  com.polarion.platform.startup  - ------------------------------
2017-06-23 10:10:26,627 [main | u:p] INFO  com.polarion.platform.startup  - Revisions processing (Phase: 4/9)
2017-06-23 10:10:26,920 [main | u:p] INFO  com.polarion.platform.startup  -  -- Processing new revisions from repository default in context ContextId[context [global]]
2017-06-23 10:10:26,929 [main | u:p] INFO  com.polarion.platform.startup  - Revisions processing ... took  [ TIME 0.31 s. ]
2017-06-23 10:10:26,983 [main | u:p] INFO  com.polarion.platform.startup  - ------------------------------
2017-06-23 10:10:26,983 [main | u:p] INFO  com.polarion.platform.startup  - Build artifacts recognition (Phase: 5/9)
2017-06-23 10:10:26,991 [main | u:p] INFO  com.polarion.platform.startup  -  -- Processing build artifacts from context: [GLOBAL] (1/8)
2017-06-23 10:10:27,118 [main | u:p] INFO  com.polarion.platform.startup  -  -- Processing build artifacts from cluster: default (2/8)
2017-06-23 10:10:27,160 [main | u:p] INFO  com.polarion.platform.startup  -  -- Processing build artifacts from context: MyPolarion (3/8)
2017-06-23 10:10:27,200 [main | u:p] INFO  com.polarion.platform.startup  -  -- Processing build artifacts from context: --Demo Projects (4/8)
2017-06-23 10:10:27,236 [main | u:p] INFO  com.polarion.platform.startup  -  -- Processing build artifacts from context: library (5/8)
2017-06-23 10:10:27,277 [main | u:p] INFO  com.polarion.platform.startup  -  -- Processing build artifacts from context: CAPA (6/8)
2017-06-23 10:10:27,409 [main | u:p] INFO  com.polarion.platform.startup  -  -- Processing build artifacts from context: elibrary (7/8)
2017-06-23 10:10:27,551 [main | u:p] INFO  com.polarion.platform.startup  -  -- Processing build artifacts from context: drivepilot (8/8)
2017-06-23 10:10:27,551 [main | u:p] INFO  com.polarion.platform.startup  - Build artifacts recognition ... took  [ TIME 0.62 s. ]
2017-06-23 10:10:27,551 [main | u:p] INFO  com.polarion.platform.startup  - ------------------------------
2017-06-23 10:10:27,551 [main | u:p] INFO  com.polarion.platform.startup  - BIR inspection (Phase: 6/9)
2017-06-23 10:10:27,595 [main | u:p] INFO  com.polarion.platform.startup  - BIR inspection ... took  [ TIME 0.04 s. ]
2017-06-23 10:10:27,621 [main | u:p] INFO  com.polarion.platform.startup  - ------------------------------
2017-06-23 10:10:27,621 [main | u:p] INFO  com.polarion.platform.startup  - Data indexing (Phase: 7/9)
2017-06-23 10:10:27,824 [main | u:p] INFO  com.polarion.platform.startup  -  -- Refreshing 9 objects in index: BuildArtifact
2017-06-23 10:10:27,838 [main | u:p] INFO  com.polarion.platform.startup  -  -- -- 9 from 9 objects were refreshed (100%)
2017-06-23 10:10:28,112 [main | u:p] INFO  com.polarion.platform.startup  -  -- Refreshing 1 objects in index: Revision
2017-06-23 10:10:28,113 [main | u:p] INFO  com.polarion.platform.startup  -  -- -- 1 from 1 objects were refreshed (100%)
2017-06-23 10:10:28,187 [main | u:p] INFO  com.polarion.platform.startup  - Data indexing ... took  [ TIME 0.59 s. ]
2017-06-23 10:10:28,188 [main | u:p] INFO  com.polarion.platform.startup  - ------------------------------
2017-06-23 10:10:28,188 [main | u:p] INFO  com.polarion.platform.startup  - Fields recalculation (Phase: 8/9)
2017-06-23 10:10:28,208 [main | u:p] INFO  com.polarion.platform.startup  - Fields recalculation ... took  [ TIME 0.02 s. ]
2017-06-23 10:10:28,208 [main | u:p] INFO  com.polarion.platform.startup  - ------------------------------
2017-06-23 10:10:28,208 [main | u:p] INFO  com.polarion.platform.startup  - Polarion startup (Phase: 9/9)
