2017-06-23 14:09:24,810 [main | u:p] INFO  TXLOGGER  - Summary for 'Platform startup': transactions: 0, DB: 0.0415 s [50% update (126x), 48% query (13x)] (206x), svn: 0.023 s [87% checkPath (1x)] (3x)
2017-06-23 14:09:25,023 [main | u:p] INFO  TXLOGGER  - Summary for 'Context recognition': transactions: 0, svn: 0.0898 s [39% info (3x), 37% getDir2 content (2x), 25% getFile content (1x)] (6x)
2017-06-23 14:09:26,248 [LowLevelDataService-contextInitializer-2 | u:p] INFO  TXLOGGER  - Summary: Total: 1.22 s, transactions: 0, svn: 0.169 s [98% log2 (6x)] (8x)
2017-06-23 14:09:26,248 [LowLevelDataService-contextInitializer-5 | u:p] INFO  TXLOGGER  - Summary: Total: 1.22 s, transactions: 0, svn: 0.0782 s [98% log2 (5x)] (6x)
2017-06-23 14:09:26,248 [LowLevelDataService-contextInitializer-1 | u:p] INFO  TXLOGGER  - Summary: Total: 1.22 s, transactions: 0, svn: 0.175 s [42% log2 (5x), 24% log (1x), 18% info (4x)] (15x)
2017-06-23 14:09:26,248 [LowLevelDataService-contextInitializer-4 | u:p] INFO  TXLOGGER  - Summary: Total: 1.22 s, transactions: 0, svn: 0.149 s [91% log2 (10x)] (12x)
2017-06-23 14:09:26,248 [LowLevelDataService-contextInitializer-3 | u:p] INFO  TXLOGGER  - Summary: Total: 1.22 s, transactions: 0, ObjectMaps: 0.268 s [100% getAllPrimaryObjects (1x)] (7x)
2017-06-23 14:09:26,249 [main | u:p] INFO  TXLOGGER  - Summary for 'Context initialization': transactions: 0, svn: 0.599 s [80% log2 (31x), 7% log (1x)] (47x), ObjectMaps: 0.395 s [99% getAllPrimaryObjects (7x)] (55x)
2017-06-23 14:09:26,576 [main | u:p] INFO  TXLOGGER  - Summary for 'Revisions processing': transactions: 14, RepositoryConfigService: 0.216 s [100% getReadConfiguration (42x)] (42x), svn: 0.122 s [89% info (15x)] (32x)
2017-06-23 14:09:27,310 [main | u:p] INFO  TXLOGGER  - Summary for 'Build artifacts recognition': transactions: 40, svn: 0.572 s [86% info (78x)] (131x), RepositoryConfigService: 0.485 s [100% getReadConfiguration (80x)] (80x)
2017-06-23 14:09:28,003 [main | u:p] INFO  TXLOGGER  - Summary for 'Data indexing': transactions: 0, Lucene: 0.281 s [100% refresh (2x)] (2x), DB: 0.0266 s [49% update (38x), 22% query (17x), 21% execute (12x)] (103x), SubterraURITable: 0.0266 s [100% addIfNotExistsDB (17x)] (17x)
2017-06-23 14:10:02,720 [main] INFO  TXLOGGER  - Summary for 'Polarion startup': transactions: 1, svn: 0.305 s [82% info (47x)] (66x), RepositoryConfigService: 0.0352 s [100% getReadConfiguration (2x)] (2x)
2017-06-23 14:10:02,885 [Worker-0 | u:p | job: polarion.jobs.attachment.indexer] INFO  TXLOGGER  - Summary after AttachmentIndexer: transactions: 48, persistence listener: 0.101 s [91% notificationsCreatingListener (8x)] (56x), Lucene: 0.061 s [100% add (2x)] (2x), resolve: 0.0293 s [91% User (2x)] (5x), ObjectMaps: 0.00899 s [100% getPrimaryObjectLocation (2x)] (2x)
2017-06-23 14:10:03,453 [PreLoadDataService | u:p] INFO  TXLOGGER  - Tx 573506eb6a838_0_573506eb6a838_0_: finished. Total: 0.722 s, svn: 0.392 s [57% getDir2 content (25x), 42% getFile content (15x)] (43x), resolve: 0.34 s [53% Category (8x), 47% TimePoint (5x)] (13x), ObjectMaps: 0.0492 s [48% getPrimaryObjectLocation (13x), 32% getPrimaryObjectProperty (13x), 20% getLastPromoted (13x)] (55x)
2017-06-23 14:10:03,904 [PreLoadDataService | u:p] INFO  TXLOGGER  - Tx 573506ec4ac6a_0_573506ec4ac6a_0_: finished. Total: 0.277 s, svn: 0.181 s [62% getFile content (14x), 38% info (10x)] (25x), RepositoryConfigService: 0.129 s [81% getReadConfiguration (72x)] (74x), resolve: 0.12 s [100% User (8x)] (8x), ObjectMaps: 0.0219 s [49% getPrimaryObjectLocation (8x), 27% getPrimaryObjectProperty (8x), 24% getLastPromoted (8x)] (33x)
2017-06-23 14:10:04,057 [PreLoadDataService | u:p] INFO  TXLOGGER  - Tx 573506ec9006b_0_573506ec9006b_0_: finished. Total: 0.153 s, RepositoryConfigService: 0.126 s [99% getReadConfiguration (55x)] (78x), svn: 0.104 s [100% getFile content (13x)] (14x)
2017-06-23 14:10:04,340 [DBHistoryCreator-1 | u:p] INFO  TXLOGGER  - Summary: Total: 1.42 s, transactions: 0
2017-06-23 14:10:04,340 [DBHistoryCreator-2 | u:p] INFO  TXLOGGER  - Summary: Total: 1.42 s, transactions: 0
2017-06-23 14:10:04,342 [Worker-1 | u:p | job: polarion.jobs.db.history] INFO  TXLOGGER  - Summary after DBHistoryCreator: transactions: 0, Lucene: 0.0238 s [100% add (1x)] (1x), svn: 0.00148 s [100% getLatestRevision (1x)] (1x), DB: 0.00128 s [71% update (2x), 29% commit (2x)] (4x)
2017-06-23 14:10:04,342 [Worker-1 | u:p] INFO  TXLOGGER  - Summary for 'job: polarion.jobs.db.history': Total: 1.46 s, transactions: 0, SubterraURITable: 1.16 s [100% getDB (4101x)] (4101x), DB: 1.1 s [51% query (4127x), 30% update (4102x)] (20645x)
2017-06-23 14:10:04,872 [PreLoadDataService | u:p] INFO  TXLOGGER  - Tx 573506ecb646c_0_573506ecb646c_0_: finished. Total: 0.804 s, svn: 0.73 s [73% getFile content (47x), 27% getDir2 content (17x)] (65x), RepositoryConfigService: 0.592 s [100% getReadConfiguration (164x)] (180x)
2017-06-23 14:10:05,187 [PreLoadDataService | u:p] INFO  TXLOGGER  - Tx 573506ed8206d_0_573506ed8206d_0_: finished. Total: 0.315 s, svn: 0.268 s [80% getFile content (35x)] (42x), RepositoryConfigService: 0.252 s [99% getReadConfiguration (295x)] (370x)
2017-06-23 14:10:05,601 [PreLoadDataService | u:p] INFO  TXLOGGER  - Tx 573506edd0c6e_0_573506edd0c6e_0_: finished. Total: 0.414 s, svn: 0.394 s [56% getFile content (21x), 44% getDir2 content (17x)] (39x), RepositoryConfigService: 0.235 s [100% getReadConfiguration (88x)] (110x)
2017-06-23 14:10:05,711 [PreLoadDataService | u:p] INFO  TXLOGGER  - Tx 573506ee3886f_0_573506ee3886f_0_: finished. Total: 0.11 s, svn: 0.101 s [58% getDir2 content (11x), 42% getFile content (8x)] (20x), RepositoryConfigService: 0.0489 s [99% getReadConfiguration (38x)] (54x)
2017-06-23 14:10:05,985 [PreLoadDataService | u:p] INFO  TXLOGGER  - Tx 573506ee54070_0_573506ee54070_0_: finished. Total: 0.274 s, svn: 0.255 s [58% getFile content (24x), 42% getDir2 content (12x)] (37x), RepositoryConfigService: 0.162 s [100% getReadConfiguration (87x)] (109x)
2017-06-23 14:10:05,986 [PreLoadDataService] INFO  TXLOGGER  - Summary for 'PreloadDataService': Total: 3.26 s, transactions: 9, svn: 2.5 s [63% getFile content (182x), 33% getDir2 content (90x)] (301x), RepositoryConfigService: 1.57 s [98% getReadConfiguration (801x)] (981x), resolve: 0.578 s [31% Category (8x), 28% TimePoint (5x), 21% User (8x), 20% Project (5x)] (26x)
2017-06-23 14:10:05,986 [PreLoadDataService] INFO  TXLOGGER  - Summary after preload: transactions: 9, svn: 2.5 s [63% getFile content (182x), 33% getDir2 content (90x)] (301x), RepositoryConfigService: 1.57 s [98% getReadConfiguration (801x)] (981x), SubterraURITable: 1.16 s [100% getDB (4101x)] (4101x), DB: 1.1 s [51% query (4127x), 30% update (4102x)] (20645x), resolve: 0.578 s [31% Category (8x), 28% TimePoint (5x), 21% User (9x), 20% Project (5x)] (27x)
2017-06-23 14:10:23,878 [ajp-nio-8889-exec-5 | u:admin] INFO  TXLOGGER  - Summary for 'WorkItemDataService.saveWorkItem': Total: 0.137 s, transactions: 2, resolve: 0.0926 s [100% WorkItem (2x)] (2x), svn: 0.0542 s [54% info (3x), 23% getFile content (1x), 22% getDir2 content (1x)] (8x), calculatedFieldsContributor: 0.0209 s [100% fields (1x)] (1x), RepositoryConfigService: 0.02 s [89% getExistingPrefixes (1x)] (5x), derivedLinkedRevisionsContributor: 0.0163 s [100% fields (1x)] (1x), Lucene: 0.0132 s [100% search (1x)] (1x), permissions: 0.0126 s [100% readInstance (2x)] (2x)
2017-06-23 14:10:26,721 [ajp-nio-8889-exec-6 | u:admin] INFO  TXLOGGER  - Tx 57350701c5073_0_57350701c5073_0_: finished. Total: 1.1 s, svn: 0.683 s [91% endActivity (1x)] (10x), Lucene: 0.178 s [81% refresh (1x)] (3x), processed revs: [152, 152 (delay 0s)], write: true
2017-06-23 14:10:26,981 [Persistence Events Processing Thread | u:p] INFO  TXLOGGER  - Tx 57350702d8474_0_57350702d8474_0_: finished. Total: 0.26 s, resolve: 0.165 s [71% WorkItem (8x), 29% User (11x)] (19x), svn: 0.139 s [57% getFile content (8x), 22% getDir2 content (2x), 21% info (2x)] (13x), ObjectMaps: 0.025 s [55% getLastPromoted (7x), 31% getPrimaryObjectProperty (7x)] (28x)
2017-06-23 14:10:27,077 [Persistence Events Processing Thread | u:p] INFO  TXLOGGER  - Summary: Total: 0.356 s, transactions: 6, persistence listener: 0.355 s [73% notificationsCreatingListener (1x), 26% WorkItemActivityCreator (1x)] (7x), resolve: 0.208 s [77% WorkItem (11x), 23% User (12x)] (24x), svn: 0.179 s [53% getFile content (9x), 23% getDir2 content (3x), 23% info (3x)] (18x), ObjectMaps: 0.0271 s [54% getLastPromoted (8x), 30% getPrimaryObjectProperty (8x)] (32x), Lucene: 0.0209 s [98% add (1x)] (3x)
2017-06-23 14:10:27,335 [ajp-nio-8889-exec-6 | u:admin] INFO  TXLOGGER  - Tx 57350702dc075_0_57350702dc075_0_: finished. Total: 0.599 s, RepositoryConfigService: 0.241 s [92% getReadConfiguration (340x)] (376x), svn: 0.219 s [66% getFile content (15x), 28% info (7x)] (26x), resolve: 0.099 s [98% Plan (7x)] (24x), ObjectEnum Plan: 0.0926 s [100% available (2x)] (2x)
2017-06-23 14:10:27,449 [ajp-nio-8889-exec-6 | u:admin] INFO  TXLOGGER  - Summary for 'WorkItemDataService.saveWorkItem': Total: 1.83 s, transactions: 2, svn: 0.902 s [69% endActivity (1x), 18% getFile content (17x)] (36x), RepositoryConfigService: 0.261 s [93% getReadConfiguration (362x)] (401x), Lucene: 0.201 s [71% refresh (1x), 19% search (11x)] (13x), resolve: 0.136 s [72% Plan (7x), 27% WorkItem (5x)] (35x), ObjectEnum Plan: 0.0926 s [100% available (2x)] (2x)
2017-06-23 14:10:33,562 [ajp-nio-8889-exec-10 | u:admin] INFO  TXLOGGER  - Tx 573507089a883_0_573507089a883_0_: finished. Total: 0.942 s, svn: 0.72 s [93% endActivity (1x)] (9x), workflow: 0.114 s [100% WorkItemDataXml (1x)] (1x), Lucene: 0.0624 s [63% refresh (1x), 29% add (1x)] (3x), processed revs: [153, 153 (delay 0s)], write: true
2017-06-23 14:10:33,642 [ajp-nio-8889-exec-10 | u:admin] INFO  TXLOGGER  - Summary for 'WorkItemDataService.saveWorkItem': Total: 1.02 s, transactions: 2, svn: 0.72 s [93% endActivity (1x)] (9x), workflow: 0.114 s [100% WorkItemDataXml (1x)] (1x), Lucene: 0.0755 s [52% refresh (1x), 24% search (2x), 24% add (1x)] (4x)
2017-06-23 14:10:33,787 [Persistence Events Processing Thread | u:p] INFO  TXLOGGER  - Tx 5735070986484_0_5735070986484_0_: finished. Total: 0.225 s, resolve: 0.216 s [83% WorkItem (8x)] (19x), svn: 0.178 s [41% getFile content (5x), 30% getDir2 content (2x), 30% info (2x)] (10x), ObjectMaps: 0.0305 s [44% getPrimaryObjectLocation (5x), 39% getLastPromoted (5x)] (20x)
2017-06-23 14:10:33,862 [Persistence Events Processing Thread | u:p] INFO  TXLOGGER  - Summary: Total: 0.3 s, transactions: 6, persistence listener: 0.3 s [75% notificationsCreatingListener (1x), 25% WorkItemActivityCreator (1x)] (7x), resolve: 0.265 s [86% WorkItem (11x)] (24x), svn: 0.221 s [41% getFile content (6x), 29% info (3x), 29% getDir2 content (3x)] (15x), ObjectMaps: 0.0345 s [46% getPrimaryObjectLocation (6x), 37% getLastPromoted (6x)] (24x), Lucene: 0.0209 s [100% add (1x)] (1x)
