2017-06-22 16:56:58,378 [main] INFO  com.polarion.platform.startup  - ****************************************************************
2017-06-22 16:56:58,378 [main] INFO  com.polarion.platform.startup  -                 Polarion starting, please wait!                 
2017-06-22 16:56:58,378 [main] INFO  com.polarion.platform.startup  - ****************************************************************
2017-06-22 16:56:58,379 [main] INFO  com.polarion.platform.startup  - Server start mode: normal
2017-06-22 16:56:58,379 [main] INFO  com.polarion.platform.startup  - ------------------------------
2017-06-22 16:56:58,379 [main] INFO  com.polarion.platform.startup  - Platform startup (Phase: 1/9)
2017-06-22 16:57:02,855 [main] INFO  com.polarion.platform.startup  - Opening historical database...
2017-06-22 16:57:02,999 [main] INFO  com.polarion.platform.startup  - Opening of historical database finished [ TIME 0.144 s. ]
2017-06-22 16:57:02,999 [main] INFO  com.polarion.platform.startup  - Opening head database...
2017-06-22 16:57:03,066 [main] INFO  com.polarion.platform.startup  - Opening of head database finished [ TIME 0.0655 s. ]
2017-06-22 16:57:03,285 [main | u:p] INFO  com.polarion.platform.startup  -  -- Polarion startup estimation:  [ TIME 46 s. ]
2017-06-22 16:57:03,423 [main | u:p] INFO  com.polarion.platform.startup  - Platform startup ... took  [ TIME 5.05 s. ]
2017-06-22 16:57:03,587 [main | u:p] INFO  com.polarion.platform.startup  - ------------------------------
2017-06-22 16:57:03,587 [main | u:p] INFO  com.polarion.platform.startup  - Context recognition (Phase: 2/9)
2017-06-22 16:57:03,627 [main | u:p] INFO  com.polarion.platform.startup  - Context recognition ... took  [ TIME 0.2 s. ]
2017-06-22 16:57:03,628 [main | u:p] INFO  com.polarion.platform.startup  - ------------------------------
2017-06-22 16:57:03,628 [main | u:p] INFO  com.polarion.platform.startup  - Context initialization (Phase: 3/9)
2017-06-22 16:57:03,633 [LowLevelDataService-contextInitializer-4 | u:p | context: --Demo Projects] INFO  com.polarion.platform.startup  -  -- Initializing context: --Demo Projects (1/8)
2017-06-22 16:57:03,633 [LowLevelDataService-contextInitializer-5 | u:p | context: library] INFO  com.polarion.platform.startup  -  -- Initializing context: library (3/8)
2017-06-22 16:57:03,633 [LowLevelDataService-contextInitializer-1 | u:p | context: [GLOBAL]] INFO  com.polarion.platform.startup  -  -- Initializing context: [GLOBAL] (5/8)
2017-06-22 16:57:03,633 [LowLevelDataService-contextInitializer-3 | u:p | context: MyPolarion] INFO  com.polarion.platform.startup  -  -- Initializing context: MyPolarion (4/8)
2017-06-22 16:57:03,633 [LowLevelDataService-contextInitializer-2 | u:p | cluster: default] INFO  com.polarion.platform.startup  -  -- Initializing cluster: default (2/8)
2017-06-22 16:57:03,640 [LowLevelDataService-contextInitializer-1 | u:p | context: CAPA] INFO  com.polarion.platform.startup  -  -- Initializing context: CAPA (6/8)
2017-06-22 16:57:03,744 [LowLevelDataService-contextInitializer-2 | u:p | context: elibrary] INFO  com.polarion.platform.startup  -  -- Initializing context: elibrary (7/8)
2017-06-22 16:57:03,920 [LowLevelDataService-contextInitializer-4 | u:p | context: drivepilot] INFO  com.polarion.platform.startup  -  -- Initializing context: drivepilot (8/8)
2017-06-22 16:57:04,936 [main | u:p] INFO  com.polarion.platform.startup  - Context initialization ... took  [ TIME 1.31 s. ]
2017-06-22 16:57:04,945 [main | u:p] INFO  com.polarion.platform.startup  - ------------------------------
2017-06-22 16:57:04,945 [main | u:p] INFO  com.polarion.platform.startup  - Revisions processing (Phase: 4/9)
2017-06-22 16:57:05,237 [main | u:p] INFO  com.polarion.platform.startup  -  -- Processing new revisions from repository default in context ContextId[context [global]]
2017-06-22 16:57:05,247 [main | u:p] INFO  com.polarion.platform.startup  - Revisions processing ... took  [ TIME 0.31 s. ]
2017-06-22 16:57:05,304 [main | u:p] INFO  com.polarion.platform.startup  - ------------------------------
2017-06-22 16:57:05,304 [main | u:p] INFO  com.polarion.platform.startup  - Build artifacts recognition (Phase: 5/9)
2017-06-22 16:57:05,316 [main | u:p] INFO  com.polarion.platform.startup  -  -- Processing build artifacts from context: [GLOBAL] (1/8)
2017-06-22 16:57:05,453 [main | u:p] INFO  com.polarion.platform.startup  -  -- Processing build artifacts from cluster: default (2/8)
2017-06-22 16:57:05,496 [main | u:p] INFO  com.polarion.platform.startup  -  -- Processing build artifacts from context: MyPolarion (3/8)
2017-06-22 16:57:05,549 [main | u:p] INFO  com.polarion.platform.startup  -  -- Processing build artifacts from context: --Demo Projects (4/8)
2017-06-22 16:57:05,607 [main | u:p] INFO  com.polarion.platform.startup  -  -- Processing build artifacts from context: library (5/8)
2017-06-22 16:57:05,657 [main | u:p] INFO  com.polarion.platform.startup  -  -- Processing build artifacts from context: CAPA (6/8)
2017-06-22 16:57:05,813 [main | u:p] INFO  com.polarion.platform.startup  -  -- Processing build artifacts from context: elibrary (7/8)
2017-06-22 16:57:05,969 [main | u:p] INFO  com.polarion.platform.startup  -  -- Processing build artifacts from context: drivepilot (8/8)
2017-06-22 16:57:05,969 [main | u:p] INFO  com.polarion.platform.startup  - Build artifacts recognition ... took  [ TIME 0.72 s. ]
2017-06-22 16:57:05,971 [main | u:p] INFO  com.polarion.platform.startup  - ------------------------------
2017-06-22 16:57:05,971 [main | u:p] INFO  com.polarion.platform.startup  - BIR inspection (Phase: 6/9)
2017-06-22 16:57:06,013 [main | u:p] INFO  com.polarion.platform.startup  - BIR inspection ... took  [ TIME 0.04 s. ]
2017-06-22 16:57:06,042 [main | u:p] INFO  com.polarion.platform.startup  - ------------------------------
2017-06-22 16:57:06,042 [main | u:p] INFO  com.polarion.platform.startup  - Data indexing (Phase: 7/9)
2017-06-22 16:57:06,234 [main | u:p] INFO  com.polarion.platform.startup  -  -- Refreshing 9 objects in index: BuildArtifact
2017-06-22 16:57:06,249 [main | u:p] INFO  com.polarion.platform.startup  -  -- -- 9 from 9 objects were refreshed (100%)
2017-06-22 16:57:06,513 [main | u:p] INFO  com.polarion.platform.startup  -  -- Refreshing 1 objects in index: Revision
2017-06-22 16:57:06,513 [main | u:p] INFO  com.polarion.platform.startup  -  -- -- 1 from 1 objects were refreshed (100%)
2017-06-22 16:57:06,583 [main | u:p] INFO  com.polarion.platform.startup  - Data indexing ... took  [ TIME 0.57 s. ]
2017-06-22 16:57:06,584 [main | u:p] INFO  com.polarion.platform.startup  - ------------------------------
2017-06-22 16:57:06,584 [main | u:p] INFO  com.polarion.platform.startup  - Fields recalculation (Phase: 8/9)
2017-06-22 16:57:06,608 [main | u:p] INFO  com.polarion.platform.startup  - Fields recalculation ... took  [ TIME 0.03 s. ]
2017-06-22 16:57:06,609 [main | u:p] INFO  com.polarion.platform.startup  - ------------------------------
2017-06-22 16:57:06,609 [main | u:p] INFO  com.polarion.platform.startup  - Polarion startup (Phase: 9/9)
2017-06-22 16:57:42,944 [main] INFO  com.polarion.platform.startup  - Polarion startup ... took  [ TIME 36.33 s. ]
2017-06-22 16:57:42,944 [main] INFO  com.polarion.platform.startup  - ****************************************************************
2017-06-22 16:57:42,944 [main] INFO  com.polarion.platform.startup  -                  Polarion started:  [ TIME 44.6 s. ]
2017-06-22 16:57:42,944 [main] INFO  com.polarion.platform.startup  - ****************************************************************
