2017-06-22 14:59:39,988 [main] INFO  com.polarion.platform.startup  - ****************************************************************
2017-06-22 14:59:39,988 [main] INFO  com.polarion.platform.startup  -                 Polarion starting, please wait!                 
2017-06-22 14:59:39,988 [main] INFO  com.polarion.platform.startup  - ****************************************************************
2017-06-22 14:59:39,989 [main] INFO  com.polarion.platform.startup  - Server start mode: normal
2017-06-22 14:59:39,989 [main] INFO  com.polarion.platform.startup  - ------------------------------
2017-06-22 14:59:39,989 [main] INFO  com.polarion.platform.startup  - Platform startup (Phase: 1/9)
2017-06-22 14:59:44,440 [main] INFO  com.polarion.platform.startup  - Opening historical database...
2017-06-22 14:59:44,586 [main] INFO  com.polarion.platform.startup  - Opening of historical database finished [ TIME 0.146 s. ]
2017-06-22 14:59:44,586 [main] INFO  com.polarion.platform.startup  - Opening head database...
2017-06-22 14:59:44,653 [main] INFO  com.polarion.platform.startup  - Opening of head database finished [ TIME 0.0667 s. ]
2017-06-22 14:59:44,866 [main | u:p] INFO  com.polarion.platform.startup  -  -- Polarion startup estimation:  [ TIME 46 s. ]
2017-06-22 14:59:45,004 [main | u:p] INFO  com.polarion.platform.startup  - Platform startup ... took  [ TIME 5.02 s. ]
2017-06-22 14:59:45,171 [main | u:p] INFO  com.polarion.platform.startup  - ------------------------------
2017-06-22 14:59:45,171 [main | u:p] INFO  com.polarion.platform.startup  - Context recognition (Phase: 2/9)
2017-06-22 14:59:45,218 [main | u:p] INFO  com.polarion.platform.startup  - Context recognition ... took  [ TIME 0.21 s. ]
2017-06-22 14:59:45,219 [main | u:p] INFO  com.polarion.platform.startup  - ------------------------------
2017-06-22 14:59:45,219 [main | u:p] INFO  com.polarion.platform.startup  - Context initialization (Phase: 3/9)
2017-06-22 14:59:45,222 [LowLevelDataService-contextInitializer-3 | u:p | context: MyPolarion] INFO  com.polarion.platform.startup  -  -- Initializing context: MyPolarion (5/8)
2017-06-22 14:59:45,222 [LowLevelDataService-contextInitializer-2 | u:p | cluster: default] INFO  com.polarion.platform.startup  -  -- Initializing cluster: default (4/8)
2017-06-22 14:59:45,222 [LowLevelDataService-contextInitializer-4 | u:p | context: --Demo Projects] INFO  com.polarion.platform.startup  -  -- Initializing context: --Demo Projects (2/8)
2017-06-22 14:59:45,222 [LowLevelDataService-contextInitializer-1 | u:p | context: [GLOBAL]] INFO  com.polarion.platform.startup  -  -- Initializing context: [GLOBAL] (1/8)
2017-06-22 14:59:45,222 [LowLevelDataService-contextInitializer-5 | u:p | context: library] INFO  com.polarion.platform.startup  -  -- Initializing context: library (3/8)
2017-06-22 14:59:45,228 [LowLevelDataService-contextInitializer-1 | u:p | context: CAPA] INFO  com.polarion.platform.startup  -  -- Initializing context: CAPA (6/8)
2017-06-22 14:59:45,342 [LowLevelDataService-contextInitializer-2 | u:p | context: elibrary] INFO  com.polarion.platform.startup  -  -- Initializing context: elibrary (7/8)
2017-06-22 14:59:45,553 [LowLevelDataService-contextInitializer-4 | u:p | context: drivepilot] INFO  com.polarion.platform.startup  -  -- Initializing context: drivepilot (8/8)
2017-06-22 14:59:46,644 [main | u:p] INFO  com.polarion.platform.startup  - Context initialization ... took  [ TIME 1.43 s. ]
2017-06-22 14:59:46,655 [main | u:p] INFO  com.polarion.platform.startup  - ------------------------------
2017-06-22 14:59:46,655 [main | u:p] INFO  com.polarion.platform.startup  - Revisions processing (Phase: 4/9)
2017-06-22 14:59:46,954 [main | u:p] INFO  com.polarion.platform.startup  -  -- Processing new revisions from repository default in context ContextId[context [global]]
2017-06-22 14:59:46,967 [main | u:p] INFO  com.polarion.platform.startup  - Revisions processing ... took  [ TIME 0.32 s. ]
2017-06-22 14:59:47,027 [main | u:p] INFO  com.polarion.platform.startup  - ------------------------------
2017-06-22 14:59:47,027 [main | u:p] INFO  com.polarion.platform.startup  - Build artifacts recognition (Phase: 5/9)
2017-06-22 14:59:47,037 [main | u:p] INFO  com.polarion.platform.startup  -  -- Processing build artifacts from context: [GLOBAL] (1/8)
2017-06-22 14:59:47,188 [main | u:p] INFO  com.polarion.platform.startup  -  -- Processing build artifacts from cluster: default (2/8)
2017-06-22 14:59:47,262 [main | u:p] INFO  com.polarion.platform.startup  -  -- Processing build artifacts from context: MyPolarion (3/8)
2017-06-22 14:59:47,319 [main | u:p] INFO  com.polarion.platform.startup  -  -- Processing build artifacts from context: --Demo Projects (4/8)
2017-06-22 14:59:47,377 [main | u:p] INFO  com.polarion.platform.startup  -  -- Processing build artifacts from context: library (5/8)
2017-06-22 14:59:47,441 [main | u:p] INFO  com.polarion.platform.startup  -  -- Processing build artifacts from context: CAPA (6/8)
2017-06-22 14:59:47,585 [main | u:p] INFO  com.polarion.platform.startup  -  -- Processing build artifacts from context: elibrary (7/8)
2017-06-22 14:59:47,733 [main | u:p] INFO  com.polarion.platform.startup  -  -- Processing build artifacts from context: drivepilot (8/8)
2017-06-22 14:59:47,733 [main | u:p] INFO  com.polarion.platform.startup  - Build artifacts recognition ... took  [ TIME 0.77 s. ]
2017-06-22 14:59:47,733 [main | u:p] INFO  com.polarion.platform.startup  - ------------------------------
2017-06-22 14:59:47,733 [main | u:p] INFO  com.polarion.platform.startup  - BIR inspection (Phase: 6/9)
2017-06-22 14:59:47,784 [main | u:p] INFO  com.polarion.platform.startup  - BIR inspection ... took  [ TIME 0.05 s. ]
2017-06-22 14:59:47,784 [main | u:p] INFO  com.polarion.platform.startup  - ------------------------------
2017-06-22 14:59:47,785 [main | u:p] INFO  com.polarion.platform.startup  - Data indexing (Phase: 7/9)
2017-06-22 14:59:48,018 [main | u:p] INFO  com.polarion.platform.startup  -  -- Refreshing 1 objects in index: Revision
2017-06-22 14:59:48,024 [main | u:p] INFO  com.polarion.platform.startup  -  -- -- 1 from 1 objects were refreshed (100%)
2017-06-22 14:59:48,263 [main | u:p] INFO  com.polarion.platform.startup  - Data indexing ... took  [ TIME 0.48 s. ]
2017-06-22 14:59:48,263 [main | u:p] INFO  com.polarion.platform.startup  - ------------------------------
2017-06-22 14:59:48,264 [main | u:p] INFO  com.polarion.platform.startup  - Fields recalculation (Phase: 8/9)
2017-06-22 14:59:48,285 [main | u:p] INFO  com.polarion.platform.startup  - Fields recalculation ... took  [ TIME 0.02 s. ]
2017-06-22 14:59:48,285 [main | u:p] INFO  com.polarion.platform.startup  - ------------------------------
2017-06-22 14:59:48,286 [main | u:p] INFO  com.polarion.platform.startup  - Polarion startup (Phase: 9/9)
2017-06-22 15:00:27,473 [main] INFO  com.polarion.platform.startup  - Polarion startup ... took  [ TIME 39.19 s. ]
2017-06-22 15:00:27,473 [main] INFO  com.polarion.platform.startup  - ****************************************************************
2017-06-22 15:00:27,473 [main] INFO  com.polarion.platform.startup  -                  Polarion started:  [ TIME 47.5 s. ]
2017-06-22 15:00:27,474 [main] INFO  com.polarion.platform.startup  - ****************************************************************
