2017-06-22 15:39:51,552 [main | u:p] INFO  TXLOGGER  - Summary for 'Platform startup': transactions: 0, DB: 0.0587 s [64% query (13x), 35% update (126x)] (206x), svn: 0.0243 s [87% checkPath (1x)] (3x)
2017-06-22 15:39:51,817 [main | u:p] INFO  TXLOGGER  - Summary for 'Context recognition': transactions: 0, svn: 0.106 s [42% info (3x), 34% getDir2 content (2x), 25% getFile content (1x)] (6x)
2017-06-22 15:39:53,171 [LowLevelDataService-contextInitializer-5 | u:p] INFO  TXLOGGER  - Summary: Total: 1.35 s, transactions: 0
2017-06-22 15:39:53,171 [LowLevelDataService-contextInitializer-1 | u:p] INFO  TXLOGGER  - Summary: Total: 1.35 s, transactions: 0
2017-06-22 15:39:53,171 [LowLevelDataService-contextInitializer-2 | u:p] INFO  TXLOGGER  - Summary: Total: 1.35 s, transactions: 0, svn: 0.0941 s [96% log2 (6x)] (8x)
2017-06-22 15:39:53,171 [LowLevelDataService-contextInitializer-3 | u:p] INFO  TXLOGGER  - Summary: Total: 1.35 s, transactions: 0, ObjectMaps: 0.265 s [100% getAllPrimaryObjects (1x)] (7x), svn: 0.134 s [40% log (1x), 27% info (4x), 17% log2 (5x)] (15x)
2017-06-22 15:39:53,171 [LowLevelDataService-contextInitializer-4 | u:p] INFO  TXLOGGER  - Summary: Total: 1.35 s, transactions: 0, svn: 0.134 s [98% log2 (10x)] (12x)
2017-06-22 15:39:53,172 [main | u:p] INFO  TXLOGGER  - Summary for 'Context initialization': transactions: 0, svn: 0.439 s [72% log2 (31x), 12% log (1x)] (47x), ObjectMaps: 0.416 s [99% getAllPrimaryObjects (7x)] (55x)
2017-06-22 15:39:53,495 [main | u:p] INFO  TXLOGGER  - Summary for 'Revisions processing': transactions: 14, RepositoryConfigService: 0.195 s [100% getReadConfiguration (42x)] (42x), svn: 0.096 s [91% info (15x)] (32x)
2017-06-22 15:39:54,125 [main | u:p] INFO  TXLOGGER  - Summary for 'Build artifacts recognition': transactions: 40, svn: 0.471 s [85% info (78x)] (131x), RepositoryConfigService: 0.398 s [100% getReadConfiguration (80x)] (80x)
2017-06-22 15:39:54,786 [main | u:p] INFO  TXLOGGER  - Summary for 'Data indexing': transactions: 0, Lucene: 0.283 s [100% refresh (2x)] (2x), DB: 0.047 s [68% update (38x), 15% query (17x)] (103x), SubterraURITable: 0.0254 s [100% addIfNotExistsDB (17x)] (17x)
2017-06-22 15:40:31,044 [main] INFO  TXLOGGER  - Summary for 'Polarion startup': transactions: 1, svn: 0.303 s [80% info (47x), 10% getDir2 content (5x)] (67x), RepositoryConfigService: 0.0314 s [100% getReadConfiguration (2x)] (2x)
2017-06-22 15:40:31,166 [Persistence Events Processing Thread | u:p] INFO  TXLOGGER  - Summary: Total: 0.117 s, transactions: 6, persistence listener: 0.116 s [91% notificationsCreatingListener (1x)] (7x)
2017-06-22 15:40:31,233 [Worker-0 | u:p | job: polarion.jobs.attachment.indexer] INFO  TXLOGGER  - Summary after AttachmentIndexer: transactions: 48, persistence listener: 0.12 s [88% notificationsCreatingListener (8x)] (56x), Lucene: 0.0733 s [100% add (2x)] (2x), resolve: 0.0366 s [91% User (2x)] (5x), ObjectMaps: 0.0103 s [100% getPrimaryObjectLocation (2x)] (2x)
2017-06-22 15:40:31,818 [PreLoadDataService | u:p] INFO  TXLOGGER  - Tx 5733d20983c38_0_5733d20983c38_0_: finished. Total: 0.763 s, resolve: 0.398 s [55% Category (8x), 45% TimePoint (5x)] (13x), svn: 0.394 s [61% getDir2 content (25x), 38% getFile content (15x)] (43x), ObjectMaps: 0.0466 s [51% getPrimaryObjectLocation (13x), 29% getPrimaryObjectProperty (13x)] (55x)
2017-06-22 15:40:32,305 [PreLoadDataService | u:p] INFO  TXLOGGER  - Tx 5733d20a74c6a_0_5733d20a74c6a_0_: finished. Total: 0.285 s, svn: 0.15 s [61% getFile content (14x), 39% info (10x)] (25x), resolve: 0.136 s [100% User (8x)] (8x), RepositoryConfigService: 0.114 s [78% getReadConfiguration (72x), 22% getReadUserConfiguration (2x)] (74x), ObjectMaps: 0.0226 s [50% getPrimaryObjectLocation (8x), 26% getLastPromoted (8x), 24% getPrimaryObjectProperty (8x)] (33x)
2017-06-22 15:40:32,456 [PreLoadDataService | u:p] INFO  TXLOGGER  - Tx 5733d20abc46b_0_5733d20abc46b_0_: finished. Total: 0.15 s, RepositoryConfigService: 0.123 s [99% getReadConfiguration (55x)] (78x), svn: 0.101 s [100% getFile content (13x)] (14x)
2017-06-22 15:40:32,868 [DBHistoryCreator-2 | u:p] INFO  TXLOGGER  - Summary: Total: 1.59 s, transactions: 0
2017-06-22 15:40:32,868 [DBHistoryCreator-1 | u:p] INFO  TXLOGGER  - Summary: Total: 1.59 s, transactions: 0
2017-06-22 15:40:32,870 [Worker-1 | u:p | job: polarion.jobs.db.history] INFO  TXLOGGER  - Summary after DBHistoryCreator: transactions: 0, Lucene: 0.0245 s [100% add (1x)] (1x), DB: 0.00141 s [76% update (2x), 24% commit (2x)] (4x)
2017-06-22 15:40:32,870 [Worker-1 | u:p] INFO  TXLOGGER  - Summary for 'job: polarion.jobs.db.history': Total: 1.64 s, transactions: 0, DB: 1.29 s [57% query (4067x), 27% update (4042x)] (20301x), SubterraURITable: 1.14 s [100% getDB (4041x)] (4041x)
2017-06-22 15:40:33,248 [PreLoadDataService | u:p] INFO  TXLOGGER  - Tx 5733d20ae206c_0_5733d20ae206c_0_: finished. Total: 0.792 s, svn: 0.721 s [69% getFile content (47x), 31% getDir2 content (17x)] (65x), RepositoryConfigService: 0.552 s [100% getReadConfiguration (164x)] (180x)
2017-06-22 15:40:33,529 [PreLoadDataService | u:p] INFO  TXLOGGER  - Tx 5733d20ba806d_0_5733d20ba806d_0_: finished. Total: 0.282 s, svn: 0.237 s [84% getFile content (35x)] (42x), RepositoryConfigService: 0.233 s [99% getReadConfiguration (295x)] (370x)
2017-06-22 15:40:33,829 [PreLoadDataService | u:p] INFO  TXLOGGER  - Tx 5733d20bee86e_0_5733d20bee86e_0_: finished. Total: 0.299 s, svn: 0.279 s [52% getDir2 content (17x), 48% getFile content (21x)] (39x), RepositoryConfigService: 0.148 s [99% getReadConfiguration (88x)] (110x)
2017-06-22 15:40:33,932 [PreLoadDataService | u:p] INFO  TXLOGGER  - Tx 5733d20c3946f_0_5733d20c3946f_0_: finished. Total: 0.101 s, svn: 0.0923 s [58% getDir2 content (11x), 42% getFile content (8x)] (20x), RepositoryConfigService: 0.0452 s [99% getReadConfiguration (38x)] (54x)
2017-06-22 15:40:34,194 [PreLoadDataService | u:p] INFO  TXLOGGER  - Tx 5733d20c53070_0_5733d20c53070_0_: finished. Total: 0.263 s, svn: 0.23 s [59% getFile content (24x), 41% getDir2 content (12x)] (37x), RepositoryConfigService: 0.165 s [100% getReadConfiguration (87x)] (109x)
2017-06-22 15:40:34,194 [PreLoadDataService] INFO  TXLOGGER  - Summary for 'PreloadDataService': Total: 3.14 s, transactions: 9, svn: 2.26 s [61% getFile content (182x), 36% getDir2 content (90x)] (301x), RepositoryConfigService: 1.4 s [98% getReadConfiguration (801x)] (981x), resolve: 0.664 s [33% Category (8x), 27% TimePoint (5x), 20% User (8x)] (26x)
2017-06-22 15:40:34,194 [PreLoadDataService] INFO  TXLOGGER  - Summary after preload: transactions: 9, svn: 2.26 s [61% getFile content (182x), 36% getDir2 content (90x)] (302x), RepositoryConfigService: 1.4 s [98% getReadConfiguration (801x)] (981x), DB: 1.29 s [57% query (4067x), 27% update (4042x)] (20301x), SubterraURITable: 1.14 s [100% getDB (4041x)] (4041x), resolve: 0.664 s [33% Category (8x), 27% TimePoint (5x), 20% User (9x)] (27x)
2017-06-22 15:40:39,818 [ajp-nio-8889-exec-5 | u:admin] INFO  TXLOGGER  - Tx 5733d2116ec71_0_5733d2116ec71_0_: finished. Total: 0.656 s, RepositoryConfigService: 0.174 s [86% getReadConfiguration (155x)] (180x), svn: 0.157 s [54% getFile content (11x), 30% info (7x)] (23x), resolve: 0.0949 s [99% WorkItem (1x)] (23x), Lucene: 0.0692 s [100% search (12x)] (12x), workflow: 0.0345 s [100% LinkedWorkItemsStatusCondition (4x)] (4x)
2017-06-22 15:40:39,928 [ajp-nio-8889-exec-5 | u:admin] INFO  TXLOGGER  - Summary for 'WorkItemDataService.loadWorkitem': Total: 0.767 s, transactions: 1, RepositoryConfigService: 0.174 s [86% getReadConfiguration (155x)] (180x), svn: 0.157 s [54% getFile content (11x), 30% info (7x)] (23x), resolve: 0.0949 s [99% WorkItem (1x)] (23x), Lucene: 0.0692 s [100% search (12x)] (12x)
2017-06-22 15:40:45,932 [ajp-nio-8889-exec-6 | u:admin] INFO  TXLOGGER  - Tx 5733d2170a872_0_5733d2170a872_0_: finished. Total: 1.03 s, svn: 0.703 s [91% endActivity (1x)] (9x), Lucene: 0.16 s [87% refresh (1x)] (2x), DB: 0.0817 s [97% update (17x)] (25x), resolve: 0.0615 s [99% WorkItem (2x)] (9x), processed revs: [99, 99 (delay 0s)], write: true
2017-06-22 15:40:46,047 [ajp-nio-8889-exec-6 | u:admin] INFO  TXLOGGER  - Summary for 'WorkItemDataService.saveWorkItem': Total: 1.15 s, transactions: 2, svn: 0.716 s [89% endActivity (1x)] (11x), Lucene: 0.172 s [81% refresh (1x)] (3x), DB: 0.0817 s [97% update (17x)] (25x), resolve: 0.0642 s [96% WorkItem (6x)] (35x)
2017-06-22 15:40:46,249 [Persistence Events Processing Thread | u:p] INFO  TXLOGGER  - Tx 5733d2180b073_0_5733d2180b073_0_: finished. Total: 0.318 s, resolve: 0.174 s [72% WorkItem (8x), 28% User (7x)] (15x), svn: 0.156 s [54% getFile content (6x), 25% info (2x), 21% getDir2 content (2x)] (11x), ObjectMaps: 0.0169 s [46% getPrimaryObjectProperty (5x), 39% getPrimaryObjectLocation (5x)] (20x)
2017-06-22 15:40:46,343 [Persistence Events Processing Thread | u:p] INFO  TXLOGGER  - Summary: Total: 0.41 s, transactions: 6, persistence listener: 0.41 s [77% notificationsCreatingListener (1x), 22% WorkItemActivityCreator (1x)] (7x), resolve: 0.227 s [79% WorkItem (11x), 21% User (8x)] (20x), svn: 0.203 s [51% getFile content (7x), 26% info (3x), 23% getDir2 content (3x)] (16x), ObjectMaps: 0.0216 s [44% getPrimaryObjectLocation (6x), 40% getPrimaryObjectProperty (6x)] (24x), Lucene: 0.0208 s [100% add (1x)] (1x)
2017-06-22 15:41:03,073 [ajp-nio-8889-exec-10 | u:admin] INFO  TXLOGGER  - Tx 5733d22728c82_0_5733d22728c82_0_: finished. Total: 1.66 s, svn: 1.56 s [97% endActivity (1x)] (9x), processed revs: [100, 100 (delay 1s)], write: true
2017-06-22 15:41:03,134 [ajp-nio-8889-exec-10 | u:admin] INFO  TXLOGGER  - Summary for 'WorkItemDataService.saveWorkItem': Total: 1.72 s, transactions: 2, svn: 1.56 s [97% endActivity (1x)] (9x)
2017-06-22 15:41:03,285 [Persistence Events Processing Thread | u:p] INFO  TXLOGGER  - Tx 5733d228c8483_0_5733d228c8483_0_: finished. Total: 0.211 s, resolve: 0.203 s [80% WorkItem (7x)] (14x), svn: 0.14 s [47% getFile content (4x), 29% info (2x), 25% getDir2 content (2x)] (9x), ObjectMaps: 0.0398 s [45% getPrimaryObjectProperty (4x), 42% getPrimaryObjectLocation (4x)] (16x)
2017-06-22 15:41:03,371 [Persistence Events Processing Thread | u:p] INFO  TXLOGGER  - Summary: Total: 0.298 s, transactions: 6, persistence listener: 0.297 s [71% notificationsCreatingListener (1x), 29% WorkItemActivityCreator (1x)] (7x), resolve: 0.257 s [84% WorkItem (10x)] (21x), svn: 0.189 s [45% getFile content (5x), 30% info (3x), 24% getDir2 content (3x)] (14x), ObjectMaps: 0.0455 s [43% getPrimaryObjectLocation (5x), 41% getPrimaryObjectProperty (5x)] (22x), Lucene: 0.0214 s [100% add (1x)] (1x)
2017-06-22 15:41:09,649 [ajp-nio-8889-exec-4 | u:admin] INFO  TXLOGGER  - Tx 5733d22e64892_0_5733d22e64892_0_: finished. Total: 0.832 s, svn: 0.715 s [93% endActivity (1x)] (9x), Lucene: 0.065 s [45% refresh (1x), 45% add (1x)] (3x), resolve: 0.0448 s [99% WorkItem (2x)] (10x), processed revs: [101, 101 (delay 0s)], write: true
2017-06-22 15:41:09,692 [ajp-nio-8889-exec-4 | u:admin] INFO  TXLOGGER  - Summary for 'WorkItemDataService.saveWorkItem': Total: 0.874 s, transactions: 2, svn: 0.715 s [93% endActivity (1x)] (9x), Lucene: 0.0709 s [41% refresh (1x), 41% add (1x)] (4x), resolve: 0.0465 s [97% WorkItem (6x)] (36x)
2017-06-22 15:41:09,880 [Persistence Events Processing Thread | u:p] INFO  TXLOGGER  - Tx 5733d22f34493_0_5733d22f34493_0_: finished. Total: 0.231 s, resolve: 0.222 s [76% WorkItem (8x), 24% User (7x)] (15x), svn: 0.167 s [43% getFile content (4x), 30% getDir2 content (2x), 27% info (2x)] (9x), ObjectMaps: 0.0456 s [42% getPrimaryObjectLocation (4x), 31% getLastPromoted (4x), 27% getPrimaryObjectProperty (4x)] (16x)
2017-06-22 15:41:09,946 [Persistence Events Processing Thread | u:p] INFO  TXLOGGER  - Summary: Total: 0.297 s, transactions: 6, persistence listener: 0.297 s [78% notificationsCreatingListener (1x), 22% WorkItemActivityCreator (1x)] (7x), resolve: 0.263 s [80% WorkItem (11x)] (20x), svn: 0.204 s [41% getFile content (5x), 30% getDir2 content (3x), 28% info (3x)] (14x), ObjectMaps: 0.05 s [45% getPrimaryObjectLocation (5x), 29% getLastPromoted (5x), 26% getPrimaryObjectProperty (5x)] (20x), Lucene: 0.0181 s [100% add (1x)] (1x)
2017-06-22 15:41:33,372 [ajp-nio-8889-exec-8 | u:admin] INFO  TXLOGGER  - Tx 5733d244ce8a2_0_5733d244ce8a2_0_: finished. Total: 1.6 s, svn: 1.5 s [96% endActivity (1x)] (9x), processed revs: [102, 102 (delay 1s)], write: true
2017-06-22 15:41:33,420 [ajp-nio-8889-exec-8 | u:admin] INFO  TXLOGGER  - Summary for 'WorkItemDataService.saveWorkItem': Total: 1.65 s, transactions: 2, svn: 1.5 s [96% endActivity (1x)] (9x)
2017-06-22 15:41:33,555 [Persistence Events Processing Thread | u:p] INFO  TXLOGGER  - Tx 5733d2465f0a3_0_5733d2465f0a3_0_: finished. Total: 0.182 s, resolve: 0.177 s [81% WorkItem (8x)] (15x), svn: 0.132 s [53% getFile content (4x), 26% getDir2 content (2x), 20% info (2x)] (9x), ObjectMaps: 0.0162 s [51% getPrimaryObjectLocation (4x), 38% getLastPromoted (4x)] (16x)
2017-06-22 15:41:33,625 [Persistence Events Processing Thread | u:p] INFO  TXLOGGER  - Summary: Total: 0.252 s, transactions: 6, persistence listener: 0.252 s [72% notificationsCreatingListener (1x), 27% WorkItemActivityCreator (1x)] (7x), resolve: 0.223 s [85% WorkItem (11x)] (20x), svn: 0.173 s [50% getFile content (5x), 27% getDir2 content (3x), 22% info (3x)] (14x), ObjectMaps: 0.0207 s [54% getPrimaryObjectLocation (5x), 34% getLastPromoted (5x)] (20x), Lucene: 0.0183 s [100% add (1x)] (1x)
2017-06-22 15:41:43,132 [PullingJob-default] INFO  TXLOGGER  - Summary for 'PullingJob': Total: 0.31 s, transactions: 0, svn: 0.309 s [100% log2 (35x)] (36x), processed revs: [103]
2017-06-22 15:41:43,257 [ajp-nio-8889-exec-2 | u:admin] INFO  TXLOGGER  - Tx 5733d24e2c8b2_0_5733d24e2c8b2_0_: finished. Total: 1.89 s, svn: 1.5 s [97% endActivity (1x)] (9x), processed revs: [103, 103 (delay 0s)], write: true
2017-06-22 15:41:43,294 [ajp-nio-8889-exec-2 | u:admin] INFO  TXLOGGER  - Summary for 'WorkItemDataService.saveWorkItem': Total: 1.93 s, transactions: 2, svn: 1.5 s [97% endActivity (1x)] (9x)
2017-06-22 15:41:43,453 [Persistence Events Processing Thread | u:p] INFO  TXLOGGER  - Tx 5733d250064b3_0_5733d250064b3_0_: finished. Total: 0.197 s, resolve: 0.192 s [82% WorkItem (8x)] (15x), svn: 0.139 s [49% getFile content (4x), 26% info (2x), 25% getDir2 content (2x)] (9x), ObjectMaps: 0.0299 s [63% getPrimaryObjectLocation (4x), 21% getPrimaryObjectProperty (4x)] (16x)
2017-06-22 15:41:43,535 [Persistence Events Processing Thread | u:p] INFO  TXLOGGER  - Summary: Total: 0.279 s, transactions: 6, persistence listener: 0.279 s [71% notificationsCreatingListener (1x), 29% WorkItemActivityCreator (1x)] (7x), resolve: 0.243 s [85% WorkItem (11x)] (20x), svn: 0.186 s [46% getFile content (5x), 27% info (3x), 26% getDir2 content (3x)] (14x), ObjectMaps: 0.0334 s [62% getPrimaryObjectLocation (5x), 21% getPrimaryObjectProperty (5x)] (20x), Lucene: 0.0259 s [100% add (1x)] (1x)
