2017-06-26 17:49:35,956 [main | u:p] INFO  TXLOGGER  - Summary for 'Platform startup': transactions: 0, DB: 0.0415 s [51% update (126x), 48% query (13x)] (206x), svn: 0.03 s [86% checkPath (1x)] (3x)
2017-06-26 17:49:36,145 [main | u:p] INFO  TXLOGGER  - Summary for 'Context recognition': transactions: 0, svn: 0.0722 s [38% info (3x), 37% getDir2 content (2x), 25% getFile content (1x)] (6x)
2017-06-26 17:49:37,380 [LowLevelDataService-contextInitializer-5 | u:p] INFO  TXLOGGER  - Summary: Total: 1.23 s, transactions: 0
2017-06-26 17:49:37,380 [LowLevelDataService-contextInitializer-4 | u:p] INFO  TXLOGGER  - Summary: Total: 1.23 s, transactions: 0, svn: 0.173 s [96% log2 (10x)] (12x)
2017-06-26 17:49:37,380 [LowLevelDataService-contextInitializer-3 | u:p] INFO  TXLOGGER  - Summary: Total: 1.23 s, transactions: 0, ObjectMaps: 0.262 s [100% getAllPrimaryObjects (1x)] (7x)
2017-06-26 17:49:37,380 [LowLevelDataService-contextInitializer-1 | u:p] INFO  TXLOGGER  - Summary: Total: 1.23 s, transactions: 0, svn: 0.155 s [32% log (1x), 25% log2 (5x), 24% info (5x)] (17x)
2017-06-26 17:49:37,380 [LowLevelDataService-contextInitializer-2 | u:p] INFO  TXLOGGER  - Summary: Total: 1.23 s, transactions: 0, svn: 0.167 s [96% log2 (11x)] (14x), ObjectMaps: 0.0646 s [96% getAllPrimaryObjects (3x)] (33x)
2017-06-26 17:49:37,381 [main | u:p] INFO  TXLOGGER  - Summary for 'Context initialization': transactions: 0, svn: 0.568 s [77% log2 (36x), 9% log (1x)] (55x), ObjectMaps: 0.405 s [99% getAllPrimaryObjects (8x)] (68x)
2017-06-26 17:49:37,698 [main | u:p] INFO  TXLOGGER  - Summary for 'Revisions processing': transactions: 16, RepositoryConfigService: 0.205 s [100% getReadConfiguration (48x)] (48x), svn: 0.118 s [91% info (17x)] (36x)
2017-06-26 17:49:38,458 [main | u:p] INFO  TXLOGGER  - Summary for 'Build artifacts recognition': transactions: 45, svn: 0.598 s [86% info (87x)] (145x), RepositoryConfigService: 0.487 s [100% getReadConfiguration (90x)] (90x)
2017-06-26 17:49:39,091 [main | u:p] INFO  TXLOGGER  - Summary for 'Data indexing': transactions: 0, Lucene: 0.258 s [100% refresh (2x)] (2x), SubterraURITable: 0.0231 s [100% addIfNotExistsDB (19x)] (19x), DB: 0.0219 s [50% update (42x), 22% query (19x), 20% execute (13x)] (114x)
2017-06-26 17:50:13,695 [main] INFO  TXLOGGER  - Summary for 'Polarion startup': transactions: 1, svn: 0.318 s [77% info (48x), 10% getDir2 content (5x)] (67x), RepositoryConfigService: 0.0273 s [100% getReadConfiguration (2x)] (2x)
2017-06-26 17:50:13,805 [Persistence Events Processing Thread | u:p] INFO  TXLOGGER  - Summary: Total: 0.106 s, transactions: 6, persistence listener: 0.105 s [93% notificationsCreatingListener (1x)] (7x)
2017-06-26 17:50:13,882 [Worker-0 | u:p | job: polarion.jobs.attachment.indexer] INFO  TXLOGGER  - Summary after AttachmentIndexer: transactions: 54, persistence listener: 0.109 s [91% notificationsCreatingListener (9x)] (63x), Lucene: 0.0744 s [100% add (2x)] (2x), resolve: 0.0349 s [90% User (2x)] (5x), ObjectMaps: 0.00924 s [100% getPrimaryObjectLocation (2x)] (2x)
2017-06-26 17:50:14,480 [PreLoadDataService | u:p] INFO  TXLOGGER  - Tx 57391615c203f_0_57391615c203f_0_: finished. Total: 0.775 s, svn: 0.444 s [62% getDir2 content (25x), 38% getFile content (15x)] (43x), resolve: 0.382 s [51% Category (8x), 49% TimePoint (5x)] (13x), ObjectMaps: 0.0483 s [50% getPrimaryObjectLocation (13x), 29% getPrimaryObjectProperty (13x), 21% getLastPromoted (13x)] (55x)
2017-06-26 17:50:15,074 [PreLoadDataService | u:p] INFO  TXLOGGER  - Tx 57391616b9477_0_57391616b9477_0_: finished. Total: 0.38 s, svn: 0.229 s [53% getFile content (16x), 47% info (12x)] (30x), RepositoryConfigService: 0.177 s [84% getReadConfiguration (90x)] (92x), resolve: 0.17 s [100% User (9x)] (9x), ObjectMaps: 0.0273 s [46% getPrimaryObjectLocation (9x), 29% getPrimaryObjectProperty (9x), 25% getLastPromoted (9x)] (37x)
2017-06-26 17:50:15,221 [PreLoadDataService | u:p] INFO  TXLOGGER  - Tx 5739161718878_0_5739161718878_0_: finished. Total: 0.147 s, RepositoryConfigService: 0.121 s [99% getReadConfiguration (55x)] (78x), svn: 0.101 s [100% getFile content (13x)] (14x)
2017-06-26 17:50:15,478 [DBHistoryCreator-1 | u:p] INFO  TXLOGGER  - Summary: Total: 1.54 s, transactions: 0
2017-06-26 17:50:15,478 [DBHistoryCreator-2 | u:p] INFO  TXLOGGER  - Summary: Total: 1.54 s, transactions: 0
2017-06-26 17:50:15,478 [Worker-1 | u:p | job: polarion.jobs.db.history] INFO  TXLOGGER  - Summary after DBHistoryCreator: transactions: 0, Lucene: 0.0354 s [100% add (1x)] (1x)
2017-06-26 17:50:15,478 [Worker-1 | u:p] INFO  TXLOGGER  - Summary for 'job: polarion.jobs.db.history': Total: 1.6 s, transactions: 0, SubterraURITable: 1.26 s [100% getDB (4301x)] (4301x), DB: 1.2 s [51% query (4327x), 30% update (4302x)] (21749x)
2017-06-26 17:50:16,222 [PreLoadDataService | u:p] INFO  TXLOGGER  - Tx 573916173d479_0_573916173d479_0_: finished. Total: 1 s, svn: 0.925 s [65% getFile content (47x), 35% getDir2 content (17x)] (65x), RepositoryConfigService: 0.662 s [100% getReadConfiguration (179x)] (198x)
2017-06-26 17:50:16,524 [PreLoadDataService | u:p] INFO  TXLOGGER  - Tx 573916183787a_0_573916183787a_0_: finished. Total: 0.303 s, RepositoryConfigService: 0.254 s [99% getReadConfiguration (308x)] (386x), svn: 0.249 s [84% getFile content (37x)] (44x)
2017-06-26 17:50:16,826 [PreLoadDataService | u:p] INFO  TXLOGGER  - Tx 573916188307b_0_573916188307b_0_: finished. Total: 0.302 s, svn: 0.266 s [85% getFile content (34x)] (41x), RepositoryConfigService: 0.255 s [99% getReadConfiguration (295x)] (353x)
2017-06-26 17:50:17,204 [PreLoadDataService | u:p] INFO  TXLOGGER  - Tx 57391618ce87c_0_57391618ce87c_0_: finished. Total: 0.378 s, svn: 0.36 s [52% getFile content (21x), 48% getDir2 content (17x)] (39x), RepositoryConfigService: 0.2 s [100% getReadConfiguration (88x)] (110x)
2017-06-26 17:50:17,307 [PreLoadDataService | u:p] INFO  TXLOGGER  - Tx 573916192d07d_0_573916192d07d_0_: finished. Total: 0.102 s, svn: 0.0946 s [58% getDir2 content (11x), 42% getFile content (8x)] (20x), RepositoryConfigService: 0.0448 s [99% getReadConfiguration (38x)] (54x)
2017-06-26 17:50:17,571 [PreLoadDataService | u:p] INFO  TXLOGGER  - Tx 5739161946c7e_0_5739161946c7e_0_: finished. Total: 0.264 s, svn: 0.246 s [52% getFile content (24x), 48% getDir2 content (12x)] (37x), RepositoryConfigService: 0.143 s [100% getReadConfiguration (87x)] (109x)
2017-06-26 17:50:17,572 [PreLoadDataService] INFO  TXLOGGER  - Summary for 'PreloadDataService': Total: 3.87 s, transactions: 10, svn: 3 s [61% getFile content (221x), 34% getDir2 content (96x)] (352x), RepositoryConfigService: 1.89 s [98% getReadConfiguration (1142x)] (1386x), resolve: 0.704 s [28% Category (8x), 27% TimePoint (5x), 24% User (9x), 22% Project (6x)] (28x)
2017-06-26 17:50:17,572 [PreLoadDataService] INFO  TXLOGGER  - Summary after preload: transactions: 10, svn: 3 s [61% getFile content (221x), 34% getDir2 content (96x)] (352x), RepositoryConfigService: 1.89 s [98% getReadConfiguration (1142x)] (1386x), SubterraURITable: 1.26 s [100% getDB (4301x)] (4301x), DB: 1.2 s [51% query (4327x), 30% update (4302x)] (21749x), resolve: 0.705 s [28% Category (8x), 27% TimePoint (5x), 24% User (10x), 22% Project (6x)] (29x)
2017-06-26 17:50:35,989 [ajp-nio-8889-exec-5 | u:admin] INFO  TXLOGGER  - Summary for 'WorkItemDataService.saveWorkItem': Total: 0.146 s, transactions: 2, resolve: 0.102 s [100% WorkItem (2x)] (2x), svn: 0.0617 s [49% info (3x), 25% getFile content (1x), 24% getDir2 content (1x)] (8x), calculatedFieldsContributor: 0.0195 s [100% fields (1x)] (1x), RepositoryConfigService: 0.0187 s [88% getExistingPrefixes (1x)] (5x), derivedLinkedRevisionsContributor: 0.0162 s [100% fields (1x)] (1x), Lucene: 0.0129 s [100% search (1x)] (1x), permissions: 0.0122 s [100% readInstance (2x)] (2x)
2017-06-26 17:50:38,402 [ajp-nio-8889-exec-7 | u:admin] INFO  TXLOGGER  - Summary for 'DebugService.deObfuscateStackTrace': Total: 0.111 s, transactions: 0
2017-06-26 17:51:43,566 [ajp-nio-8889-exec-1 | u:admin] INFO  TXLOGGER  - Summary for 'PortalDataService.requestPortalSite': Total: 0.259 s, transactions: 10, RepositoryConfigService: 0.0813 s [83% getReadConfiguration (18x)] (28x), svn: 0.0795 s [47% info (5x), 34% getFile content (4x)] (21x)
2017-06-26 17:51:54,154 [ajp-nio-8889-exec-5 | u:admin | uri:/polarion/wiki/bin/view/page/Home | wiki: view http://localhost/polarion/wiki/bin/view/page/Home] INFO  TXLOGGER  - Tx 57391677c0896_0_57391677c0896_0_: finished. Total: 0.103 s
2017-06-26 17:51:54,223 [ajp-nio-8889-exec-5] INFO  TXLOGGER  - Summary for 'servlet /polarion/wiki/bin/view/page/Home': Total: 0.934 s, transactions: 2, svn: 0.428 s [59% info (54x), 21% getFile properties (18x)] (86x), Velocity: 0.39 s [100% evaluate in Wiki (1x)] (1x)
2017-06-26 17:51:54,651 [ajp-nio-8889-exec-3] INFO  TXLOGGER  - Summary for 'servlet /polarion/wiki/bin/download/page/_default/Home/IveGotTime.png': Total: 0.309 s, transactions: 0, svn: 0.0433 s [100% info (2x)] (2x)
2017-06-26 17:51:54,653 [ajp-nio-8889-exec-10] INFO  TXLOGGER  - Summary for 'servlet /polarion/wiki/bin/download/page/_default/Home/TimeIsShort.png': Total: 0.313 s, transactions: 0, svn: 0.0444 s [100% info (2x)] (2x)
2017-06-26 17:51:54,663 [ajp-nio-8889-exec-7] INFO  TXLOGGER  - Summary for 'servlet /polarion/wiki/bin/download/page/_default/Home/ProjectDrivePilot.png': Total: 0.324 s, transactions: 0, svn: 0.0645 s [100% info (2x)] (2x)
2017-06-26 17:51:54,666 [ajp-nio-8889-exec-1] INFO  TXLOGGER  - Summary for 'servlet /polarion/wiki/bin/download/page/_default/Home/ProjectElibrary.png': Total: 0.327 s, transactions: 0, svn: 0.0721 s [100% info (2x)] (2x)
2017-06-26 17:51:54,713 [ajp-nio-8889-exec-4] INFO  TXLOGGER  - Summary for 'servlet /polarion/wiki/bin/download/page/_default/Home/TutorialVideos.png': Total: 0.267 s, transactions: 0, svn: 0.0175 s [100% info (2x)] (2x)
2017-06-26 17:51:54,718 [ajp-nio-8889-exec-2] INFO  TXLOGGER  - Summary for 'servlet /polarion/wiki/bin/download/page/_default/Home/CreateNewProject.png': Total: 0.277 s, transactions: 0
2017-06-26 17:51:54,855 [ajp-nio-8889-exec-5] INFO  TXLOGGER  - Summary for 'servlet /polarion/wiki/bin/download/page/_default/Home/VideoLiveDocs.png': Total: 0.195 s, transactions: 0
2017-06-26 17:51:54,863 [ajp-nio-8889-exec-6] INFO  TXLOGGER  - Summary for 'servlet /polarion/wiki/bin/download/page/_default/Home/WatchAll.png': Total: 0.198 s, transactions: 0, svn: 0.0174 s [100% info (2x)] (2x)
2017-06-26 17:51:54,863 [ajp-nio-8889-exec-9] INFO  TXLOGGER  - Summary for 'servlet /polarion/wiki/bin/download/page/_default/Home/VideoPortal.png': Total: 0.204 s, transactions: 0, svn: 0.0159 s [100% info (2x)] (2x)
2017-06-26 17:52:39,965 [ajp-nio-8889-exec-1 | u:admin] INFO  TXLOGGER  - Tx 573916a3ecc9f_0_573916a3ecc9f_0_: finished. Total: 0.682 s, svn: 0.632 s [98% endActivity (1x)] (5x), processed revs: [278, 278 (delay 0s)], write: true
2017-06-26 17:52:39,966 [ajp-nio-8889-exec-1 | u:admin] INFO  TXLOGGER  - Summary for 'WorkflowDataService.saveWorkflowDataByContext': Total: 0.683 s, transactions: 1, svn: 0.632 s [98% endActivity (1x)] (5x)
2017-06-26 17:52:40,237 [ajp-nio-8889-exec-3 | u:admin] INFO  TXLOGGER  - Summary for 'WikiDataService.getWikiData': Total: 0.104 s, transactions: 0, svn: 0.0983 s [44% info (4x), 29% getDir2 content (2x), 26% getFile content (15x)] (21x)
2017-06-26 17:52:45,948 [ajp-nio-8889-exec-8 | u:admin | uri:/polarion/wiki/bin/view/project/drivepilot/page/Home | wiki: view http://localhost/polarion/wiki/bin/view/project/drivepilot/page/Home] INFO  TXLOGGER  - Tx 573916a9fa0ab_0_573916a9fa0ab_0_: finished. Total: 0.467 s, svn: 0.332 s [91% info (36x)] (43x), resolve: 0.212 s [98% WikiPage (24x)] (38x)
2017-06-26 17:52:45,976 [ajp-nio-8889-exec-8] INFO  TXLOGGER  - Summary for 'servlet /polarion/wiki/bin/view/project/drivepilot/page/Home': Total: 1.54 s, transactions: 5, Velocity: 1.26 s [100% evaluate in Wiki (1x)] (1x), svn: 1.1 s [81% info (130x)] (159x), resolve: 0.261 s [99% WikiPage (41x)] (58x)
2017-06-26 17:52:46,299 [ajp-nio-8889-exec-4] INFO  TXLOGGER  - Summary for 'servlet /polarion/wiki/bin/download/project/drivepilot/page/_default/Home/project_logo.jpg': Total: 0.192 s, transactions: 0, svn: 0.0391 s [100% info (2x)] (2x)
2017-06-26 17:52:47,507 [ajp-nio-8889-exec-8 | u:admin] INFO  TXLOGGER  - Tx 573916ab9a8b2_0_573916ab9a8b2_0_: finished. Total: 0.361 s, svn: 0.15 s [66% getFile content (6x), 22% info (2x)] (11x), RepositoryConfigService: 0.127 s [100% getReadConfiguration (169x)] (194x), resolve: 0.0601 s [99% WorkItem (4x)] (12x)
2017-06-26 17:52:47,556 [ajp-nio-8889-exec-8 | u:admin] INFO  TXLOGGER  - Summary for 'WorkItemDataService.loadWorkitem': Total: 0.41 s, transactions: 1, svn: 0.15 s [66% getFile content (6x), 22% info (2x)] (11x), RepositoryConfigService: 0.127 s [100% getReadConfiguration (169x)] (194x), resolve: 0.0601 s [99% WorkItem (4x)] (12x)
2017-06-26 17:52:48,018 [ajp-nio-8889-exec-10 | u:admin] INFO  TXLOGGER  - Tx 573916ab990b1_0_573916ab990b1_0_: finished. Total: 0.878 s, resolve: 0.802 s [100% WorkItem (14x)] (18x), svn: 0.718 s [36% getFile content (15x), 32% info (14x), 30% getDir2 content (14x)] (57x)
2017-06-26 17:52:48,019 [ajp-nio-8889-exec-10 | u:admin] INFO  TXLOGGER  - Summary for 'WorkItemDataService.loadInstances': Total: 0.88 s, transactions: 1, resolve: 0.802 s [100% WorkItem (14x)] (18x), svn: 0.718 s [36% getFile content (15x), 32% info (14x), 30% getDir2 content (14x)] (57x)
2017-06-26 17:52:48,664 [ajp-nio-8889-exec-4 | u:admin] INFO  TXLOGGER  - Tx 573916acf18b3_0_573916acf18b3_0_: finished. Total: 0.145 s, RepositoryConfigService: 0.0882 s [81% getReadConfiguration (156x)] (176x), svn: 0.0455 s [65% getFile content (5x), 35% info (2x)] (8x)
2017-06-26 17:52:48,684 [ajp-nio-8889-exec-4 | u:admin] INFO  TXLOGGER  - Summary for 'WorkItemDataService.loadWorkitem': Total: 0.165 s, transactions: 1, RepositoryConfigService: 0.0882 s [81% getReadConfiguration (156x)] (176x), svn: 0.0455 s [65% getFile content (5x), 35% info (2x)] (8x)
2017-06-26 17:53:04,765 [ajp-nio-8889-exec-9 | u:admin] INFO  TXLOGGER  - Tx 573916bbe5cb6_0_573916bbe5cb6_0_: finished. Total: 0.932 s, svn: 0.674 s [91% endActivity (1x)] (9x), Lucene: 0.166 s [88% refresh (1x)] (3x), resolve: 0.0744 s [99% WorkItem (2x)] (9x), processed revs: [279, 279 (delay 0s)], write: true
2017-06-26 17:53:04,814 [ajp-nio-8889-exec-9 | u:admin] INFO  TXLOGGER  - Summary for 'WorkItemDataService.saveWorkItem': Total: 0.982 s, transactions: 2, svn: 0.674 s [91% endActivity (1x)] (9x), Lucene: 0.174 s [84% refresh (1x)] (4x), resolve: 0.0761 s [98% WorkItem (11x)] (40x)
2017-06-26 17:53:05,103 [Persistence Events Processing Thread | u:p] INFO  TXLOGGER  - Tx 573916bccf0b7_0_573916bccf0b7_0_: finished. Total: 0.338 s, resolve: 0.232 s [72% WorkItem (13x), 28% User (15x)] (28x), svn: 0.216 s [51% getFile content (10x), 25% getDir2 content (2x), 24% info (2x)] (15x)
2017-06-26 17:53:05,203 [Persistence Events Processing Thread | u:p] INFO  TXLOGGER  - Summary: Total: 0.438 s, transactions: 6, persistence listener: 0.438 s [77% notificationsCreatingListener (1x), 23% WorkItemActivityCreator (1x)] (7x), resolve: 0.285 s [77% WorkItem (16x), 23% User (16x)] (33x), svn: 0.266 s [48% getFile content (11x), 26% getDir2 content (3x), 26% info (3x)] (20x), Lucene: 0.0293 s [98% add (1x)] (9x)
2017-06-26 17:54:38,108 [ajp-nio-8889-exec-10 | u:admin] INFO  TXLOGGER  - Tx 573916c0938c6_0_573916c0938c6_0_: finished. Total: 89.5 s, workflow: 85.2 s [100% CreateDerivedWI (1x)] (3x), processed revs: [280, 280 (delay 0s)], write: true
2017-06-26 17:54:38,164 [ajp-nio-8889-exec-10 | u:admin] INFO  TXLOGGER  - Summary for 'WorkItemDataService.saveWorkItem': Total: 89.5 s, transactions: 2, workflow: 85.2 s [100% CreateDerivedWI (1x)] (7x)
2017-06-26 17:54:38,395 [Persistence Events Processing Thread | u:p] INFO  TXLOGGER  - Tx 57391717f70c7_0_57391717f70c7_0_: finished. Total: 0.286 s, resolve: 0.273 s [84% WorkItem (17x)] (34x), svn: 0.251 s [41% getFile content (7x), 31% getDir2 content (3x), 28% info (3x)] (14x)
2017-06-26 17:54:38,637 [Persistence Events Processing Thread | u:p] INFO  TXLOGGER  - Tx 573917183ecca_0_573917183ecca_0_: finished. Total: 0.242 s, resolve: 0.14 s [83% WorkItem (7x)] (13x), svn: 0.124 s [51% getFile content (5x), 25% info (3x), 23% getDir2 content (2x)] (12x), RepositoryConfigService: 0.0541 s [100% getReadConfiguration (43x)] (46x), Lucene: 0.0345 s [100% add (2x)] (2x)
2017-06-26 17:54:38,637 [Persistence Events Processing Thread | u:p] INFO  TXLOGGER  - Summary: Total: 0.529 s, transactions: 6, persistence listener: 0.529 s [54% notificationsCreatingListener (1x), 46% WorkItemActivityCreator (1x)] (7x), resolve: 0.413 s [84% WorkItem (24x)] (47x), svn: 0.374 s [44% getFile content (12x), 28% getDir2 content (5x), 27% info (6x)] (26x), RepositoryConfigService: 0.0543 s [100% getReadConfiguration (136x)] (142x), Lucene: 0.0347 s [99% add (2x)] (4x)
2017-06-26 17:55:59,135 [ajp-nio-8889-exec-6 | u:admin] INFO  TXLOGGER  - Tx 57391766510d6_0_57391766510d6_0_: finished. Total: 0.794 s, svn: 0.681 s [91% endActivity (1x)] (9x), Lucene: 0.06 s [46% add (1x), 44% refresh (1x)] (3x), resolve: 0.0583 s [99% WorkItem (2x)] (9x), processed revs: [281, 281 (delay 0s)], write: true
2017-06-26 17:55:59,187 [ajp-nio-8889-exec-6 | u:admin] INFO  TXLOGGER  - Summary for 'WorkItemDataService.saveWorkItem': Total: 0.847 s, transactions: 2, svn: 0.681 s [91% endActivity (1x)] (9x), Lucene: 0.0661 s [42% add (1x), 40% refresh (1x)] (4x), resolve: 0.0597 s [98% WorkItem (12x)] (41x)
2017-06-26 17:55:59,433 [Persistence Events Processing Thread | u:p] INFO  TXLOGGER  - Tx 5739176717cd7_0_5739176717cd7_0_: finished. Total: 0.298 s, resolve: 0.286 s [59% WorkItem (12x), 41% User (11x)] (23x), svn: 0.194 s [58% getFile content (6x), 21% getDir2 content (2x), 20% info (2x)] (11x), ObjectMaps: 0.0294 s [53% getPrimaryObjectLocation (6x), 30% getLastPromoted (6x)] (24x)
2017-06-26 17:55:59,558 [Persistence Events Processing Thread | u:p] INFO  TXLOGGER  - Tx 57391767624da_0_57391767624da_0_: finished. Total: 0.125 s, svn: 0.087 s [35% getDir2 content (1x), 27% getFile content (1x), 26% info (1x)] (5x), resolve: 0.0851 s [100% WorkItem (3x)] (5x), Lucene: 0.0241 s [100% add (1x)] (1x)
2017-06-26 17:55:59,558 [Persistence Events Processing Thread | u:p] INFO  TXLOGGER  - Summary: Total: 0.424 s, transactions: 6, persistence listener: 0.424 s [70% notificationsCreatingListener (1x), 30% WorkItemActivityCreator (1x)] (7x), resolve: 0.371 s [69% WorkItem (15x), 31% User (12x)] (28x), svn: 0.281 s [49% getFile content (7x), 26% getDir2 content (3x), 22% info (3x)] (16x), ObjectMaps: 0.0344 s [54% getPrimaryObjectLocation (7x), 29% getLastPromoted (7x)] (28x), Lucene: 0.0241 s [100% add (1x)] (1x)
2017-06-26 17:56:26,168 [ajp-nio-8889-exec-4 | u:admin] INFO  TXLOGGER  - Tx 57391780c3ce6_0_57391780c3ce6_0_: finished. Total: 0.744 s, svn: 0.625 s [92% endActivity (1x)] (9x), resolve: 0.0676 s [100% WorkItem (2x)] (9x), Lucene: 0.0543 s [52% refresh (1x), 37% add (1x)] (3x), processed revs: [282, 282 (delay 0s)], write: true
2017-06-26 17:56:26,210 [ajp-nio-8889-exec-4 | u:admin] INFO  TXLOGGER  - Summary for 'WorkItemDataService.saveWorkItem': Total: 0.787 s, transactions: 2, svn: 0.625 s [92% endActivity (1x)] (9x), resolve: 0.0691 s [99% WorkItem (12x)] (41x), Lucene: 0.0594 s [47% refresh (1x), 33% add (1x)] (4x)
2017-06-26 17:56:26,399 [Persistence Events Processing Thread | u:p] INFO  TXLOGGER  - Tx 573917817e0e7_0_573917817e0e7_0_: finished. Total: 0.23 s, resolve: 0.223 s [65% WorkItem (14x), 35% User (15x)] (29x), svn: 0.166 s [53% getFile content (6x), 26% info (2x), 21% getDir2 content (2x)] (11x), ObjectMaps: 0.032 s [59% getPrimaryObjectLocation (6x), 22% getLastPromoted (6x)] (24x)
2017-06-26 17:56:26,464 [Persistence Events Processing Thread | u:p] INFO  TXLOGGER  - Summary: Total: 0.296 s, transactions: 6, persistence listener: 0.296 s [78% notificationsCreatingListener (1x), 22% WorkItemActivityCreator (1x)] (7x), resolve: 0.264 s [71% WorkItem (17x), 29% User (16x)] (34x), svn: 0.203 s [50% getFile content (7x), 27% info (3x), 23% getDir2 content (3x)] (16x), ObjectMaps: 0.0362 s [60% getPrimaryObjectLocation (7x), 21% getLastPromoted (7x)] (28x), Lucene: 0.0176 s [100% add (1x)] (1x)
