2017-06-22 16:30:15,594 [main] INFO  com.polarion.platform.startup  - ****************************************************************
2017-06-22 16:30:15,594 [main] INFO  com.polarion.platform.startup  -                 Polarion starting, please wait!                 
2017-06-22 16:30:15,594 [main] INFO  com.polarion.platform.startup  - ****************************************************************
2017-06-22 16:30:15,595 [main] INFO  com.polarion.platform.startup  - Server start mode: normal
2017-06-22 16:30:15,595 [main] INFO  com.polarion.platform.startup  - ------------------------------
2017-06-22 16:30:15,595 [main] INFO  com.polarion.platform.startup  - Platform startup (Phase: 1/9)
2017-06-22 16:30:20,115 [main] INFO  com.polarion.platform.startup  - Opening historical database...
2017-06-22 16:30:20,311 [main] INFO  com.polarion.platform.startup  - Opening of historical database finished [ TIME 0.197 s. ]
2017-06-22 16:30:20,312 [main] INFO  com.polarion.platform.startup  - Opening head database...
2017-06-22 16:30:20,399 [main] INFO  com.polarion.platform.startup  - Opening of head database finished [ TIME 0.0879 s. ]
2017-06-22 16:30:20,624 [main | u:p] INFO  com.polarion.platform.startup  -  -- Polarion startup estimation:  [ TIME 47 s. ]
2017-06-22 16:30:20,756 [main | u:p] INFO  com.polarion.platform.startup  - Platform startup ... took  [ TIME 5.17 s. ]
2017-06-22 16:30:20,950 [main | u:p] INFO  com.polarion.platform.startup  - ------------------------------
2017-06-22 16:30:20,950 [main | u:p] INFO  com.polarion.platform.startup  - Context recognition (Phase: 2/9)
2017-06-22 16:30:21,004 [main | u:p] INFO  com.polarion.platform.startup  - Context recognition ... took  [ TIME 0.25 s. ]
2017-06-22 16:30:21,005 [main | u:p] INFO  com.polarion.platform.startup  - ------------------------------
2017-06-22 16:30:21,005 [main | u:p] INFO  com.polarion.platform.startup  - Context initialization (Phase: 3/9)
2017-06-22 16:30:21,008 [LowLevelDataService-contextInitializer-4 | u:p | context: --Demo Projects] INFO  com.polarion.platform.startup  -  -- Initializing context: --Demo Projects (1/8)
2017-06-22 16:30:21,008 [LowLevelDataService-contextInitializer-5 | u:p | context: library] INFO  com.polarion.platform.startup  -  -- Initializing context: library (2/8)
2017-06-22 16:30:21,008 [LowLevelDataService-contextInitializer-1 | u:p | context: [GLOBAL]] INFO  com.polarion.platform.startup  -  -- Initializing context: [GLOBAL] (3/8)
2017-06-22 16:30:21,008 [LowLevelDataService-contextInitializer-3 | u:p | context: MyPolarion] INFO  com.polarion.platform.startup  -  -- Initializing context: MyPolarion (5/8)
2017-06-22 16:30:21,008 [LowLevelDataService-contextInitializer-2 | u:p | cluster: default] INFO  com.polarion.platform.startup  -  -- Initializing cluster: default (4/8)
2017-06-22 16:30:21,013 [LowLevelDataService-contextInitializer-1 | u:p | context: CAPA] INFO  com.polarion.platform.startup  -  -- Initializing context: CAPA (6/8)
2017-06-22 16:30:21,128 [LowLevelDataService-contextInitializer-2 | u:p | context: elibrary] INFO  com.polarion.platform.startup  -  -- Initializing context: elibrary (7/8)
2017-06-22 16:30:21,252 [LowLevelDataService-contextInitializer-4 | u:p | context: drivepilot] INFO  com.polarion.platform.startup  -  -- Initializing context: drivepilot (8/8)
2017-06-22 16:30:22,301 [main | u:p] INFO  com.polarion.platform.startup  - Context initialization ... took  [ TIME 1.3 s. ]
2017-06-22 16:30:22,309 [main | u:p] INFO  com.polarion.platform.startup  - ------------------------------
2017-06-22 16:30:22,309 [main | u:p] INFO  com.polarion.platform.startup  - Revisions processing (Phase: 4/9)
2017-06-22 16:30:22,587 [main | u:p] INFO  com.polarion.platform.startup  -  -- Processing new revisions from repository default in context ContextId[context [global]]
2017-06-22 16:30:22,596 [main | u:p] INFO  com.polarion.platform.startup  - Revisions processing ... took  [ TIME 0.29 s. ]
2017-06-22 16:30:22,645 [main | u:p] INFO  com.polarion.platform.startup  - ------------------------------
2017-06-22 16:30:22,645 [main | u:p] INFO  com.polarion.platform.startup  - Build artifacts recognition (Phase: 5/9)
2017-06-22 16:30:22,652 [main | u:p] INFO  com.polarion.platform.startup  -  -- Processing build artifacts from context: [GLOBAL] (1/8)
2017-06-22 16:30:22,788 [main | u:p] INFO  com.polarion.platform.startup  -  -- Processing build artifacts from cluster: default (2/8)
2017-06-22 16:30:22,838 [main | u:p] INFO  com.polarion.platform.startup  -  -- Processing build artifacts from context: MyPolarion (3/8)
2017-06-22 16:30:22,883 [main | u:p] INFO  com.polarion.platform.startup  -  -- Processing build artifacts from context: --Demo Projects (4/8)
2017-06-22 16:30:22,943 [main | u:p] INFO  com.polarion.platform.startup  -  -- Processing build artifacts from context: library (5/8)
2017-06-22 16:30:22,996 [main | u:p] INFO  com.polarion.platform.startup  -  -- Processing build artifacts from context: CAPA (6/8)
2017-06-22 16:30:23,122 [main | u:p] INFO  com.polarion.platform.startup  -  -- Processing build artifacts from context: elibrary (7/8)
2017-06-22 16:30:23,257 [main | u:p] INFO  com.polarion.platform.startup  -  -- Processing build artifacts from context: drivepilot (8/8)
2017-06-22 16:30:23,257 [main | u:p] INFO  com.polarion.platform.startup  - Build artifacts recognition ... took  [ TIME 0.66 s. ]
2017-06-22 16:30:23,257 [main | u:p] INFO  com.polarion.platform.startup  - ------------------------------
2017-06-22 16:30:23,257 [main | u:p] INFO  com.polarion.platform.startup  - BIR inspection (Phase: 6/9)
2017-06-22 16:30:23,308 [main | u:p] INFO  com.polarion.platform.startup  - BIR inspection ... took  [ TIME 0.05 s. ]
2017-06-22 16:30:23,308 [main | u:p] INFO  com.polarion.platform.startup  - ------------------------------
2017-06-22 16:30:23,308 [main | u:p] INFO  com.polarion.platform.startup  - Data indexing (Phase: 7/9)
2017-06-22 16:30:23,505 [main | u:p] INFO  com.polarion.platform.startup  -  -- Refreshing 1 objects in index: Revision
2017-06-22 16:30:23,511 [main | u:p] INFO  com.polarion.platform.startup  -  -- -- 1 from 1 objects were refreshed (100%)
2017-06-22 16:30:23,822 [main | u:p] INFO  com.polarion.platform.startup  - Data indexing ... took  [ TIME 0.51 s. ]
2017-06-22 16:30:23,822 [main | u:p] INFO  com.polarion.platform.startup  - ------------------------------
2017-06-22 16:30:23,822 [main | u:p] INFO  com.polarion.platform.startup  - Fields recalculation (Phase: 8/9)
2017-06-22 16:30:23,850 [main | u:p] INFO  com.polarion.platform.startup  - Fields recalculation ... took  [ TIME 0.03 s. ]
2017-06-22 16:30:23,850 [main | u:p] INFO  com.polarion.platform.startup  - ------------------------------
2017-06-22 16:30:23,850 [main | u:p] INFO  com.polarion.platform.startup  - Polarion startup (Phase: 9/9)
2017-06-22 16:31:00,236 [main] INFO  com.polarion.platform.startup  - Polarion startup ... took  [ TIME 36.39 s. ]
2017-06-22 16:31:00,237 [main] INFO  com.polarion.platform.startup  - ****************************************************************
2017-06-22 16:31:00,237 [main] INFO  com.polarion.platform.startup  -                  Polarion started:  [ TIME 44.6 s. ]
2017-06-22 16:31:00,237 [main] INFO  com.polarion.platform.startup  - ****************************************************************
