2017-06-22 18:38:16,853 [main] INFO  com.polarion.platform.startup  - ****************************************************************
2017-06-22 18:38:16,853 [main] INFO  com.polarion.platform.startup  -                 Polarion starting, please wait!                 
2017-06-22 18:38:16,853 [main] INFO  com.polarion.platform.startup  - ****************************************************************
2017-06-22 18:38:16,853 [main] INFO  com.polarion.platform.startup  - Server start mode: normal
2017-06-22 18:38:16,853 [main] INFO  com.polarion.platform.startup  - ------------------------------
2017-06-22 18:38:16,854 [main] INFO  com.polarion.platform.startup  - Platform startup (Phase: 1/9)
2017-06-22 18:38:21,318 [main] INFO  com.polarion.platform.startup  - Opening historical database...
2017-06-22 18:38:21,468 [main] INFO  com.polarion.platform.startup  - Opening of historical database finished [ TIME 0.15 s. ]
2017-06-22 18:38:21,468 [main] INFO  com.polarion.platform.startup  - Opening head database...
2017-06-22 18:38:21,537 [main] INFO  com.polarion.platform.startup  - Opening of head database finished [ TIME 0.0685 s. ]
2017-06-22 18:38:21,747 [main | u:p] INFO  com.polarion.platform.startup  -  -- Polarion startup estimation:  [ TIME 51 s. ]
2017-06-22 18:38:21,884 [main | u:p] INFO  com.polarion.platform.startup  - Platform startup ... took  [ TIME 5.04 s. ]
2017-06-22 18:38:22,053 [main | u:p] INFO  com.polarion.platform.startup  - ------------------------------
2017-06-22 18:38:22,053 [main | u:p] INFO  com.polarion.platform.startup  - Context recognition (Phase: 2/9)
2017-06-22 18:38:22,099 [main | u:p] INFO  com.polarion.platform.startup  - Context recognition ... took  [ TIME 0.22 s. ]
2017-06-22 18:38:22,100 [main | u:p] INFO  com.polarion.platform.startup  - ------------------------------
2017-06-22 18:38:22,100 [main | u:p] INFO  com.polarion.platform.startup  - Context initialization (Phase: 3/9)
2017-06-22 18:38:22,103 [LowLevelDataService-contextInitializer-1 | u:p | context: [GLOBAL]] INFO  com.polarion.platform.startup  -  -- Initializing context: [GLOBAL] (2/8)
2017-06-22 18:38:22,103 [LowLevelDataService-contextInitializer-2 | u:p | cluster: default] INFO  com.polarion.platform.startup  -  -- Initializing cluster: default (4/8)
2017-06-22 18:38:22,103 [LowLevelDataService-contextInitializer-4 | u:p | context: --Demo Projects] INFO  com.polarion.platform.startup  -  -- Initializing context: --Demo Projects (1/8)
2017-06-22 18:38:22,103 [LowLevelDataService-contextInitializer-3 | u:p | context: MyPolarion] INFO  com.polarion.platform.startup  -  -- Initializing context: MyPolarion (5/8)
2017-06-22 18:38:22,103 [LowLevelDataService-contextInitializer-5 | u:p | context: library] INFO  com.polarion.platform.startup  -  -- Initializing context: library (3/8)
2017-06-22 18:38:22,109 [LowLevelDataService-contextInitializer-1 | u:p | context: CAPA] INFO  com.polarion.platform.startup  -  -- Initializing context: CAPA (6/8)
2017-06-22 18:38:22,197 [LowLevelDataService-contextInitializer-2 | u:p | context: elibrary] INFO  com.polarion.platform.startup  -  -- Initializing context: elibrary (7/8)
2017-06-22 18:38:22,303 [LowLevelDataService-contextInitializer-4 | u:p | context: drivepilot] INFO  com.polarion.platform.startup  -  -- Initializing context: drivepilot (8/8)
2017-06-22 18:38:23,388 [main | u:p] INFO  com.polarion.platform.startup  - Context initialization ... took  [ TIME 1.29 s. ]
2017-06-22 18:38:23,397 [main | u:p] INFO  com.polarion.platform.startup  - ------------------------------
2017-06-22 18:38:23,397 [main | u:p] INFO  com.polarion.platform.startup  - Revisions processing (Phase: 4/9)
2017-06-22 18:38:23,693 [main | u:p] INFO  com.polarion.platform.startup  -  -- Processing new revisions from repository default in context ContextId[context [global]]
2017-06-22 18:38:23,703 [main | u:p] INFO  com.polarion.platform.startup  - Revisions processing ... took  [ TIME 0.32 s. ]
2017-06-22 18:38:23,762 [main | u:p] INFO  com.polarion.platform.startup  - ------------------------------
2017-06-22 18:38:23,762 [main | u:p] INFO  com.polarion.platform.startup  - Build artifacts recognition (Phase: 5/9)
2017-06-22 18:38:23,771 [main | u:p] INFO  com.polarion.platform.startup  -  -- Processing build artifacts from context: [GLOBAL] (1/8)
2017-06-22 18:38:23,925 [main | u:p] INFO  com.polarion.platform.startup  -  -- Processing build artifacts from cluster: default (2/8)
2017-06-22 18:38:24,000 [main | u:p] INFO  com.polarion.platform.startup  -  -- Processing build artifacts from context: MyPolarion (3/8)
2017-06-22 18:38:24,064 [main | u:p] INFO  com.polarion.platform.startup  -  -- Processing build artifacts from context: --Demo Projects (4/8)
2017-06-22 18:38:24,126 [main | u:p] INFO  com.polarion.platform.startup  -  -- Processing build artifacts from context: library (5/8)
2017-06-22 18:38:24,196 [main | u:p] INFO  com.polarion.platform.startup  -  -- Processing build artifacts from context: CAPA (6/8)
2017-06-22 18:38:24,347 [main | u:p] INFO  com.polarion.platform.startup  -  -- Processing build artifacts from context: elibrary (7/8)
2017-06-22 18:38:24,505 [main | u:p] INFO  com.polarion.platform.startup  -  -- Processing build artifacts from context: drivepilot (8/8)
2017-06-22 18:38:24,505 [main | u:p] INFO  com.polarion.platform.startup  - Build artifacts recognition ... took  [ TIME 0.8 s. ]
2017-06-22 18:38:24,507 [main | u:p] INFO  com.polarion.platform.startup  - ------------------------------
2017-06-22 18:38:24,507 [main | u:p] INFO  com.polarion.platform.startup  - BIR inspection (Phase: 6/9)
2017-06-22 18:38:24,567 [main | u:p] INFO  com.polarion.platform.startup  - BIR inspection ... took  [ TIME 0.06 s. ]
2017-06-22 18:38:24,567 [main | u:p] INFO  com.polarion.platform.startup  - ------------------------------
2017-06-22 18:38:24,567 [main | u:p] INFO  com.polarion.platform.startup  - Data indexing (Phase: 7/9)
2017-06-22 18:38:24,776 [main | u:p] INFO  com.polarion.platform.startup  -  -- Refreshing 1 objects in index: Revision
2017-06-22 18:38:24,782 [main | u:p] INFO  com.polarion.platform.startup  -  -- -- 1 from 1 objects were refreshed (100%)
2017-06-22 18:38:25,044 [main | u:p] INFO  com.polarion.platform.startup  - Data indexing ... took  [ TIME 0.48 s. ]
2017-06-22 18:38:25,045 [main | u:p] INFO  com.polarion.platform.startup  - ------------------------------
2017-06-22 18:38:25,045 [main | u:p] INFO  com.polarion.platform.startup  - Fields recalculation (Phase: 8/9)
2017-06-22 18:38:25,065 [main | u:p] INFO  com.polarion.platform.startup  - Fields recalculation ... took  [ TIME 0.02 s. ]
2017-06-22 18:38:25,065 [main | u:p] INFO  com.polarion.platform.startup  - ------------------------------
2017-06-22 18:38:25,065 [main | u:p] INFO  com.polarion.platform.startup  - Polarion startup (Phase: 9/9)
2017-06-22 18:39:01,040 [main] INFO  com.polarion.platform.startup  - Polarion startup ... took  [ TIME 35.97 s. ]
2017-06-22 18:39:01,040 [main] INFO  com.polarion.platform.startup  - ****************************************************************
2017-06-22 18:39:01,040 [main] INFO  com.polarion.platform.startup  -                  Polarion started:  [ TIME 44.2 s. ]
2017-06-22 18:39:01,040 [main] INFO  com.polarion.platform.startup  - ****************************************************************
