2017-06-22 13:37:09,037 [main | u:p] INFO  TXLOGGER  - Summary for 'Platform startup': transactions: 0, DB: 0.0442 s [50% update (126x), 48% query (13x)] (206x), svn: 0.0247 s [87% checkPath (1x)] (3x)
2017-06-22 13:37:09,239 [main | u:p] INFO  TXLOGGER  - Summary for 'Context recognition': transactions: 0, svn: 0.0814 s [40% info (3x), 35% getDir2 content (2x), 26% getFile content (1x)] (6x)
2017-06-22 13:37:10,564 [LowLevelDataService-contextInitializer-3 | u:p] INFO  TXLOGGER  - Summary: Total: 1.32 s, transactions: 0, ObjectMaps: 0.286 s [100% getAllPrimaryObjects (1x)] (7x)
2017-06-22 13:37:10,564 [LowLevelDataService-contextInitializer-2 | u:p] INFO  TXLOGGER  - Summary: Total: 1.32 s, transactions: 0, svn: 0.147 s [97% log2 (6x)] (8x)
2017-06-22 13:37:10,564 [LowLevelDataService-contextInitializer-5 | u:p] INFO  TXLOGGER  - Summary: Total: 1.32 s, transactions: 0, svn: 0.0691 s [97% log2 (5x)] (6x)
2017-06-22 13:37:10,564 [LowLevelDataService-contextInitializer-1 | u:p] INFO  TXLOGGER  - Summary: Total: 1.32 s, transactions: 0, svn: 0.149 s [39% log2 (5x), 27% log (1x), 20% info (4x)] (15x)
2017-06-22 13:37:10,564 [LowLevelDataService-contextInitializer-4 | u:p] INFO  TXLOGGER  - Summary: Total: 1.32 s, transactions: 0, svn: 0.193 s [97% log2 (10x)] (12x)
2017-06-22 13:37:10,565 [main | u:p] INFO  TXLOGGER  - Summary for 'Context initialization': transactions: 0, svn: 0.591 s [82% log2 (31x)] (47x), ObjectMaps: 0.436 s [99% getAllPrimaryObjects (7x)] (55x)
2017-06-22 13:37:10,895 [main | u:p] INFO  TXLOGGER  - Summary for 'Revisions processing': transactions: 14, RepositoryConfigService: 0.211 s [100% getReadConfiguration (42x)] (42x), svn: 0.122 s [91% info (15x)] (32x)
2017-06-22 13:37:11,655 [main | u:p] INFO  TXLOGGER  - Summary for 'Build artifacts recognition': transactions: 40, svn: 0.612 s [86% info (78x)] (131x), RepositoryConfigService: 0.496 s [100% getReadConfiguration (80x)] (80x)
2017-06-22 13:37:12,329 [main | u:p] INFO  TXLOGGER  - Summary for 'Data indexing': transactions: 0, Lucene: 0.293 s [100% refresh (2x)] (2x), SubterraURITable: 0.0266 s [100% addIfNotExistsDB (17x)] (17x), DB: 0.0247 s [49% update (38x), 22% query (17x), 21% execute (12x)] (103x)
2017-06-22 13:37:49,255 [main] INFO  TXLOGGER  - Summary for 'Polarion startup': transactions: 1, svn: 0.346 s [76% info (47x), 13% getDir2 content (5x)] (67x), RepositoryConfigService: 0.0288 s [100% getReadConfiguration (2x)] (2x)
2017-06-22 13:37:49,362 [Persistence Events Processing Thread | u:p] INFO  TXLOGGER  - Summary: Total: 0.103 s, transactions: 6, persistence listener: 0.102 s [93% notificationsCreatingListener (1x)] (7x)
2017-06-22 13:37:49,446 [Worker-0 | u:p | job: polarion.jobs.attachment.indexer] INFO  TXLOGGER  - Summary after AttachmentIndexer: transactions: 48, persistence listener: 0.106 s [91% notificationsCreatingListener (8x)] (56x), Lucene: 0.0897 s [100% add (2x)] (2x), resolve: 0.0395 s [93% User (2x)] (5x), ObjectMaps: 0.0131 s [100% getPrimaryObjectLocation (2x)] (2x)
2017-06-22 13:37:50,141 [PreLoadDataService | u:p] INFO  TXLOGGER  - Tx 5733b5f443c38_0_5733b5f443c38_0_: finished. Total: 0.876 s, svn: 0.491 s [59% getDir2 content (25x), 41% getFile content (15x)] (43x), resolve: 0.46 s [54% Category (8x), 46% TimePoint (5x)] (13x), ObjectMaps: 0.0505 s [51% getPrimaryObjectLocation (13x), 29% getPrimaryObjectProperty (13x), 21% getLastPromoted (13x)] (55x)
2017-06-22 13:37:50,679 [PreLoadDataService | u:p] INFO  TXLOGGER  - Tx 5733b5f55286a_0_5733b5f55286a_0_: finished. Total: 0.333 s, svn: 0.194 s [53% getFile content (14x), 47% info (10x)] (25x), RepositoryConfigService: 0.154 s [85% getReadConfiguration (72x)] (74x), resolve: 0.139 s [100% User (8x)] (8x), ObjectMaps: 0.0191 s [44% getPrimaryObjectLocation (8x), 30% getPrimaryObjectProperty (8x), 26% getLastPromoted (8x)] (33x)
2017-06-22 13:37:50,811 [PreLoadDataService | u:p] INFO  TXLOGGER  - Tx 5733b5f5a5c6b_0_5733b5f5a5c6b_0_: finished. Total: 0.131 s, RepositoryConfigService: 0.107 s [98% getReadConfiguration (55x)] (78x), svn: 0.089 s [100% getFile content (13x)] (14x)
2017-06-22 13:37:50,907 [DBHistoryCreator-1 | u:p] INFO  TXLOGGER  - Summary: Total: 1.42 s, transactions: 0
2017-06-22 13:37:50,907 [DBHistoryCreator-2 | u:p] INFO  TXLOGGER  - Summary: Total: 1.42 s, transactions: 0
2017-06-22 13:37:50,907 [Worker-1 | u:p | job: polarion.jobs.db.history] INFO  TXLOGGER  - Summary after DBHistoryCreator: transactions: 0, Lucene: 0.0287 s [100% add (1x)] (1x), DB: 0.00153 s [77% update (2x), 23% commit (2x)] (4x)
2017-06-22 13:37:50,907 [Worker-1 | u:p] INFO  TXLOGGER  - Summary for 'job: polarion.jobs.db.history': Total: 1.47 s, transactions: 0, SubterraURITable: 1.16 s [100% getDB (4030x)] (4030x), DB: 1.1 s [51% query (4056x), 31% update (4031x)] (20239x)
2017-06-22 13:37:51,900 [PreLoadDataService | u:p] INFO  TXLOGGER  - Tx 5733b5f5c6c6c_0_5733b5f5c6c6c_0_: finished. Total: 1.09 s, svn: 1.02 s [66% getFile content (47x), 34% getDir2 content (17x)] (65x), RepositoryConfigService: 0.726 s [100% getReadConfiguration (164x)] (180x)
2017-06-22 13:37:52,221 [PreLoadDataService | u:p] INFO  TXLOGGER  - Tx 5733b5f6d706d_0_5733b5f6d706d_0_: finished. Total: 0.321 s, svn: 0.276 s [85% getFile content (35x)] (42x), RepositoryConfigService: 0.268 s [99% getReadConfiguration (295x)] (370x)
2017-06-22 13:37:52,585 [PreLoadDataService | u:p] INFO  TXLOGGER  - Tx 5733b5f72746e_0_5733b5f72746e_0_: finished. Total: 0.364 s, svn: 0.343 s [51% getDir2 content (17x), 49% getFile content (21x)] (39x), RepositoryConfigService: 0.185 s [100% getReadConfiguration (88x)] (110x)
2017-06-22 13:37:52,704 [PreLoadDataService | u:p] INFO  TXLOGGER  - Tx 5733b5f78246f_0_5733b5f78246f_0_: finished. Total: 0.119 s, svn: 0.109 s [58% getDir2 content (11x), 42% getFile content (8x)] (20x), RepositoryConfigService: 0.0524 s [99% getReadConfiguration (38x)] (54x)
2017-06-22 13:37:52,995 [PreLoadDataService | u:p] INFO  TXLOGGER  - Tx 5733b5f7a0070_0_5733b5f7a0070_0_: finished. Total: 0.291 s, svn: 0.272 s [54% getFile content (24x), 46% getDir2 content (12x)] (37x), RepositoryConfigService: 0.161 s [99% getReadConfiguration (87x)] (109x)
2017-06-22 13:37:52,996 [PreLoadDataService] INFO  TXLOGGER  - Summary for 'PreloadDataService': Total: 3.73 s, transactions: 9, svn: 2.87 s [59% getFile content (182x), 37% getDir2 content (90x)] (301x), RepositoryConfigService: 1.68 s [98% getReadConfiguration (801x)] (981x), resolve: 0.744 s [33% Category (8x), 28% TimePoint (5x), 19% Project (5x)] (26x)
2017-06-22 13:37:52,996 [PreLoadDataService] INFO  TXLOGGER  - Summary after preload: transactions: 9, svn: 2.88 s [59% getFile content (182x), 37% getDir2 content (90x)] (302x), RepositoryConfigService: 1.68 s [98% getReadConfiguration (801x)] (981x), SubterraURITable: 1.16 s [100% getDB (4030x)] (4030x), DB: 1.1 s [51% query (4056x), 31% update (4031x)] (20239x), resolve: 0.744 s [33% Category (8x), 28% TimePoint (5x), 19% Project (5x)] (27x)
2017-06-22 13:39:42,721 [ajp-nio-8889-exec-5 | u:admin] INFO  TXLOGGER  - Tx 5733b6629ac71_0_5733b6629ac71_0_: finished. Total: 0.468 s, RepositoryConfigService: 0.232 s [83% getReadConfiguration (314x)] (336x), svn: 0.155 s [55% getFile content (10x), 35% info (6x)] (19x)
2017-06-22 13:39:42,848 [ajp-nio-8889-exec-5 | u:admin] INFO  TXLOGGER  - Summary for 'WorkItemDataService.getWorkitemTemplate': Total: 0.598 s, transactions: 1, RepositoryConfigService: 0.232 s [83% getReadConfiguration (314x)] (336x), svn: 0.155 s [55% getFile content (10x), 35% info (6x)] (19x)
2017-06-22 13:39:57,552 [ajp-nio-8889-exec-9 | u:admin] INFO  TXLOGGER  - Tx 5733b67078072_0_5733b67078072_0_: finished. Total: 1.1 s, svn: 0.716 s [89% endActivity (1x)] (14x), Lucene: 0.0795 s [76% add (2x), 24% search (2x)] (4x), resolve: 0.0642 s [99% WorkItem (4x)] (11x), processed revs: [90, 90 (delay 0s)], write: true
2017-06-22 13:39:57,923 [Persistence Events Processing Thread | u:p] INFO  TXLOGGER  - Tx 5733b6718c073_0_5733b6718c073_0_: finished. Total: 0.37 s, resolve: 0.233 s [64% WorkItem (2x), 36% User (4x)] (6x), svn: 0.179 s [48% getFile content (4x), 30% getDir2 content (1x), 22% info (1x)] (7x), ObjectMaps: 0.0593 s [62% getLastPromoted (3x), 21% getPrimaryObjectLocation (3x)] (12x)
2017-06-22 13:39:57,950 [ajp-nio-8889-exec-9 | u:admin] INFO  TXLOGGER  - Tx 5733b6718c474_0_5733b6718c474_0_: finished. Total: 0.396 s, svn: 0.158 s [43% getFile content (2x), 32% getDir2 content (1x), 24% info (1x)] (6x), resolve: 0.155 s [98% WorkItem (1x)] (23x), RepositoryConfigService: 0.027 s [100% getReadConfiguration (323x)] (347x), ObjectMaps: 0.0262 s [53% getLastPromoted (1x), 42% getPrimaryObjectLocations (11x)] (15x)
2017-06-22 13:39:57,974 [ajp-nio-8889-exec-9 | u:admin] INFO  TXLOGGER  - Summary for 'WorkItemDataService.saveWorkItem': Total: 1.53 s, transactions: 2, svn: 0.874 s [73% endActivity (1x), 11% getFile content (4x)] (20x), resolve: 0.219 s [99% WorkItem (5x)] (34x), Lucene: 0.097 s [62% add (2x), 38% search (7x)] (9x)
2017-06-22 13:39:58,198 [Persistence Events Processing Thread | u:p] INFO  TXLOGGER  - Tx 5733b671e8c75_0_5733b671e8c75_0_: finished. Total: 0.274 s, svn: 0.115 s [54% getFile content (2x), 23% getDir2 content (1x), 22% info (1x)] (6x), resolve: 0.113 s [100% WorkItem (3x)] (5x), RepositoryConfigService: 0.0916 s [100% getReadConfiguration (12x)] (13x), Lucene: 0.0367 s [100% add (1x)] (1x)
2017-06-22 13:39:58,198 [Persistence Events Processing Thread | u:p] INFO  TXLOGGER  - Summary: Total: 0.646 s, transactions: 6, persistence listener: 0.646 s [57% notificationsCreatingListener (1x), 43% WorkItemActivityCreator (1x)] (7x), resolve: 0.347 s [76% WorkItem (5x), 24% User (5x)] (11x), svn: 0.294 s [50% getFile content (6x), 27% getDir2 content (2x), 22% info (2x)] (13x), RepositoryConfigService: 0.106 s [100% getReadConfiguration (21x)] (23x), ObjectMaps: 0.0632 s [59% getLastPromoted (4x), 23% getPrimaryObjectLocation (4x)] (16x), Lucene: 0.0367 s [100% add (1x)] (1x)
2017-06-22 13:40:06,044 [ajp-nio-8889-exec-4 | u:admin] INFO  TXLOGGER  - Tx 5733b6781f082_0_5733b6781f082_0_: finished. Total: 1.76 s, svn: 1.64 s [97% endActivity (1x)] (9x), processed revs: [91, 91 (delay 1s)], write: true
2017-06-22 13:40:06,117 [ajp-nio-8889-exec-4 | u:admin] INFO  TXLOGGER  - Summary for 'WorkItemDataService.saveWorkItem': Total: 1.83 s, transactions: 2, svn: 1.64 s [97% endActivity (1x)] (9x)
2017-06-22 13:40:06,319 [Persistence Events Processing Thread | u:p] INFO  TXLOGGER  - Tx 5733b679d7083_0_5733b679d7083_0_: finished. Total: 0.275 s, resolve: 0.249 s [88% WorkItem (8x)] (15x), svn: 0.163 s [50% getFile content (4x), 25% info (2x), 25% getDir2 content (2x)] (9x), ObjectMaps: 0.0486 s [35% getPrimaryObjectLocation (4x), 33% getPrimaryObjectProperty (4x), 32% getLastPromoted (4x)] (16x)
2017-06-22 13:40:06,389 [Persistence Events Processing Thread | u:p] INFO  TXLOGGER  - Summary: Total: 0.344 s, transactions: 6, persistence listener: 0.344 s [80% notificationsCreatingListener (1x), 20% WorkItemActivityCreator (1x)] (7x), resolve: 0.287 s [90% WorkItem (11x)] (20x), svn: 0.196 s [47% getFile content (5x), 27% info (3x), 25% getDir2 content (3x)] (14x), ObjectMaps: 0.0528 s [37% getPrimaryObjectLocation (5x), 32% getPrimaryObjectProperty (5x), 31% getLastPromoted (5x)] (20x), Lucene: 0.0184 s [100% add (1x)] (1x)
