2017-06-22 17:48:40,268 [main] INFO  com.polarion.platform.startup  - ****************************************************************
2017-06-22 17:48:40,268 [main] INFO  com.polarion.platform.startup  -                 Polarion starting, please wait!                 
2017-06-22 17:48:40,268 [main] INFO  com.polarion.platform.startup  - ****************************************************************
2017-06-22 17:48:40,269 [main] INFO  com.polarion.platform.startup  - Server start mode: normal
2017-06-22 17:48:40,269 [main] INFO  com.polarion.platform.startup  - ------------------------------
2017-06-22 17:48:40,269 [main] INFO  com.polarion.platform.startup  - Platform startup (Phase: 1/9)
2017-06-22 17:48:44,727 [main] INFO  com.polarion.platform.startup  - Opening historical database...
2017-06-22 17:48:44,873 [main] INFO  com.polarion.platform.startup  - Opening of historical database finished [ TIME 0.145 s. ]
2017-06-22 17:48:44,873 [main] INFO  com.polarion.platform.startup  - Opening head database...
2017-06-22 17:48:44,931 [main] INFO  com.polarion.platform.startup  - Opening of head database finished [ TIME 0.0575 s. ]
2017-06-22 17:48:45,139 [main | u:p] INFO  com.polarion.platform.startup  -  -- Polarion startup estimation:  [ TIME 57 s. ]
2017-06-22 17:48:46,770 [main | u:p] INFO  com.polarion.platform.startup  - Platform startup ... took  [ TIME 6.51 s. ]
2017-06-22 17:48:46,929 [main | u:p] INFO  com.polarion.platform.startup  - ------------------------------
2017-06-22 17:48:46,929 [main | u:p] INFO  com.polarion.platform.startup  - Context recognition (Phase: 2/9)
2017-06-22 17:48:46,971 [main | u:p] INFO  com.polarion.platform.startup  - Context recognition ... took  [ TIME 0.2 s. ]
2017-06-22 17:48:46,971 [main | u:p] INFO  com.polarion.platform.startup  - ------------------------------
2017-06-22 17:48:46,972 [main | u:p] INFO  com.polarion.platform.startup  - Context initialization (Phase: 3/9)
2017-06-22 17:48:46,975 [LowLevelDataService-contextInitializer-2 | u:p | cluster: default] INFO  com.polarion.platform.startup  -  -- Initializing cluster: default (3/8)
2017-06-22 17:48:46,975 [LowLevelDataService-contextInitializer-5 | u:p | context: library] INFO  com.polarion.platform.startup  -  -- Initializing context: library (4/8)
2017-06-22 17:48:46,976 [LowLevelDataService-contextInitializer-4 | u:p | context: --Demo Projects] INFO  com.polarion.platform.startup  -  -- Initializing context: --Demo Projects (5/8)
2017-06-22 17:48:46,976 [LowLevelDataService-contextInitializer-3 | u:p | context: MyPolarion] INFO  com.polarion.platform.startup  -  -- Initializing context: MyPolarion (2/8)
2017-06-22 17:48:46,975 [LowLevelDataService-contextInitializer-1 | u:p | context: [GLOBAL]] INFO  com.polarion.platform.startup  -  -- Initializing context: [GLOBAL] (1/8)
2017-06-22 17:48:46,981 [LowLevelDataService-contextInitializer-1 | u:p | context: CAPA] INFO  com.polarion.platform.startup  -  -- Initializing context: CAPA (6/8)
2017-06-22 17:48:47,066 [LowLevelDataService-contextInitializer-2 | u:p | context: elibrary] INFO  com.polarion.platform.startup  -  -- Initializing context: elibrary (7/8)
2017-06-22 17:48:47,157 [LowLevelDataService-contextInitializer-4 | u:p | context: drivepilot] INFO  com.polarion.platform.startup  -  -- Initializing context: drivepilot (8/8)
2017-06-22 17:48:48,196 [main | u:p] INFO  com.polarion.platform.startup  - Context initialization ... took  [ TIME 1.23 s. ]
2017-06-22 17:48:48,204 [main | u:p] INFO  com.polarion.platform.startup  - ------------------------------
2017-06-22 17:48:48,205 [main | u:p] INFO  com.polarion.platform.startup  - Revisions processing (Phase: 4/9)
2017-06-22 17:48:48,498 [main | u:p] INFO  com.polarion.platform.startup  -  -- Processing new revisions from repository default in context ContextId[context [global]]
2017-06-22 17:48:48,509 [main | u:p] INFO  com.polarion.platform.startup  - Revisions processing ... took  [ TIME 0.31 s. ]
2017-06-22 17:48:48,567 [main | u:p] INFO  com.polarion.platform.startup  - ------------------------------
2017-06-22 17:48:48,567 [main | u:p] INFO  com.polarion.platform.startup  - Build artifacts recognition (Phase: 5/9)
2017-06-22 17:48:48,577 [main | u:p] INFO  com.polarion.platform.startup  -  -- Processing build artifacts from context: [GLOBAL] (1/8)
2017-06-22 17:48:48,739 [main | u:p] INFO  com.polarion.platform.startup  -  -- Processing build artifacts from cluster: default (2/8)
2017-06-22 17:48:48,818 [main | u:p] INFO  com.polarion.platform.startup  -  -- Processing build artifacts from context: MyPolarion (3/8)
2017-06-22 17:48:48,879 [main | u:p] INFO  com.polarion.platform.startup  -  -- Processing build artifacts from context: --Demo Projects (4/8)
2017-06-22 17:48:48,944 [main | u:p] INFO  com.polarion.platform.startup  -  -- Processing build artifacts from context: library (5/8)
2017-06-22 17:48:49,007 [main | u:p] INFO  com.polarion.platform.startup  -  -- Processing build artifacts from context: CAPA (6/8)
2017-06-22 17:48:49,146 [main | u:p] INFO  com.polarion.platform.startup  -  -- Processing build artifacts from context: elibrary (7/8)
2017-06-22 17:48:49,289 [main | u:p] INFO  com.polarion.platform.startup  -  -- Processing build artifacts from context: drivepilot (8/8)
2017-06-22 17:48:49,289 [main | u:p] INFO  com.polarion.platform.startup  - Build artifacts recognition ... took  [ TIME 0.78 s. ]
2017-06-22 17:48:49,289 [main | u:p] INFO  com.polarion.platform.startup  - ------------------------------
2017-06-22 17:48:49,289 [main | u:p] INFO  com.polarion.platform.startup  - BIR inspection (Phase: 6/9)
2017-06-22 17:48:49,334 [main | u:p] INFO  com.polarion.platform.startup  - BIR inspection ... took  [ TIME 0.05 s. ]
2017-06-22 17:48:49,364 [main | u:p] INFO  com.polarion.platform.startup  - ------------------------------
2017-06-22 17:48:49,364 [main | u:p] INFO  com.polarion.platform.startup  - Data indexing (Phase: 7/9)
2017-06-22 17:48:49,589 [main | u:p] INFO  com.polarion.platform.startup  -  -- Refreshing 9 objects in index: BuildArtifact
2017-06-22 17:48:49,603 [main | u:p] INFO  com.polarion.platform.startup  -  -- -- 9 from 9 objects were refreshed (100%)
2017-06-22 17:48:49,904 [main | u:p] INFO  com.polarion.platform.startup  -  -- Refreshing 1 objects in index: Revision
2017-06-22 17:48:49,905 [main | u:p] INFO  com.polarion.platform.startup  -  -- -- 1 from 1 objects were refreshed (100%)
2017-06-22 17:48:49,993 [main | u:p] INFO  com.polarion.platform.startup  - Data indexing ... took  [ TIME 0.66 s. ]
2017-06-22 17:48:49,994 [main | u:p] INFO  com.polarion.platform.startup  - ------------------------------
2017-06-22 17:48:49,994 [main | u:p] INFO  com.polarion.platform.startup  - Fields recalculation (Phase: 8/9)
2017-06-22 17:48:50,008 [main | u:p] INFO  com.polarion.platform.startup  - Fields recalculation ... took  [ TIME 0.02 s. ]
2017-06-22 17:48:50,009 [main | u:p] INFO  com.polarion.platform.startup  - ------------------------------
2017-06-22 17:48:50,009 [main | u:p] INFO  com.polarion.platform.startup  - Polarion startup (Phase: 9/9)
2017-06-22 17:49:25,090 [main] INFO  com.polarion.platform.startup  - Polarion startup ... took  [ TIME 35.09 s. ]
2017-06-22 17:49:25,091 [main] INFO  com.polarion.platform.startup  - ****************************************************************
2017-06-22 17:49:25,091 [main] INFO  com.polarion.platform.startup  -                  Polarion started:  [ TIME 44.8 s. ]
2017-06-22 17:49:25,091 [main] INFO  com.polarion.platform.startup  - ****************************************************************
