2017-06-26 18:17:10,431 [main | u:p] INFO  com.polarion.platform.jobs.internal.service.scheduler.JobSchedulerService  - Updating local scheduler state: start
2017-06-26 18:17:10,459 [main | u:p | u:p] INFO  com.polarion.platform.jobs.internal.service.scheduler.JobSchedulerService  - 16 scheduled job(s) configured
2017-06-26 18:17:45,267 [Thread-31] INFO  com.polarion.platform.jobs.info  - Job "Attachment Indexer" has id e4718a61-927abeae-315365ef-37bb6a47
2017-06-26 18:17:45,271 [Thread-31] INFO  com.polarion.platform.jobs.info  - State of job "Attachment Indexer" changed to UNSCHEDULED
2017-06-26 18:17:45,276 [Thread-31] INFO  com.polarion.platform.jobs.info  - Working directory of root job "Attachment Indexer" is C:\Polarion\data\workspace\polarion-data\jobs\20170626-1817
2017-06-26 18:17:45,279 [Thread-31] INFO  com.polarion.platform.jobs.info  - Job "Attachment Indexer" runs as user "polarion"
2017-06-26 18:17:45,284 [Thread-31 | u:p] INFO  com.polarion.platform.jobs.info  - State of job "Attachment Indexer" changed to ACTIVATING
2017-06-26 18:17:45,289 [Thread-31 | u:p] INFO  com.polarion.platform.jobs.info  - State of job "Attachment Indexer" changed to WAITING
2017-06-26 18:17:45,302 [Worker-0 | u:p] INFO  com.polarion.platform.jobs.info  - State of job "Attachment Indexer" changed to RUNNING
2017-06-26 18:17:45,302 [Thread-31] INFO  com.polarion.platform.jobs.info  - Job "DB History Creator" has id e4718a8f-927abeae-315365ef-25b9d716
2017-06-26 18:17:45,305 [Thread-31] INFO  com.polarion.platform.jobs.info  - State of job "DB History Creator" changed to UNSCHEDULED
2017-06-26 18:17:45,311 [Thread-31] INFO  com.polarion.platform.jobs.info  - Working directory of root job "DB History Creator" is C:\Polarion\data\workspace\polarion-data\jobs\20170626-1817_0
2017-06-26 18:17:45,315 [Thread-31] INFO  com.polarion.platform.jobs.info  - Job "DB History Creator" runs as user "polarion"
2017-06-26 18:17:45,320 [Thread-31 | u:p] INFO  com.polarion.platform.jobs.info  - State of job "DB History Creator" changed to ACTIVATING
2017-06-26 18:17:45,324 [Thread-31 | u:p] INFO  com.polarion.platform.jobs.info  - State of job "DB History Creator" changed to WAITING
2017-06-26 18:17:45,333 [Worker-1 | u:p] INFO  com.polarion.platform.jobs.info  - State of job "DB History Creator" changed to RUNNING
2017-06-26 18:17:45,494 [Worker-0 | u:p] INFO  com.polarion.platform.jobs.info  - State of job "Attachment Indexer" changed to FINISHED
2017-06-26 18:17:45,498 [Worker-0 | u:p] INFO  com.polarion.platform.jobs.info  - Status of job "Attachment Indexer" is OK
2017-06-26 18:17:47,301 [Worker-1 | u:p] INFO  com.polarion.platform.jobs.info  - State of job "DB History Creator" changed to FINISHED
2017-06-26 18:17:47,304 [Worker-1 | u:p] INFO  com.polarion.platform.jobs.info  - Status of job "DB History Creator" is OK
2017-06-26 19:00:00,035 [DefaultQuartzScheduler_Worker-7] INFO  com.polarion.platform.jobs.info  - Job "Live Plan Chart Update" has id e49837de-927abeae-315365ef-e90eb7ed
2017-06-26 19:00:00,037 [DefaultQuartzScheduler_Worker-7] INFO  com.polarion.platform.jobs.info  - State of job "Live Plan Chart Update" changed to UNSCHEDULED
2017-06-26 19:00:00,040 [DefaultQuartzScheduler_Worker-7] INFO  com.polarion.platform.jobs.info  - Working directory of root job "Live Plan Chart Update" is C:\Polarion\data\workspace\polarion-data\jobs\20170626-1900
2017-06-26 19:00:00,042 [DefaultQuartzScheduler_Worker-7] INFO  com.polarion.platform.jobs.info  - Job "Live Plan Chart Update" runs as user "polarion"
2017-06-26 19:00:00,044 [DefaultQuartzScheduler_Worker-7 | u:p] INFO  com.polarion.platform.jobs.info  - State of job "Live Plan Chart Update" changed to ACTIVATING
2017-06-26 19:00:00,048 [DefaultQuartzScheduler_Worker-7 | u:p] INFO  com.polarion.platform.jobs.info  - State of job "Live Plan Chart Update" changed to WAITING
2017-06-26 19:00:00,052 [Worker-0 | u:p] INFO  com.polarion.platform.jobs.info  - State of job "Live Plan Chart Update" changed to RUNNING
2017-06-26 19:00:00,990 [Worker-0 | u:p | job: update.plan] INFO  com.polarion.platform.jobs.info  - Job "Live Plan Chart Update - Index Refresh" has id e4983b99-927abeae-315365ef-6d8be311
2017-06-26 19:00:00,993 [Worker-0 | u:p | job: update.plan] INFO  com.polarion.platform.jobs.info  - State of job "Live Plan Chart Update - Index Refresh" changed to UNSCHEDULED
2017-06-26 19:00:00,997 [Worker-0 | u:p | job: update.plan] INFO  com.polarion.platform.jobs.info  - Working directory of root job "Live Plan Chart Update - Index Refresh" is C:\Polarion\data\workspace\polarion-data\jobs\20170626-1900_0
2017-06-26 19:00:00,999 [Worker-0 | u:p | job: update.plan] INFO  com.polarion.platform.jobs.info  - Job "Live Plan Chart Update - Index Refresh" runs as user "polarion"
2017-06-26 19:00:01,002 [Worker-0 | u:p | job: update.plan | u:p] INFO  com.polarion.platform.jobs.info  - State of job "Live Plan Chart Update - Index Refresh" changed to ACTIVATING
2017-06-26 19:00:01,006 [Worker-0 | u:p | job: update.plan | u:p] INFO  com.polarion.platform.jobs.info  - State of job "Live Plan Chart Update - Index Refresh" changed to WAITING
2017-06-26 19:00:01,011 [Worker-1 | u:p] INFO  com.polarion.platform.jobs.info  - State of job "Live Plan Chart Update - Index Refresh" changed to RUNNING
2017-06-26 19:00:01,867 [Worker-1 | u:p] INFO  com.polarion.platform.jobs.info  - State of job "Live Plan Chart Update - Index Refresh" changed to FINISHED
2017-06-26 19:00:01,869 [Worker-1 | u:p] INFO  com.polarion.platform.jobs.info  - Status of job "Live Plan Chart Update - Index Refresh" is OK
2017-06-26 19:00:01,908 [Worker-0 | u:p] INFO  com.polarion.platform.jobs.info  - State of job "Live Plan Chart Update" changed to FINISHED
2017-06-26 19:00:01,910 [Worker-0 | u:p] INFO  com.polarion.platform.jobs.info  - Status of job "Live Plan Chart Update" is OK
2017-06-26 20:00:00,026 [DefaultQuartzScheduler_Worker-7] INFO  com.polarion.platform.jobs.info  - Job "Live Plan Chart Update" has id e4cf2653-927abeae-315365ef-72bcae85
2017-06-26 20:00:00,028 [DefaultQuartzScheduler_Worker-7] INFO  com.polarion.platform.jobs.info  - State of job "Live Plan Chart Update" changed to UNSCHEDULED
2017-06-26 20:00:00,031 [DefaultQuartzScheduler_Worker-7] INFO  com.polarion.platform.jobs.info  - Working directory of root job "Live Plan Chart Update" is C:\Polarion\data\workspace\polarion-data\jobs\20170626-2000
2017-06-26 20:00:00,033 [DefaultQuartzScheduler_Worker-7] INFO  com.polarion.platform.jobs.info  - Job "Live Plan Chart Update" runs as user "polarion"
2017-06-26 20:00:00,035 [DefaultQuartzScheduler_Worker-7 | u:p] INFO  com.polarion.platform.jobs.info  - State of job "Live Plan Chart Update" changed to ACTIVATING
2017-06-26 20:00:00,038 [DefaultQuartzScheduler_Worker-7 | u:p] INFO  com.polarion.platform.jobs.info  - State of job "Live Plan Chart Update" changed to WAITING
2017-06-26 20:00:00,042 [Worker-1 | u:p] INFO  com.polarion.platform.jobs.info  - State of job "Live Plan Chart Update" changed to RUNNING
2017-06-26 20:00:00,179 [Worker-1 | u:p | job: update.plan] INFO  com.polarion.platform.jobs.info  - Job "Live Plan Chart Update - Index Refresh" has id e4cf26ee-927abeae-315365ef-04129700
2017-06-26 20:00:00,181 [Worker-1 | u:p | job: update.plan] INFO  com.polarion.platform.jobs.info  - State of job "Live Plan Chart Update - Index Refresh" changed to UNSCHEDULED
2017-06-26 20:00:00,184 [Worker-1 | u:p | job: update.plan] INFO  com.polarion.platform.jobs.info  - Working directory of root job "Live Plan Chart Update - Index Refresh" is C:\Polarion\data\workspace\polarion-data\jobs\20170626-2000_0
2017-06-26 20:00:00,187 [Worker-1 | u:p | job: update.plan] INFO  com.polarion.platform.jobs.info  - Job "Live Plan Chart Update - Index Refresh" runs as user "polarion"
2017-06-26 20:00:00,189 [Worker-1 | u:p | job: update.plan | u:p] INFO  com.polarion.platform.jobs.info  - State of job "Live Plan Chart Update - Index Refresh" changed to ACTIVATING
2017-06-26 20:00:00,192 [Worker-1 | u:p | job: update.plan | u:p] INFO  com.polarion.platform.jobs.info  - State of job "Live Plan Chart Update - Index Refresh" changed to WAITING
2017-06-26 20:00:00,196 [Worker-0 | u:p] INFO  com.polarion.platform.jobs.info  - State of job "Live Plan Chart Update - Index Refresh" changed to RUNNING
2017-06-26 20:00:00,912 [Worker-0 | u:p] INFO  com.polarion.platform.jobs.info  - State of job "Live Plan Chart Update - Index Refresh" changed to FINISHED
2017-06-26 20:00:00,914 [Worker-0 | u:p] INFO  com.polarion.platform.jobs.info  - Status of job "Live Plan Chart Update - Index Refresh" is OK
2017-06-26 20:00:00,945 [Worker-1 | u:p] INFO  com.polarion.platform.jobs.info  - State of job "Live Plan Chart Update" changed to FINISHED
2017-06-26 20:00:00,948 [Worker-1 | u:p] INFO  com.polarion.platform.jobs.info  - Status of job "Live Plan Chart Update" is OK
2017-06-26 21:00:00,019 [DefaultQuartzScheduler_Worker-4] INFO  com.polarion.platform.jobs.info  - Job "Live Plan Chart Update" has id e50614cd-927abeae-315365ef-628648f2
2017-06-26 21:00:00,021 [DefaultQuartzScheduler_Worker-4] INFO  com.polarion.platform.jobs.info  - State of job "Live Plan Chart Update" changed to UNSCHEDULED
2017-06-26 21:00:00,024 [DefaultQuartzScheduler_Worker-4] INFO  com.polarion.platform.jobs.info  - Working directory of root job "Live Plan Chart Update" is C:\Polarion\data\workspace\polarion-data\jobs\20170626-2100
2017-06-26 21:00:00,027 [DefaultQuartzScheduler_Worker-4] INFO  com.polarion.platform.jobs.info  - Job "Live Plan Chart Update" runs as user "polarion"
2017-06-26 21:00:00,029 [DefaultQuartzScheduler_Worker-4 | u:p] INFO  com.polarion.platform.jobs.info  - State of job "Live Plan Chart Update" changed to ACTIVATING
2017-06-26 21:00:00,032 [DefaultQuartzScheduler_Worker-4 | u:p] INFO  com.polarion.platform.jobs.info  - State of job "Live Plan Chart Update" changed to WAITING
2017-06-26 21:00:00,036 [Worker-0 | u:p] INFO  com.polarion.platform.jobs.info  - State of job "Live Plan Chart Update" changed to RUNNING
2017-06-26 21:00:00,163 [Worker-0 | u:p | job: update.plan] INFO  com.polarion.platform.jobs.info  - Job "Live Plan Chart Update - Index Refresh" has id e506155e-927abeae-315365ef-c7033abd
2017-06-26 21:00:00,165 [Worker-0 | u:p | job: update.plan] INFO  com.polarion.platform.jobs.info  - State of job "Live Plan Chart Update - Index Refresh" changed to UNSCHEDULED
2017-06-26 21:00:00,169 [Worker-0 | u:p | job: update.plan] INFO  com.polarion.platform.jobs.info  - Working directory of root job "Live Plan Chart Update - Index Refresh" is C:\Polarion\data\workspace\polarion-data\jobs\20170626-2100_0
2017-06-26 21:00:00,172 [Worker-0 | u:p | job: update.plan] INFO  com.polarion.platform.jobs.info  - Job "Live Plan Chart Update - Index Refresh" runs as user "polarion"
2017-06-26 21:00:00,175 [Worker-0 | u:p | job: update.plan | u:p] INFO  com.polarion.platform.jobs.info  - State of job "Live Plan Chart Update - Index Refresh" changed to ACTIVATING
2017-06-26 21:00:00,179 [Worker-0 | u:p | job: update.plan | u:p] INFO  com.polarion.platform.jobs.info  - State of job "Live Plan Chart Update - Index Refresh" changed to WAITING
2017-06-26 21:00:00,183 [Worker-1 | u:p] INFO  com.polarion.platform.jobs.info  - State of job "Live Plan Chart Update - Index Refresh" changed to RUNNING
2017-06-26 21:00:00,915 [Worker-1 | u:p] INFO  com.polarion.platform.jobs.info  - State of job "Live Plan Chart Update - Index Refresh" changed to FINISHED
2017-06-26 21:00:00,918 [Worker-1 | u:p] INFO  com.polarion.platform.jobs.info  - Status of job "Live Plan Chart Update - Index Refresh" is OK
2017-06-26 21:00:00,945 [Worker-0 | u:p] INFO  com.polarion.platform.jobs.info  - State of job "Live Plan Chart Update" changed to FINISHED
2017-06-26 21:00:00,947 [Worker-0 | u:p] INFO  com.polarion.platform.jobs.info  - Status of job "Live Plan Chart Update" is OK
2017-06-26 22:00:00,017 [DefaultQuartzScheduler_Worker-4] INFO  com.polarion.platform.jobs.info  - Job "Live Plan Chart Update" has id e53d034b-927abeae-315365ef-7419aa8f
2017-06-26 22:00:00,019 [DefaultQuartzScheduler_Worker-4] INFO  com.polarion.platform.jobs.info  - State of job "Live Plan Chart Update" changed to UNSCHEDULED
2017-06-26 22:00:00,022 [DefaultQuartzScheduler_Worker-4] INFO  com.polarion.platform.jobs.info  - Working directory of root job "Live Plan Chart Update" is C:\Polarion\data\workspace\polarion-data\jobs\20170626-2200
2017-06-26 22:00:00,024 [DefaultQuartzScheduler_Worker-4] INFO  com.polarion.platform.jobs.info  - Job "Live Plan Chart Update" runs as user "polarion"
2017-06-26 22:00:00,026 [DefaultQuartzScheduler_Worker-4 | u:p] INFO  com.polarion.platform.jobs.info  - State of job "Live Plan Chart Update" changed to ACTIVATING
2017-06-26 22:00:00,029 [DefaultQuartzScheduler_Worker-4 | u:p] INFO  com.polarion.platform.jobs.info  - State of job "Live Plan Chart Update" changed to WAITING
2017-06-26 22:00:00,032 [Worker-1 | u:p] INFO  com.polarion.platform.jobs.info  - State of job "Live Plan Chart Update" changed to RUNNING
2017-06-26 22:00:00,127 [Worker-1 | u:p | job: update.plan] INFO  com.polarion.platform.jobs.info  - Job "Live Plan Chart Update - Index Refresh" has id e53d03ba-927abeae-315365ef-07390414
2017-06-26 22:00:00,129 [Worker-1 | u:p | job: update.plan] INFO  com.polarion.platform.jobs.info  - State of job "Live Plan Chart Update - Index Refresh" changed to UNSCHEDULED
2017-06-26 22:00:00,132 [Worker-1 | u:p | job: update.plan] INFO  com.polarion.platform.jobs.info  - Working directory of root job "Live Plan Chart Update - Index Refresh" is C:\Polarion\data\workspace\polarion-data\jobs\20170626-2200_0
2017-06-26 22:00:00,134 [Worker-1 | u:p | job: update.plan] INFO  com.polarion.platform.jobs.info  - Job "Live Plan Chart Update - Index Refresh" runs as user "polarion"
2017-06-26 22:00:00,136 [Worker-1 | u:p | job: update.plan | u:p] INFO  com.polarion.platform.jobs.info  - State of job "Live Plan Chart Update - Index Refresh" changed to ACTIVATING
2017-06-26 22:00:00,138 [Worker-1 | u:p | job: update.plan | u:p] INFO  com.polarion.platform.jobs.info  - State of job "Live Plan Chart Update - Index Refresh" changed to WAITING
2017-06-26 22:00:00,142 [Worker-0 | u:p] INFO  com.polarion.platform.jobs.info  - State of job "Live Plan Chart Update - Index Refresh" changed to RUNNING
2017-06-26 22:00:00,837 [Worker-0 | u:p] INFO  com.polarion.platform.jobs.info  - State of job "Live Plan Chart Update - Index Refresh" changed to FINISHED
2017-06-26 22:00:00,840 [Worker-0 | u:p] INFO  com.polarion.platform.jobs.info  - Status of job "Live Plan Chart Update - Index Refresh" is OK
2017-06-26 22:00:00,874 [Worker-1 | u:p] INFO  com.polarion.platform.jobs.info  - State of job "Live Plan Chart Update" changed to FINISHED
2017-06-26 22:00:00,877 [Worker-1 | u:p] INFO  com.polarion.platform.jobs.info  - Status of job "Live Plan Chart Update" is OK
2017-06-26 23:00:00,025 [DefaultQuartzScheduler_Worker-4] INFO  com.polarion.platform.jobs.info  - Job "Live Plan Chart Update" has id e573f1d3-927abeae-315365ef-b8f4b2e5
2017-06-26 23:00:00,027 [DefaultQuartzScheduler_Worker-4] INFO  com.polarion.platform.jobs.info  - State of job "Live Plan Chart Update" changed to UNSCHEDULED
2017-06-26 23:00:00,030 [DefaultQuartzScheduler_Worker-4] INFO  com.polarion.platform.jobs.info  - Working directory of root job "Live Plan Chart Update" is C:\Polarion\data\workspace\polarion-data\jobs\20170626-2300
2017-06-26 23:00:00,032 [DefaultQuartzScheduler_Worker-4] INFO  com.polarion.platform.jobs.info  - Job "Live Plan Chart Update" runs as user "polarion"
2017-06-26 23:00:00,034 [DefaultQuartzScheduler_Worker-4 | u:p] INFO  com.polarion.platform.jobs.info  - State of job "Live Plan Chart Update" changed to ACTIVATING
2017-06-26 23:00:00,037 [DefaultQuartzScheduler_Worker-4 | u:p] INFO  com.polarion.platform.jobs.info  - State of job "Live Plan Chart Update" changed to WAITING
2017-06-26 23:00:00,041 [Worker-0 | u:p] INFO  com.polarion.platform.jobs.info  - State of job "Live Plan Chart Update" changed to RUNNING
2017-06-26 23:00:00,055 [DefaultQuartzScheduler_Worker-9] INFO  com.polarion.platform.jobs.info  - Job "Index Checker" has id e573f1f3-927abeae-315365ef-8dd306b6
2017-06-26 23:00:00,057 [DefaultQuartzScheduler_Worker-9] INFO  com.polarion.platform.jobs.info  - State of job "Index Checker" changed to UNSCHEDULED
2017-06-26 23:00:00,060 [DefaultQuartzScheduler_Worker-9] INFO  com.polarion.platform.jobs.info  - Working directory of root job "Index Checker" is C:\Polarion\data\workspace\polarion-data\jobs\20170626-2300_0
2017-06-26 23:00:00,062 [DefaultQuartzScheduler_Worker-9] INFO  com.polarion.platform.jobs.info  - Job "Index Checker" runs as user "polarion"
2017-06-26 23:00:00,064 [DefaultQuartzScheduler_Worker-9 | u:p] INFO  com.polarion.platform.jobs.info  - State of job "Index Checker" changed to ACTIVATING
2017-06-26 23:00:00,067 [DefaultQuartzScheduler_Worker-9 | u:p] INFO  com.polarion.platform.jobs.info  - State of job "Index Checker" changed to WAITING
2017-06-26 23:00:00,071 [Worker-1 | u:p] INFO  com.polarion.platform.jobs.info  - State of job "Index Checker" changed to RUNNING
2017-06-26 23:00:00,134 [Worker-0 | u:p | job: update.plan] INFO  com.polarion.platform.jobs.info  - Job "Live Plan Chart Update - Index Refresh" has id e573f241-927abeae-315365ef-9d44e58c
2017-06-26 23:00:00,137 [Worker-0 | u:p | job: update.plan] INFO  com.polarion.platform.jobs.info  - State of job "Live Plan Chart Update - Index Refresh" changed to UNSCHEDULED
2017-06-26 23:00:00,140 [Worker-0 | u:p | job: update.plan] INFO  com.polarion.platform.jobs.info  - Working directory of root job "Live Plan Chart Update - Index Refresh" is C:\Polarion\data\workspace\polarion-data\jobs\20170626-2300_1
2017-06-26 23:00:00,142 [Worker-0 | u:p | job: update.plan] INFO  com.polarion.platform.jobs.info  - Job "Live Plan Chart Update - Index Refresh" runs as user "polarion"
2017-06-26 23:00:00,144 [Worker-0 | u:p | job: update.plan | u:p] INFO  com.polarion.platform.jobs.info  - State of job "Live Plan Chart Update - Index Refresh" changed to ACTIVATING
2017-06-26 23:00:00,147 [Worker-0 | u:p | job: update.plan | u:p] INFO  com.polarion.platform.jobs.info  - State of job "Live Plan Chart Update - Index Refresh" changed to WAITING
2017-06-26 23:00:00,151 [Worker-2 | u:p] INFO  com.polarion.platform.jobs.info  - State of job "Live Plan Chart Update - Index Refresh" changed to RUNNING
2017-06-26 23:00:00,905 [Worker-2 | u:p] INFO  com.polarion.platform.jobs.info  - State of job "Live Plan Chart Update - Index Refresh" changed to FINISHED
2017-06-26 23:00:00,907 [Worker-2 | u:p] INFO  com.polarion.platform.jobs.info  - Status of job "Live Plan Chart Update - Index Refresh" is OK
2017-06-26 23:00:00,934 [Worker-0 | u:p] INFO  com.polarion.platform.jobs.info  - State of job "Live Plan Chart Update" changed to FINISHED
2017-06-26 23:00:00,937 [Worker-0 | u:p] INFO  com.polarion.platform.jobs.info  - Status of job "Live Plan Chart Update" is OK
2017-06-26 23:02:28,856 [Worker-1 | u:p] INFO  com.polarion.platform.jobs.info  - State of job "Index Checker" changed to FINISHED
2017-06-26 23:02:28,859 [Worker-1 | u:p] INFO  com.polarion.platform.jobs.info  - Status of job "Index Checker" is OK:
0 Errors, 0 Warnings, 0 Information.
2017-06-27 00:00:00,038 [DefaultQuartzScheduler_Worker-9] INFO  com.polarion.platform.jobs.info  - Job "Work Item Analysis" has id e5aae060-927abeae-315365ef-aa356b11
2017-06-27 00:00:00,040 [DefaultQuartzScheduler_Worker-9] INFO  com.polarion.platform.jobs.info  - State of job "Work Item Analysis" changed to UNSCHEDULED
2017-06-27 00:00:00,043 [DefaultQuartzScheduler_Worker-9] INFO  com.polarion.platform.jobs.info  - Working directory of root job "Work Item Analysis" is C:\Polarion\data\workspace\polarion-data\jobs\20170627-0000
2017-06-27 00:00:00,045 [DefaultQuartzScheduler_Worker-9] INFO  com.polarion.platform.jobs.info  - Job "Work Item Analysis" runs as user "polarion"
2017-06-27 00:00:00,047 [DefaultQuartzScheduler_Worker-9 | u:p] INFO  com.polarion.platform.jobs.info  - State of job "Work Item Analysis" changed to ACTIVATING
2017-06-27 00:00:00,144 [DefaultQuartzScheduler_Worker-9 | u:p] INFO  com.polarion.platform.jobs.info  - State of job "(INTERNAL) Trackeranalysis calculation of _root.default:_artificial" changed to UNSCHEDULED
2017-06-27 00:00:00,151 [DefaultQuartzScheduler_Worker-9 | u:p] INFO  com.polarion.platform.jobs.info  - Job "(INTERNAL) Trackeranalysis calculation of _root.default:_artificial" has id e5aae0d0-927abeae-315365ef-1c80bbf6
2017-06-27 00:00:00,155 [DefaultQuartzScheduler_Worker-9 | u:p] INFO  com.polarion.platform.jobs.info  - Job "(INTERNAL) Trackeranalysis calculation of _root.default:_artificial" runs as user "polarion"
2017-06-27 00:00:00,174 [DefaultQuartzScheduler_Worker-9 | u:p] INFO  com.polarion.platform.jobs.info  - State of job "(INTERNAL) Trackeranalysis calculation of _root.default:_artificial" changed to ACTIVATING
2017-06-27 00:00:00,179 [DefaultQuartzScheduler_Worker-9 | u:p] INFO  com.polarion.platform.jobs.info  - State of job "Deploy _root.default:_artificial to C:\Polarion\data\workspace\polarion-data\deploymentSpaces\_default" changed to UNSCHEDULED
2017-06-27 00:00:00,188 [DefaultQuartzScheduler_Worker-9 | u:p] INFO  com.polarion.platform.jobs.info  - Job "Deploy _root.default:_artificial to C:\Polarion\data\workspace\polarion-data\deploymentSpaces\_default" has id e5aae0f3-927abeae-315365ef-6279532f
2017-06-27 00:00:00,193 [DefaultQuartzScheduler_Worker-9 | u:p] INFO  com.polarion.platform.jobs.info  - Job "Deploy _root.default:_artificial to C:\Polarion\data\workspace\polarion-data\deploymentSpaces\_default" runs as user "polarion"
2017-06-27 00:00:00,199 [DefaultQuartzScheduler_Worker-9 | u:p] INFO  com.polarion.platform.jobs.info  - State of job "Deploy _root.default:_artificial to C:\Polarion\data\workspace\polarion-data\deploymentSpaces\_default" changed to ACTIVATING
2017-06-27 00:00:00,215 [DefaultQuartzScheduler_Worker-9 | u:p] INFO  com.polarion.platform.jobs.info  - State of job "Deploy _root.default:_artificial to C:\Polarion\data\workspace\polarion-data\deploymentSpaces\_default" changed to WAITING
2017-06-27 00:00:00,219 [DefaultQuartzScheduler_Worker-9 | u:p] INFO  com.polarion.platform.jobs.info  - State of job "(INTERNAL) Trackeranalysis calculation of _root.default:_artificial" changed to WAITING
2017-06-27 00:00:00,221 [DefaultQuartzScheduler_Worker-9 | u:p] INFO  com.polarion.platform.jobs.info  - State of job "Work Item Analysis" changed to WAITING
2017-06-27 00:00:00,228 [DefaultQuartzScheduler_Worker-3] INFO  com.polarion.platform.jobs.info  - Job "Live Plan Chart Update" has id e5aae11f-927abeae-315365ef-aca274b3
2017-06-27 00:00:00,230 [DefaultQuartzScheduler_Worker-3] INFO  com.polarion.platform.jobs.info  - State of job "Live Plan Chart Update" changed to UNSCHEDULED
2017-06-27 00:00:00,231 [Worker-0 | u:p] INFO  com.polarion.platform.jobs.info  - State of job "Deploy _root.default:_artificial to C:\Polarion\data\workspace\polarion-data\deploymentSpaces\_default" changed to RUNNING
2017-06-27 00:00:00,233 [DefaultQuartzScheduler_Worker-3] INFO  com.polarion.platform.jobs.info  - Working directory of root job "Live Plan Chart Update" is C:\Polarion\data\workspace\polarion-data\jobs\20170627-0000_0
2017-06-27 00:00:00,235 [DefaultQuartzScheduler_Worker-3] INFO  com.polarion.platform.jobs.info  - Job "Live Plan Chart Update" runs as user "polarion"
2017-06-27 00:00:00,235 [Worker-0 | u:p] INFO  com.polarion.platform.jobs.info  - State of job "(INTERNAL) Trackeranalysis calculation of _root.default:_artificial" changed to RUNNING
2017-06-27 00:00:00,237 [DefaultQuartzScheduler_Worker-3 | u:p] INFO  com.polarion.platform.jobs.info  - State of job "Live Plan Chart Update" changed to ACTIVATING
2017-06-27 00:00:00,237 [Worker-0 | u:p] INFO  com.polarion.platform.jobs.info  - State of job "Work Item Analysis" changed to RUNNING
2017-06-27 00:00:00,240 [DefaultQuartzScheduler_Worker-3 | u:p] INFO  com.polarion.platform.jobs.info  - State of job "Live Plan Chart Update" changed to WAITING
2017-06-27 00:00:00,244 [Worker-1 | u:p] INFO  com.polarion.platform.jobs.info  - State of job "Live Plan Chart Update" changed to RUNNING
2017-06-27 00:00:00,343 [Worker-1 | u:p | job: update.plan] INFO  com.polarion.platform.jobs.info  - Job "Live Plan Chart Update - Index Refresh" has id e5aae190-927abeae-315365ef-d2d1ecb1
2017-06-27 00:00:00,345 [Worker-1 | u:p | job: update.plan] INFO  com.polarion.platform.jobs.info  - State of job "Live Plan Chart Update - Index Refresh" changed to UNSCHEDULED
2017-06-27 00:00:00,349 [Worker-1 | u:p | job: update.plan] INFO  com.polarion.platform.jobs.info  - Working directory of root job "Live Plan Chart Update - Index Refresh" is C:\Polarion\data\workspace\polarion-data\jobs\20170627-0000_1
2017-06-27 00:00:00,352 [Worker-1 | u:p | job: update.plan] INFO  com.polarion.platform.jobs.info  - Job "Live Plan Chart Update - Index Refresh" runs as user "polarion"
2017-06-27 00:00:00,355 [Worker-1 | u:p | job: update.plan | u:p] INFO  com.polarion.platform.jobs.info  - State of job "Live Plan Chart Update - Index Refresh" changed to ACTIVATING
2017-06-27 00:00:00,359 [Worker-1 | u:p | job: update.plan | u:p] INFO  com.polarion.platform.jobs.info  - State of job "Live Plan Chart Update - Index Refresh" changed to WAITING
2017-06-27 00:00:00,364 [Worker-3 | u:p] INFO  com.polarion.platform.jobs.info  - State of job "Live Plan Chart Update - Index Refresh" changed to RUNNING
2017-06-27 00:00:01,110 [Worker-3 | u:p] INFO  com.polarion.platform.jobs.info  - State of job "Live Plan Chart Update - Index Refresh" changed to FINISHED
2017-06-27 00:00:01,112 [Worker-3 | u:p] INFO  com.polarion.platform.jobs.info  - Status of job "Live Plan Chart Update - Index Refresh" is OK
2017-06-27 00:00:01,136 [Worker-1 | u:p] INFO  com.polarion.platform.jobs.info  - State of job "Live Plan Chart Update" changed to FINISHED
2017-06-27 00:00:01,138 [Worker-1 | u:p] INFO  com.polarion.platform.jobs.info  - Status of job "Live Plan Chart Update" is OK
2017-06-27 00:00:23,158 [Worker-0 | u:p] INFO  com.polarion.platform.jobs.info  - State of job "Deploy _root.default:_artificial to C:\Polarion\data\workspace\polarion-data\deploymentSpaces\_default" changed to FINISHED
2017-06-27 00:00:23,164 [Worker-0 | u:p] INFO  com.polarion.platform.jobs.info  - Status of job "Deploy _root.default:_artificial to C:\Polarion\data\workspace\polarion-data\deploymentSpaces\_default" is OK
2017-06-27 00:00:44,428 [Worker-0 | u:p] INFO  com.polarion.platform.jobs.info  - State of job "(INTERNAL) Trackeranalysis calculation of _root.default:_artificial" changed to FINISHED
2017-06-27 00:00:44,433 [Worker-0 | u:p] INFO  com.polarion.platform.jobs.info  - Status of job "(INTERNAL) Trackeranalysis calculation of _root.default:_artificial" is OK
2017-06-27 00:00:44,436 [Worker-0 | u:p] INFO  com.polarion.platform.jobs.info  - State of job "Work Item Analysis" changed to FINISHED
2017-06-27 00:00:44,439 [Worker-0 | u:p] INFO  com.polarion.platform.jobs.info  - Status of job "Work Item Analysis" is OK
2017-06-27 00:50:00,025 [DefaultQuartzScheduler_Worker-2] INFO  com.polarion.platform.jobs.info  - Job "Work Item Analysis - Project Groups" has id e5d8a712-927abeae-315365ef-6e4ceb39
2017-06-27 00:50:00,027 [DefaultQuartzScheduler_Worker-2] INFO  com.polarion.platform.jobs.info  - State of job "Work Item Analysis - Project Groups" changed to UNSCHEDULED
2017-06-27 00:50:00,029 [DefaultQuartzScheduler_Worker-2] INFO  com.polarion.platform.jobs.info  - Working directory of root job "Work Item Analysis - Project Groups" is C:\Polarion\data\workspace\polarion-data\jobs\20170627-0050
2017-06-27 00:50:00,032 [DefaultQuartzScheduler_Worker-2] INFO  com.polarion.platform.jobs.info  - Job "Work Item Analysis - Project Groups" runs as user "polarion"
2017-06-27 00:50:00,034 [DefaultQuartzScheduler_Worker-2 | u:p] INFO  com.polarion.platform.jobs.info  - State of job "Work Item Analysis - Project Groups" changed to ACTIVATING
2017-06-27 00:50:00,060 [DefaultQuartzScheduler_Worker-2 | u:p] INFO  com.polarion.platform.jobs.info  - State of job "(INTERNAL) Trackeranalysis-projectgroup calculation of _root.default:_artificial" changed to UNSCHEDULED
2017-06-27 00:50:00,067 [DefaultQuartzScheduler_Worker-2 | u:p] INFO  com.polarion.platform.jobs.info  - Job "(INTERNAL) Trackeranalysis-projectgroup calculation of _root.default:_artificial" has id e5d8a73c-927abeae-315365ef-d544b85f
2017-06-27 00:50:00,070 [DefaultQuartzScheduler_Worker-2 | u:p] INFO  com.polarion.platform.jobs.info  - Job "(INTERNAL) Trackeranalysis-projectgroup calculation of _root.default:_artificial" runs as user "polarion"
2017-06-27 00:50:00,078 [DefaultQuartzScheduler_Worker-2 | u:p] INFO  com.polarion.platform.jobs.info  - State of job "(INTERNAL) Trackeranalysis-projectgroup calculation of _root.default:_artificial" changed to ACTIVATING
2017-06-27 00:50:00,079 [DefaultQuartzScheduler_Worker-2 | u:p] INFO  com.polarion.platform.jobs.info  - State of job "Deploy _root.default:_artificial to C:\Polarion\data\workspace\polarion-data\deploymentSpaces\_default" changed to UNSCHEDULED
2017-06-27 00:50:00,126 [DefaultQuartzScheduler_Worker-2 | u:p] INFO  com.polarion.platform.jobs.info  - Job "Deploy _root.default:_artificial to C:\Polarion\data\workspace\polarion-data\deploymentSpaces\_default" has id e5d8a74f-927abeae-315365ef-8ddd4fea
2017-06-27 00:50:00,134 [DefaultQuartzScheduler_Worker-2 | u:p] INFO  com.polarion.platform.jobs.info  - Job "Deploy _root.default:_artificial to C:\Polarion\data\workspace\polarion-data\deploymentSpaces\_default" runs as user "polarion"
2017-06-27 00:50:00,140 [DefaultQuartzScheduler_Worker-2 | u:p] INFO  com.polarion.platform.jobs.info  - State of job "Deploy _root.default:_artificial to C:\Polarion\data\workspace\polarion-data\deploymentSpaces\_default" changed to ACTIVATING
2017-06-27 00:50:00,159 [DefaultQuartzScheduler_Worker-2 | u:p] INFO  com.polarion.platform.jobs.info  - State of job "Deploy _root.default:_artificial to C:\Polarion\data\workspace\polarion-data\deploymentSpaces\_default" changed to WAITING
2017-06-27 00:50:00,163 [DefaultQuartzScheduler_Worker-2 | u:p] INFO  com.polarion.platform.jobs.info  - State of job "(INTERNAL) Trackeranalysis-projectgroup calculation of _root.default:_artificial" changed to WAITING
2017-06-27 00:50:00,165 [DefaultQuartzScheduler_Worker-2 | u:p] INFO  com.polarion.platform.jobs.info  - State of job "Work Item Analysis - Project Groups" changed to WAITING
2017-06-27 00:50:00,175 [Worker-3 | u:p] INFO  com.polarion.platform.jobs.info  - State of job "Deploy _root.default:_artificial to C:\Polarion\data\workspace\polarion-data\deploymentSpaces\_default" changed to RUNNING
2017-06-27 00:50:00,179 [Worker-3 | u:p] INFO  com.polarion.platform.jobs.info  - State of job "(INTERNAL) Trackeranalysis-projectgroup calculation of _root.default:_artificial" changed to RUNNING
2017-06-27 00:50:00,181 [Worker-3 | u:p] INFO  com.polarion.platform.jobs.info  - State of job "Work Item Analysis - Project Groups" changed to RUNNING
2017-06-27 00:50:24,153 [Worker-3 | u:p] INFO  com.polarion.platform.jobs.info  - State of job "Deploy _root.default:_artificial to C:\Polarion\data\workspace\polarion-data\deploymentSpaces\_default" changed to FINISHED
2017-06-27 00:50:24,160 [Worker-3 | u:p] INFO  com.polarion.platform.jobs.info  - Status of job "Deploy _root.default:_artificial to C:\Polarion\data\workspace\polarion-data\deploymentSpaces\_default" is OK
2017-06-27 00:50:27,837 [Worker-3 | u:p] INFO  com.polarion.platform.jobs.info  - State of job "(INTERNAL) Trackeranalysis-projectgroup calculation of _root.default:_artificial" changed to FINISHED
2017-06-27 00:50:27,842 [Worker-3 | u:p] INFO  com.polarion.platform.jobs.info  - Status of job "(INTERNAL) Trackeranalysis-projectgroup calculation of _root.default:_artificial" is OK
2017-06-27 00:50:27,845 [Worker-3 | u:p] INFO  com.polarion.platform.jobs.info  - State of job "Work Item Analysis - Project Groups" changed to FINISHED
2017-06-27 00:50:27,847 [Worker-3 | u:p] INFO  com.polarion.platform.jobs.info  - Status of job "Work Item Analysis - Project Groups" is OK
2017-06-27 01:00:00,014 [DefaultQuartzScheduler_Worker-2] INFO  com.polarion.platform.jobs.info  - Job "Repository Analysis" has id e5e1ceca-927abeae-315365ef-140b2229
2017-06-27 01:00:00,016 [DefaultQuartzScheduler_Worker-2] INFO  com.polarion.platform.jobs.info  - State of job "Repository Analysis" changed to UNSCHEDULED
2017-06-27 01:00:00,019 [DefaultQuartzScheduler_Worker-2] INFO  com.polarion.platform.jobs.info  - Working directory of root job "Repository Analysis" is C:\Polarion\data\workspace\polarion-data\jobs\20170627-0100
2017-06-27 01:00:00,021 [DefaultQuartzScheduler_Worker-2] INFO  com.polarion.platform.jobs.info  - Job "Repository Analysis" runs as user "polarion"
2017-06-27 01:00:00,023 [DefaultQuartzScheduler_Worker-2 | u:p] INFO  com.polarion.platform.jobs.info  - State of job "Repository Analysis" changed to ACTIVATING
2017-06-27 01:00:00,048 [DefaultQuartzScheduler_Worker-2 | u:p] INFO  com.polarion.platform.jobs.info  - State of job "(INTERNAL) Repoanalysis calculation of _root.default:_artificial" changed to UNSCHEDULED
2017-06-27 01:00:00,055 [DefaultQuartzScheduler_Worker-2 | u:p] INFO  com.polarion.platform.jobs.info  - Job "(INTERNAL) Repoanalysis calculation of _root.default:_artificial" has id e5e1cef0-927abeae-315365ef-1febe3ed
2017-06-27 01:00:00,059 [DefaultQuartzScheduler_Worker-2 | u:p] INFO  com.polarion.platform.jobs.info  - Job "(INTERNAL) Repoanalysis calculation of _root.default:_artificial" runs as user "polarion"
2017-06-27 01:00:00,065 [DefaultQuartzScheduler_Worker-2 | u:p] INFO  com.polarion.platform.jobs.info  - State of job "(INTERNAL) Repoanalysis calculation of _root.default:_artificial" changed to ACTIVATING
2017-06-27 01:00:00,065 [DefaultQuartzScheduler_Worker-2 | u:p] INFO  com.polarion.platform.jobs.info  - State of job "Deploy _root.default:_artificial to C:\Polarion\data\workspace\polarion-data\deploymentSpaces\_default" changed to UNSCHEDULED
2017-06-27 01:00:00,074 [DefaultQuartzScheduler_Worker-2 | u:p] INFO  com.polarion.platform.jobs.info  - Job "Deploy _root.default:_artificial to C:\Polarion\data\workspace\polarion-data\deploymentSpaces\_default" has id e5e1cf01-927abeae-315365ef-6e5a823a
2017-06-27 01:00:00,079 [DefaultQuartzScheduler_Worker-2 | u:p] INFO  com.polarion.platform.jobs.info  - Job "Deploy _root.default:_artificial to C:\Polarion\data\workspace\polarion-data\deploymentSpaces\_default" runs as user "polarion"
2017-06-27 01:00:00,085 [DefaultQuartzScheduler_Worker-2 | u:p] INFO  com.polarion.platform.jobs.info  - State of job "Deploy _root.default:_artificial to C:\Polarion\data\workspace\polarion-data\deploymentSpaces\_default" changed to ACTIVATING
2017-06-27 01:00:00,100 [DefaultQuartzScheduler_Worker-2 | u:p] INFO  com.polarion.platform.jobs.info  - State of job "Deploy _root.default:_artificial to C:\Polarion\data\workspace\polarion-data\deploymentSpaces\_default" changed to WAITING
2017-06-27 01:00:00,103 [DefaultQuartzScheduler_Worker-2 | u:p] INFO  com.polarion.platform.jobs.info  - State of job "(INTERNAL) Repoanalysis calculation of _root.default:_artificial" changed to WAITING
2017-06-27 01:00:00,105 [DefaultQuartzScheduler_Worker-2 | u:p] INFO  com.polarion.platform.jobs.info  - State of job "Repository Analysis" changed to WAITING
2017-06-27 01:00:00,111 [DefaultQuartzScheduler_Worker-6] INFO  com.polarion.platform.jobs.info  - Job "Live Plan Chart Update" has id e5e1cf2b-927abeae-315365ef-c7833d48
2017-06-27 01:00:00,114 [DefaultQuartzScheduler_Worker-6] INFO  com.polarion.platform.jobs.info  - State of job "Live Plan Chart Update" changed to UNSCHEDULED
2017-06-27 01:00:00,115 [Worker-3 | u:p] INFO  com.polarion.platform.jobs.info  - State of job "Deploy _root.default:_artificial to C:\Polarion\data\workspace\polarion-data\deploymentSpaces\_default" changed to RUNNING
2017-06-27 01:00:00,116 [DefaultQuartzScheduler_Worker-6] INFO  com.polarion.platform.jobs.info  - Working directory of root job "Live Plan Chart Update" is C:\Polarion\data\workspace\polarion-data\jobs\20170627-0100_0
2017-06-27 01:00:00,118 [DefaultQuartzScheduler_Worker-6] INFO  com.polarion.platform.jobs.info  - Job "Live Plan Chart Update" runs as user "polarion"
2017-06-27 01:00:00,119 [Worker-3 | u:p] INFO  com.polarion.platform.jobs.info  - State of job "(INTERNAL) Repoanalysis calculation of _root.default:_artificial" changed to RUNNING
2017-06-27 01:00:00,120 [DefaultQuartzScheduler_Worker-6 | u:p] INFO  com.polarion.platform.jobs.info  - State of job "Live Plan Chart Update" changed to ACTIVATING
2017-06-27 01:00:00,121 [Worker-3 | u:p] INFO  com.polarion.platform.jobs.info  - State of job "Repository Analysis" changed to RUNNING
2017-06-27 01:00:00,123 [DefaultQuartzScheduler_Worker-6 | u:p] INFO  com.polarion.platform.jobs.info  - State of job "Live Plan Chart Update" changed to WAITING
2017-06-27 01:00:00,128 [Worker-0 | u:p] INFO  com.polarion.platform.jobs.info  - State of job "Live Plan Chart Update" changed to RUNNING
2017-06-27 01:00:00,214 [Worker-0 | u:p | job: update.plan] INFO  com.polarion.platform.jobs.info  - Job "Live Plan Chart Update - Index Refresh" has id e5e1cf91-927abeae-315365ef-10db67af
2017-06-27 01:00:00,216 [Worker-0 | u:p | job: update.plan] INFO  com.polarion.platform.jobs.info  - State of job "Live Plan Chart Update - Index Refresh" changed to UNSCHEDULED
2017-06-27 01:00:00,219 [Worker-0 | u:p | job: update.plan] INFO  com.polarion.platform.jobs.info  - Working directory of root job "Live Plan Chart Update - Index Refresh" is C:\Polarion\data\workspace\polarion-data\jobs\20170627-0100_1
2017-06-27 01:00:00,221 [Worker-0 | u:p | job: update.plan] INFO  com.polarion.platform.jobs.info  - Job "Live Plan Chart Update - Index Refresh" runs as user "polarion"
2017-06-27 01:00:00,262 [Worker-0 | u:p | job: update.plan | u:p] INFO  com.polarion.platform.jobs.info  - State of job "Live Plan Chart Update - Index Refresh" changed to ACTIVATING
2017-06-27 01:00:00,265 [Worker-0 | u:p | job: update.plan | u:p] INFO  com.polarion.platform.jobs.info  - State of job "Live Plan Chart Update - Index Refresh" changed to WAITING
2017-06-27 01:00:00,269 [Worker-4 | u:p] INFO  com.polarion.platform.jobs.info  - State of job "Live Plan Chart Update - Index Refresh" changed to RUNNING
2017-06-27 01:00:00,933 [Worker-4 | u:p] INFO  com.polarion.platform.jobs.info  - State of job "Live Plan Chart Update - Index Refresh" changed to FINISHED
2017-06-27 01:00:00,935 [Worker-4 | u:p] INFO  com.polarion.platform.jobs.info  - Status of job "Live Plan Chart Update - Index Refresh" is OK
2017-06-27 01:00:00,961 [Worker-0 | u:p] INFO  com.polarion.platform.jobs.info  - State of job "Live Plan Chart Update" changed to FINISHED
2017-06-27 01:00:00,963 [Worker-0 | u:p] INFO  com.polarion.platform.jobs.info  - Status of job "Live Plan Chart Update" is OK
2017-06-27 01:00:24,153 [Worker-3 | u:p] INFO  com.polarion.platform.jobs.info  - State of job "Deploy _root.default:_artificial to C:\Polarion\data\workspace\polarion-data\deploymentSpaces\_default" changed to FINISHED
2017-06-27 01:00:24,160 [Worker-3 | u:p] INFO  com.polarion.platform.jobs.info  - Status of job "Deploy _root.default:_artificial to C:\Polarion\data\workspace\polarion-data\deploymentSpaces\_default" is OK
2017-06-27 01:00:43,010 [Worker-3 | u:p] INFO  com.polarion.platform.jobs.info  - State of job "(INTERNAL) Repoanalysis calculation of _root.default:_artificial" changed to FINISHED
2017-06-27 01:00:43,014 [Worker-3 | u:p] INFO  com.polarion.platform.jobs.info  - Status of job "(INTERNAL) Repoanalysis calculation of _root.default:_artificial" is OK
2017-06-27 01:00:43,017 [Worker-3 | u:p] INFO  com.polarion.platform.jobs.info  - State of job "Repository Analysis" changed to FINISHED
2017-06-27 01:00:43,019 [Worker-3 | u:p] INFO  com.polarion.platform.jobs.info  - Status of job "Repository Analysis" is OK
2017-06-27 02:00:00,018 [DefaultQuartzScheduler_Worker-6] INFO  com.polarion.platform.jobs.info  - Job "Live Plan Chart Update" has id e618bd4c-927abeae-315365ef-4a84d679
2017-06-27 02:00:00,020 [DefaultQuartzScheduler_Worker-6] INFO  com.polarion.platform.jobs.info  - State of job "Live Plan Chart Update" changed to UNSCHEDULED
2017-06-27 02:00:00,023 [DefaultQuartzScheduler_Worker-6] INFO  com.polarion.platform.jobs.info  - Working directory of root job "Live Plan Chart Update" is C:\Polarion\data\workspace\polarion-data\jobs\20170627-0200
2017-06-27 02:00:00,025 [DefaultQuartzScheduler_Worker-6] INFO  com.polarion.platform.jobs.info  - Job "Live Plan Chart Update" runs as user "polarion"
2017-06-27 02:00:00,027 [DefaultQuartzScheduler_Worker-6 | u:p] INFO  com.polarion.platform.jobs.info  - State of job "Live Plan Chart Update" changed to ACTIVATING
2017-06-27 02:00:00,030 [DefaultQuartzScheduler_Worker-6 | u:p] INFO  com.polarion.platform.jobs.info  - State of job "Live Plan Chart Update" changed to WAITING
2017-06-27 02:00:00,034 [Worker-0 | u:p] INFO  com.polarion.platform.jobs.info  - State of job "Live Plan Chart Update" changed to RUNNING
2017-06-27 02:00:00,124 [Worker-0 | u:p | job: update.plan] INFO  com.polarion.platform.jobs.info  - Job "Live Plan Chart Update - Index Refresh" has id e618bdb8-927abeae-315365ef-50b97bfb
2017-06-27 02:00:00,125 [Worker-0 | u:p | job: update.plan] INFO  com.polarion.platform.jobs.info  - State of job "Live Plan Chart Update - Index Refresh" changed to UNSCHEDULED
2017-06-27 02:00:00,128 [Worker-0 | u:p | job: update.plan] INFO  com.polarion.platform.jobs.info  - Working directory of root job "Live Plan Chart Update - Index Refresh" is C:\Polarion\data\workspace\polarion-data\jobs\20170627-0200_0
2017-06-27 02:00:00,130 [Worker-0 | u:p | job: update.plan] INFO  com.polarion.platform.jobs.info  - Job "Live Plan Chart Update - Index Refresh" runs as user "polarion"
2017-06-27 02:00:00,132 [Worker-0 | u:p | job: update.plan | u:p] INFO  com.polarion.platform.jobs.info  - State of job "Live Plan Chart Update - Index Refresh" changed to ACTIVATING
2017-06-27 02:00:00,135 [Worker-0 | u:p | job: update.plan | u:p] INFO  com.polarion.platform.jobs.info  - State of job "Live Plan Chart Update - Index Refresh" changed to WAITING
2017-06-27 02:00:00,138 [Worker-3 | u:p] INFO  com.polarion.platform.jobs.info  - State of job "Live Plan Chart Update - Index Refresh" changed to RUNNING
2017-06-27 02:00:00,839 [Worker-3 | u:p] INFO  com.polarion.platform.jobs.info  - State of job "Live Plan Chart Update - Index Refresh" changed to FINISHED
2017-06-27 02:00:00,841 [Worker-3 | u:p] INFO  com.polarion.platform.jobs.info  - Status of job "Live Plan Chart Update - Index Refresh" is OK
2017-06-27 02:00:00,877 [Worker-0 | u:p] INFO  com.polarion.platform.jobs.info  - State of job "Live Plan Chart Update" changed to FINISHED
2017-06-27 02:00:00,879 [Worker-0 | u:p] INFO  com.polarion.platform.jobs.info  - Status of job "Live Plan Chart Update" is OK
2017-06-27 03:00:00,022 [DefaultQuartzScheduler_Worker-3] INFO  com.polarion.platform.jobs.info  - Job "Live Plan Chart Update" has id e64fabd0-927abeae-315365ef-93039731
2017-06-27 03:00:00,025 [DefaultQuartzScheduler_Worker-3] INFO  com.polarion.platform.jobs.info  - State of job "Live Plan Chart Update" changed to UNSCHEDULED
2017-06-27 03:00:00,027 [DefaultQuartzScheduler_Worker-3] INFO  com.polarion.platform.jobs.info  - Working directory of root job "Live Plan Chart Update" is C:\Polarion\data\workspace\polarion-data\jobs\20170627-0300
2017-06-27 03:00:00,030 [DefaultQuartzScheduler_Worker-3] INFO  com.polarion.platform.jobs.info  - Job "Live Plan Chart Update" runs as user "polarion"
2017-06-27 03:00:00,032 [DefaultQuartzScheduler_Worker-3 | u:p] INFO  com.polarion.platform.jobs.info  - State of job "Live Plan Chart Update" changed to ACTIVATING
2017-06-27 03:00:00,035 [DefaultQuartzScheduler_Worker-3 | u:p] INFO  com.polarion.platform.jobs.info  - State of job "Live Plan Chart Update" changed to WAITING
2017-06-27 03:00:00,039 [Worker-3 | u:p] INFO  com.polarion.platform.jobs.info  - State of job "Live Plan Chart Update" changed to RUNNING
2017-06-27 03:00:00,116 [Worker-3 | u:p | job: update.plan] INFO  com.polarion.platform.jobs.info  - Job "Live Plan Chart Update - Index Refresh" has id e64fac30-927abeae-315365ef-a1f5c26a
2017-06-27 03:00:00,119 [Worker-3 | u:p | job: update.plan] INFO  com.polarion.platform.jobs.info  - State of job "Live Plan Chart Update - Index Refresh" changed to UNSCHEDULED
2017-06-27 03:00:00,122 [Worker-3 | u:p | job: update.plan] INFO  com.polarion.platform.jobs.info  - Working directory of root job "Live Plan Chart Update - Index Refresh" is C:\Polarion\data\workspace\polarion-data\jobs\20170627-0300_0
2017-06-27 03:00:00,124 [Worker-3 | u:p | job: update.plan] INFO  com.polarion.platform.jobs.info  - Job "Live Plan Chart Update - Index Refresh" runs as user "polarion"
2017-06-27 03:00:00,126 [Worker-3 | u:p | job: update.plan | u:p] INFO  com.polarion.platform.jobs.info  - State of job "Live Plan Chart Update - Index Refresh" changed to ACTIVATING
2017-06-27 03:00:00,129 [Worker-3 | u:p | job: update.plan | u:p] INFO  com.polarion.platform.jobs.info  - State of job "Live Plan Chart Update - Index Refresh" changed to WAITING
2017-06-27 03:00:00,132 [Worker-0 | u:p] INFO  com.polarion.platform.jobs.info  - State of job "Live Plan Chart Update - Index Refresh" changed to RUNNING
2017-06-27 03:00:01,668 [Worker-0 | u:p] INFO  com.polarion.platform.jobs.info  - State of job "Live Plan Chart Update - Index Refresh" changed to FINISHED
2017-06-27 03:00:01,671 [Worker-0 | u:p] INFO  com.polarion.platform.jobs.info  - Status of job "Live Plan Chart Update - Index Refresh" is OK
2017-06-27 03:00:01,695 [Worker-3 | u:p] INFO  com.polarion.platform.jobs.info  - State of job "Live Plan Chart Update" changed to FINISHED
2017-06-27 03:00:01,697 [Worker-3 | u:p] INFO  com.polarion.platform.jobs.info  - Status of job "Live Plan Chart Update" is OK
2017-06-27 04:00:00,022 [DefaultQuartzScheduler_Worker-3] INFO  com.polarion.platform.jobs.info  - Job "Live CMMI" has id e6869a50-927abeae-315365ef-bf208728
2017-06-27 04:00:00,024 [DefaultQuartzScheduler_Worker-3] INFO  com.polarion.platform.jobs.info  - State of job "Live CMMI" changed to UNSCHEDULED
2017-06-27 04:00:00,027 [DefaultQuartzScheduler_Worker-3] INFO  com.polarion.platform.jobs.info  - Working directory of root job "Live CMMI" is C:\Polarion\data\workspace\polarion-data\jobs\20170627-0400
2017-06-27 04:00:00,029 [DefaultQuartzScheduler_Worker-3] INFO  com.polarion.platform.jobs.info  - Job "Live CMMI" runs as user "polarion"
2017-06-27 04:00:00,031 [DefaultQuartzScheduler_Worker-3 | u:p] INFO  com.polarion.platform.jobs.info  - State of job "Live CMMI" changed to ACTIVATING
2017-06-27 04:00:00,059 [DefaultQuartzScheduler_Worker-3 | u:p] INFO  com.polarion.platform.jobs.info  - State of job "(INTERNAL) Cmmi-analysis calculation of _root.default:_artificial" changed to UNSCHEDULED
2017-06-27 04:00:00,065 [DefaultQuartzScheduler_Worker-3 | u:p] INFO  com.polarion.platform.jobs.info  - Job "(INTERNAL) Cmmi-analysis calculation of _root.default:_artificial" has id e6869a7b-927abeae-315365ef-6a332dfe
2017-06-27 04:00:00,069 [DefaultQuartzScheduler_Worker-3 | u:p] INFO  com.polarion.platform.jobs.info  - Job "(INTERNAL) Cmmi-analysis calculation of _root.default:_artificial" runs as user "polarion"
2017-06-27 04:00:00,076 [DefaultQuartzScheduler_Worker-3 | u:p] INFO  com.polarion.platform.jobs.info  - State of job "(INTERNAL) Cmmi-analysis calculation of _root.default:_artificial" changed to ACTIVATING
2017-06-27 04:00:00,077 [DefaultQuartzScheduler_Worker-3 | u:p] INFO  com.polarion.platform.jobs.info  - State of job "Deploy _root.default:_artificial to C:\Polarion\data\workspace\polarion-data\deploymentSpaces\_default" changed to UNSCHEDULED
2017-06-27 04:00:00,087 [DefaultQuartzScheduler_Worker-3 | u:p] INFO  com.polarion.platform.jobs.info  - Job "Deploy _root.default:_artificial to C:\Polarion\data\workspace\polarion-data\deploymentSpaces\_default" has id e6869a8d-927abeae-315365ef-429583cc
2017-06-27 04:00:00,092 [DefaultQuartzScheduler_Worker-3 | u:p] INFO  com.polarion.platform.jobs.info  - Job "Deploy _root.default:_artificial to C:\Polarion\data\workspace\polarion-data\deploymentSpaces\_default" runs as user "polarion"
2017-06-27 04:00:00,098 [DefaultQuartzScheduler_Worker-3 | u:p] INFO  com.polarion.platform.jobs.info  - State of job "Deploy _root.default:_artificial to C:\Polarion\data\workspace\polarion-data\deploymentSpaces\_default" changed to ACTIVATING
2017-06-27 04:00:00,113 [DefaultQuartzScheduler_Worker-3 | u:p] INFO  com.polarion.platform.jobs.info  - State of job "Deploy _root.default:_artificial to C:\Polarion\data\workspace\polarion-data\deploymentSpaces\_default" changed to WAITING
2017-06-27 04:00:00,117 [DefaultQuartzScheduler_Worker-3 | u:p] INFO  com.polarion.platform.jobs.info  - State of job "(INTERNAL) Cmmi-analysis calculation of _root.default:_artificial" changed to WAITING
2017-06-27 04:00:00,119 [DefaultQuartzScheduler_Worker-3 | u:p] INFO  com.polarion.platform.jobs.info  - State of job "Live CMMI" changed to WAITING
2017-06-27 04:00:00,125 [DefaultQuartzScheduler_Worker-4] INFO  com.polarion.platform.jobs.info  - Job "Live Plan Chart Update" has id e6869ab8-927abeae-315365ef-ec8f8abd
2017-06-27 04:00:00,127 [DefaultQuartzScheduler_Worker-4] INFO  com.polarion.platform.jobs.info  - State of job "Live Plan Chart Update" changed to UNSCHEDULED
2017-06-27 04:00:00,128 [Worker-0 | u:p] INFO  com.polarion.platform.jobs.info  - State of job "Deploy _root.default:_artificial to C:\Polarion\data\workspace\polarion-data\deploymentSpaces\_default" changed to RUNNING
2017-06-27 04:00:00,130 [DefaultQuartzScheduler_Worker-4] INFO  com.polarion.platform.jobs.info  - Working directory of root job "Live Plan Chart Update" is C:\Polarion\data\workspace\polarion-data\jobs\20170627-0400_0
2017-06-27 04:00:00,132 [DefaultQuartzScheduler_Worker-4] INFO  com.polarion.platform.jobs.info  - Job "Live Plan Chart Update" runs as user "polarion"
2017-06-27 04:00:00,132 [Worker-0 | u:p] INFO  com.polarion.platform.jobs.info  - State of job "(INTERNAL) Cmmi-analysis calculation of _root.default:_artificial" changed to RUNNING
2017-06-27 04:00:00,134 [DefaultQuartzScheduler_Worker-4 | u:p] INFO  com.polarion.platform.jobs.info  - State of job "Live Plan Chart Update" changed to ACTIVATING
2017-06-27 04:00:00,134 [Worker-0 | u:p] INFO  com.polarion.platform.jobs.info  - State of job "Live CMMI" changed to RUNNING
2017-06-27 04:00:00,137 [DefaultQuartzScheduler_Worker-4 | u:p] INFO  com.polarion.platform.jobs.info  - State of job "Live Plan Chart Update" changed to WAITING
2017-06-27 04:00:00,141 [Worker-3 | u:p] INFO  com.polarion.platform.jobs.info  - State of job "Live Plan Chart Update" changed to RUNNING
2017-06-27 04:00:00,233 [Worker-3 | u:p | job: update.plan] INFO  com.polarion.platform.jobs.info  - Job "Live Plan Chart Update - Index Refresh" has id e6869b25-927abeae-315365ef-80874ff5
2017-06-27 04:00:00,235 [Worker-3 | u:p | job: update.plan] INFO  com.polarion.platform.jobs.info  - State of job "Live Plan Chart Update - Index Refresh" changed to UNSCHEDULED
2017-06-27 04:00:00,238 [Worker-3 | u:p | job: update.plan] INFO  com.polarion.platform.jobs.info  - Working directory of root job "Live Plan Chart Update - Index Refresh" is C:\Polarion\data\workspace\polarion-data\jobs\20170627-0400_1
2017-06-27 04:00:00,240 [Worker-3 | u:p | job: update.plan] INFO  com.polarion.platform.jobs.info  - Job "Live Plan Chart Update - Index Refresh" runs as user "polarion"
2017-06-27 04:00:00,242 [Worker-3 | u:p | job: update.plan | u:p] INFO  com.polarion.platform.jobs.info  - State of job "Live Plan Chart Update - Index Refresh" changed to ACTIVATING
2017-06-27 04:00:00,245 [Worker-3 | u:p | job: update.plan | u:p] INFO  com.polarion.platform.jobs.info  - State of job "Live Plan Chart Update - Index Refresh" changed to WAITING
2017-06-27 04:00:00,249 [Worker-5 | u:p] INFO  com.polarion.platform.jobs.info  - State of job "Live Plan Chart Update - Index Refresh" changed to RUNNING
2017-06-27 04:00:00,896 [Worker-5 | u:p] INFO  com.polarion.platform.jobs.info  - State of job "Live Plan Chart Update - Index Refresh" changed to FINISHED
2017-06-27 04:00:00,899 [Worker-5 | u:p] INFO  com.polarion.platform.jobs.info  - Status of job "Live Plan Chart Update - Index Refresh" is OK
2017-06-27 04:00:00,932 [Worker-3 | u:p] INFO  com.polarion.platform.jobs.info  - State of job "Live Plan Chart Update" changed to FINISHED
2017-06-27 04:00:00,934 [Worker-3 | u:p] INFO  com.polarion.platform.jobs.info  - Status of job "Live Plan Chart Update" is OK
2017-06-27 04:00:24,154 [Worker-0 | u:p] INFO  com.polarion.platform.jobs.info  - State of job "Deploy _root.default:_artificial to C:\Polarion\data\workspace\polarion-data\deploymentSpaces\_default" changed to FINISHED
2017-06-27 04:00:24,160 [Worker-0 | u:p] INFO  com.polarion.platform.jobs.info  - Status of job "Deploy _root.default:_artificial to C:\Polarion\data\workspace\polarion-data\deploymentSpaces\_default" is OK
2017-06-27 04:00:27,707 [Worker-0 | u:p] INFO  com.polarion.platform.jobs.info  - State of job "(INTERNAL) Cmmi-analysis calculation of _root.default:_artificial" changed to FINISHED
2017-06-27 04:00:27,712 [Worker-0 | u:p] INFO  com.polarion.platform.jobs.info  - Status of job "(INTERNAL) Cmmi-analysis calculation of _root.default:_artificial" is OK
2017-06-27 04:00:27,714 [Worker-0 | u:p] INFO  com.polarion.platform.jobs.info  - State of job "Live CMMI" changed to FINISHED
2017-06-27 04:00:27,717 [Worker-0 | u:p] INFO  com.polarion.platform.jobs.info  - Status of job "Live CMMI" is OK
2017-06-27 05:00:00,017 [DefaultQuartzScheduler_Worker-4] INFO  com.polarion.platform.jobs.info  - Job "Live Plan Chart Update" has id e6bd88cb-927abeae-315365ef-8a6848ec
2017-06-27 05:00:00,019 [DefaultQuartzScheduler_Worker-4] INFO  com.polarion.platform.jobs.info  - State of job "Live Plan Chart Update" changed to UNSCHEDULED
2017-06-27 05:00:00,021 [DefaultQuartzScheduler_Worker-4] INFO  com.polarion.platform.jobs.info  - Working directory of root job "Live Plan Chart Update" is C:\Polarion\data\workspace\polarion-data\jobs\20170627-0500
2017-06-27 05:00:00,023 [DefaultQuartzScheduler_Worker-4] INFO  com.polarion.platform.jobs.info  - Job "Live Plan Chart Update" runs as user "polarion"
2017-06-27 05:00:00,025 [DefaultQuartzScheduler_Worker-4 | u:p] INFO  com.polarion.platform.jobs.info  - State of job "Live Plan Chart Update" changed to ACTIVATING
2017-06-27 05:00:00,028 [DefaultQuartzScheduler_Worker-4 | u:p] INFO  com.polarion.platform.jobs.info  - State of job "Live Plan Chart Update" changed to WAITING
2017-06-27 05:00:00,032 [Worker-3 | u:p] INFO  com.polarion.platform.jobs.info  - State of job "Live Plan Chart Update" changed to RUNNING
2017-06-27 05:00:00,121 [Worker-3 | u:p | job: update.plan] INFO  com.polarion.platform.jobs.info  - Job "Live Plan Chart Update - Index Refresh" has id e6bd8935-927abeae-315365ef-1f940cdd
2017-06-27 05:00:00,123 [Worker-3 | u:p | job: update.plan] INFO  com.polarion.platform.jobs.info  - State of job "Live Plan Chart Update - Index Refresh" changed to UNSCHEDULED
2017-06-27 05:00:00,126 [Worker-3 | u:p | job: update.plan] INFO  com.polarion.platform.jobs.info  - Working directory of root job "Live Plan Chart Update - Index Refresh" is C:\Polarion\data\workspace\polarion-data\jobs\20170627-0500_0
2017-06-27 05:00:00,128 [Worker-3 | u:p | job: update.plan] INFO  com.polarion.platform.jobs.info  - Job "Live Plan Chart Update - Index Refresh" runs as user "polarion"
2017-06-27 05:00:00,130 [Worker-3 | u:p | job: update.plan | u:p] INFO  com.polarion.platform.jobs.info  - State of job "Live Plan Chart Update - Index Refresh" changed to ACTIVATING
2017-06-27 05:00:00,133 [Worker-3 | u:p | job: update.plan | u:p] INFO  com.polarion.platform.jobs.info  - State of job "Live Plan Chart Update - Index Refresh" changed to WAITING
2017-06-27 05:00:00,136 [Worker-0 | u:p] INFO  com.polarion.platform.jobs.info  - State of job "Live Plan Chart Update - Index Refresh" changed to RUNNING
2017-06-27 05:00:00,790 [Worker-0 | u:p] INFO  com.polarion.platform.jobs.info  - State of job "Live Plan Chart Update - Index Refresh" changed to FINISHED
2017-06-27 05:00:00,792 [Worker-0 | u:p] INFO  com.polarion.platform.jobs.info  - Status of job "Live Plan Chart Update - Index Refresh" is OK
2017-06-27 05:00:00,816 [Worker-3 | u:p] INFO  com.polarion.platform.jobs.info  - State of job "Live Plan Chart Update" changed to FINISHED
2017-06-27 05:00:00,818 [Worker-3 | u:p] INFO  com.polarion.platform.jobs.info  - Status of job "Live Plan Chart Update" is OK
2017-06-27 06:00:00,024 [DefaultQuartzScheduler_Worker-4] INFO  com.polarion.platform.jobs.info  - Job "Live Plan Chart Update" has id e6f47752-927abeae-315365ef-f3432010
2017-06-27 06:00:00,026 [DefaultQuartzScheduler_Worker-4] INFO  com.polarion.platform.jobs.info  - State of job "Live Plan Chart Update" changed to UNSCHEDULED
2017-06-27 06:00:00,029 [DefaultQuartzScheduler_Worker-4] INFO  com.polarion.platform.jobs.info  - Working directory of root job "Live Plan Chart Update" is C:\Polarion\data\workspace\polarion-data\jobs\20170627-0600
2017-06-27 06:00:00,031 [DefaultQuartzScheduler_Worker-4] INFO  com.polarion.platform.jobs.info  - Job "Live Plan Chart Update" runs as user "polarion"
2017-06-27 06:00:00,033 [DefaultQuartzScheduler_Worker-4 | u:p] INFO  com.polarion.platform.jobs.info  - State of job "Live Plan Chart Update" changed to ACTIVATING
2017-06-27 06:00:00,036 [DefaultQuartzScheduler_Worker-4 | u:p] INFO  com.polarion.platform.jobs.info  - State of job "Live Plan Chart Update" changed to WAITING
2017-06-27 06:00:00,039 [Worker-0 | u:p] INFO  com.polarion.platform.jobs.info  - State of job "Live Plan Chart Update" changed to RUNNING
2017-06-27 06:00:00,045 [DefaultQuartzScheduler_Worker-6] INFO  com.polarion.platform.jobs.info  - Job "Cleanup of Temporary Files" has id e6f47769-927abeae-315365ef-53254e30
2017-06-27 06:00:00,047 [DefaultQuartzScheduler_Worker-6] INFO  com.polarion.platform.jobs.info  - State of job "Cleanup of Temporary Files" changed to UNSCHEDULED
2017-06-27 06:00:00,050 [DefaultQuartzScheduler_Worker-6] INFO  com.polarion.platform.jobs.info  - Working directory of root job "Cleanup of Temporary Files" is C:\Polarion\data\workspace\polarion-data\jobs\20170627-0600_0
2017-06-27 06:00:00,052 [DefaultQuartzScheduler_Worker-6] INFO  com.polarion.platform.jobs.info  - Job "Cleanup of Temporary Files" runs as user "polarion"
2017-06-27 06:00:00,055 [DefaultQuartzScheduler_Worker-6 | u:p] INFO  com.polarion.platform.jobs.info  - State of job "Cleanup of Temporary Files" changed to ACTIVATING
2017-06-27 06:00:00,069 [DefaultQuartzScheduler_Worker-6 | u:p] INFO  com.polarion.platform.jobs.info  - State of job "Cleanup of Temporary Files" changed to WAITING
2017-06-27 06:00:00,073 [Worker-3 | u:p] INFO  com.polarion.platform.jobs.info  - State of job "Cleanup of Temporary Files" changed to RUNNING
2017-06-27 06:00:00,124 [Worker-0 | u:p | job: update.plan] INFO  com.polarion.platform.jobs.info  - Job "Live Plan Chart Update - Index Refresh" has id e6f477b8-927abeae-315365ef-2de635dc
2017-06-27 06:00:00,126 [Worker-0 | u:p | job: update.plan] INFO  com.polarion.platform.jobs.info  - State of job "Live Plan Chart Update - Index Refresh" changed to UNSCHEDULED
2017-06-27 06:00:00,129 [Worker-0 | u:p | job: update.plan] INFO  com.polarion.platform.jobs.info  - Working directory of root job "Live Plan Chart Update - Index Refresh" is C:\Polarion\data\workspace\polarion-data\jobs\20170627-0600_1
2017-06-27 06:00:00,131 [Worker-0 | u:p | job: update.plan] INFO  com.polarion.platform.jobs.info  - Job "Live Plan Chart Update - Index Refresh" runs as user "polarion"
2017-06-27 06:00:00,133 [Worker-0 | u:p | job: update.plan | u:p] INFO  com.polarion.platform.jobs.info  - State of job "Live Plan Chart Update - Index Refresh" changed to ACTIVATING
2017-06-27 06:00:00,136 [Worker-0 | u:p | job: update.plan | u:p] INFO  com.polarion.platform.jobs.info  - State of job "Live Plan Chart Update - Index Refresh" changed to WAITING
2017-06-27 06:00:00,142 [Worker-6 | u:p] INFO  com.polarion.platform.jobs.info  - State of job "Live Plan Chart Update - Index Refresh" changed to RUNNING
2017-06-27 06:00:00,897 [Worker-6 | u:p] INFO  com.polarion.platform.jobs.info  - State of job "Live Plan Chart Update - Index Refresh" changed to FINISHED
2017-06-27 06:00:00,900 [Worker-6 | u:p] INFO  com.polarion.platform.jobs.info  - Status of job "Live Plan Chart Update - Index Refresh" is OK
2017-06-27 06:00:00,935 [Worker-0 | u:p] INFO  com.polarion.platform.jobs.info  - State of job "Live Plan Chart Update" changed to FINISHED
2017-06-27 06:00:00,938 [Worker-0 | u:p] INFO  com.polarion.platform.jobs.info  - Status of job "Live Plan Chart Update" is OK
2017-06-27 06:00:01,100 [Worker-3 | u:p] INFO  com.polarion.platform.jobs.info  - State of job "Cleanup of Temporary Files" changed to FINISHED
2017-06-27 06:00:01,103 [Worker-3 | u:p] INFO  com.polarion.platform.jobs.info  - Status of job "Cleanup of Temporary Files" is OK
2017-06-27 07:00:00,018 [DefaultQuartzScheduler_Worker-6] INFO  com.polarion.platform.jobs.info  - Job "Live Plan Chart Update" has id e72b65cc-927abeae-315365ef-f3941134
2017-06-27 07:00:00,020 [DefaultQuartzScheduler_Worker-6] INFO  com.polarion.platform.jobs.info  - State of job "Live Plan Chart Update" changed to UNSCHEDULED
2017-06-27 07:00:00,023 [DefaultQuartzScheduler_Worker-6] INFO  com.polarion.platform.jobs.info  - Working directory of root job "Live Plan Chart Update" is C:\Polarion\data\workspace\polarion-data\jobs\20170627-0700
2017-06-27 07:00:00,025 [DefaultQuartzScheduler_Worker-6] INFO  com.polarion.platform.jobs.info  - Job "Live Plan Chart Update" runs as user "polarion"
2017-06-27 07:00:00,027 [DefaultQuartzScheduler_Worker-6 | u:p] INFO  com.polarion.platform.jobs.info  - State of job "Live Plan Chart Update" changed to ACTIVATING
2017-06-27 07:00:00,031 [DefaultQuartzScheduler_Worker-6 | u:p] INFO  com.polarion.platform.jobs.info  - State of job "Live Plan Chart Update" changed to WAITING
2017-06-27 07:00:00,035 [Worker-0 | u:p] INFO  com.polarion.platform.jobs.info  - State of job "Live Plan Chart Update" changed to RUNNING
2017-06-27 07:00:00,107 [Worker-0 | u:p | job: update.plan] INFO  com.polarion.platform.jobs.info  - Job "Live Plan Chart Update - Index Refresh" has id e72b6628-927abeae-315365ef-a58467f4
2017-06-27 07:00:00,109 [Worker-0 | u:p | job: update.plan] INFO  com.polarion.platform.jobs.info  - State of job "Live Plan Chart Update - Index Refresh" changed to UNSCHEDULED
2017-06-27 07:00:00,112 [Worker-0 | u:p | job: update.plan] INFO  com.polarion.platform.jobs.info  - Working directory of root job "Live Plan Chart Update - Index Refresh" is C:\Polarion\data\workspace\polarion-data\jobs\20170627-0700_0
2017-06-27 07:00:00,114 [Worker-0 | u:p | job: update.plan] INFO  com.polarion.platform.jobs.info  - Job "Live Plan Chart Update - Index Refresh" runs as user "polarion"
2017-06-27 07:00:00,116 [Worker-0 | u:p | job: update.plan | u:p] INFO  com.polarion.platform.jobs.info  - State of job "Live Plan Chart Update - Index Refresh" changed to ACTIVATING
2017-06-27 07:00:00,119 [Worker-0 | u:p | job: update.plan | u:p] INFO  com.polarion.platform.jobs.info  - State of job "Live Plan Chart Update - Index Refresh" changed to WAITING
2017-06-27 07:00:00,122 [Worker-3 | u:p] INFO  com.polarion.platform.jobs.info  - State of job "Live Plan Chart Update - Index Refresh" changed to RUNNING
2017-06-27 07:00:01,649 [Worker-3 | u:p] INFO  com.polarion.platform.jobs.info  - State of job "Live Plan Chart Update - Index Refresh" changed to FINISHED
2017-06-27 07:00:01,651 [Worker-3 | u:p] INFO  com.polarion.platform.jobs.info  - Status of job "Live Plan Chart Update - Index Refresh" is OK
2017-06-27 07:00:01,676 [Worker-0 | u:p] INFO  com.polarion.platform.jobs.info  - State of job "Live Plan Chart Update" changed to FINISHED
2017-06-27 07:00:01,678 [Worker-0 | u:p] INFO  com.polarion.platform.jobs.info  - Status of job "Live Plan Chart Update" is OK
2017-06-27 08:00:00,025 [DefaultQuartzScheduler_Worker-6] INFO  com.polarion.platform.jobs.info  - Job "Live Plan Chart Update" has id e7625452-927abeae-315365ef-9de863fe
2017-06-27 08:00:00,026 [DefaultQuartzScheduler_Worker-6] INFO  com.polarion.platform.jobs.info  - State of job "Live Plan Chart Update" changed to UNSCHEDULED
2017-06-27 08:00:00,029 [DefaultQuartzScheduler_Worker-6] INFO  com.polarion.platform.jobs.info  - Working directory of root job "Live Plan Chart Update" is C:\Polarion\data\workspace\polarion-data\jobs\20170627-0800
2017-06-27 08:00:00,031 [DefaultQuartzScheduler_Worker-6] INFO  com.polarion.platform.jobs.info  - Job "Live Plan Chart Update" runs as user "polarion"
2017-06-27 08:00:00,033 [DefaultQuartzScheduler_Worker-6 | u:p] INFO  com.polarion.platform.jobs.info  - State of job "Live Plan Chart Update" changed to ACTIVATING
2017-06-27 08:00:00,036 [DefaultQuartzScheduler_Worker-6 | u:p] INFO  com.polarion.platform.jobs.info  - State of job "Live Plan Chart Update" changed to WAITING
2017-06-27 08:00:00,040 [Worker-3 | u:p] INFO  com.polarion.platform.jobs.info  - State of job "Live Plan Chart Update" changed to RUNNING
2017-06-27 08:00:00,260 [Worker-3 | u:p | job: update.plan] INFO  com.polarion.platform.jobs.info  - Job "Live Plan Chart Update - Index Refresh" has id e7625540-927abeae-315365ef-4011d033
2017-06-27 08:00:00,262 [Worker-3 | u:p | job: update.plan] INFO  com.polarion.platform.jobs.info  - State of job "Live Plan Chart Update - Index Refresh" changed to UNSCHEDULED
2017-06-27 08:00:00,264 [Worker-3 | u:p | job: update.plan] INFO  com.polarion.platform.jobs.info  - Working directory of root job "Live Plan Chart Update - Index Refresh" is C:\Polarion\data\workspace\polarion-data\jobs\20170627-0800_0
2017-06-27 08:00:00,266 [Worker-3 | u:p | job: update.plan] INFO  com.polarion.platform.jobs.info  - Job "Live Plan Chart Update - Index Refresh" runs as user "polarion"
2017-06-27 08:00:00,268 [Worker-3 | u:p | job: update.plan | u:p] INFO  com.polarion.platform.jobs.info  - State of job "Live Plan Chart Update - Index Refresh" changed to ACTIVATING
2017-06-27 08:00:00,271 [Worker-3 | u:p | job: update.plan | u:p] INFO  com.polarion.platform.jobs.info  - State of job "Live Plan Chart Update - Index Refresh" changed to WAITING
2017-06-27 08:00:00,275 [Worker-0 | u:p] INFO  com.polarion.platform.jobs.info  - State of job "Live Plan Chart Update - Index Refresh" changed to RUNNING
2017-06-27 08:00:00,929 [Worker-0 | u:p] INFO  com.polarion.platform.jobs.info  - State of job "Live Plan Chart Update - Index Refresh" changed to FINISHED
2017-06-27 08:00:00,932 [Worker-0 | u:p] INFO  com.polarion.platform.jobs.info  - Status of job "Live Plan Chart Update - Index Refresh" is OK
2017-06-27 08:00:00,956 [Worker-3 | u:p] INFO  com.polarion.platform.jobs.info  - State of job "Live Plan Chart Update" changed to FINISHED
2017-06-27 08:00:00,958 [Worker-3 | u:p] INFO  com.polarion.platform.jobs.info  - Status of job "Live Plan Chart Update" is OK
2017-06-27 09:00:00,022 [DefaultQuartzScheduler_Worker-9] INFO  com.polarion.platform.jobs.info  - Job "Live Plan Chart Update" has id e79942d0-927abeae-315365ef-af7543a1
2017-06-27 09:00:00,024 [DefaultQuartzScheduler_Worker-9] INFO  com.polarion.platform.jobs.info  - State of job "Live Plan Chart Update" changed to UNSCHEDULED
2017-06-27 09:00:00,027 [DefaultQuartzScheduler_Worker-9] INFO  com.polarion.platform.jobs.info  - Working directory of root job "Live Plan Chart Update" is C:\Polarion\data\workspace\polarion-data\jobs\20170627-0900
2017-06-27 09:00:00,029 [DefaultQuartzScheduler_Worker-9] INFO  com.polarion.platform.jobs.info  - Job "Live Plan Chart Update" runs as user "polarion"
2017-06-27 09:00:00,031 [DefaultQuartzScheduler_Worker-9 | u:p] INFO  com.polarion.platform.jobs.info  - State of job "Live Plan Chart Update" changed to ACTIVATING
2017-06-27 09:00:00,034 [DefaultQuartzScheduler_Worker-9 | u:p] INFO  com.polarion.platform.jobs.info  - State of job "Live Plan Chart Update" changed to WAITING
2017-06-27 09:00:00,038 [Worker-0 | u:p] INFO  com.polarion.platform.jobs.info  - State of job "Live Plan Chart Update" changed to RUNNING
2017-06-27 09:00:00,109 [Worker-0 | u:p | job: update.plan] INFO  com.polarion.platform.jobs.info  - Job "Live Plan Chart Update - Index Refresh" has id e7994329-927abeae-315365ef-fffe92ac
2017-06-27 09:00:00,111 [Worker-0 | u:p | job: update.plan] INFO  com.polarion.platform.jobs.info  - State of job "Live Plan Chart Update - Index Refresh" changed to UNSCHEDULED
2017-06-27 09:00:00,114 [Worker-0 | u:p | job: update.plan] INFO  com.polarion.platform.jobs.info  - Working directory of root job "Live Plan Chart Update - Index Refresh" is C:\Polarion\data\workspace\polarion-data\jobs\20170627-0900_0
2017-06-27 09:00:00,116 [Worker-0 | u:p | job: update.plan] INFO  com.polarion.platform.jobs.info  - Job "Live Plan Chart Update - Index Refresh" runs as user "polarion"
2017-06-27 09:00:00,118 [Worker-0 | u:p | job: update.plan | u:p] INFO  com.polarion.platform.jobs.info  - State of job "Live Plan Chart Update - Index Refresh" changed to ACTIVATING
2017-06-27 09:00:00,120 [Worker-0 | u:p | job: update.plan | u:p] INFO  com.polarion.platform.jobs.info  - State of job "Live Plan Chart Update - Index Refresh" changed to WAITING
2017-06-27 09:00:00,124 [Worker-3 | u:p] INFO  com.polarion.platform.jobs.info  - State of job "Live Plan Chart Update - Index Refresh" changed to RUNNING
2017-06-27 09:00:00,798 [Worker-3 | u:p] INFO  com.polarion.platform.jobs.info  - State of job "Live Plan Chart Update - Index Refresh" changed to FINISHED
2017-06-27 09:00:00,800 [Worker-3 | u:p] INFO  com.polarion.platform.jobs.info  - Status of job "Live Plan Chart Update - Index Refresh" is OK
2017-06-27 09:00:00,825 [Worker-0 | u:p] INFO  com.polarion.platform.jobs.info  - State of job "Live Plan Chart Update" changed to FINISHED
2017-06-27 09:00:00,827 [Worker-0 | u:p] INFO  com.polarion.platform.jobs.info  - Status of job "Live Plan Chart Update" is OK
2017-06-27 10:00:00,026 [DefaultQuartzScheduler_Worker-9] INFO  com.polarion.platform.jobs.info  - Job "Live Plan Chart Update" has id e7d03153-927abeae-315365ef-82ea4a7d
2017-06-27 10:00:00,028 [DefaultQuartzScheduler_Worker-9] INFO  com.polarion.platform.jobs.info  - State of job "Live Plan Chart Update" changed to UNSCHEDULED
2017-06-27 10:00:00,031 [DefaultQuartzScheduler_Worker-9] INFO  com.polarion.platform.jobs.info  - Working directory of root job "Live Plan Chart Update" is C:\Polarion\data\workspace\polarion-data\jobs\20170627-1000
2017-06-27 10:00:00,033 [DefaultQuartzScheduler_Worker-9] INFO  com.polarion.platform.jobs.info  - Job "Live Plan Chart Update" runs as user "polarion"
2017-06-27 10:00:00,035 [DefaultQuartzScheduler_Worker-9 | u:p] INFO  com.polarion.platform.jobs.info  - State of job "Live Plan Chart Update" changed to ACTIVATING
2017-06-27 10:00:00,038 [DefaultQuartzScheduler_Worker-9 | u:p] INFO  com.polarion.platform.jobs.info  - State of job "Live Plan Chart Update" changed to WAITING
2017-06-27 10:00:00,042 [Worker-3 | u:p] INFO  com.polarion.platform.jobs.info  - State of job "Live Plan Chart Update" changed to RUNNING
2017-06-27 10:00:00,110 [Worker-3 | u:p | job: update.plan] INFO  com.polarion.platform.jobs.info  - Job "Live Plan Chart Update - Index Refresh" has id e7d031a9-927abeae-315365ef-66f950b1
2017-06-27 10:00:00,111 [Worker-3 | u:p | job: update.plan] INFO  com.polarion.platform.jobs.info  - State of job "Live Plan Chart Update - Index Refresh" changed to UNSCHEDULED
2017-06-27 10:00:00,114 [Worker-3 | u:p | job: update.plan] INFO  com.polarion.platform.jobs.info  - Working directory of root job "Live Plan Chart Update - Index Refresh" is C:\Polarion\data\workspace\polarion-data\jobs\20170627-1000_0
2017-06-27 10:00:00,117 [Worker-3 | u:p | job: update.plan] INFO  com.polarion.platform.jobs.info  - Job "Live Plan Chart Update - Index Refresh" runs as user "polarion"
2017-06-27 10:00:00,120 [Worker-3 | u:p | job: update.plan | u:p] INFO  com.polarion.platform.jobs.info  - State of job "Live Plan Chart Update - Index Refresh" changed to ACTIVATING
2017-06-27 10:00:00,124 [Worker-3 | u:p | job: update.plan | u:p] INFO  com.polarion.platform.jobs.info  - State of job "Live Plan Chart Update - Index Refresh" changed to WAITING
2017-06-27 10:00:00,159 [Worker-0 | u:p] INFO  com.polarion.platform.jobs.info  - State of job "Live Plan Chart Update - Index Refresh" changed to RUNNING
2017-06-27 10:00:00,929 [Worker-0 | u:p] INFO  com.polarion.platform.jobs.info  - State of job "Live Plan Chart Update - Index Refresh" changed to FINISHED
2017-06-27 10:00:00,931 [Worker-0 | u:p] INFO  com.polarion.platform.jobs.info  - Status of job "Live Plan Chart Update - Index Refresh" is OK
2017-06-27 10:00:00,956 [Worker-3 | u:p] INFO  com.polarion.platform.jobs.info  - State of job "Live Plan Chart Update" changed to FINISHED
2017-06-27 10:00:00,958 [Worker-3 | u:p] INFO  com.polarion.platform.jobs.info  - Status of job "Live Plan Chart Update" is OK
2017-06-27 11:00:00,020 [DefaultQuartzScheduler_Worker-1] INFO  com.polarion.platform.jobs.info  - Job "Live Plan Chart Update" has id e8071fce-927abeae-315365ef-60b3e6b2
2017-06-27 11:00:00,022 [DefaultQuartzScheduler_Worker-1] INFO  com.polarion.platform.jobs.info  - State of job "Live Plan Chart Update" changed to UNSCHEDULED
2017-06-27 11:00:00,025 [DefaultQuartzScheduler_Worker-1] INFO  com.polarion.platform.jobs.info  - Working directory of root job "Live Plan Chart Update" is C:\Polarion\data\workspace\polarion-data\jobs\20170627-1100
2017-06-27 11:00:00,026 [DefaultQuartzScheduler_Worker-1] INFO  com.polarion.platform.jobs.info  - Job "Live Plan Chart Update" runs as user "polarion"
2017-06-27 11:00:00,029 [DefaultQuartzScheduler_Worker-1 | u:p] INFO  com.polarion.platform.jobs.info  - State of job "Live Plan Chart Update" changed to ACTIVATING
2017-06-27 11:00:00,032 [DefaultQuartzScheduler_Worker-1 | u:p] INFO  com.polarion.platform.jobs.info  - State of job "Live Plan Chart Update" changed to WAITING
2017-06-27 11:00:00,035 [Worker-0 | u:p] INFO  com.polarion.platform.jobs.info  - State of job "Live Plan Chart Update" changed to RUNNING
2017-06-27 11:00:00,110 [Worker-0 | u:p | job: update.plan] INFO  com.polarion.platform.jobs.info  - Job "Live Plan Chart Update - Index Refresh" has id e807202a-927abeae-315365ef-cbdf5768
2017-06-27 11:00:00,112 [Worker-0 | u:p | job: update.plan] INFO  com.polarion.platform.jobs.info  - State of job "Live Plan Chart Update - Index Refresh" changed to UNSCHEDULED
2017-06-27 11:00:00,115 [Worker-0 | u:p | job: update.plan] INFO  com.polarion.platform.jobs.info  - Working directory of root job "Live Plan Chart Update - Index Refresh" is C:\Polarion\data\workspace\polarion-data\jobs\20170627-1100_0
2017-06-27 11:00:00,117 [Worker-0 | u:p | job: update.plan] INFO  com.polarion.platform.jobs.info  - Job "Live Plan Chart Update - Index Refresh" runs as user "polarion"
2017-06-27 11:00:00,119 [Worker-0 | u:p | job: update.plan | u:p] INFO  com.polarion.platform.jobs.info  - State of job "Live Plan Chart Update - Index Refresh" changed to ACTIVATING
2017-06-27 11:00:00,122 [Worker-0 | u:p | job: update.plan | u:p] INFO  com.polarion.platform.jobs.info  - State of job "Live Plan Chart Update - Index Refresh" changed to WAITING
2017-06-27 11:00:00,126 [Worker-3 | u:p] INFO  com.polarion.platform.jobs.info  - State of job "Live Plan Chart Update - Index Refresh" changed to RUNNING
2017-06-27 11:00:00,916 [Worker-3 | u:p] INFO  com.polarion.platform.jobs.info  - State of job "Live Plan Chart Update - Index Refresh" changed to FINISHED
2017-06-27 11:00:00,918 [Worker-3 | u:p] INFO  com.polarion.platform.jobs.info  - Status of job "Live Plan Chart Update - Index Refresh" is OK
2017-06-27 11:00:00,942 [Worker-0 | u:p] INFO  com.polarion.platform.jobs.info  - State of job "Live Plan Chart Update" changed to FINISHED
2017-06-27 11:00:00,944 [Worker-0 | u:p] INFO  com.polarion.platform.jobs.info  - Status of job "Live Plan Chart Update" is OK
