2017-06-23 14:07:08,288 [main | u:p] INFO  TXLOGGER  - Summary for 'Platform startup': transactions: 0, DB: 0.053 s [57% query (13x), 42% update (126x)] (206x), svn: 0.0271 s [87% checkPath (1x)] (3x)
2017-06-23 14:07:08,510 [main | u:p] INFO  TXLOGGER  - Summary for 'Context recognition': transactions: 0, svn: 0.0823 s [40% getDir2 content (2x), 32% info (3x), 28% getFile content (1x)] (6x)
2017-06-23 14:07:09,826 [LowLevelDataService-contextInitializer-1 | u:p] INFO  TXLOGGER  - Summary: Total: 1.31 s, transactions: 0
2017-06-23 14:07:09,826 [LowLevelDataService-contextInitializer-4 | u:p] INFO  TXLOGGER  - Summary: Total: 1.31 s, transactions: 0, svn: 0.138 s [97% log2 (10x)] (12x)
2017-06-23 14:07:09,826 [LowLevelDataService-contextInitializer-3 | u:p] INFO  TXLOGGER  - Summary: Total: 1.31 s, transactions: 0, ObjectMaps: 0.289 s [100% getAllPrimaryObjects (1x)] (7x), svn: 0.131 s [36% log (1x), 26% log2 (5x), 22% info (4x)] (15x)
2017-06-23 14:07:09,826 [LowLevelDataService-contextInitializer-5 | u:p] INFO  TXLOGGER  - Summary: Total: 1.31 s, transactions: 0, svn: 0.0747 s [93% log2 (5x)] (6x)
2017-06-23 14:07:09,826 [LowLevelDataService-contextInitializer-2 | u:p] INFO  TXLOGGER  - Summary: Total: 1.31 s, transactions: 0, svn: 0.152 s [98% log2 (6x)] (8x)
2017-06-23 14:07:09,827 [main | u:p] INFO  TXLOGGER  - Summary for 'Context initialization': transactions: 0, svn: 0.558 s [79% log2 (31x), 8% log (1x)] (47x), ObjectMaps: 0.419 s [100% getAllPrimaryObjects (7x)] (55x)
2017-06-23 14:07:10,125 [main | u:p] INFO  TXLOGGER  - Summary for 'Revisions processing': transactions: 14, RepositoryConfigService: 0.197 s [100% getReadConfiguration (42x)] (42x), svn: 0.11 s [90% info (15x)] (32x)
2017-06-23 14:07:10,840 [main | u:p] INFO  TXLOGGER  - Summary for 'Build artifacts recognition': transactions: 40, svn: 0.561 s [86% info (78x)] (131x), RepositoryConfigService: 0.454 s [100% getReadConfiguration (80x)] (80x)
2017-06-23 14:07:11,479 [main | u:p] INFO  TXLOGGER  - Summary for 'Data indexing': transactions: 0, Lucene: 0.254 s [100% refresh (2x)] (2x), DB: 0.0434 s [69% update (38x), 14% execute (12x)] (103x), SubterraURITable: 0.0296 s [100% addIfNotExistsDB (17x)] (17x)
2017-06-23 14:07:46,392 [main] INFO  TXLOGGER  - Summary for 'Polarion startup': transactions: 1, svn: 0.295 s [80% info (47x)] (66x), RepositoryConfigService: 0.0257 s [100% getReadConfiguration (2x)] (2x)
2017-06-23 14:07:46,602 [Worker-0 | u:p | job: polarion.jobs.attachment.indexer] INFO  TXLOGGER  - Summary after AttachmentIndexer: transactions: 0, Lucene: 0.115 s [100% add (2x)] (2x), resolve: 0.0367 s [100% User (2x)] (2x), ObjectMaps: 0.0108 s [100% getPrimaryObjectLocation (2x)] (2x)
2017-06-23 14:07:46,882 [Persistence Events Processing Thread | u:p] INFO  TXLOGGER  - Tx 573506666043e_0_573506666043e_0_: finished. Total: 0.384 s, Lucene: 0.122 s [74% search (1x), 26% add (1x)] (2x), resolve: 0.0862 s [53% User (2x), 46% Project (1x)] (5x), svn: 0.0328 s [68% getFile content (2x), 20% info (1x)] (7x)
2017-06-23 14:07:46,883 [Persistence Events Processing Thread | u:p] INFO  TXLOGGER  - Summary: Total: 0.485 s, transactions: 6, persistence listener: 0.485 s [80% RevisionActivityCreator (2x), 20% notificationsCreatingListener (1x)] (7x), Lucene: 0.122 s [74% search (1x), 26% add (1x)] (2x), resolve: 0.0882 s [52% User (2x), 45% Project (1x)] (7x), svn: 0.0328 s [68% getFile content (2x), 20% info (1x)] (7x)
2017-06-23 14:07:47,199 [PreLoadDataService | u:p] INFO  TXLOGGER  - Tx 5735066648838_0_5735066648838_0_: finished. Total: 0.796 s, svn: 0.494 s [58% getDir2 content (25x), 41% getFile content (15x)] (43x), resolve: 0.435 s [57% Category (8x), 43% TimePoint (5x)] (13x), ObjectMaps: 0.0985 s [34% getPrimaryObjectProperty (13x), 34% getLastPromoted (13x), 32% getPrimaryObjectLocation (13x)] (54x)
2017-06-23 14:07:47,610 [PreLoadDataService | u:p] INFO  TXLOGGER  - Tx 573506673646a_0_573506673646a_0_: finished. Total: 0.256 s, svn: 0.168 s [59% getFile content (13x), 41% info (10x)] (24x), RepositoryConfigService: 0.133 s [78% getReadConfiguration (72x), 22% getReadUserConfiguration (2x)] (74x), resolve: 0.0895 s [100% User (8x)] (8x), ObjectMaps: 0.0202 s [43% getPrimaryObjectLocation (7x), 30% getPrimaryObjectProperty (7x), 27% getLastPromoted (7x)] (28x)
2017-06-23 14:07:47,759 [PreLoadDataService | u:p] INFO  TXLOGGER  - Tx 573506677686b_0_573506677686b_0_: finished. Total: 0.149 s, RepositoryConfigService: 0.123 s [98% getReadConfiguration (55x)] (78x), svn: 0.102 s [100% getFile content (13x)] (14x)
2017-06-23 14:07:48,588 [DBHistoryCreator-2 | u:p] INFO  TXLOGGER  - Summary: Total: 1.92 s, transactions: 0
2017-06-23 14:07:48,588 [DBHistoryCreator-1 | u:p] INFO  TXLOGGER  - Summary: Total: 1.92 s, transactions: 0
2017-06-23 14:07:48,588 [Worker-1 | u:p | job: polarion.jobs.db.history] INFO  TXLOGGER  - Summary after DBHistoryCreator: transactions: 48, persistence listener: 0.488 s [80% RevisionActivityCreator (16x), 20% notificationsCreatingListener (8x)] (56x), Lucene: 0.166 s [54% search (1x), 46% add (2x)] (3x), resolve: 0.0884 s [52% User (3x), 45% Project (1x)] (8x), svn: 0.0343 s [65% getFile content (2x), 19% info (1x)] (8x)
2017-06-23 14:07:48,588 [Worker-1 | u:p] INFO  TXLOGGER  - Summary for 'job: polarion.jobs.db.history': Total: 1.99 s, transactions: 0, DB: 1.55 s [63% query (4126x), 23% update (4101x)] (20639x), SubterraURITable: 1.27 s [100% getDB (4100x)] (4100x)
2017-06-23 14:07:48,657 [PreLoadDataService | u:p] INFO  TXLOGGER  - Tx 573506679bc6c_0_573506679bc6c_0_: finished. Total: 0.897 s, svn: 0.811 s [68% getFile content (47x), 32% getDir2 content (17x)] (65x), RepositoryConfigService: 0.622 s [100% getReadConfiguration (164x)] (180x)
2017-06-23 14:07:49,000 [PreLoadDataService | u:p] INFO  TXLOGGER  - Tx 573506687c46d_0_573506687c46d_0_: finished. Total: 0.343 s, RepositoryConfigService: 0.292 s [99% getReadConfiguration (295x)] (370x), svn: 0.276 s [86% getFile content (35x)] (42x)
2017-06-23 14:07:49,394 [PreLoadDataService | u:p] INFO  TXLOGGER  - Tx 57350668d206e_0_57350668d206e_0_: finished. Total: 0.394 s, svn: 0.361 s [57% getFile content (21x), 43% getDir2 content (17x)] (39x), RepositoryConfigService: 0.234 s [100% getReadConfiguration (88x)] (110x)
2017-06-23 14:07:49,502 [PreLoadDataService | u:p] INFO  TXLOGGER  - Tx 573506693486f_0_573506693486f_0_: finished. Total: 0.107 s, svn: 0.0983 s [58% getDir2 content (11x), 42% getFile content (8x)] (20x), RepositoryConfigService: 0.0476 s [99% getReadConfiguration (38x)] (54x)
2017-06-23 14:07:49,769 [PreLoadDataService | u:p] INFO  TXLOGGER  - Tx 573506694f870_0_573506694f870_0_: finished. Total: 0.267 s, svn: 0.235 s [60% getFile content (24x), 40% getDir2 content (12x)] (37x), RepositoryConfigService: 0.169 s [100% getReadConfiguration (87x)] (109x)
2017-06-23 14:07:49,769 [PreLoadDataService] INFO  TXLOGGER  - Summary for 'PreloadDataService': Total: 3.37 s, transactions: 9, svn: 2.61 s [62% getFile content (180x), 35% getDir2 content (90x)] (298x), RepositoryConfigService: 1.65 s [98% getReadConfiguration (801x)] (977x), resolve: 0.608 s [40% Category (8x), 31% TimePoint (5x), 15% User (8x)] (26x)
2017-06-23 14:07:49,770 [PreLoadDataService] INFO  TXLOGGER  - Summary after preload: transactions: 9, svn: 2.61 s [62% getFile content (180x), 35% getDir2 content (90x)] (298x), RepositoryConfigService: 1.65 s [98% getReadConfiguration (801x)] (977x), DB: 1.55 s [63% query (4126x), 23% update (4101x)] (20639x), SubterraURITable: 1.27 s [100% getDB (4100x)] (4100x), resolve: 0.609 s [40% Category (8x), 31% TimePoint (5x), 15% User (9x)] (27x), ObjectMaps: 0.139 s [36% getPrimaryObjectLocation (24x), 34% getPrimaryObjectProperty (24x), 30% getLastPromoted (24x)] (98x)
2017-06-23 14:08:07,172 [ajp-nio-8889-exec-7 | u:admin] INFO  TXLOGGER  - Summary for 'WorkflowDataService.loadWorkflowDataByContext': Total: 0.115 s, transactions: 1, svn: 0.0178 s [88% info (2x)] (5x)
2017-06-23 14:08:16,344 [ajp-nio-8889-exec-7 | u:admin] INFO  TXLOGGER  - Summary for 'PortalDataService.requestPortalSite': Total: 0.206 s, transactions: 10, RepositoryConfigService: 0.0811 s [84% getReadConfiguration (18x)] (36x), svn: 0.0766 s [49% info (6x), 35% getFile content (4x)] (22x)
2017-06-23 14:08:18,170 [ajp-nio-8889-exec-1 | u:admin | uri:/polarion/wiki/bin/view/project/elibrary/page/Home | wiki: view http://localhost/polarion/wiki/bin/view/project/elibrary/page/Home] INFO  TXLOGGER  - Tx 5735068505081_0_5735068505081_0_: finished. Total: 0.295 s, resolve: 0.184 s [88% WikiPage (8x)] (14x), svn: 0.156 s [73% info (16x), 14% getDir2 content (3x)] (24x), permissions: 0.0239 s [100% readInstance (14x)] (14x)
2017-06-23 14:08:18,248 [ajp-nio-8889-exec-1] INFO  TXLOGGER  - Summary for 'servlet /polarion/wiki/bin/view/project/elibrary/page/Home': Total: 1.79 s, transactions: 5, Velocity: 1.44 s [100% evaluate in Wiki (1x)] (1x), svn: 0.908 s [72% info (104x), 12% getFile content (17x)] (143x), resolve: 0.228 s [90% WikiPage (25x)] (35x)
2017-06-23 14:08:19,629 [ajp-nio-8889-exec-10 | u:admin] INFO  TXLOGGER  - Tx 5735068668c88_0_5735068668c88_0_: finished. Total: 0.329 s, svn: 0.107 s [63% getFile content (7x), 25% info (3x)] (13x), RepositoryConfigService: 0.0796 s [82% getReadConfiguration (161x)] (187x), resolve: 0.0593 s [99% WorkItem (2x)] (8x), Lucene: 0.0239 s [100% search (5x)] (5x)
2017-06-23 14:08:19,724 [ajp-nio-8889-exec-10 | u:admin] INFO  TXLOGGER  - Summary for 'WorkItemDataService.loadWorkitem': Total: 0.424 s, transactions: 1, svn: 0.107 s [63% getFile content (7x), 25% info (3x)] (13x), RepositoryConfigService: 0.0796 s [82% getReadConfiguration (161x)] (187x), resolve: 0.0593 s [99% WorkItem (2x)] (8x), Lucene: 0.0239 s [100% search (5x)] (5x)
2017-06-23 14:08:20,605 [ajp-nio-8889-exec-7 | u:admin] INFO  TXLOGGER  - Tx 5735068668487_0_5735068668487_0_: finished. Total: 1.31 s, resolve: 1.15 s [74% WorkItem (14x), 19% Module (16x)] (37x), svn: 0.993 s [48% info (50x), 25% getFile content (24x), 25% getDir2 content (24x)] (105x)
2017-06-23 14:08:20,634 [ajp-nio-8889-exec-7 | u:admin] INFO  TXLOGGER  - Summary for 'WorkItemDataService.loadInstances': Total: 1.34 s, transactions: 1, resolve: 1.15 s [74% WorkItem (14x), 19% Module (16x)] (37x), svn: 0.993 s [48% info (50x), 25% getFile content (24x), 25% getDir2 content (24x)] (105x)
2017-06-23 14:08:20,907 [ajp-nio-8889-exec-1 | u:admin] INFO  TXLOGGER  - Tx 57350687ab889_0_57350687ab889_0_: finished. Total: 0.316 s, RepositoryConfigService: 0.14 s [90% getReadConfiguration (158x)] (181x), svn: 0.114 s [65% getFile content (9x), 34% info (5x)] (16x), resolve: 0.0496 s [97% Plan (7x)] (25x), ObjectEnum Plan: 0.0479 s [100% available (2x)] (2x), ObjectMaps: 0.0168 s [77% getPrimaryObjectLocations (14x), 10% getPrimaryObjectLocation (3x)] (26x)
2017-06-23 14:08:20,962 [ajp-nio-8889-exec-1 | u:admin] INFO  TXLOGGER  - Summary for 'WorkItemDataService.loadWorkitem': Total: 0.372 s, transactions: 1, RepositoryConfigService: 0.14 s [90% getReadConfiguration (158x)] (181x), svn: 0.114 s [65% getFile content (9x), 34% info (5x)] (16x), resolve: 0.0496 s [97% Plan (7x)] (25x), ObjectEnum Plan: 0.0479 s [100% available (2x)] (2x)
2017-06-23 14:08:25,728 [ajp-nio-8889-exec-6 | u:admin] INFO  TXLOGGER  - Tx 5735068b9ec8a_0_5735068b9ec8a_0_: finished. Total: 1.09 s, svn: 0.725 s [93% endActivity (1x)] (9x), Lucene: 0.162 s [88% refresh (1x)] (2x), workflow: 0.112 s [100% WorkItemDataXml (1x)] (1x), processed revs: [151, 151 (delay 0s)], write: true
2017-06-23 14:08:25,829 [ajp-nio-8889-exec-6 | u:admin] INFO  TXLOGGER  - Summary for 'WorkItemDataService.saveWorkItem': Total: 1.2 s, transactions: 2, svn: 0.725 s [93% endActivity (1x)] (9x), Lucene: 0.172 s [83% refresh (1x)] (3x), workflow: 0.112 s [100% WorkItemDataXml (1x)] (1x)
2017-06-23 14:08:26,085 [Persistence Events Processing Thread | u:p] INFO  TXLOGGER  - Tx 5735068cb008b_0_5735068cb008b_0_: finished. Total: 0.357 s, resolve: 0.231 s [75% WorkItem (8x), 25% User (11x)] (19x), svn: 0.181 s [53% getFile content (8x), 26% getDir2 content (2x), 21% info (2x)] (13x), ObjectMaps: 0.0386 s [39% getPrimaryObjectProperty (7x), 32% getPrimaryObjectLocation (7x), 28% getLastPromoted (7x)] (28x)
2017-06-23 14:08:26,191 [Persistence Events Processing Thread | u:p] INFO  TXLOGGER  - Tx 5735068d0948e_0_5735068d0948e_0_: finished. Total: 0.105 s, resolve: 0.0481 s [100% WorkItem (3x)] (5x), svn: 0.0443 s [42% getDir2 content (1x), 28% getFile content (1x), 26% info (1x)] (5x), Lucene: 0.0218 s [100% add (1x)] (1x)
2017-06-23 14:08:26,191 [Persistence Events Processing Thread | u:p] INFO  TXLOGGER  - Summary: Total: 0.463 s, transactions: 6, persistence listener: 0.463 s [77% notificationsCreatingListener (1x), 23% WorkItemActivityCreator (1x)] (7x), resolve: 0.279 s [80% WorkItem (11x), 20% User (12x)] (24x), svn: 0.226 s [48% getFile content (9x), 29% getDir2 content (3x), 22% info (3x)] (18x), ObjectMaps: 0.0419 s [38% getPrimaryObjectProperty (8x), 35% getPrimaryObjectLocation (8x), 28% getLastPromoted (8x)] (32x)
