2017-06-22 14:49:00,038 [main] INFO  com.polarion.platform.startup  - ****************************************************************
2017-06-22 14:49:00,038 [main] INFO  com.polarion.platform.startup  -                 Polarion starting, please wait!                 
2017-06-22 14:49:00,038 [main] INFO  com.polarion.platform.startup  - ****************************************************************
2017-06-22 14:49:00,038 [main] INFO  com.polarion.platform.startup  - Server start mode: normal
2017-06-22 14:49:00,039 [main] INFO  com.polarion.platform.startup  - ------------------------------
2017-06-22 14:49:00,039 [main] INFO  com.polarion.platform.startup  - Platform startup (Phase: 1/9)
2017-06-22 14:49:04,598 [main] INFO  com.polarion.platform.startup  - Opening historical database...
2017-06-22 14:49:04,762 [main] INFO  com.polarion.platform.startup  - Opening of historical database finished [ TIME 0.165 s. ]
2017-06-22 14:49:04,762 [main] INFO  com.polarion.platform.startup  - Opening head database...
2017-06-22 14:49:04,835 [main] INFO  com.polarion.platform.startup  - Opening of head database finished [ TIME 0.0727 s. ]
2017-06-22 14:49:05,055 [main | u:p] INFO  com.polarion.platform.startup  -  -- Polarion startup estimation:  [ TIME 46 s. ]
2017-06-22 14:49:05,186 [main | u:p] INFO  com.polarion.platform.startup  - Platform startup ... took  [ TIME 5.16 s. ]
2017-06-22 14:49:05,344 [main | u:p] INFO  com.polarion.platform.startup  - ------------------------------
2017-06-22 14:49:05,344 [main | u:p] INFO  com.polarion.platform.startup  - Context recognition (Phase: 2/9)
2017-06-22 14:49:05,400 [main | u:p] INFO  com.polarion.platform.startup  - Context recognition ... took  [ TIME 0.21 s. ]
2017-06-22 14:49:05,401 [main | u:p] INFO  com.polarion.platform.startup  - ------------------------------
2017-06-22 14:49:05,401 [main | u:p] INFO  com.polarion.platform.startup  - Context initialization (Phase: 3/9)
2017-06-22 14:49:05,404 [LowLevelDataService-contextInitializer-1 | u:p | context: [GLOBAL]] INFO  com.polarion.platform.startup  -  -- Initializing context: [GLOBAL] (4/8)
2017-06-22 14:49:05,404 [LowLevelDataService-contextInitializer-2 | u:p | cluster: default] INFO  com.polarion.platform.startup  -  -- Initializing cluster: default (1/8)
2017-06-22 14:49:05,405 [LowLevelDataService-contextInitializer-4 | u:p | context: --Demo Projects] INFO  com.polarion.platform.startup  -  -- Initializing context: --Demo Projects (3/8)
2017-06-22 14:49:05,404 [LowLevelDataService-contextInitializer-3 | u:p | context: MyPolarion] INFO  com.polarion.platform.startup  -  -- Initializing context: MyPolarion (5/8)
2017-06-22 14:49:05,404 [LowLevelDataService-contextInitializer-5 | u:p | context: library] INFO  com.polarion.platform.startup  -  -- Initializing context: library (2/8)
2017-06-22 14:49:05,409 [LowLevelDataService-contextInitializer-1 | u:p | context: CAPA] INFO  com.polarion.platform.startup  -  -- Initializing context: CAPA (6/8)
2017-06-22 14:49:05,517 [LowLevelDataService-contextInitializer-2 | u:p | context: elibrary] INFO  com.polarion.platform.startup  -  -- Initializing context: elibrary (7/8)
2017-06-22 14:49:05,633 [LowLevelDataService-contextInitializer-4 | u:p | context: drivepilot] INFO  com.polarion.platform.startup  -  -- Initializing context: drivepilot (8/8)
2017-06-22 14:49:06,708 [main | u:p] INFO  com.polarion.platform.startup  - Context initialization ... took  [ TIME 1.31 s. ]
2017-06-22 14:49:06,716 [main | u:p] INFO  com.polarion.platform.startup  - ------------------------------
2017-06-22 14:49:06,716 [main | u:p] INFO  com.polarion.platform.startup  - Revisions processing (Phase: 4/9)
2017-06-22 14:49:06,994 [main | u:p] INFO  com.polarion.platform.startup  -  -- Processing new revisions from repository default in context ContextId[context [global]]
2017-06-22 14:49:07,003 [main | u:p] INFO  com.polarion.platform.startup  - Revisions processing ... took  [ TIME 0.3 s. ]
2017-06-22 14:49:07,056 [main | u:p] INFO  com.polarion.platform.startup  - ------------------------------
2017-06-22 14:49:07,056 [main | u:p] INFO  com.polarion.platform.startup  - Build artifacts recognition (Phase: 5/9)
2017-06-22 14:49:07,063 [main | u:p] INFO  com.polarion.platform.startup  -  -- Processing build artifacts from context: [GLOBAL] (1/8)
2017-06-22 14:49:07,204 [main | u:p] INFO  com.polarion.platform.startup  -  -- Processing build artifacts from cluster: default (2/8)
2017-06-22 14:49:07,271 [main | u:p] INFO  com.polarion.platform.startup  -  -- Processing build artifacts from context: MyPolarion (3/8)
2017-06-22 14:49:07,324 [main | u:p] INFO  com.polarion.platform.startup  -  -- Processing build artifacts from context: --Demo Projects (4/8)
2017-06-22 14:49:07,378 [main | u:p] INFO  com.polarion.platform.startup  -  -- Processing build artifacts from context: library (5/8)
2017-06-22 14:49:07,439 [main | u:p] INFO  com.polarion.platform.startup  -  -- Processing build artifacts from context: CAPA (6/8)
2017-06-22 14:49:07,574 [main | u:p] INFO  com.polarion.platform.startup  -  -- Processing build artifacts from context: elibrary (7/8)
2017-06-22 14:49:07,720 [main | u:p] INFO  com.polarion.platform.startup  -  -- Processing build artifacts from context: drivepilot (8/8)
2017-06-22 14:49:07,720 [main | u:p] INFO  com.polarion.platform.startup  - Build artifacts recognition ... took  [ TIME 0.72 s. ]
2017-06-22 14:49:07,721 [main | u:p] INFO  com.polarion.platform.startup  - ------------------------------
2017-06-22 14:49:07,721 [main | u:p] INFO  com.polarion.platform.startup  - BIR inspection (Phase: 6/9)
2017-06-22 14:49:07,761 [main | u:p] INFO  com.polarion.platform.startup  - BIR inspection ... took  [ TIME 0.04 s. ]
2017-06-22 14:49:07,795 [main | u:p] INFO  com.polarion.platform.startup  - ------------------------------
2017-06-22 14:49:07,795 [main | u:p] INFO  com.polarion.platform.startup  - Data indexing (Phase: 7/9)
2017-06-22 14:49:07,981 [main | u:p] INFO  com.polarion.platform.startup  -  -- Refreshing 9 objects in index: BuildArtifact
2017-06-22 14:49:07,997 [main | u:p] INFO  com.polarion.platform.startup  -  -- -- 9 from 9 objects were refreshed (100%)
2017-06-22 14:49:08,274 [main | u:p] INFO  com.polarion.platform.startup  -  -- Refreshing 1 objects in index: Revision
2017-06-22 14:49:08,275 [main | u:p] INFO  com.polarion.platform.startup  -  -- -- 1 from 1 objects were refreshed (100%)
2017-06-22 14:49:08,340 [main | u:p] INFO  com.polarion.platform.startup  - Data indexing ... took  [ TIME 0.58 s. ]
2017-06-22 14:49:08,341 [main | u:p] INFO  com.polarion.platform.startup  - ------------------------------
2017-06-22 14:49:08,341 [main | u:p] INFO  com.polarion.platform.startup  - Fields recalculation (Phase: 8/9)
2017-06-22 14:49:08,363 [main | u:p] INFO  com.polarion.platform.startup  - Fields recalculation ... took  [ TIME 0.02 s. ]
2017-06-22 14:49:08,363 [main | u:p] INFO  com.polarion.platform.startup  - ------------------------------
2017-06-22 14:49:08,363 [main | u:p] INFO  com.polarion.platform.startup  - Polarion startup (Phase: 9/9)
2017-06-22 14:49:44,659 [main] INFO  com.polarion.platform.startup  - Polarion startup ... took  [ TIME 36.3 s. ]
2017-06-22 14:49:44,659 [main] INFO  com.polarion.platform.startup  - ****************************************************************
2017-06-22 14:49:44,659 [main] INFO  com.polarion.platform.startup  -                  Polarion started:  [ TIME 44.6 s. ]
2017-06-22 14:49:44,659 [main] INFO  com.polarion.platform.startup  - ****************************************************************
