2017-06-22 10:45:15,814 [main] INFO  com.polarion.platform.startup  - ****************************************************************
2017-06-22 10:45:15,814 [main] INFO  com.polarion.platform.startup  -                 Polarion starting, please wait!                 
2017-06-22 10:45:15,814 [main] INFO  com.polarion.platform.startup  - ****************************************************************
2017-06-22 10:45:15,814 [main] INFO  com.polarion.platform.startup  - Server start mode: normal
2017-06-22 10:45:15,814 [main] INFO  com.polarion.platform.startup  - ------------------------------
2017-06-22 10:45:15,815 [main] INFO  com.polarion.platform.startup  - Platform startup (Phase: 1/9)
2017-06-22 10:45:20,300 [main] INFO  com.polarion.platform.startup  - Opening historical database...
2017-06-22 10:45:20,470 [main] INFO  com.polarion.platform.startup  - Opening of historical database finished [ TIME 0.17 s. ]
2017-06-22 10:45:20,470 [main] INFO  com.polarion.platform.startup  - Opening head database...
2017-06-22 10:45:20,535 [main] INFO  com.polarion.platform.startup  - Opening of head database finished [ TIME 0.0649 s. ]
2017-06-22 10:45:20,759 [main | u:p] INFO  com.polarion.platform.startup  -  -- Polarion startup estimation:  [ TIME 49 s. ]
2017-06-22 10:45:20,892 [main | u:p] INFO  com.polarion.platform.startup  - Platform startup ... took  [ TIME 5.09 s. ]
2017-06-22 10:45:21,042 [main | u:p] INFO  com.polarion.platform.startup  - ------------------------------
2017-06-22 10:45:21,042 [main | u:p] INFO  com.polarion.platform.startup  - Context recognition (Phase: 2/9)
2017-06-22 10:45:21,075 [main | u:p] INFO  com.polarion.platform.startup  - Context recognition ... took  [ TIME 0.18 s. ]
2017-06-22 10:45:21,076 [main | u:p] INFO  com.polarion.platform.startup  - ------------------------------
2017-06-22 10:45:21,076 [main | u:p] INFO  com.polarion.platform.startup  - Context initialization (Phase: 3/9)
2017-06-22 10:45:21,079 [LowLevelDataService-contextInitializer-2 | u:p | cluster: default] INFO  com.polarion.platform.startup  -  -- Initializing cluster: default (5/8)
2017-06-22 10:45:21,079 [LowLevelDataService-contextInitializer-5 | u:p | context: library] INFO  com.polarion.platform.startup  -  -- Initializing context: library (4/8)
2017-06-22 10:45:21,079 [LowLevelDataService-contextInitializer-1 | u:p | context: [GLOBAL]] INFO  com.polarion.platform.startup  -  -- Initializing context: [GLOBAL] (1/8)
2017-06-22 10:45:21,079 [LowLevelDataService-contextInitializer-4 | u:p | context: --Demo Projects] INFO  com.polarion.platform.startup  -  -- Initializing context: --Demo Projects (2/8)
2017-06-22 10:45:21,079 [LowLevelDataService-contextInitializer-3 | u:p | context: MyPolarion] INFO  com.polarion.platform.startup  -  -- Initializing context: MyPolarion (3/8)
2017-06-22 10:45:21,083 [LowLevelDataService-contextInitializer-1 | u:p | context: CAPA] INFO  com.polarion.platform.startup  -  -- Initializing context: CAPA (6/8)
2017-06-22 10:45:21,174 [LowLevelDataService-contextInitializer-2 | u:p | context: elibrary] INFO  com.polarion.platform.startup  -  -- Initializing context: elibrary (7/8)
2017-06-22 10:45:21,275 [LowLevelDataService-contextInitializer-4 | u:p | context: drivepilot] INFO  com.polarion.platform.startup  -  -- Initializing context: drivepilot (8/8)
2017-06-22 10:45:22,304 [main | u:p] INFO  com.polarion.platform.startup  - Context initialization ... took  [ TIME 1.23 s. ]
2017-06-22 10:45:22,312 [main | u:p] INFO  com.polarion.platform.startup  - ------------------------------
2017-06-22 10:45:22,312 [main | u:p] INFO  com.polarion.platform.startup  - Revisions processing (Phase: 4/9)
2017-06-22 10:45:22,601 [main | u:p] INFO  com.polarion.platform.startup  -  -- Processing new revisions from repository default in context ContextId[context [global]]
2017-06-22 10:45:22,611 [main | u:p] INFO  com.polarion.platform.startup  - Revisions processing ... took  [ TIME 0.31 s. ]
2017-06-22 10:45:22,663 [main | u:p] INFO  com.polarion.platform.startup  - ------------------------------
2017-06-22 10:45:22,663 [main | u:p] INFO  com.polarion.platform.startup  - Build artifacts recognition (Phase: 5/9)
2017-06-22 10:45:22,671 [main | u:p] INFO  com.polarion.platform.startup  -  -- Processing build artifacts from context: [GLOBAL] (1/8)
2017-06-22 10:45:22,794 [main | u:p] INFO  com.polarion.platform.startup  -  -- Processing build artifacts from cluster: default (2/8)
2017-06-22 10:45:22,840 [main | u:p] INFO  com.polarion.platform.startup  -  -- Processing build artifacts from context: MyPolarion (3/8)
2017-06-22 10:45:22,882 [main | u:p] INFO  com.polarion.platform.startup  -  -- Processing build artifacts from context: --Demo Projects (4/8)
2017-06-22 10:45:22,921 [main | u:p] INFO  com.polarion.platform.startup  -  -- Processing build artifacts from context: library (5/8)
2017-06-22 10:45:22,970 [main | u:p] INFO  com.polarion.platform.startup  -  -- Processing build artifacts from context: CAPA (6/8)
2017-06-22 10:45:23,107 [main | u:p] INFO  com.polarion.platform.startup  -  -- Processing build artifacts from context: elibrary (7/8)
2017-06-22 10:45:23,244 [main | u:p] INFO  com.polarion.platform.startup  -  -- Processing build artifacts from context: drivepilot (8/8)
2017-06-22 10:45:23,244 [main | u:p] INFO  com.polarion.platform.startup  - Build artifacts recognition ... took  [ TIME 0.63 s. ]
2017-06-22 10:45:23,246 [main | u:p] INFO  com.polarion.platform.startup  - ------------------------------
2017-06-22 10:45:23,246 [main | u:p] INFO  com.polarion.platform.startup  - BIR inspection (Phase: 6/9)
2017-06-22 10:45:23,289 [main | u:p] INFO  com.polarion.platform.startup  - BIR inspection ... took  [ TIME 0.04 s. ]
2017-06-22 10:45:23,314 [main | u:p] INFO  com.polarion.platform.startup  - ------------------------------
2017-06-22 10:45:23,315 [main | u:p] INFO  com.polarion.platform.startup  - Data indexing (Phase: 7/9)
2017-06-22 10:45:23,504 [main | u:p] INFO  com.polarion.platform.startup  -  -- Refreshing 9 objects in index: BuildArtifact
2017-06-22 10:45:23,518 [main | u:p] INFO  com.polarion.platform.startup  -  -- -- 9 from 9 objects were refreshed (100%)
2017-06-22 10:45:23,770 [main | u:p] INFO  com.polarion.platform.startup  -  -- Refreshing 1 objects in index: Revision
2017-06-22 10:45:23,771 [main | u:p] INFO  com.polarion.platform.startup  -  -- -- 1 from 1 objects were refreshed (100%)
2017-06-22 10:45:23,829 [main | u:p] INFO  com.polarion.platform.startup  - Data indexing ... took  [ TIME 0.54 s. ]
2017-06-22 10:45:23,829 [main | u:p] INFO  com.polarion.platform.startup  - ------------------------------
2017-06-22 10:45:23,829 [main | u:p] INFO  com.polarion.platform.startup  - Fields recalculation (Phase: 8/9)
2017-06-22 10:45:23,848 [main | u:p] INFO  com.polarion.platform.startup  - Fields recalculation ... took  [ TIME 0.02 s. ]
2017-06-22 10:45:23,848 [main | u:p] INFO  com.polarion.platform.startup  - ------------------------------
2017-06-22 10:45:23,848 [main | u:p] INFO  com.polarion.platform.startup  - Polarion startup (Phase: 9/9)
2017-06-22 10:45:59,540 [main] INFO  com.polarion.platform.startup  - Polarion startup ... took  [ TIME 35.69 s. ]
2017-06-22 10:45:59,540 [main] INFO  com.polarion.platform.startup  - ****************************************************************
2017-06-22 10:45:59,541 [main] INFO  com.polarion.platform.startup  -                  Polarion started:  [ TIME 43.7 s. ]
2017-06-22 10:45:59,541 [main] INFO  com.polarion.platform.startup  - ****************************************************************
