2017-06-23 11:49:13,029 [main | u:p] INFO  com.polarion.platform.jobs.internal.service.scheduler.JobSchedulerService  - Updating local scheduler state: start
2017-06-23 11:49:13,059 [main | u:p | u:p] INFO  com.polarion.platform.jobs.internal.service.scheduler.JobSchedulerService  - 16 scheduled job(s) configured
2017-06-23 11:49:47,993 [Thread-31] INFO  com.polarion.platform.jobs.info  - Job "Attachment Indexer" has id d39b4787-927abeae-7d95a717-cf3b527e
2017-06-23 11:49:47,997 [Thread-31] INFO  com.polarion.platform.jobs.info  - State of job "Attachment Indexer" changed to UNSCHEDULED
2017-06-23 11:49:48,003 [Thread-31] INFO  com.polarion.platform.jobs.info  - Working directory of root job "Attachment Indexer" is C:\Polarion\data\workspace\polarion-data\jobs\20170623-1149
2017-06-23 11:49:48,007 [Thread-31] INFO  com.polarion.platform.jobs.info  - Job "Attachment Indexer" runs as user "polarion"
2017-06-23 11:49:48,011 [Thread-31 | u:p] INFO  com.polarion.platform.jobs.info  - State of job "Attachment Indexer" changed to ACTIVATING
2017-06-23 11:49:48,018 [Thread-31 | u:p] INFO  com.polarion.platform.jobs.info  - State of job "Attachment Indexer" changed to WAITING
2017-06-23 11:49:48,029 [Worker-0 | u:p] INFO  com.polarion.platform.jobs.info  - State of job "Attachment Indexer" changed to RUNNING
2017-06-23 11:49:48,033 [Thread-31] INFO  com.polarion.platform.jobs.info  - Job "DB History Creator" has id d39b47b9-927abeae-7d95a717-7c7097ff
2017-06-23 11:49:48,036 [Thread-31] INFO  com.polarion.platform.jobs.info  - State of job "DB History Creator" changed to UNSCHEDULED
2017-06-23 11:49:48,042 [Thread-31] INFO  com.polarion.platform.jobs.info  - Working directory of root job "DB History Creator" is C:\Polarion\data\workspace\polarion-data\jobs\20170623-1149_0
2017-06-23 11:49:48,046 [Thread-31] INFO  com.polarion.platform.jobs.info  - Job "DB History Creator" runs as user "polarion"
2017-06-23 11:49:48,050 [Thread-31 | u:p] INFO  com.polarion.platform.jobs.info  - State of job "DB History Creator" changed to ACTIVATING
2017-06-23 11:49:48,055 [Thread-31 | u:p] INFO  com.polarion.platform.jobs.info  - State of job "DB History Creator" changed to WAITING
2017-06-23 11:49:48,068 [Worker-1 | u:p] INFO  com.polarion.platform.jobs.info  - State of job "DB History Creator" changed to RUNNING
2017-06-23 11:49:48,246 [Worker-0 | u:p] INFO  com.polarion.platform.jobs.info  - State of job "Attachment Indexer" changed to FINISHED
2017-06-23 11:49:48,249 [Worker-0 | u:p] INFO  com.polarion.platform.jobs.info  - Status of job "Attachment Indexer" is OK
2017-06-23 11:49:49,772 [Worker-1 | u:p] INFO  com.polarion.platform.jobs.info  - State of job "DB History Creator" changed to FINISHED
2017-06-23 11:49:49,775 [Worker-1 | u:p] INFO  com.polarion.platform.jobs.info  - Status of job "DB History Creator" is OK
2017-06-23 12:00:00,034 [DefaultQuartzScheduler_Worker-6] INFO  com.polarion.platform.jobs.info  - Job "Live Plan Chart Update" has id d3a49e5d-927abeae-7d95a717-7953502f
2017-06-23 12:00:00,036 [DefaultQuartzScheduler_Worker-6] INFO  com.polarion.platform.jobs.info  - State of job "Live Plan Chart Update" changed to UNSCHEDULED
2017-06-23 12:00:00,040 [DefaultQuartzScheduler_Worker-6] INFO  com.polarion.platform.jobs.info  - Working directory of root job "Live Plan Chart Update" is C:\Polarion\data\workspace\polarion-data\jobs\20170623-1200
2017-06-23 12:00:00,042 [DefaultQuartzScheduler_Worker-6] INFO  com.polarion.platform.jobs.info  - Job "Live Plan Chart Update" runs as user "polarion"
2017-06-23 12:00:00,044 [DefaultQuartzScheduler_Worker-6 | u:p] INFO  com.polarion.platform.jobs.info  - State of job "Live Plan Chart Update" changed to ACTIVATING
2017-06-23 12:00:00,047 [DefaultQuartzScheduler_Worker-6 | u:p] INFO  com.polarion.platform.jobs.info  - State of job "Live Plan Chart Update" changed to WAITING
2017-06-23 12:00:00,051 [Worker-0 | u:p] INFO  com.polarion.platform.jobs.info  - State of job "Live Plan Chart Update" changed to RUNNING
2017-06-23 12:00:00,896 [Worker-0 | u:p | job: update.plan] INFO  com.polarion.platform.jobs.info  - Job "Live Plan Chart Update - Index Refresh" has id d3a4a1bc-927abeae-7d95a717-2d66c045
2017-06-23 12:00:00,899 [Worker-0 | u:p | job: update.plan] INFO  com.polarion.platform.jobs.info  - State of job "Live Plan Chart Update - Index Refresh" changed to UNSCHEDULED
2017-06-23 12:00:00,902 [Worker-0 | u:p | job: update.plan] INFO  com.polarion.platform.jobs.info  - Working directory of root job "Live Plan Chart Update - Index Refresh" is C:\Polarion\data\workspace\polarion-data\jobs\20170623-1200_0
2017-06-23 12:00:00,904 [Worker-0 | u:p | job: update.plan] INFO  com.polarion.platform.jobs.info  - Job "Live Plan Chart Update - Index Refresh" runs as user "polarion"
2017-06-23 12:00:00,906 [Worker-0 | u:p | job: update.plan | u:p] INFO  com.polarion.platform.jobs.info  - State of job "Live Plan Chart Update - Index Refresh" changed to ACTIVATING
2017-06-23 12:00:00,910 [Worker-0 | u:p | job: update.plan | u:p] INFO  com.polarion.platform.jobs.info  - State of job "Live Plan Chart Update - Index Refresh" changed to WAITING
2017-06-23 12:00:00,914 [Worker-1 | u:p] INFO  com.polarion.platform.jobs.info  - State of job "Live Plan Chart Update - Index Refresh" changed to RUNNING
2017-06-23 12:00:01,716 [Worker-1 | u:p] INFO  com.polarion.platform.jobs.info  - State of job "Live Plan Chart Update - Index Refresh" changed to FINISHED
2017-06-23 12:00:01,718 [Worker-1 | u:p] INFO  com.polarion.platform.jobs.info  - Status of job "Live Plan Chart Update - Index Refresh" is OK
2017-06-23 12:00:01,745 [Worker-0 | u:p] INFO  com.polarion.platform.jobs.info  - State of job "Live Plan Chart Update" changed to FINISHED
2017-06-23 12:00:01,747 [Worker-0 | u:p] INFO  com.polarion.platform.jobs.info  - Status of job "Live Plan Chart Update" is OK
