2017-06-22 11:34:40,901 [main] INFO  com.polarion.platform.startup  - ****************************************************************
2017-06-22 11:34:40,901 [main] INFO  com.polarion.platform.startup  -                 Polarion starting, please wait!                 
2017-06-22 11:34:40,901 [main] INFO  com.polarion.platform.startup  - ****************************************************************
2017-06-22 11:34:40,902 [main] INFO  com.polarion.platform.startup  - Server start mode: normal
2017-06-22 11:34:40,902 [main] INFO  com.polarion.platform.startup  - ------------------------------
2017-06-22 11:34:40,902 [main] INFO  com.polarion.platform.startup  - Platform startup (Phase: 1/9)
2017-06-22 11:34:45,405 [main] INFO  com.polarion.platform.startup  - Opening historical database...
2017-06-22 11:34:45,555 [main] INFO  com.polarion.platform.startup  - Opening of historical database finished [ TIME 0.15 s. ]
2017-06-22 11:34:45,555 [main] INFO  com.polarion.platform.startup  - Opening head database...
2017-06-22 11:34:45,617 [main] INFO  com.polarion.platform.startup  - Opening of head database finished [ TIME 0.0611 s. ]
2017-06-22 11:34:45,850 [main | u:p] INFO  com.polarion.platform.startup  -  -- Polarion startup estimation:  [ TIME 47 s. ]
2017-06-22 11:34:45,976 [main | u:p] INFO  com.polarion.platform.startup  - Platform startup ... took  [ TIME 5.08 s. ]
2017-06-22 11:34:46,136 [main | u:p] INFO  com.polarion.platform.startup  - ------------------------------
2017-06-22 11:34:46,136 [main | u:p] INFO  com.polarion.platform.startup  - Context recognition (Phase: 2/9)
2017-06-22 11:34:46,172 [main | u:p] INFO  com.polarion.platform.startup  - Context recognition ... took  [ TIME 0.2 s. ]
2017-06-22 11:34:46,173 [main | u:p] INFO  com.polarion.platform.startup  - ------------------------------
2017-06-22 11:34:46,173 [main | u:p] INFO  com.polarion.platform.startup  - Context initialization (Phase: 3/9)
2017-06-22 11:34:46,177 [LowLevelDataService-contextInitializer-1 | u:p | context: [GLOBAL]] INFO  com.polarion.platform.startup  -  -- Initializing context: [GLOBAL] (3/8)
2017-06-22 11:34:46,177 [LowLevelDataService-contextInitializer-5 | u:p | context: library] INFO  com.polarion.platform.startup  -  -- Initializing context: library (2/8)
2017-06-22 11:34:46,177 [LowLevelDataService-contextInitializer-4 | u:p | context: --Demo Projects] INFO  com.polarion.platform.startup  -  -- Initializing context: --Demo Projects (1/8)
2017-06-22 11:34:46,177 [LowLevelDataService-contextInitializer-3 | u:p | context: MyPolarion] INFO  com.polarion.platform.startup  -  -- Initializing context: MyPolarion (4/8)
2017-06-22 11:34:46,177 [LowLevelDataService-contextInitializer-2 | u:p | cluster: default] INFO  com.polarion.platform.startup  -  -- Initializing cluster: default (5/8)
2017-06-22 11:34:46,182 [LowLevelDataService-contextInitializer-1 | u:p | context: CAPA] INFO  com.polarion.platform.startup  -  -- Initializing context: CAPA (6/8)
2017-06-22 11:34:46,282 [LowLevelDataService-contextInitializer-2 | u:p | context: elibrary] INFO  com.polarion.platform.startup  -  -- Initializing context: elibrary (7/8)
2017-06-22 11:34:46,387 [LowLevelDataService-contextInitializer-4 | u:p | context: drivepilot] INFO  com.polarion.platform.startup  -  -- Initializing context: drivepilot (8/8)
2017-06-22 11:34:47,440 [main | u:p] INFO  com.polarion.platform.startup  - Context initialization ... took  [ TIME 1.27 s. ]
2017-06-22 11:34:47,448 [main | u:p] INFO  com.polarion.platform.startup  - ------------------------------
2017-06-22 11:34:47,448 [main | u:p] INFO  com.polarion.platform.startup  - Revisions processing (Phase: 4/9)
2017-06-22 11:34:47,716 [main | u:p] INFO  com.polarion.platform.startup  -  -- Processing new revisions from repository default in context ContextId[context [global]]
2017-06-22 11:34:47,725 [main | u:p] INFO  com.polarion.platform.startup  - Revisions processing ... took  [ TIME 0.28 s. ]
2017-06-22 11:34:47,773 [main | u:p] INFO  com.polarion.platform.startup  - ------------------------------
2017-06-22 11:34:47,773 [main | u:p] INFO  com.polarion.platform.startup  - Build artifacts recognition (Phase: 5/9)
2017-06-22 11:34:47,781 [main | u:p] INFO  com.polarion.platform.startup  -  -- Processing build artifacts from context: [GLOBAL] (1/8)
2017-06-22 11:34:47,917 [main | u:p] INFO  com.polarion.platform.startup  -  -- Processing build artifacts from cluster: default (2/8)
2017-06-22 11:34:47,969 [main | u:p] INFO  com.polarion.platform.startup  -  -- Processing build artifacts from context: MyPolarion (3/8)
2017-06-22 11:34:48,016 [main | u:p] INFO  com.polarion.platform.startup  -  -- Processing build artifacts from context: --Demo Projects (4/8)
2017-06-22 11:34:48,065 [main | u:p] INFO  com.polarion.platform.startup  -  -- Processing build artifacts from context: library (5/8)
2017-06-22 11:34:48,127 [main | u:p] INFO  com.polarion.platform.startup  -  -- Processing build artifacts from context: CAPA (6/8)
2017-06-22 11:34:48,244 [main | u:p] INFO  com.polarion.platform.startup  -  -- Processing build artifacts from context: elibrary (7/8)
2017-06-22 11:34:48,358 [main | u:p] INFO  com.polarion.platform.startup  -  -- Processing build artifacts from context: drivepilot (8/8)
2017-06-22 11:34:48,358 [main | u:p] INFO  com.polarion.platform.startup  - Build artifacts recognition ... took  [ TIME 0.63 s. ]
2017-06-22 11:34:48,359 [main | u:p] INFO  com.polarion.platform.startup  - ------------------------------
2017-06-22 11:34:48,359 [main | u:p] INFO  com.polarion.platform.startup  - BIR inspection (Phase: 6/9)
2017-06-22 11:34:48,404 [main | u:p] INFO  com.polarion.platform.startup  - BIR inspection ... took  [ TIME 0.05 s. ]
2017-06-22 11:34:48,433 [main | u:p] INFO  com.polarion.platform.startup  - ------------------------------
2017-06-22 11:34:48,433 [main | u:p] INFO  com.polarion.platform.startup  - Data indexing (Phase: 7/9)
2017-06-22 11:34:48,650 [main | u:p] INFO  com.polarion.platform.startup  -  -- Refreshing 9 objects in index: BuildArtifact
2017-06-22 11:34:48,664 [main | u:p] INFO  com.polarion.platform.startup  -  -- -- 9 from 9 objects were refreshed (100%)
2017-06-22 11:34:48,924 [main | u:p] INFO  com.polarion.platform.startup  -  -- Refreshing 1 objects in index: Revision
2017-06-22 11:34:48,925 [main | u:p] INFO  com.polarion.platform.startup  -  -- -- 1 from 1 objects were refreshed (100%)
2017-06-22 11:34:48,985 [main | u:p] INFO  com.polarion.platform.startup  - Data indexing ... took  [ TIME 0.58 s. ]
2017-06-22 11:34:48,986 [main | u:p] INFO  com.polarion.platform.startup  - ------------------------------
2017-06-22 11:34:48,986 [main | u:p] INFO  com.polarion.platform.startup  - Fields recalculation (Phase: 8/9)
2017-06-22 11:34:49,008 [main | u:p] INFO  com.polarion.platform.startup  - Fields recalculation ... took  [ TIME 0.02 s. ]
2017-06-22 11:34:49,008 [main | u:p] INFO  com.polarion.platform.startup  - ------------------------------
2017-06-22 11:34:49,008 [main | u:p] INFO  com.polarion.platform.startup  - Polarion startup (Phase: 9/9)
2017-06-22 11:35:24,713 [main] INFO  com.polarion.platform.startup  - Polarion startup ... took  [ TIME 35.71 s. ]
2017-06-22 11:35:24,714 [main] INFO  com.polarion.platform.startup  - ****************************************************************
2017-06-22 11:35:24,714 [main] INFO  com.polarion.platform.startup  -                  Polarion started:  [ TIME 43.8 s. ]
2017-06-22 11:35:24,714 [main] INFO  com.polarion.platform.startup  - ****************************************************************
