2017-06-26 15:30:00,645 [main | u:p] INFO  com.polarion.platform.jobs.internal.service.scheduler.JobSchedulerService  - Updating local scheduler state: start
2017-06-26 15:30:00,676 [main | u:p | u:p] INFO  com.polarion.platform.jobs.internal.service.scheduler.JobSchedulerService  - 16 scheduled job(s) configured
2017-06-26 15:30:36,222 [Thread-31] INFO  com.polarion.platform.jobs.info  - Job "Attachment Indexer" has id e3d8826b-927abeae-586b78d7-14a87daa
2017-06-26 15:30:36,226 [Thread-31] INFO  com.polarion.platform.jobs.info  - State of job "Attachment Indexer" changed to UNSCHEDULED
2017-06-26 15:30:36,232 [Thread-31] INFO  com.polarion.platform.jobs.info  - Working directory of root job "Attachment Indexer" is C:\Polarion\data\workspace\polarion-data\jobs\20170626-1530
2017-06-26 15:30:36,236 [Thread-31] INFO  com.polarion.platform.jobs.info  - Job "Attachment Indexer" runs as user "polarion"
2017-06-26 15:30:36,240 [Thread-31 | u:p] INFO  com.polarion.platform.jobs.info  - State of job "Attachment Indexer" changed to ACTIVATING
2017-06-26 15:30:36,245 [Thread-31 | u:p] INFO  com.polarion.platform.jobs.info  - State of job "Attachment Indexer" changed to WAITING
2017-06-26 15:30:36,257 [Worker-0 | u:p] INFO  com.polarion.platform.jobs.info  - State of job "Attachment Indexer" changed to RUNNING
2017-06-26 15:30:36,276 [Thread-31] INFO  com.polarion.platform.jobs.info  - Job "DB History Creator" has id e3d8829b-927abeae-586b78d7-34fb8fe0
2017-06-26 15:30:36,280 [Thread-31] INFO  com.polarion.platform.jobs.info  - State of job "DB History Creator" changed to UNSCHEDULED
2017-06-26 15:30:36,284 [Thread-31] INFO  com.polarion.platform.jobs.info  - Working directory of root job "DB History Creator" is C:\Polarion\data\workspace\polarion-data\jobs\20170626-1530_0
2017-06-26 15:30:36,288 [Thread-31] INFO  com.polarion.platform.jobs.info  - Job "DB History Creator" runs as user "polarion"
2017-06-26 15:30:36,292 [Thread-31 | u:p] INFO  com.polarion.platform.jobs.info  - State of job "DB History Creator" changed to ACTIVATING
2017-06-26 15:30:36,297 [Thread-31 | u:p] INFO  com.polarion.platform.jobs.info  - State of job "DB History Creator" changed to WAITING
2017-06-26 15:30:36,308 [Worker-1 | u:p] INFO  com.polarion.platform.jobs.info  - State of job "DB History Creator" changed to RUNNING
2017-06-26 15:30:36,413 [Worker-0 | u:p] INFO  com.polarion.platform.jobs.info  - State of job "Attachment Indexer" changed to FINISHED
2017-06-26 15:30:36,416 [Worker-0 | u:p] INFO  com.polarion.platform.jobs.info  - Status of job "Attachment Indexer" is OK
2017-06-26 15:30:38,256 [Worker-1 | u:p] INFO  com.polarion.platform.jobs.info  - State of job "DB History Creator" changed to FINISHED
2017-06-26 15:30:38,258 [Worker-1 | u:p] INFO  com.polarion.platform.jobs.info  - Status of job "DB History Creator" is OK
2017-06-26 16:00:00,034 [DefaultQuartzScheduler_Worker-3] INFO  com.polarion.platform.jobs.info  - Job "Live Plan Chart Update" has id e3f36c5d-927abeae-586b78d7-8d0d9a81
2017-06-26 16:00:00,036 [DefaultQuartzScheduler_Worker-3] INFO  com.polarion.platform.jobs.info  - State of job "Live Plan Chart Update" changed to UNSCHEDULED
2017-06-26 16:00:00,039 [DefaultQuartzScheduler_Worker-3] INFO  com.polarion.platform.jobs.info  - Working directory of root job "Live Plan Chart Update" is C:\Polarion\data\workspace\polarion-data\jobs\20170626-1600
2017-06-26 16:00:00,041 [DefaultQuartzScheduler_Worker-3] INFO  com.polarion.platform.jobs.info  - Job "Live Plan Chart Update" runs as user "polarion"
2017-06-26 16:00:00,043 [DefaultQuartzScheduler_Worker-3 | u:p] INFO  com.polarion.platform.jobs.info  - State of job "Live Plan Chart Update" changed to ACTIVATING
2017-06-26 16:00:00,047 [DefaultQuartzScheduler_Worker-3 | u:p] INFO  com.polarion.platform.jobs.info  - State of job "Live Plan Chart Update" changed to WAITING
2017-06-26 16:00:00,051 [Worker-0 | u:p] INFO  com.polarion.platform.jobs.info  - State of job "Live Plan Chart Update" changed to RUNNING
2017-06-26 16:00:01,055 [Worker-0 | u:p | job: update.plan] INFO  com.polarion.platform.jobs.info  - Job "Live Plan Chart Update - Index Refresh" has id e3f3705b-927abeae-586b78d7-f325ac53
2017-06-26 16:00:01,058 [Worker-0 | u:p | job: update.plan] INFO  com.polarion.platform.jobs.info  - State of job "Live Plan Chart Update - Index Refresh" changed to UNSCHEDULED
2017-06-26 16:00:01,061 [Worker-0 | u:p | job: update.plan] INFO  com.polarion.platform.jobs.info  - Working directory of root job "Live Plan Chart Update - Index Refresh" is C:\Polarion\data\workspace\polarion-data\jobs\20170626-1600_0
2017-06-26 16:00:01,063 [Worker-0 | u:p | job: update.plan] INFO  com.polarion.platform.jobs.info  - Job "Live Plan Chart Update - Index Refresh" runs as user "polarion"
2017-06-26 16:00:01,065 [Worker-0 | u:p | job: update.plan | u:p] INFO  com.polarion.platform.jobs.info  - State of job "Live Plan Chart Update - Index Refresh" changed to ACTIVATING
2017-06-26 16:00:01,068 [Worker-0 | u:p | job: update.plan | u:p] INFO  com.polarion.platform.jobs.info  - State of job "Live Plan Chart Update - Index Refresh" changed to WAITING
2017-06-26 16:00:01,073 [Worker-1 | u:p] INFO  com.polarion.platform.jobs.info  - State of job "Live Plan Chart Update - Index Refresh" changed to RUNNING
2017-06-26 16:00:02,328 [Worker-1 | u:p] INFO  com.polarion.platform.jobs.info  - State of job "Live Plan Chart Update - Index Refresh" changed to FINISHED
2017-06-26 16:00:02,331 [Worker-1 | u:p] INFO  com.polarion.platform.jobs.info  - Status of job "Live Plan Chart Update - Index Refresh" is OK
2017-06-26 16:00:02,356 [Worker-0 | u:p] INFO  com.polarion.platform.jobs.info  - State of job "Live Plan Chart Update" changed to FINISHED
2017-06-26 16:00:02,359 [Worker-0 | u:p] INFO  com.polarion.platform.jobs.info  - Status of job "Live Plan Chart Update" is OK
