2017-06-22 18:14:05,137 [main] INFO  com.polarion.platform.startup  - ****************************************************************
2017-06-22 18:14:05,137 [main] INFO  com.polarion.platform.startup  -                 Polarion starting, please wait!                 
2017-06-22 18:14:05,137 [main] INFO  com.polarion.platform.startup  - ****************************************************************
2017-06-22 18:14:05,137 [main] INFO  com.polarion.platform.startup  - Server start mode: normal
2017-06-22 18:14:05,137 [main] INFO  com.polarion.platform.startup  - ------------------------------
2017-06-22 18:14:05,138 [main] INFO  com.polarion.platform.startup  - Platform startup (Phase: 1/9)
2017-06-22 18:14:09,641 [main] INFO  com.polarion.platform.startup  - Opening historical database...
2017-06-22 18:14:09,785 [main] INFO  com.polarion.platform.startup  - Opening of historical database finished [ TIME 0.144 s. ]
2017-06-22 18:14:09,786 [main] INFO  com.polarion.platform.startup  - Opening head database...
2017-06-22 18:14:09,853 [main] INFO  com.polarion.platform.startup  - Opening of head database finished [ TIME 0.068 s. ]
2017-06-22 18:14:10,070 [main | u:p] INFO  com.polarion.platform.startup  -  -- Polarion startup estimation:  [ TIME 53 s. ]
2017-06-22 18:14:10,199 [main | u:p] INFO  com.polarion.platform.startup  - Platform startup ... took  [ TIME 5.07 s. ]
2017-06-22 18:14:10,360 [main | u:p] INFO  com.polarion.platform.startup  - ------------------------------
2017-06-22 18:14:10,360 [main | u:p] INFO  com.polarion.platform.startup  - Context recognition (Phase: 2/9)
2017-06-22 18:14:10,396 [main | u:p] INFO  com.polarion.platform.startup  - Context recognition ... took  [ TIME 0.2 s. ]
2017-06-22 18:14:10,396 [main | u:p] INFO  com.polarion.platform.startup  - ------------------------------
2017-06-22 18:14:10,396 [main | u:p] INFO  com.polarion.platform.startup  - Context initialization (Phase: 3/9)
2017-06-22 18:14:10,399 [LowLevelDataService-contextInitializer-1 | u:p | context: [GLOBAL]] INFO  com.polarion.platform.startup  -  -- Initializing context: [GLOBAL] (1/8)
2017-06-22 18:14:10,400 [LowLevelDataService-contextInitializer-3 | u:p | context: MyPolarion] INFO  com.polarion.platform.startup  -  -- Initializing context: MyPolarion (3/8)
2017-06-22 18:14:10,400 [LowLevelDataService-contextInitializer-4 | u:p | context: --Demo Projects] INFO  com.polarion.platform.startup  -  -- Initializing context: --Demo Projects (5/8)
2017-06-22 18:14:10,400 [LowLevelDataService-contextInitializer-5 | u:p | context: library] INFO  com.polarion.platform.startup  -  -- Initializing context: library (4/8)
2017-06-22 18:14:10,399 [LowLevelDataService-contextInitializer-2 | u:p | cluster: default] INFO  com.polarion.platform.startup  -  -- Initializing cluster: default (2/8)
2017-06-22 18:14:10,405 [LowLevelDataService-contextInitializer-1 | u:p | context: CAPA] INFO  com.polarion.platform.startup  -  -- Initializing context: CAPA (6/8)
2017-06-22 18:14:10,494 [LowLevelDataService-contextInitializer-2 | u:p | context: elibrary] INFO  com.polarion.platform.startup  -  -- Initializing context: elibrary (7/8)
2017-06-22 18:14:10,585 [LowLevelDataService-contextInitializer-4 | u:p | context: drivepilot] INFO  com.polarion.platform.startup  -  -- Initializing context: drivepilot (8/8)
2017-06-22 18:14:11,599 [main | u:p] INFO  com.polarion.platform.startup  - Context initialization ... took  [ TIME 1.2 s. ]
2017-06-22 18:14:11,609 [main | u:p] INFO  com.polarion.platform.startup  - ------------------------------
2017-06-22 18:14:11,609 [main | u:p] INFO  com.polarion.platform.startup  - Revisions processing (Phase: 4/9)
2017-06-22 18:14:11,910 [main | u:p] INFO  com.polarion.platform.startup  -  -- Processing new revisions from repository default in context ContextId[context [global]]
2017-06-22 18:14:11,920 [main | u:p] INFO  com.polarion.platform.startup  - Revisions processing ... took  [ TIME 0.32 s. ]
2017-06-22 18:14:11,975 [main | u:p] INFO  com.polarion.platform.startup  - ------------------------------
2017-06-22 18:14:11,976 [main | u:p] INFO  com.polarion.platform.startup  - Build artifacts recognition (Phase: 5/9)
2017-06-22 18:14:11,986 [main | u:p] INFO  com.polarion.platform.startup  -  -- Processing build artifacts from context: [GLOBAL] (1/8)
2017-06-22 18:14:12,137 [main | u:p] INFO  com.polarion.platform.startup  -  -- Processing build artifacts from cluster: default (2/8)
2017-06-22 18:14:12,209 [main | u:p] INFO  com.polarion.platform.startup  -  -- Processing build artifacts from context: MyPolarion (3/8)
2017-06-22 18:14:12,264 [main | u:p] INFO  com.polarion.platform.startup  -  -- Processing build artifacts from context: --Demo Projects (4/8)
2017-06-22 18:14:12,317 [main | u:p] INFO  com.polarion.platform.startup  -  -- Processing build artifacts from context: library (5/8)
2017-06-22 18:14:12,376 [main | u:p] INFO  com.polarion.platform.startup  -  -- Processing build artifacts from context: CAPA (6/8)
2017-06-22 18:14:12,521 [main | u:p] INFO  com.polarion.platform.startup  -  -- Processing build artifacts from context: elibrary (7/8)
2017-06-22 18:14:12,679 [main | u:p] INFO  com.polarion.platform.startup  -  -- Processing build artifacts from context: drivepilot (8/8)
2017-06-22 18:14:12,679 [main | u:p] INFO  com.polarion.platform.startup  - Build artifacts recognition ... took  [ TIME 0.76 s. ]
2017-06-22 18:14:12,679 [main | u:p] INFO  com.polarion.platform.startup  - ------------------------------
2017-06-22 18:14:12,679 [main | u:p] INFO  com.polarion.platform.startup  - BIR inspection (Phase: 6/9)
2017-06-22 18:14:12,732 [main | u:p] INFO  com.polarion.platform.startup  - BIR inspection ... took  [ TIME 0.05 s. ]
2017-06-22 18:14:12,732 [main | u:p] INFO  com.polarion.platform.startup  - ------------------------------
2017-06-22 18:14:12,732 [main | u:p] INFO  com.polarion.platform.startup  - Data indexing (Phase: 7/9)
2017-06-22 18:14:12,947 [main | u:p] INFO  com.polarion.platform.startup  -  -- Refreshing 1 objects in index: Revision
2017-06-22 18:14:12,953 [main | u:p] INFO  com.polarion.platform.startup  -  -- -- 1 from 1 objects were refreshed (100%)
2017-06-22 18:14:13,204 [main | u:p] INFO  com.polarion.platform.startup  - Data indexing ... took  [ TIME 0.47 s. ]
2017-06-22 18:14:13,205 [main | u:p] INFO  com.polarion.platform.startup  - ------------------------------
2017-06-22 18:14:13,205 [main | u:p] INFO  com.polarion.platform.startup  - Fields recalculation (Phase: 8/9)
2017-06-22 18:14:13,225 [main | u:p] INFO  com.polarion.platform.startup  - Fields recalculation ... took  [ TIME 0.02 s. ]
2017-06-22 18:14:13,225 [main | u:p] INFO  com.polarion.platform.startup  - ------------------------------
2017-06-22 18:14:13,225 [main | u:p] INFO  com.polarion.platform.startup  - Polarion startup (Phase: 9/9)
2017-06-22 18:14:48,605 [main] INFO  com.polarion.platform.startup  - Polarion startup ... took  [ TIME 35.37 s. ]
2017-06-22 18:14:48,605 [main] INFO  com.polarion.platform.startup  - ****************************************************************
2017-06-22 18:14:48,605 [main] INFO  com.polarion.platform.startup  -                  Polarion started:  [ TIME 43.5 s. ]
2017-06-22 18:14:48,605 [main] INFO  com.polarion.platform.startup  - ****************************************************************
