2017-06-22 14:52:33,276 [main] INFO  com.polarion.platform.startup  - ****************************************************************
2017-06-22 14:52:33,276 [main] INFO  com.polarion.platform.startup  -                 Polarion starting, please wait!                 
2017-06-22 14:52:33,276 [main] INFO  com.polarion.platform.startup  - ****************************************************************
2017-06-22 14:52:33,276 [main] INFO  com.polarion.platform.startup  - Server start mode: normal
2017-06-22 14:52:33,276 [main] INFO  com.polarion.platform.startup  - ------------------------------
2017-06-22 14:52:33,276 [main] INFO  com.polarion.platform.startup  - Platform startup (Phase: 1/9)
2017-06-22 14:52:37,770 [main] INFO  com.polarion.platform.startup  - Opening historical database...
2017-06-22 14:52:37,924 [main] INFO  com.polarion.platform.startup  - Opening of historical database finished [ TIME 0.154 s. ]
2017-06-22 14:52:37,924 [main] INFO  com.polarion.platform.startup  - Opening head database...
2017-06-22 14:52:37,994 [main] INFO  com.polarion.platform.startup  - Opening of head database finished [ TIME 0.0702 s. ]
2017-06-22 14:52:38,209 [main | u:p] INFO  com.polarion.platform.startup  -  -- Polarion startup estimation:  [ TIME 46 s. ]
2017-06-22 14:52:38,337 [main | u:p] INFO  com.polarion.platform.startup  - Platform startup ... took  [ TIME 5.07 s. ]
2017-06-22 14:52:38,509 [main | u:p] INFO  com.polarion.platform.startup  - ------------------------------
2017-06-22 14:52:38,509 [main | u:p] INFO  com.polarion.platform.startup  - Context recognition (Phase: 2/9)
2017-06-22 14:52:38,557 [main | u:p] INFO  com.polarion.platform.startup  - Context recognition ... took  [ TIME 0.22 s. ]
2017-06-22 14:52:38,558 [main | u:p] INFO  com.polarion.platform.startup  - ------------------------------
2017-06-22 14:52:38,558 [main | u:p] INFO  com.polarion.platform.startup  - Context initialization (Phase: 3/9)
2017-06-22 14:52:38,561 [LowLevelDataService-contextInitializer-1 | u:p | context: [GLOBAL]] INFO  com.polarion.platform.startup  -  -- Initializing context: [GLOBAL] (2/8)
2017-06-22 14:52:38,561 [LowLevelDataService-contextInitializer-3 | u:p | context: MyPolarion] INFO  com.polarion.platform.startup  -  -- Initializing context: MyPolarion (4/8)
2017-06-22 14:52:38,561 [LowLevelDataService-contextInitializer-4 | u:p | context: --Demo Projects] INFO  com.polarion.platform.startup  -  -- Initializing context: --Demo Projects (3/8)
2017-06-22 14:52:38,561 [LowLevelDataService-contextInitializer-2 | u:p | cluster: default] INFO  com.polarion.platform.startup  -  -- Initializing cluster: default (1/8)
2017-06-22 14:52:38,562 [LowLevelDataService-contextInitializer-5 | u:p | context: library] INFO  com.polarion.platform.startup  -  -- Initializing context: library (5/8)
2017-06-22 14:52:38,567 [LowLevelDataService-contextInitializer-1 | u:p | context: CAPA] INFO  com.polarion.platform.startup  -  -- Initializing context: CAPA (6/8)
2017-06-22 14:52:38,660 [LowLevelDataService-contextInitializer-2 | u:p | context: elibrary] INFO  com.polarion.platform.startup  -  -- Initializing context: elibrary (7/8)
2017-06-22 14:52:38,772 [LowLevelDataService-contextInitializer-4 | u:p | context: drivepilot] INFO  com.polarion.platform.startup  -  -- Initializing context: drivepilot (8/8)
2017-06-22 14:52:39,919 [main | u:p] INFO  com.polarion.platform.startup  - Context initialization ... took  [ TIME 1.36 s. ]
2017-06-22 14:52:39,928 [main | u:p] INFO  com.polarion.platform.startup  - ------------------------------
2017-06-22 14:52:39,928 [main | u:p] INFO  com.polarion.platform.startup  - Revisions processing (Phase: 4/9)
2017-06-22 14:52:40,213 [main | u:p] INFO  com.polarion.platform.startup  -  -- Processing new revisions from repository default in context ContextId[context [global]]
2017-06-22 14:52:40,223 [main | u:p] INFO  com.polarion.platform.startup  - Revisions processing ... took  [ TIME 0.3 s. ]
2017-06-22 14:52:40,280 [main | u:p] INFO  com.polarion.platform.startup  - ------------------------------
2017-06-22 14:52:40,280 [main | u:p] INFO  com.polarion.platform.startup  - Build artifacts recognition (Phase: 5/9)
2017-06-22 14:52:40,288 [main | u:p] INFO  com.polarion.platform.startup  -  -- Processing build artifacts from context: [GLOBAL] (1/8)
2017-06-22 14:52:40,429 [main | u:p] INFO  com.polarion.platform.startup  -  -- Processing build artifacts from cluster: default (2/8)
2017-06-22 14:52:40,482 [main | u:p] INFO  com.polarion.platform.startup  -  -- Processing build artifacts from context: MyPolarion (3/8)
2017-06-22 14:52:40,542 [main | u:p] INFO  com.polarion.platform.startup  -  -- Processing build artifacts from context: --Demo Projects (4/8)
2017-06-22 14:52:40,596 [main | u:p] INFO  com.polarion.platform.startup  -  -- Processing build artifacts from context: library (5/8)
2017-06-22 14:52:40,651 [main | u:p] INFO  com.polarion.platform.startup  -  -- Processing build artifacts from context: CAPA (6/8)
2017-06-22 14:52:40,794 [main | u:p] INFO  com.polarion.platform.startup  -  -- Processing build artifacts from context: elibrary (7/8)
2017-06-22 14:52:40,946 [main | u:p] INFO  com.polarion.platform.startup  -  -- Processing build artifacts from context: drivepilot (8/8)
2017-06-22 14:52:40,946 [main | u:p] INFO  com.polarion.platform.startup  - Build artifacts recognition ... took  [ TIME 0.72 s. ]
2017-06-22 14:52:40,947 [main | u:p] INFO  com.polarion.platform.startup  - ------------------------------
2017-06-22 14:52:40,947 [main | u:p] INFO  com.polarion.platform.startup  - BIR inspection (Phase: 6/9)
2017-06-22 14:52:40,996 [main | u:p] INFO  com.polarion.platform.startup  - BIR inspection ... took  [ TIME 0.05 s. ]
2017-06-22 14:52:40,997 [main | u:p] INFO  com.polarion.platform.startup  - ------------------------------
2017-06-22 14:52:40,997 [main | u:p] INFO  com.polarion.platform.startup  - Data indexing (Phase: 7/9)
2017-06-22 14:52:41,205 [main | u:p] INFO  com.polarion.platform.startup  -  -- Refreshing 1 objects in index: Revision
2017-06-22 14:52:41,210 [main | u:p] INFO  com.polarion.platform.startup  -  -- -- 1 from 1 objects were refreshed (100%)
2017-06-22 14:52:41,451 [main | u:p] INFO  com.polarion.platform.startup  - Data indexing ... took  [ TIME 0.45 s. ]
2017-06-22 14:52:41,451 [main | u:p] INFO  com.polarion.platform.startup  - ------------------------------
2017-06-22 14:52:41,451 [main | u:p] INFO  com.polarion.platform.startup  - Fields recalculation (Phase: 8/9)
2017-06-22 14:52:41,472 [main | u:p] INFO  com.polarion.platform.startup  - Fields recalculation ... took  [ TIME 0.02 s. ]
2017-06-22 14:52:41,472 [main | u:p] INFO  com.polarion.platform.startup  - ------------------------------
2017-06-22 14:52:41,472 [main | u:p] INFO  com.polarion.platform.startup  - Polarion startup (Phase: 9/9)
2017-06-22 14:53:18,255 [main] INFO  com.polarion.platform.startup  - Polarion startup ... took  [ TIME 36.79 s. ]
2017-06-22 14:53:18,255 [main] INFO  com.polarion.platform.startup  - ****************************************************************
2017-06-22 14:53:18,255 [main] INFO  com.polarion.platform.startup  -                  Polarion started:  [ TIME 45 s. ]
2017-06-22 14:53:18,255 [main] INFO  com.polarion.platform.startup  - ****************************************************************
