2017-06-22 11:24:17,036 [main | u:p] INFO  TXLOGGER  - Summary for 'Platform startup': transactions: 0, DB: 0.0419 s [50% update (126x), 49% query (13x)] (206x), svn: 0.0226 s [86% checkPath (1x)] (3x)
2017-06-22 11:24:17,242 [main | u:p] INFO  TXLOGGER  - Summary for 'Context recognition': transactions: 0, svn: 0.0897 s [38% getDir2 content (2x), 35% info (3x), 26% getFile content (1x)] (6x)
2017-06-22 11:24:18,524 [LowLevelDataService-contextInitializer-1 | u:p] INFO  TXLOGGER  - Summary: Total: 1.28 s, transactions: 0, svn: 0.0643 s [98% log2 (5x)] (6x)
2017-06-22 11:24:18,524 [LowLevelDataService-contextInitializer-5 | u:p] INFO  TXLOGGER  - Summary: Total: 1.28 s, transactions: 0, svn: 0.0677 s [98% log2 (5x)] (6x)
2017-06-22 11:24:18,524 [LowLevelDataService-contextInitializer-3 | u:p] INFO  TXLOGGER  - Summary: Total: 1.28 s, transactions: 0, ObjectMaps: 0.269 s [100% getAllPrimaryObjects (1x)] (7x)
2017-06-22 11:24:18,524 [LowLevelDataService-contextInitializer-2 | u:p] INFO  TXLOGGER  - Summary: Total: 1.28 s, transactions: 0, svn: 0.139 s [98% log2 (6x)] (8x)
2017-06-22 11:24:18,524 [LowLevelDataService-contextInitializer-4 | u:p] INFO  TXLOGGER  - Summary: Total: 1.28 s, transactions: 0, svn: 0.318 s [52% log2 (10x), 20% log (1x), 15% info (4x)] (21x)
2017-06-22 11:24:18,525 [main | u:p] INFO  TXLOGGER  - Summary for 'Context initialization': transactions: 0, svn: 0.62 s [74% log2 (31x), 10% log (1x)] (47x), ObjectMaps: 0.405 s [99% getAllPrimaryObjects (7x)] (55x)
2017-06-22 11:24:18,839 [main | u:p] INFO  TXLOGGER  - Summary for 'Revisions processing': transactions: 14, RepositoryConfigService: 0.207 s [100% getReadConfiguration (42x)] (42x), svn: 0.115 s [89% info (15x)] (32x)
2017-06-22 11:24:19,567 [main | u:p] INFO  TXLOGGER  - Summary for 'Build artifacts recognition': transactions: 40, svn: 0.587 s [86% info (78x)] (131x), RepositoryConfigService: 0.489 s [100% getReadConfiguration (48x)] (48x)
2017-06-22 11:24:20,096 [main | u:p] INFO  TXLOGGER  - Summary for 'Data indexing': transactions: 0, Lucene: 0.249 s [100% refresh (1x)] (1x), SubterraURITable: 0.0146 s [100% addIfNotExistsDB (1x)] (1x)
2017-06-22 11:24:55,882 [main] INFO  TXLOGGER  - Summary for 'Polarion startup': transactions: 1, svn: 0.327 s [77% info (47x), 11% getLatestRevision (12x)] (66x), RepositoryConfigService: 0.0304 s [100% getReadConfiguration (2x)] (2x)
2017-06-22 11:24:56,079 [Worker-0 | u:p | job: polarion.jobs.attachment.indexer] INFO  TXLOGGER  - Summary after AttachmentIndexer: transactions: 6, Lucene: 0.104 s [100% add (2x)] (2x), persistence listener: 0.0942 s [92% notificationsCreatingListener (1x)] (7x), resolve: 0.0339 s [91% User (2x)] (5x), ObjectMaps: 0.0105 s [100% getPrimaryObjectLocation (2x)] (2x)
2017-06-22 11:24:56,735 [PreLoadDataService | u:p] INFO  TXLOGGER  - Tx 57339789c4c38_0_57339789c4c38_0_: finished. Total: 0.842 s, svn: 0.464 s [60% getDir2 content (25x), 39% getFile content (15x)] (43x), resolve: 0.442 s [54% Category (8x), 46% TimePoint (5x)] (13x), ObjectMaps: 0.053 s [50% getPrimaryObjectLocation (13x), 28% getPrimaryObjectProperty (13x), 22% getLastPromoted (13x)] (55x)
2017-06-22 11:24:57,293 [PreLoadDataService | u:p] INFO  TXLOGGER  - Tx 5733978ad1440_0_5733978ad1440_0_: finished. Total: 0.327 s, svn: 0.2 s [50% info (10x), 50% getFile content (14x)] (25x), RepositoryConfigService: 0.161 s [83% getReadConfiguration (72x)] (74x), resolve: 0.137 s [100% User (8x)] (8x), ObjectMaps: 0.0224 s [52% getPrimaryObjectLocation (8x), 26% getPrimaryObjectProperty (8x), 23% getLastPromoted (8x)] (33x)
2017-06-22 11:24:57,437 [PreLoadDataService | u:p] INFO  TXLOGGER  - Tx 5733978b23441_0_5733978b23441_0_: finished. Total: 0.143 s, RepositoryConfigService: 0.117 s [99% getReadConfiguration (55x)] (78x), svn: 0.0957 s [100% getFile content (13x)] (14x)
2017-06-22 11:24:57,558 [DBHistoryCreator-1 | u:p] INFO  TXLOGGER  - Summary: Total: 1.44 s, transactions: 0
2017-06-22 11:24:57,558 [Worker-1 | u:p | job: polarion.jobs.db.history] INFO  TXLOGGER  - Summary after DBHistoryCreator: transactions: 0, Lucene: 0.0254 s [100% add (1x)] (1x), svn: 0.00139 s [100% getLatestRevision (1x)] (1x)
2017-06-22 11:24:57,558 [Worker-1 | u:p] INFO  TXLOGGER  - Summary for 'job: polarion.jobs.db.history': Total: 1.48 s, transactions: 0, SubterraURITable: 1.18 s [100% getDB (4018x)] (4018x), DB: 1.12 s [51% query (4044x), 30% update (4019x)] (20163x)
2017-06-22 11:24:58,404 [PreLoadDataService | u:p] INFO  TXLOGGER  - Tx 5733978b47442_0_5733978b47442_0_: finished. Total: 0.967 s, svn: 0.896 s [66% getFile content (47x), 34% getDir2 content (17x)] (65x), RepositoryConfigService: 0.649 s [100% getReadConfiguration (164x)] (180x)
2017-06-22 11:24:58,735 [PreLoadDataService | u:p] INFO  TXLOGGER  - Tx 5733978c39043_0_5733978c39043_0_: finished. Total: 0.331 s, RepositoryConfigService: 0.28 s [99% getReadConfiguration (295x)] (370x), svn: 0.274 s [85% getFile content (35x)] (42x)
2017-06-22 11:24:59,059 [PreLoadDataService | u:p] INFO  TXLOGGER  - Tx 5733978c8bc44_0_5733978c8bc44_0_: finished. Total: 0.324 s, svn: 0.304 s [53% getFile content (21x), 47% getDir2 content (17x)] (39x), RepositoryConfigService: 0.176 s [100% getReadConfiguration (88x)] (110x)
2017-06-22 11:24:59,196 [PreLoadDataService | u:p] INFO  TXLOGGER  - Tx 5733978cdd045_0_5733978cdd045_0_: finished. Total: 0.137 s, svn: 0.127 s [65% getDir2 content (11x), 35% getFile content (8x)] (20x), RepositoryConfigService: 0.0507 s [99% getReadConfiguration (38x)] (54x)
2017-06-22 11:24:59,457 [PreLoadDataService | u:p] INFO  TXLOGGER  - Tx 5733978cff046_0_5733978cff046_0_: finished. Total: 0.261 s, svn: 0.241 s [59% getFile content (24x), 41% getDir2 content (12x)] (37x), RepositoryConfigService: 0.156 s [99% getReadConfiguration (87x)] (109x)
2017-06-22 11:24:59,458 [PreLoadDataService] INFO  TXLOGGER  - Summary for 'PreloadDataService': Total: 3.57 s, transactions: 9, svn: 2.69 s [59% getFile content (182x), 36% getDir2 content (90x)] (301x), RepositoryConfigService: 1.62 s [98% getReadConfiguration (801x)] (981x), resolve: 0.745 s [32% Category (8x), 28% TimePoint (5x), 22% Project (5x)] (26x)
2017-06-22 11:24:59,458 [PreLoadDataService] INFO  TXLOGGER  - Summary after preload: transactions: 9, svn: 2.69 s [59% getFile content (182x), 36% getDir2 content (90x)] (302x), RepositoryConfigService: 1.62 s [98% getReadConfiguration (801x)] (981x), SubterraURITable: 1.18 s [100% getDB (4018x)] (4018x), DB: 1.12 s [51% query (4044x), 30% update (4019x)] (20163x), resolve: 0.745 s [32% Category (8x), 27% TimePoint (5x), 22% Project (5x)] (27x)
2017-06-22 11:26:31,815 [ajp-nio-8889-exec-6 | u:admin] INFO  TXLOGGER  - Summary for 'PortalDataService.getInitData': Total: 0.213 s, transactions: 3, RepositoryConfigService: 0.0184 s [100% getReadConfiguration (8x)] (13x)
2017-06-22 11:26:32,288 [ajp-nio-8889-exec-8 | u:admin] INFO  TXLOGGER  - Summary for 'PortalDataService.requestPortalSite': Total: 0.191 s, transactions: 7, RepositoryConfigService: 0.0774 s [82% getReadConfiguration (18x)] (26x), svn: 0.0731 s [47% info (4x), 39% getFile content (4x)] (16x)
2017-06-22 11:26:32,614 [ajp-nio-8889-exec-9 | u:admin] INFO  TXLOGGER  - Summary for 'WorkflowDataService.loadWorkflowDataByContext': Total: 0.117 s, transactions: 1, svn: 0.0211 s [88% info (2x)] (5x)
2017-06-22 11:29:26,437 [ajp-nio-8889-exec-2 | u:admin] INFO  TXLOGGER  - Tx 5733989134452_0_5733989134452_0_: finished. Total: 0.787 s, svn: 0.719 s [96% endActivity (1x)] (7x), processed revs: [74, 74 (delay 0s)], write: true
2017-06-22 11:29:26,439 [ajp-nio-8889-exec-2 | u:admin] INFO  TXLOGGER  - Summary for 'WorkflowDataService.saveWorkflowDataByContext': Total: 0.79 s, transactions: 1, svn: 0.719 s [96% endActivity (1x)] (7x)
2017-06-22 11:29:26,734 [ajp-nio-8889-exec-4 | u:admin] INFO  TXLOGGER  - Summary for 'WikiDataService.getWikiData': Total: 0.108 s, transactions: 1, svn: 0.0679 s [49% info (5x), 36% getDir2 content (2x)] (22x), RepositoryConfigService: 0.0138 s [100% getExistingPrefixes (1x)] (2x)
2017-06-22 11:29:50,074 [ajp-nio-8889-exec-5 | u:admin] INFO  TXLOGGER  - Tx 573398a86685c_0_573398a86685c_0_: finished. Total: 0.672 s, svn: 0.637 s [96% endActivity (1x)] (7x), processed revs: [75, 75 (delay 0s)], write: true
2017-06-22 11:29:50,074 [ajp-nio-8889-exec-5 | u:admin] INFO  TXLOGGER  - Summary for 'WorkflowDataService.saveWorkflowDataByContext': Total: 0.673 s, transactions: 1, svn: 0.637 s [96% endActivity (1x)] (7x)
