2017-06-27 11:09:13,215 [main] INFO  com.polarion.platform.startup  - ****************************************************************
2017-06-27 11:09:13,215 [main] INFO  com.polarion.platform.startup  -                 Polarion starting, please wait!                 
2017-06-27 11:09:13,215 [main] INFO  com.polarion.platform.startup  - ****************************************************************
2017-06-27 11:09:13,215 [main] INFO  com.polarion.platform.startup  - Server start mode: normal
2017-06-27 11:09:13,215 [main] INFO  com.polarion.platform.startup  - ------------------------------
2017-06-27 11:09:13,216 [main] INFO  com.polarion.platform.startup  - Platform startup (Phase: 1/9)
2017-06-27 11:09:17,735 [main] INFO  com.polarion.platform.startup  - Opening historical database...
2017-06-27 11:09:17,892 [main] INFO  com.polarion.platform.startup  - Opening of historical database finished [ TIME 0.157 s. ]
2017-06-27 11:09:17,892 [main] INFO  com.polarion.platform.startup  - Opening head database...
2017-06-27 11:09:17,972 [main] INFO  com.polarion.platform.startup  - Opening of head database finished [ TIME 0.079 s. ]
2017-06-27 11:09:18,187 [main | u:p] INFO  com.polarion.platform.startup  -  -- Polarion startup estimation:  [ TIME 43 s. ]
2017-06-27 11:09:18,359 [main | u:p] INFO  com.polarion.platform.startup  - Platform startup ... took  [ TIME 5.16 s. ]
2017-06-27 11:09:18,511 [main | u:p] INFO  com.polarion.platform.startup  - ------------------------------
2017-06-27 11:09:18,511 [main | u:p] INFO  com.polarion.platform.startup  - Context recognition (Phase: 2/9)
2017-06-27 11:09:18,546 [main | u:p] INFO  com.polarion.platform.startup  - Context recognition ... took  [ TIME 0.19 s. ]
2017-06-27 11:09:18,546 [main | u:p] INFO  com.polarion.platform.startup  - ------------------------------
2017-06-27 11:09:18,546 [main | u:p] INFO  com.polarion.platform.startup  - Context initialization (Phase: 3/9)
2017-06-27 11:09:18,549 [LowLevelDataService-contextInitializer-2 | u:p | cluster: default] INFO  com.polarion.platform.startup  -  -- Initializing cluster: default (2/9)
2017-06-27 11:09:18,549 [LowLevelDataService-contextInitializer-5 | u:p | context: library] INFO  com.polarion.platform.startup  -  -- Initializing context: library (1/9)
2017-06-27 11:09:18,549 [LowLevelDataService-contextInitializer-3 | u:p | context: MyPolarion] INFO  com.polarion.platform.startup  -  -- Initializing context: MyPolarion (5/9)
2017-06-27 11:09:18,549 [LowLevelDataService-contextInitializer-4 | u:p | context: --Demo Projects] INFO  com.polarion.platform.startup  -  -- Initializing context: --Demo Projects (4/9)
2017-06-27 11:09:18,549 [LowLevelDataService-contextInitializer-1 | u:p | context: [GLOBAL]] INFO  com.polarion.platform.startup  -  -- Initializing context: [GLOBAL] (3/9)
2017-06-27 11:09:18,553 [LowLevelDataService-contextInitializer-1 | u:p | context: NEW_CAPA] INFO  com.polarion.platform.startup  -  -- Initializing context: NEW_CAPA (6/9)
2017-06-27 11:09:18,657 [LowLevelDataService-contextInitializer-2 | u:p | context: CAPA] INFO  com.polarion.platform.startup  -  -- Initializing context: CAPA (7/9)
2017-06-27 11:09:18,794 [LowLevelDataService-contextInitializer-4 | u:p | context: elibrary] INFO  com.polarion.platform.startup  -  -- Initializing context: elibrary (8/9)
2017-06-27 11:09:18,855 [LowLevelDataService-contextInitializer-2 | u:p | context: drivepilot] INFO  com.polarion.platform.startup  -  -- Initializing context: drivepilot (9/9)
2017-06-27 11:09:19,809 [main | u:p] INFO  com.polarion.platform.startup  - Context initialization ... took  [ TIME 1.26 s. ]
2017-06-27 11:09:19,818 [main | u:p] INFO  com.polarion.platform.startup  - ------------------------------
2017-06-27 11:09:19,818 [main | u:p] INFO  com.polarion.platform.startup  - Revisions processing (Phase: 4/9)
2017-06-27 11:09:20,145 [main | u:p] INFO  com.polarion.platform.startup  -  -- Processing new revisions from repository default in context ContextId[context [global]]
2017-06-27 11:09:20,157 [main | u:p] INFO  com.polarion.platform.startup  - Revisions processing ... took  [ TIME 0.35 s. ]
2017-06-27 11:09:20,215 [main | u:p] INFO  com.polarion.platform.startup  - ------------------------------
2017-06-27 11:09:20,215 [main | u:p] INFO  com.polarion.platform.startup  - Build artifacts recognition (Phase: 5/9)
2017-06-27 11:09:20,225 [main | u:p] INFO  com.polarion.platform.startup  -  -- Processing build artifacts from context: [GLOBAL] (1/9)
2017-06-27 11:09:20,390 [main | u:p] INFO  com.polarion.platform.startup  -  -- Processing build artifacts from cluster: default (2/9)
2017-06-27 11:09:20,443 [main | u:p] INFO  com.polarion.platform.startup  -  -- Processing build artifacts from context: MyPolarion (3/9)
2017-06-27 11:09:20,501 [main | u:p] INFO  com.polarion.platform.startup  -  -- Processing build artifacts from context: --Demo Projects (4/9)
2017-06-27 11:09:20,548 [main | u:p] INFO  com.polarion.platform.startup  -  -- Processing build artifacts from context: library (5/9)
2017-06-27 11:09:20,593 [main | u:p] INFO  com.polarion.platform.startup  -  -- Processing build artifacts from context: NEW_CAPA (6/9)
2017-06-27 11:09:20,645 [main | u:p] INFO  com.polarion.platform.startup  -  -- Processing build artifacts from context: CAPA (7/9)
2017-06-27 11:09:20,795 [main | u:p] INFO  com.polarion.platform.startup  -  -- Processing build artifacts from context: elibrary (8/9)
2017-06-27 11:09:20,995 [main | u:p] INFO  com.polarion.platform.startup  -  -- Processing build artifacts from context: drivepilot (9/9)
2017-06-27 11:09:20,995 [main | u:p] INFO  com.polarion.platform.startup  - Build artifacts recognition ... took  [ TIME 0.84 s. ]
2017-06-27 11:09:20,996 [main | u:p] INFO  com.polarion.platform.startup  - ------------------------------
2017-06-27 11:09:20,996 [main | u:p] INFO  com.polarion.platform.startup  - BIR inspection (Phase: 6/9)
2017-06-27 11:09:21,044 [main | u:p] INFO  com.polarion.platform.startup  - BIR inspection ... took  [ TIME 0.05 s. ]
2017-06-27 11:09:21,070 [main | u:p] INFO  com.polarion.platform.startup  - ------------------------------
2017-06-27 11:09:21,070 [main | u:p] INFO  com.polarion.platform.startup  - Data indexing (Phase: 7/9)
2017-06-27 11:09:21,266 [main | u:p] INFO  com.polarion.platform.startup  -  -- Refreshing 4 objects in index: Build
2017-06-27 11:09:21,268 [main | u:p] INFO  com.polarion.platform.startup  -  -- -- 4 from 4 objects were refreshed (100%)
2017-06-27 11:09:21,502 [main | u:p] INFO  com.polarion.platform.startup  -  -- Refreshing 10 objects in index: BuildArtifact
2017-06-27 11:09:21,512 [main | u:p] INFO  com.polarion.platform.startup  -  -- -- 10 from 10 objects were refreshed (100%)
2017-06-27 11:09:21,645 [main | u:p] INFO  com.polarion.platform.startup  -  -- Refreshing 1 objects in index: Revision
2017-06-27 11:09:21,645 [main | u:p] INFO  com.polarion.platform.startup  -  -- -- 1 from 1 objects were refreshed (100%)
2017-06-27 11:09:21,711 [main | u:p] INFO  com.polarion.platform.startup  - Data indexing ... took  [ TIME 0.67 s. ]
2017-06-27 11:09:21,712 [main | u:p] INFO  com.polarion.platform.startup  - ------------------------------
2017-06-27 11:09:21,712 [main | u:p] INFO  com.polarion.platform.startup  - Fields recalculation (Phase: 8/9)
2017-06-27 11:09:21,732 [main | u:p] INFO  com.polarion.platform.startup  - Fields recalculation ... took  [ TIME 0.02 s. ]
2017-06-27 11:09:21,732 [main | u:p] INFO  com.polarion.platform.startup  - ------------------------------
2017-06-27 11:09:21,732 [main | u:p] INFO  com.polarion.platform.startup  - Polarion startup (Phase: 9/9)
2017-06-27 11:09:56,604 [main] INFO  com.polarion.platform.startup  - Polarion startup ... took  [ TIME 34.87 s. ]
2017-06-27 11:09:56,604 [main] INFO  com.polarion.platform.startup  - ****************************************************************
2017-06-27 11:09:56,604 [main] INFO  com.polarion.platform.startup  -                  Polarion started:  [ TIME 43.4 s. ]
2017-06-27 11:09:56,604 [main] INFO  com.polarion.platform.startup  - ****************************************************************
