2017-06-22 13:56:36,900 [main | u:p] INFO  TXLOGGER  - Summary for 'Platform startup': transactions: 0, DB: 0.0418 s [51% update (126x), 48% query (13x)] (206x), svn: 0.0237 s [86% checkPath (1x)] (3x)
2017-06-22 13:56:37,116 [main | u:p] INFO  TXLOGGER  - Summary for 'Context recognition': transactions: 0, svn: 0.0944 s [43% info (3x), 31% getDir2 content (2x), 27% getFile content (1x)] (6x)
2017-06-22 13:56:38,608 [LowLevelDataService-contextInitializer-3 | u:p] INFO  TXLOGGER  - Summary: Total: 1.49 s, transactions: 0, ObjectMaps: 0.308 s [100% getAllPrimaryObjects (1x)] (7x)
2017-06-22 13:56:38,608 [LowLevelDataService-contextInitializer-2 | u:p] INFO  TXLOGGER  - Summary: Total: 1.49 s, transactions: 0, svn: 0.218 s [98% log2 (6x)] (8x)
2017-06-22 13:56:38,608 [LowLevelDataService-contextInitializer-4 | u:p] INFO  TXLOGGER  - Summary: Total: 1.49 s, transactions: 0, svn: 0.357 s [51% log2 (10x), 21% log (1x), 16% info (4x)] (21x)
2017-06-22 13:56:38,608 [LowLevelDataService-contextInitializer-1 | u:p] INFO  TXLOGGER  - Summary: Total: 1.49 s, transactions: 0, svn: 0.119 s [99% log2 (5x)] (6x)
2017-06-22 13:56:38,608 [LowLevelDataService-contextInitializer-5 | u:p] INFO  TXLOGGER  - Summary: Total: 1.49 s, transactions: 0, svn: 0.133 s [98% log2 (5x)] (6x)
2017-06-22 13:56:38,609 [main | u:p] INFO  TXLOGGER  - Summary for 'Context initialization': transactions: 0, svn: 0.867 s [79% log2 (31x), 9% log (1x)] (47x), ObjectMaps: 0.457 s [100% getAllPrimaryObjects (7x)] (55x)
2017-06-22 13:56:38,919 [main | u:p] INFO  TXLOGGER  - Summary for 'Revisions processing': transactions: 14, RepositoryConfigService: 0.192 s [100% getReadConfiguration (42x)] (42x), svn: 0.105 s [91% info (15x)] (32x)
2017-06-22 13:56:39,636 [main | u:p] INFO  TXLOGGER  - Summary for 'Build artifacts recognition': transactions: 40, svn: 0.561 s [86% info (78x)] (131x), RepositoryConfigService: 0.461 s [100% getReadConfiguration (80x)] (80x)
2017-06-22 13:56:40,288 [main | u:p] INFO  TXLOGGER  - Summary for 'Data indexing': transactions: 0, Lucene: 0.284 s [100% refresh (2x)] (2x), SubterraURITable: 0.024 s [100% addIfNotExistsDB (17x)] (17x), DB: 0.0217 s [50% update (38x), 23% query (17x), 20% execute (12x)] (103x)
2017-06-22 13:57:17,416 [main] INFO  TXLOGGER  - Summary for 'Polarion startup': transactions: 1, svn: 0.422 s [79% info (47x), 11% getDir2 content (5x)] (69x), resolve: 0.0875 s [98% User (1x)] (4x), RepositoryConfigService: 0.04 s [100% getReadConfiguration (2x)] (6x)
2017-06-22 13:57:17,533 [Persistence Events Processing Thread | u:p] INFO  TXLOGGER  - Summary: Total: 0.111 s, transactions: 6, persistence listener: 0.111 s [94% notificationsCreatingListener (1x)] (7x)
2017-06-22 13:57:17,620 [Worker-0 | u:p | job: polarion.jobs.attachment.indexer] INFO  TXLOGGER  - Summary after AttachmentIndexer: transactions: 48, persistence listener: 0.113 s [92% notificationsCreatingListener (8x)] (56x), Lucene: 0.0985 s [100% add (2x)] (2x), resolve: 0.00634 s [63% User (2x), 37% Revision (3x)] (5x)
2017-06-22 13:57:18,133 [ajp-nio-8889-exec-6 | u:admin] INFO  TXLOGGER  - Tx 5733ba67e7839_0_5733ba67e7839_0_: finished. Total: 1.88 s, svn: 1.21 s [67% info (63x), 17% getFile content (12x)] (91x), resolve: 1.19 s [61% WorkItem (3x), 29% ModuleAttachment (6x)] (18x), RepositoryConfigService: 0.734 s [86% getReadConfiguration (180x)] (198x), calculatedFieldsContributor: 0.127 s [100% fields (3x)] (4x), ObjectMaps: 0.0988 s [49% getLastPromoted (13x), 26% getLocalIdsForLocation (11x), 19% getPrimaryObjectLocation (13x)] (55x)
2017-06-22 13:57:18,356 [ajp-nio-8889-exec-6 | u:admin] INFO  TXLOGGER  - Summary for 'WorkItemDataService.loadInstances': Total: 2.1 s, transactions: 1, svn: 1.21 s [67% info (63x), 17% getFile content (12x)] (91x), resolve: 1.19 s [61% WorkItem (3x), 29% ModuleAttachment (6x)] (18x), RepositoryConfigService: 0.734 s [86% getReadConfiguration (180x)] (198x), calculatedFieldsContributor: 0.127 s [100% fields (3x)] (4x)
2017-06-22 13:57:18,905 [PreLoadDataService | u:p] INFO  TXLOGGER  - Tx 5733ba690cc3a_0_5733ba690cc3a_0_: finished. Total: 1.48 s, svn: 0.935 s [42% getDir2 content (23x), 29% info (19x), 28% getFile content (15x)] (60x), resolve: 0.602 s [55% Category (8x), 45% TimePoint (5x)] (13x), ObjectMaps: 0.151 s [56% getPrimaryObjectLocation (13x), 28% getLastPromoted (13x)] (54x), RepositoryConfigService: 0.0881 s [100% getReadConfiguration (2x)] (2x)
2017-06-22 13:57:19,599 [PreLoadDataService | u:p] INFO  TXLOGGER  - Tx 5733ba6abd86c_0_5733ba6abd86c_0_: finished. Total: 0.441 s, svn: 0.275 s [54% getFile content (12x), 46% info (10x)] (23x), RepositoryConfigService: 0.217 s [84% getReadConfiguration (72x)] (74x), resolve: 0.163 s [100% User (8x)] (8x)
2017-06-22 13:57:19,904 [DBHistoryCreator-2 | u:p] INFO  TXLOGGER  - Summary: Total: 2.22 s, transactions: 0
2017-06-22 13:57:19,904 [DBHistoryCreator-1 | u:p] INFO  TXLOGGER  - Summary: Total: 2.22 s, transactions: 0
2017-06-22 13:57:19,906 [Worker-1 | u:p | job: polarion.jobs.db.history] INFO  TXLOGGER  - Summary after DBHistoryCreator: transactions: 1, svn: 1.21 s [67% info (63x), 17% getFile content (12x)] (92x), resolve: 1.19 s [61% WorkItem (3x), 29% ModuleAttachment (6x)] (19x), RepositoryConfigService: 0.734 s [86% getReadConfiguration (180x)] (198x), calculatedFieldsContributor: 0.127 s [100% fields (3x)] (4x), ObjectMaps: 0.0988 s [49% getLastPromoted (13x), 26% getLocalIdsForLocation (11x), 19% getPrimaryObjectLocation (13x)] (55x), Lucene: 0.0649 s [75% add (1x), 25% search (3x)] (4x)
2017-06-22 13:57:19,906 [Worker-1 | u:p] INFO  TXLOGGER  - Summary for 'job: polarion.jobs.db.history': Total: 2.29 s, transactions: 0, SubterraURITable: 1.76 s [100% getDB (4035x)] (4035x), DB: 1.64 s [50% query (4061x), 29% update (4036x), 20% commit (4036x)] (20267x)
2017-06-22 13:57:20,090 [PreLoadDataService | u:p] INFO  TXLOGGER  - Tx 5733ba6b2bc6d_0_5733ba6b2bc6d_0_: finished. Total: 0.491 s, svn: 0.426 s [69% info (29x), 31% getFile content (12x)] (42x), RepositoryConfigService: 0.226 s [67% getReadConfiguration (55x), 33% getExistingPrefixes (9x)] (73x)
2017-06-22 13:57:20,253 [ajp-nio-8889-exec-5 | u:admin] INFO  TXLOGGER  - Tx 5733ba67e7838_0_5733ba67e7838_0_: finished. Total: 4 s, resolve: 3.06 s [58% WorkItem (13x), 31% ModuleAttachment (14x)] (56x), svn: 2.98 s [56% info (121x), 20% getDir2 content (29x), 17% getFile content (32x)] (199x), RepositoryConfigService: 0.921 s [90% getReadConfiguration (777x)] (847x)
2017-06-22 13:57:20,261 [ajp-nio-8889-exec-5 | u:admin] INFO  TXLOGGER  - Summary for 'WorkItemDataService.loadInstances': Total: 4.01 s, transactions: 1, resolve: 3.06 s [58% WorkItem (13x), 31% ModuleAttachment (14x)] (56x), svn: 2.98 s [56% info (121x), 20% getDir2 content (29x), 17% getFile content (32x)] (199x), RepositoryConfigService: 0.921 s [90% getReadConfiguration (777x)] (847x)
2017-06-22 13:57:20,941 [PreLoadDataService | u:p] INFO  TXLOGGER  - Tx 5733ba6ba686e_0_5733ba6ba686e_0_: finished. Total: 0.85 s, svn: 0.786 s [46% getFile content (38x), 32% info (31x), 22% getDir2 content (13x)] (83x), RepositoryConfigService: 0.49 s [84% getReadConfiguration (164x)] (175x)
2017-06-22 13:57:21,725 [PreLoadDataService | u:p] INFO  TXLOGGER  - Tx 5733ba6c7b86f_0_5733ba6c7b86f_0_: finished. Total: 0.783 s, svn: 0.727 s [59% info (74x), 34% getFile content (35x)] (114x), RepositoryConfigService: 0.614 s [51% getExistingPrefixes (30x), 49% getReadConfiguration (295x)] (370x)
2017-06-22 13:57:22,243 [PreLoadDataService | u:p] INFO  TXLOGGER  - Tx 5733ba6d3f470_0_5733ba6d3f470_0_: finished. Total: 0.518 s, svn: 0.497 s [45% info (36x), 31% getFile content (21x), 25% getDir2 content (13x)] (71x), RepositoryConfigService: 0.263 s [63% getReadConfiguration (88x), 37% getExistingPrefixes (11x)] (110x)
2017-06-22 13:57:22,554 [PreLoadDataService | u:p] INFO  TXLOGGER  - Tx 5733ba6dc0c71_0_5733ba6dc0c71_0_: finished. Total: 0.31 s, svn: 0.3 s [66% info (35x), 18% getDir2 content (8x)] (52x), RepositoryConfigService: 0.132 s [51% getExistingPrefixes (9x), 49% getReadConfiguration (38x)] (54x)
2017-06-22 13:57:23,019 [PreLoadDataService | u:p] INFO  TXLOGGER  - Tx 5733ba6e0e872_0_5733ba6e0e872_0_: finished. Total: 0.465 s, svn: 0.433 s [41% info (34x), 38% getFile content (24x), 21% getDir2 content (9x)] (68x), RepositoryConfigService: 0.266 s [74% getReadConfiguration (87x), 26% getExistingPrefixes (11x)] (109x)
2017-06-22 13:57:23,019 [PreLoadDataService] INFO  TXLOGGER  - Summary for 'PreloadDataService': Total: 5.59 s, transactions: 9, svn: 4.48 s [45% info (274x), 35% getFile content (169x), 20% getDir2 content (72x)] (528x), RepositoryConfigService: 2.3 s [68% getReadConfiguration (801x), 30% getExistingPrefixes (79x)] (967x), resolve: 0.933 s [36% Category (8x), 29% TimePoint (5x), 18% Project (5x)] (26x)
2017-06-22 13:57:23,019 [PreLoadDataService] INFO  TXLOGGER  - Summary after preload: transactions: 10, svn: 7.46 s [49% info (395x), 28% getFile content (201x), 20% getDir2 content (101x)] (728x), resolve: 3.99 s [45% WorkItem (13x), 24% ModuleAttachment (14x), 8% Category (8x), 7% Module (26x)] (83x), RepositoryConfigService: 3.22 s [74% getReadConfiguration (1578x), 25% getExistingPrefixes (143x)] (1814x), SubterraURITable: 1.76 s [100% getDB (4035x)] (4035x), DB: 1.64 s [50% query (4061x), 29% update (4036x), 20% commit (4036x)] (20267x), ObjectMaps: 0.375 s [36% getPrimaryObjectLocation (58x), 32% getLastPromoted (58x), 19% getPrimaryObjectProperty (44x)] (241x)
2017-06-22 14:00:01,724 [Worker-1 | u:p] INFO  TXLOGGER  - Summary for 'job: update.plan.refresh.index': Total: 0.767 s, transactions: 0, resolve: 0.494 s [94% WorkItem (15x)] (167x), svn: 0.428 s [34% getFile content (16x), 33% getDir2 content (16x), 33% info (17x)] (50x), Lucene: 0.194 s [100% refresh (1x)] (2x), DB: 0.0542 s [79% update (181x), 21% execute (38x)] (220x)
2017-06-22 14:00:01,754 [Worker-0 | u:p] INFO  TXLOGGER  - Summary for 'job: update.plan': Total: 1.68 s, transactions: 10, resolve: 0.659 s [91% WorkItems (2x)] (96x), svn: 0.56 s [35% info (24x), 34% getFile content (22x), 31% getDir2 content (19x)] (77x)
