2017-06-22 11:13:56,824 [main | u:p] INFO  TXLOGGER  - Summary for 'Platform startup': transactions: 0, DB: 0.0537 s [63% query (13x), 36% update (126x)] (206x), svn: 0.0255 s [84% checkPath (1x)] (3x)
2017-06-22 11:13:57,051 [main | u:p] INFO  TXLOGGER  - Summary for 'Context recognition': transactions: 0, svn: 0.0961 s [44% getDir2 content (2x), 31% info (3x), 25% getFile content (1x)] (6x)
2017-06-22 11:13:58,425 [LowLevelDataService-contextInitializer-1 | u:p] INFO  TXLOGGER  - Summary: Total: 1.37 s, transactions: 0
2017-06-22 11:13:58,425 [LowLevelDataService-contextInitializer-3 | u:p] INFO  TXLOGGER  - Summary: Total: 1.37 s, transactions: 0, ObjectMaps: 0.26 s [100% getAllPrimaryObjects (1x)] (7x)
2017-06-22 11:13:58,425 [LowLevelDataService-contextInitializer-4 | u:p] INFO  TXLOGGER  - Summary: Total: 1.37 s, transactions: 0, svn: 0.163 s [98% log2 (10x)] (12x)
2017-06-22 11:13:58,425 [LowLevelDataService-contextInitializer-2 | u:p] INFO  TXLOGGER  - Summary: Total: 1.37 s, transactions: 0, svn: 0.16 s [98% log2 (6x)] (8x)
2017-06-22 11:13:58,425 [LowLevelDataService-contextInitializer-5 | u:p] INFO  TXLOGGER  - Summary: Total: 1.37 s, transactions: 0, svn: 0.239 s [33% log (1x), 25% log2 (5x), 23% info (4x)] (15x)
2017-06-22 11:13:58,426 [main | u:p] INFO  TXLOGGER  - Summary for 'Context initialization': transactions: 0, svn: 0.656 s [71% log2 (31x), 12% log (1x)] (47x), ObjectMaps: 0.412 s [99% getAllPrimaryObjects (7x)] (55x)
2017-06-22 11:13:58,742 [main | u:p] INFO  TXLOGGER  - Summary for 'Revisions processing': transactions: 14, RepositoryConfigService: 0.204 s [100% getReadConfiguration (42x)] (42x), svn: 0.114 s [91% info (15x)] (32x)
2017-06-22 11:13:59,494 [main | u:p] INFO  TXLOGGER  - Summary for 'Build artifacts recognition': transactions: 40, svn: 0.586 s [85% info (78x)] (131x), RepositoryConfigService: 0.5 s [100% getReadConfiguration (80x)] (80x)
2017-06-22 11:14:00,167 [main | u:p] INFO  TXLOGGER  - Summary for 'Data indexing': transactions: 0, Lucene: 0.282 s [100% refresh (2x)] (2x), DB: 0.036 s [67% update (38x), 15% execute (12x)] (103x), SubterraURITable: 0.0226 s [100% addIfNotExistsDB (17x)] (17x)
2017-06-22 11:14:36,214 [main] INFO  TXLOGGER  - Summary for 'Polarion startup': transactions: 1, svn: 0.347 s [79% info (47x), 11% getDir2 content (5x)] (66x), RepositoryConfigService: 0.0407 s [100% getReadConfiguration (2x)] (2x)
2017-06-22 11:14:36,351 [Persistence Events Processing Thread | u:p] INFO  TXLOGGER  - Summary: Total: 0.131 s, transactions: 6, persistence listener: 0.131 s [94% notificationsCreatingListener (1x)] (7x)
2017-06-22 11:14:36,460 [Worker-0 | u:p | job: polarion.jobs.attachment.indexer] INFO  TXLOGGER  - Summary after AttachmentIndexer: transactions: 48, persistence listener: 0.134 s [92% notificationsCreatingListener (8x)] (56x), Lucene: 0.124 s [100% add (2x)] (2x), resolve: 0.0412 s [93% User (2x)] (5x), ObjectMaps: 0.012 s [100% getPrimaryObjectLocation (2x)] (2x)
2017-06-22 11:14:37,198 [PreLoadDataService | u:p] INFO  TXLOGGER  - Tx 5733952ca0038_0_5733952ca0038_0_: finished. Total: 0.973 s, svn: 0.543 s [58% getDir2 content (25x), 41% getFile content (15x)] (43x), resolve: 0.506 s [50% TimePoint (5x), 50% Category (8x)] (13x), ObjectMaps: 0.0544 s [49% getPrimaryObjectLocation (13x), 30% getPrimaryObjectProperty (13x), 21% getLastPromoted (13x)] (55x)
2017-06-22 11:14:37,781 [PreLoadDataService | u:p] INFO  TXLOGGER  - Tx 5733952dca86a_0_5733952dca86a_0_: finished. Total: 0.362 s, svn: 0.22 s [55% getFile content (14x), 45% info (10x)] (25x), RepositoryConfigService: 0.167 s [85% getReadConfiguration (72x)] (74x), resolve: 0.163 s [100% User (8x)] (8x), ObjectMaps: 0.0233 s [43% getPrimaryObjectLocation (8x), 30% getPrimaryObjectProperty (8x), 27% getLastPromoted (8x)] (33x)
2017-06-22 11:14:37,918 [PreLoadDataService | u:p] INFO  TXLOGGER  - Tx 5733952e2546b_0_5733952e2546b_0_: finished. Total: 0.137 s, RepositoryConfigService: 0.112 s [98% getReadConfiguration (55x)] (78x), svn: 0.0921 s [100% getFile content (13x)] (14x)
2017-06-22 11:14:38,183 [DBHistoryCreator-1 | u:p] INFO  TXLOGGER  - Summary: Total: 1.74 s, transactions: 0
2017-06-22 11:14:38,183 [DBHistoryCreator-2 | u:p] INFO  TXLOGGER  - Summary: Total: 1.74 s, transactions: 0
2017-06-22 11:14:38,184 [Worker-1 | u:p | job: polarion.jobs.db.history] INFO  TXLOGGER  - Summary after DBHistoryCreator: transactions: 0, Lucene: 0.0379 s [100% add (1x)] (1x), DB: 0.00214 s [78% update (2x), 22% commit (2x)] (4x)
2017-06-22 11:14:38,184 [Worker-1 | u:p] INFO  TXLOGGER  - Summary for 'job: polarion.jobs.db.history': Total: 1.75 s, transactions: 0, DB: 1.33 s [58% query (4035x), 26% update (4010x)] (20127x), SubterraURITable: 1.2 s [100% getDB (4009x)] (4009x)
2017-06-22 11:14:38,873 [PreLoadDataService | u:p] INFO  TXLOGGER  - Tx 5733952e4786c_0_5733952e4786c_0_: finished. Total: 0.955 s, svn: 0.883 s [68% getFile content (47x), 32% getDir2 content (17x)] (65x), RepositoryConfigService: 0.658 s [100% getReadConfiguration (164x)] (180x)
2017-06-22 11:14:39,201 [PreLoadDataService | u:p] INFO  TXLOGGER  - Tx 5733952f3646d_0_5733952f3646d_0_: finished. Total: 0.328 s, RepositoryConfigService: 0.275 s [99% getReadConfiguration (295x)] (370x), svn: 0.272 s [84% getFile content (35x)] (42x)
2017-06-22 11:14:39,550 [PreLoadDataService | u:p] INFO  TXLOGGER  - Tx 5733952f8846e_0_5733952f8846e_0_: finished. Total: 0.349 s, svn: 0.316 s [54% getFile content (21x), 46% getDir2 content (17x)] (39x), RepositoryConfigService: 0.2 s [100% getReadConfiguration (88x)] (110x)
2017-06-22 11:14:39,667 [PreLoadDataService | u:p] INFO  TXLOGGER  - Tx 5733952fdf86f_0_5733952fdf86f_0_: finished. Total: 0.115 s, svn: 0.106 s [58% getDir2 content (11x), 42% getFile content (8x)] (20x), RepositoryConfigService: 0.0512 s [99% getReadConfiguration (38x)] (54x)
2017-06-22 11:14:39,928 [PreLoadDataService | u:p] INFO  TXLOGGER  - Tx 5733952ffcc70_0_5733952ffcc70_0_: finished. Total: 0.262 s, svn: 0.243 s [58% getFile content (24x), 42% getDir2 content (12x)] (37x), RepositoryConfigService: 0.156 s [99% getReadConfiguration (87x)] (109x)
2017-06-22 11:14:39,929 [PreLoadDataService] INFO  TXLOGGER  - Summary for 'PreloadDataService': Total: 3.71 s, transactions: 9, svn: 2.76 s [60% getFile content (182x), 35% getDir2 content (90x)] (301x), RepositoryConfigService: 1.65 s [98% getReadConfiguration (801x)] (981x), resolve: 0.824 s [31% TimePoint (5x), 31% Category (8x), 20% User (8x)] (26x)
2017-06-22 11:14:39,929 [PreLoadDataService] INFO  TXLOGGER  - Summary after preload: transactions: 9, svn: 2.76 s [60% getFile content (182x), 35% getDir2 content (90x)] (302x), RepositoryConfigService: 1.65 s [98% getReadConfiguration (801x)] (981x), DB: 1.33 s [58% query (4035x), 26% update (4010x)] (20127x), SubterraURITable: 1.2 s [100% getDB (4009x)] (4009x), resolve: 0.824 s [31% TimePoint (5x), 31% Category (8x), 20% User (9x)] (27x)
2017-06-22 11:15:20,047 [ajp-nio-8889-exec-5 | u:admin] INFO  TXLOGGER  - Summary for 'PortalDataService.requestPortalSite': Total: 0.332 s, transactions: 10, RepositoryConfigService: 0.0931 s [85% getReadConfiguration (18x)] (28x), svn: 0.0835 s [47% info (5x), 34% getFile content (4x)] (21x)
2017-06-22 11:18:08,932 [ajp-nio-8889-exec-9 | u:admin | uri:/polarion/wiki/bin/view/project/drivepilot/page/Home | wiki: view http://localhost/polarion/wiki/bin/view/project/drivepilot/page/Home] INFO  TXLOGGER  - Tx 573395fbe0c85_0_573395fbe0c85_0_: finished. Total: 0.481 s, svn: 0.329 s [87% info (36x)] (43x), resolve: 0.244 s [99% WikiPage (24x)] (38x)
2017-06-22 11:18:08,963 [ajp-nio-8889-exec-9] INFO  TXLOGGER  - Summary for 'servlet /polarion/wiki/bin/view/project/drivepilot/page/Home': Total: 1.86 s, transactions: 6, Velocity: 1.51 s [100% evaluate in Wiki (1x)] (1x), svn: 1.12 s [80% info (132x)] (163x), resolve: 0.293 s [99% WikiPage (41x)] (59x)
2017-06-22 11:18:09,146 [ajp-nio-8889-exec-3] INFO  TXLOGGER  - Summary for 'servlet /polarion/wiki/bin/download/project/drivepilot/page/_default/Home/project_logo.jpg': Total: 0.149 s, transactions: 0, svn: 0.0161 s [100% info (2x)] (2x)
