2017-06-22 13:24:52,867 [main | u:p] INFO  com.polarion.platform.jobs.internal.service.scheduler.JobSchedulerService  - Updating local scheduler state: start
2017-06-22 13:24:52,891 [main | u:p | u:p] INFO  com.polarion.platform.jobs.internal.service.scheduler.JobSchedulerService  - 16 scheduled job(s) configured
2017-06-22 13:25:29,882 [Thread-34] INFO  com.polarion.platform.jobs.info  - Job "Attachment Indexer" has id cecc88c5-927abeae-7aef21bb-31035006
2017-06-22 13:25:29,886 [Thread-34] INFO  com.polarion.platform.jobs.info  - State of job "Attachment Indexer" changed to UNSCHEDULED
2017-06-22 13:25:29,892 [Thread-34] INFO  com.polarion.platform.jobs.info  - Working directory of root job "Attachment Indexer" is C:\Polarion\data\workspace\polarion-data\jobs\20170622-1325
2017-06-22 13:25:29,895 [Thread-34] INFO  com.polarion.platform.jobs.info  - Job "Attachment Indexer" runs as user "polarion"
2017-06-22 13:25:29,899 [Thread-34 | u:p] INFO  com.polarion.platform.jobs.info  - State of job "Attachment Indexer" changed to ACTIVATING
2017-06-22 13:25:29,905 [Thread-34 | u:p] INFO  com.polarion.platform.jobs.info  - State of job "Attachment Indexer" changed to WAITING
2017-06-22 13:25:29,918 [Worker-0 | u:p] INFO  com.polarion.platform.jobs.info  - State of job "Attachment Indexer" changed to RUNNING
2017-06-22 13:25:29,919 [Thread-34] INFO  com.polarion.platform.jobs.info  - Job "DB History Creator" has id cecc88f6-927abeae-7aef21bb-323d2edb
2017-06-22 13:25:29,922 [Thread-34] INFO  com.polarion.platform.jobs.info  - State of job "DB History Creator" changed to UNSCHEDULED
2017-06-22 13:25:29,928 [Thread-34] INFO  com.polarion.platform.jobs.info  - Working directory of root job "DB History Creator" is C:\Polarion\data\workspace\polarion-data\jobs\20170622-1325_0
2017-06-22 13:25:29,931 [Thread-34] INFO  com.polarion.platform.jobs.info  - Job "DB History Creator" runs as user "polarion"
2017-06-22 13:25:29,936 [Thread-34 | u:p] INFO  com.polarion.platform.jobs.info  - State of job "DB History Creator" changed to ACTIVATING
2017-06-22 13:25:29,941 [Thread-34 | u:p] INFO  com.polarion.platform.jobs.info  - State of job "DB History Creator" changed to WAITING
2017-06-22 13:25:29,949 [Worker-1 | u:p] INFO  com.polarion.platform.jobs.info  - State of job "DB History Creator" changed to RUNNING
2017-06-22 13:25:30,089 [Worker-0 | u:p] INFO  com.polarion.platform.jobs.info  - State of job "Attachment Indexer" changed to FINISHED
2017-06-22 13:25:30,092 [Worker-0 | u:p] INFO  com.polarion.platform.jobs.info  - Status of job "Attachment Indexer" is OK
2017-06-22 13:25:31,723 [Worker-1 | u:p] INFO  com.polarion.platform.jobs.info  - State of job "DB History Creator" changed to FINISHED
2017-06-22 13:25:31,726 [Worker-1 | u:p] INFO  com.polarion.platform.jobs.info  - Status of job "DB History Creator" is OK
