2017-06-26 17:44:26,696 [main] INFO  com.polarion.platform.startup  - ****************************************************************
2017-06-26 17:44:26,696 [main] INFO  com.polarion.platform.startup  -                 Polarion starting, please wait!                 
2017-06-26 17:44:26,696 [main] INFO  com.polarion.platform.startup  - ****************************************************************
2017-06-26 17:44:26,696 [main] INFO  com.polarion.platform.startup  - Server start mode: normal
2017-06-26 17:44:26,696 [main] INFO  com.polarion.platform.startup  - ------------------------------
2017-06-26 17:44:26,697 [main] INFO  com.polarion.platform.startup  - Platform startup (Phase: 1/9)
2017-06-26 17:44:31,179 [main] INFO  com.polarion.platform.startup  - Opening historical database...
2017-06-26 17:44:31,333 [main] INFO  com.polarion.platform.startup  - Opening of historical database finished [ TIME 0.154 s. ]
2017-06-26 17:44:31,333 [main] INFO  com.polarion.platform.startup  - Opening head database...
2017-06-26 17:44:31,398 [main] INFO  com.polarion.platform.startup  - Opening of head database finished [ TIME 0.0654 s. ]
2017-06-26 17:44:31,610 [main | u:p] INFO  com.polarion.platform.startup  -  -- Polarion startup estimation:  [ TIME 43 s. ]
2017-06-26 17:44:31,779 [main | u:p] INFO  com.polarion.platform.startup  - Platform startup ... took  [ TIME 5.09 s. ]
2017-06-26 17:44:31,939 [main | u:p] INFO  com.polarion.platform.startup  - ------------------------------
2017-06-26 17:44:31,939 [main | u:p] INFO  com.polarion.platform.startup  - Context recognition (Phase: 2/9)
2017-06-26 17:44:31,967 [main | u:p] INFO  com.polarion.platform.startup  - Context recognition ... took  [ TIME 0.19 s. ]
2017-06-26 17:44:31,968 [main | u:p] INFO  com.polarion.platform.startup  - ------------------------------
2017-06-26 17:44:31,968 [main | u:p] INFO  com.polarion.platform.startup  - Context initialization (Phase: 3/9)
2017-06-26 17:44:31,971 [LowLevelDataService-contextInitializer-2 | u:p | cluster: default] INFO  com.polarion.platform.startup  -  -- Initializing cluster: default (3/9)
2017-06-26 17:44:31,971 [LowLevelDataService-contextInitializer-4 | u:p | context: --Demo Projects] INFO  com.polarion.platform.startup  -  -- Initializing context: --Demo Projects (4/9)
2017-06-26 17:44:31,971 [LowLevelDataService-contextInitializer-1 | u:p | context: [GLOBAL]] INFO  com.polarion.platform.startup  -  -- Initializing context: [GLOBAL] (1/9)
2017-06-26 17:44:31,971 [LowLevelDataService-contextInitializer-5 | u:p | context: library] INFO  com.polarion.platform.startup  -  -- Initializing context: library (5/9)
2017-06-26 17:44:31,971 [LowLevelDataService-contextInitializer-3 | u:p | context: MyPolarion] INFO  com.polarion.platform.startup  -  -- Initializing context: MyPolarion (2/9)
2017-06-26 17:44:31,977 [LowLevelDataService-contextInitializer-1 | u:p | context: NEW_CAPA] INFO  com.polarion.platform.startup  -  -- Initializing context: NEW_CAPA (6/9)
2017-06-26 17:44:32,073 [LowLevelDataService-contextInitializer-2 | u:p | context: CAPA] INFO  com.polarion.platform.startup  -  -- Initializing context: CAPA (7/9)
2017-06-26 17:44:32,180 [LowLevelDataService-contextInitializer-4 | u:p | context: elibrary] INFO  com.polarion.platform.startup  -  -- Initializing context: elibrary (8/9)
2017-06-26 17:44:32,204 [LowLevelDataService-contextInitializer-2 | u:p | context: drivepilot] INFO  com.polarion.platform.startup  -  -- Initializing context: drivepilot (9/9)
2017-06-26 17:44:33,231 [main | u:p] INFO  com.polarion.platform.startup  - Context initialization ... took  [ TIME 1.26 s. ]
2017-06-26 17:44:33,243 [main | u:p] INFO  com.polarion.platform.startup  - ------------------------------
2017-06-26 17:44:33,243 [main | u:p] INFO  com.polarion.platform.startup  - Revisions processing (Phase: 4/9)
2017-06-26 17:44:33,523 [main | u:p] INFO  com.polarion.platform.startup  -  -- Processing new revisions from repository default in context ContextId[context [global]]
2017-06-26 17:44:33,532 [main | u:p] INFO  com.polarion.platform.startup  - Revisions processing ... took  [ TIME 0.3 s. ]
2017-06-26 17:44:33,590 [main | u:p] INFO  com.polarion.platform.startup  - ------------------------------
2017-06-26 17:44:33,590 [main | u:p] INFO  com.polarion.platform.startup  - Build artifacts recognition (Phase: 5/9)
2017-06-26 17:44:33,600 [main | u:p] INFO  com.polarion.platform.startup  -  -- Processing build artifacts from context: [GLOBAL] (1/9)
2017-06-26 17:44:33,737 [main | u:p] INFO  com.polarion.platform.startup  -  -- Processing build artifacts from cluster: default (2/9)
2017-06-26 17:44:33,777 [main | u:p] INFO  com.polarion.platform.startup  -  -- Processing build artifacts from context: MyPolarion (3/9)
2017-06-26 17:44:33,832 [main | u:p] INFO  com.polarion.platform.startup  -  -- Processing build artifacts from context: --Demo Projects (4/9)
2017-06-26 17:44:33,885 [main | u:p] INFO  com.polarion.platform.startup  -  -- Processing build artifacts from context: library (5/9)
2017-06-26 17:44:33,926 [main | u:p] INFO  com.polarion.platform.startup  -  -- Processing build artifacts from context: NEW_CAPA (6/9)
2017-06-26 17:44:33,972 [main | u:p] INFO  com.polarion.platform.startup  -  -- Processing build artifacts from context: CAPA (7/9)
2017-06-26 17:44:34,118 [main | u:p] INFO  com.polarion.platform.startup  -  -- Processing build artifacts from context: elibrary (8/9)
2017-06-26 17:44:34,277 [main | u:p] INFO  com.polarion.platform.startup  -  -- Processing build artifacts from context: drivepilot (9/9)
2017-06-26 17:44:34,278 [main | u:p] INFO  com.polarion.platform.startup  - Build artifacts recognition ... took  [ TIME 0.75 s. ]
2017-06-26 17:44:34,279 [main | u:p] INFO  com.polarion.platform.startup  - ------------------------------
2017-06-26 17:44:34,279 [main | u:p] INFO  com.polarion.platform.startup  - BIR inspection (Phase: 6/9)
2017-06-26 17:44:34,322 [main | u:p] INFO  com.polarion.platform.startup  - BIR inspection ... took  [ TIME 0.04 s. ]
2017-06-26 17:44:34,350 [main | u:p] INFO  com.polarion.platform.startup  - ------------------------------
2017-06-26 17:44:34,350 [main | u:p] INFO  com.polarion.platform.startup  - Data indexing (Phase: 7/9)
2017-06-26 17:44:34,565 [main | u:p] INFO  com.polarion.platform.startup  -  -- Refreshing 10 objects in index: BuildArtifact
2017-06-26 17:44:34,582 [main | u:p] INFO  com.polarion.platform.startup  -  -- -- 10 from 10 objects were refreshed (100%)
2017-06-26 17:44:34,845 [main | u:p] INFO  com.polarion.platform.startup  -  -- Refreshing 1 objects in index: Revision
2017-06-26 17:44:34,845 [main | u:p] INFO  com.polarion.platform.startup  -  -- -- 1 from 1 objects were refreshed (100%)
2017-06-26 17:44:34,899 [main | u:p] INFO  com.polarion.platform.startup  - Data indexing ... took  [ TIME 0.58 s. ]
2017-06-26 17:44:34,900 [main | u:p] INFO  com.polarion.platform.startup  - ------------------------------
2017-06-26 17:44:34,900 [main | u:p] INFO  com.polarion.platform.startup  - Fields recalculation (Phase: 8/9)
2017-06-26 17:44:34,917 [main | u:p] INFO  com.polarion.platform.startup  - Fields recalculation ... took  [ TIME 0.02 s. ]
2017-06-26 17:44:34,917 [main | u:p] INFO  com.polarion.platform.startup  - ------------------------------
2017-06-26 17:44:34,917 [main | u:p] INFO  com.polarion.platform.startup  - Polarion startup (Phase: 9/9)
2017-06-26 17:45:10,268 [main] INFO  com.polarion.platform.startup  - Polarion startup ... took  [ TIME 35.35 s. ]
2017-06-26 17:45:10,269 [main] INFO  com.polarion.platform.startup  - ****************************************************************
2017-06-26 17:45:10,269 [main] INFO  com.polarion.platform.startup  -                  Polarion started:  [ TIME 43.6 s. ]
2017-06-26 17:45:10,269 [main] INFO  com.polarion.platform.startup  - ****************************************************************
