2017-06-22 16:42:53,817 [main | u:p] INFO  TXLOGGER  - Summary for 'Platform startup': transactions: 0, DB: 0.042 s [50% update (126x), 49% query (13x)] (206x), svn: 0.0236 s [87% checkPath (1x)] (3x)
2017-06-22 16:42:54,003 [main | u:p] INFO  TXLOGGER  - Summary for 'Context recognition': transactions: 0, svn: 0.0705 s [35% info (3x), 35% getDir2 content (2x), 30% getFile content (1x)] (6x)
2017-06-22 16:42:55,260 [LowLevelDataService-contextInitializer-5 | u:p] INFO  TXLOGGER  - Summary: Total: 1.25 s, transactions: 0, svn: 0.0686 s [98% log2 (5x)] (6x)
2017-06-22 16:42:55,260 [LowLevelDataService-contextInitializer-3 | u:p] INFO  TXLOGGER  - Summary: Total: 1.25 s, transactions: 0, ObjectMaps: 0.25 s [100% getAllPrimaryObjects (1x)] (7x)
2017-06-22 16:42:55,260 [LowLevelDataService-contextInitializer-2 | u:p] INFO  TXLOGGER  - Summary: Total: 1.25 s, transactions: 0, svn: 0.124 s [97% log2 (6x)] (8x)
2017-06-22 16:42:55,260 [LowLevelDataService-contextInitializer-4 | u:p] INFO  TXLOGGER  - Summary: Total: 1.25 s, transactions: 0, svn: 0.128 s [97% log2 (10x)] (12x)
2017-06-22 16:42:55,260 [LowLevelDataService-contextInitializer-1 | u:p] INFO  TXLOGGER  - Summary: Total: 1.25 s, transactions: 0, svn: 0.179 s [33% log (1x), 30% log2 (5x), 21% info (4x)] (15x)
2017-06-22 16:42:55,261 [main | u:p] INFO  TXLOGGER  - Summary for 'Context initialization': transactions: 0, svn: 0.521 s [74% log2 (31x), 11% log (1x)] (47x), ObjectMaps: 0.384 s [99% getAllPrimaryObjects (7x)] (55x)
2017-06-22 16:42:55,552 [main | u:p] INFO  TXLOGGER  - Summary for 'Revisions processing': transactions: 14, RepositoryConfigService: 0.184 s [100% getReadConfiguration (42x)] (42x), svn: 0.0864 s [89% info (15x)] (32x)
2017-06-22 16:42:56,152 [main | u:p] INFO  TXLOGGER  - Summary for 'Build artifacts recognition': transactions: 40, svn: 0.447 s [84% info (78x)] (131x), RepositoryConfigService: 0.383 s [100% getReadConfiguration (80x)] (80x)
2017-06-22 16:42:56,767 [main | u:p] INFO  TXLOGGER  - Summary for 'Data indexing': transactions: 0, Lucene: 0.26 s [100% refresh (2x)] (2x), SubterraURITable: 0.0224 s [100% addIfNotExistsDB (17x)] (17x), DB: 0.0201 s [50% update (38x), 23% query (17x), 19% execute (12x)] (103x)
2017-06-22 16:43:32,706 [main] INFO  TXLOGGER  - Summary for 'Polarion startup': transactions: 1, svn: 0.293 s [80% info (47x), 10% getDir2 content (5x)] (66x), RepositoryConfigService: 0.0293 s [100% getReadConfiguration (2x)] (2x)
2017-06-22 16:43:32,816 [Persistence Events Processing Thread | u:p] INFO  TXLOGGER  - Summary: Total: 0.106 s, transactions: 6, persistence listener: 0.105 s [92% notificationsCreatingListener (1x)] (7x)
2017-06-22 16:43:32,883 [Worker-0 | u:p | job: polarion.jobs.attachment.indexer] INFO  TXLOGGER  - Summary after AttachmentIndexer: transactions: 48, persistence listener: 0.109 s [89% notificationsCreatingListener (8x)] (56x), Lucene: 0.0553 s [100% add (2x)] (2x), resolve: 0.0357 s [91% User (2x)] (5x), ObjectMaps: 0.00962 s [100% getPrimaryObjectLocation (2x)] (2x)
2017-06-22 16:43:33,444 [PreLoadDataService | u:p] INFO  TXLOGGER  - Tx 5733e0768b038_0_5733e0768b038_0_: finished. Total: 0.727 s, resolve: 0.399 s [60% Category (8x), 40% TimePoint (5x)] (13x), svn: 0.365 s [59% getDir2 content (25x), 40% getFile content (15x)] (43x), ObjectMaps: 0.0464 s [50% getPrimaryObjectLocation (13x), 30% getPrimaryObjectProperty (13x), 21% getLastPromoted (13x)] (55x)
2017-06-22 16:43:33,945 [PreLoadDataService | u:p] INFO  TXLOGGER  - Tx 5733e0777186a_0_5733e0777186a_0_: finished. Total: 0.306 s, svn: 0.159 s [62% getFile content (14x), 38% info (10x)] (25x), resolve: 0.156 s [100% User (8x)] (8x), RepositoryConfigService: 0.118 s [80% getReadConfiguration (72x), 20% getReadUserConfiguration (2x)] (74x), ObjectMaps: 0.0257 s [48% getPrimaryObjectLocation (8x), 27% getPrimaryObjectProperty (8x), 25% getLastPromoted (8x)] (33x)
2017-06-22 16:43:34,068 [PreLoadDataService | u:p] INFO  TXLOGGER  - Tx 5733e077be46b_0_5733e077be46b_0_: finished. Total: 0.123 s, RepositoryConfigService: 0.0988 s [98% getReadConfiguration (55x)] (78x), svn: 0.0796 s [100% getFile content (13x)] (14x)
2017-06-22 16:43:34,349 [DBHistoryCreator-2 | u:p] INFO  TXLOGGER  - Summary: Total: 1.43 s, transactions: 0
2017-06-22 16:43:34,349 [DBHistoryCreator-1 | u:p] INFO  TXLOGGER  - Summary: Total: 1.43 s, transactions: 0
2017-06-22 16:43:34,351 [Worker-1 | u:p | job: polarion.jobs.db.history] INFO  TXLOGGER  - Summary after DBHistoryCreator: transactions: 0, Lucene: 0.0234 s [100% add (1x)] (1x), DB: 0.00117 s [75% update (2x), 25% commit (2x)] (4x)
2017-06-22 16:43:34,351 [Worker-1 | u:p] INFO  TXLOGGER  - Summary for 'job: polarion.jobs.db.history': Total: 1.47 s, transactions: 0, SubterraURITable: 1.15 s [100% getDB (4056x)] (4056x), DB: 1.1 s [51% query (4082x), 30% update (4057x)] (20389x)
2017-06-22 16:43:34,820 [PreLoadDataService | u:p] INFO  TXLOGGER  - Tx 5733e077dd46c_0_5733e077dd46c_0_: finished. Total: 0.752 s, svn: 0.678 s [68% getFile content (47x), 32% getDir2 content (17x)] (65x), RepositoryConfigService: 0.52 s [100% getReadConfiguration (164x)] (180x)
2017-06-22 16:43:35,105 [PreLoadDataService | u:p] INFO  TXLOGGER  - Tx 5733e0789906d_0_5733e0789906d_0_: finished. Total: 0.285 s, RepositoryConfigService: 0.239 s [99% getReadConfiguration (295x)] (370x), svn: 0.238 s [85% getFile content (35x)] (42x)
2017-06-22 16:43:35,391 [PreLoadDataService | u:p] INFO  TXLOGGER  - Tx 5733e078e046e_0_5733e078e046e_0_: finished. Total: 0.286 s, svn: 0.266 s [52% getDir2 content (17x), 48% getFile content (21x)] (39x), RepositoryConfigService: 0.142 s [99% getReadConfiguration (88x)] (110x)
2017-06-22 16:43:35,743 [PreLoadDataService | u:p] INFO  TXLOGGER  - Tx 5733e07940870_0_5733e07940870_0_: finished. Total: 0.253 s, svn: 0.222 s [59% getFile content (24x), 41% getDir2 content (12x)] (37x), RepositoryConfigService: 0.158 s [99% getReadConfiguration (87x)] (109x)
2017-06-22 16:43:35,743 [PreLoadDataService] INFO  TXLOGGER  - Summary for 'PreloadDataService': Total: 3.03 s, transactions: 9, svn: 2.15 s [61% getFile content (182x), 35% getDir2 content (90x)] (301x), RepositoryConfigService: 1.35 s [98% getReadConfiguration (801x)] (981x), resolve: 0.697 s [34% Category (8x), 23% TimePoint (5x), 22% User (8x), 20% Project (5x)] (26x)
2017-06-22 16:43:35,744 [PreLoadDataService] INFO  TXLOGGER  - Summary after preload: transactions: 9, svn: 2.15 s [61% getFile content (182x), 35% getDir2 content (90x)] (301x), RepositoryConfigService: 1.35 s [98% getReadConfiguration (801x)] (981x), SubterraURITable: 1.15 s [100% getDB (4056x)] (4056x), DB: 1.1 s [51% query (4082x), 30% update (4057x)] (20389x), resolve: 0.698 s [34% Category (8x), 23% TimePoint (5x), 22% User (9x), 20% Project (5x)] (27x)
2017-06-22 16:44:01,268 [ajp-nio-8889-exec-5 | u:admin] INFO  TXLOGGER  - Summary for 'WorkItemDataService.saveWorkItem': Total: 0.131 s, transactions: 2, resolve: 0.0869 s [100% WorkItem (2x)] (2x), svn: 0.0493 s [48% info (3x), 25% getFile content (1x), 25% getDir2 content (1x)] (8x), calculatedFieldsContributor: 0.0158 s [100% fields (1x)] (1x), RepositoryConfigService: 0.0149 s [84% getExistingPrefixes (1x)] (5x), derivedLinkedRevisionsContributor: 0.014 s [100% fields (1x)] (1x), permissions: 0.0127 s [100% readInstance (2x)] (2x), Lucene: 0.0108 s [100% search (1x)] (1x)
2017-06-22 16:44:03,728 [ajp-nio-8889-exec-6 | u:admin] INFO  TXLOGGER  - Tx 5733e093c1473_0_5733e093c1473_0_: finished. Total: 1.1 s, svn: 0.669 s [90% endActivity (1x)] (10x), Lucene: 0.175 s [82% refresh (1x)] (3x), processed revs: [113, 113 (delay 0s)], write: true
2017-06-22 16:44:04,018 [Persistence Events Processing Thread | u:p] INFO  TXLOGGER  - Tx 5733e094d4074_0_5733e094d4074_0_: finished. Total: 0.29 s, resolve: 0.188 s [75% WorkItem (8x), 25% User (11x)] (19x), svn: 0.165 s [49% getFile content (8x), 28% info (2x), 23% getDir2 content (2x)] (13x), ObjectMaps: 0.0203 s [56% getPrimaryObjectProperty (7x), 30% getPrimaryObjectLocation (7x)] (28x)
2017-06-22 16:44:04,157 [Persistence Events Processing Thread | u:p] INFO  TXLOGGER  - Tx 5733e0951cc76_0_5733e0951cc76_0_: finished. Total: 0.139 s, resolve: 0.0585 s [100% WorkItem (3x)] (5x), svn: 0.0533 s [36% getFile content (1x), 35% getDir2 content (1x), 27% info (1x)] (5x), Lucene: 0.0232 s [100% add (1x)] (1x)
2017-06-22 16:44:04,158 [Persistence Events Processing Thread | u:p] INFO  TXLOGGER  - Summary: Total: 0.43 s, transactions: 6, persistence listener: 0.43 s [68% notificationsCreatingListener (1x), 32% WorkItemActivityCreator (1x)] (7x), resolve: 0.246 s [81% WorkItem (11x)] (24x), svn: 0.219 s [46% getFile content (9x), 28% info (3x), 26% getDir2 content (3x)] (18x), ObjectMaps: 0.0247 s [49% getPrimaryObjectProperty (8x), 34% getPrimaryObjectLocation (8x)] (32x), Lucene: 0.0234 s [99% add (1x)] (3x)
2017-06-22 16:44:04,200 [ajp-nio-8889-exec-6 | u:admin] INFO  TXLOGGER  - Tx 5733e094d4475_0_5733e094d4475_0_: finished. Total: 0.472 s, RepositoryConfigService: 0.217 s [93% getReadConfiguration (321x)] (353x), svn: 0.141 s [50% getFile content (10x), 28% info (4x), 22% getDir2 content (2x)] (17x)
2017-06-22 16:44:04,314 [ajp-nio-8889-exec-6 | u:admin] INFO  TXLOGGER  - Summary for 'WorkItemDataService.saveWorkItem': Total: 1.69 s, transactions: 2, svn: 0.81 s [75% endActivity (1x), 12% getFile content (12x)] (27x), RepositoryConfigService: 0.235 s [94% getReadConfiguration (343x)] (378x), Lucene: 0.195 s [73% refresh (1x), 16% search (10x)] (12x)
2017-06-22 16:44:13,420 [ajp-nio-8889-exec-7 | u:admin] INFO  TXLOGGER  - Tx 5733e09d7f885_0_5733e09d7f885_0_: finished. Total: 0.813 s, svn: 0.693 s [92% endActivity (1x)] (9x), Lucene: 0.0631 s [59% refresh (1x), 34% add (1x)] (3x), resolve: 0.0499 s [99% WorkItem (2x)] (12x), processed revs: [114, 114 (delay 0s)], write: true
2017-06-22 16:44:13,477 [ajp-nio-8889-exec-7 | u:admin] INFO  TXLOGGER  - Summary for 'WorkItemDataService.saveWorkItem': Total: 0.87 s, transactions: 2, svn: 0.693 s [92% endActivity (1x)] (9x), Lucene: 0.0713 s [52% refresh (1x), 30% add (1x)] (4x), resolve: 0.0524 s [96% WorkItem (6x)] (37x)
2017-06-22 16:44:13,681 [Persistence Events Processing Thread | u:p] INFO  TXLOGGER  - Tx 5733e09e4b086_0_5733e09e4b086_0_: finished. Total: 0.261 s, resolve: 0.255 s [77% WorkItem (8x), 23% User (11x)] (19x), svn: 0.164 s [49% getFile content (5x), 26% getDir2 content (2x), 25% info (2x)] (10x), ObjectMaps: 0.049 s [50% getPrimaryObjectLocation (5x), 37% getLastPromoted (5x)] (20x)
2017-06-22 16:44:13,773 [Persistence Events Processing Thread | u:p] INFO  TXLOGGER  - Summary: Total: 0.353 s, transactions: 6, persistence listener: 0.353 s [74% notificationsCreatingListener (1x), 26% WorkItemActivityCreator (1x)] (7x), resolve: 0.316 s [81% WorkItem (11x)] (24x), svn: 0.22 s [44% getFile content (6x), 28% info (3x), 27% getDir2 content (3x)] (15x), ObjectMaps: 0.0535 s [51% getPrimaryObjectLocation (6x), 36% getLastPromoted (6x)] (24x), Lucene: 0.0243 s [100% add (1x)] (1x)
2017-06-22 16:48:35,088 [ajp-nio-8889-exec-2 | u:admin] INFO  TXLOGGER  - Tx 5733e19d6d496_0_5733e19d6d496_0_: finished. Total: 0.411 s, resolve: 0.38 s [83% WorkItem (20x)] (42x), svn: 0.342 s [39% getFile content (10x), 29% getDir2 content (8x), 28% info (8x)] (35x)
2017-06-22 16:48:35,089 [ajp-nio-8889-exec-2 | u:admin] INFO  TXLOGGER  - Summary for 'HistoryLazyRequest.initialize': Total: 0.412 s, transactions: 1, resolve: 0.38 s [83% WorkItem (20x)] (42x), svn: 0.342 s [39% getFile content (10x), 29% getDir2 content (8x), 28% info (8x)] (35x)
