2017-06-22 15:02:24,388 [main] INFO  com.polarion.platform.startup  - ****************************************************************
2017-06-22 15:02:24,388 [main] INFO  com.polarion.platform.startup  -                 Polarion starting, please wait!                 
2017-06-22 15:02:24,388 [main] INFO  com.polarion.platform.startup  - ****************************************************************
2017-06-22 15:02:24,389 [main] INFO  com.polarion.platform.startup  - Server start mode: normal
2017-06-22 15:02:24,389 [main] INFO  com.polarion.platform.startup  - ------------------------------
2017-06-22 15:02:24,389 [main] INFO  com.polarion.platform.startup  - Platform startup (Phase: 1/9)
2017-06-22 15:02:28,855 [main] INFO  com.polarion.platform.startup  - Opening historical database...
2017-06-22 15:02:29,002 [main] INFO  com.polarion.platform.startup  - Opening of historical database finished [ TIME 0.148 s. ]
2017-06-22 15:02:29,003 [main] INFO  com.polarion.platform.startup  - Opening head database...
2017-06-22 15:02:29,063 [main] INFO  com.polarion.platform.startup  - Opening of head database finished [ TIME 0.0599 s. ]
2017-06-22 15:02:29,273 [main | u:p] INFO  com.polarion.platform.startup  -  -- Polarion startup estimation:  [ TIME 46 s. ]
2017-06-22 15:02:29,396 [main | u:p] INFO  com.polarion.platform.startup  - Platform startup ... took  [ TIME 5.02 s. ]
2017-06-22 15:02:29,557 [main | u:p] INFO  com.polarion.platform.startup  - ------------------------------
2017-06-22 15:02:29,557 [main | u:p] INFO  com.polarion.platform.startup  - Context recognition (Phase: 2/9)
2017-06-22 15:02:29,594 [main | u:p] INFO  com.polarion.platform.startup  - Context recognition ... took  [ TIME 0.2 s. ]
2017-06-22 15:02:29,595 [main | u:p] INFO  com.polarion.platform.startup  - ------------------------------
2017-06-22 15:02:29,595 [main | u:p] INFO  com.polarion.platform.startup  - Context initialization (Phase: 3/9)
2017-06-22 15:02:29,598 [LowLevelDataService-contextInitializer-1 | u:p | context: [GLOBAL]] INFO  com.polarion.platform.startup  -  -- Initializing context: [GLOBAL] (3/8)
2017-06-22 15:02:29,598 [LowLevelDataService-contextInitializer-2 | u:p | cluster: default] INFO  com.polarion.platform.startup  -  -- Initializing cluster: default (1/8)
2017-06-22 15:02:29,598 [LowLevelDataService-contextInitializer-5 | u:p | context: library] INFO  com.polarion.platform.startup  -  -- Initializing context: library (2/8)
2017-06-22 15:02:29,598 [LowLevelDataService-contextInitializer-3 | u:p | context: MyPolarion] INFO  com.polarion.platform.startup  -  -- Initializing context: MyPolarion (5/8)
2017-06-22 15:02:29,598 [LowLevelDataService-contextInitializer-4 | u:p | context: --Demo Projects] INFO  com.polarion.platform.startup  -  -- Initializing context: --Demo Projects (4/8)
2017-06-22 15:02:29,603 [LowLevelDataService-contextInitializer-1 | u:p | context: CAPA] INFO  com.polarion.platform.startup  -  -- Initializing context: CAPA (6/8)
2017-06-22 15:02:29,716 [LowLevelDataService-contextInitializer-2 | u:p | context: elibrary] INFO  com.polarion.platform.startup  -  -- Initializing context: elibrary (7/8)
2017-06-22 15:02:29,815 [LowLevelDataService-contextInitializer-4 | u:p | context: drivepilot] INFO  com.polarion.platform.startup  -  -- Initializing context: drivepilot (8/8)
2017-06-22 15:02:30,900 [main | u:p] INFO  com.polarion.platform.startup  - Context initialization ... took  [ TIME 1.31 s. ]
2017-06-22 15:02:30,908 [main | u:p] INFO  com.polarion.platform.startup  - ------------------------------
2017-06-22 15:02:30,908 [main | u:p] INFO  com.polarion.platform.startup  - Revisions processing (Phase: 4/9)
2017-06-22 15:02:31,227 [main | u:p] INFO  com.polarion.platform.startup  -  -- Processing new revisions from repository default in context ContextId[context [global]]
2017-06-22 15:02:31,238 [main | u:p] INFO  com.polarion.platform.startup  - Revisions processing ... took  [ TIME 0.34 s. ]
2017-06-22 15:02:31,295 [main | u:p] INFO  com.polarion.platform.startup  - ------------------------------
2017-06-22 15:02:31,295 [main | u:p] INFO  com.polarion.platform.startup  - Build artifacts recognition (Phase: 5/9)
2017-06-22 15:02:31,306 [main | u:p] INFO  com.polarion.platform.startup  -  -- Processing build artifacts from context: [GLOBAL] (1/8)
2017-06-22 15:02:31,477 [main | u:p] INFO  com.polarion.platform.startup  -  -- Processing build artifacts from cluster: default (2/8)
2017-06-22 15:02:31,538 [main | u:p] INFO  com.polarion.platform.startup  -  -- Processing build artifacts from context: MyPolarion (3/8)
2017-06-22 15:02:31,615 [main | u:p] INFO  com.polarion.platform.startup  -  -- Processing build artifacts from context: --Demo Projects (4/8)
2017-06-22 15:02:31,678 [main | u:p] INFO  com.polarion.platform.startup  -  -- Processing build artifacts from context: library (5/8)
2017-06-22 15:02:31,746 [main | u:p] INFO  com.polarion.platform.startup  -  -- Processing build artifacts from context: CAPA (6/8)
2017-06-22 15:02:31,901 [main | u:p] INFO  com.polarion.platform.startup  -  -- Processing build artifacts from context: elibrary (7/8)
2017-06-22 15:02:32,059 [main | u:p] INFO  com.polarion.platform.startup  -  -- Processing build artifacts from context: drivepilot (8/8)
2017-06-22 15:02:32,059 [main | u:p] INFO  com.polarion.platform.startup  - Build artifacts recognition ... took  [ TIME 0.82 s. ]
2017-06-22 15:02:32,059 [main | u:p] INFO  com.polarion.platform.startup  - ------------------------------
2017-06-22 15:02:32,059 [main | u:p] INFO  com.polarion.platform.startup  - BIR inspection (Phase: 6/9)
2017-06-22 15:02:32,114 [main | u:p] INFO  com.polarion.platform.startup  - BIR inspection ... took  [ TIME 0.06 s. ]
2017-06-22 15:02:32,115 [main | u:p] INFO  com.polarion.platform.startup  - ------------------------------
2017-06-22 15:02:32,115 [main | u:p] INFO  com.polarion.platform.startup  - Data indexing (Phase: 7/9)
2017-06-22 15:02:32,329 [main | u:p] INFO  com.polarion.platform.startup  -  -- Refreshing 1 objects in index: Revision
2017-06-22 15:02:32,335 [main | u:p] INFO  com.polarion.platform.startup  -  -- -- 1 from 1 objects were refreshed (100%)
2017-06-22 15:02:32,574 [main | u:p] INFO  com.polarion.platform.startup  - Data indexing ... took  [ TIME 0.46 s. ]
2017-06-22 15:02:32,575 [main | u:p] INFO  com.polarion.platform.startup  - ------------------------------
2017-06-22 15:02:32,575 [main | u:p] INFO  com.polarion.platform.startup  - Fields recalculation (Phase: 8/9)
2017-06-22 15:02:32,594 [main | u:p] INFO  com.polarion.platform.startup  - Fields recalculation ... took  [ TIME 0.02 s. ]
2017-06-22 15:02:32,594 [main | u:p] INFO  com.polarion.platform.startup  - ------------------------------
2017-06-22 15:02:32,594 [main | u:p] INFO  com.polarion.platform.startup  - Polarion startup (Phase: 9/9)
2017-06-22 15:03:12,913 [main] INFO  com.polarion.platform.startup  - Polarion startup ... took  [ TIME 40.32 s. ]
2017-06-22 15:03:12,914 [main] INFO  com.polarion.platform.startup  - ****************************************************************
2017-06-22 15:03:12,914 [main] INFO  com.polarion.platform.startup  -                  Polarion started:  [ TIME 48.5 s. ]
2017-06-22 15:03:12,914 [main] INFO  com.polarion.platform.startup  - ****************************************************************
