2017-06-22 10:16:18,521 [main | u:p] INFO  com.polarion.platform.monitoring  - Full monitoring results are stored in file C:\Polarion\data\workspace\monitoring\results.txt
2017-06-22 10:16:18,568 [main | u:p] INFO  com.polarion.platform.monitoring  - Executing actions from stage PREBOOT
2017-06-22 10:16:18,572 [main | u:p] INFO  com.polarion.platform.monitoring  - Executing action 'system.info.disk.data.free'
2017-06-22 10:16:18,575 [main | u:p] INFO  com.polarion.platform.monitoring  - system.info.disk.data.free (Free data disk 'C:\Polarion\polarion\..\data' space) = Disk Space 
848.52 GB
 [Thu Jun 22 10:16:18 IST 2017]
2017-06-22 10:16:18,615 [main | u:p] INFO  com.polarion.platform.monitoring  - Executing action 'system.info.jvm.version'
2017-06-22 10:16:18,615 [main | u:p] INFO  com.polarion.platform.monitoring  - system.info.jvm.version (JVM Version) = JVM Version 
Oracle Corporation Java HotSpot(TM) 64-Bit Server VM 25.111-b14
 [Thu Jun 22 10:16:18 IST 2017]
2017-06-22 10:16:18,626 [main | u:p] INFO  com.polarion.platform.monitoring  - Executing action 'system.info.os.version'
2017-06-22 10:16:18,626 [main | u:p] INFO  com.polarion.platform.monitoring  - system.info.os.version (OS Version) = OS Version 
Windows 10 10.0 amd64
 [Thu Jun 22 10:16:18 IST 2017]
2017-06-22 10:16:18,638 [main | u:p] INFO  com.polarion.platform.monitoring  - Finished with actions from stage PREBOOT: {OK=3}
2017-06-22 10:16:59,411 [main | u:p] INFO  com.polarion.platform.monitoring  - Next slow periodic actions will be executed on Fri Jun 23 01:00:59 IST 2017
2017-06-22 10:16:59,413 [main] INFO  com.polarion.platform.monitoring  - Executing actions from stage POSTBOOT
2017-06-22 10:16:59,413 [main] INFO  com.polarion.platform.monitoring  - Finished with actions from stage POSTBOOT: {}
2017-06-22 10:26:59,415 [Monitoring] INFO  com.polarion.platform.monitoring  - Executing actions from stage PERIODIC with speed FAST
2017-06-22 10:26:59,417 [Monitoring] INFO  com.polarion.platform.monitoring  - Executing action 'system.info.disk.data.free'
2017-06-22 10:26:59,418 [Monitoring] INFO  com.polarion.platform.monitoring  - system.info.disk.data.free (Free data disk 'C:\Polarion\polarion\..\data' space) = Disk Space 
848.52 GB
 [Thu Jun 22 10:26:59 IST 2017]
2017-06-22 10:26:59,437 [Monitoring] INFO  com.polarion.platform.monitoring  - Executing action 'system.info.garbageCollector.full.cycles'
2017-06-22 10:26:59,437 [Monitoring] INFO  com.polarion.platform.monitoring  - system.info.garbageCollector.full.cycles (Full Garbage Collector cycles) = Full Garbage Collector cycles 
Full GC cycles: 4; Time: 411
 [Thu Jun 22 10:26:59 IST 2017]
2017-06-22 10:26:59,444 [Monitoring] INFO  com.polarion.platform.monitoring  - Executing action 'system.info.garbageCollector.normal.cycles'
2017-06-22 10:26:59,444 [Monitoring] INFO  com.polarion.platform.monitoring  - system.info.garbageCollector.normal.cycles (Normal Garbage Collector cycles) = Normal Garbage Collector cycles 
Normal GC cycles: 104; Time: 791
 [Thu Jun 22 10:26:59 IST 2017]
2017-06-22 10:26:59,450 [Monitoring] INFO  com.polarion.platform.monitoring  - Executing action 'system.info.memory.nonheap.free'
2017-06-22 10:26:59,450 [Monitoring] INFO  com.polarion.platform.monitoring  - system.info.memory.nonheap.free (Free non-heap memory) = Java Metaspace Memory 
Unlimited
 [Thu Jun 22 10:26:59 IST 2017]
2017-06-22 10:26:59,469 [Monitoring] INFO  com.polarion.platform.monitoring  - Executing action 'system.info.memory.oldGen.free'
2017-06-22 10:26:59,469 [Monitoring] INFO  com.polarion.platform.monitoring  - system.info.memory.oldGen.free (Free Old Gen memory after GC) = Java Heap Memory 
Old Gen pool has  71.71% memory free after GC.
 [Thu Jun 22 10:26:59 IST 2017]
2017-06-22 10:26:59,490 [Monitoring] INFO  com.polarion.platform.monitoring  - Finished with actions from stage PERIODIC: {OK=5}
