2017-06-26 14:01:28,250 [main | u:p] INFO  TXLOGGER  - Summary for 'Platform startup': transactions: 0, DB: 0.0517 s [56% query (13x), 43% update (126x)] (206x), svn: 0.0293 s [88% checkPath (1x)] (3x)
2017-06-26 14:01:28,468 [main | u:p] INFO  TXLOGGER  - Summary for 'Context recognition': transactions: 0, svn: 0.0877 s [38% info (3x), 37% getDir2 content (2x), 25% getFile content (1x)] (6x)
2017-06-26 14:01:29,777 [LowLevelDataService-contextInitializer-5 | u:p] INFO  TXLOGGER  - Summary: Total: 1.3 s, transactions: 0
2017-06-26 14:01:29,777 [LowLevelDataService-contextInitializer-1 | u:p] INFO  TXLOGGER  - Summary: Total: 1.3 s, transactions: 0, svn: 0.0809 s [98% log2 (5x)] (6x)
2017-06-26 14:01:29,777 [LowLevelDataService-contextInitializer-2 | u:p] INFO  TXLOGGER  - Summary: Total: 1.3 s, transactions: 0, svn: 0.192 s [97% log2 (11x)] (14x), ObjectMaps: 0.0739 s [100% getAllPrimaryObjects (3x)] (21x)
2017-06-26 14:01:29,777 [LowLevelDataService-contextInitializer-3 | u:p] INFO  TXLOGGER  - Summary: Total: 1.3 s, transactions: 0, ObjectMaps: 0.253 s [100% getAllPrimaryObjects (1x)] (7x)
2017-06-26 14:01:29,777 [LowLevelDataService-contextInitializer-4 | u:p] INFO  TXLOGGER  - Summary: Total: 1.3 s, transactions: 0, svn: 0.31 s [57% log2 (10x), 21% log (1x), 13% info (5x)] (23x)
2017-06-26 14:01:29,778 [main | u:p] INFO  TXLOGGER  - Summary for 'Context initialization': transactions: 0, svn: 0.698 s [79% log2 (36x), 9% log (1x)] (55x), ObjectMaps: 0.401 s [99% getAllPrimaryObjects (8x)] (62x)
2017-06-26 14:01:30,109 [main | u:p] INFO  TXLOGGER  - Summary for 'Revisions processing': transactions: 16, RepositoryConfigService: 0.229 s [100% getReadConfiguration (48x)] (48x), svn: 0.141 s [92% info (17x)] (36x)
2017-06-26 14:01:30,961 [main | u:p] INFO  TXLOGGER  - Summary for 'Build artifacts recognition': transactions: 45, svn: 0.684 s [87% info (87x)] (145x), RepositoryConfigService: 0.541 s [100% getReadConfiguration (90x)] (90x)
2017-06-26 14:01:31,593 [main | u:p] INFO  TXLOGGER  - Summary for 'Data indexing': transactions: 0, Lucene: 0.263 s [100% refresh (2x)] (2x), DB: 0.0344 s [65% update (42x), 17% execute (13x)] (114x), SubterraURITable: 0.0226 s [100% addIfNotExistsDB (19x)] (19x)
2017-06-26 14:02:06,669 [main] INFO  TXLOGGER  - Summary for 'Polarion startup': transactions: 1, svn: 0.309 s [82% info (48x)] (67x), RepositoryConfigService: 0.031 s [100% getReadConfiguration (2x)] (2x), permissions: 0.0155 s [100% readInstance (3x)] (3x)
2017-06-26 14:02:06,778 [Persistence Events Processing Thread | u:p] INFO  TXLOGGER  - Summary: Total: 0.105 s, transactions: 6, persistence listener: 0.104 s [93% notificationsCreatingListener (1x)] (7x)
2017-06-26 14:02:06,877 [Worker-0 | u:p | job: polarion.jobs.attachment.indexer] INFO  TXLOGGER  - Summary after AttachmentIndexer: transactions: 54, persistence listener: 0.108 s [90% notificationsCreatingListener (9x)] (63x), Lucene: 0.107 s [100% add (2x)] (2x), resolve: 0.0437 s [93% User (2x)] (5x), ObjectMaps: 0.0127 s [100% getPrimaryObjectLocation (2x)] (2x)
2017-06-26 14:02:07,607 [PreLoadDataService | u:p] INFO  TXLOGGER  - Tx 5738e1df85c3f_0_5738e1df85c3f_0_: finished. Total: 0.926 s, svn: 0.568 s [64% getDir2 content (25x), 36% getFile content (15x)] (43x), resolve: 0.407 s [52% TimePoint (5x), 48% Category (8x)] (13x), ObjectMaps: 0.0539 s [51% getPrimaryObjectLocation (13x), 29% getPrimaryObjectProperty (13x), 20% getLastPromoted (13x)] (55x)
2017-06-26 14:02:08,259 [PreLoadDataService | u:p] INFO  TXLOGGER  - Tx 5738e1e0ad077_0_5738e1e0ad077_0_: finished. Total: 0.399 s, svn: 0.236 s [63% getFile content (16x), 37% info (12x)] (30x), resolve: 0.204 s [100% User (9x)] (9x), RepositoryConfigService: 0.157 s [84% getReadConfiguration (90x)] (92x), ObjectMaps: 0.0245 s [40% getPrimaryObjectLocation (9x), 32% getPrimaryObjectProperty (9x), 28% getLastPromoted (9x)] (37x)
2017-06-26 14:02:08,411 [PreLoadDataService | u:p] INFO  TXLOGGER  - Tx 5738e1e110c78_0_5738e1e110c78_0_: finished. Total: 0.151 s, RepositoryConfigService: 0.129 s [99% getReadConfiguration (55x)] (78x), svn: 0.111 s [100% getFile content (13x)] (14x)
2017-06-26 14:02:08,747 [DBHistoryCreator-2 | u:p] INFO  TXLOGGER  - Summary: Total: 1.87 s, transactions: 0
2017-06-26 14:02:08,747 [DBHistoryCreator-1 | u:p] INFO  TXLOGGER  - Summary: Total: 1.87 s, transactions: 0
2017-06-26 14:02:08,747 [Worker-1 | u:p | job: polarion.jobs.db.history] INFO  TXLOGGER  - Summary after DBHistoryCreator: transactions: 0, Lucene: 0.0295 s [100% add (1x)] (1x), svn: 0.00301 s [100% getLatestRevision (1x)] (1x), DB: 0.00187 s [76% update (2x), 24% commit (2x)] (4x)
2017-06-26 14:02:08,748 [Worker-1 | u:p] INFO  TXLOGGER  - Summary for 'job: polarion.jobs.db.history': Total: 1.88 s, transactions: 0, DB: 1.46 s [62% query (4220x), 24% update (4195x)] (21147x), SubterraURITable: 1.2 s [100% getDB (4194x)] (4194x)
2017-06-26 14:02:09,351 [PreLoadDataService | u:p] INFO  TXLOGGER  - Tx 5738e1e136c79_0_5738e1e136c79_0_: finished. Total: 0.94 s, svn: 0.852 s [73% getFile content (47x), 27% getDir2 content (17x)] (65x), RepositoryConfigService: 0.691 s [100% getReadConfiguration (179x)] (198x)
2017-06-26 14:02:09,777 [PreLoadDataService | u:p] INFO  TXLOGGER  - Tx 5738e1e221c7a_0_5738e1e221c7a_0_: finished. Total: 0.426 s, svn: 0.369 s [83% getFile content (37x)] (44x), RepositoryConfigService: 0.355 s [99% getReadConfiguration (308x)] (386x)
2017-06-26 14:02:10,108 [PreLoadDataService | u:p] INFO  TXLOGGER  - Tx 5738e1e28c47b_0_5738e1e28c47b_0_: finished. Total: 0.331 s, svn: 0.29 s [84% getFile content (34x)] (41x), RepositoryConfigService: 0.278 s [99% getReadConfiguration (295x)] (353x)
2017-06-26 14:02:10,484 [PreLoadDataService | u:p] INFO  TXLOGGER  - Tx 5738e1e2df07c_0_5738e1e2df07c_0_: finished. Total: 0.375 s, svn: 0.357 s [55% getFile content (21x), 45% getDir2 content (17x)] (39x), RepositoryConfigService: 0.212 s [100% getReadConfiguration (88x)] (110x)
2017-06-26 14:02:10,625 [PreLoadDataService | u:p] INFO  TXLOGGER  - Tx 5738e1e33d07d_0_5738e1e33d07d_0_: finished. Total: 0.14 s, svn: 0.132 s [65% getDir2 content (11x), 35% getFile content (8x)] (20x), RepositoryConfigService: 0.051 s [99% getReadConfiguration (38x)] (54x)
2017-06-26 14:02:10,894 [PreLoadDataService | u:p] INFO  TXLOGGER  - Tx 5738e1e36047e_0_5738e1e36047e_0_: finished. Total: 0.27 s, svn: 0.251 s [59% getFile content (24x), 41% getDir2 content (12x)] (37x), RepositoryConfigService: 0.162 s [100% getReadConfiguration (87x)] (109x)
2017-06-26 14:02:10,894 [PreLoadDataService] INFO  TXLOGGER  - Summary for 'PreloadDataService': Total: 4.22 s, transactions: 10, svn: 3.27 s [63% getFile content (221x), 33% getDir2 content (96x)] (352x), RepositoryConfigService: 2.07 s [98% getReadConfiguration (1142x)] (1386x), resolve: 0.783 s [27% TimePoint (5x), 26% User (9x), 25% Category (8x), 22% Project (6x)] (28x)
2017-06-26 14:02:10,895 [PreLoadDataService] INFO  TXLOGGER  - Summary after preload: transactions: 10, svn: 3.28 s [63% getFile content (221x), 33% getDir2 content (96x)] (353x), RepositoryConfigService: 2.07 s [98% getReadConfiguration (1142x)] (1386x), DB: 1.46 s [62% query (4220x), 24% update (4195x)] (21147x), SubterraURITable: 1.2 s [100% getDB (4194x)] (4194x), resolve: 0.783 s [27% TimePoint (5x), 26% User (10x), 25% Category (8x), 22% Project (6x)] (29x)
2017-06-26 14:02:20,240 [ajp-nio-8889-exec-6 | u:admin] INFO  TXLOGGER  - Summary for 'PortalDataService.getInitData': Total: 0.213 s, transactions: 3, RepositoryConfigService: 0.0186 s [100% getReadConfiguration (8x)] (13x), svn: 0.0123 s [51% getDir2 content (1x), 49% info (1x)] (5x)
2017-06-26 14:02:20,778 [ajp-nio-8889-exec-8 | u:admin] INFO  TXLOGGER  - Summary for 'PortalDataService.requestPortalSite': Total: 0.222 s, transactions: 8, svn: 0.0766 s [56% info (6x), 43% getFile content (5x)] (18x), RepositoryConfigService: 0.0534 s [71% getReadConfiguration (20x), 29% getReadUserConfiguration (12x)] (38x), resolve: 0.0353 s [99% RichPage (1x)] (4x)
2017-06-26 14:02:21,256 [ajp-nio-8889-exec-9 | u:admin] INFO  TXLOGGER  - Summary for 'WorkItemDataService.getDataForTableCustomization': Total: 0.111 s, transactions: 1, RepositoryConfigService: 0.0241 s [99% getReadUserConfiguration (1x)] (2x)
2017-06-26 14:02:21,777 [ajp-nio-8889-exec-5 | u:admin] INFO  TXLOGGER  - Tx 5738e1edea88f_0_5738e1edea88f_0_: finished. Total: 0.358 s, permissions: 0.332 s [100% readInstance (8x)] (8x), resolve: 0.328 s [100% WorkItem (8x)] (8x), svn: 0.271 s [35% getDir2 content (8x), 34% info (10x), 30% getFile content (8x)] (30x), Lucene: 0.0238 s [100% search (9x)] (9x), ObjectMaps: 0.0229 s [72% getLastPromoted (8x), 21% getPrimaryObjectProperty (8x)] (33x)
2017-06-26 14:02:21,780 [ajp-nio-8889-exec-5 | u:admin] INFO  TXLOGGER  - Summary for 'WorkItemDataService.queryForTable': Total: 0.362 s, transactions: 1, permissions: 0.332 s [100% readInstance (8x)] (8x), resolve: 0.328 s [100% WorkItem (8x)] (8x), svn: 0.271 s [35% getDir2 content (8x), 34% info (10x), 30% getFile content (8x)] (30x), Lucene: 0.0238 s [100% search (9x)] (9x), ObjectMaps: 0.0229 s [72% getLastPromoted (8x), 21% getPrimaryObjectProperty (8x)] (33x)
2017-06-26 14:02:22,536 [ajp-nio-8889-exec-7 | u:admin] INFO  TXLOGGER  - Summary for 'WorkItemDataService.loadInstances': Total: 0.119 s, transactions: 1, RepositoryConfigService: 0.0129 s [100% getReadConfiguration (177x)] (185x)
2017-06-26 14:02:22,682 [ajp-nio-8889-exec-6 | u:admin] INFO  TXLOGGER  - Tx 5738e1eee5091_0_5738e1eee5091_0_: finished. Total: 0.261 s, RepositoryConfigService: 0.0516 s [100% getReadConfiguration (282x)] (304x), svn: 0.0334 s [100% getFile content (4x)] (5x), Lucene: 0.0261 s [100% search (5x)] (5x)
2017-06-26 14:02:22,720 [ajp-nio-8889-exec-6 | u:admin] INFO  TXLOGGER  - Summary for 'WorkItemDataService.loadWorkitem': Total: 0.302 s, transactions: 1, RepositoryConfigService: 0.0516 s [100% getReadConfiguration (282x)] (304x), svn: 0.0334 s [100% getFile content (4x)] (5x), Lucene: 0.0261 s [100% search (5x)] (5x)
2017-06-26 14:02:27,829 [ajp-nio-8889-exec-1 | u:admin] INFO  TXLOGGER  - Tx 5738e1f405492_0_5738e1f405492_0_: finished. Total: 0.16 s, RepositoryConfigService: 0.0968 s [86% getReadConfiguration (301x)] (319x), svn: 0.0541 s [75% getFile content (6x), 25% info (2x)] (9x)
2017-06-26 14:02:27,850 [ajp-nio-8889-exec-1 | u:admin] INFO  TXLOGGER  - Summary for 'WorkItemDataService.loadWorkitem': Total: 0.182 s, transactions: 1, RepositoryConfigService: 0.0968 s [86% getReadConfiguration (301x)] (319x), svn: 0.0541 s [75% getFile content (6x), 25% info (2x)] (9x)
2017-06-26 14:02:53,315 [ajp-nio-8889-exec-10 | u:admin] INFO  TXLOGGER  - Tx 5738e20bf7893_0_5738e20bf7893_0_: finished. Total: 1.13 s, svn: 0.774 s [87% endActivity (1x)] (20x), Lucene: 0.0801 s [58% add (2x), 41% refresh (1x)] (5x), resolve: 0.0682 s [99% WorkItem (4x)] (14x), workflow: 0.0653 s [95% CreateDerivedWI (1x)] (3x), DB: 0.0638 s [86% update (21x)] (37x), processed revs: [205, 205 (delay 1s)], write: true
2017-06-26 14:02:53,412 [ajp-nio-8889-exec-10 | u:admin] INFO  TXLOGGER  - Summary for 'WorkItemDataService.saveWorkItem': Total: 1.23 s, transactions: 2, svn: 0.774 s [87% endActivity (1x)] (20x), Lucene: 0.0872 s [54% add (2x), 38% refresh (1x)] (6x), resolve: 0.0701 s [98% WorkItem (9x)] (33x), workflow: 0.0653 s [95% CreateDerivedWI (1x)] (3x), DB: 0.0638 s [86% update (21x)] (37x)
2017-06-26 14:02:53,654 [Persistence Events Processing Thread | u:p] INFO  TXLOGGER  - Tx 5738e20d10c94_0_5738e20d10c94_0_: finished. Total: 0.338 s, resolve: 0.219 s [74% WorkItem (12x), 26% User (9x)] (21x), svn: 0.175 s [44% getFile content (5x), 29% getDir2 content (2x), 27% info (2x)] (10x), ObjectMaps: 0.033 s [55% getPrimaryObjectLocation (4x), 35% getPrimaryObjectProperty (4x)] (16x)
2017-06-26 14:02:54,749 [Persistence Events Processing Thread | u:p] INFO  TXLOGGER  - Tx 5738e20d65897_0_5738e20d65897_0_: finished. Total: 1.09 s, Lucene: 0.887 s [100% add (2x)] (2x), svn: 0.0963 s [50% getFile content (4x), 26% info (3x), 23% getDir2 content (2x)] (11x), resolve: 0.0923 s [86% WorkItem (7x)] (13x), RepositoryConfigService: 0.0707 s [100% getReadConfiguration (101x)] (104x)
2017-06-26 14:02:54,749 [Persistence Events Processing Thread | u:p] INFO  TXLOGGER  - Summary: Total: 1.43 s, transactions: 6, persistence listener: 1.43 s [76% WorkItemActivityCreator (1x), 24% notificationsCreatingListener (1x)] (7x), Lucene: 0.888 s [100% add (2x)] (4x), resolve: 0.311 s [78% WorkItem (19x), 18% User (12x)] (34x), svn: 0.271 s [46% getFile content (9x), 27% info (5x), 26% getDir2 content (4x)] (21x), RepositoryConfigService: 0.0824 s [100% getReadConfiguration (294x)] (299x)
