2017-06-22 14:59:45,005 [main | u:p] INFO  TXLOGGER  - Summary for 'Platform startup': transactions: 0, DB: 0.0422 s [50% query (13x), 49% update (126x)] (206x), svn: 0.023 s [86% checkPath (1x)] (3x)
2017-06-22 14:59:45,218 [main | u:p] INFO  TXLOGGER  - Summary for 'Context recognition': transactions: 0, svn: 0.0927 s [41% info (3x), 32% getDir2 content (2x), 27% getFile content (1x)] (6x)
2017-06-22 14:59:46,643 [LowLevelDataService-contextInitializer-2 | u:p] INFO  TXLOGGER  - Summary: Total: 1.42 s, transactions: 0, svn: 0.226 s [99% log2 (6x)] (8x)
2017-06-22 14:59:46,643 [LowLevelDataService-contextInitializer-3 | u:p] INFO  TXLOGGER  - Summary: Total: 1.42 s, transactions: 0, ObjectMaps: 0.283 s [100% getAllPrimaryObjects (1x)] (7x)
2017-06-22 14:59:46,643 [LowLevelDataService-contextInitializer-1 | u:p] INFO  TXLOGGER  - Summary: Total: 1.42 s, transactions: 0, svn: 0.255 s [30% log2 (5x), 26% log (1x), 20% info (4x), 17% getFile content (3x)] (15x)
2017-06-22 14:59:46,643 [LowLevelDataService-contextInitializer-4 | u:p] INFO  TXLOGGER  - Summary: Total: 1.42 s, transactions: 0, svn: 0.203 s [98% log2 (10x)] (12x)
2017-06-22 14:59:46,643 [LowLevelDataService-contextInitializer-5 | u:p] INFO  TXLOGGER  - Summary: Total: 1.42 s, transactions: 0, svn: 0.127 s [99% log2 (5x)] (6x)
2017-06-22 14:59:46,644 [main | u:p] INFO  TXLOGGER  - Summary for 'Context initialization': transactions: 0, svn: 0.852 s [78% log2 (31x), 8% log (1x)] (47x), ObjectMaps: 0.439 s [99% getAllPrimaryObjects (7x)] (55x)
2017-06-22 14:59:46,967 [main | u:p] INFO  TXLOGGER  - Summary for 'Revisions processing': transactions: 14, RepositoryConfigService: 0.208 s [100% getReadConfiguration (42x)] (42x), svn: 0.117 s [89% info (15x)] (32x)
2017-06-22 14:59:47,733 [main | u:p] INFO  TXLOGGER  - Summary for 'Build artifacts recognition': transactions: 40, svn: 0.606 s [87% info (78x)] (131x), RepositoryConfigService: 0.502 s [100% getReadConfiguration (48x)] (48x)
2017-06-22 14:59:48,263 [main | u:p] INFO  TXLOGGER  - Summary for 'Data indexing': transactions: 0, Lucene: 0.205 s [100% refresh (1x)] (1x), derivedLinkedRevisionsContributor: 0.0144 s [100% objectsToInv (1x)] (1x), SubterraURITable: 0.0141 s [100% addIfNotExistsDB (1x)] (1x)
2017-06-22 15:00:04,057 [Worker-1 | u:p] INFO  TXLOGGER  - Summary for 'job: update.plan.refresh.index': Total: 1.15 s, transactions: 7, resolve: 0.701 s [89% WorkItem (15x)] (167x), svn: 0.648 s [37% getFile content (20x), 32% info (19x), 31% getDir2 content (16x)] (63x), Lucene: 0.352 s [100% refresh (1x)] (2x), DB: 0.0881 s [76% update (199x), 16% execute (38x)] (292x)
2017-06-22 15:00:04,071 [Worker-0 | u:p] INFO  TXLOGGER  - Summary for 'job: update.plan': Total: 4 s, transactions: 50, svn: 1.73 s [43% getFile content (63x), 38% info (71x)] (217x), resolve: 1.7 s [77% WorkItems (2x), 6% Projects (1x)] (96x), RepositoryConfigService: 0.945 s [80% getReadConfiguration (815x), 17% getExistingPrefixes (34x)] (870x), calculatedFieldsContributor: 0.2 s [99% fields (15x)] (16x)
2017-06-22 15:00:27,473 [main] INFO  TXLOGGER  - Summary for 'Polarion startup': transactions: 58, svn: 3.21 s [41% info (157x), 37% getFile content (107x), 21% getDir2 content (60x)] (408x), resolve: 2.92 s [60% WorkItems (3x), 22% WorkItem (72x)] (419x), RepositoryConfigService: 1.03 s [79% getReadConfiguration (1423x), 17% getExistingPrefixes (94x)] (1541x), Lucene: 0.605 s [87% refresh (2x)] (25x), DB: 0.262 s [63% update (417x), 22% query (55x)] (745x), calculatedFieldsContributor: 0.206 s [99% fields (30x)] (55x), ObjectMaps: 0.194 s [32% getPrimaryObjectLocations (87x), 25% getLastPromoted (71x), 24% getPrimaryObjectLocation (73x)] (395x)
2017-06-22 15:00:27,536 [Worker-1 | u:p | job: polarion.jobs.attachment.indexer] INFO  TXLOGGER  - Summary after AttachmentIndexer: transactions: 0, Lucene: 0.0372 s [100% add (1x)] (1x), resolve: 0.00329 s [100% User (2x)] (2x), ObjectMaps: 0.00287 s [100% getPrimaryObjectLocation (1x)] (1x)
2017-06-22 15:00:27,581 [Persistence Events Processing Thread | u:p] INFO  TXLOGGER  - Summary: Total: 0.107 s, transactions: 6, persistence listener: 0.106 s [93% notificationsCreatingListener (1x)] (7x)
2017-06-22 15:00:28,019 [PreLoadDataService | u:p] INFO  TXLOGGER  - Tx 5733c8de46471_0_5733c8de46471_0_: finished. Total: 0.538 s, svn: 0.395 s [77% getDir2 content (25x), 22% getFile content (8x)] (36x), resolve: 0.189 s [100% Category (8x)] (13x), RepositoryConfigService: 0.0312 s [100% getReadConfiguration (2x)] (2x), ObjectMaps: 0.0272 s [52% getPrimaryObjectLocation (6x), 27% getPrimaryObjectProperty (6x), 20% getLastPromoted (6x)] (27x)
2017-06-22 15:00:28,377 [PreLoadDataService | u:p] INFO  TXLOGGER  - Tx 5733c8dedd079_0_5733c8dedd079_0_: finished. Total: 0.293 s, svn: 0.205 s [56% getFile content (11x), 44% info (10x)] (22x), RepositoryConfigService: 0.16 s [88% getReadConfiguration (72x)] (74x), resolve: 0.112 s [100% User (8x)] (8x), ObjectMaps: 0.0147 s [44% getPrimaryObjectLocation (5x), 28% getLastPromoted (5x), 28% getPrimaryObjectProperty (5x)] (21x)
2017-06-22 15:00:28,522 [PreLoadDataService | u:p] INFO  TXLOGGER  - Tx 5733c8df2647a_0_5733c8df2647a_0_: finished. Total: 0.144 s, RepositoryConfigService: 0.134 s [99% getReadConfiguration (55x)] (72x), svn: 0.117 s [100% getFile content (13x)] (14x)
2017-06-22 15:00:28,979 [DBHistoryCreator-1 | u:p] INFO  TXLOGGER  - Summary: Total: 1.42 s, transactions: 0
2017-06-22 15:00:28,979 [Worker-0 | u:p | job: polarion.jobs.db.history] INFO  TXLOGGER  - Summary after DBHistoryCreator: transactions: 6, persistence listener: 0.106 s [93% notificationsCreatingListener (1x)] (7x), Lucene: 0.0799 s [100% add (2x)] (2x)
2017-06-22 15:00:28,980 [Worker-0 | u:p] INFO  TXLOGGER  - Summary for 'job: polarion.jobs.db.history': Total: 1.42 s, transactions: 0, SubterraURITable: 1.15 s [100% getDB (3994x)] (3994x), DB: 1.09 s [51% query (4020x), 31% update (3995x)] (20107x)
2017-06-22 15:00:29,205 [PreLoadDataService | u:p] INFO  TXLOGGER  - Tx 5733c8df4a87b_0_5733c8df4a87b_0_: finished. Total: 0.684 s, svn: 0.627 s [63% getFile content (35x), 37% getDir2 content (17x)] (53x), RepositoryConfigService: 0.436 s [100% getReadConfiguration (151x)] (161x)
2017-06-22 15:00:29,577 [PreLoadDataService | u:p] INFO  TXLOGGER  - Tx 5733c8dff547c_0_5733c8dff547c_0_: finished. Total: 0.372 s, svn: 0.319 s [84% getFile content (35x)] (42x), RepositoryConfigService: 0.312 s [99% getReadConfiguration (295x)] (370x)
2017-06-22 15:00:29,847 [PreLoadDataService | u:p] INFO  TXLOGGER  - Tx 5733c8e05247d_0_5733c8e05247d_0_: finished. Total: 0.27 s, svn: 0.256 s [58% getDir2 content (17x), 42% getFile content (14x)] (32x), RepositoryConfigService: 0.117 s [99% getReadConfiguration (81x)] (97x)
2017-06-22 15:00:29,979 [PreLoadDataService | u:p] INFO  TXLOGGER  - Tx 5733c8e09607e_0_5733c8e09607e_0_: finished. Total: 0.132 s, svn: 0.124 s [58% getDir2 content (11x), 42% getFile content (8x)] (20x), RepositoryConfigService: 0.0573 s [99% getReadConfiguration (38x)] (54x)
2017-06-22 15:00:30,304 [PreLoadDataService | u:p] INFO  TXLOGGER  - Tx 5733c8e0b6c7f_0_5733c8e0b6c7f_0_: finished. Total: 0.324 s, svn: 0.306 s [55% getFile content (24x), 45% getDir2 content (12x)] (37x), RepositoryConfigService: 0.182 s [100% getReadConfiguration (87x)] (109x)
2017-06-22 15:00:30,305 [PreLoadDataService] INFO  TXLOGGER  - Summary for 'PreloadDataService': Total: 2.83 s, transactions: 9, svn: 2.37 s [55% getFile content (148x), 41% getDir2 content (90x)] (260x), RepositoryConfigService: 1.43 s [98% getReadConfiguration (781x)] (939x), resolve: 0.301 s [63% Category (8x), 37% User (8x)] (26x)
2017-06-22 15:00:30,305 [PreLoadDataService] INFO  TXLOGGER  - Summary after preload: transactions: 9, svn: 2.37 s [55% getFile content (148x), 41% getDir2 content (90x)] (261x), RepositoryConfigService: 1.43 s [98% getReadConfiguration (781x)] (939x), SubterraURITable: 1.15 s [100% getDB (3994x)] (3994x), DB: 1.09 s [51% query (4020x), 31% update (3995x)] (20107x), resolve: 0.301 s [63% Category (8x), 37% User (9x)] (27x)
