2017-06-22 14:58:31,359 [main | u:p] INFO  TXLOGGER  - Summary for 'Platform startup': transactions: 0, DB: 0.0405 s [51% query (13x), 47% update (126x)] (206x), svn: 0.0258 s [84% checkPath (1x)] (3x)
2017-06-22 14:58:31,573 [main | u:p] INFO  TXLOGGER  - Summary for 'Context recognition': transactions: 0, svn: 0.0843 s [44% info (3x), 32% getFile content (1x), 24% getDir2 content (2x)] (6x)
2017-06-22 14:58:32,904 [LowLevelDataService-contextInitializer-4 | u:p] INFO  TXLOGGER  - Summary: Total: 1.33 s, transactions: 0, svn: 0.173 s [96% log2 (10x)] (12x)
2017-06-22 14:58:32,904 [LowLevelDataService-contextInitializer-2 | u:p] INFO  TXLOGGER  - Summary: Total: 1.33 s, transactions: 0, svn: 0.151 s [98% log2 (6x)] (8x)
2017-06-22 14:58:32,904 [LowLevelDataService-contextInitializer-5 | u:p] INFO  TXLOGGER  - Summary: Total: 1.33 s, transactions: 0, svn: 0.167 s [44% log2 (5x), 26% log (1x), 17% info (4x)] (15x)
2017-06-22 14:58:32,904 [LowLevelDataService-contextInitializer-3 | u:p] INFO  TXLOGGER  - Summary: Total: 1.33 s, transactions: 0, ObjectMaps: 0.277 s [100% getAllPrimaryObjects (1x)] (7x)
2017-06-22 14:58:32,904 [LowLevelDataService-contextInitializer-1 | u:p] INFO  TXLOGGER  - Summary: Total: 1.33 s, transactions: 0, svn: 0.119 s [94% log2 (5x)] (6x)
2017-06-22 14:58:32,905 [main | u:p] INFO  TXLOGGER  - Summary for 'Context initialization': transactions: 0, svn: 0.649 s [83% log2 (31x)] (47x), ObjectMaps: 0.448 s [100% getAllPrimaryObjects (7x)] (55x)
2017-06-22 14:58:33,211 [main | u:p] INFO  TXLOGGER  - Summary for 'Revisions processing': transactions: 14, RepositoryConfigService: 0.203 s [100% getReadConfiguration (42x)] (42x), svn: 0.114 s [91% info (15x)] (32x)
2017-06-22 14:58:33,943 [main | u:p] INFO  TXLOGGER  - Summary for 'Build artifacts recognition': transactions: 40, svn: 0.593 s [86% info (78x)] (131x), RepositoryConfigService: 0.488 s [100% getReadConfiguration (48x)] (48x)
2017-06-22 14:58:34,466 [main | u:p] INFO  TXLOGGER  - Summary for 'Data indexing': transactions: 0, Lucene: 0.223 s [100% refresh (1x)] (1x), SubterraURITable: 0.0143 s [100% addIfNotExistsDB (1x)] (1x)
2017-06-22 14:59:10,924 [main] INFO  TXLOGGER  - Summary for 'Polarion startup': transactions: 1, svn: 0.324 s [80% info (47x), 11% getDir2 content (5x)] (67x), RepositoryConfigService: 0.0287 s [100% getReadConfiguration (2x)] (2x)
2017-06-22 14:59:11,146 [Worker-0 | u:p | job: polarion.jobs.attachment.indexer] INFO  TXLOGGER  - Summary after AttachmentIndexer: transactions: 6, persistence listener: 0.0934 s [92% notificationsCreatingListener (1x)] (7x), Lucene: 0.0918 s [100% add (2x)] (2x), resolve: 0.0201 s [86% User (2x)] (5x), ObjectMaps: 0.00479 s [100% getPrimaryObjectLocation (1x)] (1x)
2017-06-22 14:59:11,844 [PreLoadDataService | u:p] INFO  TXLOGGER  - Tx 5733c89385438_0_5733c89385438_0_: finished. Total: 0.91 s, svn: 0.484 s [62% getDir2 content (25x), 38% getFile content (15x)] (43x), resolve: 0.447 s [51% Category (8x), 49% TimePoint (5x)] (13x), ObjectMaps: 0.0564 s [51% getPrimaryObjectLocation (13x), 29% getPrimaryObjectProperty (13x)] (55x), RepositoryConfigService: 0.0563 s [100% getReadConfiguration (2x)] (6x)
2017-06-22 14:59:12,429 [PreLoadDataService | u:p] INFO  TXLOGGER  - Tx 5733c894a1040_0_5733c894a1040_0_: finished. Total: 0.359 s, svn: 0.212 s [62% getFile content (14x), 38% info (10x)] (25x), resolve: 0.177 s [100% User (8x)] (8x), RepositoryConfigService: 0.151 s [82% getReadConfiguration (72x)] (74x), ObjectMaps: 0.027 s [50% getPrimaryObjectLocation (8x), 26% getPrimaryObjectProperty (8x), 25% getLastPromoted (8x)] (33x)
2017-06-22 14:59:12,570 [PreLoadDataService | u:p] INFO  TXLOGGER  - Tx 5733c894fb441_0_5733c894fb441_0_: finished. Total: 0.141 s, RepositoryConfigService: 0.117 s [99% getReadConfiguration (55x)] (78x), svn: 0.0998 s [100% getFile content (13x)] (14x)
2017-06-22 14:59:12,745 [DBHistoryCreator-1 | u:p] INFO  TXLOGGER  - Summary: Total: 1.54 s, transactions: 0
2017-06-22 14:59:12,745 [Worker-1 | u:p | job: polarion.jobs.db.history] INFO  TXLOGGER  - Summary after DBHistoryCreator: transactions: 0, Lucene: 0.0276 s [100% add (1x)] (1x)
2017-06-22 14:59:12,745 [Worker-1 | u:p] INFO  TXLOGGER  - Summary for 'job: polarion.jobs.db.history': Total: 1.6 s, transactions: 0, SubterraURITable: 1.26 s [100% getDB (4047x)] (4047x), DB: 1.18 s [51% query (4073x), 31% update (4048x)] (20319x)
2017-06-22 14:59:13,360 [PreLoadDataService | u:p] INFO  TXLOGGER  - Tx 5733c8951e842_0_5733c8951e842_0_: finished. Total: 0.79 s, svn: 0.722 s [66% getFile content (47x), 34% getDir2 content (17x)] (65x), RepositoryConfigService: 0.529 s [100% getReadConfiguration (164x)] (180x)
2017-06-22 14:59:13,729 [PreLoadDataService | u:p] INFO  TXLOGGER  - Tx 5733c895e4043_0_5733c895e4043_0_: finished. Total: 0.368 s, svn: 0.313 s [85% getFile content (35x)] (42x), RepositoryConfigService: 0.311 s [99% getReadConfiguration (295x)] (370x)
2017-06-22 14:59:14,056 [PreLoadDataService | u:p] INFO  TXLOGGER  - Tx 5733c89640444_0_5733c89640444_0_: finished. Total: 0.326 s, svn: 0.307 s [53% getFile content (21x), 47% getDir2 content (17x)] (39x), RepositoryConfigService: 0.177 s [100% getReadConfiguration (88x)] (110x)
2017-06-22 14:59:14,214 [PreLoadDataService | u:p] INFO  TXLOGGER  - Tx 5733c89692045_0_5733c89692045_0_: finished. Total: 0.159 s, svn: 0.149 s [65% getDir2 content (11x), 35% getFile content (8x)] (20x), RepositoryConfigService: 0.0595 s [99% getReadConfiguration (38x)] (54x)
2017-06-22 14:59:14,518 [PreLoadDataService | u:p] INFO  TXLOGGER  - Tx 5733c896b9846_0_5733c896b9846_0_: finished. Total: 0.304 s, svn: 0.284 s [60% getFile content (24x), 40% getDir2 content (12x)] (37x), RepositoryConfigService: 0.185 s [100% getReadConfiguration (87x)] (109x)
2017-06-22 14:59:14,519 [PreLoadDataService] INFO  TXLOGGER  - Summary for 'PreloadDataService': Total: 3.59 s, transactions: 9, svn: 2.66 s [60% getFile content (182x), 36% getDir2 content (90x)] (301x), RepositoryConfigService: 1.59 s [98% getReadConfiguration (801x)] (981x), resolve: 0.793 s [29% Category (8x), 28% TimePoint (5x), 22% User (8x), 21% Project (5x)] (26x)
2017-06-22 14:59:14,519 [PreLoadDataService] INFO  TXLOGGER  - Summary after preload: transactions: 9, svn: 2.66 s [59% getFile content (182x), 36% getDir2 content (90x)] (302x), RepositoryConfigService: 1.59 s [98% getReadConfiguration (801x)] (981x), SubterraURITable: 1.26 s [100% getDB (4047x)] (4047x), DB: 1.18 s [51% query (4073x), 31% update (4048x)] (20319x), resolve: 0.793 s [29% Category (8x), 28% TimePoint (5x), 22% User (9x), 21% Project (5x)] (27x)
2017-06-22 14:59:20,732 [ajp-nio-8889-exec-5 | u:admin] INFO  TXLOGGER  - Summary for 'WorkItemDataService.saveWorkItem': Total: 0.14 s, transactions: 2, resolve: 0.0944 s [100% WorkItem (2x)] (2x), svn: 0.0543 s [50% info (3x), 24% getFile content (1x), 24% getDir2 content (1x)] (8x), calculatedFieldsContributor: 0.0188 s [100% fields (1x)] (1x), RepositoryConfigService: 0.0179 s [86% getExistingPrefixes (1x)] (5x), derivedLinkedRevisionsContributor: 0.0168 s [100% fields (1x)] (1x), Lucene: 0.0132 s [100% search (1x)] (1x), permissions: 0.0123 s [100% readInstance (2x)] (2x)
2017-06-22 14:59:22,593 [ajp-nio-8889-exec-7 | u:admin] INFO  TXLOGGER  - Summary for 'DebugService.deObfuscateStackTrace': Total: 0.118 s, transactions: 0
