2017-06-22 17:45:56,281 [main | u:p] INFO  TXLOGGER  - Summary for 'Platform startup': transactions: 0, DB: 0.0405 s [50% update (126x), 49% query (13x)] (206x), svn: 0.0231 s [87% checkPath (1x)] (3x)
2017-06-22 17:45:56,490 [main | u:p] INFO  TXLOGGER  - Summary for 'Context recognition': transactions: 0, svn: 0.0932 s [43% info (3x), 30% getDir2 content (2x), 28% getFile content (1x)] (6x)
2017-06-22 17:45:57,755 [LowLevelDataService-contextInitializer-2 | u:p] INFO  TXLOGGER  - Summary: Total: 1.26 s, transactions: 0, svn: 0.157 s [98% log2 (6x)] (8x)
2017-06-22 17:45:57,755 [LowLevelDataService-contextInitializer-5 | u:p] INFO  TXLOGGER  - Summary: Total: 1.26 s, transactions: 0, svn: 0.205 s [35% log2 (5x), 29% log (1x), 22% info (4x)] (15x)
2017-06-22 17:45:57,755 [LowLevelDataService-contextInitializer-1 | u:p] INFO  TXLOGGER  - Summary: Total: 1.26 s, transactions: 0, svn: 0.141 s [98% log2 (10x)] (12x), ObjectMaps: 0.0693 s [97% getAllPrimaryObjects (2x)] (20x)
2017-06-22 17:45:57,755 [LowLevelDataService-contextInitializer-3 | u:p] INFO  TXLOGGER  - Summary: Total: 1.26 s, transactions: 0, ObjectMaps: 0.258 s [100% getAllPrimaryObjects (1x)] (7x)
2017-06-22 17:45:57,755 [LowLevelDataService-contextInitializer-4 | u:p] INFO  TXLOGGER  - Summary: Total: 1.26 s, transactions: 0, svn: 0.0801 s [98% log2 (5x)] (6x)
2017-06-22 17:45:57,832 [main | u:p] INFO  TXLOGGER  - Summary for 'Context initialization': transactions: 0, svn: 0.616 s [77% log2 (31x), 10% log (1x)] (47x), ObjectMaps: 0.408 s [99% getAllPrimaryObjects (7x)] (55x)
2017-06-22 17:45:58,147 [main | u:p] INFO  TXLOGGER  - Summary for 'Revisions processing': transactions: 14, RepositoryConfigService: 0.202 s [100% getReadConfiguration (42x)] (42x), svn: 0.106 s [90% info (15x)] (32x)
2017-06-22 17:45:58,865 [main | u:p] INFO  TXLOGGER  - Summary for 'Build artifacts recognition': transactions: 40, svn: 0.535 s [86% info (78x)] (131x), RepositoryConfigService: 0.469 s [100% getReadConfiguration (80x)] (80x)
2017-06-22 17:45:59,471 [main | u:p] INFO  TXLOGGER  - Summary for 'Data indexing': transactions: 0, Lucene: 0.242 s [100% refresh (2x)] (2x), SubterraURITable: 0.0215 s [100% addIfNotExistsDB (17x)] (17x), DB: 0.0197 s [50% update (38x), 22% query (17x), 21% execute (12x)] (103x), resolve: 0.0122 s [62% BuildArtifact (9x), 38% Revision (2x)] (11x)
2017-06-22 17:46:34,353 [main] INFO  TXLOGGER  - Summary for 'Polarion startup': transactions: 1, svn: 0.302 s [80% info (47x), 10% getDir2 content (5x)] (66x), RepositoryConfigService: 0.0509 s [100% getReadConfiguration (2x)] (2x)
2017-06-22 17:46:34,465 [Persistence Events Processing Thread | u:p] INFO  TXLOGGER  - Summary: Total: 0.108 s, transactions: 6, persistence listener: 0.107 s [93% notificationsCreatingListener (1x)] (7x)
2017-06-22 17:46:34,547 [Worker-0 | u:p | job: polarion.jobs.attachment.indexer] INFO  TXLOGGER  - Summary after AttachmentIndexer: transactions: 48, persistence listener: 0.11 s [91% notificationsCreatingListener (8x)] (56x), Lucene: 0.0898 s [100% add (2x)] (2x), resolve: 0.0386 s [93% User (2x)] (5x), ObjectMaps: 0.013 s [100% getPrimaryObjectLocation (2x)] (2x)
2017-06-22 17:46:35,120 [PreLoadDataService | u:p] INFO  TXLOGGER  - Tx 5733eee38e838_0_5733eee38e838_0_: finished. Total: 0.757 s, svn: 0.453 s [73% getDir2 content (25x), 27% getFile content (15x)] (43x), resolve: 0.288 s [59% TimePoint (5x), 41% Category (8x)] (13x), ObjectMaps: 0.0503 s [49% getPrimaryObjectLocation (13x), 30% getPrimaryObjectProperty (13x), 21% getLastPromoted (13x)] (55x)
2017-06-22 17:46:35,586 [PreLoadDataService | u:p] INFO  TXLOGGER  - Tx 5733eee47846a_0_5733eee47846a_0_: finished. Total: 0.288 s, svn: 0.2 s [62% getFile content (14x), 38% info (10x)] (25x), RepositoryConfigService: 0.141 s [82% getReadConfiguration (72x)] (74x), resolve: 0.117 s [100% User (8x)] (8x), ObjectMaps: 0.0226 s [40% getPrimaryObjectLocation (8x), 30% getPrimaryObjectProperty (8x), 30% getLastPromoted (8x)] (33x)
2017-06-22 17:46:35,733 [PreLoadDataService | u:p] INFO  TXLOGGER  - Tx 5733eee4c086b_0_5733eee4c086b_0_: finished. Total: 0.147 s, RepositoryConfigService: 0.123 s [98% getReadConfiguration (55x)] (78x), svn: 0.103 s [100% getFile content (13x)] (14x)
2017-06-22 17:46:36,157 [DBHistoryCreator-2 | u:p] INFO  TXLOGGER  - Summary: Total: 1.57 s, transactions: 0
2017-06-22 17:46:36,157 [DBHistoryCreator-1 | u:p] INFO  TXLOGGER  - Summary: Total: 1.57 s, transactions: 0
2017-06-22 17:46:36,157 [Worker-1 | u:p | job: polarion.jobs.db.history] INFO  TXLOGGER  - Summary after DBHistoryCreator: transactions: 0, Lucene: 0.029 s [100% add (1x)] (1x), DB: 0.00154 s [73% update (2x), 27% commit (2x)] (4x), svn: 0.00148 s [100% getLatestRevision (1x)] (1x)
2017-06-22 17:46:36,157 [Worker-1 | u:p] INFO  TXLOGGER  - Summary for 'job: polarion.jobs.db.history': Total: 1.62 s, transactions: 0, SubterraURITable: 1.27 s [100% getDB (4067x)] (4067x), DB: 1.19 s [50% query (4093x), 30% update (4068x)] (20455x)
2017-06-22 17:46:36,466 [PreLoadDataService | u:p] INFO  TXLOGGER  - Tx 5733eee4e546c_0_5733eee4e546c_0_: finished. Total: 0.732 s, svn: 0.654 s [63% getFile content (47x), 37% getDir2 content (17x)] (65x), RepositoryConfigService: 0.47 s [100% getReadConfiguration (164x)] (180x)
2017-06-22 17:46:36,793 [PreLoadDataService | u:p] INFO  TXLOGGER  - Tx 5733eee59c86d_0_5733eee59c86d_0_: finished. Total: 0.327 s, svn: 0.28 s [84% getFile content (35x)] (42x), RepositoryConfigService: 0.271 s [99% getReadConfiguration (295x)] (370x)
2017-06-22 17:46:37,096 [PreLoadDataService | u:p] INFO  TXLOGGER  - Tx 5733eee5ee86e_0_5733eee5ee86e_0_: finished. Total: 0.302 s, svn: 0.281 s [53% getFile content (21x), 47% getDir2 content (17x)] (39x), RepositoryConfigService: 0.164 s [99% getReadConfiguration (88x)] (110x)
2017-06-22 17:46:37,216 [PreLoadDataService | u:p] INFO  TXLOGGER  - Tx 5733eee63a06f_0_5733eee63a06f_0_: finished. Total: 0.121 s, svn: 0.111 s [58% getDir2 content (11x), 42% getFile content (8x)] (20x), RepositoryConfigService: 0.0532 s [99% getReadConfiguration (38x)] (54x)
2017-06-22 17:46:37,507 [PreLoadDataService | u:p] INFO  TXLOGGER  - Tx 5733eee658070_0_5733eee658070_0_: finished. Total: 0.291 s, svn: 0.259 s [60% getFile content (24x), 40% getDir2 content (12x)] (37x), RepositoryConfigService: 0.184 s [100% getReadConfiguration (87x)] (109x)
2017-06-22 17:46:37,508 [PreLoadDataService] INFO  TXLOGGER  - Summary for 'PreloadDataService': Total: 3.15 s, transactions: 9, svn: 2.41 s [57% getFile content (182x), 39% getDir2 content (90x)] (301x), RepositoryConfigService: 1.43 s [98% getReadConfiguration (801x)] (981x), resolve: 0.528 s [32% TimePoint (5x), 23% Project (5x), 22% Category (8x), 22% User (8x)] (26x)
2017-06-22 17:46:37,508 [PreLoadDataService] INFO  TXLOGGER  - Summary after preload: transactions: 9, svn: 2.41 s [57% getFile content (182x), 39% getDir2 content (90x)] (301x), RepositoryConfigService: 1.43 s [98% getReadConfiguration (801x)] (981x), SubterraURITable: 1.27 s [100% getDB (4067x)] (4067x), DB: 1.19 s [50% query (4093x), 30% update (4068x)] (20455x), resolve: 0.528 s [32% TimePoint (5x), 23% Project (5x), 22% Category (8x), 22% User (9x)] (27x)
2017-06-22 17:46:56,641 [ajp-nio-8889-exec-5 | u:admin] INFO  TXLOGGER  - Summary for 'WorkItemDataService.saveWorkItem': Total: 0.118 s, transactions: 2, resolve: 0.0725 s [100% WorkItem (2x)] (2x), svn: 0.0399 s [50% info (3x), 24% getFile content (1x), 23% getDir2 content (1x)] (8x), calculatedFieldsContributor: 0.0148 s [100% fields (1x)] (1x), RepositoryConfigService: 0.0139 s [83% getExistingPrefixes (1x)] (5x), derivedLinkedRevisionsContributor: 0.0138 s [100% fields (1x)] (1x), permissions: 0.0127 s [100% readInstance (2x)] (2x), Lucene: 0.0104 s [100% search (1x)] (1x)
2017-06-22 17:47:00,391 [ajp-nio-8889-exec-6 | u:admin] INFO  TXLOGGER  - Tx 5733eefaf3073_0_5733eefaf3073_0_: finished. Total: 2.07 s, svn: 1.7 s [97% endActivity (1x)] (9x), Lucene: 0.165 s [83% refresh (1x)] (3x), processed revs: [124, 124 (delay 1s)], write: true
2017-06-22 17:47:00,725 [Persistence Events Processing Thread | u:p] INFO  TXLOGGER  - Tx 5733eefcf9874_0_5733eefcf9874_0_: finished. Total: 0.335 s, resolve: 0.211 s [56% WorkItem (7x), 44% User (14x)] (21x), svn: 0.169 s [62% getFile content (9x), 22% getDir2 content (2x)] (14x), ObjectMaps: 0.0315 s [56% getLastPromoted (8x), 36% getPrimaryObjectLocation (8x)] (32x)
2017-06-22 17:47:00,896 [Persistence Events Processing Thread | u:p] INFO  TXLOGGER  - Tx 5733eefd4d876_0_5733eefd4d876_0_: finished. Total: 0.17 s, resolve: 0.0884 s [100% WorkItem (3x)] (6x), svn: 0.0501 s [38% getFile content (1x), 29% getDir2 content (1x), 28% info (1x)] (5x), ObjectMaps: 0.0379 s [89% getLastPromoted (1x)] (5x), Lucene: 0.0277 s [100% add (1x)] (1x)
2017-06-22 17:47:00,897 [Persistence Events Processing Thread | u:p] INFO  TXLOGGER  - Summary: Total: 0.507 s, transactions: 6, persistence listener: 0.507 s [66% notificationsCreatingListener (1x), 34% WorkItemActivityCreator (1x)] (7x), resolve: 0.299 s [69% WorkItem (10x), 31% User (16x)] (27x), svn: 0.219 s [56% getFile content (10x), 24% getDir2 content (3x)] (19x), ObjectMaps: 0.0694 s [74% getLastPromoted (9x), 20% getPrimaryObjectLocation (9x)] (37x), Lucene: 0.0305 s [91% add (1x)] (4x)
2017-06-22 17:47:01,050 [ajp-nio-8889-exec-6 | u:admin] INFO  TXLOGGER  - Tx 5733eefcf9c75_0_5733eefcf9c75_0_: finished. Total: 0.658 s, RepositoryConfigService: 0.317 s [94% getReadConfiguration (321x)] (353x), svn: 0.157 s [71% getFile content (11x), 20% info (4x)] (18x)
2017-06-22 17:47:01,158 [ajp-nio-8889-exec-6 | u:admin] INFO  TXLOGGER  - Summary for 'WorkItemDataService.saveWorkItem': Total: 2.85 s, transactions: 2, svn: 1.85 s [89% endActivity (1x)] (27x), RepositoryConfigService: 0.317 s [94% getReadConfiguration (340x)] (375x), Lucene: 0.186 s [73% refresh (1x), 16% search (10x)] (12x)
2017-06-22 17:47:09,926 [ajp-nio-8889-exec-10 | u:admin] INFO  TXLOGGER  - Tx 5733ef037e083_0_5733ef037e083_0_: finished. Total: 2.86 s, svn: 2.75 s [98% endActivity (1x)] (9x), processed revs: [125, 125 (delay 2s)], write: true
2017-06-22 17:47:09,974 [ajp-nio-8889-exec-10 | u:admin] INFO  TXLOGGER  - Summary for 'WorkItemDataService.saveWorkItem': Total: 2.91 s, transactions: 2, svn: 2.75 s [98% endActivity (1x)] (9x)
2017-06-22 17:47:10,122 [Persistence Events Processing Thread | u:p] INFO  TXLOGGER  - Tx 5733ef0649884_0_5733ef0649884_0_: finished. Total: 0.196 s, resolve: 0.172 s [69% WorkItem (8x), 31% User (15x)] (23x), svn: 0.148 s [52% getFile content (6x), 30% getDir2 content (2x)] (11x), ObjectMaps: 0.0142 s [46% getLastPromoted (6x), 32% getPrimaryObjectProperty (6x), 22% getPrimaryObjectLocation (6x)] (24x)
2017-06-22 17:47:11,691 [Persistence Events Processing Thread | u:p] INFO  TXLOGGER  - Tx 5733ef067ac86_0_5733ef067ac86_0_: finished. Total: 1.57 s, Lucene: 1.52 s [100% add (1x)] (1x)
2017-06-22 17:47:11,691 [Persistence Events Processing Thread | u:p] INFO  TXLOGGER  - Summary: Total: 1.76 s, transactions: 6, persistence listener: 1.76 s [89% WorkItemActivityCreator (1x)] (7x), Lucene: 1.52 s [100% add (1x)] (1x), resolve: 0.217 s [75% WorkItem (11x), 25% User (16x)] (28x), svn: 0.188 s [48% getFile content (7x), 30% getDir2 content (3x), 22% info (3x)] (16x)
2017-06-22 17:47:14,584 [ajp-nio-8889-exec-5 | u:admin] INFO  TXLOGGER  - Summary for 'DebugService.deObfuscateStackTrace': Total: 0.162 s, transactions: 0
2017-06-22 17:47:40,114 [ajp-nio-8889-exec-7 | u:admin] INFO  TXLOGGER  - Summary for 'DebugService.deObfuscateStackTrace': Total: 0.111 s, transactions: 0
