2017-06-23 14:50:48,778 [main | u:p] INFO  TXLOGGER  - Summary for 'Platform startup': transactions: 0, DB: 0.0418 s [50% query (13x), 49% update (126x)] (206x), svn: 0.0238 s [87% checkPath (1x)] (3x)
2017-06-23 14:50:48,973 [main | u:p] INFO  TXLOGGER  - Summary for 'Context recognition': transactions: 0, svn: 0.0779 s [39% info (3x), 32% getDir2 content (2x), 29% getFile content (1x)] (6x)
2017-06-23 14:50:50,269 [LowLevelDataService-contextInitializer-1 | u:p] INFO  TXLOGGER  - Summary: Total: 1.29 s, transactions: 0
2017-06-23 14:50:50,269 [LowLevelDataService-contextInitializer-2 | u:p] INFO  TXLOGGER  - Summary: Total: 1.29 s, transactions: 0, svn: 0.199 s [98% log2 (6x)] (8x)
2017-06-23 14:50:50,269 [LowLevelDataService-contextInitializer-3 | u:p] INFO  TXLOGGER  - Summary: Total: 1.29 s, transactions: 0, ObjectMaps: 0.283 s [100% getAllPrimaryObjects (1x)] (7x), svn: 0.185 s [36% log (1x), 24% info (4x), 19% log2 (5x), 19% getFile content (3x)] (15x)
2017-06-23 14:50:50,269 [LowLevelDataService-contextInitializer-5 | u:p] INFO  TXLOGGER  - Summary: Total: 1.29 s, transactions: 0, svn: 0.145 s [99% log2 (5x)] (6x)
2017-06-23 14:50:50,269 [LowLevelDataService-contextInitializer-4 | u:p] INFO  TXLOGGER  - Summary: Total: 1.29 s, transactions: 0, svn: 0.184 s [98% log2 (10x)] (12x)
2017-06-23 14:50:50,270 [main | u:p] INFO  TXLOGGER  - Summary for 'Context initialization': transactions: 0, svn: 0.776 s [80% log2 (31x), 9% log (1x)] (47x), ObjectMaps: 0.411 s [99% getAllPrimaryObjects (7x)] (55x)
2017-06-23 14:50:50,571 [main | u:p] INFO  TXLOGGER  - Summary for 'Revisions processing': transactions: 14, RepositoryConfigService: 0.202 s [100% getReadConfiguration (42x)] (42x), svn: 0.112 s [90% info (15x)] (32x)
2017-06-23 14:50:51,215 [main | u:p] INFO  TXLOGGER  - Summary for 'Build artifacts recognition': transactions: 40, svn: 0.492 s [83% info (78x)] (131x), RepositoryConfigService: 0.426 s [100% getReadConfiguration (80x)] (80x)
2017-06-23 14:50:51,851 [main | u:p] INFO  TXLOGGER  - Summary for 'Data indexing': transactions: 0, Lucene: 0.267 s [100% refresh (2x)] (2x), SubterraURITable: 0.0223 s [100% addIfNotExistsDB (17x)] (17x), DB: 0.0207 s [50% update (38x), 22% query (17x), 20% execute (12x)] (103x)
2017-06-23 14:51:26,496 [main] INFO  TXLOGGER  - Summary for 'Polarion startup': transactions: 1, svn: 0.267 s [77% info (47x), 10% getDir2 content (5x)] (66x), RepositoryConfigService: 0.0267 s [100% getReadConfiguration (2x)] (2x)
2017-06-23 14:51:26,608 [Persistence Events Processing Thread | u:p] INFO  TXLOGGER  - Summary: Total: 0.108 s, transactions: 6, persistence listener: 0.107 s [92% notificationsCreatingListener (1x)] (7x)
2017-06-23 14:51:26,689 [Worker-0 | u:p | job: polarion.jobs.attachment.indexer] INFO  TXLOGGER  - Summary after AttachmentIndexer: transactions: 48, persistence listener: 0.11 s [90% notificationsCreatingListener (8x)] (56x), Lucene: 0.0928 s [100% add (2x)] (2x), resolve: 0.0399 s [92% User (2x)] (5x), ObjectMaps: 0.0116 s [100% getPrimaryObjectLocation (2x)] (2x)
2017-06-23 14:51:27,326 [PreLoadDataService | u:p] INFO  TXLOGGER  - Tx 57351064fa438_0_57351064fa438_0_: finished. Total: 0.819 s, svn: 0.448 s [58% getDir2 content (25x), 41% getFile content (15x)] (43x), resolve: 0.417 s [53% Category (8x), 47% TimePoint (5x)] (13x), ObjectMaps: 0.0575 s [50% getPrimaryObjectLocation (13x), 29% getPrimaryObjectProperty (13x), 21% getLastPromoted (13x)] (55x)
2017-06-23 14:51:27,763 [PreLoadDataService | u:p] INFO  TXLOGGER  - Tx 57351065f086a_0_57351065f086a_0_: finished. Total: 0.273 s, svn: 0.181 s [61% getFile content (14x), 39% info (10x)] (25x), RepositoryConfigService: 0.136 s [80% getReadConfiguration (72x)] (74x), resolve: 0.105 s [100% User (8x)] (8x), ObjectMaps: 0.0237 s [43% getPrimaryObjectLocation (8x), 29% getLastPromoted (8x), 28% getPrimaryObjectProperty (8x)] (33x)
2017-06-23 14:51:27,915 [PreLoadDataService | u:p] INFO  TXLOGGER  - Tx 5735106634c6b_0_5735106634c6b_0_: finished. Total: 0.151 s, RepositoryConfigService: 0.124 s [98% getReadConfiguration (55x)] (78x), svn: 0.102 s [100% getFile content (13x)] (14x)
2017-06-23 14:51:28,274 [DBHistoryCreator-2 | u:p] INFO  TXLOGGER  - Summary: Total: 1.52 s, transactions: 0
2017-06-23 14:51:28,274 [DBHistoryCreator-1 | u:p] INFO  TXLOGGER  - Summary: Total: 1.52 s, transactions: 0
2017-06-23 14:51:28,274 [Worker-1 | u:p | job: polarion.jobs.db.history] INFO  TXLOGGER  - Summary after DBHistoryCreator: transactions: 0, Lucene: 0.0258 s [100% add (1x)] (1x), DB: 0.0016 s [73% update (2x), 27% commit (2x)] (4x), svn: 0.00135 s [100% getLatestRevision (1x)] (1x)
2017-06-23 14:51:28,275 [Worker-1 | u:p] INFO  TXLOGGER  - Summary for 'job: polarion.jobs.db.history': Total: 1.59 s, transactions: 0, SubterraURITable: 1.23 s [100% getDB (4128x)] (4128x), DB: 1.17 s [51% query (4154x), 30% update (4129x)] (20802x)
2017-06-23 14:51:28,694 [PreLoadDataService | u:p] INFO  TXLOGGER  - Tx 573510665ac6c_0_573510665ac6c_0_: finished. Total: 0.779 s, svn: 0.701 s [69% getFile content (47x), 31% getDir2 content (17x)] (65x), RepositoryConfigService: 0.546 s [100% getReadConfiguration (164x)] (180x)
2017-06-23 14:51:29,006 [PreLoadDataService | u:p] INFO  TXLOGGER  - Tx 573510671d86d_0_573510671d86d_0_: finished. Total: 0.312 s, RepositoryConfigService: 0.266 s [99% getReadConfiguration (295x)] (370x), svn: 0.249 s [86% getFile content (35x)] (42x)
2017-06-23 14:51:29,408 [PreLoadDataService | u:p] INFO  TXLOGGER  - Tx 573510676b86e_0_573510676b86e_0_: finished. Total: 0.402 s, svn: 0.381 s [59% getFile content (21x), 41% getDir2 content (17x)] (39x), RepositoryConfigService: 0.24 s [100% getReadConfiguration (88x)] (110x)
2017-06-23 14:51:29,528 [PreLoadDataService | u:p] INFO  TXLOGGER  - Tx 57351067d006f_0_57351067d006f_0_: finished. Total: 0.12 s, svn: 0.111 s [67% getDir2 content (11x), 33% getFile content (8x)] (20x), RepositoryConfigService: 0.0424 s [99% getReadConfiguration (38x)] (54x)
2017-06-23 14:51:29,756 [PreLoadDataService | u:p] INFO  TXLOGGER  - Tx 57351067ee070_0_57351067ee070_0_: finished. Total: 0.227 s, svn: 0.209 s [57% getFile content (24x), 43% getDir2 content (12x)] (37x), RepositoryConfigService: 0.134 s [99% getReadConfiguration (87x)] (109x)
2017-06-23 14:51:29,757 [PreLoadDataService] INFO  TXLOGGER  - Summary for 'PreloadDataService': Total: 3.25 s, transactions: 9, svn: 2.45 s [62% getFile content (182x), 34% getDir2 content (90x)] (301x), RepositoryConfigService: 1.51 s [98% getReadConfiguration (801x)] (981x), resolve: 0.633 s [35% Category (8x), 31% TimePoint (5x), 17% Project (5x)] (26x)
2017-06-23 14:51:29,757 [PreLoadDataService] INFO  TXLOGGER  - Summary after preload: transactions: 9, svn: 2.45 s [62% getFile content (182x), 34% getDir2 content (90x)] (301x), RepositoryConfigService: 1.51 s [98% getReadConfiguration (801x)] (981x), SubterraURITable: 1.23 s [100% getDB (4128x)] (4128x), DB: 1.17 s [51% query (4154x), 30% update (4129x)] (20802x), resolve: 0.633 s [35% Category (8x), 31% TimePoint (5x), 17% Project (5x)] (27x)
2017-06-23 14:55:20,824 [ajp-nio-8889-exec-8 | u:admin] INFO  TXLOGGER  - Tx 57351149b4071_0_57351149b4071_0_: finished. Total: 0.104 s, RepositoryConfigService: 0.0275 s [99% getReadUserConfiguration (1x)] (2x)
2017-06-23 14:55:20,834 [ajp-nio-8889-exec-8 | u:admin] INFO  TXLOGGER  - Summary for 'WorkItemDataService.getDataForTableCustomization': Total: 0.115 s, transactions: 1, RepositoryConfigService: 0.0275 s [99% getReadUserConfiguration (1x)] (2x)
2017-06-23 14:55:20,835 [ajp-nio-8889-exec-9 | u:admin] INFO  TXLOGGER  - Summary for 'WorkItemDataService.getDataForTableCustomization': Total: 0.111 s, transactions: 1, RepositoryConfigService: 0.0199 s [98% getReadUserConfiguration (1x)] (2x)
2017-06-23 14:55:21,768 [ajp-nio-8889-exec-1 | u:admin] INFO  TXLOGGER  - Tx 57351149f4c74_0_57351149f4c74_0_: finished. Total: 0.788 s, permissions: 0.737 s [100% readInstance (18x)] (18x), resolve: 0.715 s [100% WorkItem (18x)] (18x), svn: 0.591 s [40% info (29x), 31% getDir2 content (22x), 29% getFile content (21x)] (76x)
2017-06-23 14:55:21,772 [ajp-nio-8889-exec-1 | u:admin] INFO  TXLOGGER  - Summary for 'WorkItemDataService.queryForTable': Total: 0.792 s, transactions: 1, permissions: 0.737 s [100% readInstance (18x)] (18x), resolve: 0.715 s [100% WorkItem (18x)] (18x), svn: 0.591 s [40% info (29x), 31% getDir2 content (22x), 29% getFile content (21x)] (76x)
2017-06-23 14:55:22,776 [ajp-nio-8889-exec-3 | u:admin] INFO  TXLOGGER  - Tx 5735114b4e875_0_5735114b4e875_0_: finished. Total: 0.413 s, resolve: 0.209 s [65% Module (24x), 34% ModuleAttachment (2x)] (46x), svn: 0.2 s [61% info (18x), 17% getFile content (5x), 13% getDir2 content (4x)] (31x)
2017-06-23 14:55:22,908 [ajp-nio-8889-exec-3 | u:admin] INFO  TXLOGGER  - Summary for 'WorkItemDataService.loadInstances': Total: 0.545 s, transactions: 1, resolve: 0.209 s [65% Module (24x), 34% ModuleAttachment (2x)] (46x), svn: 0.2 s [61% info (18x), 17% getFile content (5x), 13% getDir2 content (4x)] (31x)
2017-06-23 14:55:23,044 [ajp-nio-8889-exec-5 | u:admin] INFO  TXLOGGER  - Tx 5735114b78076_0_5735114b78076_0_: finished. Total: 0.516 s, RepositoryConfigService: 0.258 s [92% getReadConfiguration (360x)] (384x), svn: 0.216 s [55% getFile content (14x), 40% info (7x)] (25x), ObjectEnum Plan: 0.082 s [100% available (2x)] (6x), resolve: 0.0815 s [98% Plan (7x)] (23x)
2017-06-23 14:55:23,116 [ajp-nio-8889-exec-5 | u:admin] INFO  TXLOGGER  - Summary for 'WorkItemDataService.getWorkitemTemplate': Total: 0.588 s, transactions: 1, RepositoryConfigService: 0.258 s [92% getReadConfiguration (360x)] (384x), svn: 0.216 s [55% getFile content (14x), 40% info (7x)] (25x), ObjectEnum Plan: 0.082 s [100% available (2x)] (6x), resolve: 0.0815 s [98% Plan (7x)] (23x)
2017-06-23 14:55:38,242 [ajp-nio-8889-exec-9 | u:admin] INFO  TXLOGGER  - Tx 57351158f7877_0_57351158f7877_0_: finished. Total: 1.89 s, Lucene: 0.896 s [100% add (2x)] (4x), svn: 0.781 s [90% endActivity (1x)] (14x), processed revs: [178, 178 (delay 1s)], write: true
2017-06-23 14:55:38,415 [Persistence Events Processing Thread | u:p] INFO  TXLOGGER  - Tx 5735115ad0878_0_5735115ad0878_0_: finished. Total: 0.173 s, resolve: 0.0776 s [62% WorkItem (2x), 38% User (4x)] (6x), svn: 0.0726 s [61% getFile content (4x), 20% info (1x)] (7x), RepositoryConfigService: 0.0156 s [100% getReadConfiguration (9x)] (10x), ObjectMaps: 0.0115 s [38% getLastPromoted (3x), 36% getPrimaryObjectProperty (3x), 26% getPrimaryObjectLocation (3x)] (12x)
2017-06-23 14:55:38,511 [ajp-nio-8889-exec-9 | u:admin] INFO  TXLOGGER  - Tx 5735115ad0c79_0_5735115ad0c79_0_: finished. Total: 0.268 s, resolve: 0.0556 s [98% WorkItem (1x)] (24x), svn: 0.0526 s [46% getFile content (2x), 27% info (1x), 25% getDir2 content (1x)] (6x), Lucene: 0.0298 s [100% search (6x)] (6x), ObjectMaps: 0.0251 s [63% getPrimaryObjectLocations (13x), 21% getLastPromoted (1x)] (17x), RepositoryConfigService: 0.0139 s [99% getReadConfiguration (339x)] (365x)
2017-06-23 14:55:38,530 [ajp-nio-8889-exec-9 | u:admin] INFO  TXLOGGER  - Summary for 'WorkItemDataService.saveWorkItem': Total: 2.19 s, transactions: 2, Lucene: 0.926 s [97% add (2x)] (10x), svn: 0.833 s [84% endActivity (1x)] (20x), resolve: 0.112 s [98% WorkItem (5x)] (35x)
2017-06-23 14:55:38,599 [Persistence Events Processing Thread | u:p] INFO  TXLOGGER  - Tx 5735115afc07a_0_5735115afc07a_0_: finished. Total: 0.182 s, RepositoryConfigService: 0.0969 s [100% getReadConfiguration (12x)] (13x), svn: 0.0614 s [56% getFile content (2x), 21% getDir2 content (1x), 20% info (1x)] (6x), resolve: 0.0403 s [100% WorkItem (3x)] (5x), Lucene: 0.0242 s [100% add (1x)] (1x)
2017-06-23 14:55:38,599 [Persistence Events Processing Thread | u:p] INFO  TXLOGGER  - Summary: Total: 0.357 s, transactions: 6, persistence listener: 0.357 s [51% WorkItemActivityCreator (1x), 49% notificationsCreatingListener (1x)] (7x), svn: 0.134 s [59% getFile content (6x), 20% getDir2 content (2x), 20% info (2x)] (13x), resolve: 0.118 s [75% WorkItem (5x), 25% User (5x)] (11x), RepositoryConfigService: 0.112 s [100% getReadConfiguration (21x)] (23x), Lucene: 0.0243 s [100% add (1x)] (2x)
2017-06-23 14:55:44,890 [ajp-nio-8889-exec-3 | u:admin] INFO  TXLOGGER  - Tx 5735116073487_0_5735116073487_0_: finished. Total: 0.876 s, svn: 0.682 s [90% endActivity (1x)] (9x), Lucene: 0.0753 s [75% refresh (1x), 25% add (1x)] (2x), DB: 0.0553 s [98% update (17x)] (25x), processed revs: [179, 179 (delay 0s)], write: true
2017-06-23 14:55:44,968 [ajp-nio-8889-exec-3 | u:admin] INFO  TXLOGGER  - Summary for 'WorkItemDataService.saveWorkItem': Total: 0.955 s, transactions: 2, svn: 0.682 s [90% endActivity (1x)] (9x), Lucene: 0.084 s [67% refresh (1x), 23% add (1x)] (3x), DB: 0.0553 s [98% update (17x)] (25x)
2017-06-23 14:55:45,085 [Persistence Events Processing Thread | u:p] INFO  TXLOGGER  - Tx 573511614e488_0_573511614e488_0_: finished. Total: 0.195 s, resolve: 0.157 s [83% WorkItem (8x)] (15x), svn: 0.128 s [44% getFile content (4x), 30% getDir2 content (2x), 27% info (2x)] (9x), ObjectMaps: 0.0193 s [53% getLastPromoted (4x), 37% getPrimaryObjectLocation (4x)] (16x), EHCache: 0.0114 s [88% get (42x)] (51x)
2017-06-23 14:55:45,189 [Persistence Events Processing Thread | u:p] INFO  TXLOGGER  - Tx 573511617f48a_0_573511617f48a_0_: finished. Total: 0.104 s, resolve: 0.0697 s [100% WorkItem (3x)] (5x), svn: 0.0422 s [40% getFile content (1x), 29% getDir2 content (1x), 28% info (1x)] (5x), ObjectMaps: 0.0261 s [86% getLastPromoted (1x)] (4x), Lucene: 0.0222 s [100% add (1x)] (1x)
2017-06-23 14:55:45,189 [Persistence Events Processing Thread | u:p] INFO  TXLOGGER  - Summary: Total: 0.3 s, transactions: 6, persistence listener: 0.3 s [65% notificationsCreatingListener (1x), 35% WorkItemActivityCreator (1x)] (7x), resolve: 0.226 s [88% WorkItem (11x)] (20x), svn: 0.17 s [43% getFile content (5x), 29% getDir2 content (3x), 27% info (3x)] (14x), ObjectMaps: 0.0454 s [72% getLastPromoted (5x), 22% getPrimaryObjectLocation (5x)] (20x), Lucene: 0.0222 s [100% add (1x)] (1x)
2017-06-23 15:00:01,649 [Worker-1 | u:p] INFO  TXLOGGER  - Summary for 'job: update.plan.refresh.index': Total: 0.71 s, transactions: 0, resolve: 0.521 s [95% WorkItem (15x)] (167x), svn: 0.461 s [35% getDir2 content (16x), 33% getFile content (16x), 32% info (17x)] (50x), Lucene: 0.13 s [100% refresh (1x)] (2x), DB: 0.0408 s [74% update (181x), 25% execute (38x)] (220x)
2017-06-23 15:00:01,678 [Worker-0 | u:p] INFO  TXLOGGER  - Summary for 'job: update.plan': Total: 1.61 s, transactions: 9, resolve: 0.646 s [99% WorkItems (2x)] (96x), svn: 0.559 s [37% getFile content (21x), 32% info (20x), 31% getDir2 content (17x)] (69x)
