2017-06-22 17:30:33,287 [main | u:p] INFO  TXLOGGER  - Summary for 'Platform startup': transactions: 0, DB: 0.0394 s [50% query (13x), 49% update (126x)] (206x), svn: 0.0244 s [88% checkPath (1x)] (3x)
2017-06-22 17:30:33,501 [main | u:p] INFO  TXLOGGER  - Summary for 'Context recognition': transactions: 0, svn: 0.0902 s [40% info (3x), 35% getDir2 content (2x), 26% getFile content (1x)] (6x)
2017-06-22 17:30:34,703 [LowLevelDataService-contextInitializer-5 | u:p] INFO  TXLOGGER  - Summary: Total: 1.2 s, transactions: 0
2017-06-22 17:30:34,703 [LowLevelDataService-contextInitializer-2 | u:p] INFO  TXLOGGER  - Summary: Total: 1.2 s, transactions: 0, svn: 0.138 s [98% log2 (6x)] (8x)
2017-06-22 17:30:34,703 [LowLevelDataService-contextInitializer-3 | u:p] INFO  TXLOGGER  - Summary: Total: 1.2 s, transactions: 0, ObjectMaps: 0.267 s [100% getAllPrimaryObjects (1x)] (7x), svn: 0.128 s [36% log (1x), 24% log2 (5x), 24% info (4x)] (15x)
2017-06-22 17:30:34,703 [LowLevelDataService-contextInitializer-1 | u:p] INFO  TXLOGGER  - Summary: Total: 1.2 s, transactions: 0, svn: 0.171 s [98% log2 (10x)] (12x), ObjectMaps: 0.0677 s [97% getAllPrimaryObjects (2x)] (20x)
2017-06-22 17:30:34,703 [LowLevelDataService-contextInitializer-4 | u:p] INFO  TXLOGGER  - Summary: Total: 1.2 s, transactions: 0, svn: 0.0874 s [95% log2 (5x)] (6x)
2017-06-22 17:30:34,704 [main | u:p] INFO  TXLOGGER  - Summary for 'Context initialization': transactions: 0, svn: 0.58 s [81% log2 (31x)] (47x), ObjectMaps: 0.419 s [99% getAllPrimaryObjects (7x)] (55x)
2017-06-22 17:30:35,028 [main | u:p] INFO  TXLOGGER  - Summary for 'Revisions processing': transactions: 14, RepositoryConfigService: 0.216 s [100% getReadConfiguration (42x)] (42x), svn: 0.122 s [91% info (15x)] (32x)
2017-06-22 17:30:35,779 [main | u:p] INFO  TXLOGGER  - Summary for 'Build artifacts recognition': transactions: 40, svn: 0.602 s [86% info (78x)] (131x), RepositoryConfigService: 0.504 s [100% getReadConfiguration (80x)] (80x)
2017-06-22 17:30:36,367 [main | u:p] INFO  TXLOGGER  - Summary for 'Data indexing': transactions: 0, Lucene: 0.24 s [100% refresh (2x)] (2x), SubterraURITable: 0.0221 s [100% addIfNotExistsDB (17x)] (17x), DB: 0.021 s [48% update (38x), 22% execute (12x), 22% query (17x)] (103x)
2017-06-22 17:31:11,003 [main] INFO  TXLOGGER  - Summary for 'Polarion startup': transactions: 1, svn: 0.331 s [83% info (47x)] (66x), RepositoryConfigService: 0.0322 s [100% getReadConfiguration (2x)] (2x)
2017-06-22 17:31:11,117 [Persistence Events Processing Thread | u:p] INFO  TXLOGGER  - Summary: Total: 0.11 s, transactions: 6, persistence listener: 0.11 s [92% notificationsCreatingListener (1x)] (7x)
2017-06-22 17:31:11,177 [Worker-0 | u:p | job: polarion.jobs.attachment.indexer] INFO  TXLOGGER  - Summary after AttachmentIndexer: transactions: 48, persistence listener: 0.112 s [91% notificationsCreatingListener (8x)] (56x), Lucene: 0.0684 s [100% add (2x)] (2x), resolve: 0.0404 s [92% User (2x)] (5x), ObjectMaps: 0.0112 s [100% getPrimaryObjectLocation (2x)] (2x)
2017-06-22 17:31:11,725 [PreLoadDataService | u:p] INFO  TXLOGGER  - Tx 5733eb5dd8c38_0_5733eb5dd8c38_0_: finished. Total: 0.713 s, svn: 0.445 s [59% getDir2 content (25x), 41% getFile content (15x)] (43x), resolve: 0.326 s [54% TimePoint (5x), 46% Category (8x)] (13x), ObjectMaps: 0.0495 s [53% getPrimaryObjectLocation (13x), 28% getPrimaryObjectProperty (13x)] (55x)
2017-06-22 17:31:12,203 [PreLoadDataService | u:p] INFO  TXLOGGER  - Tx 5733eb5eb886a_0_5733eb5eb886a_0_: finished. Total: 0.297 s, svn: 0.209 s [59% getFile content (14x), 41% info (10x)] (25x), RepositoryConfigService: 0.165 s [84% getReadConfiguration (72x)] (74x), resolve: 0.101 s [100% User (8x)] (8x), ObjectMaps: 0.0221 s [44% getPrimaryObjectLocation (8x), 29% getPrimaryObjectProperty (8x), 27% getLastPromoted (8x)] (33x)
2017-06-22 17:31:12,337 [PreLoadDataService | u:p] INFO  TXLOGGER  - Tx 5733eb5f02c6b_0_5733eb5f02c6b_0_: finished. Total: 0.134 s, RepositoryConfigService: 0.109 s [98% getReadConfiguration (55x)] (78x), svn: 0.0904 s [100% getFile content (13x)] (14x)
2017-06-22 17:31:12,637 [DBHistoryCreator-1 | u:p] INFO  TXLOGGER  - Summary: Total: 1.43 s, transactions: 0
2017-06-22 17:31:12,637 [DBHistoryCreator-2 | u:p] INFO  TXLOGGER  - Summary: Total: 1.43 s, transactions: 0
2017-06-22 17:31:12,637 [Worker-1 | u:p | job: polarion.jobs.db.history] INFO  TXLOGGER  - Summary after DBHistoryCreator: transactions: 0, Lucene: 0.0202 s [100% add (1x)] (1x), svn: 0.00158 s [100% getLatestRevision (1x)] (1x), DB: 0.00121 s [71% update (2x), 29% commit (2x)] (4x)
2017-06-22 17:31:12,637 [Worker-1 | u:p] INFO  TXLOGGER  - Summary for 'job: polarion.jobs.db.history': Total: 1.46 s, transactions: 0, SubterraURITable: 1.14 s [100% getDB (4065x)] (4065x), DB: 1.08 s [51% query (4091x), 31% update (4066x)] (20443x)
2017-06-22 17:31:13,358 [PreLoadDataService | u:p] INFO  TXLOGGER  - Tx 5733eb5f2446c_0_5733eb5f2446c_0_: finished. Total: 1.02 s, svn: 0.95 s [73% getFile content (47x), 27% getDir2 content (17x)] (65x), RepositoryConfigService: 0.744 s [100% getReadConfiguration (164x)] (180x)
2017-06-22 17:31:13,689 [PreLoadDataService | u:p] INFO  TXLOGGER  - Tx 5733eb602386d_0_5733eb602386d_0_: finished. Total: 0.331 s, RepositoryConfigService: 0.28 s [99% getReadConfiguration (295x)] (370x), svn: 0.276 s [85% getFile content (35x)] (42x)
2017-06-22 17:31:14,046 [PreLoadDataService | u:p] INFO  TXLOGGER  - Tx 5733eb607646e_0_5733eb607646e_0_: finished. Total: 0.357 s, svn: 0.325 s [54% getFile content (21x), 46% getDir2 content (17x)] (39x), RepositoryConfigService: 0.204 s [100% getReadConfiguration (88x)] (110x)
2017-06-22 17:31:14,161 [PreLoadDataService | u:p] INFO  TXLOGGER  - Tx 5733eb60cf86f_0_5733eb60cf86f_0_: finished. Total: 0.115 s, svn: 0.106 s [58% getDir2 content (11x), 42% getFile content (8x)] (20x), RepositoryConfigService: 0.0512 s [99% getReadConfiguration (38x)] (54x)
2017-06-22 17:31:14,446 [PreLoadDataService | u:p] INFO  TXLOGGER  - Tx 5733eb60ec470_0_5733eb60ec470_0_: finished. Total: 0.285 s, svn: 0.253 s [60% getFile content (24x), 40% getDir2 content (12x)] (37x), RepositoryConfigService: 0.18 s [100% getReadConfiguration (87x)] (109x)
2017-06-22 17:31:14,447 [PreLoadDataService] INFO  TXLOGGER  - Summary for 'PreloadDataService': Total: 3.44 s, transactions: 9, svn: 2.74 s [63% getFile content (182x), 32% getDir2 content (90x)] (301x), RepositoryConfigService: 1.76 s [98% getReadConfiguration (801x)] (981x), resolve: 0.554 s [32% TimePoint (5x), 27% Category (8x), 23% Project (5x)] (26x)
2017-06-22 17:31:14,447 [PreLoadDataService] INFO  TXLOGGER  - Summary after preload: transactions: 9, svn: 2.74 s [63% getFile content (182x), 32% getDir2 content (90x)] (301x), RepositoryConfigService: 1.76 s [98% getReadConfiguration (801x)] (981x), SubterraURITable: 1.14 s [100% getDB (4065x)] (4065x), DB: 1.08 s [51% query (4091x), 31% update (4066x)] (20443x), resolve: 0.554 s [32% TimePoint (5x), 27% Category (8x), 23% Project (5x)] (27x)
2017-06-22 17:31:27,092 [ajp-nio-8889-exec-5 | u:admin] INFO  TXLOGGER  - Summary for 'WorkItemDataService.saveWorkItem': Total: 0.169 s, transactions: 2, resolve: 0.111 s [100% WorkItem (2x)] (2x), svn: 0.0763 s [42% info (3x), 35% getDir2 content (1x), 21% getFile content (1x)] (8x), permissions: 0.0256 s [100% readInstance (2x)] (2x), calculatedFieldsContributor: 0.0214 s [100% fields (1x)] (1x), RepositoryConfigService: 0.0205 s [88% getExistingPrefixes (1x)] (5x), derivedLinkedRevisionsContributor: 0.0138 s [100% fields (1x)] (1x), Lucene: 0.0103 s [100% search (1x)] (1x)
2017-06-22 17:31:31,071 [ajp-nio-8889-exec-6 | u:admin] INFO  TXLOGGER  - Tx 5733eb6f61473_0_5733eb6f61473_0_: finished. Total: 2.11 s, svn: 1.7 s [95% endActivity (1x)] (10x), Lucene: 0.167 s [81% refresh (1x)] (3x), processed revs: [122, 122 (delay 1s)], write: true
2017-06-22 17:31:31,393 [Persistence Events Processing Thread | u:p] INFO  TXLOGGER  - Tx 5733eb716fc74_0_5733eb716fc74_0_: finished. Total: 0.322 s, resolve: 0.212 s [76% WorkItem (8x), 24% User (11x)] (19x), svn: 0.2 s [46% getFile content (8x), 28% getDir2 content (2x), 26% info (2x)] (13x)
2017-06-22 17:31:31,554 [Persistence Events Processing Thread | u:p] INFO  TXLOGGER  - Tx 5733eb71c0876_0_5733eb71c0876_0_: finished. Total: 0.16 s, resolve: 0.107 s [100% WorkItem (3x)] (5x), svn: 0.102 s [52% getDir2 content (1x), 25% getFile content (1x), 22% info (1x)] (5x), Lucene: 0.0248 s [100% add (1x)] (1x)
2017-06-22 17:31:31,555 [Persistence Events Processing Thread | u:p] INFO  TXLOGGER  - Summary: Total: 0.483 s, transactions: 6, persistence listener: 0.483 s [67% notificationsCreatingListener (1x), 33% WorkItemActivityCreator (1x)] (7x), resolve: 0.319 s [84% WorkItem (11x)] (24x), svn: 0.302 s [39% getFile content (9x), 36% getDir2 content (3x), 24% info (3x)] (18x), Lucene: 0.0249 s [99% add (1x)] (3x)
2017-06-22 17:31:31,605 [ajp-nio-8889-exec-6 | u:admin] INFO  TXLOGGER  - Tx 5733eb7170075_0_5733eb7170075_0_: finished. Total: 0.533 s, RepositoryConfigService: 0.269 s [92% getReadConfiguration (321x)] (353x), svn: 0.179 s [64% getFile content (10x), 22% info (4x)] (17x), Lucene: 0.0364 s [100% search (9x)] (9x)
2017-06-22 17:31:31,728 [ajp-nio-8889-exec-6 | u:admin] INFO  TXLOGGER  - Summary for 'WorkItemDataService.saveWorkItem': Total: 2.77 s, transactions: 2, svn: 1.88 s [86% endActivity (1x)] (27x), RepositoryConfigService: 0.292 s [93% getReadConfiguration (343x)] (378x), Lucene: 0.204 s [67% refresh (1x), 24% search (10x)] (12x)
2017-06-22 17:31:39,602 [ajp-nio-8889-exec-10 | u:admin] INFO  TXLOGGER  - Tx 5733eb78f2083_0_5733eb78f2083_0_: finished. Total: 0.841 s, svn: 0.741 s [94% endActivity (1x)] (9x), Lucene: 0.0543 s [59% refresh (1x), 33% add (1x)] (3x), processed revs: [123, 123 (delay 0s)], write: true
2017-06-22 17:31:39,653 [ajp-nio-8889-exec-10 | u:admin] INFO  TXLOGGER  - Summary for 'WorkItemDataService.saveWorkItem': Total: 0.893 s, transactions: 2, svn: 0.741 s [94% endActivity (1x)] (9x), Lucene: 0.06 s [54% refresh (1x), 30% add (1x)] (4x)
2017-06-22 17:31:39,832 [Persistence Events Processing Thread | u:p] INFO  TXLOGGER  - Tx 5733eb79c4884_0_5733eb79c4884_0_: finished. Total: 0.229 s, resolve: 0.223 s [78% WorkItem (8x), 22% User (11x)] (19x), svn: 0.184 s [42% getFile content (5x), 35% getDir2 content (2x), 24% info (2x)] (10x), ObjectMaps: 0.0305 s [78% getLastPromoted (5x), 13% getPrimaryObjectProperty (5x)] (20x)
2017-06-22 17:31:39,900 [Persistence Events Processing Thread | u:p] INFO  TXLOGGER  - Summary: Total: 0.298 s, transactions: 6, persistence listener: 0.298 s [77% notificationsCreatingListener (1x), 23% WorkItemActivityCreator (1x)] (7x), resolve: 0.259 s [81% WorkItem (11x)] (24x), svn: 0.216 s [41% getFile content (6x), 34% getDir2 content (3x), 25% info (3x)] (15x), ObjectMaps: 0.0337 s [73% getLastPromoted (6x), 14% getPrimaryObjectProperty (6x)] (24x), Lucene: 0.024 s [100% add (1x)] (1x)
