2017-06-22 17:27:25,345 [main | u:p] INFO  TXLOGGER  - Summary for 'Platform startup': transactions: 0, DB: 0.0509 s [58% query (13x), 41% update (126x)] (206x), svn: 0.0241 s [85% checkPath (1x)] (3x)
2017-06-22 17:27:25,579 [main | u:p] INFO  TXLOGGER  - Summary for 'Context recognition': transactions: 0, svn: 0.11 s [46% info (3x), 32% getDir2 content (2x), 22% getFile content (1x)] (6x)
2017-06-22 17:27:26,808 [LowLevelDataService-contextInitializer-5 | u:p] INFO  TXLOGGER  - Summary: Total: 1.23 s, transactions: 0
2017-06-22 17:27:26,809 [LowLevelDataService-contextInitializer-2 | u:p] INFO  TXLOGGER  - Summary: Total: 1.23 s, transactions: 0, svn: 0.136 s [97% log2 (6x)] (8x)
2017-06-22 17:27:26,809 [LowLevelDataService-contextInitializer-4 | u:p] INFO  TXLOGGER  - Summary: Total: 1.23 s, transactions: 0, svn: 0.168 s [98% log2 (10x)] (12x)
2017-06-22 17:27:26,809 [LowLevelDataService-contextInitializer-3 | u:p] INFO  TXLOGGER  - Summary: Total: 1.23 s, transactions: 0, ObjectMaps: 0.248 s [100% getAllPrimaryObjects (1x)] (7x)
2017-06-22 17:27:26,809 [LowLevelDataService-contextInitializer-1 | u:p] INFO  TXLOGGER  - Summary: Total: 1.23 s, transactions: 0, svn: 0.132 s [37% log (1x), 29% log2 (5x), 20% info (4x)] (15x)
2017-06-22 17:27:26,810 [main | u:p] INFO  TXLOGGER  - Summary for 'Context initialization': transactions: 0, svn: 0.527 s [81% log2 (31x)] (47x), ObjectMaps: 0.395 s [99% getAllPrimaryObjects (7x)] (55x)
2017-06-22 17:27:27,127 [main | u:p] INFO  TXLOGGER  - Summary for 'Revisions processing': transactions: 14, RepositoryConfigService: 0.21 s [100% getReadConfiguration (42x)] (42x), svn: 0.12 s [92% info (15x)] (32x)
2017-06-22 17:27:27,838 [main | u:p] INFO  TXLOGGER  - Summary for 'Build artifacts recognition': transactions: 40, svn: 0.566 s [86% info (78x)] (131x), RepositoryConfigService: 0.469 s [100% getReadConfiguration (80x)] (80x)
2017-06-22 17:27:28,516 [main | u:p] INFO  TXLOGGER  - Summary for 'Data indexing': transactions: 0, Lucene: 0.27 s [100% refresh (2x)] (2x), DB: 0.046 s [67% update (38x), 15% query (17x)] (103x), SubterraURITable: 0.0265 s [100% addIfNotExistsDB (17x)] (17x)
2017-06-22 17:28:03,479 [main] INFO  TXLOGGER  - Summary for 'Polarion startup': transactions: 1, svn: 0.288 s [82% info (47x)] (66x), RepositoryConfigService: 0.0264 s [100% getReadConfiguration (2x)] (2x)
2017-06-22 17:28:03,585 [Persistence Events Processing Thread | u:p] INFO  TXLOGGER  - Summary: Total: 0.1 s, transactions: 6, persistence listener: 0.0998 s [92% notificationsCreatingListener (1x)] (7x)
2017-06-22 17:28:03,681 [Worker-0 | u:p | job: polarion.jobs.attachment.indexer] INFO  TXLOGGER  - Summary after AttachmentIndexer: transactions: 48, Lucene: 0.106 s [100% add (2x)] (2x), persistence listener: 0.104 s [89% notificationsCreatingListener (8x)] (56x), resolve: 0.0406 s [93% User (2x)] (5x), ObjectMaps: 0.0127 s [100% getPrimaryObjectLocation (2x)] (2x)
2017-06-22 17:28:04,221 [PreLoadDataService | u:p] INFO  TXLOGGER  - Tx 5733eaa6b8038_0_5733eaa6b8038_0_: finished. Total: 0.73 s, svn: 0.47 s [61% getDir2 content (25x), 38% getFile content (15x)] (43x), resolve: 0.321 s [55% TimePoint (5x), 45% Category (8x)] (13x), ObjectMaps: 0.0472 s [49% getPrimaryObjectLocation (13x), 31% getPrimaryObjectProperty (13x), 21% getLastPromoted (13x)] (55x)
2017-06-22 17:28:04,732 [PreLoadDataService | u:p] INFO  TXLOGGER  - Tx 5733eaa7a146a_0_5733eaa7a146a_0_: finished. Total: 0.31 s, svn: 0.208 s [59% getFile content (14x), 41% info (10x)] (25x), RepositoryConfigService: 0.152 s [84% getReadConfiguration (72x)] (74x), resolve: 0.125 s [100% User (8x)] (8x), ObjectMaps: 0.0205 s [44% getPrimaryObjectLocation (8x), 29% getPrimaryObjectProperty (8x), 27% getLastPromoted (8x)] (33x)
2017-06-22 17:28:04,853 [PreLoadDataService | u:p] INFO  TXLOGGER  - Tx 5733eaa7ef06b_0_5733eaa7ef06b_0_: finished. Total: 0.121 s, RepositoryConfigService: 0.0995 s [99% getReadConfiguration (55x)] (78x), svn: 0.0819 s [100% getFile content (13x)] (14x)
2017-06-22 17:28:05,794 [PreLoadDataService | u:p] INFO  TXLOGGER  - Tx 5733eaa80d46c_0_5733eaa80d46c_0_: finished. Total: 0.941 s, svn: 0.848 s [73% getFile content (47x), 27% getDir2 content (17x)] (65x), RepositoryConfigService: 0.696 s [100% getReadConfiguration (164x)] (180x)
2017-06-22 17:28:06,137 [PreLoadDataService | u:p] INFO  TXLOGGER  - Tx 5733eaa8f8c6d_0_5733eaa8f8c6d_0_: finished. Total: 0.343 s, RepositoryConfigService: 0.287 s [99% getReadConfiguration (295x)] (370x), svn: 0.282 s [84% getFile content (35x)] (42x)
2017-06-22 17:28:06,450 [DBHistoryCreator-1 | u:p] INFO  TXLOGGER  - Summary: Total: 2.7 s, transactions: 0
2017-06-22 17:28:06,450 [DBHistoryCreator-2 | u:p] INFO  TXLOGGER  - Summary: Total: 2.7 s, transactions: 0
2017-06-22 17:28:06,450 [Worker-1 | u:p | job: polarion.jobs.db.history] INFO  TXLOGGER  - Summary after DBHistoryCreator: transactions: 0, Lucene: 0.0406 s [100% add (1x)] (1x)
2017-06-22 17:28:06,451 [Worker-1 | u:p] INFO  TXLOGGER  - Summary for 'job: polarion.jobs.db.history': Total: 2.77 s, transactions: 0, DB: 1.39 s [63% query (4089x), 23% update (4064x)] (20431x), SubterraURITable: 1.11 s [100% getDB (4063x)] (4063x)
2017-06-22 17:28:06,486 [PreLoadDataService | u:p] INFO  TXLOGGER  - Tx 5733eaa94e46e_0_5733eaa94e46e_0_: finished. Total: 0.348 s, svn: 0.324 s [56% getFile content (21x), 44% getDir2 content (17x)] (39x), RepositoryConfigService: 0.202 s [99% getReadConfiguration (88x)] (110x)
2017-06-22 17:28:06,623 [PreLoadDataService | u:p] INFO  TXLOGGER  - Tx 5733eaa9a586f_0_5733eaa9a586f_0_: finished. Total: 0.138 s, svn: 0.129 s [67% getDir2 content (11x), 33% getFile content (8x)] (20x), RepositoryConfigService: 0.0491 s [99% getReadConfiguration (38x)] (54x)
2017-06-22 17:28:06,877 [PreLoadDataService | u:p] INFO  TXLOGGER  - Tx 5733eaa9c8070_0_5733eaa9c8070_0_: finished. Total: 0.253 s, svn: 0.234 s [58% getFile content (24x), 42% getDir2 content (12x)] (37x), RepositoryConfigService: 0.151 s [99% getReadConfiguration (87x)] (109x)
2017-06-22 17:28:06,877 [PreLoadDataService] INFO  TXLOGGER  - Summary for 'PreloadDataService': Total: 3.39 s, transactions: 9, svn: 2.66 s [62% getFile content (182x), 34% getDir2 content (90x)] (301x), RepositoryConfigService: 1.67 s [98% getReadConfiguration (801x)] (981x), resolve: 0.56 s [32% TimePoint (5x), 26% Category (8x), 22% User (8x), 20% Project (5x)] (26x)
2017-06-22 17:28:06,878 [PreLoadDataService] INFO  TXLOGGER  - Summary after preload: transactions: 9, svn: 2.66 s [62% getFile content (182x), 34% getDir2 content (90x)] (301x), RepositoryConfigService: 1.67 s [98% getReadConfiguration (801x)] (981x), DB: 1.39 s [63% query (4089x), 23% update (4064x)] (20431x), SubterraURITable: 1.11 s [100% getDB (4063x)] (4063x), resolve: 0.56 s [32% TimePoint (5x), 26% Category (8x), 22% User (9x), 20% Project (5x)] (27x)
2017-06-22 17:28:58,161 [ajp-nio-8889-exec-3] INFO  TXLOGGER  - Summary for 'servlet /polarion/internal-login/internal_login_success.jsp': Total: 0.111 s, transactions: 0
2017-06-22 17:28:58,873 [ajp-nio-8889-exec-5 | u:admin] INFO  TXLOGGER  - Summary for 'WorkItemDataService.saveWorkItem': Total: 0.14 s, transactions: 2, resolve: 0.0945 s [100% WorkItem (2x)] (2x), svn: 0.0619 s [48% info (3x), 28% getFile content (1x), 22% getDir2 content (1x)] (8x), calculatedFieldsContributor: 0.0196 s [100% fields (1x)] (1x), RepositoryConfigService: 0.0188 s [88% getExistingPrefixes (1x)] (5x), permissions: 0.0133 s [100% readInstance (2x)] (2x), derivedLinkedRevisionsContributor: 0.0109 s [100% fields (1x)] (1x)
2017-06-22 17:29:02,662 [ajp-nio-8889-exec-6 | u:admin] INFO  TXLOGGER  - Tx 5733eade57c73_0_5733eade57c73_0_: finished. Total: 2.22 s, Lucene: 1.17 s [96% refresh (1x)] (3x), svn: 0.729 s [89% endActivity (1x)] (10x), processed revs: [120, 120 (delay 1s)], write: true
2017-06-22 17:29:03,010 [Persistence Events Processing Thread | u:p] INFO  TXLOGGER  - Tx 5733eae081874_0_5733eae081874_0_: finished. Total: 0.347 s, resolve: 0.201 s [67% WorkItem (8x), 33% User (11x)] (19x), svn: 0.178 s [59% getFile content (8x), 21% info (2x)] (13x), ObjectMaps: 0.0211 s [64% getLastPromoted (7x), 20% getPrimaryObjectLocation (7x)] (28x)
2017-06-22 17:29:03,142 [Persistence Events Processing Thread | u:p] INFO  TXLOGGER  - Tx 5733eae0d8c76_0_5733eae0d8c76_0_: finished. Total: 0.131 s, resolve: 0.0688 s [100% WorkItem (3x)] (5x), svn: 0.0626 s [38% getFile content (1x), 31% getDir2 content (1x), 30% info (1x)] (5x), Lucene: 0.033 s [100% add (1x)] (1x)
2017-06-22 17:29:03,142 [Persistence Events Processing Thread | u:p] INFO  TXLOGGER  - Summary: Total: 0.479 s, transactions: 6, persistence listener: 0.479 s [73% notificationsCreatingListener (1x), 27% WorkItemActivityCreator (1x)] (7x), resolve: 0.269 s [75% WorkItem (11x), 25% User (12x)] (24x), svn: 0.241 s [54% getFile content (9x), 23% info (3x), 23% getDir2 content (3x)] (18x), Lucene: 0.0332 s [99% add (1x)] (3x), ObjectMaps: 0.0255 s [57% getLastPromoted (8x), 26% getPrimaryObjectLocation (8x)] (32x)
2017-06-22 17:29:03,196 [ajp-nio-8889-exec-6 | u:admin] INFO  TXLOGGER  - Tx 5733eae085475_0_5733eae085475_0_: finished. Total: 0.518 s, RepositoryConfigService: 0.231 s [91% getReadConfiguration (321x)] (353x), svn: 0.152 s [62% getFile content (10x), 26% info (4x)] (17x), Lucene: 0.0402 s [100% search (9x)] (9x)
2017-06-22 17:29:03,311 [ajp-nio-8889-exec-6 | u:admin] INFO  TXLOGGER  - Summary for 'WorkItemDataService.saveWorkItem': Total: 2.87 s, transactions: 2, Lucene: 1.21 s [93% refresh (1x)] (12x), svn: 0.881 s [74% endActivity (1x), 14% getFile content (12x)] (27x), RepositoryConfigService: 0.253 s [91% getReadConfiguration (343x)] (378x)
2017-06-22 17:29:10,163 [ajp-nio-8889-exec-10 | u:admin] INFO  TXLOGGER  - Tx 5733eae728883_0_5733eae728883_0_: finished. Total: 0.689 s, svn: 0.595 s [90% endActivity (1x)] (9x), resolve: 0.0535 s [99% WorkItem (2x)] (12x), Lucene: 0.0496 s [60% refresh (1x), 34% add (1x)] (3x), processed revs: [121, 121 (delay 0s)], write: true
2017-06-22 17:29:10,226 [ajp-nio-8889-exec-10 | u:admin] INFO  TXLOGGER  - Summary for 'WorkItemDataService.saveWorkItem': Total: 0.753 s, transactions: 2, svn: 0.595 s [90% endActivity (1x)] (9x), resolve: 0.056 s [96% WorkItem (6x)] (39x), Lucene: 0.0556 s [53% refresh (1x), 30% add (1x)] (4x)
2017-06-22 17:29:10,411 [Persistence Events Processing Thread | u:p] INFO  TXLOGGER  - Tx 5733eae7d4c84_0_5733eae7d4c84_0_: finished. Total: 0.249 s, resolve: 0.239 s [82% WorkItem (8x)] (19x), svn: 0.165 s [51% getFile content (5x), 26% info (2x), 24% getDir2 content (2x)] (10x), ObjectMaps: 0.025 s [34% getLastPromoted (5x), 33% getPrimaryObjectProperty (5x), 33% getPrimaryObjectLocation (5x)] (20x)
2017-06-22 17:29:10,525 [Persistence Events Processing Thread | u:p] INFO  TXLOGGER  - Tx 5733eae812c87_0_5733eae812c87_0_: finished. Total: 0.113 s, resolve: 0.068 s [100% WorkItem (3x)] (5x), svn: 0.0635 s [42% getDir2 content (1x), 31% getFile content (1x), 24% info (1x)] (5x), Lucene: 0.0224 s [100% add (1x)] (1x)
2017-06-22 17:29:10,525 [Persistence Events Processing Thread | u:p] INFO  TXLOGGER  - Summary: Total: 0.362 s, transactions: 6, persistence listener: 0.362 s [69% notificationsCreatingListener (1x), 31% WorkItemActivityCreator (1x)] (7x), resolve: 0.307 s [86% WorkItem (11x)] (24x), svn: 0.229 s [45% getFile content (6x), 29% getDir2 content (3x), 25% info (3x)] (15x), ObjectMaps: 0.0285 s [36% getPrimaryObjectLocation (6x), 32% getLastPromoted (6x), 32% getPrimaryObjectProperty (6x)] (24x), Lucene: 0.0224 s [100% add (1x)] (1x)
