2017-06-22 17:54:56,473 [main | u:p] INFO  TXLOGGER  - Summary for 'Platform startup': transactions: 0, DB: 0.0451 s [51% update (126x), 47% query (13x)] (206x), svn: 0.0227 s [87% checkPath (1x)] (3x)
2017-06-22 17:54:56,679 [main | u:p] INFO  TXLOGGER  - Summary for 'Context recognition': transactions: 0, svn: 0.0877 s [39% info (3x), 33% getDir2 content (2x), 28% getFile content (1x)] (6x)
2017-06-22 17:54:57,873 [LowLevelDataService-contextInitializer-3 | u:p] INFO  TXLOGGER  - Summary: Total: 1.19 s, transactions: 0, ObjectMaps: 0.268 s [100% getAllPrimaryObjects (1x)] (7x)
2017-06-22 17:54:57,873 [LowLevelDataService-contextInitializer-1 | u:p] INFO  TXLOGGER  - Summary: Total: 1.19 s, transactions: 0, svn: 0.224 s [51% log2 (10x), 21% log (1x), 16% info (4x)] (21x), ObjectMaps: 0.0658 s [97% getAllPrimaryObjects (2x)] (20x)
2017-06-22 17:54:57,873 [LowLevelDataService-contextInitializer-5 | u:p] INFO  TXLOGGER  - Summary: Total: 1.19 s, transactions: 0, svn: 0.0616 s [98% log2 (5x)] (6x)
2017-06-22 17:54:57,873 [LowLevelDataService-contextInitializer-4 | u:p] INFO  TXLOGGER  - Summary: Total: 1.19 s, transactions: 0, svn: 0.0724 s [98% log2 (5x)] (6x)
2017-06-22 17:54:57,873 [LowLevelDataService-contextInitializer-2 | u:p] INFO  TXLOGGER  - Summary: Total: 1.19 s, transactions: 0, svn: 0.122 s [97% log2 (6x)] (8x)
2017-06-22 17:54:57,874 [main | u:p] INFO  TXLOGGER  - Summary for 'Context initialization': transactions: 0, svn: 0.515 s [77% log2 (31x), 9% log (1x)] (47x), ObjectMaps: 0.413 s [99% getAllPrimaryObjects (7x)] (55x)
2017-06-22 17:54:58,190 [main | u:p] INFO  TXLOGGER  - Summary for 'Revisions processing': transactions: 14, RepositoryConfigService: 0.189 s [100% getReadConfiguration (42x)] (42x), svn: 0.103 s [90% info (15x)] (32x)
2017-06-22 17:54:58,857 [main | u:p] INFO  TXLOGGER  - Summary for 'Build artifacts recognition': transactions: 40, svn: 0.534 s [87% info (78x)] (131x), RepositoryConfigService: 0.447 s [100% getReadConfiguration (48x)] (48x)
2017-06-22 17:54:59,371 [main | u:p] INFO  TXLOGGER  - Summary for 'Data indexing': transactions: 0, Lucene: 0.223 s [100% refresh (1x)] (1x), SubterraURITable: 0.0133 s [100% addIfNotExistsDB (1x)] (1x)
2017-06-22 17:55:34,066 [main] INFO  TXLOGGER  - Summary for 'Polarion startup': transactions: 1, svn: 0.318 s [76% info (47x), 14% getDir2 content (5x)] (66x), RepositoryConfigService: 0.0295 s [100% getReadConfiguration (2x)] (2x)
2017-06-22 17:55:34,243 [Worker-0 | u:p | job: polarion.jobs.attachment.indexer] INFO  TXLOGGER  - Summary after AttachmentIndexer: transactions: 6, Lucene: 0.0986 s [100% add (2x)] (2x), persistence listener: 0.0968 s [91% notificationsCreatingListener (1x)] (7x), resolve: 0.0345 s [91% User (2x)] (5x), ObjectMaps: 0.00874 s [100% getPrimaryObjectLocation (2x)] (2x)
2017-06-22 17:55:34,777 [PreLoadDataService | u:p] INFO  TXLOGGER  - Tx 5733f0f29e838_0_5733f0f29e838_0_: finished. Total: 0.703 s, svn: 0.427 s [68% getDir2 content (25x), 32% getFile content (15x)] (43x), resolve: 0.294 s [54% TimePoint (5x), 46% Category (8x)] (13x), ObjectMaps: 0.051 s [50% getPrimaryObjectLocation (13x), 29% getPrimaryObjectProperty (13x), 21% getLastPromoted (13x)] (55x)
2017-06-22 17:55:35,240 [PreLoadDataService | u:p] INFO  TXLOGGER  - Tx 5733f0f376c40_0_5733f0f376c40_0_: finished. Total: 0.3 s, svn: 0.199 s [62% getFile content (14x), 38% info (10x)] (25x), RepositoryConfigService: 0.139 s [81% getReadConfiguration (72x)] (74x), resolve: 0.133 s [100% User (8x)] (8x), ObjectMaps: 0.023 s [50% getPrimaryObjectLocation (8x), 26% getPrimaryObjectProperty (8x), 24% getLastPromoted (8x)] (33x)
2017-06-22 17:55:35,400 [PreLoadDataService | u:p] INFO  TXLOGGER  - Tx 5733f0f3c2041_0_5733f0f3c2041_0_: finished. Total: 0.16 s, RepositoryConfigService: 0.134 s [99% getReadConfiguration (55x)] (78x), svn: 0.114 s [100% getFile content (13x)] (14x)
2017-06-22 17:55:35,796 [DBHistoryCreator-1 | u:p] INFO  TXLOGGER  - Summary: Total: 1.51 s, transactions: 0
2017-06-22 17:55:35,797 [Worker-1 | u:p | job: polarion.jobs.db.history] INFO  TXLOGGER  - Summary after DBHistoryCreator: transactions: 0, Lucene: 0.0265 s [100% add (1x)] (1x), svn: 0.00144 s [100% getLatestRevision (1x)] (1x)
2017-06-22 17:55:35,797 [Worker-1 | u:p] INFO  TXLOGGER  - Summary for 'job: polarion.jobs.db.history': Total: 1.55 s, transactions: 0, SubterraURITable: 1.21 s [100% getDB (4078x)] (4078x), DB: 1.14 s [50% query (4104x), 31% update (4079x)] (20503x)
2017-06-22 17:55:36,127 [PreLoadDataService | u:p] INFO  TXLOGGER  - Tx 5733f0f3ea042_0_5733f0f3ea042_0_: finished. Total: 0.726 s, svn: 0.647 s [68% getFile content (47x), 32% getDir2 content (17x)] (65x), RepositoryConfigService: 0.5 s [100% getReadConfiguration (164x)] (180x)
2017-06-22 17:55:36,480 [PreLoadDataService | u:p] INFO  TXLOGGER  - Tx 5733f0f49fc43_0_5733f0f49fc43_0_: finished. Total: 0.352 s, RepositoryConfigService: 0.298 s [99% getReadConfiguration (295x)] (370x), svn: 0.297 s [85% getFile content (35x)] (42x)
2017-06-22 17:55:36,799 [PreLoadDataService | u:p] INFO  TXLOGGER  - Tx 5733f0f4f8044_0_5733f0f4f8044_0_: finished. Total: 0.319 s, svn: 0.287 s [54% getFile content (21x), 46% getDir2 content (17x)] (39x), RepositoryConfigService: 0.183 s [100% getReadConfiguration (88x)] (110x)
2017-06-22 17:55:36,923 [PreLoadDataService | u:p] INFO  TXLOGGER  - Tx 5733f0f547c45_0_5733f0f547c45_0_: finished. Total: 0.125 s, svn: 0.116 s [58% getDir2 content (11x), 42% getFile content (8x)] (20x), RepositoryConfigService: 0.0549 s [99% getReadConfiguration (38x)] (54x)
2017-06-22 17:55:37,226 [PreLoadDataService | u:p] INFO  TXLOGGER  - Tx 5733f0f566c46_0_5733f0f566c46_0_: finished. Total: 0.303 s, svn: 0.27 s [61% getFile content (24x), 39% getDir2 content (12x)] (37x), RepositoryConfigService: 0.193 s [100% getReadConfiguration (87x)] (109x)
2017-06-22 17:55:37,227 [PreLoadDataService] INFO  TXLOGGER  - Summary for 'PreloadDataService': Total: 3.16 s, transactions: 9, svn: 2.43 s [60% getFile content (182x), 35% getDir2 content (90x)] (301x), RepositoryConfigService: 1.53 s [98% getReadConfiguration (801x)] (981x), resolve: 0.533 s [30% TimePoint (5x), 25% Category (8x), 25% User (8x)] (26x)
2017-06-22 17:55:37,227 [PreLoadDataService] INFO  TXLOGGER  - Summary after preload: transactions: 9, svn: 2.43 s [60% getFile content (182x), 35% getDir2 content (90x)] (301x), RepositoryConfigService: 1.53 s [98% getReadConfiguration (801x)] (981x), SubterraURITable: 1.21 s [100% getDB (4078x)] (4078x), DB: 1.14 s [50% query (4104x), 31% update (4079x)] (20503x), resolve: 0.533 s [30% TimePoint (5x), 25% Category (8x), 25% User (9x)] (27x)
2017-06-22 17:56:42,287 [ajp-nio-8889-exec-5 | u:admin] INFO  TXLOGGER  - Summary for 'WorkItemDataService.saveWorkItem': Total: 0.201 s, transactions: 2, resolve: 0.156 s [100% WorkItem (2x)] (2x), svn: 0.0822 s [58% info (3x), 27% getFile content (1x)] (8x), calculatedFieldsContributor: 0.0393 s [100% fields (1x)] (1x), RepositoryConfigService: 0.0385 s [94% getExistingPrefixes (1x)] (5x), derivedLinkedRevisionsContributor: 0.0305 s [100% fields (1x)] (1x), Lucene: 0.0266 s [100% search (1x)] (1x), permissions: 0.0135 s [100% readInstance (2x)] (2x), ObjectMaps: 0.0114 s [43% getPrimaryObjectProperty (1x), 40% getPrimaryObjectLocation (1x)] (4x)
2017-06-22 17:58:22,839 [ajp-nio-8889-exec-6 | u:admin] INFO  TXLOGGER  - Tx 5733f136e3849_0_5733f136e3849_0_: finished. Total: 98.9 s, workflow: 98.8 s [100% ComputeTotalLifeTime (1x)] (1x), rollback: true
2017-06-22 17:58:22,839 [ajp-nio-8889-exec-6 | u:admin] INFO  TXLOGGER  - Summary for 'WorkItemDataService.saveWorkItem': Total: 98.9 s, transactions: 1, workflow: 98.8 s [100% ComputeTotalLifeTime (1x)] (1x)
2017-06-22 17:58:23,058 [ajp-nio-8889-exec-7 | u:admin] INFO  TXLOGGER  - Summary for 'DebugService.deObfuscateStackTrace': Total: 0.117 s, transactions: 0
2017-06-22 17:58:34,170 [ajp-nio-8889-exec-8 | u:admin] INFO  TXLOGGER  - Tx 5733f1a26184a_0_5733f1a26184a_0_: finished. Total: 0.115 s, RepositoryConfigService: 0.0276 s [97% getReadUserConfiguration (1x)] (2x)
2017-06-22 17:58:34,173 [ajp-nio-8889-exec-9 | u:admin] INFO  TXLOGGER  - Tx 5733f1a26184b_0_5733f1a26184b_0_: finished. Total: 0.118 s, RepositoryConfigService: 0.0348 s [99% getReadUserConfiguration (1x)] (2x)
2017-06-22 17:58:34,180 [ajp-nio-8889-exec-9 | u:admin] INFO  TXLOGGER  - Summary for 'WorkItemDataService.getDataForTableCustomization': Total: 0.125 s, transactions: 1, RepositoryConfigService: 0.0348 s [99% getReadUserConfiguration (1x)] (2x)
2017-06-22 17:58:34,182 [ajp-nio-8889-exec-8 | u:admin] INFO  TXLOGGER  - Summary for 'WorkItemDataService.getDataForTableCustomization': Total: 0.128 s, transactions: 1, RepositoryConfigService: 0.0276 s [97% getReadUserConfiguration (1x)] (2x)
2017-06-22 17:58:35,401 [ajp-nio-8889-exec-3 | u:admin] INFO  TXLOGGER  - Tx 5733f1a36204f_0_5733f1a36204f_0_: finished. Total: 0.321 s, svn: 0.116 s [39% getDir2 content (3x), 38% getFile content (5x), 21% info (3x)] (13x), RepositoryConfigService: 0.0915 s [100% getReadConfiguration (164x)] (190x), resolve: 0.0428 s [99% WorkItem (2x)] (9x), Lucene: 0.0209 s [100% search (5x)] (5x)
2017-06-22 17:58:35,486 [ajp-nio-8889-exec-3 | u:admin] INFO  TXLOGGER  - Summary for 'WorkItemDataService.loadWorkitem': Total: 0.406 s, transactions: 1, svn: 0.116 s [39% getDir2 content (3x), 38% getFile content (5x), 21% info (3x)] (13x), RepositoryConfigService: 0.0915 s [100% getReadConfiguration (164x)] (190x), resolve: 0.0428 s [99% WorkItem (2x)] (9x), Lucene: 0.0209 s [100% search (5x)] (5x)
2017-06-22 17:58:35,889 [ajp-nio-8889-exec-5 | u:admin] INFO  TXLOGGER  - Tx 5733f1a3ebc50_0_5733f1a3ebc50_0_: finished. Total: 0.258 s, RepositoryConfigService: 0.151 s [88% getReadConfiguration (151x)] (170x), svn: 0.0762 s [77% getFile content (5x), 23% info (2x)] (8x)
2017-06-22 17:58:35,936 [ajp-nio-8889-exec-5 | u:admin] INFO  TXLOGGER  - Summary for 'WorkItemDataService.loadWorkitem': Total: 0.305 s, transactions: 1, RepositoryConfigService: 0.151 s [88% getReadConfiguration (151x)] (170x), svn: 0.0762 s [77% getFile content (5x), 23% info (2x)] (8x)
2017-06-22 17:58:36,196 [ajp-nio-8889-exec-2 | u:admin] INFO  TXLOGGER  - Tx 5733f1a36184e_0_5733f1a36184e_0_: finished. Total: 1.12 s, resolve: 0.967 s [87% WorkItem (14x)] (25x), svn: 0.854 s [33% info (26x), 33% getDir2 content (19x), 29% getFile content (18x)] (76x), ObjectMaps: 0.085 s [43% getLastPromoted (17x), 34% getPrimaryObjectProperty (15x), 10% getPrimaryObjectLocation (17x)] (75x)
2017-06-22 17:58:36,251 [ajp-nio-8889-exec-2 | u:admin] INFO  TXLOGGER  - Summary for 'WorkItemDataService.loadInstances': Total: 1.17 s, transactions: 1, resolve: 0.967 s [87% WorkItem (14x)] (25x), svn: 0.854 s [33% info (26x), 33% getDir2 content (19x), 29% getFile content (18x)] (76x), ObjectMaps: 0.085 s [43% getLastPromoted (17x), 34% getPrimaryObjectProperty (15x), 10% getPrimaryObjectLocation (17x)] (75x)
2017-06-22 18:00:02,039 [Worker-1 | u:p] INFO  TXLOGGER  - Summary for 'job: update.plan.refresh.index': Total: 1.03 s, transactions: 0, resolve: 0.54 s [95% WorkItem (15x)] (167x), svn: 0.466 s [34% getDir2 content (16x), 33% getFile content (16x), 32% info (17x)] (50x), Lucene: 0.244 s [100% refresh (1x)] (2x), DB: 0.224 s [81% update (181x)] (220x)
2017-06-22 18:00:02,072 [Worker-0 | u:p] INFO  TXLOGGER  - Summary for 'job: update.plan': Total: 1.99 s, transactions: 10, resolve: 0.654 s [92% WorkItems (2x)] (96x), svn: 0.565 s [34% info (23x), 34% getDir2 content (18x), 31% getFile content (21x)] (74x)
2017-06-22 18:00:13,821 [ajp-nio-8889-exec-10 | u:admin] INFO  TXLOGGER  - Tx 5733f1ae93853_0_5733f1ae93853_0_: finished. Total: 87.3 s, workflow: 83.2 s [100% ComputeTotalLifeTime (1x)] (1x), processed revs: [126, 126 (delay 4s)], write: true
2017-06-22 18:00:13,869 [ajp-nio-8889-exec-10 | u:admin] INFO  TXLOGGER  - Summary for 'WorkItemDataService.saveWorkItem': Total: 87.3 s, transactions: 2, workflow: 83.2 s [100% ComputeTotalLifeTime (1x)] (5x)
2017-06-22 18:00:14,144 [Persistence Events Processing Thread | u:p] INFO  TXLOGGER  - Tx 5733f203cf45e_0_5733f203cf45e_0_: finished. Total: 0.323 s, resolve: 0.209 s [68% WorkItem (8x), 32% User (15x)] (23x), svn: 0.177 s [58% getFile content (10x), 23% getDir2 content (2x)] (15x)
2017-06-22 18:00:14,237 [Persistence Events Processing Thread | u:p] INFO  TXLOGGER  - Summary: Total: 0.416 s, transactions: 6, persistence listener: 0.416 s [78% notificationsCreatingListener (1x), 22% WorkItemActivityCreator (1x)] (7x), resolve: 0.252 s [73% WorkItem (11x), 27% User (16x)] (28x), svn: 0.217 s [54% getFile content (11x), 24% getDir2 content (3x), 21% info (3x)] (20x), Lucene: 0.028 s [100% add (1x)] (1x)
2017-06-22 18:00:35,999 [ajp-nio-8889-exec-5 | u:admin] INFO  TXLOGGER  - Tx 5733f218b9c6d_0_5733f218b9c6d_0_: finished. Total: 0.759 s, svn: 0.672 s [92% endActivity (1x)] (9x), Lucene: 0.0481 s [53% refresh (1x), 37% add (1x)] (3x), resolve: 0.0458 s [99% WorkItem (2x)] (9x), processed revs: [127, 127 (delay 0s)], write: true
2017-06-22 18:00:36,054 [ajp-nio-8889-exec-5 | u:admin] INFO  TXLOGGER  - Summary for 'WorkItemDataService.saveWorkItem': Total: 0.815 s, transactions: 2, svn: 0.672 s [92% endActivity (1x)] (9x), Lucene: 0.0557 s [46% refresh (1x), 32% add (1x), 22% search (2x)] (4x), resolve: 0.0476 s [97% WorkItem (6x)] (37x)
2017-06-22 18:00:36,217 [Persistence Events Processing Thread | u:p] INFO  TXLOGGER  - Tx 5733f2197786e_0_5733f2197786e_0_: finished. Total: 0.218 s, resolve: 0.212 s [70% WorkItem (8x), 30% User (15x)] (23x), svn: 0.17 s [52% getFile content (6x), 30% info (2x)] (11x), ObjectMaps: 0.0267 s [57% getPrimaryObjectProperty (6x), 28% getLastPromoted (6x)] (24x)
2017-06-22 18:00:36,284 [Persistence Events Processing Thread | u:p] INFO  TXLOGGER  - Summary: Total: 0.285 s, transactions: 6, persistence listener: 0.285 s [76% notificationsCreatingListener (1x), 23% WorkItemActivityCreator (1x)] (7x), resolve: 0.255 s [75% WorkItem (11x), 25% User (16x)] (28x), svn: 0.209 s [49% getFile content (7x), 30% info (3x), 20% getDir2 content (3x)] (16x), ObjectMaps: 0.03 s [53% getPrimaryObjectProperty (7x), 27% getLastPromoted (7x), 20% getPrimaryObjectLocation (7x)] (28x), Lucene: 0.0185 s [100% add (1x)] (1x)
2017-06-22 18:02:41,109 [ajp-nio-8889-exec-9 | u:admin] INFO  TXLOGGER  - Tx 5733f2202307d_0_5733f2202307d_0_: finished. Total: 118 s, workflow: 90.8 s [100% ComputeTotalLifeTime (1x)] (1x), rollback: true
2017-06-22 18:02:41,109 [ajp-nio-8889-exec-9 | u:admin] INFO  TXLOGGER  - Summary for 'WorkItemDataService.saveWorkItem': Total: 118 s, transactions: 1, workflow: 90.8 s [100% ComputeTotalLifeTime (1x)] (1x)
2017-06-22 18:02:41,321 [ajp-nio-8889-exec-10 | u:admin] INFO  TXLOGGER  - Summary for 'DebugService.deObfuscateStackTrace': Total: 0.109 s, transactions: 0
