2017-06-26 13:38:46,317 [Thread-30] ERROR com.polarion.alm.server.util.ChartExporterStartup  - Chart renderer was not able to start
java.io.IOException: Cannot run program "C:\Polarion\polarion\plugins\com.polarion.alm.ui_3.17.0\phantomjs\phantomjs.exe" (in directory "C:\Temp\polarionPhantomJsSubprocess8544053489976403369.tmp"): CreateProcess error=2, The system cannot find the file specified
	at java.lang.ProcessBuilder.start(Unknown Source)
	at java.lang.Runtime.exec(Unknown Source)
	at com.polarion.alm.server.util.ChartExporterStartup.startNewProcess(ChartExporterStartup.java:156)
	at com.polarion.alm.server.util.ChartExporterStartup.createSubProcess(ChartExporterStartup.java:99)
	at com.polarion.alm.server.util.ChartExporterStartup.access$0(ChartExporterStartup.java:96)
	at com.polarion.alm.server.util.ChartExporterStartup$1.run(ChartExporterStartup.java:61)
	at java.lang.Thread.run(Unknown Source)
Caused by: java.io.IOException: CreateProcess error=2, The system cannot find the file specified
	at java.lang.ProcessImpl.create(Native Method)
	at java.lang.ProcessImpl.<init>(Unknown Source)
	at java.lang.ProcessImpl.start(Unknown Source)
	... 7 more
2017-06-26 13:46:22,445 [ajp-nio-8889-exec-1 | u:admin | uri:/polarion/icons/project/Sandbox/Incidentnewtouse.png?buildId=20170314-0722 | u:p] ERROR com.polarion.alm.tracker.web.internal.server.IconsServlet  - 
java.lang.IllegalArgumentException: No such context exists: ContextId[cluster default, context Sandbox]
	at com.polarion.platform.repository.internal.context.RepositoryContextService.getContextforId(RepositoryContextService.java:99)
	at $IContextService_15ce371881c.getContextforId($IContextService_15ce371881c.java)
	at com.polarion.alm.projects.internal.model.Project.getLocation(Project.java:99)
	at com.polarion.alm.tracker.web.internal.server.IconsServlet.getIcon(IconsServlet.java:150)
	at com.polarion.alm.tracker.web.internal.server.IconsServlet$1$1.run(IconsServlet.java:65)
	at java.security.AccessController.doPrivileged(Native Method)
	at javax.security.auth.Subject.doAs(Unknown Source)
	at com.polarion.platform.internal.security.SubjectNDC.doAs(SubjectNDC.java:58)
	at com.polarion.platform.internal.security.SecurityService.doAsUser(SecurityService.java:477)
	at com.polarion.platform.internal.security.SecurityService.doAsSystemUser(SecurityService.java:467)
	at $ISecurityService_15ce3718824.doAsSystemUser($ISecurityService_15ce3718824.java)
	at com.polarion.alm.tracker.web.internal.server.IconsServlet$1.run(IconsServlet.java:58)
	at com.polarion.portal.server.TransactionalExecuter$2.runWEx(TransactionalExecuter.java:38)
	at com.polarion.portal.server.TransactionalExecuter$2.runWEx(TransactionalExecuter.java:1)
	at com.polarion.core.util.RunnableWEx.runWRet(RunnableWEx.java:61)
	at com.polarion.portal.server.TransactionalExecuter.executeImpl(TransactionalExecuter.java:71)
	at com.polarion.portal.server.TransactionalExecuter.execute(TransactionalExecuter.java:54)
	at com.polarion.portal.server.TransactionalExecuter.executeInTransaction(TransactionalExecuter.java:35)
	at com.polarion.alm.tracker.web.internal.server.IconsServlet.doGet(IconsServlet.java:54)
	at javax.servlet.http.HttpServlet.service(HttpServlet.java:622)
	at javax.servlet.http.HttpServlet.service(HttpServlet.java:729)
	at org.apache.catalina.core.ApplicationFilterChain.internalDoFilter(ApplicationFilterChain.java:291)
	at org.apache.catalina.core.ApplicationFilterChain.doFilter(ApplicationFilterChain.java:206)
	at com.polarion.portal.tomcat.servlets.DoAsFilter.doFilterAndShowUri(DoAsFilter.java:157)
	at com.polarion.portal.tomcat.servlets.DoAsFilter.access$0(DoAsFilter.java:143)
	at com.polarion.portal.tomcat.servlets.DoAsFilter$1.run(DoAsFilter.java:122)
	at java.security.AccessController.doPrivileged(Native Method)
	at javax.security.auth.Subject.doAs(Unknown Source)
	at com.polarion.platform.internal.security.SubjectNDC.doAs(SubjectNDC.java:69)
	at com.polarion.portal.tomcat.servlets.DoAsFilter.doFilterImpl(DoAsFilter.java:119)
	at com.polarion.portal.tomcat.servlets.DoAsFilter.doFilterInContexts(DoAsFilter.java:96)
	at com.polarion.portal.tomcat.servlets.DoAsFilter.doFilter(DoAsFilter.java:82)
	at org.apache.catalina.core.ApplicationFilterChain.internalDoFilter(ApplicationFilterChain.java:239)
	at org.apache.catalina.core.ApplicationFilterChain.doFilter(ApplicationFilterChain.java:206)
	at com.polarion.portal.tomcat.servlets.ExpiresFilter.doFilter(ExpiresFilter.java:39)
	at org.apache.catalina.core.ApplicationFilterChain.internalDoFilter(ApplicationFilterChain.java:239)
	at org.apache.catalina.core.ApplicationFilterChain.doFilter(ApplicationFilterChain.java:206)
	at com.polarion.portal.tomcat.servlets.SecurityCheckFilter.doFilter(SecurityCheckFilter.java:46)
	at org.apache.catalina.core.ApplicationFilterChain.internalDoFilter(ApplicationFilterChain.java:239)
	at org.apache.catalina.core.ApplicationFilterChain.doFilter(ApplicationFilterChain.java:206)
	at org.apache.catalina.core.StandardWrapperValve.invoke(StandardWrapperValve.java:212)
	at org.apache.catalina.core.StandardContextValve.invoke(StandardContextValve.java:106)
	at org.apache.catalina.core.StandardHostValve.invoke(StandardHostValve.java:141)
	at org.apache.catalina.valves.ErrorReportValve.invoke(ErrorReportValve.java:79)
	at org.apache.catalina.core.StandardEngineValve.invoke(StandardEngineValve.java:88)
	at org.apache.catalina.authenticator.SingleSignOn.invoke(SingleSignOn.java:291)
	at org.apache.catalina.connector.CoyoteAdapter.service(CoyoteAdapter.java:521)
	at org.apache.coyote.ajp.AbstractAjpProcessor.process(AbstractAjpProcessor.java:850)
	at org.apache.coyote.AbstractProtocol$AbstractConnectionHandler.process(AbstractProtocol.java:674)
	at org.apache.tomcat.util.net.NioEndpoint$SocketProcessor.doRun(NioEndpoint.java:1500)
	at org.apache.tomcat.util.net.NioEndpoint$SocketProcessor.run(NioEndpoint.java:1456)
	at java.util.concurrent.ThreadPoolExecutor.runWorker(Unknown Source)
	at java.util.concurrent.ThreadPoolExecutor$Worker.run(Unknown Source)
	at org.apache.tomcat.util.threads.TaskThread$WrappingRunnable.run(TaskThread.java:61)
	at java.lang.Thread.run(Unknown Source)
2017-06-26 13:46:26,142 [ajp-nio-8889-exec-3 | u:admin] ERROR com.polarion.alm.tracker.internal.workflow.config.Action  - Unrecognized function CreateCR in workflow action markEvaluated of type issue from project NEW_CAPA for prototype WorkItem
2017-06-26 13:48:31,476 [ajp-nio-8889-exec-10 | u:admin | uri:/polarion/icons/project/Sandbox/Incidentnewtouse.png | u:p] ERROR com.polarion.alm.tracker.web.internal.server.IconsServlet  - 
java.lang.IllegalArgumentException: No such context exists: ContextId[cluster default, context Sandbox]
	at com.polarion.platform.repository.internal.context.RepositoryContextService.getContextforId(RepositoryContextService.java:99)
	at $IContextService_15ce371881c.getContextforId($IContextService_15ce371881c.java)
	at com.polarion.alm.projects.internal.model.Project.getLocation(Project.java:99)
	at com.polarion.alm.tracker.web.internal.server.IconsServlet.getIcon(IconsServlet.java:150)
	at com.polarion.alm.tracker.web.internal.server.IconsServlet$1$1.run(IconsServlet.java:65)
	at java.security.AccessController.doPrivileged(Native Method)
	at javax.security.auth.Subject.doAs(Unknown Source)
	at com.polarion.platform.internal.security.SubjectNDC.doAs(SubjectNDC.java:58)
	at com.polarion.platform.internal.security.SecurityService.doAsUser(SecurityService.java:477)
	at com.polarion.platform.internal.security.SecurityService.doAsSystemUser(SecurityService.java:467)
	at $ISecurityService_15ce3718824.doAsSystemUser($ISecurityService_15ce3718824.java)
	at com.polarion.alm.tracker.web.internal.server.IconsServlet$1.run(IconsServlet.java:58)
	at com.polarion.portal.server.TransactionalExecuter$2.runWEx(TransactionalExecuter.java:38)
	at com.polarion.portal.server.TransactionalExecuter$2.runWEx(TransactionalExecuter.java:1)
	at com.polarion.core.util.RunnableWEx.runWRet(RunnableWEx.java:61)
	at com.polarion.portal.server.TransactionalExecuter.executeImpl(TransactionalExecuter.java:71)
	at com.polarion.portal.server.TransactionalExecuter.execute(TransactionalExecuter.java:54)
	at com.polarion.portal.server.TransactionalExecuter.executeInTransaction(TransactionalExecuter.java:35)
	at com.polarion.alm.tracker.web.internal.server.IconsServlet.doGet(IconsServlet.java:54)
	at javax.servlet.http.HttpServlet.service(HttpServlet.java:622)
	at javax.servlet.http.HttpServlet.service(HttpServlet.java:729)
	at org.apache.catalina.core.ApplicationFilterChain.internalDoFilter(ApplicationFilterChain.java:291)
	at org.apache.catalina.core.ApplicationFilterChain.doFilter(ApplicationFilterChain.java:206)
	at com.polarion.portal.tomcat.servlets.DoAsFilter.doFilterAndShowUri(DoAsFilter.java:157)
	at com.polarion.portal.tomcat.servlets.DoAsFilter.access$0(DoAsFilter.java:143)
	at com.polarion.portal.tomcat.servlets.DoAsFilter$1.run(DoAsFilter.java:122)
	at java.security.AccessController.doPrivileged(Native Method)
	at javax.security.auth.Subject.doAs(Unknown Source)
	at com.polarion.platform.internal.security.SubjectNDC.doAs(SubjectNDC.java:69)
	at com.polarion.portal.tomcat.servlets.DoAsFilter.doFilterImpl(DoAsFilter.java:119)
	at com.polarion.portal.tomcat.servlets.DoAsFilter.doFilterInContexts(DoAsFilter.java:96)
	at com.polarion.portal.tomcat.servlets.DoAsFilter.doFilter(DoAsFilter.java:82)
	at org.apache.catalina.core.ApplicationFilterChain.internalDoFilter(ApplicationFilterChain.java:239)
	at org.apache.catalina.core.ApplicationFilterChain.doFilter(ApplicationFilterChain.java:206)
	at com.polarion.portal.tomcat.servlets.ExpiresFilter.doFilter(ExpiresFilter.java:39)
	at org.apache.catalina.core.ApplicationFilterChain.internalDoFilter(ApplicationFilterChain.java:239)
	at org.apache.catalina.core.ApplicationFilterChain.doFilter(ApplicationFilterChain.java:206)
	at com.polarion.portal.tomcat.servlets.SecurityCheckFilter.doFilter(SecurityCheckFilter.java:46)
	at org.apache.catalina.core.ApplicationFilterChain.internalDoFilter(ApplicationFilterChain.java:239)
	at org.apache.catalina.core.ApplicationFilterChain.doFilter(ApplicationFilterChain.java:206)
	at org.apache.catalina.core.StandardWrapperValve.invoke(StandardWrapperValve.java:212)
	at org.apache.catalina.core.StandardContextValve.invoke(StandardContextValve.java:106)
	at org.apache.catalina.core.StandardHostValve.invoke(StandardHostValve.java:141)
	at org.apache.catalina.valves.ErrorReportValve.invoke(ErrorReportValve.java:79)
	at org.apache.catalina.core.StandardEngineValve.invoke(StandardEngineValve.java:88)
	at org.apache.catalina.authenticator.SingleSignOn.invoke(SingleSignOn.java:291)
	at org.apache.catalina.connector.CoyoteAdapter.service(CoyoteAdapter.java:521)
	at org.apache.coyote.ajp.AbstractAjpProcessor.process(AbstractAjpProcessor.java:850)
	at org.apache.coyote.AbstractProtocol$AbstractConnectionHandler.process(AbstractProtocol.java:674)
	at org.apache.tomcat.util.net.NioEndpoint$SocketProcessor.doRun(NioEndpoint.java:1500)
	at org.apache.tomcat.util.net.NioEndpoint$SocketProcessor.run(NioEndpoint.java:1456)
	at java.util.concurrent.ThreadPoolExecutor.runWorker(Unknown Source)
	at java.util.concurrent.ThreadPoolExecutor$Worker.run(Unknown Source)
	at org.apache.tomcat.util.threads.TaskThread$WrappingRunnable.run(TaskThread.java:61)
	at java.lang.Thread.run(Unknown Source)
