2017-06-22 17:52:50,111 [main] INFO  com.polarion.platform.startup  - ****************************************************************
2017-06-22 17:52:50,111 [main] INFO  com.polarion.platform.startup  -                 Polarion starting, please wait!                 
2017-06-22 17:52:50,111 [main] INFO  com.polarion.platform.startup  - ****************************************************************
2017-06-22 17:52:50,112 [main] INFO  com.polarion.platform.startup  - Server start mode: normal
2017-06-22 17:52:50,112 [main] INFO  com.polarion.platform.startup  - ------------------------------
2017-06-22 17:52:50,112 [main] INFO  com.polarion.platform.startup  - Platform startup (Phase: 1/9)
2017-06-22 17:52:54,582 [main] INFO  com.polarion.platform.startup  - Opening historical database...
2017-06-22 17:52:54,720 [main] INFO  com.polarion.platform.startup  - Opening of historical database finished [ TIME 0.138 s. ]
2017-06-22 17:52:54,720 [main] INFO  com.polarion.platform.startup  - Opening head database...
2017-06-22 17:52:54,778 [main] INFO  com.polarion.platform.startup  - Opening of head database finished [ TIME 0.0575 s. ]
2017-06-22 17:52:55,009 [main | u:p] INFO  com.polarion.platform.startup  -  -- Polarion startup estimation:  [ TIME 57 s. ]
2017-06-22 17:52:55,148 [main | u:p] INFO  com.polarion.platform.startup  - Platform startup ... took  [ TIME 5.05 s. ]
2017-06-22 17:52:55,311 [main | u:p] INFO  com.polarion.platform.startup  - ------------------------------
2017-06-22 17:52:55,311 [main | u:p] INFO  com.polarion.platform.startup  - Context recognition (Phase: 2/9)
2017-06-22 17:52:55,352 [main | u:p] INFO  com.polarion.platform.startup  - Context recognition ... took  [ TIME 0.2 s. ]
2017-06-22 17:52:55,353 [main | u:p] INFO  com.polarion.platform.startup  - ------------------------------
2017-06-22 17:52:55,353 [main | u:p] INFO  com.polarion.platform.startup  - Context initialization (Phase: 3/9)
2017-06-22 17:52:55,357 [LowLevelDataService-contextInitializer-2 | u:p | cluster: default] INFO  com.polarion.platform.startup  -  -- Initializing cluster: default (1/8)
2017-06-22 17:52:55,357 [LowLevelDataService-contextInitializer-4 | u:p | context: --Demo Projects] INFO  com.polarion.platform.startup  -  -- Initializing context: --Demo Projects (4/8)
2017-06-22 17:52:55,357 [LowLevelDataService-contextInitializer-3 | u:p | context: MyPolarion] INFO  com.polarion.platform.startup  -  -- Initializing context: MyPolarion (2/8)
2017-06-22 17:52:55,357 [LowLevelDataService-contextInitializer-5 | u:p | context: library] INFO  com.polarion.platform.startup  -  -- Initializing context: library (5/8)
2017-06-22 17:52:55,357 [LowLevelDataService-contextInitializer-1 | u:p | context: [GLOBAL]] INFO  com.polarion.platform.startup  -  -- Initializing context: [GLOBAL] (3/8)
2017-06-22 17:52:55,364 [LowLevelDataService-contextInitializer-1 | u:p | context: CAPA] INFO  com.polarion.platform.startup  -  -- Initializing context: CAPA (6/8)
2017-06-22 17:52:55,446 [LowLevelDataService-contextInitializer-2 | u:p | context: elibrary] INFO  com.polarion.platform.startup  -  -- Initializing context: elibrary (7/8)
2017-06-22 17:52:55,548 [LowLevelDataService-contextInitializer-4 | u:p | context: drivepilot] INFO  com.polarion.platform.startup  -  -- Initializing context: drivepilot (8/8)
2017-06-22 17:52:56,557 [main | u:p] INFO  com.polarion.platform.startup  - Context initialization ... took  [ TIME 1.21 s. ]
2017-06-22 17:52:56,566 [main | u:p] INFO  com.polarion.platform.startup  - ------------------------------
2017-06-22 17:52:56,566 [main | u:p] INFO  com.polarion.platform.startup  - Revisions processing (Phase: 4/9)
2017-06-22 17:52:56,832 [main | u:p] INFO  com.polarion.platform.startup  -  -- Processing new revisions from repository default in context ContextId[context [global]]
2017-06-22 17:52:56,841 [main | u:p] INFO  com.polarion.platform.startup  - Revisions processing ... took  [ TIME 0.28 s. ]
2017-06-22 17:52:56,888 [main | u:p] INFO  com.polarion.platform.startup  - ------------------------------
2017-06-22 17:52:56,888 [main | u:p] INFO  com.polarion.platform.startup  - Build artifacts recognition (Phase: 5/9)
2017-06-22 17:52:56,899 [main | u:p] INFO  com.polarion.platform.startup  -  -- Processing build artifacts from context: [GLOBAL] (1/8)
2017-06-22 17:52:57,052 [main | u:p] INFO  com.polarion.platform.startup  -  -- Processing build artifacts from cluster: default (2/8)
2017-06-22 17:52:57,104 [main | u:p] INFO  com.polarion.platform.startup  -  -- Processing build artifacts from context: MyPolarion (3/8)
2017-06-22 17:52:57,162 [main | u:p] INFO  com.polarion.platform.startup  -  -- Processing build artifacts from context: --Demo Projects (4/8)
2017-06-22 17:52:57,213 [main | u:p] INFO  com.polarion.platform.startup  -  -- Processing build artifacts from context: library (5/8)
2017-06-22 17:52:57,268 [main | u:p] INFO  com.polarion.platform.startup  -  -- Processing build artifacts from context: CAPA (6/8)
2017-06-22 17:52:57,399 [main | u:p] INFO  com.polarion.platform.startup  -  -- Processing build artifacts from context: elibrary (7/8)
2017-06-22 17:52:57,527 [main | u:p] INFO  com.polarion.platform.startup  -  -- Processing build artifacts from context: drivepilot (8/8)
2017-06-22 17:52:57,527 [main | u:p] INFO  com.polarion.platform.startup  - Build artifacts recognition ... took  [ TIME 0.69 s. ]
2017-06-22 17:52:57,528 [main | u:p] INFO  com.polarion.platform.startup  - ------------------------------
2017-06-22 17:52:57,528 [main | u:p] INFO  com.polarion.platform.startup  - BIR inspection (Phase: 6/9)
2017-06-22 17:52:57,572 [main | u:p] INFO  com.polarion.platform.startup  - BIR inspection ... took  [ TIME 0.04 s. ]
2017-06-22 17:52:57,572 [main | u:p] INFO  com.polarion.platform.startup  - ------------------------------
2017-06-22 17:52:57,572 [main | u:p] INFO  com.polarion.platform.startup  - Data indexing (Phase: 7/9)
2017-06-22 17:52:57,787 [main | u:p] INFO  com.polarion.platform.startup  -  -- Refreshing 1 objects in index: Revision
2017-06-22 17:52:57,792 [main | u:p] INFO  com.polarion.platform.startup  -  -- -- 1 from 1 objects were refreshed (100%)
2017-06-22 17:52:58,053 [main | u:p] INFO  com.polarion.platform.startup  - Data indexing ... took  [ TIME 0.48 s. ]
2017-06-22 17:52:58,054 [main | u:p] INFO  com.polarion.platform.startup  - ------------------------------
2017-06-22 17:52:58,054 [main | u:p] INFO  com.polarion.platform.startup  - Fields recalculation (Phase: 8/9)
2017-06-22 17:52:58,068 [main | u:p] INFO  com.polarion.platform.startup  - Fields recalculation ... took  [ TIME 0.01 s. ]
2017-06-22 17:52:58,068 [main | u:p] INFO  com.polarion.platform.startup  - ------------------------------
2017-06-22 17:52:58,068 [main | u:p] INFO  com.polarion.platform.startup  - Polarion startup (Phase: 9/9)
2017-06-22 17:53:32,775 [main] INFO  com.polarion.platform.startup  - Polarion startup ... took  [ TIME 34.71 s. ]
2017-06-22 17:53:32,775 [main] INFO  com.polarion.platform.startup  - ****************************************************************
2017-06-22 17:53:32,775 [main] INFO  com.polarion.platform.startup  -                  Polarion started:  [ TIME 42.7 s. ]
2017-06-22 17:53:32,775 [main] INFO  com.polarion.platform.startup  - ****************************************************************
