2017-06-22 13:24:37,966 [main] INFO  com.polarion.platform.startup  - ****************************************************************
2017-06-22 13:24:37,966 [main] INFO  com.polarion.platform.startup  -                 Polarion starting, please wait!                 
2017-06-22 13:24:37,967 [main] INFO  com.polarion.platform.startup  - ****************************************************************
2017-06-22 13:24:37,967 [main] INFO  com.polarion.platform.startup  - Server start mode: normal
2017-06-22 13:24:37,967 [main] INFO  com.polarion.platform.startup  - ------------------------------
2017-06-22 13:24:37,967 [main] INFO  com.polarion.platform.startup  - Platform startup (Phase: 1/9)
2017-06-22 13:24:48,812 [main] INFO  com.polarion.platform.startup  - Opening historical database...
2017-06-22 13:24:48,989 [main] INFO  com.polarion.platform.startup  - Opening of historical database finished [ TIME 0.177 s. ]
2017-06-22 13:24:48,989 [main] INFO  com.polarion.platform.startup  - Opening head database...
2017-06-22 13:24:49,066 [main] INFO  com.polarion.platform.startup  - Opening of head database finished [ TIME 0.0779 s. ]
2017-06-22 13:24:49,278 [main | u:p] INFO  com.polarion.platform.startup  -  -- Polarion startup estimation:  [ TIME 46 s. ]
2017-06-22 13:24:49,407 [main | u:p] INFO  com.polarion.platform.startup  - Platform startup ... took  [ TIME 11.45 s. ]
2017-06-22 13:24:49,596 [main | u:p] INFO  com.polarion.platform.startup  - ------------------------------
2017-06-22 13:24:49,596 [main | u:p] INFO  com.polarion.platform.startup  - Context recognition (Phase: 2/9)
2017-06-22 13:24:49,659 [main | u:p] INFO  com.polarion.platform.startup  - Context recognition ... took  [ TIME 0.25 s. ]
2017-06-22 13:24:49,660 [main | u:p] INFO  com.polarion.platform.startup  - ------------------------------
2017-06-22 13:24:49,660 [main | u:p] INFO  com.polarion.platform.startup  - Context initialization (Phase: 3/9)
2017-06-22 13:24:49,674 [LowLevelDataService-contextInitializer-5 | u:p | context: library] INFO  com.polarion.platform.startup  -  -- Initializing context: library (5/8)
2017-06-22 13:24:49,674 [LowLevelDataService-contextInitializer-4 | u:p | context: --Demo Projects] INFO  com.polarion.platform.startup  -  -- Initializing context: --Demo Projects (2/8)
2017-06-22 13:24:49,674 [LowLevelDataService-contextInitializer-1 | u:p | context: [GLOBAL]] INFO  com.polarion.platform.startup  -  -- Initializing context: [GLOBAL] (1/8)
2017-06-22 13:24:49,674 [LowLevelDataService-contextInitializer-2 | u:p | cluster: default] INFO  com.polarion.platform.startup  -  -- Initializing cluster: default (4/8)
2017-06-22 13:24:49,674 [LowLevelDataService-contextInitializer-3 | u:p | context: MyPolarion] INFO  com.polarion.platform.startup  -  -- Initializing context: MyPolarion (3/8)
2017-06-22 13:24:49,679 [LowLevelDataService-contextInitializer-1 | u:p | context: CAPA] INFO  com.polarion.platform.startup  -  -- Initializing context: CAPA (6/8)
2017-06-22 13:24:49,814 [LowLevelDataService-contextInitializer-2 | u:p | context: elibrary] INFO  com.polarion.platform.startup  -  -- Initializing context: elibrary (7/8)
2017-06-22 13:24:50,008 [LowLevelDataService-contextInitializer-4 | u:p | context: drivepilot] INFO  com.polarion.platform.startup  -  -- Initializing context: drivepilot (8/8)
2017-06-22 13:24:51,126 [main | u:p] INFO  com.polarion.platform.startup  - Context initialization ... took  [ TIME 1.47 s. ]
2017-06-22 13:24:51,137 [main | u:p] INFO  com.polarion.platform.startup  - ------------------------------
2017-06-22 13:24:51,137 [main | u:p] INFO  com.polarion.platform.startup  - Revisions processing (Phase: 4/9)
2017-06-22 13:24:51,431 [main | u:p] INFO  com.polarion.platform.startup  -  -- Processing new revisions from repository default in context ContextId[context [global]]
2017-06-22 13:24:51,442 [main | u:p] INFO  com.polarion.platform.startup  - Revisions processing ... took  [ TIME 0.32 s. ]
2017-06-22 13:24:51,497 [main | u:p] INFO  com.polarion.platform.startup  - ------------------------------
2017-06-22 13:24:51,497 [main | u:p] INFO  com.polarion.platform.startup  - Build artifacts recognition (Phase: 5/9)
2017-06-22 13:24:51,505 [main | u:p] INFO  com.polarion.platform.startup  -  -- Processing build artifacts from context: [GLOBAL] (1/8)
2017-06-22 13:24:51,644 [main | u:p] INFO  com.polarion.platform.startup  -  -- Processing build artifacts from cluster: default (2/8)
2017-06-22 13:24:51,688 [main | u:p] INFO  com.polarion.platform.startup  -  -- Processing build artifacts from context: MyPolarion (3/8)
2017-06-22 13:24:51,734 [main | u:p] INFO  com.polarion.platform.startup  -  -- Processing build artifacts from context: --Demo Projects (4/8)
2017-06-22 13:24:51,778 [main | u:p] INFO  com.polarion.platform.startup  -  -- Processing build artifacts from context: library (5/8)
2017-06-22 13:24:51,840 [main | u:p] INFO  com.polarion.platform.startup  -  -- Processing build artifacts from context: CAPA (6/8)
2017-06-22 13:24:51,971 [main | u:p] INFO  com.polarion.platform.startup  -  -- Processing build artifacts from context: elibrary (7/8)
2017-06-22 13:24:52,120 [main | u:p] INFO  com.polarion.platform.startup  -  -- Processing build artifacts from context: drivepilot (8/8)
2017-06-22 13:24:52,120 [main | u:p] INFO  com.polarion.platform.startup  - Build artifacts recognition ... took  [ TIME 0.68 s. ]
2017-06-22 13:24:52,120 [main | u:p] INFO  com.polarion.platform.startup  - ------------------------------
2017-06-22 13:24:52,120 [main | u:p] INFO  com.polarion.platform.startup  - BIR inspection (Phase: 6/9)
2017-06-22 13:24:52,165 [main | u:p] INFO  com.polarion.platform.startup  - BIR inspection ... took  [ TIME 0.04 s. ]
2017-06-22 13:24:52,189 [main | u:p] INFO  com.polarion.platform.startup  - ------------------------------
2017-06-22 13:24:52,189 [main | u:p] INFO  com.polarion.platform.startup  - Data indexing (Phase: 7/9)
2017-06-22 13:24:52,390 [main | u:p] INFO  com.polarion.platform.startup  -  -- Refreshing 9 objects in index: BuildArtifact
2017-06-22 13:24:52,406 [main | u:p] INFO  com.polarion.platform.startup  -  -- -- 9 from 9 objects were refreshed (100%)
2017-06-22 13:24:52,711 [main | u:p] INFO  com.polarion.platform.startup  -  -- Refreshing 1 objects in index: Revision
2017-06-22 13:24:52,711 [main | u:p] INFO  com.polarion.platform.startup  -  -- -- 1 from 1 objects were refreshed (100%)
2017-06-22 13:24:52,802 [main | u:p] INFO  com.polarion.platform.startup  - Data indexing ... took  [ TIME 0.64 s. ]
2017-06-22 13:24:52,803 [main | u:p] INFO  com.polarion.platform.startup  - ------------------------------
2017-06-22 13:24:52,803 [main | u:p] INFO  com.polarion.platform.startup  - Fields recalculation (Phase: 8/9)
2017-06-22 13:24:52,827 [main | u:p] INFO  com.polarion.platform.startup  - Fields recalculation ... took  [ TIME 0.03 s. ]
2017-06-22 13:24:52,828 [main | u:p] INFO  com.polarion.platform.startup  - ------------------------------
2017-06-22 13:24:52,828 [main | u:p] INFO  com.polarion.platform.startup  - Polarion startup (Phase: 9/9)
2017-06-22 13:25:29,877 [main] INFO  com.polarion.platform.startup  - Polarion startup ... took  [ TIME 37.05 s. ]
2017-06-22 13:25:29,878 [main] INFO  com.polarion.platform.startup  - ****************************************************************
2017-06-22 13:25:29,878 [main] INFO  com.polarion.platform.startup  -                  Polarion started:  [ TIME 51.9 s. ]
2017-06-22 13:25:29,878 [main] INFO  com.polarion.platform.startup  - ****************************************************************
