2017-06-22 18:25:01,102 [main | u:p] INFO  TXLOGGER  - Summary for 'Platform startup': transactions: 0, DB: 0.0423 s [50% update (126x), 49% query (13x)] (206x), svn: 0.024 s [87% checkPath (1x)] (3x)
2017-06-22 18:25:01,310 [main | u:p] INFO  TXLOGGER  - Summary for 'Context recognition': transactions: 0, svn: 0.0942 s [42% info (3x), 31% getDir2 content (2x), 27% getFile content (1x)] (6x)
2017-06-22 18:25:02,612 [LowLevelDataService-contextInitializer-3 | u:p] INFO  TXLOGGER  - Summary: Total: 1.3 s, transactions: 0, ObjectMaps: 0.259 s [100% getAllPrimaryObjects (1x)] (7x)
2017-06-22 18:25:02,612 [LowLevelDataService-contextInitializer-4 | u:p] INFO  TXLOGGER  - Summary: Total: 1.3 s, transactions: 0, svn: 0.159 s [98% log2 (10x)] (12x), ObjectMaps: 0.0689 s [95% getAllPrimaryObjects (2x)] (20x)
2017-06-22 18:25:02,612 [LowLevelDataService-contextInitializer-2 | u:p] INFO  TXLOGGER  - Summary: Total: 1.3 s, transactions: 0, svn: 0.143 s [98% log2 (6x)] (8x)
2017-06-22 18:25:02,612 [LowLevelDataService-contextInitializer-5 | u:p] INFO  TXLOGGER  - Summary: Total: 1.3 s, transactions: 0, svn: 0.2 s [35% log2 (5x), 32% log (1x), 20% info (4x)] (15x)
2017-06-22 18:25:02,612 [LowLevelDataService-contextInitializer-1 | u:p] INFO  TXLOGGER  - Summary: Total: 1.3 s, transactions: 0, svn: 0.0732 s [98% log2 (5x)] (6x)
2017-06-22 18:25:02,613 [main | u:p] INFO  TXLOGGER  - Summary for 'Context initialization': transactions: 0, svn: 0.615 s [77% log2 (31x), 10% log (1x)] (47x), ObjectMaps: 0.411 s [99% getAllPrimaryObjects (7x)] (55x)
2017-06-22 18:25:02,930 [main | u:p] INFO  TXLOGGER  - Summary for 'Revisions processing': transactions: 14, RepositoryConfigService: 0.208 s [100% getReadConfiguration (42x)] (42x), svn: 0.117 s [90% info (15x)] (32x)
2017-06-22 18:25:03,721 [main | u:p] INFO  TXLOGGER  - Summary for 'Build artifacts recognition': transactions: 40, svn: 0.623 s [87% info (78x)] (131x), RepositoryConfigService: 0.527 s [100% getReadConfiguration (48x)] (48x)
2017-06-22 18:25:04,303 [main | u:p] INFO  TXLOGGER  - Summary for 'Data indexing': transactions: 0, Lucene: 0.246 s [100% refresh (1x)] (1x), SubterraURITable: 0.0164 s [100% addIfNotExistsDB (1x)] (1x)
2017-06-22 18:25:39,367 [main] INFO  TXLOGGER  - Summary for 'Polarion startup': transactions: 1, svn: 0.326 s [82% info (47x)] (66x), RepositoryConfigService: 0.0316 s [100% getReadConfiguration (2x)] (2x)
2017-06-22 18:25:39,479 [Persistence Events Processing Thread | u:p] INFO  TXLOGGER  - Summary: Total: 0.107 s, transactions: 6, persistence listener: 0.107 s [93% notificationsCreatingListener (1x)] (7x)
2017-06-22 18:25:39,560 [Worker-0 | u:p | job: polarion.jobs.attachment.indexer] INFO  TXLOGGER  - Summary after AttachmentIndexer: transactions: 6, persistence listener: 0.107 s [93% notificationsCreatingListener (1x)] (7x), Lucene: 0.0898 s [100% add (2x)] (2x), resolve: 0.0367 s [92% User (2x)] (5x), ObjectMaps: 0.00913 s [100% getPrimaryObjectLocation (2x)] (2x)
2017-06-22 18:25:40,124 [PreLoadDataService | u:p] INFO  TXLOGGER  - Tx 5733f7d59c438_0_5733f7d59c438_0_: finished. Total: 0.746 s, svn: 0.457 s [65% getDir2 content (25x), 34% getFile content (15x)] (43x), resolve: 0.321 s [54% TimePoint (5x), 46% Category (8x)] (13x), ObjectMaps: 0.0538 s [49% getPrimaryObjectLocation (13x), 31% getPrimaryObjectProperty (13x)] (55x)
2017-06-22 18:25:40,663 [PreLoadDataService | u:p] INFO  TXLOGGER  - Tx 5733f7d683840_0_5733f7d683840_0_: finished. Total: 0.36 s, svn: 0.264 s [53% getFile content (14x), 47% info (10x)] (25x), RepositoryConfigService: 0.203 s [69% getReadConfiguration (72x), 31% getReadUserConfiguration (2x)] (74x), resolve: 0.124 s [100% User (8x)] (8x), ObjectMaps: 0.0263 s [49% getPrimaryObjectLocation (8x), 28% getPrimaryObjectProperty (8x), 23% getLastPromoted (8x)] (33x)
2017-06-22 18:25:40,814 [PreLoadDataService | u:p] INFO  TXLOGGER  - Tx 5733f7d6ddc41_0_5733f7d6ddc41_0_: finished. Total: 0.15 s, RepositoryConfigService: 0.124 s [98% getReadConfiguration (55x)] (78x), svn: 0.103 s [100% getFile content (13x)] (14x)
2017-06-22 18:25:41,154 [DBHistoryCreator-1 | u:p] INFO  TXLOGGER  - Summary: Total: 1.55 s, transactions: 0
2017-06-22 18:25:41,155 [Worker-1 | u:p | job: polarion.jobs.db.history] INFO  TXLOGGER  - Summary after DBHistoryCreator: transactions: 0, Lucene: 0.0261 s [100% add (1x)] (1x), svn: 0.00175 s [100% getLatestRevision (1x)] (1x), DB: 0.00136 s [73% update (1x), 27% commit (1x)] (2x)
2017-06-22 18:25:41,155 [Worker-1 | u:p] INFO  TXLOGGER  - Summary for 'job: polarion.jobs.db.history': Total: 1.6 s, transactions: 0, SubterraURITable: 1.26 s [100% getDB (4080x)] (4080x), DB: 1.19 s [52% query (4106x), 30% update (4081x)] (20515x)
2017-06-22 18:25:41,642 [PreLoadDataService | u:p] INFO  TXLOGGER  - Tx 5733f7d703842_0_5733f7d703842_0_: finished. Total: 0.827 s, svn: 0.736 s [74% getFile content (47x), 26% getDir2 content (17x)] (65x), RepositoryConfigService: 0.617 s [100% getReadConfiguration (164x)] (180x)
2017-06-22 18:25:42,017 [PreLoadDataService | u:p] INFO  TXLOGGER  - Tx 5733f7d7d2843_0_5733f7d7d2843_0_: finished. Total: 0.375 s, RepositoryConfigService: 0.317 s [99% getReadConfiguration (295x)] (370x), svn: 0.315 s [85% getFile content (35x)] (42x)
2017-06-22 18:25:42,362 [PreLoadDataService | u:p] INFO  TXLOGGER  - Tx 5733f7d830444_0_5733f7d830444_0_: finished. Total: 0.345 s, svn: 0.312 s [55% getFile content (21x), 45% getDir2 content (17x)] (39x), RepositoryConfigService: 0.201 s [100% getReadConfiguration (88x)] (110x)
2017-06-22 18:25:42,491 [PreLoadDataService | u:p] INFO  TXLOGGER  - Tx 5733f7d886845_0_5733f7d886845_0_: finished. Total: 0.129 s, svn: 0.12 s [58% getDir2 content (11x), 42% getFile content (8x)] (20x), RepositoryConfigService: 0.0561 s [99% getReadConfiguration (38x)] (54x)
2017-06-22 18:25:42,800 [PreLoadDataService | u:p] INFO  TXLOGGER  - Tx 5733f7d8a6c46_0_5733f7d8a6c46_0_: finished. Total: 0.309 s, svn: 0.276 s [61% getFile content (24x), 39% getDir2 content (12x)] (37x), RepositoryConfigService: 0.196 s [100% getReadConfiguration (87x)] (109x)
2017-06-22 18:25:42,800 [PreLoadDataService] INFO  TXLOGGER  - Summary for 'PreloadDataService': Total: 3.43 s, transactions: 9, svn: 2.67 s [62% getFile content (182x), 32% getDir2 content (90x)] (301x), RepositoryConfigService: 1.74 s [96% getReadConfiguration (801x)] (981x), resolve: 0.566 s [31% TimePoint (5x), 26% Category (8x), 22% User (8x), 21% Project (5x)] (26x)
2017-06-22 18:25:42,801 [PreLoadDataService] INFO  TXLOGGER  - Summary after preload: transactions: 9, svn: 2.67 s [62% getFile content (182x), 32% getDir2 content (90x)] (301x), RepositoryConfigService: 1.74 s [96% getReadConfiguration (801x)] (981x), SubterraURITable: 1.26 s [100% getDB (4080x)] (4080x), DB: 1.19 s [52% query (4106x), 30% update (4081x)] (20515x), resolve: 0.566 s [31% TimePoint (5x), 26% Category (8x), 22% User (9x), 21% Project (5x)] (27x)
