2017-06-23 15:03:16,653 [main | u:p] INFO  TXLOGGER  - Summary for 'Platform startup': transactions: 0, DB: 0.0515 s [58% query (13x), 41% update (126x)] (206x), svn: 0.0247 s [87% checkPath (1x)] (3x)
2017-06-23 15:03:16,851 [main | u:p] INFO  TXLOGGER  - Summary for 'Context recognition': transactions: 0, svn: 0.0852 s [41% getDir2 content (2x), 33% info (3x), 26% getFile content (1x)] (6x)
2017-06-23 15:03:18,118 [LowLevelDataService-contextInitializer-4 | u:p] INFO  TXLOGGER  - Summary: Total: 1.25 s, transactions: 0, svn: 0.112 s [97% log2 (10x)] (12x)
2017-06-23 15:03:18,121 [LowLevelDataService-contextInitializer-1 | u:p] INFO  TXLOGGER  - Summary: Total: 1.26 s, transactions: 0
2017-06-23 15:03:18,121 [LowLevelDataService-contextInitializer-5 | u:p] INFO  TXLOGGER  - Summary: Total: 1.26 s, transactions: 0, svn: 0.149 s [32% log (1x), 29% log2 (5x), 22% info (4x)] (15x)
2017-06-23 15:03:18,121 [LowLevelDataService-contextInitializer-3 | u:p] INFO  TXLOGGER  - Summary: Total: 1.27 s, transactions: 0, ObjectMaps: 0.259 s [100% getAllPrimaryObjects (1x)] (7x)
2017-06-23 15:03:18,121 [LowLevelDataService-contextInitializer-2 | u:p] INFO  TXLOGGER  - Summary: Total: 1.26 s, transactions: 0, svn: 0.114 s [97% log2 (6x)] (8x)
2017-06-23 15:03:18,122 [main | u:p] INFO  TXLOGGER  - Summary for 'Context initialization': transactions: 0, svn: 0.444 s [74% log2 (31x), 11% log (1x)] (47x), ObjectMaps: 0.4 s [99% getAllPrimaryObjects (7x)] (55x)
2017-06-23 15:03:18,425 [main | u:p] INFO  TXLOGGER  - Summary for 'Revisions processing': transactions: 14, RepositoryConfigService: 0.197 s [100% getReadConfiguration (42x)] (42x), svn: 0.108 s [90% info (15x)] (32x)
2017-06-23 15:03:19,146 [main | u:p] INFO  TXLOGGER  - Summary for 'Build artifacts recognition': transactions: 40, svn: 0.55 s [86% info (78x)] (131x), RepositoryConfigService: 0.475 s [100% getReadConfiguration (80x)] (80x)
2017-06-23 15:03:19,795 [main | u:p] INFO  TXLOGGER  - Summary for 'Data indexing': transactions: 0, Lucene: 0.259 s [100% refresh (2x)] (2x), DB: 0.0367 s [64% update (38x), 18% execute (12x)] (103x), SubterraURITable: 0.023 s [100% addIfNotExistsDB (17x)] (17x), calculatedFieldsContributor: 0.0187 s [100% objectsToInv (8x)] (8x)
2017-06-23 15:03:54,673 [main] INFO  TXLOGGER  - Summary for 'Polarion startup': transactions: 1, svn: 0.294 s [79% info (47x), 14% getDir2 content (5x)] (66x), RepositoryConfigService: 0.024 s [100% getReadConfiguration (2x)] (2x)
2017-06-23 15:03:54,788 [Persistence Events Processing Thread | u:p] INFO  TXLOGGER  - Summary: Total: 0.109 s, transactions: 6, persistence listener: 0.109 s [93% notificationsCreatingListener (1x)] (7x)
2017-06-23 15:03:54,873 [Worker-0 | u:p | job: polarion.jobs.attachment.indexer] INFO  TXLOGGER  - Summary after AttachmentIndexer: transactions: 48, persistence listener: 0.112 s [91% notificationsCreatingListener (8x)] (56x), Lucene: 0.09 s [100% add (2x)] (2x), resolve: 0.0387 s [94% User (2x)] (5x), ObjectMaps: 0.0111 s [100% getPrimaryObjectLocation (2x)] (2x)
2017-06-23 15:03:55,485 [PreLoadDataService | u:p] INFO  TXLOGGER  - Tx 5735133f9ec38_0_5735133f9ec38_0_: finished. Total: 0.8 s, resolve: 0.406 s [57% TimePoint (5x), 43% Category (8x)] (13x), svn: 0.404 s [59% getDir2 content (25x), 41% getFile content (15x)] (43x), ObjectMaps: 0.0537 s [51% getPrimaryObjectLocation (13x), 29% getPrimaryObjectProperty (13x), 21% getLastPromoted (13x)] (55x)
2017-06-23 15:03:55,973 [PreLoadDataService | u:p] INFO  TXLOGGER  - Tx 573513409bc6a_0_573513409bc6a_0_: finished. Total: 0.277 s, svn: 0.183 s [59% getFile content (14x), 41% info (10x)] (25x), RepositoryConfigService: 0.137 s [83% getReadConfiguration (72x)] (74x), resolve: 0.107 s [100% User (8x)] (8x), ObjectMaps: 0.0253 s [47% getPrimaryObjectLocation (8x), 27% getLastPromoted (8x), 25% getPrimaryObjectProperty (8x)] (33x)
2017-06-23 15:03:56,106 [PreLoadDataService | u:p] INFO  TXLOGGER  - Tx 57351340e146b_0_57351340e146b_0_: finished. Total: 0.133 s, RepositoryConfigService: 0.105 s [98% getReadConfiguration (55x)] (78x), svn: 0.0851 s [100% getFile content (13x)] (14x)
2017-06-23 15:03:56,772 [DBHistoryCreator-1 | u:p] INFO  TXLOGGER  - Summary: Total: 1.85 s, transactions: 0
2017-06-23 15:03:56,772 [DBHistoryCreator-2 | u:p] INFO  TXLOGGER  - Summary: Total: 1.85 s, transactions: 0
2017-06-23 15:03:56,772 [Worker-1 | u:p | job: polarion.jobs.db.history] INFO  TXLOGGER  - Summary after DBHistoryCreator: transactions: 0, Lucene: 0.0329 s [100% add (1x)] (1x), DB: 0.00178 s [73% update (2x), 27% commit (2x)] (4x)
2017-06-23 15:03:56,772 [Worker-1 | u:p] INFO  TXLOGGER  - Summary for 'job: polarion.jobs.db.history': Total: 1.9 s, transactions: 0, DB: 1.5 s [62% query (4157x), 23% update (4132x)] (20818x), SubterraURITable: 1.22 s [100% getDB (4131x)] (4131x)
2017-06-23 15:03:56,959 [PreLoadDataService | u:p] INFO  TXLOGGER  - Tx 573513410286c_0_573513410286c_0_: finished. Total: 0.853 s, svn: 0.763 s [63% getFile content (47x), 37% getDir2 content (17x)] (65x), RepositoryConfigService: 0.554 s [100% getReadConfiguration (164x)] (180x)
2017-06-23 15:03:57,237 [PreLoadDataService | u:p] INFO  TXLOGGER  - Tx 57351341d7c6d_0_57351341d7c6d_0_: finished. Total: 0.278 s, svn: 0.234 s [84% getFile content (35x)] (42x), RepositoryConfigService: 0.229 s [99% getReadConfiguration (295x)] (370x)
2017-06-23 15:03:57,593 [PreLoadDataService | u:p] INFO  TXLOGGER  - Tx 573513421d46e_0_573513421d46e_0_: finished. Total: 0.355 s, svn: 0.335 s [52% getFile content (21x), 48% getDir2 content (17x)] (39x), RepositoryConfigService: 0.188 s [100% getReadConfiguration (88x)] (110x)
2017-06-23 15:03:57,697 [PreLoadDataService | u:p] INFO  TXLOGGER  - Tx 573513427646f_0_573513427646f_0_: finished. Total: 0.104 s, svn: 0.0944 s [58% getDir2 content (11x), 42% getFile content (8x)] (20x), RepositoryConfigService: 0.0461 s [99% getReadConfiguration (38x)] (54x)
2017-06-23 15:03:57,957 [PreLoadDataService | u:p] INFO  TXLOGGER  - Tx 5735134290470_0_5735134290470_0_: finished. Total: 0.26 s, svn: 0.241 s [52% getFile content (24x), 48% getDir2 content (12x)] (37x), RepositoryConfigService: 0.14 s [99% getReadConfiguration (87x)] (109x)
2017-06-23 15:03:57,957 [PreLoadDataService] INFO  TXLOGGER  - Summary for 'PreloadDataService': Total: 3.28 s, transactions: 9, svn: 2.42 s [59% getFile content (182x), 37% getDir2 content (90x)] (301x), RepositoryConfigService: 1.43 s [98% getReadConfiguration (801x)] (981x), resolve: 0.646 s [36% TimePoint (5x), 27% Category (8x), 21% Project (5x)] (26x)
2017-06-23 15:03:57,958 [PreLoadDataService] INFO  TXLOGGER  - Summary after preload: transactions: 9, svn: 2.42 s [59% getFile content (182x), 37% getDir2 content (90x)] (301x), DB: 1.5 s [62% query (4157x), 23% update (4132x)] (20818x), RepositoryConfigService: 1.43 s [98% getReadConfiguration (801x)] (981x), SubterraURITable: 1.22 s [100% getDB (4131x)] (4131x), resolve: 0.646 s [36% TimePoint (5x), 27% Category (8x), 21% Project (5x)] (27x), Lucene: 0.122 s [65% search (5x), 35% add (1x)] (6x)
2017-06-23 16:00:01,934 [Worker-1 | u:p] INFO  TXLOGGER  - Summary for 'job: update.plan.refresh.index': Total: 0.838 s, transactions: 0, resolve: 0.532 s [94% WorkItem (15x)] (167x), svn: 0.481 s [34% getDir2 content (16x), 33% info (17x), 32% getFile content (16x)] (50x), Lucene: 0.221 s [100% refresh (1x)] (2x), DB: 0.0604 s [83% update (181x)] (220x)
2017-06-23 16:00:01,971 [Worker-0 | u:p] INFO  TXLOGGER  - Summary for 'job: update.plan': Total: 1.89 s, transactions: 12, resolve: 0.748 s [92% WorkItems (2x)] (96x), svn: 0.611 s [34% info (26x), 33% getDir2 content (19x), 32% getFile content (22x)] (81x)
2017-06-23 16:11:23,158 [PullingJob-default] INFO  TXLOGGER  - Summary for 'PullingJob': Total: 0.269 s, transactions: 0, svn: 0.266 s [100% log2 (35x)] (36x), processed revs: [180]
2017-06-23 16:11:23,306 [Persistence Events Processing Thread | u:p] INFO  TXLOGGER  - Summary: Total: 0.109 s, transactions: 6, persistence listener: 0.109 s [98% RevisionActivityCreator (2x)] (7x), Lucene: 0.0581 s [88% add (2x)] (3x)
2017-06-23 16:11:53,210 [ajp-nio-8889-exec-6 | u:admin] INFO  TXLOGGER  - Summary for 'PortalDataService.getInitData': Total: 0.202 s, transactions: 3, RepositoryConfigService: 0.016 s [100% getReadConfiguration (8x)] (13x)
2017-06-23 16:11:53,693 [ajp-nio-8889-exec-7 | u:admin] INFO  TXLOGGER  - Summary for 'PortalDataService.requestPortalSite': Total: 0.145 s, transactions: 5, svn: 0.046 s [62% info (4x), 38% getFile content (3x)] (12x), RepositoryConfigService: 0.0395 s [64% getReadConfiguration (11x), 36% getReadUserConfiguration (4x)] (20x)
2017-06-23 16:11:54,879 [ajp-nio-8889-exec-10 | u:admin | uri:/polarion/wiki/bin/view/page/Home | wiki: view http://localhost/polarion/wiki/bin/view/page/Home] INFO  TXLOGGER  - Tx 573522d01548c_0_573522d01548c_0_: finished. Total: 0.107 s
2017-06-23 16:11:54,931 [ajp-nio-8889-exec-10] INFO  TXLOGGER  - Summary for 'servlet /polarion/wiki/bin/view/page/Home': Total: 1.12 s, transactions: 2, Velocity: 0.542 s [100% evaluate in Wiki (1x)] (1x), svn: 0.432 s [58% info (54x), 24% getFile properties (18x)] (86x)
2017-06-23 16:11:55,184 [ajp-nio-8889-exec-7] INFO  TXLOGGER  - Summary for 'servlet /polarion/wiki/bin/download/page/_default/Home/IveGotTime.png': Total: 0.215 s, transactions: 0, svn: 0.0151 s [100% info (2x)] (2x)
2017-06-23 16:11:55,189 [ajp-nio-8889-exec-6] INFO  TXLOGGER  - Summary for 'servlet /polarion/wiki/bin/download/page/_default/Home/ProjectElibrary.png': Total: 0.221 s, transactions: 0, svn: 0.0222 s [100% info (2x)] (2x)
2017-06-23 16:11:55,192 [ajp-nio-8889-exec-3] INFO  TXLOGGER  - Summary for 'servlet /polarion/wiki/bin/download/page/_default/Home/TimeIsShort.png': Total: 0.224 s, transactions: 0, svn: 0.0244 s [100% info (2x)] (2x)
2017-06-23 16:11:55,198 [ajp-nio-8889-exec-5] INFO  TXLOGGER  - Summary for 'servlet /polarion/wiki/bin/download/page/_default/Home/ProjectDrivePilot.png': Total: 0.23 s, transactions: 0, svn: 0.0272 s [100% info (2x)] (2x)
2017-06-23 16:11:55,421 [ajp-nio-8889-exec-8] INFO  TXLOGGER  - Summary for 'servlet /polarion/wiki/bin/download/page/_default/Home/CreateNewProject.png': Total: 0.264 s, transactions: 0, svn: 0.0176 s [100% info (2x)] (2x)
2017-06-23 16:11:55,434 [ajp-nio-8889-exec-9] INFO  TXLOGGER  - Summary for 'servlet /polarion/wiki/bin/download/page/_default/Home/TutorialVideos.png': Total: 0.275 s, transactions: 0, svn: 0.0175 s [100% info (2x)] (2x)
2017-06-23 16:11:55,434 [ajp-nio-8889-exec-10] INFO  TXLOGGER  - Summary for 'servlet /polarion/wiki/bin/download/page/_default/Home/VideoLiveDocs.png': Total: 0.241 s, transactions: 0, svn: 0.0128 s [100% info (2x)] (2x)
2017-06-23 16:11:55,446 [ajp-nio-8889-exec-1] INFO  TXLOGGER  - Summary for 'servlet /polarion/wiki/bin/download/page/_default/Home/VideoPortal.png': Total: 0.258 s, transactions: 0, svn: 0.0173 s [100% info (2x)] (2x)
2017-06-23 16:11:55,447 [ajp-nio-8889-exec-4] INFO  TXLOGGER  - Summary for 'servlet /polarion/wiki/bin/download/page/_default/Home/WatchAll.png': Total: 0.253 s, transactions: 0, svn: 0.0168 s [100% info (2x)] (2x)
2017-06-23 16:12:21,054 [ajp-nio-8889-exec-6 | u:admin] INFO  TXLOGGER  - Summary for 'PortalDataService.requestPortalSite': Total: 0.107 s, transactions: 5, RepositoryConfigService: 0.0749 s [100% getReadConfiguration (26x)] (49x), svn: 0.0678 s [61% getFile content (3x), 28% info (3x)] (12x)
2017-06-23 16:12:22,631 [ajp-nio-8889-exec-8 | u:admin | uri:/polarion/wiki/bin/view/project/drivepilot/page/Home | wiki: view http://localhost/polarion/wiki/bin/view/project/drivepilot/page/Home] INFO  TXLOGGER  - Tx 573522eae4497_0_573522eae4497_0_: finished. Total: 0.406 s, svn: 0.289 s [89% info (36x)] (43x), resolve: 0.17 s [98% WikiPage (24x)] (38x)
2017-06-23 16:12:22,657 [ajp-nio-8889-exec-8] INFO  TXLOGGER  - Summary for 'servlet /polarion/wiki/bin/view/project/drivepilot/page/Home': Total: 1.56 s, transactions: 6, Velocity: 1.22 s [100% evaluate in Wiki (1x)] (1x), svn: 1.13 s [83% info (130x)] (160x), resolve: 0.252 s [98% WikiPage (41x)] (58x)
2017-06-23 16:12:22,837 [ajp-nio-8889-exec-4] INFO  TXLOGGER  - Summary for 'servlet /polarion/wiki/bin/download/project/drivepilot/page/_default/Home/project_logo.jpg': Total: 0.151 s, transactions: 0, svn: 0.0129 s [100% info (2x)] (2x)
2017-06-23 16:12:25,482 [ajp-nio-8889-exec-9 | u:admin] INFO  TXLOGGER  - Summary for 'PortalDataService.getRecentlyVisitedAndFavourites': Total: 0.198 s, transactions: 0
2017-06-23 16:12:26,235 [ajp-nio-8889-exec-10 | u:admin | i:CAPA/_default/modules/_default/Home] INFO  TXLOGGER  - Tx 573522ee794a7_0_573522ee794a7_0_: finished. Total: 0.342 s
2017-06-23 16:12:26,276 [ajp-nio-8889-exec-10 | u:admin] INFO  TXLOGGER  - Summary for 'RpeModel.initialize': Total: 0.384 s, transactions: 1
2017-06-23 16:12:26,802 [ajp-nio-8889-exec-6 | u:admin | i:CAPA/_default/Home e:polarion_client9_iw_1] INFO  TXLOGGER  - Tx 573522ef324a8_0_573522ef324a8_0_: finished. Total: 0.169 s, Velocity: 0.0144 s [100% evaluate (1x)] (1x), svn: 0.0106 s [100% info (1x)] (2x)
2017-06-23 16:12:26,802 [ajp-nio-8889-exec-2 | u:admin | i:CAPA/_default/Home e:polarion_client5_iw_1] INFO  TXLOGGER  - Tx 573522ef34cab_0_573522ef34cab_0_: finished. Total: 0.159 s, svn: 0.0237 s [100% info (1x)] (2x), Velocity: 0.016 s [100% evaluate (1x)] (1x)
2017-06-23 16:12:26,802 [ajp-nio-8889-exec-6 | u:admin] INFO  TXLOGGER  - Summary for 'RenderingRequest.initialize': Total: 0.17 s, transactions: 1, Velocity: 0.0144 s [100% evaluate (1x)] (1x), svn: 0.0106 s [100% info (1x)] (2x)
2017-06-23 16:12:26,803 [ajp-nio-8889-exec-2 | u:admin] INFO  TXLOGGER  - Summary for 'RenderingRequest.initialize': Total: 0.16 s, transactions: 1, svn: 0.0237 s [100% info (1x)] (2x), Velocity: 0.016 s [100% evaluate (1x)] (1x)
2017-06-23 16:12:26,803 [ajp-nio-8889-exec-4 | u:admin | i:CAPA/_default/Home e:polarion_client13_iw_1] INFO  TXLOGGER  - Tx 573522ef35cac_0_573522ef35cac_0_: finished. Total: 0.156 s, svn: 0.0226 s [100% info (1x)] (2x), Velocity: 0.0156 s [100% evaluate (1x)] (1x)
2017-06-23 16:12:26,803 [ajp-nio-8889-exec-4 | u:admin] INFO  TXLOGGER  - Summary for 'RenderingRequest.initialize': Total: 0.156 s, transactions: 1, svn: 0.0226 s [100% info (1x)] (2x), Velocity: 0.0156 s [100% evaluate (1x)] (1x)
2017-06-23 16:12:26,805 [ajp-nio-8889-exec-8 | u:admin | i:CAPA/_default/Home e:polarion_client11] INFO  TXLOGGER  - Tx 573522ef35cad_0_573522ef35cad_0_: finished. Total: 0.157 s, Velocity: 0.0146 s [100% evaluate (1x)] (1x), svn: 0.0122 s [100% info (1x)] (2x)
2017-06-23 16:12:26,805 [ajp-nio-8889-exec-8 | u:admin] INFO  TXLOGGER  - Summary for 'RenderingRequest.initialize': Total: 0.157 s, transactions: 1, Velocity: 0.0146 s [100% evaluate (1x)] (1x), svn: 0.0122 s [100% info (1x)] (2x)
2017-06-23 16:12:26,813 [ajp-nio-8889-exec-1 | u:admin | i:CAPA/_default/Home e:polarion_client16_iw_1] INFO  TXLOGGER  - Tx 573522ef324a9_0_573522ef324a9_0_: finished. Total: 0.179 s, Velocity: 0.0262 s [100% evaluate (1x)] (1x), svn: 0.0113 s [100% info (1x)] (2x)
2017-06-23 16:12:26,813 [ajp-nio-8889-exec-1 | u:admin] INFO  TXLOGGER  - Summary for 'RenderingRequest.initialize': Total: 0.18 s, transactions: 1, Velocity: 0.0262 s [100% evaluate (1x)] (1x), svn: 0.0113 s [100% info (1x)] (2x)
2017-06-23 16:12:27,114 [ajp-nio-8889-exec-3 | u:admin | i:CAPA/_default/Home e:polarion_client1] INFO  TXLOGGER  - Tx 573522ef338aa_0_573522ef338aa_0_: finished. Total: 0.476 s, resolve: 0.235 s [99% WorkItem (13x)] (24x), svn: 0.196 s [34% info (10x), 30% getFile content (7x), 30% getDir2 content (7x)] (31x), permissions: 0.179 s [100% readInstance (25x)] (25x), ObjectMaps: 0.0371 s [52% getLastPromoted (7x), 38% getPrimaryObjectProperty (7x)] (40x)
2017-06-23 16:12:27,115 [ajp-nio-8889-exec-3 | u:admin] INFO  TXLOGGER  - Summary for 'RenderingRequest.initialize': Total: 0.477 s, transactions: 1, resolve: 0.235 s [99% WorkItem (13x)] (24x), svn: 0.196 s [34% info (10x), 30% getFile content (7x), 30% getDir2 content (7x)] (31x), permissions: 0.179 s [100% readInstance (25x)] (25x), ObjectMaps: 0.0371 s [52% getLastPromoted (7x), 38% getPrimaryObjectProperty (7x)] (40x)
2017-06-23 16:12:33,005 [ajp-nio-8889-exec-4] INFO  TXLOGGER  - Summary for 'servlet /polarion/wiki/skins/sidecar/textfield_rename.png': Total: 0.117 s, transactions: 0
2017-06-23 16:12:33,017 [ajp-nio-8889-exec-9] INFO  TXLOGGER  - Summary for 'servlet /polarion/wiki/skins/sidecar/edit_menu.gif': Total: 0.114 s, transactions: 0
2017-06-23 16:12:35,313 [ajp-nio-8889-exec-7 | u:admin] INFO  TXLOGGER  - Tx 573522f6b78b2_0_573522f6b78b2_0_: finished. Total: 0.979 s, svn: 0.757 s [66% info (62x), 21% getFile content (12x)] (85x)
2017-06-23 16:12:35,394 [ajp-nio-8889-exec-7 | u:admin] INFO  TXLOGGER  - Summary for 'RpeWidgetsModel.initialize': Total: 1.06 s, transactions: 1, svn: 0.757 s [66% info (62x), 21% getFile content (12x)] (85x)
2017-06-23 16:12:53,450 [ajp-nio-8889-exec-7 | u:admin | i:CAPA/_default/Home e:polarion_client10] INFO  TXLOGGER  - Tx 573523093c8b9_0_573523093c8b9_0_: finished. Total: 0.152 s, svn: 0.09 s [52% info (6x), 33% getFile content (3x)] (11x), Velocity: 0.0179 s [100% evaluate (2x)] (2x)
2017-06-23 16:12:53,450 [ajp-nio-8889-exec-7 | u:admin] INFO  TXLOGGER  - Summary for 'RenderingRequest.initialize': Total: 0.152 s, transactions: 1, svn: 0.09 s [52% info (6x), 33% getFile content (3x)] (11x), Velocity: 0.0179 s [100% evaluate (2x)] (2x)
2017-06-23 16:12:53,674 [ajp-nio-8889-exec-7 | u:admin | uri:/polarion/icons/default/enums/document_electrical_requirement2.png] INFO  TXLOGGER  - Tx 573523097d8c1_0_573523097d8c1_0_: finished. Total: 0.115 s
2017-06-23 16:12:53,674 [ajp-nio-8889-exec-7] INFO  TXLOGGER  - Summary for 'servlet /polarion/icons/default/enums/document_electrical_requirement2.png': Total: 0.116 s, transactions: 1
2017-06-23 16:13:04,993 [ajp-nio-8889-exec-8 | u:admin | i:CAPA/_default/Home e:polarion_client10] INFO  TXLOGGER  - Tx 57352314728c6_0_57352314728c6_0_: finished. Total: 0.214 s, svn: 0.147 s [45% getDir2 content (3x), 37% info (10x)] (17x), Velocity: 0.126 s [100% evaluate (2x)] (2x)
2017-06-23 16:13:04,993 [ajp-nio-8889-exec-8 | u:admin] INFO  TXLOGGER  - Summary for 'RenderingRequest.initialize': Total: 0.215 s, transactions: 1, svn: 0.147 s [45% getDir2 content (3x), 37% info (10x)] (17x), Velocity: 0.126 s [100% evaluate (2x)] (2x)
2017-06-23 16:13:08,320 [ajp-nio-8889-exec-6 | u:admin | i:CAPA/_default/Home] INFO  TXLOGGER  - Tx 573523170c4c7_0_573523170c4c7_0_: finished. Total: 0.879 s, svn: 0.675 s [95% endActivity (1x)] (10x), Lucene: 0.0998 s [69% refresh (1x), 31% add (1x)] (2x), DB: 0.0479 s [98% update (6x)] (13x), processed revs: [181, 181 (delay 0s)], write: true
2017-06-23 16:13:08,356 [ajp-nio-8889-exec-6 | u:admin] INFO  TXLOGGER  - Summary for 'RpeSaveRequest.persistAndLoad': Total: 0.918 s, transactions: 2, svn: 0.684 s [94% endActivity (1x)] (12x), Lucene: 0.0998 s [69% refresh (1x), 31% add (1x)] (2x), DB: 0.0479 s [98% update (6x)] (13x)
2017-06-23 16:13:08,908 [ajp-nio-8889-exec-10 | u:admin | i:CAPA/_default/Home e:polarion_client10] INFO  TXLOGGER  - Tx 5735231839cd8_0_5735231839cd8_0_: finished. Total: 0.261 s, svn: 0.243 s [46% info (10x), 37% getDir2 content (3x)] (17x), Velocity: 0.0878 s [100% evaluate (2x)] (2x)
2017-06-23 16:13:08,908 [ajp-nio-8889-exec-10 | u:admin] INFO  TXLOGGER  - Summary for 'RenderingRequest.initialize': Total: 0.261 s, transactions: 1, svn: 0.243 s [46% info (10x), 37% getDir2 content (3x)] (17x), Velocity: 0.0878 s [100% evaluate (2x)] (2x)
2017-06-23 16:13:09,383 [ajp-nio-8889-exec-5 | u:admin] INFO  TXLOGGER  - Tx 57352318210d5_0_57352318210d5_0_: finished. Total: 0.835 s, svn: 0.761 s [67% info (62x), 19% getDir2 content (10x)] (85x)
2017-06-23 16:13:09,385 [ajp-nio-8889-exec-5 | u:admin] INFO  TXLOGGER  - Summary for 'RpeWidgetsModel.initialize': Total: 0.837 s, transactions: 1, svn: 0.761 s [67% info (62x), 19% getDir2 content (10x)] (85x)
2017-06-23 16:13:46,089 [ajp-nio-8889-exec-1 | u:admin | i:CAPA/_default/Home e:polarion_client10] INFO  TXLOGGER  - Tx 5735233c798e1_0_5735233c798e1_0_: finished. Total: 0.322 s, svn: 0.3 s [50% getDir2 content (3x), 35% info (10x)] (17x), Velocity: 0.15 s [100% evaluate (2x)] (2x)
2017-06-23 16:13:46,089 [ajp-nio-8889-exec-1 | u:admin] INFO  TXLOGGER  - Summary for 'RenderingRequest.initialize': Total: 0.322 s, transactions: 1, svn: 0.3 s [50% getDir2 content (3x), 35% info (10x)] (17x), Velocity: 0.15 s [100% evaluate (2x)] (2x)
2017-06-23 16:13:46,396 [ajp-nio-8889-exec-7 | u:admin] INFO  TXLOGGER  - Tx 5735233bf28de_0_5735233bf28de_0_: finished. Total: 1.17 s, svn: 1.09 s [79% info (62x), 11% getFile content (12x)] (85x)
2017-06-23 16:13:46,399 [ajp-nio-8889-exec-7 | u:admin] INFO  TXLOGGER  - Summary for 'RpeWidgetsModel.initialize': Total: 1.17 s, transactions: 1, svn: 1.09 s [79% info (62x), 11% getFile content (12x)] (85x)
2017-06-23 16:14:52,402 [ajp-nio-8889-exec-1 | u:admin | i:CAPA/_default/Home e:polarion_client10] INFO  TXLOGGER  - Tx 5735237d624ec_0_5735237d624ec_0_: finished. Total: 0.169 s, svn: 0.15 s [43% getDir2 content (3x), 37% info (10x)] (17x), Velocity: 0.0745 s [100% evaluate (2x)] (2x)
2017-06-23 16:14:52,402 [ajp-nio-8889-exec-1 | u:admin] INFO  TXLOGGER  - Summary for 'RenderingRequest.initialize': Total: 0.169 s, transactions: 1, svn: 0.15 s [43% getDir2 content (3x), 37% info (10x)] (17x), Velocity: 0.0745 s [100% evaluate (2x)] (2x)
2017-06-23 16:14:55,874 [ajp-nio-8889-exec-4 | u:admin | i:CAPA/_default/Home e:polarion_client10] INFO  TXLOGGER  - Tx 57352380c18ee_0_57352380c18ee_0_: finished. Total: 0.187 s, svn: 0.145 s [44% getDir2 content (3x), 37% info (10x)] (17x), Velocity: 0.0982 s [100% evaluate (2x)] (2x)
2017-06-23 16:14:55,874 [ajp-nio-8889-exec-4 | u:admin] INFO  TXLOGGER  - Summary for 'RenderingRequest.initialize': Total: 0.187 s, transactions: 1, svn: 0.145 s [44% getDir2 content (3x), 37% info (10x)] (17x), Velocity: 0.0982 s [100% evaluate (2x)] (2x)
2017-06-23 16:15:03,508 [ajp-nio-8889-exec-6 | u:admin | i:CAPA/_default/Home e:polarion_client10] INFO  TXLOGGER  - Tx 573523883d0f0_0_573523883d0f0_0_: finished. Total: 0.159 s, svn: 0.144 s [44% getDir2 content (3x), 37% info (10x)] (17x), Velocity: 0.0723 s [100% evaluate (2x)] (2x)
2017-06-23 16:15:03,508 [ajp-nio-8889-exec-6 | u:admin] INFO  TXLOGGER  - Summary for 'RenderingRequest.initialize': Total: 0.159 s, transactions: 1, svn: 0.144 s [44% getDir2 content (3x), 37% info (10x)] (17x), Velocity: 0.0723 s [100% evaluate (2x)] (2x)
2017-06-23 16:15:12,218 [ajp-nio-8889-exec-9 | u:admin | i:CAPA/_default/Home e:polarion_client10] INFO  TXLOGGER  - Tx 57352390aa904_0_57352390aa904_0_: finished. Total: 0.24 s, svn: 0.224 s [50% info (10x), 36% getDir2 content (3x)] (17x), Velocity: 0.0844 s [100% evaluate (2x)] (2x)
2017-06-23 16:15:12,219 [ajp-nio-8889-exec-9 | u:admin] INFO  TXLOGGER  - Summary for 'RenderingRequest.initialize': Total: 0.24 s, transactions: 1, svn: 0.224 s [50% info (10x), 36% getDir2 content (3x)] (17x), Velocity: 0.0844 s [100% evaluate (2x)] (2x)
2017-06-23 16:15:18,386 [ajp-nio-8889-exec-1 | u:admin | i:CAPA/_default/Home e:polarion_client10] INFO  TXLOGGER  - Tx 57352396aed0f_0_57352396aed0f_0_: finished. Total: 0.246 s, svn: 0.223 s [41% info (10x), 37% getDir2 content (3x), 23% getFile content (3x)] (17x), Velocity: 0.0892 s [100% evaluate (2x)] (2x)
2017-06-23 16:15:18,386 [ajp-nio-8889-exec-1 | u:admin] INFO  TXLOGGER  - Summary for 'RenderingRequest.initialize': Total: 0.247 s, transactions: 1, svn: 0.223 s [41% info (10x), 37% getDir2 content (3x), 23% getFile content (3x)] (17x), Velocity: 0.0892 s [100% evaluate (2x)] (2x)
2017-06-23 16:15:18,660 [ajp-nio-8889-exec-5 | u:admin] INFO  TXLOGGER  - Tx 573523965e10a_0_573523965e10a_0_: finished. Total: 0.844 s, svn: 0.764 s [74% info (62x), 13% getDir2 content (10x)] (85x)
2017-06-23 16:15:18,662 [ajp-nio-8889-exec-5 | u:admin] INFO  TXLOGGER  - Summary for 'RpeWidgetsModel.initialize': Total: 0.845 s, transactions: 1, svn: 0.764 s [74% info (62x), 13% getDir2 content (10x)] (85x)
2017-06-23 16:15:28,610 [ajp-nio-8889-exec-1 | u:admin | i:CAPA/_default/Home e:polarion_client12] INFO  TXLOGGER  - Tx 573523a0cdd17_0_573523a0cdd17_0_: finished. Total: 0.106 s, svn: 0.0933 s [58% info (6x), 31% getFile content (3x)] (11x)
2017-06-23 16:15:28,610 [ajp-nio-8889-exec-1 | u:admin] INFO  TXLOGGER  - Summary for 'RenderingRequest.initialize': Total: 0.106 s, transactions: 1, svn: 0.0933 s [58% info (6x), 31% getFile content (3x)] (11x)
2017-06-23 16:15:42,385 [ajp-nio-8889-exec-3 | u:admin | i:CAPA/_default/Home e:polarion_client12] INFO  TXLOGGER  - Tx 573523ae3511e_0_573523ae3511e_0_: finished. Total: 0.157 s, svn: 0.143 s [44% getDir2 content (3x), 37% info (10x)] (17x), Velocity: 0.0704 s [100% evaluate (2x)] (2x)
2017-06-23 16:15:42,385 [ajp-nio-8889-exec-3 | u:admin] INFO  TXLOGGER  - Summary for 'RenderingRequest.initialize': Total: 0.157 s, transactions: 1, svn: 0.143 s [44% getDir2 content (3x), 37% info (10x)] (17x), Velocity: 0.0704 s [100% evaluate (2x)] (2x)
2017-06-23 16:15:47,034 [ajp-nio-8889-exec-10 | u:admin | i:CAPA/_default/Home e:polarion_client12] INFO  TXLOGGER  - Tx 573523b2bf520_0_573523b2bf520_0_: finished. Total: 0.157 s, svn: 0.143 s [44% getDir2 content (3x), 37% info (10x)] (17x), Velocity: 0.0717 s [100% evaluate (2x)] (2x)
2017-06-23 16:15:47,034 [ajp-nio-8889-exec-10 | u:admin] INFO  TXLOGGER  - Summary for 'RenderingRequest.initialize': Total: 0.157 s, transactions: 1, svn: 0.143 s [44% getDir2 content (3x), 37% info (10x)] (17x), Velocity: 0.0717 s [100% evaluate (2x)] (2x)
2017-06-23 16:15:51,941 [ajp-nio-8889-exec-5 | u:admin | i:CAPA/_default/Home e:polarion_client12] INFO  TXLOGGER  - Tx 573523b787522_0_573523b787522_0_: finished. Total: 0.167 s, svn: 0.153 s [42% getDir2 content (3x), 39% info (10x)] (17x), Velocity: 0.0751 s [100% evaluate (2x)] (2x)
2017-06-23 16:15:51,941 [ajp-nio-8889-exec-5 | u:admin] INFO  TXLOGGER  - Summary for 'RenderingRequest.initialize': Total: 0.168 s, transactions: 1, svn: 0.153 s [42% getDir2 content (3x), 39% info (10x)] (17x), Velocity: 0.0751 s [100% evaluate (2x)] (2x)
2017-06-23 16:15:54,974 [ajp-nio-8889-exec-2 | u:admin | i:CAPA/_default/Home e:polarion_client12] INFO  TXLOGGER  - Tx 573523ba7a524_0_573523ba7a524_0_: finished. Total: 0.181 s, svn: 0.168 s [42% info (10x), 42% getDir2 content (3x)] (17x), Velocity: 0.0716 s [100% evaluate (2x)] (2x)
2017-06-23 16:15:54,974 [ajp-nio-8889-exec-2 | u:admin] INFO  TXLOGGER  - Summary for 'RenderingRequest.initialize': Total: 0.181 s, transactions: 1, svn: 0.168 s [42% info (10x), 42% getDir2 content (3x)] (17x), Velocity: 0.0716 s [100% evaluate (2x)] (2x)
2017-06-23 16:16:01,268 [ajp-nio-8889-exec-4 | u:admin | i:CAPA/_default/Home e:polarion_client12] INFO  TXLOGGER  - Tx 573523c09f526_0_573523c09f526_0_: finished. Total: 0.183 s, svn: 0.151 s [41% getDir2 content (3x), 37% info (10x), 22% getFile content (3x)] (17x), Velocity: 0.0706 s [100% evaluate (2x)] (2x)
2017-06-23 16:16:01,268 [ajp-nio-8889-exec-4 | u:admin] INFO  TXLOGGER  - Summary for 'RenderingRequest.initialize': Total: 0.183 s, transactions: 1, svn: 0.151 s [41% getDir2 content (3x), 37% info (10x), 22% getFile content (3x)] (17x), Velocity: 0.0706 s [100% evaluate (2x)] (2x)
2017-06-23 16:16:05,914 [ajp-nio-8889-exec-9 | u:admin] INFO  TXLOGGER  - Tx 573523c52252b_0_573523c52252b_0_: finished. Total: 0.208 s, permissions: 0.2 s [100% readInstance (9x)] (9x), resolve: 0.199 s [100% WorkItem (9x)] (9x), svn: 0.148 s [36% getFile content (7x), 32% getDir2 content (7x), 31% info (7x)] (23x), derivedLinkedRevisionsContributor: 0.0182 s [100% fields (7x)] (7x), Lucene: 0.0155 s [100% search (8x)] (8x)
2017-06-23 16:16:05,916 [ajp-nio-8889-exec-9 | u:admin] INFO  TXLOGGER  - Summary for 'WorkItemDataService.queryForTable': Total: 0.211 s, transactions: 1, permissions: 0.2 s [100% readInstance (9x)] (9x), resolve: 0.199 s [100% WorkItem (9x)] (9x), svn: 0.148 s [36% getFile content (7x), 32% getDir2 content (7x), 31% info (7x)] (23x), derivedLinkedRevisionsContributor: 0.0182 s [100% fields (7x)] (7x), Lucene: 0.0155 s [100% search (8x)] (8x)
2017-06-23 16:16:06,637 [ajp-nio-8889-exec-2 | u:admin] INFO  TXLOGGER  - Summary for 'WorkItemDataService.loadInstances': Total: 0.108 s, transactions: 1, RepositoryConfigService: 0.0107 s [100% getReadConfiguration (193x)] (202x)
2017-06-23 16:16:06,747 [ajp-nio-8889-exec-1 | u:admin] INFO  TXLOGGER  - Tx 573523c5f212d_0_573523c5f212d_0_: finished. Total: 0.21 s, RepositoryConfigService: 0.0413 s [100% getReadConfiguration (224x)] (246x), svn: 0.0239 s [100% getFile content (4x)] (5x), Lucene: 0.0234 s [100% search (5x)] (5x)
2017-06-23 16:16:06,782 [ajp-nio-8889-exec-1 | u:admin] INFO  TXLOGGER  - Summary for 'WorkItemDataService.loadWorkitem': Total: 0.248 s, transactions: 1, RepositoryConfigService: 0.0413 s [100% getReadConfiguration (224x)] (246x), svn: 0.0239 s [100% getFile content (4x)] (5x), Lucene: 0.0234 s [100% search (5x)] (5x)
2017-06-23 16:16:07,406 [ajp-nio-8889-exec-3 | u:admin] INFO  TXLOGGER  - Tx 573523c6ac931_0_573523c6ac931_0_: finished. Total: 0.123 s, RepositoryConfigService: 0.0745 s [86% getReadConfiguration (236x)] (252x), svn: 0.0317 s [69% getFile content (4x), 31% info (2x)] (7x)
2017-06-23 16:16:07,428 [ajp-nio-8889-exec-3 | u:admin] INFO  TXLOGGER  - Summary for 'WorkItemDataService.loadWorkitem': Total: 0.145 s, transactions: 1, RepositoryConfigService: 0.0745 s [86% getReadConfiguration (236x)] (252x), svn: 0.0317 s [69% getFile content (4x), 31% info (2x)] (7x)
2017-06-23 16:19:36,887 [ajp-nio-8889-exec-4] INFO  TXLOGGER  - Summary for 'servlet /polarion/wiki/bin/view/project/CAPA/page/?service=Overview': Total: 0.366 s, transactions: 1, Velocity: 0.259 s [100% evaluate in Wiki (1x)] (1x), svn: 0.0269 s [68% info (5x), 18% getDir2 content (1x)] (8x)
2017-06-23 16:19:37,133 [ajp-nio-8889-exec-10] INFO  TXLOGGER  - Summary for 'servlet /polarion/wiki/skins/sidecar/create_artifact.png?buildNumber=20170314-0722': Total: 0.216 s, transactions: 0
2017-06-23 16:19:37,133 [ajp-nio-8889-exec-1] INFO  TXLOGGER  - Summary for 'servlet /polarion/wiki/skins/sidecar//images/space.png?buildNumber=20170314-0722': Total: 0.216 s, transactions: 0
2017-06-23 16:19:37,134 [ajp-nio-8889-exec-6] INFO  TXLOGGER  - Summary for 'servlet /polarion/wiki/skins/sidecar/create_artifact.png': Total: 0.217 s, transactions: 0
2017-06-23 16:19:38,991 [ajp-nio-8889-exec-10 | u:admin | i:CAPA/_default/Home e:polarion_client10] INFO  TXLOGGER  - Tx 5735249536d36_0_5735249536d36_0_: finished. Total: 0.212 s, svn: 0.198 s [49% info (10x), 37% getDir2 content (3x)] (17x), Velocity: 0.0824 s [100% evaluate (2x)] (2x)
2017-06-23 16:19:38,991 [ajp-nio-8889-exec-10 | u:admin] INFO  TXLOGGER  - Summary for 'RenderingRequest.initialize': Total: 0.213 s, transactions: 1, svn: 0.198 s [49% info (10x), 37% getDir2 content (3x)] (17x), Velocity: 0.0824 s [100% evaluate (2x)] (2x)
2017-06-23 16:19:43,574 [ajp-nio-8889-exec-10 | u:admin | i:CAPA/_default/Home e:polarion_client10] INFO  TXLOGGER  - Tx 573524999a540_0_573524999a540_0_: finished. Total: 0.301 s, svn: 0.271 s [40% getDir2 content (3x), 38% info (10x), 22% getFile content (3x)] (17x), Velocity: 0.116 s [100% evaluate (2x)] (2x)
2017-06-23 16:19:43,574 [ajp-nio-8889-exec-10 | u:admin] INFO  TXLOGGER  - Summary for 'RenderingRequest.initialize': Total: 0.301 s, transactions: 1, svn: 0.271 s [40% getDir2 content (3x), 38% info (10x), 22% getFile content (3x)] (17x), Velocity: 0.116 s [100% evaluate (2x)] (2x)
2017-06-23 16:19:43,877 [ajp-nio-8889-exec-2 | u:admin] INFO  TXLOGGER  - Tx 573524991d93c_0_573524991d93c_0_: finished. Total: 1.1 s, svn: 1.02 s [80% info (62x), 10% getDir2 content (10x)] (85x)
2017-06-23 16:19:43,878 [ajp-nio-8889-exec-2 | u:admin] INFO  TXLOGGER  - Summary for 'RpeWidgetsModel.initialize': Total: 1.1 s, transactions: 1, svn: 1.02 s [80% info (62x), 10% getDir2 content (10x)] (85x)
2017-06-23 16:19:53,296 [ajp-nio-8889-exec-10 | u:admin | i:CAPA/_default/Home e:polarion_client10] INFO  TXLOGGER  - Tx 573524a33cd4b_0_573524a33cd4b_0_: finished. Total: 0.158 s, svn: 0.144 s [44% getDir2 content (3x), 37% info (10x)] (17x), Velocity: 0.0725 s [100% evaluate (2x)] (2x)
2017-06-23 16:19:53,297 [ajp-nio-8889-exec-10 | u:admin] INFO  TXLOGGER  - Summary for 'RenderingRequest.initialize': Total: 0.158 s, transactions: 1, svn: 0.144 s [44% getDir2 content (3x), 37% info (10x)] (17x), Velocity: 0.0725 s [100% evaluate (2x)] (2x)
2017-06-23 16:20:01,387 [ajp-nio-8889-exec-5 | u:admin | i:CAPA/_default/Home e:polarion_client10] INFO  TXLOGGER  - Tx 573524ab21d4d_0_573524ab21d4d_0_: finished. Total: 0.163 s, svn: 0.141 s [44% getDir2 content (3x), 37% info (10x)] (17x), Velocity: 0.0797 s [100% evaluate (2x)] (2x)
2017-06-23 16:20:01,387 [ajp-nio-8889-exec-5 | u:admin] INFO  TXLOGGER  - Summary for 'RenderingRequest.initialize': Total: 0.164 s, transactions: 1, svn: 0.141 s [44% getDir2 content (3x), 37% info (10x)] (17x), Velocity: 0.0797 s [100% evaluate (2x)] (2x)
2017-06-23 16:35:44,043 [PullingJob-default] INFO  TXLOGGER  - Summary for 'PullingJob': Total: 0.117 s, transactions: 0, svn: 0.116 s [99% log2 (1x)] (2x), processed revs: [182]
2017-06-23 16:35:45,199 [Persistence Events Processing Thread | u:p] INFO  TXLOGGER  - Tx 57352843e6d52_0_57352843e6d52_0_: finished. Total: 1.11 s, Lucene: 1.1 s [100% add (1x)] (2x)
2017-06-23 16:35:45,235 [Persistence Events Processing Thread | u:p] INFO  TXLOGGER  - Summary: Total: 1.15 s, transactions: 6, persistence listener: 1.15 s [100% RevisionActivityCreator (2x)] (7x), Lucene: 1.13 s [100% add (2x)] (3x)
2017-06-23 16:36:10,301 [ajp-nio-8889-exec-2 | u:admin] INFO  TXLOGGER  - Summary for 'PortalDataService.saveUICustomizationData': Total: 0.852 s, transactions: 0
2017-06-23 16:36:12,148 [ajp-nio-8889-exec-4 | u:admin | i:CAPA/_default/Home e:polarion_client10] INFO  TXLOGGER  - Tx 5735285f16561_0_5735285f16561_0_: finished. Total: 0.22 s, svn: 0.204 s [44% info (10x), 32% getDir2 content (3x), 24% getFile content (3x)] (17x), Velocity: 0.0756 s [100% evaluate (2x)] (2x)
2017-06-23 16:36:12,148 [ajp-nio-8889-exec-4 | u:admin] INFO  TXLOGGER  - Summary for 'RenderingRequest.initialize': Total: 0.22 s, transactions: 1, svn: 0.204 s [44% info (10x), 32% getDir2 content (3x), 24% getFile content (3x)] (17x), Velocity: 0.0756 s [100% evaluate (2x)] (2x)
2017-06-23 16:36:15,015 [ajp-nio-8889-exec-10 | u:admin | i:admin e:polarion_client2] INFO  TXLOGGER  - Tx 57352861ed96f_0_57352861ed96f_0_: finished. Total: 0.177 s
2017-06-23 16:36:15,016 [ajp-nio-8889-exec-10 | u:admin] INFO  TXLOGGER  - Summary for 'RenderingRequest.initialize': Total: 0.178 s, transactions: 1
2017-06-23 16:36:33,168 [ajp-nio-8889-exec-4 | u:admin | i:CAPA/_default/Home e:polarion_client10] INFO  TXLOGGER  - Tx 573528739d174_0_573528739d174_0_: finished. Total: 0.219 s, svn: 0.206 s [50% info (10x), 35% getDir2 content (3x)] (17x), Velocity: 0.0768 s [100% evaluate (2x)] (2x)
2017-06-23 16:36:33,168 [ajp-nio-8889-exec-4 | u:admin] INFO  TXLOGGER  - Summary for 'RenderingRequest.initialize': Total: 0.22 s, transactions: 1, svn: 0.206 s [50% info (10x), 35% getDir2 content (3x)] (17x), Velocity: 0.0768 s [100% evaluate (2x)] (2x)
2017-06-23 16:36:39,683 [ajp-nio-8889-exec-4 | u:admin | i:CAPA/_default/Home e:polarion_client10] INFO  TXLOGGER  - Tx 57352879f9d86_0_57352879f9d86_0_: finished. Total: 0.22 s, svn: 0.206 s [51% info (10x), 35% getDir2 content (3x)] (17x), Velocity: 0.0813 s [100% evaluate (2x)] (2x)
2017-06-23 16:36:39,683 [ajp-nio-8889-exec-4 | u:admin] INFO  TXLOGGER  - Summary for 'RenderingRequest.initialize': Total: 0.22 s, transactions: 1, svn: 0.206 s [51% info (10x), 35% getDir2 content (3x)] (17x), Velocity: 0.0813 s [100% evaluate (2x)] (2x)
2017-06-23 16:36:56,358 [ajp-nio-8889-exec-2 | u:admin] INFO  TXLOGGER  - Tx 57352889df595_0_57352889df595_0_: finished. Total: 0.617 s, svn: 0.526 s [50% info (22x), 25% getDir2 content (10x), 25% getFile content (12x)] (45x)
2017-06-23 16:36:56,360 [ajp-nio-8889-exec-2 | u:admin] INFO  TXLOGGER  - Summary for 'RpeWidgetsModel.initialize': Total: 0.619 s, transactions: 1, svn: 0.526 s [50% info (22x), 25% getDir2 content (10x), 25% getFile content (12x)] (45x)
2017-06-23 17:00:00,979 [Worker-0 | u:p] INFO  TXLOGGER  - Summary for 'job: update.plan.refresh.index': Total: 0.785 s, transactions: 0, resolve: 0.597 s [100% WorkItem (15x)] (167x), svn: 0.518 s [35% getDir2 content (17x), 33% info (18x), 32% getFile content (16x)] (52x), Lucene: 0.0812 s [85% refresh (1x)] (17x), DB: 0.0586 s [88% update (181x)] (220x)
2017-06-23 17:00:01,007 [Worker-1 | u:p] INFO  TXLOGGER  - Summary for 'job: update.plan': Total: 0.936 s, transactions: 0
2017-06-23 17:35:41,111 [PullingJob-default] INFO  TXLOGGER  - Summary for 'PullingJob': Total: 0.124 s, transactions: 0, svn: 0.124 s [99% log2 (1x)] (2x), processed revs: [183]
2017-06-23 17:35:56,696 [ajp-nio-8889-exec-6 | u:admin | i:CAPA/_default/Home e:polarion_client10] INFO  TXLOGGER  - Tx 5735360b959a8_0_5735360b959a8_0_: finished. Total: 0.257 s, svn: 0.244 s [43% info (10x), 41% getDir2 content (3x)] (17x), Velocity: 0.0932 s [100% evaluate (2x)] (2x)
2017-06-23 17:35:56,696 [ajp-nio-8889-exec-6 | u:admin] INFO  TXLOGGER  - Summary for 'RenderingRequest.initialize': Total: 0.258 s, transactions: 1, svn: 0.244 s [43% info (10x), 41% getDir2 content (3x)] (17x), Velocity: 0.0932 s [100% evaluate (2x)] (2x)
2017-06-23 17:36:01,272 [ajp-nio-8889-exec-6 | u:admin | i:CAPA/_default/Home e:polarion_client10] INFO  TXLOGGER  - Tx 5735360ffd5b0_0_5735360ffd5b0_0_: finished. Total: 0.323 s, svn: 0.279 s [44% getDir2 content (3x), 37% info (10x)] (17x), Velocity: 0.116 s [100% evaluate (2x)] (2x)
2017-06-23 17:36:01,272 [ajp-nio-8889-exec-6 | u:admin] INFO  TXLOGGER  - Summary for 'RenderingRequest.initialize': Total: 0.323 s, transactions: 1, svn: 0.279 s [44% getDir2 content (3x), 37% info (10x)] (17x), Velocity: 0.116 s [100% evaluate (2x)] (2x)
2017-06-23 17:36:01,569 [ajp-nio-8889-exec-2 | u:admin] INFO  TXLOGGER  - Tx 5735360f9d1ae_0_5735360f9d1ae_0_: finished. Total: 1 s, svn: 0.941 s [75% info (62x), 13% getDir2 content (10x)] (85x)
2017-06-23 17:36:01,571 [ajp-nio-8889-exec-2 | u:admin] INFO  TXLOGGER  - Summary for 'RpeWidgetsModel.initialize': Total: 1.01 s, transactions: 1, svn: 0.941 s [75% info (62x), 13% getDir2 content (10x)] (85x)
2017-06-23 17:36:07,080 [ajp-nio-8889-exec-5 | u:admin] INFO  TXLOGGER  - Tx 57353615b65bb_0_57353615b65bb_0_: finished. Total: 0.271 s, svn: 0.0844 s [85% info (6x)] (8x)
2017-06-23 17:36:07,080 [ajp-nio-8889-exec-5 | u:admin] INFO  TXLOGGER  - Summary for 'RpeParameterDependenciesRequest.initialize': Total: 0.272 s, transactions: 1, svn: 0.0844 s [85% info (6x)] (8x)
2017-06-23 17:36:07,082 [ajp-nio-8889-exec-10 | u:admin | i:CAPA/_default/Home e:polarion_client12] INFO  TXLOGGER  - Tx 57353615a91b6_0_57353615a91b6_0_: finished. Total: 0.327 s, svn: 0.298 s [74% getFile content (3x), 21% info (6x)] (11x)
2017-06-23 17:36:07,082 [ajp-nio-8889-exec-10 | u:admin] INFO  TXLOGGER  - Summary for 'RenderingRequest.initialize': Total: 0.327 s, transactions: 1, svn: 0.298 s [74% getFile content (3x), 21% info (6x)] (11x)
2017-06-23 17:36:13,894 [ajp-nio-8889-exec-2 | u:admin | i:CAPA/_default/Home e:polarion_client12] INFO  TXLOGGER  - Tx 5735361c72dbd_0_5735361c72dbd_0_: finished. Total: 0.187 s, svn: 0.156 s [41% getDir2 content (3x), 37% info (10x), 22% getFile content (3x)] (17x), Velocity: 0.0877 s [100% evaluate (2x)] (2x)
2017-06-23 17:36:13,894 [ajp-nio-8889-exec-2 | u:admin] INFO  TXLOGGER  - Summary for 'RenderingRequest.initialize': Total: 0.187 s, transactions: 1, svn: 0.156 s [41% getDir2 content (3x), 37% info (10x), 22% getFile content (3x)] (17x), Velocity: 0.0877 s [100% evaluate (2x)] (2x)
2017-06-23 17:36:17,633 [ajp-nio-8889-exec-1 | u:admin | i:CAPA/_default/Home e:polarion_client12] INFO  TXLOGGER  - Tx 573536201ddbf_0_573536201ddbf_0_: finished. Total: 0.17 s, svn: 0.15 s [42% getDir2 content (3x), 38% info (10x), 20% getFile content (3x)] (17x), Velocity: 0.0774 s [100% evaluate (2x)] (2x)
2017-06-23 17:36:17,633 [ajp-nio-8889-exec-1 | u:admin] INFO  TXLOGGER  - Summary for 'RenderingRequest.initialize': Total: 0.17 s, transactions: 1, svn: 0.15 s [42% getDir2 content (3x), 38% info (10x), 20% getFile content (3x)] (17x), Velocity: 0.0774 s [100% evaluate (2x)] (2x)
2017-06-23 17:36:39,821 [ajp-nio-8889-exec-4 | u:admin | i:CAPA/_default/Home e:polarion_client15] INFO  TXLOGGER  - Tx 57353635cc9c0_0_57353635cc9c0_0_: finished. Total: 0.156 s, svn: 0.13 s [62% info (6x), 26% getFile content (3x)] (11x)
2017-06-23 17:36:39,821 [ajp-nio-8889-exec-4 | u:admin] INFO  TXLOGGER  - Summary for 'RenderingRequest.initialize': Total: 0.156 s, transactions: 1, svn: 0.13 s [62% info (6x), 26% getFile content (3x)] (11x)
2017-06-23 17:36:45,174 [ajp-nio-8889-exec-1 | u:admin | i:CAPA/_default/Home e:polarion_client15] INFO  TXLOGGER  - Tx 5735363af89c7_0_5735363af89c7_0_: finished. Total: 0.212 s, svn: 0.169 s [41% getDir2 content (3x), 39% info (10x), 20% getFile content (3x)] (17x), Velocity: 0.0733 s [100% evaluate (2x)] (2x)
2017-06-23 17:36:45,174 [ajp-nio-8889-exec-1 | u:admin] INFO  TXLOGGER  - Summary for 'RenderingRequest.initialize': Total: 0.212 s, transactions: 1, svn: 0.169 s [41% getDir2 content (3x), 39% info (10x), 20% getFile content (3x)] (17x), Velocity: 0.0733 s [100% evaluate (2x)] (2x)
2017-06-23 17:36:49,075 [ajp-nio-8889-exec-3 | u:admin | i:CAPA/_default/Home e:polarion_client15] INFO  TXLOGGER  - Tx 5735363ecc5c9_0_5735363ecc5c9_0_: finished. Total: 0.194 s, svn: 0.158 s [40% getDir2 content (3x), 37% info (10x), 23% getFile content (3x)] (17x), Velocity: 0.0947 s [100% evaluate (2x)] (2x)
2017-06-23 17:36:49,075 [ajp-nio-8889-exec-3 | u:admin] INFO  TXLOGGER  - Summary for 'RenderingRequest.initialize': Total: 0.194 s, transactions: 1, svn: 0.158 s [40% getDir2 content (3x), 37% info (10x), 23% getFile content (3x)] (17x), Velocity: 0.0947 s [100% evaluate (2x)] (2x)
2017-06-23 17:37:05,202 [ajp-nio-8889-exec-8 | u:admin | i:CAPA/_default/Home e:polarion_client15] INFO  TXLOGGER  - Tx 5735364e931cc_0_5735364e931cc_0_: finished. Total: 0.166 s, svn: 0.152 s [42% getDir2 content (3x), 38% info (10x)] (17x), Velocity: 0.0718 s [100% evaluate (2x)] (2x)
2017-06-23 17:37:05,203 [ajp-nio-8889-exec-8 | u:admin] INFO  TXLOGGER  - Summary for 'RenderingRequest.initialize': Total: 0.167 s, transactions: 1, svn: 0.152 s [42% getDir2 content (3x), 38% info (10x)] (17x), Velocity: 0.0718 s [100% evaluate (2x)] (2x)
2017-06-23 17:37:12,636 [ajp-nio-8889-exec-2 | u:admin | i:CAPA/_default/Home e:polarion_client18] INFO  TXLOGGER  - Tx 57353655dd9cd_0_57353655dd9cd_0_: finished. Total: 0.135 s, svn: 0.0981 s [54% info (6x), 33% getFile content (3x)] (11x)
2017-06-23 17:37:12,637 [ajp-nio-8889-exec-2 | u:admin] INFO  TXLOGGER  - Summary for 'RenderingRequest.initialize': Total: 0.135 s, transactions: 1, svn: 0.0981 s [54% info (6x), 33% getFile content (3x)] (11x)
2017-06-23 17:37:37,020 [ajp-nio-8889-exec-4 | u:admin | i:CAPA/_default/Home e:polarion_client18] INFO  TXLOGGER  - Tx 5735366da45d5_0_5735366da45d5_0_: finished. Total: 0.172 s, svn: 0.152 s [42% getDir2 content (3x), 38% info (10x), 20% getFile content (3x)] (17x), Velocity: 0.0777 s [100% evaluate (2x)] (2x)
2017-06-23 17:37:37,020 [ajp-nio-8889-exec-4 | u:admin] INFO  TXLOGGER  - Summary for 'RenderingRequest.initialize': Total: 0.172 s, transactions: 1, svn: 0.152 s [42% getDir2 content (3x), 38% info (10x), 20% getFile content (3x)] (17x), Velocity: 0.0777 s [100% evaluate (2x)] (2x)
2017-06-23 17:37:46,184 [ajp-nio-8889-exec-1 | u:admin | i:CAPA/_default/Home e:polarion_client20] INFO  TXLOGGER  - Tx 57353676a51d6_0_57353676a51d6_0_: finished. Total: 0.115 s, svn: 0.102 s [56% info (6x), 32% getFile content (3x)] (11x)
2017-06-23 17:37:46,184 [ajp-nio-8889-exec-1 | u:admin] INFO  TXLOGGER  - Summary for 'RenderingRequest.initialize': Total: 0.115 s, transactions: 1, svn: 0.102 s [56% info (6x), 32% getFile content (3x)] (11x)
2017-06-23 17:37:56,704 [ajp-nio-8889-exec-7 | u:admin | i:CAPA/_default/Home e:polarion_client20] INFO  TXLOGGER  - Tx 57353680dedde_0_57353680dedde_0_: finished. Total: 0.164 s, svn: 0.152 s [42% getDir2 content (3x), 38% info (10x), 20% getFile content (3x)] (17x), Velocity: 0.0703 s [100% evaluate (2x)] (2x)
2017-06-23 17:37:56,704 [ajp-nio-8889-exec-7 | u:admin] INFO  TXLOGGER  - Summary for 'RenderingRequest.initialize': Total: 0.165 s, transactions: 1, svn: 0.152 s [42% getDir2 content (3x), 38% info (10x), 20% getFile content (3x)] (17x), Velocity: 0.0703 s [100% evaluate (2x)] (2x)
2017-06-23 17:38:51,539 [ajp-nio-8889-exec-2 | u:admin | i:CAPA/_default/Home] INFO  TXLOGGER  - Tx 573536b6029e1_0_573536b6029e1_0_: finished. Total: 0.585 s, svn: 0.477 s [93% endActivity (1x)] (10x), Lucene: 0.0524 s [63% refresh (1x), 37% add (1x)] (2x), processed revs: [184, 184 (delay 0s)], write: true
2017-06-23 17:38:51,567 [ajp-nio-8889-exec-2 | u:admin] INFO  TXLOGGER  - Summary for 'RpeSaveRequest.persistAndLoad': Total: 0.613 s, transactions: 2, svn: 0.485 s [91% endActivity (1x)] (12x), Lucene: 0.0524 s [63% refresh (1x), 37% add (1x)] (2x), ObjectMaps: 0.0311 s [21% setLastProcessedRevision (7x), 15% getLastPromoted (4x), 13% addLocation (1x), 13% getPrimaryObjectLocations (2x), 12% saveIfNeeded (9x), 10% getLocalIdsForLocation (3x)] (35x)
2017-06-23 17:38:52,128 [ajp-nio-8889-exec-9 | u:admin | i:CAPA/_default/Home e:polarion_client18] INFO  TXLOGGER  - Tx 573536b6dc9f4_0_573536b6dc9f4_0_: finished. Total: 0.303 s, svn: 0.275 s [46% info (10x), 38% getDir2 content (3x)] (17x), Velocity: 0.122 s [100% evaluate (2x)] (2x)
2017-06-23 17:38:52,129 [ajp-nio-8889-exec-9 | u:admin] INFO  TXLOGGER  - Summary for 'RenderingRequest.initialize': Total: 0.304 s, transactions: 1, svn: 0.275 s [46% info (10x), 38% getDir2 content (3x)] (17x), Velocity: 0.122 s [100% evaluate (2x)] (2x)
2017-06-23 17:38:52,145 [ajp-nio-8889-exec-4 | u:admin | i:CAPA/_default/Home e:polarion_client12] INFO  TXLOGGER  - Tx 573536b6dadf3_0_573536b6dadf3_0_: finished. Total: 0.327 s, svn: 0.292 s [46% info (10x), 39% getDir2 content (3x)] (17x), Velocity: 0.139 s [100% evaluate (2x)] (2x)
2017-06-23 17:38:52,146 [ajp-nio-8889-exec-4 | u:admin] INFO  TXLOGGER  - Summary for 'RenderingRequest.initialize': Total: 0.327 s, transactions: 1, svn: 0.292 s [46% info (10x), 39% getDir2 content (3x)] (17x), Velocity: 0.139 s [100% evaluate (2x)] (2x)
2017-06-23 17:38:52,160 [ajp-nio-8889-exec-7 | u:admin | i:CAPA/_default/Home e:polarion_client15] INFO  TXLOGGER  - Tx 573536b6da9f2_0_573536b6da9f2_0_: finished. Total: 0.343 s, svn: 0.299 s [41% getDir2 content (3x), 39% info (10x)] (17x), Velocity: 0.155 s [100% evaluate (2x)] (2x)
2017-06-23 17:38:52,160 [ajp-nio-8889-exec-7 | u:admin] INFO  TXLOGGER  - Summary for 'RenderingRequest.initialize': Total: 0.343 s, transactions: 1, svn: 0.299 s [41% getDir2 content (3x), 39% info (10x)] (17x), Velocity: 0.155 s [100% evaluate (2x)] (2x)
2017-06-23 17:38:52,290 [ajp-nio-8889-exec-10 | u:admin | i:CAPA/_default/Home e:polarion_client20] INFO  TXLOGGER  - Tx 573536b70a1f5_0_573536b70a1f5_0_: finished. Total: 0.282 s, svn: 0.242 s [39% info (10x), 32% getDir2 content (3x), 29% getFile content (3x)] (17x), Velocity: 0.0878 s [100% evaluate (2x)] (2x)
2017-06-23 17:38:52,290 [ajp-nio-8889-exec-10 | u:admin] INFO  TXLOGGER  - Summary for 'RenderingRequest.initialize': Total: 0.282 s, transactions: 1, svn: 0.242 s [39% info (10x), 32% getDir2 content (3x), 29% getFile content (3x)] (17x), Velocity: 0.0878 s [100% evaluate (2x)] (2x)
2017-06-23 17:38:52,688 [ajp-nio-8889-exec-1 | u:admin] INFO  TXLOGGER  - Tx 573536b6b41ef_0_573536b6b41ef_0_: finished. Total: 1.02 s, svn: 0.978 s [71% info (62x), 16% getDir2 content (10x)] (85x)
2017-06-23 17:38:52,690 [ajp-nio-8889-exec-1 | u:admin] INFO  TXLOGGER  - Summary for 'RpeWidgetsModel.initialize': Total: 1.03 s, transactions: 1, svn: 0.978 s [71% info (62x), 16% getDir2 content (10x)] (85x)
2017-06-23 17:39:07,096 [ajp-nio-8889-exec-8 | u:admin] INFO  TXLOGGER  - Summary for 'UserDataService.getUsers': Total: 0.1 s, transactions: 1, RepositoryConfigService: 0.0668 s [100% getReadUserConfiguration (8x)] (16x), svn: 0.062 s [100% info (8x)] (9x)
2017-06-23 17:39:07,102 [ajp-nio-8889-exec-2 | u:admin] INFO  TXLOGGER  - Tx 573536c5ad203_0_573536c5ad203_0_: finished. Total: 0.105 s, RepositoryConfigService: 0.0748 s [100% getReadUserConfiguration (8x)] (16x), svn: 0.0626 s [100% info (8x)] (9x)
2017-06-23 17:39:07,102 [ajp-nio-8889-exec-2 | u:admin] INFO  TXLOGGER  - Summary for 'UserDataService.getUsers': Total: 0.106 s, transactions: 1, RepositoryConfigService: 0.0748 s [100% getReadUserConfiguration (8x)] (16x), svn: 0.0626 s [100% info (8x)] (9x)
2017-06-23 17:39:07,102 [ajp-nio-8889-exec-6 | u:admin] INFO  TXLOGGER  - Tx 573536c5ad204_0_573536c5ad204_0_: finished. Total: 0.106 s, RepositoryConfigService: 0.0749 s [100% getReadUserConfiguration (8x)] (16x), svn: 0.0544 s [100% info (7x)] (8x)
2017-06-23 17:39:07,102 [ajp-nio-8889-exec-6 | u:admin] INFO  TXLOGGER  - Summary for 'UserDataService.getUsers': Total: 0.107 s, transactions: 1, RepositoryConfigService: 0.0749 s [100% getReadUserConfiguration (8x)] (16x), svn: 0.0544 s [100% info (7x)] (8x)
2017-06-23 17:39:07,671 [ajp-nio-8889-exec-3 | u:admin] INFO  TXLOGGER  - Tx 573536c5e1605_0_573536c5e1605_0_: finished. Total: 0.466 s, svn: 0.206 s [46% info (13x), 29% getFile content (8x), 16% getDir2 content (4x)] (29x), resolve: 0.193 s [63% WorkItem (2x), 37% ModuleAttachment (2x)] (14x), DB: 0.141 s [99% query (2x)] (12x), RepositoryConfigService: 0.0402 s [100% getReadConfiguration (152x)] (166x)
2017-06-23 17:39:07,694 [ajp-nio-8889-exec-3 | u:admin] INFO  TXLOGGER  - Summary for 'UserDataService.loadUser': Total: 0.49 s, transactions: 1, svn: 0.206 s [46% info (13x), 29% getFile content (8x), 16% getDir2 content (4x)] (29x), resolve: 0.193 s [63% WorkItem (2x), 37% ModuleAttachment (2x)] (14x), DB: 0.141 s [99% query (2x)] (12x), RepositoryConfigService: 0.0402 s [100% getReadConfiguration (152x)] (166x)
2017-06-23 17:41:40,780 [ajp-nio-8889-exec-2 | u:admin] INFO  TXLOGGER  - Tx 5735375af0208_0_5735375af0208_0_: finished. Total: 0.94 s, svn: 0.643 s [95% endActivity (1x)] (18x), processed revs: [185, 185 (delay 0s)], write: true
2017-06-23 17:41:40,899 [Persistence Events Processing Thread | u:p] INFO  TXLOGGER  - Tx 5735375bdb209_0_5735375bdb209_0_: finished. Total: 0.119 s, svn: 0.0169 s [93% getFile content (2x)] (4x), resolve: 0.0148 s [100% User (7x)] (7x), RepositoryConfigService: 0.0107 s [100% getReadConfiguration (2x)] (2x)
2017-06-23 17:41:40,905 [Persistence Events Processing Thread | u:p] INFO  TXLOGGER  - Summary: Total: 0.125 s, transactions: 6, persistence listener: 0.124 s [96% notificationsCreatingListener (1x)] (8x), svn: 0.0169 s [93% getFile content (2x)] (4x), resolve: 0.0148 s [100% User (7x)] (7x), RepositoryConfigService: 0.0107 s [100% getReadConfiguration (2x)] (2x)
2017-06-23 17:41:40,909 [ajp-nio-8889-exec-2 | u:admin] INFO  TXLOGGER  - Tx 5735375bdb60a_0_5735375bdb60a_0_: finished. Total: 0.129 s, svn: 0.075 s [54% info (6x), 44% getFile content (4x)] (12x), RepositoryConfigService: 0.0632 s [55% getReadConfiguration (21x), 45% getReadUserConfiguration (1x)] (22x), resolve: 0.0239 s [99% User (2x)] (3x), ObjectMaps: 0.0147 s [60% getPrimaryObjectProperty (1x), 39% getLastPromoted (1x)] (4x)
2017-06-23 17:41:40,910 [ajp-nio-8889-exec-2 | u:admin] INFO  TXLOGGER  - Summary for 'UserDataService.saveUser': Total: 1.07 s, transactions: 2, svn: 0.718 s [85% endActivity (1x)] (30x), RepositoryConfigService: 0.0632 s [55% getReadConfiguration (21x), 45% getReadUserConfiguration (1x)] (22x)
2017-06-23 17:43:55,553 [ajp-nio-8889-exec-5] INFO  TXLOGGER  - Summary for 'servlet /polarion/wiki/bin/view/page/Home': Total: 0.332 s, transactions: 2, Velocity: 0.231 s [100% evaluate in Wiki (1x)] (1x), svn: 0.0252 s [100% info (3x)] (3x)
2017-06-23 17:43:55,744 [ajp-nio-8889-exec-10] INFO  TXLOGGER  - Summary for 'servlet /polarion/wiki/skins/sidecar/classes.css?buildNumber=20170314-0722': Total: 0.18 s, transactions: 0
2017-06-23 17:43:55,783 [ajp-nio-8889-exec-6] INFO  TXLOGGER  - Summary for 'servlet /polarion/wiki/skins/sidecar/chwSkin.css?buildNumber=20170314-0722': Total: 0.216 s, transactions: 0
2017-06-23 17:43:55,784 [ajp-nio-8889-exec-2] INFO  TXLOGGER  - Summary for 'servlet /polarion/wiki/skins/sidecar/xwiki.css?buildNumber=20170314-0722': Total: 0.217 s, transactions: 0
2017-06-23 17:43:55,785 [ajp-nio-8889-exec-3] INFO  TXLOGGER  - Summary for 'servlet /polarion/wiki/skins/sidecar/wiki.css?buildNumber=20170314-0722': Total: 0.214 s, transactions: 0
2017-06-23 17:43:55,786 [ajp-nio-8889-exec-4] INFO  TXLOGGER  - Summary for 'servlet /polarion/wiki/skins/sidecar/elements.css?buildNumber=20170314-0722': Total: 0.221 s, transactions: 0
2017-06-23 17:43:55,791 [ajp-nio-8889-exec-9] INFO  TXLOGGER  - Summary for 'servlet /polarion/wiki/skins/sidecar/page.css?buildNumber=20170314-0722': Total: 0.217 s, transactions: 0
2017-06-23 17:43:55,958 [ajp-nio-8889-exec-8] INFO  TXLOGGER  - Summary for 'servlet /polarion/wiki/skins/sidecar/rss.css?buildNumber=20170314-0722': Total: 0.213 s, transactions: 0
2017-06-23 17:43:55,964 [ajp-nio-8889-exec-1] INFO  TXLOGGER  - Summary for 'servlet /polarion/wiki/skins/sidecar/presentation.css?buildNumber=20170314-0722': Total: 0.179 s, transactions: 0
2017-06-23 17:43:55,966 [ajp-nio-8889-exec-2] INFO  TXLOGGER  - Summary for 'servlet /polarion/wiki/skins/sidecar/screenlayout.css?buildNumber=20170314-0722': Total: 0.182 s, transactions: 0
2017-06-23 17:43:55,968 [ajp-nio-8889-exec-5] INFO  TXLOGGER  - Summary for 'servlet /polarion/wiki/skins/sidecar/colorsblue.css?buildNumber=20170314-0722': Total: 0.182 s, transactions: 0
2017-06-23 17:43:55,970 [ajp-nio-8889-exec-10] INFO  TXLOGGER  - Summary for 'servlet /polarion/wiki/skins/sidecar/ie.css?buildNumber=20170314-0722': Total: 0.183 s, transactions: 0
2017-06-23 17:43:55,971 [ajp-nio-8889-exec-6] INFO  TXLOGGER  - Summary for 'servlet /polarion/wiki/skins/sidecar/processaudit.css?buildNumber=20170314-0722': Total: 0.179 s, transactions: 0
2017-06-23 17:43:56,386 [ajp-nio-8889-exec-8] INFO  TXLOGGER  - Summary for 'servlet /polarion/wiki/skins/sidecar/rico/prototype.js?buildNumber=20170314-0722': Total: 0.408 s, transactions: 0
2017-06-23 17:43:56,410 [ajp-nio-8889-exec-3] INFO  TXLOGGER  - Summary for 'servlet /polarion/wiki/skins/sidecar/skin.js?buildNumber=20170314-0722': Total: 0.432 s, transactions: 0
2017-06-23 17:43:56,411 [ajp-nio-8889-exec-10] INFO  TXLOGGER  - Summary for 'servlet /polarion/wiki/skins/sidecar/browserdetect.js?buildNumber=20170314-0722': Total: 0.43 s, transactions: 0
2017-06-23 17:43:56,412 [ajp-nio-8889-exec-2] INFO  TXLOGGER  - Summary for 'servlet /polarion/wiki/skins/sidecar/xwiki.js?buildNumber=20170314-0722': Total: 0.432 s, transactions: 0
2017-06-23 17:43:56,573 [ajp-nio-8889-exec-6] INFO  TXLOGGER  - Summary for 'servlet /polarion/wiki/skins/sidecar/rico/src/rico.js?buildNumber=20170314-0722': Total: 0.188 s, transactions: 0
2017-06-23 17:43:56,573 [ajp-nio-8889-exec-5] INFO  TXLOGGER  - Summary for 'servlet /polarion/wiki/skins/sidecar/scriptaculous/scriptaculous.js?buildNumber=20170314-0722': Total: 0.183 s, transactions: 0
2017-06-23 17:43:56,575 [ajp-nio-8889-exec-4] INFO  TXLOGGER  - Summary for 'servlet /polarion/wiki/skins/sidecar/chwScripts.js?buildNumber=20170314-0722': Total: 0.19 s, transactions: 0
2017-06-23 17:43:56,582 [ajp-nio-8889-exec-10] INFO  TXLOGGER  - Summary for 'servlet /polarion/wiki/skins/sidecar/scriptaculous/effects.js?buildNumber=20170314-0722': Total: 0.171 s, transactions: 0
2017-06-23 17:43:56,583 [ajp-nio-8889-exec-7] INFO  TXLOGGER  - Summary for 'servlet /polarion/wiki/skins/sidecar/scriptaculous/dragdrop.js?buildNumber=20170314-0722': Total: 0.171 s, transactions: 0
2017-06-23 17:43:56,756 [ajp-nio-8889-exec-3] INFO  TXLOGGER  - Summary for 'servlet /polarion/wiki/skins/sidecar/popup_close.gif?buildNumber=20170314-0722': Total: 0.18 s, transactions: 0
2017-06-23 17:43:56,756 [ajp-nio-8889-exec-9] INFO  TXLOGGER  - Summary for 'servlet /polarion/wiki/skins/sidecar/progress.gif?buildNumber=20170314-0722': Total: 0.178 s, transactions: 0
2017-06-23 17:43:56,757 [ajp-nio-8889-exec-8] INFO  TXLOGGER  - Summary for 'servlet /polarion/wiki/skins/sidecar/pop_minimize.gif?buildNumber=20170314-0722': Total: 0.181 s, transactions: 0
2017-06-23 17:43:56,761 [ajp-nio-8889-exec-6] INFO  TXLOGGER  - Summary for 'servlet /polarion/wiki/skins/sidecar/spacer.gif?buildNumber=20170314-0722': Total: 0.168 s, transactions: 0
2017-06-23 17:43:56,763 [ajp-nio-8889-exec-5] INFO  TXLOGGER  - Summary for 'servlet /polarion/wiki/skins/sidecar/scriptaculous/builder.js': Total: 0.167 s, transactions: 0
2017-06-23 17:43:56,765 [ajp-nio-8889-exec-2] INFO  TXLOGGER  - Summary for 'servlet /polarion/wiki/skins/sidecar/edit_menu.gif?buildNumber=20170314-0722': Total: 0.18 s, transactions: 0
2017-06-23 17:43:56,983 [ajp-nio-8889-exec-10] INFO  TXLOGGER  - Summary for 'servlet /polarion/wiki/skins/sidecar/scriptaculous/dragdrop.js': Total: 0.225 s, transactions: 0
2017-06-23 17:43:56,983 [ajp-nio-8889-exec-4] INFO  TXLOGGER  - Summary for 'servlet /polarion/wiki/skins/sidecar/scriptaculous/effects.js': Total: 0.226 s, transactions: 0
2017-06-23 17:43:56,985 [ajp-nio-8889-exec-9] INFO  TXLOGGER  - Summary for 'servlet /polarion/wiki/skins/sidecar/combo_box_arrow_small.png?buildNumber=20170314-0722': Total: 0.219 s, transactions: 0
2017-06-23 17:43:56,986 [ajp-nio-8889-exec-7] INFO  TXLOGGER  - Summary for 'servlet /polarion/wiki/skins/sidecar/scriptaculous/controls.js': Total: 0.228 s, transactions: 0
2017-06-23 17:43:56,989 [ajp-nio-8889-exec-3] INFO  TXLOGGER  - Summary for 'servlet /polarion/wiki/skins/sidecar/scriptaculous/sound.js': Total: 0.224 s, transactions: 0
2017-06-23 17:43:56,991 [ajp-nio-8889-exec-1] INFO  TXLOGGER  - Summary for 'servlet /polarion/wiki/skins/sidecar/scriptaculous/slider.js': Total: 0.229 s, transactions: 0
2017-06-23 17:43:57,188 [ajp-nio-8889-exec-6] INFO  TXLOGGER  - Summary for 'servlet /polarion/wiki/skins/sidecar/pdf.gif?buildNumber=20170314-0722': Total: 0.203 s, transactions: 0
2017-06-23 17:43:57,207 [ajp-nio-8889-exec-5] INFO  TXLOGGER  - Summary for 'servlet /polarion/wiki/skins/sidecar/print.gif?buildNumber=20170314-0722': Total: 0.219 s, transactions: 0
2017-06-23 17:43:57,227 [ajp-nio-8889-exec-2] INFO  TXLOGGER  - Summary for 'servlet /polarion/wiki/skins/sidecar/textfield_rename.png?buildNumber=20170314-0722': Total: 0.239 s, transactions: 0
2017-06-23 17:43:57,229 [ajp-nio-8889-exec-10] INFO  TXLOGGER  - Summary for 'servlet /polarion/wiki/skins/sidecar/delete.gif?buildNumber=20170314-0722': Total: 0.24 s, transactions: 0
2017-06-23 17:43:57,231 [ajp-nio-8889-exec-4] INFO  TXLOGGER  - Summary for 'servlet /polarion/wiki/skins/sidecar/extract1.gif?buildNumber=20170314-0722': Total: 0.24 s, transactions: 0
2017-06-23 17:43:57,240 [ajp-nio-8889-exec-3] INFO  TXLOGGER  - Summary for 'servlet /polarion/wiki/skins/sidecar/separatorbig.gif?buildNumber=20170314-0722': Total: 0.238 s, transactions: 0
2017-06-23 17:43:57,426 [ajp-nio-8889-exec-9] INFO  TXLOGGER  - Summary for 'servlet /polarion/wiki/skins/sidecar/images/popup_window_title.gif': Total: 0.217 s, transactions: 0
2017-06-23 17:43:57,460 [ajp-nio-8889-exec-8] INFO  TXLOGGER  - Summary for 'servlet /polarion/wiki/bin/download/page/_default/Home/TutorialVideos.png': Total: 0.232 s, transactions: 0, svn: 0.0275 s [100% info (2x)] (2x)
2017-06-23 17:43:57,461 [ajp-nio-8889-exec-7] INFO  TXLOGGER  - Summary for 'servlet /polarion/wiki/bin/download/page/_default/Home/VideoPortal.png': Total: 0.23 s, transactions: 0, svn: 0.0263 s [100% info (2x)] (2x)
2017-06-23 17:43:57,463 [ajp-nio-8889-exec-5] INFO  TXLOGGER  - Summary for 'servlet /polarion/wiki/bin/download/page/_default/Home/CreateNewProject.png': Total: 0.221 s, transactions: 0, svn: 0.0224 s [100% info (2x)] (2x)
2017-06-23 17:43:57,463 [ajp-nio-8889-exec-6] INFO  TXLOGGER  - Summary for 'servlet /polarion/wiki/bin/download/page/_default/Home/VideoLiveDocs.png': Total: 0.23 s, transactions: 0, svn: 0.0283 s [100% info (2x)] (2x)
2017-06-23 17:43:57,844 [ajp-nio-8889-exec-2] INFO  TXLOGGER  - Summary for 'servlet /polarion/wiki/bin/download/page/_default/Home/ProjectDrivePilot.png': Total: 0.417 s, transactions: 0, svn: 0.237 s [100% info (2x)] (2x)
2017-06-23 17:43:57,878 [ajp-nio-8889-exec-6] INFO  TXLOGGER  - Summary for 'servlet /polarion/wiki/bin/download/page/_default/Home/IveGotTime.png': Total: 0.413 s, transactions: 0
2017-06-23 17:43:57,879 [ajp-nio-8889-exec-3] INFO  TXLOGGER  - Summary for 'servlet /polarion/wiki/bin/download/page/_default/Home/WatchAll.png': Total: 0.411 s, transactions: 0
2017-06-23 17:43:57,885 [ajp-nio-8889-exec-10] INFO  TXLOGGER  - Summary for 'servlet /polarion/wiki/bin/download/page/_default/Home/TimeIsShort.png': Total: 0.423 s, transactions: 0, svn: 0.0249 s [100% info (2x)] (2x)
2017-06-23 17:43:57,886 [ajp-nio-8889-exec-4] INFO  TXLOGGER  - Summary for 'servlet /polarion/wiki/bin/download/page/_default/Home/ProjectElibrary.png': Total: 0.424 s, transactions: 0, svn: 0.0242 s [100% info (2x)] (2x)
2017-06-23 17:43:57,903 [ajp-nio-8889-exec-5] INFO  TXLOGGER  - Summary for 'servlet /polarion/wiki/skins/sidecar/rico/src/ricoCommon.js': Total: 0.36 s, transactions: 0
2017-06-23 17:43:58,011 [ajp-nio-8889-exec-8] INFO  TXLOGGER  - Summary for 'servlet /polarion/wiki/skins/sidecar/style2.css?buildNumber=20170314-0722': Total: 0.13 s, transactions: 0
2017-06-23 17:43:58,012 [ajp-nio-8889-exec-9] INFO  TXLOGGER  - Summary for 'servlet /polarion/wiki/skins/sidecar/style1.css?buildNumber=20170314-0722': Total: 0.133 s, transactions: 0
2017-06-23 17:43:58,013 [ajp-nio-8889-exec-7] INFO  TXLOGGER  - Summary for 'servlet /polarion/wiki/skins/sidecar/style3.css?buildNumber=20170314-0722': Total: 0.126 s, transactions: 0
2017-06-23 17:45:27,189 [ajp-nio-8889-exec-4 | u:shraddha | i:shraddha e:polarion_client2] INFO  TXLOGGER  - Tx 5735383852626_0_5735383852626_0_: finished. Total: 0.653 s, resolve: 0.593 s [100% WorkItem (22x)] (41x), svn: 0.546 s [37% info (18x), 32% getDir2 content (16x), 29% getFile content (14x)] (57x), permissions: 0.381 s [100% readInstance (45x)] (45x)
2017-06-23 17:45:27,190 [ajp-nio-8889-exec-4 | u:shraddha] INFO  TXLOGGER  - Summary for 'RenderingRequest.initialize': Total: 0.653 s, transactions: 1, resolve: 0.593 s [100% WorkItem (22x)] (41x), svn: 0.546 s [37% info (18x), 32% getDir2 content (16x), 29% getFile content (14x)] (57x), permissions: 0.381 s [100% readInstance (45x)] (45x)
2017-06-23 17:45:27,556 [ajp-nio-8889-exec-1] INFO  TXLOGGER  - Summary for 'servlet /polarion/wiki/bin/view/page/Home': Total: 0.232 s, transactions: 2, Velocity: 0.115 s [100% evaluate in Wiki (1x)] (1x), svn: 0.0255 s [100% info (3x)] (3x)
2017-06-23 17:45:27,797 [ajp-nio-8889-exec-3] INFO  TXLOGGER  - Summary for 'servlet /polarion/wiki/bin/download/page/_default/Home/IveGotTime.png': Total: 0.228 s, transactions: 0, svn: 0.0342 s [100% info (2x)] (2x)
2017-06-23 17:45:27,797 [ajp-nio-8889-exec-2] INFO  TXLOGGER  - Summary for 'servlet /polarion/wiki/bin/download/page/_default/Home/ProjectElibrary.png': Total: 0.229 s, transactions: 0, svn: 0.0348 s [100% info (2x)] (2x)
2017-06-23 17:45:27,797 [ajp-nio-8889-exec-7] INFO  TXLOGGER  - Summary for 'servlet /polarion/wiki/bin/download/page/_default/Home/TimeIsShort.png': Total: 0.229 s, transactions: 0, svn: 0.0312 s [100% info (2x)] (2x)
2017-06-23 17:45:27,797 [ajp-nio-8889-exec-4] INFO  TXLOGGER  - Summary for 'servlet /polarion/wiki/bin/download/page/_default/Home/ProjectDrivePilot.png': Total: 0.228 s, transactions: 0, svn: 0.0341 s [100% info (2x)] (2x)
2017-06-23 17:45:27,970 [ajp-nio-8889-exec-5] INFO  TXLOGGER  - Summary for 'servlet /polarion/wiki/bin/download/page/_default/Home/CreateNewProject.png': Total: 0.223 s, transactions: 0, svn: 0.0227 s [100% info (2x)] (2x)
2017-06-23 17:45:27,973 [ajp-nio-8889-exec-10] INFO  TXLOGGER  - Summary for 'servlet /polarion/wiki/bin/download/page/_default/Home/TutorialVideos.png': Total: 0.216 s, transactions: 0, svn: 0.0214 s [100% info (2x)] (2x)
2017-06-23 17:45:27,987 [ajp-nio-8889-exec-9] INFO  TXLOGGER  - Summary for 'servlet /polarion/wiki/bin/download/page/_default/Home/WatchAll.png': Total: 0.188 s, transactions: 0, svn: 0.0205 s [100% info (2x)] (2x)
2017-06-23 17:45:27,987 [ajp-nio-8889-exec-1] INFO  TXLOGGER  - Summary for 'servlet /polarion/wiki/bin/download/page/_default/Home/VideoLiveDocs.png': Total: 0.188 s, transactions: 0, svn: 0.0183 s [100% info (2x)] (2x)
2017-06-23 17:45:27,987 [ajp-nio-8889-exec-8] INFO  TXLOGGER  - Summary for 'servlet /polarion/wiki/bin/download/page/_default/Home/VideoPortal.png': Total: 0.188 s, transactions: 0, svn: 0.0198 s [100% info (2x)] (2x)
2017-06-23 17:45:40,124 [ajp-nio-8889-exec-6] INFO  TXLOGGER  - Summary for 'servlet /polarion/wiki/bin/view/page/Home': Total: 0.249 s, transactions: 2, Velocity: 0.122 s [100% evaluate in Wiki (1x)] (1x), svn: 0.0226 s [100% info (3x)] (3x)
2017-06-23 17:45:40,360 [ajp-nio-8889-exec-7] INFO  TXLOGGER  - Summary for 'servlet /polarion/wiki/bin/download/page/_default/Home/TimeIsShort.png': Total: 0.224 s, transactions: 0, svn: 0.0232 s [100% info (2x)] (2x)
2017-06-23 17:45:40,360 [ajp-nio-8889-exec-10] INFO  TXLOGGER  - Summary for 'servlet /polarion/wiki/bin/download/page/_default/Home/IveGotTime.png': Total: 0.223 s, transactions: 0, svn: 0.0234 s [100% info (2x)] (2x)
2017-06-23 17:45:40,360 [ajp-nio-8889-exec-2] INFO  TXLOGGER  - Summary for 'servlet /polarion/wiki/bin/download/page/_default/Home/ProjectElibrary.png': Total: 0.223 s, transactions: 0, svn: 0.0231 s [100% info (2x)] (2x)
2017-06-23 17:45:40,389 [ajp-nio-8889-exec-3] INFO  TXLOGGER  - Summary for 'servlet /polarion/wiki/bin/download/page/_default/Home/ProjectDrivePilot.png': Total: 0.253 s, transactions: 0, svn: 0.0294 s [100% info (2x)] (2x)
2017-06-23 17:45:40,768 [ajp-nio-8889-exec-8] INFO  TXLOGGER  - Summary for 'servlet /polarion/wiki/bin/download/page/_default/Home/CreateNewProject.png': Total: 0.421 s, transactions: 0
2017-06-23 17:45:40,784 [ajp-nio-8889-exec-6] INFO  TXLOGGER  - Summary for 'servlet /polarion/wiki/bin/download/page/_default/Home/VideoPortal.png': Total: 0.415 s, transactions: 0
2017-06-23 17:45:40,788 [ajp-nio-8889-exec-9] INFO  TXLOGGER  - Summary for 'servlet /polarion/wiki/bin/download/page/_default/Home/TutorialVideos.png': Total: 0.419 s, transactions: 0, svn: 0.0217 s [100% info (2x)] (2x)
2017-06-23 17:45:40,788 [ajp-nio-8889-exec-1] INFO  TXLOGGER  - Summary for 'servlet /polarion/wiki/bin/download/page/_default/Home/VideoLiveDocs.png': Total: 0.419 s, transactions: 0, svn: 0.0219 s [100% info (2x)] (2x)
2017-06-23 17:45:40,788 [ajp-nio-8889-exec-4] INFO  TXLOGGER  - Summary for 'servlet /polarion/wiki/bin/download/page/_default/Home/WatchAll.png': Total: 0.398 s, transactions: 0, svn: 0.0221 s [100% info (2x)] (2x)
2017-06-23 17:45:50,172 [ajp-nio-8889-exec-3 | u:shraddha | i:CAPA/_default/Home e:polarion_client20] INFO  TXLOGGER  - Tx 5735384eabe3f_0_5735384eabe3f_0_: finished. Total: 0.749 s, svn: 0.686 s [72% getDir2 content (3x), 20% info (10x)] (17x), Velocity: 0.574 s [100% evaluate (2x)] (2x)
2017-06-23 17:45:50,172 [ajp-nio-8889-exec-3 | u:shraddha] INFO  TXLOGGER  - Summary for 'RenderingRequest.initialize': Total: 0.75 s, transactions: 1, svn: 0.686 s [72% getDir2 content (3x), 20% info (10x)] (17x), Velocity: 0.574 s [100% evaluate (2x)] (2x)
2017-06-23 17:45:50,175 [ajp-nio-8889-exec-10 | u:shraddha | i:CAPA/_default/Home e:polarion_client18] INFO  TXLOGGER  - Tx 5735384eaa23d_0_5735384eaa23d_0_: finished. Total: 0.759 s, svn: 0.664 s [68% getDir2 content (3x), 22% info (10x)] (17x), Velocity: 0.582 s [100% evaluate (2x)] (2x)
2017-06-23 17:45:50,176 [ajp-nio-8889-exec-10 | u:shraddha] INFO  TXLOGGER  - Summary for 'RenderingRequest.initialize': Total: 0.76 s, transactions: 1, svn: 0.664 s [68% getDir2 content (3x), 22% info (10x)] (17x), Velocity: 0.582 s [100% evaluate (2x)] (2x)
2017-06-23 17:45:50,180 [ajp-nio-8889-exec-5 | u:shraddha | i:CAPA/_default/Home e:polarion_client12] INFO  TXLOGGER  - Tx 5735384ea963c_0_5735384ea963c_0_: finished. Total: 0.766 s, svn: 0.69 s [72% getDir2 content (3x), 19% info (10x)] (17x), Velocity: 0.583 s [100% evaluate (2x)] (2x)
2017-06-23 17:45:50,180 [ajp-nio-8889-exec-2 | u:shraddha | i:CAPA/_default/Home e:polarion_client15] INFO  TXLOGGER  - Tx 5735384eaa23e_0_5735384eaa23e_0_: finished. Total: 0.764 s, svn: 0.689 s [72% getDir2 content (3x), 19% info (10x)] (17x), Velocity: 0.581 s [100% evaluate (2x)] (2x)
2017-06-23 17:45:50,180 [ajp-nio-8889-exec-2 | u:shraddha] INFO  TXLOGGER  - Summary for 'RenderingRequest.initialize': Total: 0.764 s, transactions: 1, svn: 0.689 s [72% getDir2 content (3x), 19% info (10x)] (17x), Velocity: 0.581 s [100% evaluate (2x)] (2x)
2017-06-23 17:45:50,180 [ajp-nio-8889-exec-5 | u:shraddha] INFO  TXLOGGER  - Summary for 'RenderingRequest.initialize': Total: 0.766 s, transactions: 1, svn: 0.69 s [72% getDir2 content (3x), 19% info (10x)] (17x), Velocity: 0.583 s [100% evaluate (2x)] (2x)
2017-06-23 18:00:00,890 [Worker-1 | u:p] INFO  TXLOGGER  - Summary for 'job: update.plan.refresh.index': Total: 0.722 s, transactions: 0, resolve: 0.561 s [100% WorkItem (15x)] (167x), svn: 0.503 s [35% getDir2 content (15x), 33% getFile content (15x), 32% info (15x)] (46x), Lucene: 0.091 s [98% refresh (1x)] (17x)
2017-06-23 18:00:00,926 [Worker-0 | u:p] INFO  TXLOGGER  - Summary for 'job: update.plan': Total: 0.859 s, transactions: 0
