2017-06-22 17:52:55,149 [main | u:p] INFO  TXLOGGER  - Summary for 'Platform startup': transactions: 0, DB: 0.045 s [50% query (13x), 49% update (126x)] (206x), svn: 0.0298 s [86% checkPath (1x)] (3x)
2017-06-22 17:52:55,352 [main | u:p] INFO  TXLOGGER  - Summary for 'Context recognition': transactions: 0, svn: 0.0858 s [41% info (3x), 30% getFile content (1x), 30% getDir2 content (2x)] (6x)
2017-06-22 17:52:56,556 [LowLevelDataService-contextInitializer-2 | u:p] INFO  TXLOGGER  - Summary: Total: 1.2 s, transactions: 0, svn: 0.119 s [97% log2 (6x)] (8x)
2017-06-22 17:52:56,556 [LowLevelDataService-contextInitializer-3 | u:p] INFO  TXLOGGER  - Summary: Total: 1.2 s, transactions: 0, ObjectMaps: 0.268 s [100% getAllPrimaryObjects (1x)] (7x)
2017-06-22 17:52:56,557 [LowLevelDataService-contextInitializer-4 | u:p] INFO  TXLOGGER  - Summary: Total: 1.2 s, transactions: 0, svn: 0.148 s [98% log2 (10x)] (12x), ObjectMaps: 0.0663 s [95% getAllPrimaryObjects (2x)] (20x)
2017-06-22 17:52:56,557 [LowLevelDataService-contextInitializer-5 | u:p] INFO  TXLOGGER  - Summary: Total: 1.2 s, transactions: 0, svn: 0.153 s [42% log2 (5x), 28% log (1x), 18% info (4x)] (15x)
2017-06-22 17:52:56,556 [LowLevelDataService-contextInitializer-1 | u:p] INFO  TXLOGGER  - Summary: Total: 1.2 s, transactions: 0, svn: 0.102 s [98% log2 (5x)] (6x)
2017-06-22 17:52:56,557 [main | u:p] INFO  TXLOGGER  - Summary for 'Context initialization': transactions: 0, svn: 0.558 s [83% log2 (31x)] (47x), ObjectMaps: 0.414 s [99% getAllPrimaryObjects (7x)] (55x)
2017-06-22 17:52:56,841 [main | u:p] INFO  TXLOGGER  - Summary for 'Revisions processing': transactions: 14, RepositoryConfigService: 0.188 s [100% getReadConfiguration (42x)] (42x), svn: 0.105 s [91% info (15x)] (32x)
2017-06-22 17:52:57,528 [main | u:p] INFO  TXLOGGER  - Summary for 'Build artifacts recognition': transactions: 40, svn: 0.549 s [87% info (78x)] (131x), RepositoryConfigService: 0.466 s [100% getReadConfiguration (48x)] (48x)
2017-06-22 17:52:58,053 [main | u:p] INFO  TXLOGGER  - Summary for 'Data indexing': transactions: 0, Lucene: 0.228 s [100% refresh (1x)] (1x), SubterraURITable: 0.0133 s [100% addIfNotExistsDB (1x)] (1x), derivedLinkedRevisionsContributor: 0.0115 s [100% objectsToInv (1x)] (1x)
2017-06-22 17:53:32,775 [main] INFO  TXLOGGER  - Summary for 'Polarion startup': transactions: 1, svn: 0.314 s [76% info (47x), 14% getDir2 content (5x)] (66x), RepositoryConfigService: 0.0282 s [100% getReadConfiguration (2x)] (2x)
2017-06-22 17:53:32,944 [Worker-0 | u:p | job: polarion.jobs.attachment.indexer] INFO  TXLOGGER  - Summary after AttachmentIndexer: transactions: 6, persistence listener: 0.0973 s [93% notificationsCreatingListener (1x)] (7x), Lucene: 0.075 s [100% add (2x)] (2x), resolve: 0.0307 s [90% User (2x)] (5x), ObjectMaps: 0.00848 s [100% getPrimaryObjectLocation (2x)] (2x)
2017-06-22 17:53:33,489 [PreLoadDataService | u:p] INFO  TXLOGGER  - Tx 5733f07c2bc38_0_5733f07c2bc38_0_: finished. Total: 0.705 s, svn: 0.401 s [65% getDir2 content (25x), 34% getFile content (15x)] (43x), resolve: 0.298 s [56% TimePoint (5x), 44% Category (8x)] (13x), ObjectMaps: 0.0523 s [51% getPrimaryObjectLocation (13x), 28% getPrimaryObjectProperty (13x), 20% getLastPromoted (13x)] (55x)
2017-06-22 17:53:33,944 [PreLoadDataService | u:p] INFO  TXLOGGER  - Tx 5733f07d05440_0_5733f07d05440_0_: finished. Total: 0.29 s, svn: 0.198 s [63% getFile content (14x), 37% info (10x)] (25x), RepositoryConfigService: 0.144 s [80% getReadConfiguration (72x)] (74x), resolve: 0.114 s [100% User (8x)] (8x), ObjectMaps: 0.0248 s [50% getPrimaryObjectLocation (8x), 26% getPrimaryObjectProperty (8x), 24% getLastPromoted (8x)] (33x)
2017-06-22 17:53:34,127 [PreLoadDataService | u:p] INFO  TXLOGGER  - Tx 5733f07d4e041_0_5733f07d4e041_0_: finished. Total: 0.182 s, RepositoryConfigService: 0.156 s [99% getReadConfiguration (55x)] (78x), svn: 0.12 s [100% getFile content (13x)] (14x)
2017-06-22 17:53:34,442 [DBHistoryCreator-1 | u:p] INFO  TXLOGGER  - Summary: Total: 1.46 s, transactions: 0
2017-06-22 17:53:34,442 [Worker-1 | u:p | job: polarion.jobs.db.history] INFO  TXLOGGER  - Summary after DBHistoryCreator: transactions: 0, Lucene: 0.0218 s [100% add (1x)] (1x), svn: 0.00152 s [100% getLatestRevision (1x)] (1x)
2017-06-22 17:53:34,443 [Worker-1 | u:p] INFO  TXLOGGER  - Summary for 'job: polarion.jobs.db.history': Total: 1.5 s, transactions: 0, SubterraURITable: 1.21 s [100% getDB (4078x)] (4078x), DB: 1.11 s [51% query (4104x), 31% update (4079x)] (20503x)
2017-06-22 17:53:34,884 [PreLoadDataService | u:p] INFO  TXLOGGER  - Tx 5733f07d7bc42_0_5733f07d7bc42_0_: finished. Total: 0.757 s, svn: 0.656 s [74% getFile content (47x), 26% getDir2 content (17x)] (65x), RepositoryConfigService: 0.541 s [100% getReadConfiguration (164x)] (180x)
2017-06-22 17:53:35,239 [PreLoadDataService | u:p] INFO  TXLOGGER  - Tx 5733f07e39043_0_5733f07e39043_0_: finished. Total: 0.355 s, svn: 0.298 s [85% getFile content (35x)] (42x), RepositoryConfigService: 0.29 s [99% getReadConfiguration (295x)] (370x)
2017-06-22 17:53:35,540 [PreLoadDataService | u:p] INFO  TXLOGGER  - Tx 5733f07e91c44_0_5733f07e91c44_0_: finished. Total: 0.301 s, svn: 0.282 s [53% getFile content (21x), 47% getDir2 content (17x)] (39x), RepositoryConfigService: 0.164 s [99% getReadConfiguration (88x)] (110x)
2017-06-22 17:53:35,666 [PreLoadDataService | u:p] INFO  TXLOGGER  - Tx 5733f07edd045_0_5733f07edd045_0_: finished. Total: 0.125 s, svn: 0.117 s [58% getDir2 content (11x), 42% getFile content (8x)] (20x), RepositoryConfigService: 0.0546 s [99% getReadConfiguration (38x)] (54x)
2017-06-22 17:53:35,970 [PreLoadDataService | u:p] INFO  TXLOGGER  - Tx 5733f07efc846_0_5733f07efc846_0_: finished. Total: 0.304 s, svn: 0.285 s [54% getFile content (24x), 46% getDir2 content (12x)] (37x), RepositoryConfigService: 0.169 s [99% getReadConfiguration (87x)] (109x)
2017-06-22 17:53:35,971 [PreLoadDataService] INFO  TXLOGGER  - Summary for 'PreloadDataService': Total: 3.19 s, transactions: 9, svn: 2.43 s [62% getFile content (182x), 34% getDir2 content (90x)] (301x), RepositoryConfigService: 1.54 s [98% getReadConfiguration (801x)] (981x), resolve: 0.515 s [32% TimePoint (5x), 26% Category (8x), 22% User (8x)] (26x)
2017-06-22 17:53:35,971 [PreLoadDataService] INFO  TXLOGGER  - Summary after preload: transactions: 9, svn: 2.43 s [62% getFile content (182x), 34% getDir2 content (90x)] (301x), RepositoryConfigService: 1.54 s [98% getReadConfiguration (801x)] (981x), SubterraURITable: 1.21 s [100% getDB (4078x)] (4078x), DB: 1.11 s [51% query (4104x), 31% update (4079x)] (20503x), resolve: 0.515 s [32% TimePoint (5x), 26% Category (8x), 22% User (9x)] (27x)
