2017-06-22 10:16:18,639 [main | u:p] INFO  TXLOGGER  - Summary for 'Platform startup': transactions: 0, DB: 0.0521 s [57% query (13x), 42% update (126x)] (206x), svn: 0.0241 s [86% checkPath (1x)] (3x)
2017-06-22 10:16:18,864 [main | u:p] INFO  TXLOGGER  - Summary for 'Context recognition': transactions: 0, svn: 0.0951 s [38% info (3x), 33% getDir2 content (2x), 29% getFile content (1x)] (6x)
2017-06-22 10:16:20,220 [LowLevelDataService-contextInitializer-1 | u:p] INFO  TXLOGGER  - Summary: Total: 1.35 s, transactions: 0
2017-06-22 10:16:20,220 [LowLevelDataService-contextInitializer-4 | u:p] INFO  TXLOGGER  - Summary: Total: 1.35 s, transactions: 0, svn: 0.105 s [97% log2 (10x)] (12x)
2017-06-22 10:16:20,220 [LowLevelDataService-contextInitializer-3 | u:p] INFO  TXLOGGER  - Summary: Total: 1.35 s, transactions: 0, ObjectMaps: 0.256 s [100% getAllPrimaryObjects (1x)] (7x)
2017-06-22 10:16:20,220 [LowLevelDataService-contextInitializer-2 | u:p] INFO  TXLOGGER  - Summary: Total: 1.35 s, transactions: 0, svn: 0.132 s [97% log2 (6x)] (8x)
2017-06-22 10:16:20,220 [LowLevelDataService-contextInitializer-5 | u:p] INFO  TXLOGGER  - Summary: Total: 1.35 s, transactions: 0, svn: 0.181 s [45% log2 (5x), 25% log (1x), 17% info (4x)] (15x)
2017-06-22 10:16:20,221 [main | u:p] INFO  TXLOGGER  - Summary for 'Context initialization': transactions: 0, svn: 0.506 s [78% log2 (31x), 9% log (1x)] (47x), ObjectMaps: 0.403 s [100% getAllPrimaryObjects (7x)] (53x)
2017-06-22 10:16:20,522 [main | u:p] INFO  TXLOGGER  - Summary for 'Revisions processing': transactions: 14, RepositoryConfigService: 0.196 s [100% getReadConfiguration (42x)] (42x), svn: 0.102 s [90% info (15x)] (32x)
2017-06-22 10:16:21,224 [main | u:p] INFO  TXLOGGER  - Summary for 'Build artifacts recognition': transactions: 40, svn: 0.507 s [85% info (78x)] (131x), RepositoryConfigService: 0.434 s [100% getReadConfiguration (80x)] (80x), EHCache: 0.0396 s [100% remove (9x)] (9x)
2017-06-22 10:16:21,289 [main | u:p] INFO  TXLOGGER  - Summary for 'BIR inspection': transactions: 0, EHCache: 0.00013 s [100% remove (4x)] (4x)
2017-06-22 10:16:22,040 [main | u:p] INFO  TXLOGGER  - Summary for 'Data indexing': transactions: 0, Lucene: 0.335 s [53% remove (1x), 47% refresh (2x)] (3x), DB: 0.0994 s [82% update (63x)] (141x), SubterraURITable: 0.0321 s [100% addIfNotExistsDB (21x)] (21x)
2017-06-22 10:16:59,415 [main] INFO  TXLOGGER  - Summary for 'Polarion startup': transactions: 1, svn: 0.283 s [81% info (47x)] (67x), RepositoryConfigService: 0.0316 s [100% getReadConfiguration (2x)] (2x)
2017-06-22 10:16:59,628 [Worker-0 | u:p | job: polarion.jobs.attachment.indexer] INFO  TXLOGGER  - Summary after AttachmentIndexer: transactions: 0, Lucene: 0.12 s [100% add (2x)] (2x), resolve: 0.0353 s [100% User (2x)] (2x), ObjectMaps: 0.0115 s [100% getPrimaryObjectLocation (2x)] (2x)
2017-06-22 10:16:59,787 [Persistence Events Processing Thread | u:p] INFO  TXLOGGER  - Tx 573387fcf103e_0_573387fcf103e_0_: finished. Total: 0.263 s, Lucene: 0.0719 s [53% add (1x), 47% search (1x)] (2x)
2017-06-22 10:16:59,787 [Persistence Events Processing Thread | u:p] INFO  TXLOGGER  - Summary: Total: 0.368 s, transactions: 6, persistence listener: 0.367 s [72% RevisionActivityCreator (2x), 27% notificationsCreatingListener (1x)] (7x), Lucene: 0.0719 s [53% add (1x), 47% search (1x)] (2x)
2017-06-22 10:16:59,819 [PreLoadDataService | u:p] INFO  TXLOGGER  - Tx 573387fcd8438_0_573387fcd8438_0_: finished. Total: 0.394 s, svn: 0.343 s [96% getDir2 content (25x)] (28x), RepositoryConfigService: 0.0272 s [100% getReadConfiguration (2x)] (2x)
2017-06-22 10:17:00,066 [PreLoadDataService | u:p] INFO  TXLOGGER  - Tx 573387fd4b082_0_573387fd4b082_0_: finished. Total: 0.181 s, RepositoryConfigService: 0.133 s [82% getReadConfiguration (72x)] (74x), svn: 0.115 s [65% info (10x), 35% getFile content (6x)] (17x), EHCache: 0.0225 s [73% get (48x), 27% put (16x)] (64x)
2017-06-22 10:17:00,243 [PreLoadDataService | u:p] INFO  TXLOGGER  - Tx 573387fd78883_0_573387fd78883_0_: finished. Total: 0.177 s, RepositoryConfigService: 0.148 s [99% getReadConfiguration (55x)] (78x), svn: 0.125 s [100% getFile content (13x)] (14x)
2017-06-22 10:17:00,917 [PreLoadDataService | u:p] INFO  TXLOGGER  - Tx 573387fda4c84_0_573387fda4c84_0_: finished. Total: 0.673 s, svn: 0.602 s [62% getFile content (47x), 38% getDir2 content (17x)] (65x), RepositoryConfigService: 0.422 s [100% getReadConfiguration (164x)] (180x)
2017-06-22 10:17:01,266 [DBHistoryCreator-2 | u:p] INFO  TXLOGGER  - Summary: Total: 1.64 s, transactions: 0
2017-06-22 10:17:01,266 [DBHistoryCreator-1 | u:p] INFO  TXLOGGER  - Summary: Total: 1.64 s, transactions: 0
2017-06-22 10:17:01,266 [DBHistoryCreator-3 | u:p] INFO  TXLOGGER  - Summary: Total: 1.64 s, transactions: 0
2017-06-22 10:17:01,266 [Worker-1 | u:p | job: polarion.jobs.db.history] INFO  TXLOGGER  - Summary after DBHistoryCreator: transactions: 72, persistence listener: 0.374 s [71% RevisionActivityCreator (24x), 28% notificationsCreatingListener (12x)] (84x), Lucene: 0.114 s [70% add (2x), 30% search (1x)] (3x)
2017-06-22 10:17:01,266 [Worker-1 | u:p] INFO  TXLOGGER  - Summary for 'job: polarion.jobs.db.history': Total: 1.65 s, transactions: 0, DB: 1.29 s [58% query (4015x), 27% update (3990x)] (20023x), SubterraURITable: 1.16 s [100% getDB (3989x)] (3989x)
2017-06-22 10:17:01,322 [PreLoadDataService | u:p] INFO  TXLOGGER  - Tx 573387fe4d485_0_573387fe4d485_0_: finished. Total: 0.406 s, svn: 0.349 s [80% getFile content (35x), 20% getDir2 content (6x)] (42x), RepositoryConfigService: 0.322 s [99% getReadConfiguration (295x)] (370x)
2017-06-22 10:17:01,631 [PreLoadDataService | u:p] INFO  TXLOGGER  - Tx 573387feb2c86_0_573387feb2c86_0_: finished. Total: 0.308 s, svn: 0.289 s [52% getFile content (21x), 48% getDir2 content (17x)] (39x), RepositoryConfigService: 0.165 s [100% getReadConfiguration (88x)] (110x)
2017-06-22 10:17:01,754 [PreLoadDataService | u:p] INFO  TXLOGGER  - Tx 573387feffc87_0_573387feffc87_0_: finished. Total: 0.124 s, svn: 0.114 s [58% getDir2 content (11x), 42% getFile content (8x)] (20x), RepositoryConfigService: 0.0546 s [99% getReadConfiguration (38x)] (54x)
2017-06-22 10:17:02,055 [PreLoadDataService | u:p] INFO  TXLOGGER  - Tx 573387ff1e888_0_573387ff1e888_0_: finished. Total: 0.301 s, svn: 0.268 s [60% getFile content (24x), 40% getDir2 content (12x)] (37x), RepositoryConfigService: 0.189 s [100% getReadConfiguration (87x)] (109x)
2017-06-22 10:17:02,056 [PreLoadDataService] INFO  TXLOGGER  - Summary for 'PreloadDataService': Total: 2.63 s, transactions: 9, svn: 2.22 s [54% getFile content (156x), 43% getDir2 content (90x)] (266x), RepositoryConfigService: 1.46 s [98% getReadConfiguration (801x)] (977x)
2017-06-22 10:17:02,056 [PreLoadDataService] INFO  TXLOGGER  - Summary after preload: transactions: 9, svn: 2.22 s [54% getFile content (156x), 43% getDir2 content (90x)] (266x), RepositoryConfigService: 1.46 s [98% getReadConfiguration (801x)] (977x), DB: 1.29 s [58% query (4015x), 27% update (3990x)] (20023x), SubterraURITable: 1.16 s [100% getDB (3989x)] (3989x)
2017-06-22 10:22:53,715 [ajp-nio-8889-exec-4 | u:admin] INFO  TXLOGGER  - Summary for 'PortalDataService.getProjectTree': Total: 0.105 s, transactions: 5, svn: 0.0261 s [57% getFile content (2x), 43% info (1x)] (8x), RepositoryConfigService: 0.02 s [100% getReadConfiguration (39x)] (39x), Lucene: 0.0119 s [100% search (14x)] (14x)
2017-06-22 10:22:56,142 [ajp-nio-8889-exec-9 | u:admin] INFO  TXLOGGER  - Summary for 'PortalDataService.requestPortalSite': Total: 0.134 s, transactions: 9, RepositoryConfigService: 0.0488 s [69% getReadConfiguration (9x), 31% getReadUserConfiguration (2x)] (16x), svn: 0.037 s [53% info (3x), 32% getFile content (2x)] (14x)
2017-06-22 10:23:16,997 [ajp-nio-8889-exec-2 | u:admin | uri:/polarion/icons/default/topicIcons/App_137-presentation.png?buildId=20170314-0722] INFO  TXLOGGER  - Tx 5733896d780ac_0_5733896d780ac_0_: finished. Total: 0.101 s
2017-06-22 10:23:16,997 [ajp-nio-8889-exec-2] INFO  TXLOGGER  - Summary for 'servlet /polarion/icons/default/topicIcons/App_137-presentation.png?buildId=20170314-0722': Total: 0.102 s, transactions: 1
2017-06-22 10:23:38,945 [ajp-nio-8889-exec-1 | u:admin | uri:/polarion/icons/default/enums/type_green_spec.png?buildId=20170314-0722] INFO  TXLOGGER  - Tx 5733898188cb6_0_5733898188cb6_0_: finished. Total: 1.5 s
2017-06-22 10:23:38,945 [ajp-nio-8889-exec-1] INFO  TXLOGGER  - Summary for 'servlet /polarion/icons/default/enums/type_green_spec.png?buildId=20170314-0722': Total: 1.5 s, transactions: 1
2017-06-22 10:32:11,770 [ajp-nio-8889-exec-8 | u:admin | uri:/polarion/wiki/bin/view/project/drivepilot/page/Home | wiki: view http://localhost/polarion/wiki/bin/view/project/drivepilot/page/Home] INFO  TXLOGGER  - Tx 57338b77a08c7_0_57338b77a08c7_0_: finished. Total: 0.183 s, svn: 0.138 s [100% info (24x)] (25x)
2017-06-22 10:32:11,817 [ajp-nio-8889-exec-8] INFO  TXLOGGER  - Summary for 'servlet /polarion/wiki/bin/view/project/drivepilot/page/Home': Total: 1.51 s, transactions: 6, Velocity: 1.22 s [100% evaluate in Wiki (1x)] (1x), svn: 0.792 s [83% info (118x)] (141x)
2017-06-22 10:32:11,976 [ajp-nio-8889-exec-6] INFO  TXLOGGER  - Summary for 'servlet /polarion/wiki/bin/download/project/drivepilot/page/_default/Home/project_logo.jpg': Total: 0.124 s, transactions: 0, svn: 0.0127 s [100% info (2x)] (2x)
2017-06-22 10:32:26,124 [ajp-nio-8889-exec-7 | u:admin] INFO  TXLOGGER  - Tx 57338b85ae4d1_0_57338b85ae4d1_0_: finished. Total: 0.148 s, svn: 0.0846 s [80% getDir2 content (2x), 20% info (5x)] (8x)
2017-06-22 10:32:26,139 [ajp-nio-8889-exec-7 | u:admin] INFO  TXLOGGER  - Summary for 'EnumerationDataService.loadCustomFieldDataAndTypes': Total: 0.163 s, transactions: 1, svn: 0.0846 s [80% getDir2 content (2x), 20% info (5x)] (8x)
2017-06-22 10:32:49,918 [ajp-nio-8889-exec-10 | u:admin] INFO  TXLOGGER  - Tx 57338b9c7a0d2_0_57338b9c7a0d2_0_: finished. Total: 0.599 s, svn: 0.552 s [99% endActivity (1x)] (5x), processed revs: [60, 60 (delay 0s)], write: true
2017-06-22 10:32:49,919 [ajp-nio-8889-exec-10 | u:admin] INFO  TXLOGGER  - Summary for 'EnumerationDataService.saveCustomFieldsDataByContext': Total: 0.599 s, transactions: 1, svn: 0.552 s [99% endActivity (1x)] (5x)
2017-06-22 10:32:53,067 [ajp-nio-8889-exec-1 | u:admin | uri:/polarion/wiki/bin/view/project/drivepilot/page/Home | wiki: view http://localhost/polarion/wiki/bin/view/project/drivepilot/page/Home] INFO  TXLOGGER  - Tx 57338b9ff08dc_0_57338b9ff08dc_0_: finished. Total: 0.199 s, svn: 0.156 s [100% info (24x)] (25x), resolve: 0.0205 s [91% RichPage (12x)] (38x)
2017-06-22 10:32:53,091 [ajp-nio-8889-exec-1] INFO  TXLOGGER  - Summary for 'servlet /polarion/wiki/bin/view/project/drivepilot/page/Home': Total: 0.52 s, transactions: 4, Velocity: 0.35 s [100% evaluate in Wiki (1x)] (1x), svn: 0.18 s [100% info (28x)] (30x)
2017-06-22 10:32:53,277 [ajp-nio-8889-exec-2] INFO  TXLOGGER  - Summary for 'servlet /polarion/wiki/bin/download/project/drivepilot/page/_default/Home/project_logo.jpg': Total: 0.15 s, transactions: 0, svn: 0.0106 s [100% info (2x)] (2x)
2017-06-22 10:32:56,808 [ajp-nio-8889-exec-5 | u:admin] INFO  TXLOGGER  - Tx 57338ba37c4e3_0_57338ba37c4e3_0_: finished. Total: 0.311 s, resolve: 0.146 s [93% ModuleAttachment (2x)] (25x), svn: 0.107 s [69% info (8x), 17% getFile properties (2x)] (14x), RepositoryConfigService: 0.0398 s [69% getReadConfiguration (371x), 31% getExistingPrefixes (18x)] (391x)
2017-06-22 10:32:56,849 [ajp-nio-8889-exec-5 | u:admin] INFO  TXLOGGER  - Summary for 'WorkItemDataService.loadInstances': Total: 0.352 s, transactions: 1, resolve: 0.146 s [93% ModuleAttachment (2x)] (25x), svn: 0.107 s [69% info (8x), 17% getFile properties (2x)] (14x), RepositoryConfigService: 0.0398 s [69% getReadConfiguration (371x), 31% getExistingPrefixes (18x)] (391x)
2017-06-22 10:32:57,022 [ajp-nio-8889-exec-6 | u:admin] INFO  TXLOGGER  - Tx 57338ba37cce4_0_57338ba37cce4_0_: finished. Total: 0.523 s, RepositoryConfigService: 0.0876 s [85% getReadConfiguration (181x)] (210x), svn: 0.0734 s [83% getFile content (7x)] (10x)
2017-06-22 10:32:57,066 [ajp-nio-8889-exec-6 | u:admin] INFO  TXLOGGER  - Summary for 'WorkItemDataService.loadWorkitem': Total: 0.567 s, transactions: 1, RepositoryConfigService: 0.0876 s [85% getReadConfiguration (181x)] (210x), svn: 0.0734 s [83% getFile content (7x)] (10x)
2017-06-22 10:32:58,948 [ajp-nio-8889-exec-6 | u:admin] INFO  TXLOGGER  - Tx 57338ba5650ed_0_57338ba5650ed_0_: finished. Total: 0.495 s, ExecuteTestExtension: 0.209 s [100% createData (1x)] (1x), RepositoryConfigService: 0.153 s [95% getReadConfiguration (341x)] (395x), testRecordsQueryExpander: 0.104 s [100% expand (10x)] (20x), svn: 0.101 s [76% getFile content (7x), 24% info (3x)] (11x), DB: 0.0833 s [99% query (1x)] (8x)
2017-06-22 10:32:58,971 [ajp-nio-8889-exec-6 | u:admin] INFO  TXLOGGER  - Summary for 'WorkItemDataService.loadWorkitem': Total: 0.518 s, transactions: 1, ExecuteTestExtension: 0.209 s [100% createData (1x)] (1x), RepositoryConfigService: 0.153 s [95% getReadConfiguration (341x)] (395x), testRecordsQueryExpander: 0.104 s [100% expand (10x)] (20x), svn: 0.101 s [76% getFile content (7x), 24% info (3x)] (11x), DB: 0.0833 s [99% query (1x)] (8x)
2017-06-22 10:32:59,522 [ajp-nio-8889-exec-5 | u:admin] INFO  TXLOGGER  - Summary for 'TestingDataService.renderTestRunRecords': Total: 0.384 s, transactions: 3, svn: 0.2 s [100% info (30x)] (33x), ObjectMaps: 0.0804 s [100% getPrimaryObjectLocations (18x)] (18x)
2017-06-22 10:32:59,686 [ajp-nio-8889-exec-3 | u:admin] INFO  TXLOGGER  - Tx 57338ba6574f8_0_57338ba6574f8_0_: finished. Total: 0.265 s, svn: 0.225 s [100% info (30x)] (31x)
2017-06-22 10:32:59,694 [ajp-nio-8889-exec-3 | u:admin] INFO  TXLOGGER  - Summary for 'ExecuteTestPanel.initialize': Total: 0.274 s, transactions: 1, svn: 0.225 s [100% info (30x)] (31x)
2017-06-22 10:32:59,998 [ajp-nio-8889-exec-4 | u:admin] INFO  TXLOGGER  - Tx 57338ba6b80fc_0_57338ba6b80fc_0_: finished. Total: 0.191 s, RepositoryConfigService: 0.0869 s [85% getReadConfiguration (315x)] (361x), svn: 0.0544 s [54% info (4x), 46% getFile content (3x)] (8x)
2017-06-22 10:33:00,019 [ajp-nio-8889-exec-4 | u:admin] INFO  TXLOGGER  - Summary for 'WorkItemDataService.loadWorkitem': Total: 0.212 s, transactions: 1, RepositoryConfigService: 0.0869 s [85% getReadConfiguration (315x)] (361x), svn: 0.0544 s [54% info (4x), 46% getFile content (3x)] (8x)
2017-06-22 10:33:11,782 [ajp-nio-8889-exec-2 | u:admin] INFO  TXLOGGER  - Tx 57338bb2374fd_0_57338bb2374fd_0_: finished. Total: 0.2 s, svn: 0.104 s [64% getFile content (6x), 36% info (5x)] (12x), RepositoryConfigService: 0.0967 s [100% getReadConfiguration (307x)] (355x)
2017-06-22 10:33:11,800 [ajp-nio-8889-exec-2 | u:admin] INFO  TXLOGGER  - Summary for 'WorkItemDataService.loadWorkitem': Total: 0.218 s, transactions: 1, svn: 0.104 s [64% getFile content (6x), 36% info (5x)] (12x), RepositoryConfigService: 0.0967 s [100% getReadConfiguration (307x)] (355x)
