2017-06-22 17:48:46,770 [main | u:p] INFO  TXLOGGER  - Summary for 'Platform startup': transactions: 0, DB: 0.0405 s [50% update (126x), 48% query (13x)] (206x), svn: 0.0237 s [87% checkPath (1x)] (3x)
2017-06-22 17:48:46,971 [main | u:p] INFO  TXLOGGER  - Summary for 'Context recognition': transactions: 0, svn: 0.0867 s [41% info (3x), 30% getDir2 content (2x), 29% getFile content (1x)] (6x)
2017-06-22 17:48:48,195 [LowLevelDataService-contextInitializer-3 | u:p] INFO  TXLOGGER  - Summary: Total: 1.22 s, transactions: 0, ObjectMaps: 0.259 s [100% getAllPrimaryObjects (1x)] (7x)
2017-06-22 17:48:48,195 [LowLevelDataService-contextInitializer-4 | u:p] INFO  TXLOGGER  - Summary: Total: 1.22 s, transactions: 0, svn: 0.133 s [98% log2 (10x)] (12x), ObjectMaps: 0.065 s [97% getAllPrimaryObjects (2x)] (20x)
2017-06-22 17:48:48,195 [LowLevelDataService-contextInitializer-2 | u:p] INFO  TXLOGGER  - Summary: Total: 1.22 s, transactions: 0, svn: 0.122 s [98% log2 (6x)] (8x)
2017-06-22 17:48:48,195 [LowLevelDataService-contextInitializer-1 | u:p] INFO  TXLOGGER  - Summary: Total: 1.22 s, transactions: 0, svn: 0.159 s [42% log2 (5x), 26% log (1x), 18% info (4x)] (15x)
2017-06-22 17:48:48,195 [LowLevelDataService-contextInitializer-5 | u:p] INFO  TXLOGGER  - Summary: Total: 1.22 s, transactions: 0, svn: 0.0641 s [98% log2 (5x)] (6x)
2017-06-22 17:48:48,196 [main | u:p] INFO  TXLOGGER  - Summary for 'Context initialization': transactions: 0, svn: 0.514 s [81% log2 (31x)] (47x), ObjectMaps: 0.411 s [99% getAllPrimaryObjects (7x)] (55x)
2017-06-22 17:48:48,509 [main | u:p] INFO  TXLOGGER  - Summary for 'Revisions processing': transactions: 14, RepositoryConfigService: 0.204 s [100% getReadConfiguration (42x)] (42x), svn: 0.111 s [90% info (15x)] (32x)
2017-06-22 17:48:49,289 [main | u:p] INFO  TXLOGGER  - Summary for 'Build artifacts recognition': transactions: 40, svn: 0.604 s [88% info (78x)] (131x), RepositoryConfigService: 0.502 s [100% getReadConfiguration (80x)] (80x)
2017-06-22 17:48:49,993 [main | u:p] INFO  TXLOGGER  - Summary for 'Data indexing': transactions: 0, Lucene: 0.305 s [100% refresh (2x)] (2x), SubterraURITable: 0.0263 s [100% addIfNotExistsDB (17x)] (17x), DB: 0.0248 s [49% update (38x), 23% query (17x), 20% execute (12x)] (103x)
2017-06-22 17:49:25,091 [main] INFO  TXLOGGER  - Summary for 'Polarion startup': transactions: 1, svn: 0.313 s [80% info (47x)] (66x), RepositoryConfigService: 0.029 s [100% getReadConfiguration (2x)] (2x)
2017-06-22 17:49:25,333 [Worker-0 | u:p | job: polarion.jobs.attachment.indexer] INFO  TXLOGGER  - Summary after AttachmentIndexer: transactions: 48, persistence listener: 0.101 s [85% notificationsCreatingListener (8x)] (56x), Lucene: 0.0813 s [100% add (2x)] (2x), resolve: 0.0438 s [91% User (2x)] (5x), ObjectMaps: 0.0131 s [100% getPrimaryObjectLocation (2x)] (2x)
2017-06-22 17:49:25,879 [PreLoadDataService | u:p] INFO  TXLOGGER  - Tx 5733ef8a4ac38_0_5733ef8a4ac38_0_: finished. Total: 0.78 s, svn: 0.446 s [63% getDir2 content (25x), 36% getFile content (15x)] (43x), resolve: 0.321 s [51% TimePoint (5x), 49% Category (8x)] (13x), ObjectMaps: 0.0537 s [50% getPrimaryObjectLocation (13x), 29% getPrimaryObjectProperty (13x), 21% getLastPromoted (13x)] (55x)
2017-06-22 17:49:26,361 [PreLoadDataService | u:p] INFO  TXLOGGER  - Tx 5733ef8b3946a_0_5733ef8b3946a_0_: finished. Total: 0.308 s, svn: 0.216 s [61% getFile content (14x), 39% info (10x)] (25x), RepositoryConfigService: 0.156 s [81% getReadConfiguration (72x)] (74x), resolve: 0.119 s [100% User (8x)] (8x), ObjectMaps: 0.0233 s [44% getPrimaryObjectLocation (8x), 30% getPrimaryObjectProperty (8x), 27% getLastPromoted (8x)] (33x)
2017-06-22 17:49:26,539 [PreLoadDataService | u:p] INFO  TXLOGGER  - Tx 5733ef8b8646b_0_5733ef8b8646b_0_: finished. Total: 0.179 s, RepositoryConfigService: 0.119 s [99% getReadConfiguration (55x)] (78x), svn: 0.0994 s [100% getFile content (13x)] (14x)
2017-06-22 17:49:26,904 [DBHistoryCreator-1 | u:p] INFO  TXLOGGER  - Summary: Total: 1.53 s, transactions: 0
2017-06-22 17:49:26,905 [DBHistoryCreator-2 | u:p] INFO  TXLOGGER  - Summary: Total: 1.53 s, transactions: 0
2017-06-22 17:49:26,906 [Worker-1 | u:p | job: polarion.jobs.db.history] INFO  TXLOGGER  - Summary after DBHistoryCreator: transactions: 0, Lucene: 0.0258 s [100% add (1x)] (1x), DB: 0.0017 s [78% update (2x), 22% commit (2x)] (4x), svn: 0.00141 s [100% getLatestRevision (1x)] (1x)
2017-06-22 17:49:26,906 [Worker-1 | u:p] INFO  TXLOGGER  - Summary for 'job: polarion.jobs.db.history': Total: 1.58 s, transactions: 0, SubterraURITable: 1.18 s [100% getDB (4069x)] (4069x), DB: 1.12 s [51% query (4095x), 31% update (4070x)] (20467x)
2017-06-22 17:49:27,205 [PreLoadDataService | u:p] INFO  TXLOGGER  - Tx 5733ef8bb306c_0_5733ef8bb306c_0_: finished. Total: 0.665 s, svn: 0.606 s [72% getFile content (47x), 28% getDir2 content (17x)] (65x), RepositoryConfigService: 0.481 s [100% getReadConfiguration (164x)] (180x)
2017-06-22 17:49:27,549 [PreLoadDataService | u:p] INFO  TXLOGGER  - Tx 5733ef8c5946d_0_5733ef8c5946d_0_: finished. Total: 0.344 s, RepositoryConfigService: 0.291 s [99% getReadConfiguration (295x)] (370x), svn: 0.289 s [85% getFile content (35x)] (42x)
2017-06-22 17:49:27,869 [PreLoadDataService | u:p] INFO  TXLOGGER  - Tx 5733ef8caf46e_0_5733ef8caf46e_0_: finished. Total: 0.32 s, svn: 0.287 s [54% getFile content (21x), 46% getDir2 content (17x)] (39x), RepositoryConfigService: 0.185 s [100% getReadConfiguration (88x)] (110x)
2017-06-22 17:49:27,993 [PreLoadDataService | u:p] INFO  TXLOGGER  - Tx 5733ef8cff46f_0_5733ef8cff46f_0_: finished. Total: 0.124 s, svn: 0.115 s [58% getDir2 content (11x), 42% getFile content (8x)] (20x), RepositoryConfigService: 0.0548 s [99% getReadConfiguration (38x)] (54x)
2017-06-22 17:49:28,270 [PreLoadDataService | u:p] INFO  TXLOGGER  - Tx 5733ef8d1e470_0_5733ef8d1e470_0_: finished. Total: 0.276 s, svn: 0.258 s [59% getFile content (24x), 41% getDir2 content (12x)] (37x), RepositoryConfigService: 0.167 s [99% getReadConfiguration (87x)] (109x)
2017-06-22 17:49:28,270 [PreLoadDataService] INFO  TXLOGGER  - Summary for 'PreloadDataService': Total: 3.17 s, transactions: 9, svn: 2.4 s [61% getFile content (182x), 34% getDir2 content (90x)] (301x), RepositoryConfigService: 1.49 s [97% getReadConfiguration (801x)] (981x), resolve: 0.556 s [29% TimePoint (5x), 29% Category (8x), 21% User (8x), 21% Project (5x)] (26x)
2017-06-22 17:49:28,270 [PreLoadDataService] INFO  TXLOGGER  - Summary after preload: transactions: 9, svn: 2.4 s [61% getFile content (182x), 34% getDir2 content (90x)] (301x), RepositoryConfigService: 1.49 s [97% getReadConfiguration (801x)] (981x), SubterraURITable: 1.18 s [100% getDB (4069x)] (4069x), DB: 1.12 s [51% query (4095x), 31% update (4070x)] (20467x), resolve: 0.556 s [29% TimePoint (5x), 29% Category (8x), 21% User (9x), 21% Project (5x)] (27x)
2017-06-22 17:49:39,930 [ajp-nio-8889-exec-5 | u:admin] INFO  TXLOGGER  - Summary for 'WorkItemDataService.saveWorkItem': Total: 0.135 s, transactions: 2, resolve: 0.0857 s [100% WorkItem (2x)] (2x), svn: 0.048 s [50% info (3x), 24% getFile content (1x), 23% getDir2 content (1x)] (8x), permissions: 0.0173 s [100% readInstance (2x)] (2x), derivedLinkedRevisionsContributor: 0.0172 s [100% fields (1x)] (1x), calculatedFieldsContributor: 0.0164 s [100% fields (1x)] (1x), RepositoryConfigService: 0.0155 s [85% getExistingPrefixes (1x)] (5x), Lucene: 0.0139 s [100% search (1x)] (1x)
2017-06-22 17:50:17,625 [ajp-nio-8889-exec-6 | u:admin] INFO  TXLOGGER  - Tx 5733ef9ae0073_0_5733ef9ae0073_0_: finished. Total: 35.6 s, workflow: 35.5 s [100% ComputeTotalLifeTime (1x)] (1x), rollback: true
2017-06-22 17:50:17,625 [ajp-nio-8889-exec-6 | u:admin] INFO  TXLOGGER  - Summary for 'WorkItemDataService.saveWorkItem': Total: 35.6 s, transactions: 1, workflow: 35.5 s [100% ComputeTotalLifeTime (1x)] (1x)
2017-06-22 17:50:17,841 [ajp-nio-8889-exec-7 | u:admin] INFO  TXLOGGER  - Summary for 'DebugService.deObfuscateStackTrace': Total: 0.118 s, transactions: 0
