2017-06-22 11:24:11,911 [main] INFO  com.polarion.platform.startup  - ****************************************************************
2017-06-22 11:24:11,912 [main] INFO  com.polarion.platform.startup  -                 Polarion starting, please wait!                 
2017-06-22 11:24:11,912 [main] INFO  com.polarion.platform.startup  - ****************************************************************
2017-06-22 11:24:11,912 [main] INFO  com.polarion.platform.startup  - Server start mode: normal
2017-06-22 11:24:11,912 [main] INFO  com.polarion.platform.startup  - ------------------------------
2017-06-22 11:24:11,913 [main] INFO  com.polarion.platform.startup  - Platform startup (Phase: 1/9)
2017-06-22 11:24:16,466 [main] INFO  com.polarion.platform.startup  - Opening historical database...
2017-06-22 11:24:16,612 [main] INFO  com.polarion.platform.startup  - Opening of historical database finished [ TIME 0.145 s. ]
2017-06-22 11:24:16,612 [main] INFO  com.polarion.platform.startup  - Opening head database...
2017-06-22 11:24:16,687 [main] INFO  com.polarion.platform.startup  - Opening of head database finished [ TIME 0.0749 s. ]
2017-06-22 11:24:16,908 [main | u:p] INFO  com.polarion.platform.startup  -  -- Polarion startup estimation:  [ TIME 47 s. ]
2017-06-22 11:24:17,035 [main | u:p] INFO  com.polarion.platform.startup  - Platform startup ... took  [ TIME 5.13 s. ]
2017-06-22 11:24:17,196 [main | u:p] INFO  com.polarion.platform.startup  - ------------------------------
2017-06-22 11:24:17,196 [main | u:p] INFO  com.polarion.platform.startup  - Context recognition (Phase: 2/9)
2017-06-22 11:24:17,242 [main | u:p] INFO  com.polarion.platform.startup  - Context recognition ... took  [ TIME 0.21 s. ]
2017-06-22 11:24:17,242 [main | u:p] INFO  com.polarion.platform.startup  - ------------------------------
2017-06-22 11:24:17,242 [main | u:p] INFO  com.polarion.platform.startup  - Context initialization (Phase: 3/9)
2017-06-22 11:24:17,246 [LowLevelDataService-contextInitializer-1 | u:p | context: [GLOBAL]] INFO  com.polarion.platform.startup  -  -- Initializing context: [GLOBAL] (1/8)
2017-06-22 11:24:17,246 [LowLevelDataService-contextInitializer-4 | u:p | context: --Demo Projects] INFO  com.polarion.platform.startup  -  -- Initializing context: --Demo Projects (2/8)
2017-06-22 11:24:17,247 [LowLevelDataService-contextInitializer-2 | u:p | cluster: default] INFO  com.polarion.platform.startup  -  -- Initializing cluster: default (5/8)
2017-06-22 11:24:17,246 [LowLevelDataService-contextInitializer-3 | u:p | context: MyPolarion] INFO  com.polarion.platform.startup  -  -- Initializing context: MyPolarion (4/8)
2017-06-22 11:24:17,246 [LowLevelDataService-contextInitializer-5 | u:p | context: library] INFO  com.polarion.platform.startup  -  -- Initializing context: library (3/8)
2017-06-22 11:24:17,252 [LowLevelDataService-contextInitializer-1 | u:p | context: CAPA] INFO  com.polarion.platform.startup  -  -- Initializing context: CAPA (6/8)
2017-06-22 11:24:17,353 [LowLevelDataService-contextInitializer-2 | u:p | context: elibrary] INFO  com.polarion.platform.startup  -  -- Initializing context: elibrary (7/8)
2017-06-22 11:24:17,525 [LowLevelDataService-contextInitializer-4 | u:p | context: drivepilot] INFO  com.polarion.platform.startup  -  -- Initializing context: drivepilot (8/8)
2017-06-22 11:24:18,525 [main | u:p] INFO  com.polarion.platform.startup  - Context initialization ... took  [ TIME 1.28 s. ]
2017-06-22 11:24:18,534 [main | u:p] INFO  com.polarion.platform.startup  - ------------------------------
2017-06-22 11:24:18,534 [main | u:p] INFO  com.polarion.platform.startup  - Revisions processing (Phase: 4/9)
2017-06-22 11:24:18,829 [main | u:p] INFO  com.polarion.platform.startup  -  -- Processing new revisions from repository default in context ContextId[context [global]]
2017-06-22 11:24:18,839 [main | u:p] INFO  com.polarion.platform.startup  - Revisions processing ... took  [ TIME 0.31 s. ]
2017-06-22 11:24:18,895 [main | u:p] INFO  com.polarion.platform.startup  - ------------------------------
2017-06-22 11:24:18,895 [main | u:p] INFO  com.polarion.platform.startup  - Build artifacts recognition (Phase: 5/9)
2017-06-22 11:24:18,903 [main | u:p] INFO  com.polarion.platform.startup  -  -- Processing build artifacts from context: [GLOBAL] (1/8)
2017-06-22 11:24:19,026 [main | u:p] INFO  com.polarion.platform.startup  -  -- Processing build artifacts from cluster: default (2/8)
2017-06-22 11:24:19,072 [main | u:p] INFO  com.polarion.platform.startup  -  -- Processing build artifacts from context: MyPolarion (3/8)
2017-06-22 11:24:19,128 [main | u:p] INFO  com.polarion.platform.startup  -  -- Processing build artifacts from context: --Demo Projects (4/8)
2017-06-22 11:24:19,180 [main | u:p] INFO  com.polarion.platform.startup  -  -- Processing build artifacts from context: library (5/8)
2017-06-22 11:24:19,230 [main | u:p] INFO  com.polarion.platform.startup  -  -- Processing build artifacts from context: CAPA (6/8)
2017-06-22 11:24:19,371 [main | u:p] INFO  com.polarion.platform.startup  -  -- Processing build artifacts from context: elibrary (7/8)
2017-06-22 11:24:19,567 [main | u:p] INFO  com.polarion.platform.startup  -  -- Processing build artifacts from context: drivepilot (8/8)
2017-06-22 11:24:19,567 [main | u:p] INFO  com.polarion.platform.startup  - Build artifacts recognition ... took  [ TIME 0.73 s. ]
2017-06-22 11:24:19,567 [main | u:p] INFO  com.polarion.platform.startup  - ------------------------------
2017-06-22 11:24:19,567 [main | u:p] INFO  com.polarion.platform.startup  - BIR inspection (Phase: 6/9)
2017-06-22 11:24:19,611 [main | u:p] INFO  com.polarion.platform.startup  - BIR inspection ... took  [ TIME 0.04 s. ]
2017-06-22 11:24:19,611 [main | u:p] INFO  com.polarion.platform.startup  - ------------------------------
2017-06-22 11:24:19,611 [main | u:p] INFO  com.polarion.platform.startup  - Data indexing (Phase: 7/9)
2017-06-22 11:24:19,801 [main | u:p] INFO  com.polarion.platform.startup  -  -- Refreshing 1 objects in index: Revision
2017-06-22 11:24:19,808 [main | u:p] INFO  com.polarion.platform.startup  -  -- -- 1 from 1 objects were refreshed (100%)
2017-06-22 11:24:20,096 [main | u:p] INFO  com.polarion.platform.startup  - Data indexing ... took  [ TIME 0.49 s. ]
2017-06-22 11:24:20,097 [main | u:p] INFO  com.polarion.platform.startup  - ------------------------------
2017-06-22 11:24:20,097 [main | u:p] INFO  com.polarion.platform.startup  - Fields recalculation (Phase: 8/9)
2017-06-22 11:24:20,120 [main | u:p] INFO  com.polarion.platform.startup  - Fields recalculation ... took  [ TIME 0.02 s. ]
2017-06-22 11:24:20,120 [main | u:p] INFO  com.polarion.platform.startup  - ------------------------------
2017-06-22 11:24:20,120 [main | u:p] INFO  com.polarion.platform.startup  - Polarion startup (Phase: 9/9)
2017-06-22 11:24:55,882 [main] INFO  com.polarion.platform.startup  - Polarion startup ... took  [ TIME 35.76 s. ]
2017-06-22 11:24:55,882 [main] INFO  com.polarion.platform.startup  - ****************************************************************
2017-06-22 11:24:55,882 [main] INFO  com.polarion.platform.startup  -                  Polarion started:  [ TIME 44 s. ]
2017-06-22 11:24:55,882 [main] INFO  com.polarion.platform.startup  - ****************************************************************
