2017-06-23 11:11:00,438 [main] INFO  com.polarion.platform.startup  - ****************************************************************
2017-06-23 11:11:00,438 [main] INFO  com.polarion.platform.startup  -                 Polarion starting, please wait!                 
2017-06-23 11:11:00,438 [main] INFO  com.polarion.platform.startup  - ****************************************************************
2017-06-23 11:11:00,438 [main] INFO  com.polarion.platform.startup  - Server start mode: normal
2017-06-23 11:11:00,438 [main] INFO  com.polarion.platform.startup  - ------------------------------
2017-06-23 11:11:00,438 [main] INFO  com.polarion.platform.startup  - Platform startup (Phase: 1/9)
2017-06-23 11:11:04,920 [main] INFO  com.polarion.platform.startup  - Opening historical database...
2017-06-23 11:11:05,065 [main] INFO  com.polarion.platform.startup  - Opening of historical database finished [ TIME 0.144 s. ]
2017-06-23 11:11:05,065 [main] INFO  com.polarion.platform.startup  - Opening head database...
2017-06-23 11:11:05,122 [main] INFO  com.polarion.platform.startup  - Opening of head database finished [ TIME 0.0573 s. ]
2017-06-23 11:11:05,347 [main | u:p] INFO  com.polarion.platform.startup  -  -- Polarion startup estimation:  [ TIME 43 s. ]
2017-06-23 11:11:05,500 [main | u:p] INFO  com.polarion.platform.startup  - Platform startup ... took  [ TIME 5.07 s. ]
2017-06-23 11:11:05,665 [main | u:p] INFO  com.polarion.platform.startup  - ------------------------------
2017-06-23 11:11:05,665 [main | u:p] INFO  com.polarion.platform.startup  - Context recognition (Phase: 2/9)
2017-06-23 11:11:05,707 [main | u:p] INFO  com.polarion.platform.startup  - Context recognition ... took  [ TIME 0.21 s. ]
2017-06-23 11:11:05,707 [main | u:p] INFO  com.polarion.platform.startup  - ------------------------------
2017-06-23 11:11:05,707 [main | u:p] INFO  com.polarion.platform.startup  - Context initialization (Phase: 3/9)
2017-06-23 11:11:05,711 [LowLevelDataService-contextInitializer-5 | u:p | context: library] INFO  com.polarion.platform.startup  -  -- Initializing context: library (2/8)
2017-06-23 11:11:05,711 [LowLevelDataService-contextInitializer-3 | u:p | context: MyPolarion] INFO  com.polarion.platform.startup  -  -- Initializing context: MyPolarion (3/8)
2017-06-23 11:11:05,711 [LowLevelDataService-contextInitializer-2 | u:p | cluster: default] INFO  com.polarion.platform.startup  -  -- Initializing cluster: default (5/8)
2017-06-23 11:11:05,711 [LowLevelDataService-contextInitializer-4 | u:p | context: --Demo Projects] INFO  com.polarion.platform.startup  -  -- Initializing context: --Demo Projects (4/8)
2017-06-23 11:11:05,711 [LowLevelDataService-contextInitializer-1 | u:p | context: [GLOBAL]] INFO  com.polarion.platform.startup  -  -- Initializing context: [GLOBAL] (1/8)
2017-06-23 11:11:05,717 [LowLevelDataService-contextInitializer-1 | u:p | context: CAPA] INFO  com.polarion.platform.startup  -  -- Initializing context: CAPA (6/8)
2017-06-23 11:11:05,809 [LowLevelDataService-contextInitializer-2 | u:p | context: elibrary] INFO  com.polarion.platform.startup  -  -- Initializing context: elibrary (7/8)
2017-06-23 11:11:05,941 [LowLevelDataService-contextInitializer-4 | u:p | context: drivepilot] INFO  com.polarion.platform.startup  -  -- Initializing context: drivepilot (8/8)
2017-06-23 11:11:06,941 [main | u:p] INFO  com.polarion.platform.startup  - Context initialization ... took  [ TIME 1.23 s. ]
2017-06-23 11:11:06,952 [main | u:p] INFO  com.polarion.platform.startup  - ------------------------------
2017-06-23 11:11:06,952 [main | u:p] INFO  com.polarion.platform.startup  - Revisions processing (Phase: 4/9)
2017-06-23 11:11:07,245 [main | u:p] INFO  com.polarion.platform.startup  -  -- Processing new revisions from repository default in context ContextId[context [global]]
2017-06-23 11:11:07,255 [main | u:p] INFO  com.polarion.platform.startup  - Revisions processing ... took  [ TIME 0.31 s. ]
2017-06-23 11:11:07,313 [main | u:p] INFO  com.polarion.platform.startup  - ------------------------------
2017-06-23 11:11:07,313 [main | u:p] INFO  com.polarion.platform.startup  - Build artifacts recognition (Phase: 5/9)
2017-06-23 11:11:07,322 [main | u:p] INFO  com.polarion.platform.startup  -  -- Processing build artifacts from context: [GLOBAL] (1/8)
2017-06-23 11:11:07,468 [main | u:p] INFO  com.polarion.platform.startup  -  -- Processing build artifacts from cluster: default (2/8)
2017-06-23 11:11:07,526 [main | u:p] INFO  com.polarion.platform.startup  -  -- Processing build artifacts from context: MyPolarion (3/8)
2017-06-23 11:11:07,603 [main | u:p] INFO  com.polarion.platform.startup  -  -- Processing build artifacts from context: --Demo Projects (4/8)
2017-06-23 11:11:07,659 [main | u:p] INFO  com.polarion.platform.startup  -  -- Processing build artifacts from context: library (5/8)
2017-06-23 11:11:07,718 [main | u:p] INFO  com.polarion.platform.startup  -  -- Processing build artifacts from context: CAPA (6/8)
2017-06-23 11:11:07,901 [main | u:p] INFO  com.polarion.platform.startup  -  -- Processing build artifacts from context: elibrary (7/8)
2017-06-23 11:11:08,046 [main | u:p] INFO  com.polarion.platform.startup  -  -- Processing build artifacts from context: drivepilot (8/8)
2017-06-23 11:11:08,047 [main | u:p] INFO  com.polarion.platform.startup  - Build artifacts recognition ... took  [ TIME 0.79 s. ]
2017-06-23 11:11:08,047 [main | u:p] INFO  com.polarion.platform.startup  - ------------------------------
2017-06-23 11:11:08,047 [main | u:p] INFO  com.polarion.platform.startup  - BIR inspection (Phase: 6/9)
2017-06-23 11:11:08,089 [main | u:p] INFO  com.polarion.platform.startup  - BIR inspection ... took  [ TIME 0.04 s. ]
2017-06-23 11:11:08,089 [main | u:p] INFO  com.polarion.platform.startup  - ------------------------------
2017-06-23 11:11:08,089 [main | u:p] INFO  com.polarion.platform.startup  - Data indexing (Phase: 7/9)
2017-06-23 11:11:08,319 [main | u:p] INFO  com.polarion.platform.startup  -  -- Refreshing 1 objects in index: Revision
2017-06-23 11:11:08,324 [main | u:p] INFO  com.polarion.platform.startup  -  -- -- 1 from 1 objects were refreshed (100%)
2017-06-23 11:11:08,574 [main | u:p] INFO  com.polarion.platform.startup  - Data indexing ... took  [ TIME 0.48 s. ]
2017-06-23 11:11:08,575 [main | u:p] INFO  com.polarion.platform.startup  - ------------------------------
2017-06-23 11:11:08,575 [main | u:p] INFO  com.polarion.platform.startup  - Fields recalculation (Phase: 8/9)
2017-06-23 11:11:08,592 [main | u:p] INFO  com.polarion.platform.startup  - Fields recalculation ... took  [ TIME 0.02 s. ]
2017-06-23 11:11:08,592 [main | u:p] INFO  com.polarion.platform.startup  - ------------------------------
2017-06-23 11:11:08,592 [main | u:p] INFO  com.polarion.platform.startup  - Polarion startup (Phase: 9/9)
2017-06-23 11:11:43,452 [main] INFO  com.polarion.platform.startup  - Polarion startup ... took  [ TIME 34.86 s. ]
2017-06-23 11:11:43,454 [main] INFO  com.polarion.platform.startup  - ****************************************************************
2017-06-23 11:11:43,454 [main] INFO  com.polarion.platform.startup  -                  Polarion started:  [ TIME 43 s. ]
2017-06-23 11:11:43,454 [main] INFO  com.polarion.platform.startup  - ****************************************************************
