2017-06-23 09:57:10,621 [main] INFO  com.polarion.platform.startup  - ****************************************************************
2017-06-23 09:57:10,621 [main] INFO  com.polarion.platform.startup  -                 Polarion starting, please wait!                 
2017-06-23 09:57:10,621 [main] INFO  com.polarion.platform.startup  - ****************************************************************
2017-06-23 09:57:10,622 [main] INFO  com.polarion.platform.startup  - Server start mode: normal
2017-06-23 09:57:10,622 [main] INFO  com.polarion.platform.startup  - ------------------------------
2017-06-23 09:57:10,622 [main] INFO  com.polarion.platform.startup  - Platform startup (Phase: 1/9)
2017-06-23 09:57:15,814 [main] INFO  com.polarion.platform.startup  - Opening historical database...
2017-06-23 09:57:16,072 [main] INFO  com.polarion.platform.startup  - Opening of historical database finished [ TIME 0.257 s. ]
2017-06-23 09:57:16,072 [main] INFO  com.polarion.platform.startup  - Opening head database...
2017-06-23 09:57:16,194 [main] INFO  com.polarion.platform.startup  - Opening of head database finished [ TIME 0.123 s. ]
2017-06-23 09:57:16,601 [main | u:p] INFO  com.polarion.platform.startup  -  -- Polarion startup estimation:  [ TIME 50 s. ]
2017-06-23 09:57:17,112 [main | u:p] INFO  com.polarion.platform.startup  - Platform startup ... took  [ TIME 6.51 s. ]
2017-06-23 09:57:17,517 [main | u:p] INFO  com.polarion.platform.startup  - ------------------------------
2017-06-23 09:57:17,517 [main | u:p] INFO  com.polarion.platform.startup  - Context recognition (Phase: 2/9)
2017-06-23 09:57:17,602 [main | u:p] INFO  com.polarion.platform.startup  - Context recognition ... took  [ TIME 0.49 s. ]
2017-06-23 09:57:17,603 [main | u:p] INFO  com.polarion.platform.startup  - ------------------------------
2017-06-23 09:57:17,603 [main | u:p] INFO  com.polarion.platform.startup  - Context initialization (Phase: 3/9)
2017-06-23 09:57:17,611 [LowLevelDataService-contextInitializer-3 | u:p | context: MyPolarion] INFO  com.polarion.platform.startup  -  -- Initializing context: MyPolarion (1/8)
2017-06-23 09:57:17,611 [LowLevelDataService-contextInitializer-1 | u:p | context: [GLOBAL]] INFO  com.polarion.platform.startup  -  -- Initializing context: [GLOBAL] (2/8)
2017-06-23 09:57:17,611 [LowLevelDataService-contextInitializer-5 | u:p | context: library] INFO  com.polarion.platform.startup  -  -- Initializing context: library (3/8)
2017-06-23 09:57:17,612 [LowLevelDataService-contextInitializer-2 | u:p | cluster: default] INFO  com.polarion.platform.startup  -  -- Initializing cluster: default (4/8)
2017-06-23 09:57:17,612 [LowLevelDataService-contextInitializer-4 | u:p | context: --Demo Projects] INFO  com.polarion.platform.startup  -  -- Initializing context: --Demo Projects (5/8)
2017-06-23 09:57:17,622 [LowLevelDataService-contextInitializer-1 | u:p | context: CAPA] INFO  com.polarion.platform.startup  -  -- Initializing context: CAPA (6/8)
2017-06-23 09:57:17,816 [LowLevelDataService-contextInitializer-2 | u:p | context: elibrary] INFO  com.polarion.platform.startup  -  -- Initializing context: elibrary (7/8)
2017-06-23 09:57:18,271 [LowLevelDataService-contextInitializer-4 | u:p | context: drivepilot] INFO  com.polarion.platform.startup  -  -- Initializing context: drivepilot (8/8)
2017-06-23 09:57:19,482 [main | u:p] INFO  com.polarion.platform.startup  - Context initialization ... took  [ TIME 1.88 s. ]
2017-06-23 09:57:19,494 [main | u:p] INFO  com.polarion.platform.startup  - ------------------------------
2017-06-23 09:57:19,494 [main | u:p] INFO  com.polarion.platform.startup  - Revisions processing (Phase: 4/9)
2017-06-23 09:57:19,857 [main | u:p] INFO  com.polarion.platform.startup  -  -- Processing new revisions from repository default in context ContextId[context [global]]
2017-06-23 09:57:19,867 [main | u:p] INFO  com.polarion.platform.startup  - Revisions processing ... took  [ TIME 0.38 s. ]
2017-06-23 09:57:19,944 [main | u:p] INFO  com.polarion.platform.startup  - ------------------------------
2017-06-23 09:57:19,945 [main | u:p] INFO  com.polarion.platform.startup  - Build artifacts recognition (Phase: 5/9)
2017-06-23 09:57:19,958 [main | u:p] INFO  com.polarion.platform.startup  -  -- Processing build artifacts from context: [GLOBAL] (1/8)
2017-06-23 09:57:20,140 [main | u:p] INFO  com.polarion.platform.startup  -  -- Processing build artifacts from cluster: default (2/8)
2017-06-23 09:57:20,206 [main | u:p] INFO  com.polarion.platform.startup  -  -- Processing build artifacts from context: MyPolarion (3/8)
2017-06-23 09:57:20,270 [main | u:p] INFO  com.polarion.platform.startup  -  -- Processing build artifacts from context: --Demo Projects (4/8)
2017-06-23 09:57:20,348 [main | u:p] INFO  com.polarion.platform.startup  -  -- Processing build artifacts from context: library (5/8)
2017-06-23 09:57:20,411 [main | u:p] INFO  com.polarion.platform.startup  -  -- Processing build artifacts from context: CAPA (6/8)
2017-06-23 09:57:20,562 [main | u:p] INFO  com.polarion.platform.startup  -  -- Processing build artifacts from context: elibrary (7/8)
2017-06-23 09:57:20,742 [main | u:p] INFO  com.polarion.platform.startup  -  -- Processing build artifacts from context: drivepilot (8/8)
2017-06-23 09:57:20,742 [main | u:p] INFO  com.polarion.platform.startup  - Build artifacts recognition ... took  [ TIME 0.88 s. ]
2017-06-23 09:57:20,743 [main | u:p] INFO  com.polarion.platform.startup  - ------------------------------
2017-06-23 09:57:20,743 [main | u:p] INFO  com.polarion.platform.startup  - BIR inspection (Phase: 6/9)
2017-06-23 09:57:20,807 [main | u:p] INFO  com.polarion.platform.startup  - BIR inspection ... took  [ TIME 0.06 s. ]
2017-06-23 09:57:20,835 [main | u:p] INFO  com.polarion.platform.startup  - ------------------------------
2017-06-23 09:57:20,835 [main | u:p] INFO  com.polarion.platform.startup  - Data indexing (Phase: 7/9)
2017-06-23 09:57:21,106 [main | u:p] INFO  com.polarion.platform.startup  -  -- Refreshing 4 objects in index: Build
2017-06-23 09:57:21,108 [main | u:p] INFO  com.polarion.platform.startup  -  -- -- 4 from 4 objects were refreshed (100%)
2017-06-23 09:57:21,369 [main | u:p] INFO  com.polarion.platform.startup  -  -- Refreshing 1 objects in index: Revision
2017-06-23 09:57:21,371 [main | u:p] INFO  com.polarion.platform.startup  -  -- -- 1 from 1 objects were refreshed (100%)
2017-06-23 09:57:21,529 [main | u:p] INFO  com.polarion.platform.startup  - Data indexing ... took  [ TIME 0.72 s. ]
2017-06-23 09:57:21,530 [main | u:p] INFO  com.polarion.platform.startup  - ------------------------------
2017-06-23 09:57:21,530 [main | u:p] INFO  com.polarion.platform.startup  - Fields recalculation (Phase: 8/9)
2017-06-23 09:57:21,559 [main | u:p] INFO  com.polarion.platform.startup  - Fields recalculation ... took  [ TIME 0.03 s. ]
2017-06-23 09:57:21,560 [main | u:p] INFO  com.polarion.platform.startup  - ------------------------------
2017-06-23 09:57:21,560 [main | u:p] INFO  com.polarion.platform.startup  - Polarion startup (Phase: 9/9)
2017-06-23 09:57:57,540 [main] INFO  com.polarion.platform.startup  - Polarion startup ... took  [ TIME 35.98 s. ]
2017-06-23 09:57:57,540 [main] INFO  com.polarion.platform.startup  - ****************************************************************
2017-06-23 09:57:57,540 [main] INFO  com.polarion.platform.startup  -                  Polarion started:  [ TIME 46.9 s. ]
2017-06-23 09:57:57,540 [main] INFO  com.polarion.platform.startup  - ****************************************************************
