2017-06-23 11:03:22,054 [main | u:p] INFO  TXLOGGER  - Summary for 'Platform startup': transactions: 0, DB: 0.0416 s [50% update (126x), 48% query (13x)] (206x), svn: 0.0231 s [87% checkPath (1x)] (3x)
2017-06-23 11:03:22,261 [main | u:p] INFO  TXLOGGER  - Summary for 'Context recognition': transactions: 0, svn: 0.0886 s [40% info (3x), 32% getDir2 content (2x), 28% getFile content (1x)] (6x)
2017-06-23 11:03:23,570 [LowLevelDataService-contextInitializer-3 | u:p] INFO  TXLOGGER  - Summary: Total: 1.31 s, transactions: 0, ObjectMaps: 0.258 s [100% getAllPrimaryObjects (1x)] (7x)
2017-06-23 11:03:23,570 [LowLevelDataService-contextInitializer-5 | u:p] INFO  TXLOGGER  - Summary: Total: 1.3 s, transactions: 0, svn: 0.296 s [49% log2 (5x), 24% log (1x), 14% info (4x)] (15x)
2017-06-23 11:03:23,570 [LowLevelDataService-contextInitializer-1 | u:p] INFO  TXLOGGER  - Summary: Total: 1.31 s, transactions: 0, svn: 0.0658 s [98% log2 (5x)] (6x)
2017-06-23 11:03:23,570 [LowLevelDataService-contextInitializer-4 | u:p] INFO  TXLOGGER  - Summary: Total: 1.31 s, transactions: 0, svn: 0.212 s [99% log2 (10x)] (12x)
2017-06-23 11:03:23,570 [LowLevelDataService-contextInitializer-2 | u:p] INFO  TXLOGGER  - Summary: Total: 1.31 s, transactions: 0, svn: 0.241 s [99% log2 (6x)] (8x)
2017-06-23 11:03:23,571 [main | u:p] INFO  TXLOGGER  - Summary for 'Context initialization': transactions: 0, svn: 0.86 s [81% log2 (31x)] (47x), ObjectMaps: 0.393 s [99% getAllPrimaryObjects (7x)] (55x)
2017-06-23 11:03:23,862 [main | u:p] INFO  TXLOGGER  - Summary for 'Revisions processing': transactions: 14, RepositoryConfigService: 0.193 s [100% getReadConfiguration (42x)] (42x), svn: 0.107 s [89% info (15x)] (32x)
2017-06-23 11:03:24,552 [main | u:p] INFO  TXLOGGER  - Summary for 'Build artifacts recognition': transactions: 40, svn: 0.543 s [86% info (78x)] (131x), RepositoryConfigService: 0.438 s [100% getReadConfiguration (80x)] (80x)
2017-06-23 11:03:25,189 [main | u:p] INFO  TXLOGGER  - Summary for 'Data indexing': transactions: 0, Lucene: 0.252 s [100% refresh (2x)] (2x), SubterraURITable: 0.0237 s [100% addIfNotExistsDB (17x)] (17x), DB: 0.0227 s [49% update (38x), 23% query (17x), 21% execute (12x)] (103x)
2017-06-23 11:03:59,513 [main] INFO  TXLOGGER  - Summary for 'Polarion startup': transactions: 1, svn: 0.291 s [79% info (47x), 11% getDir2 content (5x)] (66x), RepositoryConfigService: 0.033 s [100% getReadConfiguration (2x)] (2x)
2017-06-23 11:03:59,617 [Persistence Events Processing Thread | u:p] INFO  TXLOGGER  - Summary: Total: 0.1 s, transactions: 6, persistence listener: 0.0996 s [92% notificationsCreatingListener (1x)] (7x)
2017-06-23 11:03:59,738 [Worker-0 | u:p | job: polarion.jobs.attachment.indexer] INFO  TXLOGGER  - Summary after AttachmentIndexer: transactions: 48, Lucene: 0.126 s [100% add (2x)] (2x), persistence listener: 0.102 s [90% notificationsCreatingListener (8x)] (56x), resolve: 0.0375 s [91% User (2x)] (5x), ObjectMaps: 0.0102 s [100% getPrimaryObjectLocation (2x)] (2x)
2017-06-23 11:04:00,354 [PreLoadDataService | u:p] INFO  TXLOGGER  - Tx 5734dc55d8838_0_5734dc55d8838_0_: finished. Total: 0.831 s, svn: 0.489 s [65% getDir2 content (25x), 35% getFile content (15x)] (43x), resolve: 0.374 s [52% Category (8x), 48% TimePoint (5x)] (13x), ObjectMaps: 0.053 s [51% getPrimaryObjectLocation (13x), 28% getPrimaryObjectProperty (13x), 22% getLastPromoted (13x)] (55x)
2017-06-23 11:04:00,802 [PreLoadDataService | u:p] INFO  TXLOGGER  - Tx 5734dc56d0c6a_0_5734dc56d0c6a_0_: finished. Total: 0.286 s, svn: 0.197 s [61% getFile content (14x), 39% info (10x)] (25x), RepositoryConfigService: 0.145 s [80% getReadConfiguration (72x)] (74x), resolve: 0.112 s [100% User (8x)] (8x), ObjectMaps: 0.025 s [47% getPrimaryObjectLocation (8x), 29% getPrimaryObjectProperty (8x), 24% getLastPromoted (8x)] (33x)
2017-06-23 11:04:00,961 [PreLoadDataService | u:p] INFO  TXLOGGER  - Tx 5734dc571886b_0_5734dc571886b_0_: finished. Total: 0.159 s, RepositoryConfigService: 0.135 s [99% getReadConfiguration (55x)] (78x), svn: 0.103 s [100% getFile content (13x)] (14x)
2017-06-23 11:04:01,259 [DBHistoryCreator-2 | u:p] INFO  TXLOGGER  - Summary: Total: 1.48 s, transactions: 0
2017-06-23 11:04:01,259 [DBHistoryCreator-1 | u:p] INFO  TXLOGGER  - Summary: Total: 1.48 s, transactions: 0
2017-06-23 11:04:01,259 [Worker-1 | u:p | job: polarion.jobs.db.history] INFO  TXLOGGER  - Summary after DBHistoryCreator: transactions: 0, Lucene: 0.0299 s [100% add (1x)] (1x), DB: 0.00169 s [76% update (2x), 24% commit (2x)] (4x)
2017-06-23 11:04:01,260 [Worker-1 | u:p] INFO  TXLOGGER  - Summary for 'job: polarion.jobs.db.history': Total: 1.53 s, transactions: 0, SubterraURITable: 1.18 s [100% getDB (4090x)] (4090x), DB: 1.13 s [51% query (4116x), 30% update (4091x)] (20583x)
2017-06-23 11:04:01,716 [PreLoadDataService | u:p] INFO  TXLOGGER  - Tx 5734dc574046c_0_5734dc574046c_0_: finished. Total: 0.755 s, svn: 0.68 s [72% getFile content (47x), 28% getDir2 content (17x)] (65x), RepositoryConfigService: 0.551 s [100% getReadConfiguration (164x)] (180x)
2017-06-23 11:04:02,058 [PreLoadDataService | u:p] INFO  TXLOGGER  - Tx 5734dc57fd06d_0_5734dc57fd06d_0_: finished. Total: 0.342 s, RepositoryConfigService: 0.289 s [99% getReadConfiguration (295x)] (370x), svn: 0.283 s [85% getFile content (35x)] (42x)
2017-06-23 11:04:02,480 [PreLoadDataService | u:p] INFO  TXLOGGER  - Tx 5734dc585286e_0_5734dc585286e_0_: finished. Total: 0.422 s, svn: 0.389 s [57% getFile content (21x), 43% getDir2 content (17x)] (39x), RepositoryConfigService: 0.249 s [100% getReadConfiguration (88x)] (110x)
2017-06-23 11:04:02,596 [PreLoadDataService | u:p] INFO  TXLOGGER  - Tx 5734dc58bc06f_0_5734dc58bc06f_0_: finished. Total: 0.116 s, svn: 0.108 s [58% getDir2 content (11x), 42% getFile content (8x)] (20x), RepositoryConfigService: 0.051 s [99% getReadConfiguration (38x)] (54x)
2017-06-23 11:04:02,887 [PreLoadDataService | u:p] INFO  TXLOGGER  - Tx 5734dc58d9070_0_5734dc58d9070_0_: finished. Total: 0.29 s, svn: 0.258 s [60% getFile content (24x), 40% getDir2 content (12x)] (37x), RepositoryConfigService: 0.184 s [100% getReadConfiguration (87x)] (109x)
2017-06-23 11:04:02,887 [PreLoadDataService] INFO  TXLOGGER  - Summary for 'PreloadDataService': Total: 3.37 s, transactions: 9, svn: 2.58 s [61% getFile content (182x), 34% getDir2 content (90x)] (301x), RepositoryConfigService: 1.63 s [98% getReadConfiguration (801x)] (981x), resolve: 0.597 s [33% Category (8x), 30% TimePoint (5x), 19% User (8x)] (26x)
2017-06-23 11:04:02,888 [PreLoadDataService] INFO  TXLOGGER  - Summary after preload: transactions: 9, svn: 2.58 s [61% getFile content (182x), 34% getDir2 content (90x)] (301x), RepositoryConfigService: 1.63 s [98% getReadConfiguration (801x)] (981x), SubterraURITable: 1.18 s [100% getDB (4090x)] (4090x), DB: 1.13 s [51% query (4116x), 30% update (4091x)] (20583x), resolve: 0.597 s [33% Category (8x), 30% TimePoint (5x), 19% User (9x)] (27x)
2017-06-23 11:05:09,139 [ajp-nio-8889-exec-9 | u:admin] INFO  TXLOGGER  - Summary for 'PortalDataService.requestPortalSite': Total: 0.314 s, transactions: 10, RepositoryConfigService: 0.119 s [88% getReadConfiguration (18x)] (36x), svn: 0.104 s [44% info (6x), 29% getFile content (4x), 27% getDir2 content (2x)] (22x)
2017-06-23 11:05:10,117 [ajp-nio-8889-exec-2 | u:admin | uri:/polarion/wiki/bin/view/project/elibrary/page/Home | wiki: view http://localhost/polarion/wiki/bin/view/project/elibrary/page/Home] INFO  TXLOGGER  - Tx 5734dc9aad07d_0_5734dc9aad07d_0_: finished. Total: 0.113 s
2017-06-23 11:05:10,988 [ajp-nio-8889-exec-2 | u:admin | uri:/polarion/wiki/bin/view/project/elibrary/page/Home | wiki: view http://localhost/polarion/wiki/bin/view/project/elibrary/page/Home] INFO  TXLOGGER  - Tx 5734dc9b4107e_0_5734dc9b4107e_0_: finished. Total: 0.391 s, resolve: 0.236 s [99% WikiPage (8x)] (14x), svn: 0.231 s [76% info (16x), 13% getFile content (4x)] (24x)
2017-06-23 11:05:11,028 [ajp-nio-8889-exec-2] INFO  TXLOGGER  - Summary for 'servlet /polarion/wiki/bin/view/project/elibrary/page/Home': Total: 1.77 s, transactions: 5, Velocity: 1.39 s [100% evaluate in Wiki (1x)] (1x), svn: 0.956 s [73% info (104x), 13% getFile content (17x)] (143x), resolve: 0.28 s [99% WikiPage (25x)] (35x)
2017-06-23 11:05:12,301 [ajp-nio-8889-exec-10 | u:admin] INFO  TXLOGGER  - Tx 5734dc9c80485_0_5734dc9c80485_0_: finished. Total: 0.427 s, svn: 0.149 s [69% getFile content (7x), 20% info (3x)] (13x), RepositoryConfigService: 0.146 s [88% getReadConfiguration (161x)] (187x), resolve: 0.0672 s [99% WorkItem (2x)] (8x)
2017-06-23 11:05:12,401 [ajp-nio-8889-exec-10 | u:admin] INFO  TXLOGGER  - Summary for 'WorkItemDataService.loadWorkitem': Total: 0.529 s, transactions: 1, svn: 0.149 s [69% getFile content (7x), 20% info (3x)] (13x), RepositoryConfigService: 0.146 s [88% getReadConfiguration (161x)] (187x), resolve: 0.0672 s [99% WorkItem (2x)] (8x)
2017-06-23 11:05:13,220 [ajp-nio-8889-exec-9 | u:admin] INFO  TXLOGGER  - Tx 5734dc9c7f484_0_5734dc9c7f484_0_: finished. Total: 1.35 s, resolve: 1.18 s [75% WorkItem (14x), 19% Module (16x)] (37x), svn: 1.07 s [48% info (50x), 25% getDir2 content (24x), 25% getFile content (24x)] (104x)
2017-06-23 11:05:13,246 [ajp-nio-8889-exec-9 | u:admin] INFO  TXLOGGER  - Summary for 'WorkItemDataService.loadInstances': Total: 1.38 s, transactions: 1, resolve: 1.18 s [75% WorkItem (14x), 19% Module (16x)] (37x), svn: 1.07 s [48% info (50x), 25% getDir2 content (24x), 25% getFile content (24x)] (104x)
2017-06-23 11:05:15,919 [ajp-nio-8889-exec-7 | u:admin] INFO  TXLOGGER  - Tx 5734dca027086_0_5734dca027086_0_: finished. Total: 0.306 s, RepositoryConfigService: 0.133 s [89% getReadConfiguration (158x)] (181x), svn: 0.12 s [65% getFile content (9x), 34% info (5x)] (16x), resolve: 0.0687 s [98% Plan (7x)] (25x), ObjectEnum Plan: 0.0428 s [100% available (2x)] (2x)
2017-06-23 11:05:15,950 [ajp-nio-8889-exec-7 | u:admin] INFO  TXLOGGER  - Summary for 'WorkItemDataService.loadWorkitem': Total: 0.338 s, transactions: 1, RepositoryConfigService: 0.133 s [89% getReadConfiguration (158x)] (181x), svn: 0.12 s [65% getFile content (9x), 34% info (5x)] (16x), resolve: 0.0687 s [98% Plan (7x)] (25x), ObjectEnum Plan: 0.0428 s [100% available (2x)] (2x)
