2017-06-23 15:03:09,198 [main] INFO  com.polarion.platform.startup  - ****************************************************************
2017-06-23 15:03:09,198 [main] INFO  com.polarion.platform.startup  -                 Polarion starting, please wait!                 
2017-06-23 15:03:09,198 [main] INFO  com.polarion.platform.startup  - ****************************************************************
2017-06-23 15:03:09,199 [main] INFO  com.polarion.platform.startup  - Server start mode: normal
2017-06-23 15:03:09,199 [main] INFO  com.polarion.platform.startup  - ------------------------------
2017-06-23 15:03:09,205 [main] INFO  com.polarion.platform.startup  - Platform startup (Phase: 1/9)
2017-06-23 15:03:16,047 [main] INFO  com.polarion.platform.startup  - Opening historical database...
2017-06-23 15:03:16,206 [main] INFO  com.polarion.platform.startup  - Opening of historical database finished [ TIME 0.159 s. ]
2017-06-23 15:03:16,206 [main] INFO  com.polarion.platform.startup  - Opening head database...
2017-06-23 15:03:16,279 [main] INFO  com.polarion.platform.startup  - Opening of head database finished [ TIME 0.0722 s. ]
2017-06-23 15:03:16,488 [main | u:p] INFO  com.polarion.platform.startup  -  -- Polarion startup estimation:  [ TIME 43 s. ]
2017-06-23 15:03:16,652 [main | u:p] INFO  com.polarion.platform.startup  - Platform startup ... took  [ TIME 7.47 s. ]
2017-06-23 15:03:16,804 [main | u:p] INFO  com.polarion.platform.startup  - ------------------------------
2017-06-23 15:03:16,804 [main | u:p] INFO  com.polarion.platform.startup  - Context recognition (Phase: 2/9)
2017-06-23 15:03:16,851 [main | u:p] INFO  com.polarion.platform.startup  - Context recognition ... took  [ TIME 0.2 s. ]
2017-06-23 15:03:16,852 [main | u:p] INFO  com.polarion.platform.startup  - ------------------------------
2017-06-23 15:03:16,852 [main | u:p] INFO  com.polarion.platform.startup  - Context initialization (Phase: 3/9)
2017-06-23 15:03:16,867 [LowLevelDataService-contextInitializer-3 | u:p | context: MyPolarion] INFO  com.polarion.platform.startup  -  -- Initializing context: MyPolarion (5/8)
2017-06-23 15:03:16,867 [LowLevelDataService-contextInitializer-5 | u:p | context: library] INFO  com.polarion.platform.startup  -  -- Initializing context: library (3/8)
2017-06-23 15:03:16,867 [LowLevelDataService-contextInitializer-4 | u:p | context: --Demo Projects] INFO  com.polarion.platform.startup  -  -- Initializing context: --Demo Projects (2/8)
2017-06-23 15:03:16,867 [LowLevelDataService-contextInitializer-1 | u:p | context: [GLOBAL]] INFO  com.polarion.platform.startup  -  -- Initializing context: [GLOBAL] (1/8)
2017-06-23 15:03:16,867 [LowLevelDataService-contextInitializer-2 | u:p | cluster: default] INFO  com.polarion.platform.startup  -  -- Initializing cluster: default (4/8)
2017-06-23 15:03:16,873 [LowLevelDataService-contextInitializer-1 | u:p | context: CAPA] INFO  com.polarion.platform.startup  -  -- Initializing context: CAPA (6/8)
2017-06-23 15:03:16,968 [LowLevelDataService-contextInitializer-2 | u:p | context: elibrary] INFO  com.polarion.platform.startup  -  -- Initializing context: elibrary (7/8)
2017-06-23 15:03:17,076 [LowLevelDataService-contextInitializer-4 | u:p | context: drivepilot] INFO  com.polarion.platform.startup  -  -- Initializing context: drivepilot (8/8)
2017-06-23 15:03:18,121 [main | u:p] INFO  com.polarion.platform.startup  - Context initialization ... took  [ TIME 1.27 s. ]
2017-06-23 15:03:18,132 [main | u:p] INFO  com.polarion.platform.startup  - ------------------------------
2017-06-23 15:03:18,132 [main | u:p] INFO  com.polarion.platform.startup  - Revisions processing (Phase: 4/9)
2017-06-23 15:03:18,416 [main | u:p] INFO  com.polarion.platform.startup  -  -- Processing new revisions from repository default in context ContextId[context [global]]
2017-06-23 15:03:18,425 [main | u:p] INFO  com.polarion.platform.startup  - Revisions processing ... took  [ TIME 0.3 s. ]
2017-06-23 15:03:18,481 [main | u:p] INFO  com.polarion.platform.startup  - ------------------------------
2017-06-23 15:03:18,481 [main | u:p] INFO  com.polarion.platform.startup  - Build artifacts recognition (Phase: 5/9)
2017-06-23 15:03:18,490 [main | u:p] INFO  com.polarion.platform.startup  -  -- Processing build artifacts from context: [GLOBAL] (1/8)
2017-06-23 15:03:18,628 [main | u:p] INFO  com.polarion.platform.startup  -  -- Processing build artifacts from cluster: default (2/8)
2017-06-23 15:03:18,675 [main | u:p] INFO  com.polarion.platform.startup  -  -- Processing build artifacts from context: MyPolarion (3/8)
2017-06-23 15:03:18,734 [main | u:p] INFO  com.polarion.platform.startup  -  -- Processing build artifacts from context: --Demo Projects (4/8)
2017-06-23 15:03:18,794 [main | u:p] INFO  com.polarion.platform.startup  -  -- Processing build artifacts from context: library (5/8)
2017-06-23 15:03:18,847 [main | u:p] INFO  com.polarion.platform.startup  -  -- Processing build artifacts from context: CAPA (6/8)
2017-06-23 15:03:19,000 [main | u:p] INFO  com.polarion.platform.startup  -  -- Processing build artifacts from context: elibrary (7/8)
2017-06-23 15:03:19,146 [main | u:p] INFO  com.polarion.platform.startup  -  -- Processing build artifacts from context: drivepilot (8/8)
2017-06-23 15:03:19,146 [main | u:p] INFO  com.polarion.platform.startup  - Build artifacts recognition ... took  [ TIME 0.72 s. ]
2017-06-23 15:03:19,146 [main | u:p] INFO  com.polarion.platform.startup  - ------------------------------
2017-06-23 15:03:19,146 [main | u:p] INFO  com.polarion.platform.startup  - BIR inspection (Phase: 6/9)
2017-06-23 15:03:19,191 [main | u:p] INFO  com.polarion.platform.startup  - BIR inspection ... took  [ TIME 0.04 s. ]
2017-06-23 15:03:19,214 [main | u:p] INFO  com.polarion.platform.startup  - ------------------------------
2017-06-23 15:03:19,214 [main | u:p] INFO  com.polarion.platform.startup  - Data indexing (Phase: 7/9)
2017-06-23 15:03:19,434 [main | u:p] INFO  com.polarion.platform.startup  -  -- Refreshing 9 objects in index: BuildArtifact
2017-06-23 15:03:19,448 [main | u:p] INFO  com.polarion.platform.startup  -  -- -- 9 from 9 objects were refreshed (100%)
2017-06-23 15:03:19,714 [main | u:p] INFO  com.polarion.platform.startup  -  -- Refreshing 1 objects in index: Revision
2017-06-23 15:03:19,715 [main | u:p] INFO  com.polarion.platform.startup  -  -- -- 1 from 1 objects were refreshed (100%)
2017-06-23 15:03:19,794 [main | u:p] INFO  com.polarion.platform.startup  - Data indexing ... took  [ TIME 0.6 s. ]
2017-06-23 15:03:19,795 [main | u:p] INFO  com.polarion.platform.startup  - ------------------------------
2017-06-23 15:03:19,795 [main | u:p] INFO  com.polarion.platform.startup  - Fields recalculation (Phase: 8/9)
2017-06-23 15:03:19,812 [main | u:p] INFO  com.polarion.platform.startup  - Fields recalculation ... took  [ TIME 0.02 s. ]
2017-06-23 15:03:19,812 [main | u:p] INFO  com.polarion.platform.startup  - ------------------------------
2017-06-23 15:03:19,812 [main | u:p] INFO  com.polarion.platform.startup  - Polarion startup (Phase: 9/9)
2017-06-23 15:03:54,673 [main] INFO  com.polarion.platform.startup  - Polarion startup ... took  [ TIME 34.86 s. ]
2017-06-23 15:03:54,673 [main] INFO  com.polarion.platform.startup  - ****************************************************************
2017-06-23 15:03:54,673 [main] INFO  com.polarion.platform.startup  -                  Polarion started:  [ TIME 45.5 s. ]
2017-06-23 15:03:54,673 [main] INFO  com.polarion.platform.startup  - ****************************************************************
