2017-06-26 15:02:46,695 [main] INFO  com.polarion.platform.startup  - ****************************************************************
2017-06-26 15:02:46,695 [main] INFO  com.polarion.platform.startup  -                 Polarion starting, please wait!                 
2017-06-26 15:02:46,695 [main] INFO  com.polarion.platform.startup  - ****************************************************************
2017-06-26 15:02:46,695 [main] INFO  com.polarion.platform.startup  - Server start mode: normal
2017-06-26 15:02:46,695 [main] INFO  com.polarion.platform.startup  - ------------------------------
2017-06-26 15:02:46,696 [main] INFO  com.polarion.platform.startup  - Platform startup (Phase: 1/9)
2017-06-26 15:02:51,184 [main] INFO  com.polarion.platform.startup  - Opening historical database...
2017-06-26 15:02:51,344 [main] INFO  com.polarion.platform.startup  - Opening of historical database finished [ TIME 0.16 s. ]
2017-06-26 15:02:51,345 [main] INFO  com.polarion.platform.startup  - Opening head database...
2017-06-26 15:02:51,422 [main] INFO  com.polarion.platform.startup  - Opening of head database finished [ TIME 0.0778 s. ]
2017-06-26 15:02:51,660 [main | u:p] INFO  com.polarion.platform.startup  -  -- Polarion startup estimation:  [ TIME 43 s. ]
2017-06-26 15:02:51,841 [main | u:p] INFO  com.polarion.platform.startup  - Platform startup ... took  [ TIME 5.16 s. ]
2017-06-26 15:02:52,012 [main | u:p] INFO  com.polarion.platform.startup  - ------------------------------
2017-06-26 15:02:52,012 [main | u:p] INFO  com.polarion.platform.startup  - Context recognition (Phase: 2/9)
2017-06-26 15:02:52,053 [main | u:p] INFO  com.polarion.platform.startup  - Context recognition ... took  [ TIME 0.21 s. ]
2017-06-26 15:02:52,054 [main | u:p] INFO  com.polarion.platform.startup  - ------------------------------
2017-06-26 15:02:52,054 [main | u:p] INFO  com.polarion.platform.startup  - Context initialization (Phase: 3/9)
2017-06-26 15:02:52,057 [LowLevelDataService-contextInitializer-2 | u:p | cluster: default] INFO  com.polarion.platform.startup  -  -- Initializing cluster: default (3/9)
2017-06-26 15:02:52,057 [LowLevelDataService-contextInitializer-3 | u:p | context: MyPolarion] INFO  com.polarion.platform.startup  -  -- Initializing context: MyPolarion (2/9)
2017-06-26 15:02:52,057 [LowLevelDataService-contextInitializer-4 | u:p | context: --Demo Projects] INFO  com.polarion.platform.startup  -  -- Initializing context: --Demo Projects (5/9)
2017-06-26 15:02:52,057 [LowLevelDataService-contextInitializer-5 | u:p | context: library] INFO  com.polarion.platform.startup  -  -- Initializing context: library (1/9)
2017-06-26 15:02:52,057 [LowLevelDataService-contextInitializer-1 | u:p | context: [GLOBAL]] INFO  com.polarion.platform.startup  -  -- Initializing context: [GLOBAL] (4/9)
2017-06-26 15:02:52,062 [LowLevelDataService-contextInitializer-1 | u:p | context: NEW_CAPA] INFO  com.polarion.platform.startup  -  -- Initializing context: NEW_CAPA (6/9)
2017-06-26 15:02:52,171 [LowLevelDataService-contextInitializer-2 | u:p | context: CAPA] INFO  com.polarion.platform.startup  -  -- Initializing context: CAPA (7/9)
2017-06-26 15:02:52,301 [LowLevelDataService-contextInitializer-4 | u:p | context: elibrary] INFO  com.polarion.platform.startup  -  -- Initializing context: elibrary (8/9)
2017-06-26 15:02:52,309 [LowLevelDataService-contextInitializer-2 | u:p | context: drivepilot] INFO  com.polarion.platform.startup  -  -- Initializing context: drivepilot (9/9)
2017-06-26 15:02:53,308 [main | u:p] INFO  com.polarion.platform.startup  - Context initialization ... took  [ TIME 1.26 s. ]
2017-06-26 15:02:53,319 [main | u:p] INFO  com.polarion.platform.startup  - ------------------------------
2017-06-26 15:02:53,319 [main | u:p] INFO  com.polarion.platform.startup  - Revisions processing (Phase: 4/9)
2017-06-26 15:02:53,635 [main | u:p] INFO  com.polarion.platform.startup  -  -- Processing new revisions from repository default in context ContextId[context [global]]
2017-06-26 15:02:53,644 [main | u:p] INFO  com.polarion.platform.startup  - Revisions processing ... took  [ TIME 0.34 s. ]
2017-06-26 15:02:53,704 [main | u:p] INFO  com.polarion.platform.startup  - ------------------------------
2017-06-26 15:02:53,704 [main | u:p] INFO  com.polarion.platform.startup  - Build artifacts recognition (Phase: 5/9)
2017-06-26 15:02:53,714 [main | u:p] INFO  com.polarion.platform.startup  -  -- Processing build artifacts from context: [GLOBAL] (1/9)
2017-06-26 15:02:53,865 [main | u:p] INFO  com.polarion.platform.startup  -  -- Processing build artifacts from cluster: default (2/9)
2017-06-26 15:02:53,915 [main | u:p] INFO  com.polarion.platform.startup  -  -- Processing build artifacts from context: MyPolarion (3/9)
2017-06-26 15:02:53,978 [main | u:p] INFO  com.polarion.platform.startup  -  -- Processing build artifacts from context: --Demo Projects (4/9)
2017-06-26 15:02:54,039 [main | u:p] INFO  com.polarion.platform.startup  -  -- Processing build artifacts from context: library (5/9)
2017-06-26 15:02:54,090 [main | u:p] INFO  com.polarion.platform.startup  -  -- Processing build artifacts from context: NEW_CAPA (6/9)
2017-06-26 15:02:54,142 [main | u:p] INFO  com.polarion.platform.startup  -  -- Processing build artifacts from context: CAPA (7/9)
2017-06-26 15:02:54,295 [main | u:p] INFO  com.polarion.platform.startup  -  -- Processing build artifacts from context: elibrary (8/9)
2017-06-26 15:02:54,458 [main | u:p] INFO  com.polarion.platform.startup  -  -- Processing build artifacts from context: drivepilot (9/9)
2017-06-26 15:02:54,458 [main | u:p] INFO  com.polarion.platform.startup  - Build artifacts recognition ... took  [ TIME 0.81 s. ]
2017-06-26 15:02:54,459 [main | u:p] INFO  com.polarion.platform.startup  - ------------------------------
2017-06-26 15:02:54,459 [main | u:p] INFO  com.polarion.platform.startup  - BIR inspection (Phase: 6/9)
2017-06-26 15:02:54,508 [main | u:p] INFO  com.polarion.platform.startup  - BIR inspection ... took  [ TIME 0.05 s. ]
2017-06-26 15:02:54,535 [main | u:p] INFO  com.polarion.platform.startup  - ------------------------------
2017-06-26 15:02:54,535 [main | u:p] INFO  com.polarion.platform.startup  - Data indexing (Phase: 7/9)
2017-06-26 15:02:54,775 [main | u:p] INFO  com.polarion.platform.startup  -  -- Refreshing 10 objects in index: BuildArtifact
2017-06-26 15:02:54,790 [main | u:p] INFO  com.polarion.platform.startup  -  -- -- 10 from 10 objects were refreshed (100%)
2017-06-26 15:02:55,055 [main | u:p] INFO  com.polarion.platform.startup  -  -- Refreshing 1 objects in index: Revision
2017-06-26 15:02:55,056 [main | u:p] INFO  com.polarion.platform.startup  -  -- -- 1 from 1 objects were refreshed (100%)
2017-06-26 15:02:55,115 [main | u:p] INFO  com.polarion.platform.startup  - Data indexing ... took  [ TIME 0.61 s. ]
2017-06-26 15:02:55,116 [main | u:p] INFO  com.polarion.platform.startup  - ------------------------------
2017-06-26 15:02:55,116 [main | u:p] INFO  com.polarion.platform.startup  - Fields recalculation (Phase: 8/9)
2017-06-26 15:02:55,132 [main | u:p] INFO  com.polarion.platform.startup  - Fields recalculation ... took  [ TIME 0.02 s. ]
2017-06-26 15:02:55,132 [main | u:p] INFO  com.polarion.platform.startup  - ------------------------------
2017-06-26 15:02:55,132 [main | u:p] INFO  com.polarion.platform.startup  - Polarion startup (Phase: 9/9)
