2017-06-22 15:56:51,270 [main | u:p] INFO  TXLOGGER  - Summary for 'Platform startup': transactions: 0, DB: 0.0558 s [63% query (13x), 36% update (126x)] (206x), svn: 0.0249 s [87% checkPath (1x)] (3x)
2017-06-22 15:56:51,519 [main | u:p] INFO  TXLOGGER  - Summary for 'Context recognition': transactions: 0, svn: 0.116 s [45% info (3x), 36% getDir2 content (2x)] (6x)
2017-06-22 15:56:52,856 [LowLevelDataService-contextInitializer-1 | u:p] INFO  TXLOGGER  - Summary: Total: 1.32 s, transactions: 0
2017-06-22 15:56:52,856 [LowLevelDataService-contextInitializer-5 | u:p] INFO  TXLOGGER  - Summary: Total: 1.32 s, transactions: 0
2017-06-22 15:56:52,856 [LowLevelDataService-contextInitializer-4 | u:p] INFO  TXLOGGER  - Summary: Total: 1.32 s, transactions: 0, svn: 0.174 s [97% log2 (10x)] (12x)
2017-06-22 15:56:52,856 [LowLevelDataService-contextInitializer-3 | u:p] INFO  TXLOGGER  - Summary: Total: 1.32 s, transactions: 0, ObjectMaps: 0.251 s [100% getAllPrimaryObjects (1x)] (7x), svn: 0.149 s [37% log (1x), 29% log2 (5x), 19% info (4x)] (15x)
2017-06-22 15:56:52,856 [LowLevelDataService-contextInitializer-2 | u:p] INFO  TXLOGGER  - Summary: Total: 1.33 s, transactions: 0, svn: 0.14 s [97% log2 (6x)] (8x)
2017-06-22 15:56:52,857 [main | u:p] INFO  TXLOGGER  - Summary for 'Context initialization': transactions: 0, svn: 0.577 s [80% log2 (31x), 9% log (1x)] (47x), ObjectMaps: 0.394 s [99% getAllPrimaryObjects (7x)] (55x)
2017-06-22 15:56:53,174 [main | u:p] INFO  TXLOGGER  - Summary for 'Revisions processing': transactions: 14, RepositoryConfigService: 0.211 s [100% getReadConfiguration (42x)] (42x), svn: 0.125 s [91% info (15x)] (32x)
2017-06-22 15:56:53,951 [main | u:p] INFO  TXLOGGER  - Summary for 'Build artifacts recognition': transactions: 40, svn: 0.624 s [85% info (78x)] (131x), RepositoryConfigService: 0.516 s [100% getReadConfiguration (80x)] (80x)
2017-06-22 15:56:54,638 [main | u:p] INFO  TXLOGGER  - Summary for 'Data indexing': transactions: 0, Lucene: 0.292 s [100% refresh (2x)] (2x), DB: 0.052 s [66% update (38x), 16% query (17x)] (103x), SubterraURITable: 0.0277 s [100% addIfNotExistsDB (17x)] (17x)
2017-06-22 15:57:31,142 [main] INFO  TXLOGGER  - Summary for 'Polarion startup': transactions: 1, svn: 0.389 s [80% info (47x)] (67x), RepositoryConfigService: 0.0434 s [100% getReadConfiguration (2x)] (2x)
2017-06-22 15:57:31,259 [Persistence Events Processing Thread | u:p] INFO  TXLOGGER  - Summary: Total: 0.113 s, transactions: 6, persistence listener: 0.112 s [90% notificationsCreatingListener (1x)] (7x)
2017-06-22 15:57:31,369 [Worker-0 | u:p | job: polarion.jobs.attachment.indexer] INFO  TXLOGGER  - Summary after AttachmentIndexer: transactions: 48, Lucene: 0.119 s [100% add (2x)] (2x), persistence listener: 0.115 s [89% notificationsCreatingListener (8x)] (56x), resolve: 0.046 s [88% User (2x)] (5x), ObjectMaps: 0.0126 s [100% getPrimaryObjectLocation (2x)] (2x)
2017-06-22 15:57:32,137 [PreLoadDataService | u:p] INFO  TXLOGGER  - Tx 5733d5edb4038_0_5733d5edb4038_0_: finished. Total: 0.983 s, svn: 0.545 s [58% getDir2 content (25x), 41% getFile content (15x)] (43x), resolve: 0.513 s [52% Category (8x), 48% TimePoint (5x)] (13x), ObjectMaps: 0.0533 s [51% getPrimaryObjectLocation (13x), 29% getPrimaryObjectProperty (13x), 20% getLastPromoted (13x)] (55x)
2017-06-22 15:57:32,701 [PreLoadDataService | u:p] INFO  TXLOGGER  - Tx 5733d5eee906a_0_5733d5eee906a_0_: finished. Total: 0.312 s, svn: 0.185 s [59% getFile content (14x), 41% info (10x)] (25x), RepositoryConfigService: 0.141 s [82% getReadConfiguration (72x)] (74x), resolve: 0.139 s [100% User (8x)] (8x), ObjectMaps: 0.0198 s [44% getPrimaryObjectLocation (8x), 29% getPrimaryObjectProperty (8x), 27% getLastPromoted (8x)] (33x)
2017-06-22 15:57:32,837 [PreLoadDataService | u:p] INFO  TXLOGGER  - Tx 5733d5ef3746b_0_5733d5ef3746b_0_: finished. Total: 0.137 s, RepositoryConfigService: 0.113 s [98% getReadConfiguration (55x)] (78x), svn: 0.095 s [100% getFile content (13x)] (14x)
2017-06-22 15:57:33,091 [DBHistoryCreator-2 | u:p] INFO  TXLOGGER  - Summary: Total: 1.68 s, transactions: 0
2017-06-22 15:57:33,091 [DBHistoryCreator-1 | u:p] INFO  TXLOGGER  - Summary: Total: 1.68 s, transactions: 0
2017-06-22 15:57:33,092 [Worker-1 | u:p | job: polarion.jobs.db.history] INFO  TXLOGGER  - Summary after DBHistoryCreator: transactions: 0, Lucene: 0.0274 s [100% add (1x)] (1x), DB: 0.00171 s [72% update (2x), 28% commit (2x)] (4x)
2017-06-22 15:57:33,092 [Worker-1 | u:p] INFO  TXLOGGER  - Summary for 'job: polarion.jobs.db.history': Total: 1.73 s, transactions: 0, DB: 1.33 s [59% query (4076x), 25% update (4051x)] (20353x), SubterraURITable: 1.19 s [100% getDB (4050x)] (4050x)
2017-06-22 15:57:33,928 [PreLoadDataService | u:p] INFO  TXLOGGER  - Tx 5733d5ef5986c_0_5733d5ef5986c_0_: finished. Total: 1.09 s, svn: 1 s [71% getFile content (47x), 29% getDir2 content (17x)] (65x), RepositoryConfigService: 0.777 s [100% getReadConfiguration (164x)] (180x)
2017-06-22 15:57:34,257 [PreLoadDataService | u:p] INFO  TXLOGGER  - Tx 5733d5f06a06d_0_5733d5f06a06d_0_: finished. Total: 0.328 s, svn: 0.282 s [84% getFile content (35x)] (42x), RepositoryConfigService: 0.273 s [99% getReadConfiguration (295x)] (370x)
2017-06-22 15:57:34,626 [PreLoadDataService | u:p] INFO  TXLOGGER  - Tx 5733d5f0bc46e_0_5733d5f0bc46e_0_: finished. Total: 0.369 s, svn: 0.35 s [51% getDir2 content (17x), 49% getFile content (21x)] (39x), RepositoryConfigService: 0.187 s [100% getReadConfiguration (88x)] (110x)
2017-06-22 15:57:34,747 [PreLoadDataService | u:p] INFO  TXLOGGER  - Tx 5733d5f11886f_0_5733d5f11886f_0_: finished. Total: 0.12 s, svn: 0.111 s [58% getDir2 content (11x), 42% getFile content (8x)] (20x), RepositoryConfigService: 0.053 s [99% getReadConfiguration (38x)] (54x)
2017-06-22 15:57:35,040 [PreLoadDataService | u:p] INFO  TXLOGGER  - Tx 5733d5f136c70_0_5733d5f136c70_0_: finished. Total: 0.293 s, svn: 0.275 s [54% getFile content (24x), 46% getDir2 content (12x)] (37x), RepositoryConfigService: 0.162 s [99% getReadConfiguration (87x)] (109x)
2017-06-22 15:57:35,040 [PreLoadDataService] INFO  TXLOGGER  - Summary for 'PreloadDataService': Total: 3.89 s, transactions: 9, svn: 2.94 s [61% getFile content (182x), 35% getDir2 content (90x)] (301x), RepositoryConfigService: 1.74 s [98% getReadConfiguration (801x)] (981x), resolve: 0.825 s [32% Category (8x), 30% TimePoint (5x), 21% Project (5x)] (26x)
2017-06-22 15:57:35,041 [PreLoadDataService] INFO  TXLOGGER  - Summary after preload: transactions: 9, svn: 2.94 s [61% getFile content (182x), 35% getDir2 content (90x)] (302x), RepositoryConfigService: 1.74 s [98% getReadConfiguration (801x)] (981x), DB: 1.33 s [59% query (4076x), 25% update (4051x)] (20353x), SubterraURITable: 1.19 s [100% getDB (4050x)] (4050x), resolve: 0.825 s [32% Category (8x), 30% TimePoint (5x), 21% Project (5x)] (27x)
2017-06-22 15:57:55,725 [ajp-nio-8889-exec-5 | u:admin] INFO  TXLOGGER  - Summary for 'WorkItemDataService.saveWorkItem': Total: 0.154 s, transactions: 2, resolve: 0.108 s [100% WorkItem (2x)] (2x), svn: 0.0675 s [51% info (3x), 24% getFile content (1x), 24% getDir2 content (1x)] (8x), calculatedFieldsContributor: 0.0221 s [100% fields (1x)] (1x), RepositoryConfigService: 0.0213 s [89% getExistingPrefixes (1x)] (5x), derivedLinkedRevisionsContributor: 0.0148 s [100% fields (1x)] (1x), permissions: 0.0129 s [100% readInstance (2x)] (2x), Lucene: 0.0115 s [100% search (1x)] (1x)
2017-06-22 15:57:58,428 [ajp-nio-8889-exec-6 | u:admin] INFO  TXLOGGER  - Tx 5733d6072b873_0_5733d6072b873_0_: finished. Total: 1.2 s, svn: 0.669 s [89% endActivity (1x)] (10x), Lucene: 0.213 s [77% refresh (1x), 12% search (1x)] (3x), DB: 0.0819 s [97% update (17x)] (25x), processed revs: [107, 107 (delay 0s)], write: true
2017-06-22 15:57:58,828 [Persistence Events Processing Thread | u:p] INFO  TXLOGGER  - Tx 5733d60857074_0_5733d60857074_0_: finished. Total: 0.4 s, resolve: 0.232 s [68% WorkItem (8x), 32% User (11x)] (19x), svn: 0.184 s [58% getFile content (8x), 21% getDir2 content (2x), 21% info (2x)] (13x), ObjectMaps: 0.0471 s [40% getPrimaryObjectLocation (7x), 35% getLastPromoted (7x), 26% getPrimaryObjectProperty (7x)] (28x)
2017-06-22 15:57:58,974 [Persistence Events Processing Thread | u:p] INFO  TXLOGGER  - Tx 5733d608bb476_0_5733d608bb476_0_: finished. Total: 0.146 s, resolve: 0.0846 s [100% WorkItem (3x)] (5x), svn: 0.0789 s [41% info (1x), 35% getDir2 content (1x), 22% getFile content (1x)] (5x), Lucene: 0.0272 s [100% add (1x)] (1x)
2017-06-22 15:57:58,975 [Persistence Events Processing Thread | u:p] INFO  TXLOGGER  - Summary: Total: 0.547 s, transactions: 6, persistence listener: 0.547 s [73% notificationsCreatingListener (1x), 27% WorkItemActivityCreator (1x)] (7x), resolve: 0.316 s [76% WorkItem (11x), 24% User (12x)] (24x), svn: 0.263 s [47% getFile content (9x), 27% info (3x), 25% getDir2 content (3x)] (18x), ObjectMaps: 0.0518 s [42% getPrimaryObjectLocation (8x), 33% getLastPromoted (8x), 25% getPrimaryObjectProperty (8x)] (32x)
2017-06-22 15:57:59,020 [ajp-nio-8889-exec-6 | u:admin] INFO  TXLOGGER  - Tx 5733d60857075_0_5733d60857075_0_: finished. Total: 0.592 s, RepositoryConfigService: 0.223 s [91% getReadConfiguration (321x)] (353x), svn: 0.141 s [64% getFile content (10x), 26% info (4x)] (17x), Lucene: 0.0839 s [100% search (9x)] (9x)
2017-06-22 15:57:59,130 [ajp-nio-8889-exec-6 | u:admin] INFO  TXLOGGER  - Summary for 'WorkItemDataService.saveWorkItem': Total: 1.9 s, transactions: 2, svn: 0.81 s [73% endActivity (1x), 14% getFile content (12x)] (27x), Lucene: 0.297 s [55% refresh (1x), 37% search (10x)] (12x), RepositoryConfigService: 0.248 s [92% getReadConfiguration (343x)] (378x)
2017-06-22 15:58:07,248 [ajp-nio-8889-exec-3 | u:admin] INFO  TXLOGGER  - Tx 5733d61031083_0_5733d61031083_0_: finished. Total: 0.779 s, svn: 0.633 s [91% endActivity (1x)] (9x), Lucene: 0.0727 s [61% refresh (1x), 25% add (1x)] (3x), resolve: 0.0451 s [99% WorkItem (2x)] (10x), processed revs: [108, 108 (delay 0s)], write: true
2017-06-22 15:58:07,319 [ajp-nio-8889-exec-3 | u:admin] INFO  TXLOGGER  - Summary for 'WorkItemDataService.saveWorkItem': Total: 0.851 s, transactions: 2, svn: 0.633 s [91% endActivity (1x)] (9x), Lucene: 0.0813 s [55% refresh (1x), 23% search (2x), 22% add (1x)] (4x), resolve: 0.0474 s [96% WorkItem (6x)] (37x), ObjectMaps: 0.0443 s [28% getPrimaryObjectLocations (14x), 14% getSublocations (1x), 14% setLastProcessedRevision (7x), 9% addLocation (1x), 9% getLastRevision (2x), 9% saveIfNeeded (9x)] (44x)
2017-06-22 15:58:07,445 [Persistence Events Processing Thread | u:p] INFO  TXLOGGER  - Tx 5733d610f3c84_0_5733d610f3c84_0_: finished. Total: 0.197 s, resolve: 0.191 s [61% WorkItem (8x), 39% User (11x)] (19x), svn: 0.141 s [54% getFile content (5x), 23% info (2x), 23% getDir2 content (2x)] (10x), ObjectMaps: 0.0218 s [49% getPrimaryObjectLocation (5x), 44% getLastPromoted (5x)] (20x)
2017-06-22 15:58:07,542 [Persistence Events Processing Thread | u:p] INFO  TXLOGGER  - Summary: Total: 0.294 s, transactions: 6, persistence listener: 0.294 s [67% notificationsCreatingListener (1x), 33% WorkItemActivityCreator (1x)] (7x), resolve: 0.253 s [71% WorkItem (11x), 29% User (12x)] (24x), svn: 0.195 s [49% getFile content (6x), 25% info (3x), 25% getDir2 content (3x)] (15x), ObjectMaps: 0.0285 s [38% getPrimaryObjectLocation (6x), 35% getLastPromoted (6x), 27% getPrimaryObjectProperty (6x)] (24x), Lucene: 0.0267 s [100% add (1x)] (1x)
