2017-06-22 18:03:01,507 [main] INFO  com.polarion.platform.startup  - ****************************************************************
2017-06-22 18:03:01,507 [main] INFO  com.polarion.platform.startup  -                 Polarion starting, please wait!                 
2017-06-22 18:03:01,507 [main] INFO  com.polarion.platform.startup  - ****************************************************************
2017-06-22 18:03:01,508 [main] INFO  com.polarion.platform.startup  - Server start mode: normal
2017-06-22 18:03:01,508 [main] INFO  com.polarion.platform.startup  - ------------------------------
2017-06-22 18:03:01,508 [main] INFO  com.polarion.platform.startup  - Platform startup (Phase: 1/9)
2017-06-22 18:03:06,074 [main] INFO  com.polarion.platform.startup  - Opening historical database...
2017-06-22 18:03:06,221 [main] INFO  com.polarion.platform.startup  - Opening of historical database finished [ TIME 0.146 s. ]
2017-06-22 18:03:06,221 [main] INFO  com.polarion.platform.startup  - Opening head database...
2017-06-22 18:03:06,298 [main] INFO  com.polarion.platform.startup  - Opening of head database finished [ TIME 0.0773 s. ]
2017-06-22 18:03:06,517 [main | u:p] INFO  com.polarion.platform.startup  -  -- Polarion startup estimation:  [ TIME 55 s. ]
2017-06-22 18:03:06,668 [main | u:p] INFO  com.polarion.platform.startup  - Platform startup ... took  [ TIME 5.17 s. ]
2017-06-22 18:03:06,844 [main | u:p] INFO  com.polarion.platform.startup  - ------------------------------
2017-06-22 18:03:06,844 [main | u:p] INFO  com.polarion.platform.startup  - Context recognition (Phase: 2/9)
2017-06-22 18:03:06,900 [main | u:p] INFO  com.polarion.platform.startup  - Context recognition ... took  [ TIME 0.23 s. ]
2017-06-22 18:03:06,901 [main | u:p] INFO  com.polarion.platform.startup  - ------------------------------
2017-06-22 18:03:06,901 [main | u:p] INFO  com.polarion.platform.startup  - Context initialization (Phase: 3/9)
2017-06-22 18:03:06,904 [LowLevelDataService-contextInitializer-4 | u:p | context: --Demo Projects] INFO  com.polarion.platform.startup  -  -- Initializing context: --Demo Projects (1/8)
2017-06-22 18:03:06,904 [LowLevelDataService-contextInitializer-2 | u:p | cluster: default] INFO  com.polarion.platform.startup  -  -- Initializing cluster: default (2/8)
2017-06-22 18:03:06,905 [LowLevelDataService-contextInitializer-5 | u:p | context: library] INFO  com.polarion.platform.startup  -  -- Initializing context: library (3/8)
2017-06-22 18:03:06,905 [LowLevelDataService-contextInitializer-3 | u:p | context: MyPolarion] INFO  com.polarion.platform.startup  -  -- Initializing context: MyPolarion (4/8)
2017-06-22 18:03:06,905 [LowLevelDataService-contextInitializer-1 | u:p | context: [GLOBAL]] INFO  com.polarion.platform.startup  -  -- Initializing context: [GLOBAL] (5/8)
2017-06-22 18:03:06,910 [LowLevelDataService-contextInitializer-1 | u:p | context: CAPA] INFO  com.polarion.platform.startup  -  -- Initializing context: CAPA (6/8)
2017-06-22 18:03:07,025 [LowLevelDataService-contextInitializer-2 | u:p | context: elibrary] INFO  com.polarion.platform.startup  -  -- Initializing context: elibrary (7/8)
2017-06-22 18:03:07,155 [LowLevelDataService-contextInitializer-4 | u:p | context: drivepilot] INFO  com.polarion.platform.startup  -  -- Initializing context: drivepilot (8/8)
2017-06-22 18:03:08,180 [main | u:p] INFO  com.polarion.platform.startup  - Context initialization ... took  [ TIME 1.28 s. ]
2017-06-22 18:03:08,192 [main | u:p] INFO  com.polarion.platform.startup  - ------------------------------
2017-06-22 18:03:08,192 [main | u:p] INFO  com.polarion.platform.startup  - Revisions processing (Phase: 4/9)
2017-06-22 18:03:08,503 [main | u:p] INFO  com.polarion.platform.startup  -  -- Processing new revisions from repository default in context ContextId[context [global]]
2017-06-22 18:03:08,512 [main | u:p] INFO  com.polarion.platform.startup  - Revisions processing ... took  [ TIME 0.33 s. ]
2017-06-22 18:03:08,561 [main | u:p] INFO  com.polarion.platform.startup  - ------------------------------
2017-06-22 18:03:08,561 [main | u:p] INFO  com.polarion.platform.startup  - Build artifacts recognition (Phase: 5/9)
2017-06-22 18:03:08,571 [main | u:p] INFO  com.polarion.platform.startup  -  -- Processing build artifacts from context: [GLOBAL] (1/8)
2017-06-22 18:03:08,713 [main | u:p] INFO  com.polarion.platform.startup  -  -- Processing build artifacts from cluster: default (2/8)
2017-06-22 18:03:08,777 [main | u:p] INFO  com.polarion.platform.startup  -  -- Processing build artifacts from context: MyPolarion (3/8)
2017-06-22 18:03:08,827 [main | u:p] INFO  com.polarion.platform.startup  -  -- Processing build artifacts from context: --Demo Projects (4/8)
2017-06-22 18:03:08,879 [main | u:p] INFO  com.polarion.platform.startup  -  -- Processing build artifacts from context: library (5/8)
2017-06-22 18:03:08,934 [main | u:p] INFO  com.polarion.platform.startup  -  -- Processing build artifacts from context: CAPA (6/8)
2017-06-22 18:03:09,074 [main | u:p] INFO  com.polarion.platform.startup  -  -- Processing build artifacts from context: elibrary (7/8)
2017-06-22 18:03:09,234 [main | u:p] INFO  com.polarion.platform.startup  -  -- Processing build artifacts from context: drivepilot (8/8)
2017-06-22 18:03:09,234 [main | u:p] INFO  com.polarion.platform.startup  - Build artifacts recognition ... took  [ TIME 0.72 s. ]
2017-06-22 18:03:09,235 [main | u:p] INFO  com.polarion.platform.startup  - ------------------------------
2017-06-22 18:03:09,235 [main | u:p] INFO  com.polarion.platform.startup  - BIR inspection (Phase: 6/9)
2017-06-22 18:03:09,280 [main | u:p] INFO  com.polarion.platform.startup  - BIR inspection ... took  [ TIME 0.05 s. ]
2017-06-22 18:03:09,306 [main | u:p] INFO  com.polarion.platform.startup  - ------------------------------
2017-06-22 18:03:09,306 [main | u:p] INFO  com.polarion.platform.startup  - Data indexing (Phase: 7/9)
2017-06-22 18:03:09,517 [main | u:p] INFO  com.polarion.platform.startup  -  -- Refreshing 9 objects in index: BuildArtifact
2017-06-22 18:03:09,532 [main | u:p] INFO  com.polarion.platform.startup  -  -- -- 9 from 9 objects were refreshed (100%)
2017-06-22 18:03:09,829 [main | u:p] INFO  com.polarion.platform.startup  -  -- Refreshing 1 objects in index: Revision
2017-06-22 18:03:09,830 [main | u:p] INFO  com.polarion.platform.startup  -  -- -- 1 from 1 objects were refreshed (100%)
2017-06-22 18:03:09,926 [main | u:p] INFO  com.polarion.platform.startup  - Data indexing ... took  [ TIME 0.65 s. ]
2017-06-22 18:03:09,927 [main | u:p] INFO  com.polarion.platform.startup  - ------------------------------
2017-06-22 18:03:09,927 [main | u:p] INFO  com.polarion.platform.startup  - Fields recalculation (Phase: 8/9)
2017-06-22 18:03:09,948 [main | u:p] INFO  com.polarion.platform.startup  - Fields recalculation ... took  [ TIME 0.02 s. ]
2017-06-22 18:03:09,948 [main | u:p] INFO  com.polarion.platform.startup  - ------------------------------
2017-06-22 18:03:09,948 [main | u:p] INFO  com.polarion.platform.startup  - Polarion startup (Phase: 9/9)
2017-06-22 18:03:45,037 [main] INFO  com.polarion.platform.startup  - Polarion startup ... took  [ TIME 35.09 s. ]
2017-06-22 18:03:45,037 [main] INFO  com.polarion.platform.startup  - ****************************************************************
2017-06-22 18:03:45,037 [main] INFO  com.polarion.platform.startup  -                  Polarion started:  [ TIME 43.5 s. ]
2017-06-22 18:03:45,037 [main] INFO  com.polarion.platform.startup  - ****************************************************************
