2017-06-22 18:46:39,322 [main | u:p] INFO  com.polarion.platform.jobs.internal.service.scheduler.JobSchedulerService  - Updating local scheduler state: start
2017-06-22 18:46:39,350 [main | u:p | u:p] INFO  com.polarion.platform.jobs.internal.service.scheduler.JobSchedulerService  - 16 scheduled job(s) configured
2017-06-22 18:47:15,112 [Thread-32] INFO  com.polarion.platform.jobs.info  - Job "Attachment Indexer" has id cff31bd4-927abeae-4be1dce6-8fde2f1c
2017-06-22 18:47:15,116 [Thread-32] INFO  com.polarion.platform.jobs.info  - State of job "Attachment Indexer" changed to UNSCHEDULED
2017-06-22 18:47:15,121 [Thread-32] INFO  com.polarion.platform.jobs.info  - Working directory of root job "Attachment Indexer" is C:\Polarion\data\workspace\polarion-data\jobs\20170622-1847
2017-06-22 18:47:15,125 [Thread-32] INFO  com.polarion.platform.jobs.info  - Job "Attachment Indexer" runs as user "polarion"
2017-06-22 18:47:15,129 [Thread-32 | u:p] INFO  com.polarion.platform.jobs.info  - State of job "Attachment Indexer" changed to ACTIVATING
2017-06-22 18:47:15,135 [Thread-32 | u:p] INFO  com.polarion.platform.jobs.info  - State of job "Attachment Indexer" changed to WAITING
2017-06-22 18:47:15,145 [Worker-0 | u:p] INFO  com.polarion.platform.jobs.info  - State of job "Attachment Indexer" changed to RUNNING
2017-06-22 18:47:15,148 [Thread-32] INFO  com.polarion.platform.jobs.info  - Job "DB History Creator" has id cff31c04-927abeae-4be1dce6-36289b97
2017-06-22 18:47:15,152 [Thread-32] INFO  com.polarion.platform.jobs.info  - State of job "DB History Creator" changed to UNSCHEDULED
2017-06-22 18:47:15,158 [Thread-32] INFO  com.polarion.platform.jobs.info  - Working directory of root job "DB History Creator" is C:\Polarion\data\workspace\polarion-data\jobs\20170622-1847_0
2017-06-22 18:47:15,162 [Thread-32] INFO  com.polarion.platform.jobs.info  - Job "DB History Creator" runs as user "polarion"
2017-06-22 18:47:15,166 [Thread-32 | u:p] INFO  com.polarion.platform.jobs.info  - State of job "DB History Creator" changed to ACTIVATING
2017-06-22 18:47:15,171 [Thread-32 | u:p] INFO  com.polarion.platform.jobs.info  - State of job "DB History Creator" changed to WAITING
2017-06-22 18:47:15,181 [Worker-1 | u:p] INFO  com.polarion.platform.jobs.info  - State of job "DB History Creator" changed to RUNNING
2017-06-22 18:47:15,298 [Worker-0 | u:p] INFO  com.polarion.platform.jobs.info  - State of job "Attachment Indexer" changed to FINISHED
2017-06-22 18:47:15,301 [Worker-0 | u:p] INFO  com.polarion.platform.jobs.info  - Status of job "Attachment Indexer" is OK
2017-06-22 18:47:16,783 [Worker-1 | u:p] INFO  com.polarion.platform.jobs.info  - State of job "DB History Creator" changed to FINISHED
2017-06-22 18:47:16,786 [Worker-1 | u:p] INFO  com.polarion.platform.jobs.info  - Status of job "DB History Creator" is OK
2017-06-22 19:00:00,025 [DefaultQuartzScheduler_Worker-8] INFO  com.polarion.platform.jobs.info  - Job "Live Plan Chart Update" has id cffec7d5-927abeae-4be1dce6-f753deb4
2017-06-22 19:00:00,028 [DefaultQuartzScheduler_Worker-8] INFO  com.polarion.platform.jobs.info  - State of job "Live Plan Chart Update" changed to UNSCHEDULED
2017-06-22 19:00:00,031 [DefaultQuartzScheduler_Worker-8] INFO  com.polarion.platform.jobs.info  - Working directory of root job "Live Plan Chart Update" is C:\Polarion\data\workspace\polarion-data\jobs\20170622-1900
2017-06-22 19:00:00,033 [DefaultQuartzScheduler_Worker-8] INFO  com.polarion.platform.jobs.info  - Job "Live Plan Chart Update" runs as user "polarion"
2017-06-22 19:00:00,035 [DefaultQuartzScheduler_Worker-8 | u:p] INFO  com.polarion.platform.jobs.info  - State of job "Live Plan Chart Update" changed to ACTIVATING
2017-06-22 19:00:00,038 [DefaultQuartzScheduler_Worker-8 | u:p] INFO  com.polarion.platform.jobs.info  - State of job "Live Plan Chart Update" changed to WAITING
2017-06-22 19:00:00,042 [Worker-0 | u:p] INFO  com.polarion.platform.jobs.info  - State of job "Live Plan Chart Update" changed to RUNNING
2017-06-22 19:00:01,218 [Worker-0 | u:p | job: update.plan] INFO  com.polarion.platform.jobs.info  - Job "Live Plan Chart Update - Index Refresh" has id cffecc7d-927abeae-4be1dce6-9021c53a
2017-06-22 19:00:01,221 [Worker-0 | u:p | job: update.plan] INFO  com.polarion.platform.jobs.info  - State of job "Live Plan Chart Update - Index Refresh" changed to UNSCHEDULED
2017-06-22 19:00:01,224 [Worker-0 | u:p | job: update.plan] INFO  com.polarion.platform.jobs.info  - Working directory of root job "Live Plan Chart Update - Index Refresh" is C:\Polarion\data\workspace\polarion-data\jobs\20170622-1900_0
2017-06-22 19:00:01,227 [Worker-0 | u:p | job: update.plan] INFO  com.polarion.platform.jobs.info  - Job "Live Plan Chart Update - Index Refresh" runs as user "polarion"
2017-06-22 19:00:01,229 [Worker-0 | u:p | job: update.plan | u:p] INFO  com.polarion.platform.jobs.info  - State of job "Live Plan Chart Update - Index Refresh" changed to ACTIVATING
2017-06-22 19:00:01,233 [Worker-0 | u:p | job: update.plan | u:p] INFO  com.polarion.platform.jobs.info  - State of job "Live Plan Chart Update - Index Refresh" changed to WAITING
2017-06-22 19:00:01,238 [Worker-1 | u:p] INFO  com.polarion.platform.jobs.info  - State of job "Live Plan Chart Update - Index Refresh" changed to RUNNING
2017-06-22 19:00:05,237 [Worker-1 | u:p] INFO  com.polarion.platform.jobs.info  - State of job "Live Plan Chart Update - Index Refresh" changed to FINISHED
2017-06-22 19:00:05,240 [Worker-1 | u:p] INFO  com.polarion.platform.jobs.info  - Status of job "Live Plan Chart Update - Index Refresh" is OK
2017-06-22 19:00:05,273 [Worker-0 | u:p] INFO  com.polarion.platform.jobs.info  - State of job "Live Plan Chart Update" changed to FINISHED
2017-06-22 19:00:05,275 [Worker-0 | u:p] INFO  com.polarion.platform.jobs.info  - Status of job "Live Plan Chart Update" is OK
2017-06-22 20:00:00,023 [DefaultQuartzScheduler_Worker-8] INFO  com.polarion.platform.jobs.info  - Job "Live Plan Chart Update" has id d035b650-927abeae-4be1dce6-858230a7
2017-06-22 20:00:00,025 [DefaultQuartzScheduler_Worker-8] INFO  com.polarion.platform.jobs.info  - State of job "Live Plan Chart Update" changed to UNSCHEDULED
2017-06-22 20:00:00,028 [DefaultQuartzScheduler_Worker-8] INFO  com.polarion.platform.jobs.info  - Working directory of root job "Live Plan Chart Update" is C:\Polarion\data\workspace\polarion-data\jobs\20170622-2000
2017-06-22 20:00:00,030 [DefaultQuartzScheduler_Worker-8] INFO  com.polarion.platform.jobs.info  - Job "Live Plan Chart Update" runs as user "polarion"
2017-06-22 20:00:00,032 [DefaultQuartzScheduler_Worker-8 | u:p] INFO  com.polarion.platform.jobs.info  - State of job "Live Plan Chart Update" changed to ACTIVATING
2017-06-22 20:00:00,035 [DefaultQuartzScheduler_Worker-8 | u:p] INFO  com.polarion.platform.jobs.info  - State of job "Live Plan Chart Update" changed to WAITING
2017-06-22 20:00:00,039 [Worker-1 | u:p] INFO  com.polarion.platform.jobs.info  - State of job "Live Plan Chart Update" changed to RUNNING
2017-06-22 20:00:00,165 [Worker-1 | u:p | job: update.plan] INFO  com.polarion.platform.jobs.info  - Job "Live Plan Chart Update - Index Refresh" has id d035b6df-927abeae-4be1dce6-c8666407
2017-06-22 20:00:00,167 [Worker-1 | u:p | job: update.plan] INFO  com.polarion.platform.jobs.info  - State of job "Live Plan Chart Update - Index Refresh" changed to UNSCHEDULED
2017-06-22 20:00:00,171 [Worker-1 | u:p | job: update.plan] INFO  com.polarion.platform.jobs.info  - Working directory of root job "Live Plan Chart Update - Index Refresh" is C:\Polarion\data\workspace\polarion-data\jobs\20170622-2000_0
2017-06-22 20:00:00,174 [Worker-1 | u:p | job: update.plan] INFO  com.polarion.platform.jobs.info  - Job "Live Plan Chart Update - Index Refresh" runs as user "polarion"
2017-06-22 20:00:00,177 [Worker-1 | u:p | job: update.plan | u:p] INFO  com.polarion.platform.jobs.info  - State of job "Live Plan Chart Update - Index Refresh" changed to ACTIVATING
2017-06-22 20:00:00,181 [Worker-1 | u:p | job: update.plan | u:p] INFO  com.polarion.platform.jobs.info  - State of job "Live Plan Chart Update - Index Refresh" changed to WAITING
2017-06-22 20:00:00,185 [Worker-0 | u:p] INFO  com.polarion.platform.jobs.info  - State of job "Live Plan Chart Update - Index Refresh" changed to RUNNING
2017-06-22 20:00:00,929 [Worker-0 | u:p] INFO  com.polarion.platform.jobs.info  - State of job "Live Plan Chart Update - Index Refresh" changed to FINISHED
2017-06-22 20:00:00,931 [Worker-0 | u:p] INFO  com.polarion.platform.jobs.info  - Status of job "Live Plan Chart Update - Index Refresh" is OK
2017-06-22 20:00:00,957 [Worker-1 | u:p] INFO  com.polarion.platform.jobs.info  - State of job "Live Plan Chart Update" changed to FINISHED
2017-06-22 20:00:00,959 [Worker-1 | u:p] INFO  com.polarion.platform.jobs.info  - Status of job "Live Plan Chart Update" is OK
2017-06-22 21:00:00,019 [DefaultQuartzScheduler_Worker-5] INFO  com.polarion.platform.jobs.info  - Job "Live Plan Chart Update" has id d06ca4cc-927abeae-4be1dce6-e92be574
2017-06-22 21:00:00,021 [DefaultQuartzScheduler_Worker-5] INFO  com.polarion.platform.jobs.info  - State of job "Live Plan Chart Update" changed to UNSCHEDULED
2017-06-22 21:00:00,024 [DefaultQuartzScheduler_Worker-5] INFO  com.polarion.platform.jobs.info  - Working directory of root job "Live Plan Chart Update" is C:\Polarion\data\workspace\polarion-data\jobs\20170622-2100
2017-06-22 21:00:00,026 [DefaultQuartzScheduler_Worker-5] INFO  com.polarion.platform.jobs.info  - Job "Live Plan Chart Update" runs as user "polarion"
2017-06-22 21:00:00,029 [DefaultQuartzScheduler_Worker-5 | u:p] INFO  com.polarion.platform.jobs.info  - State of job "Live Plan Chart Update" changed to ACTIVATING
2017-06-22 21:00:00,032 [DefaultQuartzScheduler_Worker-5 | u:p] INFO  com.polarion.platform.jobs.info  - State of job "Live Plan Chart Update" changed to WAITING
2017-06-22 21:00:00,036 [Worker-0 | u:p] INFO  com.polarion.platform.jobs.info  - State of job "Live Plan Chart Update" changed to RUNNING
2017-06-22 21:00:00,137 [Worker-0 | u:p | job: update.plan] INFO  com.polarion.platform.jobs.info  - Job "Live Plan Chart Update - Index Refresh" has id d06ca543-927abeae-4be1dce6-db71ce3a
2017-06-22 21:00:00,140 [Worker-0 | u:p | job: update.plan] INFO  com.polarion.platform.jobs.info  - State of job "Live Plan Chart Update - Index Refresh" changed to UNSCHEDULED
2017-06-22 21:00:00,143 [Worker-0 | u:p | job: update.plan] INFO  com.polarion.platform.jobs.info  - Working directory of root job "Live Plan Chart Update - Index Refresh" is C:\Polarion\data\workspace\polarion-data\jobs\20170622-2100_0
2017-06-22 21:00:00,146 [Worker-0 | u:p | job: update.plan] INFO  com.polarion.platform.jobs.info  - Job "Live Plan Chart Update - Index Refresh" runs as user "polarion"
2017-06-22 21:00:00,149 [Worker-0 | u:p | job: update.plan | u:p] INFO  com.polarion.platform.jobs.info  - State of job "Live Plan Chart Update - Index Refresh" changed to ACTIVATING
2017-06-22 21:00:00,153 [Worker-0 | u:p | job: update.plan | u:p] INFO  com.polarion.platform.jobs.info  - State of job "Live Plan Chart Update - Index Refresh" changed to WAITING
2017-06-22 21:00:00,159 [Worker-1 | u:p] INFO  com.polarion.platform.jobs.info  - State of job "Live Plan Chart Update - Index Refresh" changed to RUNNING
2017-06-22 21:00:00,893 [Worker-1 | u:p] INFO  com.polarion.platform.jobs.info  - State of job "Live Plan Chart Update - Index Refresh" changed to FINISHED
2017-06-22 21:00:00,896 [Worker-1 | u:p] INFO  com.polarion.platform.jobs.info  - Status of job "Live Plan Chart Update - Index Refresh" is OK
2017-06-22 21:00:00,930 [Worker-0 | u:p] INFO  com.polarion.platform.jobs.info  - State of job "Live Plan Chart Update" changed to FINISHED
2017-06-22 21:00:00,933 [Worker-0 | u:p] INFO  com.polarion.platform.jobs.info  - Status of job "Live Plan Chart Update" is OK
2017-06-22 22:00:00,024 [DefaultQuartzScheduler_Worker-5] INFO  com.polarion.platform.jobs.info  - Job "Live Plan Chart Update" has id d0a39352-927abeae-4be1dce6-4a6774ef
2017-06-22 22:00:00,026 [DefaultQuartzScheduler_Worker-5] INFO  com.polarion.platform.jobs.info  - State of job "Live Plan Chart Update" changed to UNSCHEDULED
2017-06-22 22:00:00,029 [DefaultQuartzScheduler_Worker-5] INFO  com.polarion.platform.jobs.info  - Working directory of root job "Live Plan Chart Update" is C:\Polarion\data\workspace\polarion-data\jobs\20170622-2200
2017-06-22 22:00:00,031 [DefaultQuartzScheduler_Worker-5] INFO  com.polarion.platform.jobs.info  - Job "Live Plan Chart Update" runs as user "polarion"
2017-06-22 22:00:00,033 [DefaultQuartzScheduler_Worker-5 | u:p] INFO  com.polarion.platform.jobs.info  - State of job "Live Plan Chart Update" changed to ACTIVATING
2017-06-22 22:00:00,036 [DefaultQuartzScheduler_Worker-5 | u:p] INFO  com.polarion.platform.jobs.info  - State of job "Live Plan Chart Update" changed to WAITING
2017-06-22 22:00:00,040 [Worker-1 | u:p] INFO  com.polarion.platform.jobs.info  - State of job "Live Plan Chart Update" changed to RUNNING
2017-06-22 22:00:00,147 [Worker-1 | u:p | job: update.plan] INFO  com.polarion.platform.jobs.info  - Job "Live Plan Chart Update - Index Refresh" has id d0a393cd-927abeae-4be1dce6-9d58b568
2017-06-22 22:00:00,150 [Worker-1 | u:p | job: update.plan] INFO  com.polarion.platform.jobs.info  - State of job "Live Plan Chart Update - Index Refresh" changed to UNSCHEDULED
2017-06-22 22:00:00,153 [Worker-1 | u:p | job: update.plan] INFO  com.polarion.platform.jobs.info  - Working directory of root job "Live Plan Chart Update - Index Refresh" is C:\Polarion\data\workspace\polarion-data\jobs\20170622-2200_0
2017-06-22 22:00:00,156 [Worker-1 | u:p | job: update.plan] INFO  com.polarion.platform.jobs.info  - Job "Live Plan Chart Update - Index Refresh" runs as user "polarion"
2017-06-22 22:00:00,159 [Worker-1 | u:p | job: update.plan | u:p] INFO  com.polarion.platform.jobs.info  - State of job "Live Plan Chart Update - Index Refresh" changed to ACTIVATING
2017-06-22 22:00:00,162 [Worker-1 | u:p | job: update.plan | u:p] INFO  com.polarion.platform.jobs.info  - State of job "Live Plan Chart Update - Index Refresh" changed to WAITING
2017-06-22 22:00:00,166 [Worker-0 | u:p] INFO  com.polarion.platform.jobs.info  - State of job "Live Plan Chart Update - Index Refresh" changed to RUNNING
2017-06-22 22:00:00,867 [Worker-0 | u:p] INFO  com.polarion.platform.jobs.info  - State of job "Live Plan Chart Update - Index Refresh" changed to FINISHED
2017-06-22 22:00:00,870 [Worker-0 | u:p] INFO  com.polarion.platform.jobs.info  - Status of job "Live Plan Chart Update - Index Refresh" is OK
2017-06-22 22:00:00,905 [Worker-1 | u:p] INFO  com.polarion.platform.jobs.info  - State of job "Live Plan Chart Update" changed to FINISHED
2017-06-22 22:00:00,908 [Worker-1 | u:p] INFO  com.polarion.platform.jobs.info  - Status of job "Live Plan Chart Update" is OK
2017-06-22 23:00:00,035 [DefaultQuartzScheduler_Worker-5] INFO  com.polarion.platform.jobs.info  - Job "Index Checker" has id d0da81dd-927abeae-4be1dce6-f3251e20
2017-06-22 23:00:00,037 [DefaultQuartzScheduler_Worker-5] INFO  com.polarion.platform.jobs.info  - State of job "Index Checker" changed to UNSCHEDULED
2017-06-22 23:00:00,040 [DefaultQuartzScheduler_Worker-5] INFO  com.polarion.platform.jobs.info  - Working directory of root job "Index Checker" is C:\Polarion\data\workspace\polarion-data\jobs\20170622-2300
2017-06-22 23:00:00,042 [DefaultQuartzScheduler_Worker-5] INFO  com.polarion.platform.jobs.info  - Job "Index Checker" runs as user "polarion"
2017-06-22 23:00:00,044 [DefaultQuartzScheduler_Worker-5 | u:p] INFO  com.polarion.platform.jobs.info  - State of job "Index Checker" changed to ACTIVATING
2017-06-22 23:00:00,047 [DefaultQuartzScheduler_Worker-5 | u:p] INFO  com.polarion.platform.jobs.info  - State of job "Index Checker" changed to WAITING
2017-06-22 23:00:00,051 [Worker-0 | u:p] INFO  com.polarion.platform.jobs.info  - State of job "Index Checker" changed to RUNNING
2017-06-22 23:00:00,053 [DefaultQuartzScheduler_Worker-2] INFO  com.polarion.platform.jobs.info  - Job "Live Plan Chart Update" has id d0da81f0-927abeae-4be1dce6-2dea1a4e
2017-06-22 23:00:00,055 [DefaultQuartzScheduler_Worker-2] INFO  com.polarion.platform.jobs.info  - State of job "Live Plan Chart Update" changed to UNSCHEDULED
2017-06-22 23:00:00,058 [DefaultQuartzScheduler_Worker-2] INFO  com.polarion.platform.jobs.info  - Working directory of root job "Live Plan Chart Update" is C:\Polarion\data\workspace\polarion-data\jobs\20170622-2300_0
2017-06-22 23:00:00,060 [DefaultQuartzScheduler_Worker-2] INFO  com.polarion.platform.jobs.info  - Job "Live Plan Chart Update" runs as user "polarion"
2017-06-22 23:00:00,062 [DefaultQuartzScheduler_Worker-2 | u:p] INFO  com.polarion.platform.jobs.info  - State of job "Live Plan Chart Update" changed to ACTIVATING
2017-06-22 23:00:00,066 [DefaultQuartzScheduler_Worker-2 | u:p] INFO  com.polarion.platform.jobs.info  - State of job "Live Plan Chart Update" changed to WAITING
2017-06-22 23:00:00,070 [Worker-1 | u:p] INFO  com.polarion.platform.jobs.info  - State of job "Live Plan Chart Update" changed to RUNNING
2017-06-22 23:00:00,170 [Worker-1 | u:p | job: update.plan] INFO  com.polarion.platform.jobs.info  - Job "Live Plan Chart Update - Index Refresh" has id d0da8265-927abeae-4be1dce6-825e7af3
2017-06-22 23:00:00,172 [Worker-1 | u:p | job: update.plan] INFO  com.polarion.platform.jobs.info  - State of job "Live Plan Chart Update - Index Refresh" changed to UNSCHEDULED
2017-06-22 23:00:00,177 [Worker-1 | u:p | job: update.plan] INFO  com.polarion.platform.jobs.info  - Working directory of root job "Live Plan Chart Update - Index Refresh" is C:\Polarion\data\workspace\polarion-data\jobs\20170622-2300_1
2017-06-22 23:00:00,180 [Worker-1 | u:p | job: update.plan] INFO  com.polarion.platform.jobs.info  - Job "Live Plan Chart Update - Index Refresh" runs as user "polarion"
2017-06-22 23:00:00,183 [Worker-1 | u:p | job: update.plan | u:p] INFO  com.polarion.platform.jobs.info  - State of job "Live Plan Chart Update - Index Refresh" changed to ACTIVATING
2017-06-22 23:00:00,187 [Worker-1 | u:p | job: update.plan | u:p] INFO  com.polarion.platform.jobs.info  - State of job "Live Plan Chart Update - Index Refresh" changed to WAITING
2017-06-22 23:00:00,193 [Worker-2 | u:p] INFO  com.polarion.platform.jobs.info  - State of job "Live Plan Chart Update - Index Refresh" changed to RUNNING
2017-06-22 23:00:01,004 [Worker-2 | u:p] INFO  com.polarion.platform.jobs.info  - State of job "Live Plan Chart Update - Index Refresh" changed to FINISHED
2017-06-22 23:00:01,008 [Worker-2 | u:p] INFO  com.polarion.platform.jobs.info  - Status of job "Live Plan Chart Update - Index Refresh" is OK
2017-06-22 23:00:01,058 [Worker-1 | u:p] INFO  com.polarion.platform.jobs.info  - State of job "Live Plan Chart Update" changed to FINISHED
2017-06-22 23:00:01,060 [Worker-1 | u:p] INFO  com.polarion.platform.jobs.info  - Status of job "Live Plan Chart Update" is OK
2017-06-22 23:02:29,501 [Worker-0 | u:p] INFO  com.polarion.platform.jobs.info  - State of job "Index Checker" changed to FINISHED
2017-06-22 23:02:29,503 [Worker-0 | u:p] INFO  com.polarion.platform.jobs.info  - Status of job "Index Checker" is OK:
0 Errors, 0 Warnings, 0 Information.
2017-06-23 00:00:00,023 [DefaultQuartzScheduler_Worker-6] INFO  com.polarion.platform.jobs.info  - Job "Live Plan Chart Update" has id d1117050-927abeae-4be1dce6-53294d34
2017-06-23 00:00:00,025 [DefaultQuartzScheduler_Worker-6] INFO  com.polarion.platform.jobs.info  - State of job "Live Plan Chart Update" changed to UNSCHEDULED
2017-06-23 00:00:00,028 [DefaultQuartzScheduler_Worker-6] INFO  com.polarion.platform.jobs.info  - Working directory of root job "Live Plan Chart Update" is C:\Polarion\data\workspace\polarion-data\jobs\20170623-0000
2017-06-23 00:00:00,030 [DefaultQuartzScheduler_Worker-6] INFO  com.polarion.platform.jobs.info  - Job "Live Plan Chart Update" runs as user "polarion"
2017-06-23 00:00:00,032 [DefaultQuartzScheduler_Worker-6 | u:p] INFO  com.polarion.platform.jobs.info  - State of job "Live Plan Chart Update" changed to ACTIVATING
2017-06-23 00:00:00,035 [DefaultQuartzScheduler_Worker-6 | u:p] INFO  com.polarion.platform.jobs.info  - State of job "Live Plan Chart Update" changed to WAITING
2017-06-23 00:00:00,039 [Worker-1 | u:p] INFO  com.polarion.platform.jobs.info  - State of job "Live Plan Chart Update" changed to RUNNING
2017-06-23 00:00:00,069 [DefaultQuartzScheduler_Worker-3] INFO  com.polarion.platform.jobs.info  - Job "Work Item Analysis" has id d1117080-927abeae-4be1dce6-221d3a92
2017-06-23 00:00:00,072 [DefaultQuartzScheduler_Worker-3] INFO  com.polarion.platform.jobs.info  - State of job "Work Item Analysis" changed to UNSCHEDULED
2017-06-23 00:00:00,076 [DefaultQuartzScheduler_Worker-3] INFO  com.polarion.platform.jobs.info  - Working directory of root job "Work Item Analysis" is C:\Polarion\data\workspace\polarion-data\jobs\20170623-0000_0
2017-06-23 00:00:00,078 [DefaultQuartzScheduler_Worker-3] INFO  com.polarion.platform.jobs.info  - Job "Work Item Analysis" runs as user "polarion"
2017-06-23 00:00:00,082 [DefaultQuartzScheduler_Worker-3 | u:p] INFO  com.polarion.platform.jobs.info  - State of job "Work Item Analysis" changed to ACTIVATING
2017-06-23 00:00:00,227 [DefaultQuartzScheduler_Worker-3 | u:p] INFO  com.polarion.platform.jobs.info  - State of job "(INTERNAL) Trackeranalysis calculation of _root.default:_artificial" changed to UNSCHEDULED
2017-06-23 00:00:00,233 [DefaultQuartzScheduler_Worker-3 | u:p] INFO  com.polarion.platform.jobs.info  - Job "(INTERNAL) Trackeranalysis calculation of _root.default:_artificial" has id d1117123-927abeae-4be1dce6-c137e50b
2017-06-23 00:00:00,237 [DefaultQuartzScheduler_Worker-3 | u:p] INFO  com.polarion.platform.jobs.info  - Job "(INTERNAL) Trackeranalysis calculation of _root.default:_artificial" runs as user "polarion"
2017-06-23 00:00:00,259 [DefaultQuartzScheduler_Worker-3 | u:p] INFO  com.polarion.platform.jobs.info  - State of job "(INTERNAL) Trackeranalysis calculation of _root.default:_artificial" changed to ACTIVATING
2017-06-23 00:00:00,264 [DefaultQuartzScheduler_Worker-3 | u:p] INFO  com.polarion.platform.jobs.info  - State of job "Deploy _root.default:_artificial to C:\Polarion\data\workspace\polarion-data\deploymentSpaces\_default" changed to UNSCHEDULED
2017-06-23 00:00:00,272 [DefaultQuartzScheduler_Worker-3 | u:p] INFO  com.polarion.platform.jobs.info  - Job "Deploy _root.default:_artificial to C:\Polarion\data\workspace\polarion-data\deploymentSpaces\_default" has id d1117148-927abeae-4be1dce6-867ca6e3
2017-06-23 00:00:00,278 [DefaultQuartzScheduler_Worker-3 | u:p] INFO  com.polarion.platform.jobs.info  - Job "Deploy _root.default:_artificial to C:\Polarion\data\workspace\polarion-data\deploymentSpaces\_default" runs as user "polarion"
2017-06-23 00:00:00,284 [DefaultQuartzScheduler_Worker-3 | u:p] INFO  com.polarion.platform.jobs.info  - State of job "Deploy _root.default:_artificial to C:\Polarion\data\workspace\polarion-data\deploymentSpaces\_default" changed to ACTIVATING
2017-06-23 00:00:00,329 [DefaultQuartzScheduler_Worker-3 | u:p] INFO  com.polarion.platform.jobs.info  - State of job "Deploy _root.default:_artificial to C:\Polarion\data\workspace\polarion-data\deploymentSpaces\_default" changed to WAITING
2017-06-23 00:00:00,334 [DefaultQuartzScheduler_Worker-3 | u:p] INFO  com.polarion.platform.jobs.info  - State of job "(INTERNAL) Trackeranalysis calculation of _root.default:_artificial" changed to WAITING
2017-06-23 00:00:00,336 [DefaultQuartzScheduler_Worker-3 | u:p] INFO  com.polarion.platform.jobs.info  - State of job "Work Item Analysis" changed to WAITING
2017-06-23 00:00:00,345 [Worker-1 | u:p | job: update.plan] INFO  com.polarion.platform.jobs.info  - Job "Live Plan Chart Update - Index Refresh" has id d1117192-927abeae-4be1dce6-d5b9c27a
2017-06-23 00:00:00,347 [Worker-1 | u:p | job: update.plan] INFO  com.polarion.platform.jobs.info  - State of job "Live Plan Chart Update - Index Refresh" changed to UNSCHEDULED
2017-06-23 00:00:00,349 [Worker-0 | u:p] INFO  com.polarion.platform.jobs.info  - State of job "Deploy _root.default:_artificial to C:\Polarion\data\workspace\polarion-data\deploymentSpaces\_default" changed to RUNNING
2017-06-23 00:00:00,351 [Worker-1 | u:p | job: update.plan] INFO  com.polarion.platform.jobs.info  - Working directory of root job "Live Plan Chart Update - Index Refresh" is C:\Polarion\data\workspace\polarion-data\jobs\20170623-0000_1
2017-06-23 00:00:00,353 [Worker-1 | u:p | job: update.plan] INFO  com.polarion.platform.jobs.info  - Job "Live Plan Chart Update - Index Refresh" runs as user "polarion"
2017-06-23 00:00:00,353 [Worker-0 | u:p] INFO  com.polarion.platform.jobs.info  - State of job "(INTERNAL) Trackeranalysis calculation of _root.default:_artificial" changed to RUNNING
2017-06-23 00:00:00,356 [Worker-0 | u:p] INFO  com.polarion.platform.jobs.info  - State of job "Work Item Analysis" changed to RUNNING
2017-06-23 00:00:00,360 [Worker-1 | u:p | job: update.plan | u:p] INFO  com.polarion.platform.jobs.info  - State of job "Live Plan Chart Update - Index Refresh" changed to ACTIVATING
2017-06-23 00:00:00,363 [Worker-1 | u:p | job: update.plan | u:p] INFO  com.polarion.platform.jobs.info  - State of job "Live Plan Chart Update - Index Refresh" changed to WAITING
2017-06-23 00:00:00,368 [Worker-3 | u:p] INFO  com.polarion.platform.jobs.info  - State of job "Live Plan Chart Update - Index Refresh" changed to RUNNING
2017-06-23 00:00:01,140 [Worker-3 | u:p] INFO  com.polarion.platform.jobs.info  - State of job "Live Plan Chart Update - Index Refresh" changed to FINISHED
2017-06-23 00:00:01,143 [Worker-3 | u:p] INFO  com.polarion.platform.jobs.info  - Status of job "Live Plan Chart Update - Index Refresh" is OK
2017-06-23 00:00:01,180 [Worker-1 | u:p] INFO  com.polarion.platform.jobs.info  - State of job "Live Plan Chart Update" changed to FINISHED
2017-06-23 00:00:01,183 [Worker-1 | u:p] INFO  com.polarion.platform.jobs.info  - Status of job "Live Plan Chart Update" is OK
2017-06-23 00:00:22,152 [Worker-0 | u:p] INFO  com.polarion.platform.jobs.info  - State of job "Deploy _root.default:_artificial to C:\Polarion\data\workspace\polarion-data\deploymentSpaces\_default" changed to FINISHED
2017-06-23 00:00:22,158 [Worker-0 | u:p] INFO  com.polarion.platform.jobs.info  - Status of job "Deploy _root.default:_artificial to C:\Polarion\data\workspace\polarion-data\deploymentSpaces\_default" is OK
2017-06-23 00:00:48,523 [Worker-0 | u:p] INFO  com.polarion.platform.jobs.info  - State of job "(INTERNAL) Trackeranalysis calculation of _root.default:_artificial" changed to FINISHED
2017-06-23 00:00:48,528 [Worker-0 | u:p] INFO  com.polarion.platform.jobs.info  - Status of job "(INTERNAL) Trackeranalysis calculation of _root.default:_artificial" is OK
2017-06-23 00:00:48,532 [Worker-0 | u:p] INFO  com.polarion.platform.jobs.info  - State of job "Work Item Analysis" changed to FINISHED
2017-06-23 00:00:48,534 [Worker-0 | u:p] INFO  com.polarion.platform.jobs.info  - Status of job "Work Item Analysis" is OK
2017-06-23 00:50:00,021 [DefaultQuartzScheduler_Worker-6] INFO  com.polarion.platform.jobs.info  - Job "Work Item Analysis - Project Groups" has id d13f370e-927abeae-4be1dce6-700d82f8
2017-06-23 00:50:00,023 [DefaultQuartzScheduler_Worker-6] INFO  com.polarion.platform.jobs.info  - State of job "Work Item Analysis - Project Groups" changed to UNSCHEDULED
2017-06-23 00:50:00,026 [DefaultQuartzScheduler_Worker-6] INFO  com.polarion.platform.jobs.info  - Working directory of root job "Work Item Analysis - Project Groups" is C:\Polarion\data\workspace\polarion-data\jobs\20170623-0050
2017-06-23 00:50:00,028 [DefaultQuartzScheduler_Worker-6] INFO  com.polarion.platform.jobs.info  - Job "Work Item Analysis - Project Groups" runs as user "polarion"
2017-06-23 00:50:00,030 [DefaultQuartzScheduler_Worker-6 | u:p] INFO  com.polarion.platform.jobs.info  - State of job "Work Item Analysis - Project Groups" changed to ACTIVATING
2017-06-23 00:50:00,057 [DefaultQuartzScheduler_Worker-6 | u:p] INFO  com.polarion.platform.jobs.info  - State of job "(INTERNAL) Trackeranalysis-projectgroup calculation of _root.default:_artificial" changed to UNSCHEDULED
2017-06-23 00:50:00,064 [DefaultQuartzScheduler_Worker-6 | u:p] INFO  com.polarion.platform.jobs.info  - Job "(INTERNAL) Trackeranalysis-projectgroup calculation of _root.default:_artificial" has id d13f3739-927abeae-4be1dce6-0f39a434
2017-06-23 00:50:00,067 [DefaultQuartzScheduler_Worker-6 | u:p] INFO  com.polarion.platform.jobs.info  - Job "(INTERNAL) Trackeranalysis-projectgroup calculation of _root.default:_artificial" runs as user "polarion"
2017-06-23 00:50:00,074 [DefaultQuartzScheduler_Worker-6 | u:p] INFO  com.polarion.platform.jobs.info  - State of job "(INTERNAL) Trackeranalysis-projectgroup calculation of _root.default:_artificial" changed to ACTIVATING
2017-06-23 00:50:00,075 [DefaultQuartzScheduler_Worker-6 | u:p] INFO  com.polarion.platform.jobs.info  - State of job "Deploy _root.default:_artificial to C:\Polarion\data\workspace\polarion-data\deploymentSpaces\_default" changed to UNSCHEDULED
2017-06-23 00:50:00,086 [DefaultQuartzScheduler_Worker-6 | u:p] INFO  com.polarion.platform.jobs.info  - Job "Deploy _root.default:_artificial to C:\Polarion\data\workspace\polarion-data\deploymentSpaces\_default" has id d13f374b-927abeae-4be1dce6-10a5cd20
2017-06-23 00:50:00,092 [DefaultQuartzScheduler_Worker-6 | u:p] INFO  com.polarion.platform.jobs.info  - Job "Deploy _root.default:_artificial to C:\Polarion\data\workspace\polarion-data\deploymentSpaces\_default" runs as user "polarion"
2017-06-23 00:50:00,099 [DefaultQuartzScheduler_Worker-6 | u:p] INFO  com.polarion.platform.jobs.info  - State of job "Deploy _root.default:_artificial to C:\Polarion\data\workspace\polarion-data\deploymentSpaces\_default" changed to ACTIVATING
2017-06-23 00:50:00,114 [DefaultQuartzScheduler_Worker-6 | u:p] INFO  com.polarion.platform.jobs.info  - State of job "Deploy _root.default:_artificial to C:\Polarion\data\workspace\polarion-data\deploymentSpaces\_default" changed to WAITING
2017-06-23 00:50:00,118 [DefaultQuartzScheduler_Worker-6 | u:p] INFO  com.polarion.platform.jobs.info  - State of job "(INTERNAL) Trackeranalysis-projectgroup calculation of _root.default:_artificial" changed to WAITING
2017-06-23 00:50:00,120 [DefaultQuartzScheduler_Worker-6 | u:p] INFO  com.polarion.platform.jobs.info  - State of job "Work Item Analysis - Project Groups" changed to WAITING
2017-06-23 00:50:00,130 [Worker-1 | u:p] INFO  com.polarion.platform.jobs.info  - State of job "Deploy _root.default:_artificial to C:\Polarion\data\workspace\polarion-data\deploymentSpaces\_default" changed to RUNNING
2017-06-23 00:50:00,135 [Worker-1 | u:p] INFO  com.polarion.platform.jobs.info  - State of job "(INTERNAL) Trackeranalysis-projectgroup calculation of _root.default:_artificial" changed to RUNNING
2017-06-23 00:50:00,137 [Worker-1 | u:p] INFO  com.polarion.platform.jobs.info  - State of job "Work Item Analysis - Project Groups" changed to RUNNING
2017-06-23 00:50:22,061 [Worker-1 | u:p] INFO  com.polarion.platform.jobs.info  - State of job "Deploy _root.default:_artificial to C:\Polarion\data\workspace\polarion-data\deploymentSpaces\_default" changed to FINISHED
2017-06-23 00:50:22,067 [Worker-1 | u:p] INFO  com.polarion.platform.jobs.info  - Status of job "Deploy _root.default:_artificial to C:\Polarion\data\workspace\polarion-data\deploymentSpaces\_default" is OK
2017-06-23 00:50:25,449 [Worker-1 | u:p] INFO  com.polarion.platform.jobs.info  - State of job "(INTERNAL) Trackeranalysis-projectgroup calculation of _root.default:_artificial" changed to FINISHED
2017-06-23 00:50:25,453 [Worker-1 | u:p] INFO  com.polarion.platform.jobs.info  - Status of job "(INTERNAL) Trackeranalysis-projectgroup calculation of _root.default:_artificial" is OK
2017-06-23 00:50:25,456 [Worker-1 | u:p] INFO  com.polarion.platform.jobs.info  - State of job "Work Item Analysis - Project Groups" changed to FINISHED
2017-06-23 00:50:25,458 [Worker-1 | u:p] INFO  com.polarion.platform.jobs.info  - Status of job "Work Item Analysis - Project Groups" is OK
2017-06-23 01:00:00,015 [DefaultQuartzScheduler_Worker-6] INFO  com.polarion.platform.jobs.info  - Job "Repository Analysis" has id d1485ecb-927abeae-4be1dce6-0b614c8a
2017-06-23 01:00:00,017 [DefaultQuartzScheduler_Worker-6] INFO  com.polarion.platform.jobs.info  - State of job "Repository Analysis" changed to UNSCHEDULED
2017-06-23 01:00:00,020 [DefaultQuartzScheduler_Worker-6] INFO  com.polarion.platform.jobs.info  - Working directory of root job "Repository Analysis" is C:\Polarion\data\workspace\polarion-data\jobs\20170623-0100
2017-06-23 01:00:00,022 [DefaultQuartzScheduler_Worker-6] INFO  com.polarion.platform.jobs.info  - Job "Repository Analysis" runs as user "polarion"
2017-06-23 01:00:00,024 [DefaultQuartzScheduler_Worker-6 | u:p] INFO  com.polarion.platform.jobs.info  - State of job "Repository Analysis" changed to ACTIVATING
2017-06-23 01:00:00,050 [DefaultQuartzScheduler_Worker-6 | u:p] INFO  com.polarion.platform.jobs.info  - State of job "(INTERNAL) Repoanalysis calculation of _root.default:_artificial" changed to UNSCHEDULED
2017-06-23 01:00:00,056 [DefaultQuartzScheduler_Worker-6 | u:p] INFO  com.polarion.platform.jobs.info  - Job "(INTERNAL) Repoanalysis calculation of _root.default:_artificial" has id d1485ef2-927abeae-4be1dce6-cc371c0c
2017-06-23 01:00:00,060 [DefaultQuartzScheduler_Worker-6 | u:p] INFO  com.polarion.platform.jobs.info  - Job "(INTERNAL) Repoanalysis calculation of _root.default:_artificial" runs as user "polarion"
2017-06-23 01:00:00,066 [DefaultQuartzScheduler_Worker-6 | u:p] INFO  com.polarion.platform.jobs.info  - State of job "(INTERNAL) Repoanalysis calculation of _root.default:_artificial" changed to ACTIVATING
2017-06-23 01:00:00,067 [DefaultQuartzScheduler_Worker-6 | u:p] INFO  com.polarion.platform.jobs.info  - State of job "Deploy _root.default:_artificial to C:\Polarion\data\workspace\polarion-data\deploymentSpaces\_default" changed to UNSCHEDULED
2017-06-23 01:00:00,075 [DefaultQuartzScheduler_Worker-6 | u:p] INFO  com.polarion.platform.jobs.info  - Job "Deploy _root.default:_artificial to C:\Polarion\data\workspace\polarion-data\deploymentSpaces\_default" has id d1485f03-927abeae-4be1dce6-a5549c24
2017-06-23 01:00:00,080 [DefaultQuartzScheduler_Worker-6 | u:p] INFO  com.polarion.platform.jobs.info  - Job "Deploy _root.default:_artificial to C:\Polarion\data\workspace\polarion-data\deploymentSpaces\_default" runs as user "polarion"
2017-06-23 01:00:00,086 [DefaultQuartzScheduler_Worker-6 | u:p] INFO  com.polarion.platform.jobs.info  - State of job "Deploy _root.default:_artificial to C:\Polarion\data\workspace\polarion-data\deploymentSpaces\_default" changed to ACTIVATING
2017-06-23 01:00:01,046 [DefaultQuartzScheduler_Worker-6 | u:p] INFO  com.polarion.platform.jobs.info  - State of job "Deploy _root.default:_artificial to C:\Polarion\data\workspace\polarion-data\deploymentSpaces\_default" changed to WAITING
2017-06-23 01:00:01,051 [DefaultQuartzScheduler_Worker-6 | u:p] INFO  com.polarion.platform.jobs.info  - State of job "(INTERNAL) Repoanalysis calculation of _root.default:_artificial" changed to WAITING
2017-06-23 01:00:01,053 [DefaultQuartzScheduler_Worker-6 | u:p] INFO  com.polarion.platform.jobs.info  - State of job "Repository Analysis" changed to WAITING
2017-06-23 01:00:01,059 [DefaultQuartzScheduler_Worker-1] INFO  com.polarion.platform.jobs.info  - Job "Live Plan Chart Update" has id d14862de-927abeae-4be1dce6-565ee33c
2017-06-23 01:00:01,061 [DefaultQuartzScheduler_Worker-1] INFO  com.polarion.platform.jobs.info  - State of job "Live Plan Chart Update" changed to UNSCHEDULED
2017-06-23 01:00:01,062 [Worker-1 | u:p] INFO  com.polarion.platform.jobs.info  - State of job "Deploy _root.default:_artificial to C:\Polarion\data\workspace\polarion-data\deploymentSpaces\_default" changed to RUNNING
2017-06-23 01:00:01,064 [DefaultQuartzScheduler_Worker-1] INFO  com.polarion.platform.jobs.info  - Working directory of root job "Live Plan Chart Update" is C:\Polarion\data\workspace\polarion-data\jobs\20170623-0100_0
2017-06-23 01:00:01,066 [DefaultQuartzScheduler_Worker-1] INFO  com.polarion.platform.jobs.info  - Job "Live Plan Chart Update" runs as user "polarion"
2017-06-23 01:00:01,066 [Worker-1 | u:p] INFO  com.polarion.platform.jobs.info  - State of job "(INTERNAL) Repoanalysis calculation of _root.default:_artificial" changed to RUNNING
2017-06-23 01:00:01,068 [DefaultQuartzScheduler_Worker-1 | u:p] INFO  com.polarion.platform.jobs.info  - State of job "Live Plan Chart Update" changed to ACTIVATING
2017-06-23 01:00:01,068 [Worker-1 | u:p] INFO  com.polarion.platform.jobs.info  - State of job "Repository Analysis" changed to RUNNING
2017-06-23 01:00:01,071 [DefaultQuartzScheduler_Worker-1 | u:p] INFO  com.polarion.platform.jobs.info  - State of job "Live Plan Chart Update" changed to WAITING
2017-06-23 01:00:01,075 [Worker-0 | u:p] INFO  com.polarion.platform.jobs.info  - State of job "Live Plan Chart Update" changed to RUNNING
2017-06-23 01:00:01,168 [Worker-0 | u:p | job: update.plan] INFO  com.polarion.platform.jobs.info  - Job "Live Plan Chart Update - Index Refresh" has id d148634b-927abeae-4be1dce6-196a7a8a
2017-06-23 01:00:01,170 [Worker-0 | u:p | job: update.plan] INFO  com.polarion.platform.jobs.info  - State of job "Live Plan Chart Update - Index Refresh" changed to UNSCHEDULED
2017-06-23 01:00:01,174 [Worker-0 | u:p | job: update.plan] INFO  com.polarion.platform.jobs.info  - Working directory of root job "Live Plan Chart Update - Index Refresh" is C:\Polarion\data\workspace\polarion-data\jobs\20170623-0100_1
2017-06-23 01:00:01,177 [Worker-0 | u:p | job: update.plan] INFO  com.polarion.platform.jobs.info  - Job "Live Plan Chart Update - Index Refresh" runs as user "polarion"
2017-06-23 01:00:01,180 [Worker-0 | u:p | job: update.plan | u:p] INFO  com.polarion.platform.jobs.info  - State of job "Live Plan Chart Update - Index Refresh" changed to ACTIVATING
2017-06-23 01:00:01,185 [Worker-0 | u:p | job: update.plan | u:p] INFO  com.polarion.platform.jobs.info  - State of job "Live Plan Chart Update - Index Refresh" changed to WAITING
2017-06-23 01:00:01,191 [Worker-4 | u:p] INFO  com.polarion.platform.jobs.info  - State of job "Live Plan Chart Update - Index Refresh" changed to RUNNING
2017-06-23 01:00:01,875 [Worker-4 | u:p] INFO  com.polarion.platform.jobs.info  - State of job "Live Plan Chart Update - Index Refresh" changed to FINISHED
2017-06-23 01:00:01,877 [Worker-4 | u:p] INFO  com.polarion.platform.jobs.info  - Status of job "Live Plan Chart Update - Index Refresh" is OK
2017-06-23 01:00:01,902 [Worker-0 | u:p] INFO  com.polarion.platform.jobs.info  - State of job "Live Plan Chart Update" changed to FINISHED
2017-06-23 01:00:01,904 [Worker-0 | u:p] INFO  com.polarion.platform.jobs.info  - Status of job "Live Plan Chart Update" is OK
2017-06-23 01:00:22,151 [Worker-1 | u:p] INFO  com.polarion.platform.jobs.info  - State of job "Deploy _root.default:_artificial to C:\Polarion\data\workspace\polarion-data\deploymentSpaces\_default" changed to FINISHED
2017-06-23 01:00:22,157 [Worker-1 | u:p] INFO  com.polarion.platform.jobs.info  - Status of job "Deploy _root.default:_artificial to C:\Polarion\data\workspace\polarion-data\deploymentSpaces\_default" is OK
2017-06-23 01:00:41,063 [Worker-1 | u:p] INFO  com.polarion.platform.jobs.info  - State of job "(INTERNAL) Repoanalysis calculation of _root.default:_artificial" changed to FINISHED
2017-06-23 01:00:41,068 [Worker-1 | u:p] INFO  com.polarion.platform.jobs.info  - Status of job "(INTERNAL) Repoanalysis calculation of _root.default:_artificial" is OK
2017-06-23 01:00:41,070 [Worker-1 | u:p] INFO  com.polarion.platform.jobs.info  - State of job "Repository Analysis" changed to FINISHED
2017-06-23 01:00:41,072 [Worker-1 | u:p] INFO  com.polarion.platform.jobs.info  - Status of job "Repository Analysis" is OK
2017-06-23 02:00:00,017 [DefaultQuartzScheduler_Worker-7] INFO  com.polarion.platform.jobs.info  - Job "Live Plan Chart Update" has id d17f4d4b-927abeae-4be1dce6-88173a29
2017-06-23 02:00:00,019 [DefaultQuartzScheduler_Worker-7] INFO  com.polarion.platform.jobs.info  - State of job "Live Plan Chart Update" changed to UNSCHEDULED
2017-06-23 02:00:00,022 [DefaultQuartzScheduler_Worker-7] INFO  com.polarion.platform.jobs.info  - Working directory of root job "Live Plan Chart Update" is C:\Polarion\data\workspace\polarion-data\jobs\20170623-0200
2017-06-23 02:00:00,024 [DefaultQuartzScheduler_Worker-7] INFO  com.polarion.platform.jobs.info  - Job "Live Plan Chart Update" runs as user "polarion"
2017-06-23 02:00:00,026 [DefaultQuartzScheduler_Worker-7 | u:p] INFO  com.polarion.platform.jobs.info  - State of job "Live Plan Chart Update" changed to ACTIVATING
2017-06-23 02:00:00,029 [DefaultQuartzScheduler_Worker-7 | u:p] INFO  com.polarion.platform.jobs.info  - State of job "Live Plan Chart Update" changed to WAITING
2017-06-23 02:00:00,033 [Worker-0 | u:p] INFO  com.polarion.platform.jobs.info  - State of job "Live Plan Chart Update" changed to RUNNING
2017-06-23 02:00:00,116 [Worker-0 | u:p | job: update.plan] INFO  com.polarion.platform.jobs.info  - Job "Live Plan Chart Update - Index Refresh" has id d17f4db0-927abeae-4be1dce6-87074bd7
2017-06-23 02:00:00,118 [Worker-0 | u:p | job: update.plan] INFO  com.polarion.platform.jobs.info  - State of job "Live Plan Chart Update - Index Refresh" changed to UNSCHEDULED
2017-06-23 02:00:00,121 [Worker-0 | u:p | job: update.plan] INFO  com.polarion.platform.jobs.info  - Working directory of root job "Live Plan Chart Update - Index Refresh" is C:\Polarion\data\workspace\polarion-data\jobs\20170623-0200_0
2017-06-23 02:00:00,123 [Worker-0 | u:p | job: update.plan] INFO  com.polarion.platform.jobs.info  - Job "Live Plan Chart Update - Index Refresh" runs as user "polarion"
2017-06-23 02:00:00,125 [Worker-0 | u:p | job: update.plan | u:p] INFO  com.polarion.platform.jobs.info  - State of job "Live Plan Chart Update - Index Refresh" changed to ACTIVATING
2017-06-23 02:00:00,128 [Worker-0 | u:p | job: update.plan | u:p] INFO  com.polarion.platform.jobs.info  - State of job "Live Plan Chart Update - Index Refresh" changed to WAITING
2017-06-23 02:00:00,131 [Worker-1 | u:p] INFO  com.polarion.platform.jobs.info  - State of job "Live Plan Chart Update - Index Refresh" changed to RUNNING
2017-06-23 02:00:00,772 [Worker-1 | u:p] INFO  com.polarion.platform.jobs.info  - State of job "Live Plan Chart Update - Index Refresh" changed to FINISHED
2017-06-23 02:00:00,774 [Worker-1 | u:p] INFO  com.polarion.platform.jobs.info  - Status of job "Live Plan Chart Update - Index Refresh" is OK
2017-06-23 02:00:00,800 [Worker-0 | u:p] INFO  com.polarion.platform.jobs.info  - State of job "Live Plan Chart Update" changed to FINISHED
2017-06-23 02:00:00,802 [Worker-0 | u:p] INFO  com.polarion.platform.jobs.info  - Status of job "Live Plan Chart Update" is OK
2017-06-23 03:00:00,025 [DefaultQuartzScheduler_Worker-7] INFO  com.polarion.platform.jobs.info  - Job "Live Plan Chart Update" has id d1b63bd2-927abeae-4be1dce6-6fece8d5
2017-06-23 03:00:00,028 [DefaultQuartzScheduler_Worker-7] INFO  com.polarion.platform.jobs.info  - State of job "Live Plan Chart Update" changed to UNSCHEDULED
2017-06-23 03:00:00,031 [DefaultQuartzScheduler_Worker-7] INFO  com.polarion.platform.jobs.info  - Working directory of root job "Live Plan Chart Update" is C:\Polarion\data\workspace\polarion-data\jobs\20170623-0300
2017-06-23 03:00:00,033 [DefaultQuartzScheduler_Worker-7] INFO  com.polarion.platform.jobs.info  - Job "Live Plan Chart Update" runs as user "polarion"
2017-06-23 03:00:00,036 [DefaultQuartzScheduler_Worker-7 | u:p] INFO  com.polarion.platform.jobs.info  - State of job "Live Plan Chart Update" changed to ACTIVATING
2017-06-23 03:00:00,039 [DefaultQuartzScheduler_Worker-7 | u:p] INFO  com.polarion.platform.jobs.info  - State of job "Live Plan Chart Update" changed to WAITING
2017-06-23 03:00:00,043 [Worker-1 | u:p] INFO  com.polarion.platform.jobs.info  - State of job "Live Plan Chart Update" changed to RUNNING
2017-06-23 03:00:00,126 [Worker-1 | u:p | job: update.plan] INFO  com.polarion.platform.jobs.info  - Job "Live Plan Chart Update - Index Refresh" has id d1b63c3b-927abeae-4be1dce6-a3da03b4
2017-06-23 03:00:00,128 [Worker-1 | u:p | job: update.plan] INFO  com.polarion.platform.jobs.info  - State of job "Live Plan Chart Update - Index Refresh" changed to UNSCHEDULED
2017-06-23 03:00:00,131 [Worker-1 | u:p | job: update.plan] INFO  com.polarion.platform.jobs.info  - Working directory of root job "Live Plan Chart Update - Index Refresh" is C:\Polarion\data\workspace\polarion-data\jobs\20170623-0300_0
2017-06-23 03:00:00,133 [Worker-1 | u:p | job: update.plan] INFO  com.polarion.platform.jobs.info  - Job "Live Plan Chart Update - Index Refresh" runs as user "polarion"
2017-06-23 03:00:00,135 [Worker-1 | u:p | job: update.plan | u:p] INFO  com.polarion.platform.jobs.info  - State of job "Live Plan Chart Update - Index Refresh" changed to ACTIVATING
2017-06-23 03:00:00,138 [Worker-1 | u:p | job: update.plan | u:p] INFO  com.polarion.platform.jobs.info  - State of job "Live Plan Chart Update - Index Refresh" changed to WAITING
2017-06-23 03:00:00,141 [Worker-0 | u:p] INFO  com.polarion.platform.jobs.info  - State of job "Live Plan Chart Update - Index Refresh" changed to RUNNING
2017-06-23 03:00:00,811 [Worker-0 | u:p] INFO  com.polarion.platform.jobs.info  - State of job "Live Plan Chart Update - Index Refresh" changed to FINISHED
2017-06-23 03:00:00,813 [Worker-0 | u:p] INFO  com.polarion.platform.jobs.info  - Status of job "Live Plan Chart Update - Index Refresh" is OK
2017-06-23 03:00:00,837 [Worker-1 | u:p] INFO  com.polarion.platform.jobs.info  - State of job "Live Plan Chart Update" changed to FINISHED
2017-06-23 03:00:00,839 [Worker-1 | u:p] INFO  com.polarion.platform.jobs.info  - Status of job "Live Plan Chart Update" is OK
2017-06-23 04:00:00,024 [DefaultQuartzScheduler_Worker-7] INFO  com.polarion.platform.jobs.info  - Job "Live Plan Chart Update" has id d1ed2a52-927abeae-4be1dce6-ecca1dcd
2017-06-23 04:00:00,026 [DefaultQuartzScheduler_Worker-7] INFO  com.polarion.platform.jobs.info  - State of job "Live Plan Chart Update" changed to UNSCHEDULED
2017-06-23 04:00:00,029 [DefaultQuartzScheduler_Worker-7] INFO  com.polarion.platform.jobs.info  - Working directory of root job "Live Plan Chart Update" is C:\Polarion\data\workspace\polarion-data\jobs\20170623-0400
2017-06-23 04:00:00,031 [DefaultQuartzScheduler_Worker-7] INFO  com.polarion.platform.jobs.info  - Job "Live Plan Chart Update" runs as user "polarion"
2017-06-23 04:00:00,033 [DefaultQuartzScheduler_Worker-7 | u:p] INFO  com.polarion.platform.jobs.info  - State of job "Live Plan Chart Update" changed to ACTIVATING
2017-06-23 04:00:00,036 [DefaultQuartzScheduler_Worker-7 | u:p] INFO  com.polarion.platform.jobs.info  - State of job "Live Plan Chart Update" changed to WAITING
2017-06-23 04:00:00,040 [Worker-0 | u:p] INFO  com.polarion.platform.jobs.info  - State of job "Live Plan Chart Update" changed to RUNNING
2017-06-23 04:00:00,042 [DefaultQuartzScheduler_Worker-1] INFO  com.polarion.platform.jobs.info  - Job "Live CMMI" has id d1ed2a66-927abeae-4be1dce6-60b158ed
2017-06-23 04:00:00,044 [DefaultQuartzScheduler_Worker-1] INFO  com.polarion.platform.jobs.info  - State of job "Live CMMI" changed to UNSCHEDULED
2017-06-23 04:00:00,047 [DefaultQuartzScheduler_Worker-1] INFO  com.polarion.platform.jobs.info  - Working directory of root job "Live CMMI" is C:\Polarion\data\workspace\polarion-data\jobs\20170623-0400_0
2017-06-23 04:00:00,049 [DefaultQuartzScheduler_Worker-1] INFO  com.polarion.platform.jobs.info  - Job "Live CMMI" runs as user "polarion"
2017-06-23 04:00:00,051 [DefaultQuartzScheduler_Worker-1 | u:p] INFO  com.polarion.platform.jobs.info  - State of job "Live CMMI" changed to ACTIVATING
2017-06-23 04:00:00,080 [DefaultQuartzScheduler_Worker-1 | u:p] INFO  com.polarion.platform.jobs.info  - State of job "(INTERNAL) Cmmi-analysis calculation of _root.default:_artificial" changed to UNSCHEDULED
2017-06-23 04:00:00,089 [DefaultQuartzScheduler_Worker-1 | u:p] INFO  com.polarion.platform.jobs.info  - Job "(INTERNAL) Cmmi-analysis calculation of _root.default:_artificial" has id d1ed2a90-927abeae-4be1dce6-ce7d6be1
2017-06-23 04:00:00,094 [DefaultQuartzScheduler_Worker-1 | u:p] INFO  com.polarion.platform.jobs.info  - Job "(INTERNAL) Cmmi-analysis calculation of _root.default:_artificial" runs as user "polarion"
2017-06-23 04:00:00,102 [DefaultQuartzScheduler_Worker-1 | u:p] INFO  com.polarion.platform.jobs.info  - State of job "(INTERNAL) Cmmi-analysis calculation of _root.default:_artificial" changed to ACTIVATING
2017-06-23 04:00:00,102 [DefaultQuartzScheduler_Worker-1 | u:p] INFO  com.polarion.platform.jobs.info  - State of job "Deploy _root.default:_artificial to C:\Polarion\data\workspace\polarion-data\deploymentSpaces\_default" changed to UNSCHEDULED
2017-06-23 04:00:00,114 [DefaultQuartzScheduler_Worker-1 | u:p] INFO  com.polarion.platform.jobs.info  - Job "Deploy _root.default:_artificial to C:\Polarion\data\workspace\polarion-data\deploymentSpaces\_default" has id d1ed2aa6-927abeae-4be1dce6-5223f248
2017-06-23 04:00:00,121 [DefaultQuartzScheduler_Worker-1 | u:p] INFO  com.polarion.platform.jobs.info  - Job "Deploy _root.default:_artificial to C:\Polarion\data\workspace\polarion-data\deploymentSpaces\_default" runs as user "polarion"
2017-06-23 04:00:00,127 [DefaultQuartzScheduler_Worker-1 | u:p] INFO  com.polarion.platform.jobs.info  - State of job "Deploy _root.default:_artificial to C:\Polarion\data\workspace\polarion-data\deploymentSpaces\_default" changed to ACTIVATING
2017-06-23 04:00:00,143 [DefaultQuartzScheduler_Worker-1 | u:p] INFO  com.polarion.platform.jobs.info  - State of job "Deploy _root.default:_artificial to C:\Polarion\data\workspace\polarion-data\deploymentSpaces\_default" changed to WAITING
2017-06-23 04:00:00,147 [DefaultQuartzScheduler_Worker-1 | u:p] INFO  com.polarion.platform.jobs.info  - State of job "(INTERNAL) Cmmi-analysis calculation of _root.default:_artificial" changed to WAITING
2017-06-23 04:00:00,149 [DefaultQuartzScheduler_Worker-1 | u:p] INFO  com.polarion.platform.jobs.info  - State of job "Live CMMI" changed to WAITING
2017-06-23 04:00:00,156 [Worker-0 | u:p | job: update.plan] INFO  com.polarion.platform.jobs.info  - Job "Live Plan Chart Update - Index Refresh" has id d1ed2ad6-927abeae-4be1dce6-3999376e
2017-06-23 04:00:00,159 [Worker-0 | u:p | job: update.plan] INFO  com.polarion.platform.jobs.info  - State of job "Live Plan Chart Update - Index Refresh" changed to UNSCHEDULED
2017-06-23 04:00:00,160 [Worker-1 | u:p] INFO  com.polarion.platform.jobs.info  - State of job "Deploy _root.default:_artificial to C:\Polarion\data\workspace\polarion-data\deploymentSpaces\_default" changed to RUNNING
2017-06-23 04:00:00,162 [Worker-0 | u:p | job: update.plan] INFO  com.polarion.platform.jobs.info  - Working directory of root job "Live Plan Chart Update - Index Refresh" is C:\Polarion\data\workspace\polarion-data\jobs\20170623-0400_1
2017-06-23 04:00:00,163 [Worker-0 | u:p | job: update.plan] INFO  com.polarion.platform.jobs.info  - Job "Live Plan Chart Update - Index Refresh" runs as user "polarion"
2017-06-23 04:00:00,164 [Worker-1 | u:p] INFO  com.polarion.platform.jobs.info  - State of job "(INTERNAL) Cmmi-analysis calculation of _root.default:_artificial" changed to RUNNING
2017-06-23 04:00:00,166 [Worker-0 | u:p | job: update.plan | u:p] INFO  com.polarion.platform.jobs.info  - State of job "Live Plan Chart Update - Index Refresh" changed to ACTIVATING
2017-06-23 04:00:00,166 [Worker-1 | u:p] INFO  com.polarion.platform.jobs.info  - State of job "Live CMMI" changed to RUNNING
2017-06-23 04:00:00,168 [Worker-0 | u:p | job: update.plan | u:p] INFO  com.polarion.platform.jobs.info  - State of job "Live Plan Chart Update - Index Refresh" changed to WAITING
2017-06-23 04:00:00,172 [Worker-5 | u:p] INFO  com.polarion.platform.jobs.info  - State of job "Live Plan Chart Update - Index Refresh" changed to RUNNING
2017-06-23 04:00:00,856 [Worker-5 | u:p] INFO  com.polarion.platform.jobs.info  - State of job "Live Plan Chart Update - Index Refresh" changed to FINISHED
2017-06-23 04:00:00,858 [Worker-5 | u:p] INFO  com.polarion.platform.jobs.info  - Status of job "Live Plan Chart Update - Index Refresh" is OK
2017-06-23 04:00:00,883 [Worker-0 | u:p] INFO  com.polarion.platform.jobs.info  - State of job "Live Plan Chart Update" changed to FINISHED
2017-06-23 04:00:00,885 [Worker-0 | u:p] INFO  com.polarion.platform.jobs.info  - Status of job "Live Plan Chart Update" is OK
2017-06-23 04:00:21,152 [Worker-1 | u:p] INFO  com.polarion.platform.jobs.info  - State of job "Deploy _root.default:_artificial to C:\Polarion\data\workspace\polarion-data\deploymentSpaces\_default" changed to FINISHED
2017-06-23 04:00:21,158 [Worker-1 | u:p] INFO  com.polarion.platform.jobs.info  - Status of job "Deploy _root.default:_artificial to C:\Polarion\data\workspace\polarion-data\deploymentSpaces\_default" is OK
2017-06-23 04:00:25,703 [Worker-1 | u:p] INFO  com.polarion.platform.jobs.info  - State of job "(INTERNAL) Cmmi-analysis calculation of _root.default:_artificial" changed to FINISHED
2017-06-23 04:00:25,707 [Worker-1 | u:p] INFO  com.polarion.platform.jobs.info  - Status of job "(INTERNAL) Cmmi-analysis calculation of _root.default:_artificial" is OK
2017-06-23 04:00:25,709 [Worker-1 | u:p] INFO  com.polarion.platform.jobs.info  - State of job "Live CMMI" changed to FINISHED
2017-06-23 04:00:25,712 [Worker-1 | u:p] INFO  com.polarion.platform.jobs.info  - Status of job "Live CMMI" is OK
2017-06-23 05:00:00,016 [DefaultQuartzScheduler_Worker-8] INFO  com.polarion.platform.jobs.info  - Job "Live Plan Chart Update" has id d22418ca-927abeae-4be1dce6-fd4d1d20
2017-06-23 05:00:00,018 [DefaultQuartzScheduler_Worker-8] INFO  com.polarion.platform.jobs.info  - State of job "Live Plan Chart Update" changed to UNSCHEDULED
2017-06-23 05:00:00,021 [DefaultQuartzScheduler_Worker-8] INFO  com.polarion.platform.jobs.info  - Working directory of root job "Live Plan Chart Update" is C:\Polarion\data\workspace\polarion-data\jobs\20170623-0500
2017-06-23 05:00:00,023 [DefaultQuartzScheduler_Worker-8] INFO  com.polarion.platform.jobs.info  - Job "Live Plan Chart Update" runs as user "polarion"
2017-06-23 05:00:00,025 [DefaultQuartzScheduler_Worker-8 | u:p] INFO  com.polarion.platform.jobs.info  - State of job "Live Plan Chart Update" changed to ACTIVATING
2017-06-23 05:00:00,028 [DefaultQuartzScheduler_Worker-8 | u:p] INFO  com.polarion.platform.jobs.info  - State of job "Live Plan Chart Update" changed to WAITING
2017-06-23 05:00:00,031 [Worker-5 | u:p] INFO  com.polarion.platform.jobs.info  - State of job "Live Plan Chart Update" changed to RUNNING
2017-06-23 05:00:00,094 [Worker-5 | u:p | job: update.plan] INFO  com.polarion.platform.jobs.info  - Job "Live Plan Chart Update - Index Refresh" has id d224191a-927abeae-4be1dce6-c319f5fe
2017-06-23 05:00:00,096 [Worker-5 | u:p | job: update.plan] INFO  com.polarion.platform.jobs.info  - State of job "Live Plan Chart Update - Index Refresh" changed to UNSCHEDULED
2017-06-23 05:00:00,098 [Worker-5 | u:p | job: update.plan] INFO  com.polarion.platform.jobs.info  - Working directory of root job "Live Plan Chart Update - Index Refresh" is C:\Polarion\data\workspace\polarion-data\jobs\20170623-0500_0
2017-06-23 05:00:00,100 [Worker-5 | u:p | job: update.plan] INFO  com.polarion.platform.jobs.info  - Job "Live Plan Chart Update - Index Refresh" runs as user "polarion"
2017-06-23 05:00:00,102 [Worker-5 | u:p | job: update.plan | u:p] INFO  com.polarion.platform.jobs.info  - State of job "Live Plan Chart Update - Index Refresh" changed to ACTIVATING
2017-06-23 05:00:00,105 [Worker-5 | u:p | job: update.plan | u:p] INFO  com.polarion.platform.jobs.info  - State of job "Live Plan Chart Update - Index Refresh" changed to WAITING
2017-06-23 05:00:00,108 [Worker-1 | u:p] INFO  com.polarion.platform.jobs.info  - State of job "Live Plan Chart Update - Index Refresh" changed to RUNNING
2017-06-23 05:00:00,770 [Worker-1 | u:p] INFO  com.polarion.platform.jobs.info  - State of job "Live Plan Chart Update - Index Refresh" changed to FINISHED
2017-06-23 05:00:00,772 [Worker-1 | u:p] INFO  com.polarion.platform.jobs.info  - Status of job "Live Plan Chart Update - Index Refresh" is OK
2017-06-23 05:00:00,818 [Worker-5 | u:p] INFO  com.polarion.platform.jobs.info  - State of job "Live Plan Chart Update" changed to FINISHED
2017-06-23 05:00:00,820 [Worker-5 | u:p] INFO  com.polarion.platform.jobs.info  - Status of job "Live Plan Chart Update" is OK
2017-06-23 06:00:00,023 [DefaultQuartzScheduler_Worker-8] INFO  com.polarion.platform.jobs.info  - Job "Live Plan Chart Update" has id d25b0751-927abeae-4be1dce6-897e4e4d
2017-06-23 06:00:00,025 [DefaultQuartzScheduler_Worker-8] INFO  com.polarion.platform.jobs.info  - State of job "Live Plan Chart Update" changed to UNSCHEDULED
2017-06-23 06:00:00,028 [DefaultQuartzScheduler_Worker-8] INFO  com.polarion.platform.jobs.info  - Working directory of root job "Live Plan Chart Update" is C:\Polarion\data\workspace\polarion-data\jobs\20170623-0600
2017-06-23 06:00:00,030 [DefaultQuartzScheduler_Worker-8] INFO  com.polarion.platform.jobs.info  - Job "Live Plan Chart Update" runs as user "polarion"
2017-06-23 06:00:00,032 [DefaultQuartzScheduler_Worker-8 | u:p] INFO  com.polarion.platform.jobs.info  - State of job "Live Plan Chart Update" changed to ACTIVATING
2017-06-23 06:00:00,035 [DefaultQuartzScheduler_Worker-8 | u:p] INFO  com.polarion.platform.jobs.info  - State of job "Live Plan Chart Update" changed to WAITING
2017-06-23 06:00:00,039 [Worker-1 | u:p] INFO  com.polarion.platform.jobs.info  - State of job "Live Plan Chart Update" changed to RUNNING
2017-06-23 06:00:00,071 [DefaultQuartzScheduler_Worker-3] INFO  com.polarion.platform.jobs.info  - Job "Cleanup of Temporary Files" has id d25b0783-927abeae-4be1dce6-23f887a4
2017-06-23 06:00:00,073 [DefaultQuartzScheduler_Worker-3] INFO  com.polarion.platform.jobs.info  - State of job "Cleanup of Temporary Files" changed to UNSCHEDULED
2017-06-23 06:00:00,076 [DefaultQuartzScheduler_Worker-3] INFO  com.polarion.platform.jobs.info  - Working directory of root job "Cleanup of Temporary Files" is C:\Polarion\data\workspace\polarion-data\jobs\20170623-0600_0
2017-06-23 06:00:00,078 [DefaultQuartzScheduler_Worker-3] INFO  com.polarion.platform.jobs.info  - Job "Cleanup of Temporary Files" runs as user "polarion"
2017-06-23 06:00:00,130 [DefaultQuartzScheduler_Worker-3 | u:p] INFO  com.polarion.platform.jobs.info  - State of job "Cleanup of Temporary Files" changed to ACTIVATING
2017-06-23 06:00:00,155 [DefaultQuartzScheduler_Worker-3 | u:p] INFO  com.polarion.platform.jobs.info  - State of job "Cleanup of Temporary Files" changed to WAITING
2017-06-23 06:00:00,159 [Worker-5 | u:p] INFO  com.polarion.platform.jobs.info  - State of job "Cleanup of Temporary Files" changed to RUNNING
2017-06-23 06:00:00,160 [Worker-1 | u:p | job: update.plan] INFO  com.polarion.platform.jobs.info  - Job "Live Plan Chart Update - Index Refresh" has id d25b07dc-927abeae-4be1dce6-48cd6309
2017-06-23 06:00:00,162 [Worker-1 | u:p | job: update.plan] INFO  com.polarion.platform.jobs.info  - State of job "Live Plan Chart Update - Index Refresh" changed to UNSCHEDULED
2017-06-23 06:00:00,166 [Worker-1 | u:p | job: update.plan] INFO  com.polarion.platform.jobs.info  - Working directory of root job "Live Plan Chart Update - Index Refresh" is C:\Polarion\data\workspace\polarion-data\jobs\20170623-0600_1
2017-06-23 06:00:00,168 [Worker-1 | u:p | job: update.plan] INFO  com.polarion.platform.jobs.info  - Job "Live Plan Chart Update - Index Refresh" runs as user "polarion"
2017-06-23 06:00:00,170 [Worker-1 | u:p | job: update.plan | u:p] INFO  com.polarion.platform.jobs.info  - State of job "Live Plan Chart Update - Index Refresh" changed to ACTIVATING
2017-06-23 06:00:00,173 [Worker-1 | u:p | job: update.plan | u:p] INFO  com.polarion.platform.jobs.info  - State of job "Live Plan Chart Update - Index Refresh" changed to WAITING
2017-06-23 06:00:00,177 [Worker-6 | u:p] INFO  com.polarion.platform.jobs.info  - State of job "Live Plan Chart Update - Index Refresh" changed to RUNNING
2017-06-23 06:00:00,699 [Worker-5 | u:p] INFO  com.polarion.platform.jobs.info  - State of job "Cleanup of Temporary Files" changed to FINISHED
2017-06-23 06:00:00,701 [Worker-5 | u:p] INFO  com.polarion.platform.jobs.info  - Status of job "Cleanup of Temporary Files" is OK
2017-06-23 06:00:00,888 [Worker-6 | u:p] INFO  com.polarion.platform.jobs.info  - State of job "Live Plan Chart Update - Index Refresh" changed to FINISHED
2017-06-23 06:00:00,890 [Worker-6 | u:p] INFO  com.polarion.platform.jobs.info  - Status of job "Live Plan Chart Update - Index Refresh" is OK
2017-06-23 06:00:00,944 [Worker-1 | u:p] INFO  com.polarion.platform.jobs.info  - State of job "Live Plan Chart Update" changed to FINISHED
2017-06-23 06:00:00,947 [Worker-1 | u:p] INFO  com.polarion.platform.jobs.info  - Status of job "Live Plan Chart Update" is OK
2017-06-23 07:00:00,018 [DefaultQuartzScheduler_Worker-3] INFO  com.polarion.platform.jobs.info  - Job "Live Plan Chart Update" has id d291f5cc-927abeae-4be1dce6-7f114dd6
2017-06-23 07:00:00,020 [DefaultQuartzScheduler_Worker-3] INFO  com.polarion.platform.jobs.info  - State of job "Live Plan Chart Update" changed to UNSCHEDULED
2017-06-23 07:00:00,023 [DefaultQuartzScheduler_Worker-3] INFO  com.polarion.platform.jobs.info  - Working directory of root job "Live Plan Chart Update" is C:\Polarion\data\workspace\polarion-data\jobs\20170623-0700
2017-06-23 07:00:00,025 [DefaultQuartzScheduler_Worker-3] INFO  com.polarion.platform.jobs.info  - Job "Live Plan Chart Update" runs as user "polarion"
2017-06-23 07:00:00,027 [DefaultQuartzScheduler_Worker-3 | u:p] INFO  com.polarion.platform.jobs.info  - State of job "Live Plan Chart Update" changed to ACTIVATING
2017-06-23 07:00:00,030 [DefaultQuartzScheduler_Worker-3 | u:p] INFO  com.polarion.platform.jobs.info  - State of job "Live Plan Chart Update" changed to WAITING
2017-06-23 07:00:00,034 [Worker-6 | u:p] INFO  com.polarion.platform.jobs.info  - State of job "Live Plan Chart Update" changed to RUNNING
2017-06-23 07:00:00,103 [Worker-6 | u:p | job: update.plan] INFO  com.polarion.platform.jobs.info  - Job "Live Plan Chart Update - Index Refresh" has id d291f623-927abeae-4be1dce6-624cd38d
2017-06-23 07:00:00,105 [Worker-6 | u:p | job: update.plan] INFO  com.polarion.platform.jobs.info  - State of job "Live Plan Chart Update - Index Refresh" changed to UNSCHEDULED
2017-06-23 07:00:00,108 [Worker-6 | u:p | job: update.plan] INFO  com.polarion.platform.jobs.info  - Working directory of root job "Live Plan Chart Update - Index Refresh" is C:\Polarion\data\workspace\polarion-data\jobs\20170623-0700_0
2017-06-23 07:00:00,110 [Worker-6 | u:p | job: update.plan] INFO  com.polarion.platform.jobs.info  - Job "Live Plan Chart Update - Index Refresh" runs as user "polarion"
2017-06-23 07:00:00,112 [Worker-6 | u:p | job: update.plan | u:p] INFO  com.polarion.platform.jobs.info  - State of job "Live Plan Chart Update - Index Refresh" changed to ACTIVATING
2017-06-23 07:00:00,114 [Worker-6 | u:p | job: update.plan | u:p] INFO  com.polarion.platform.jobs.info  - State of job "Live Plan Chart Update - Index Refresh" changed to WAITING
2017-06-23 07:00:00,118 [Worker-1 | u:p] INFO  com.polarion.platform.jobs.info  - State of job "Live Plan Chart Update - Index Refresh" changed to RUNNING
2017-06-23 07:00:00,809 [Worker-1 | u:p] INFO  com.polarion.platform.jobs.info  - State of job "Live Plan Chart Update - Index Refresh" changed to FINISHED
2017-06-23 07:00:00,811 [Worker-1 | u:p] INFO  com.polarion.platform.jobs.info  - Status of job "Live Plan Chart Update - Index Refresh" is OK
2017-06-23 07:00:00,836 [Worker-6 | u:p] INFO  com.polarion.platform.jobs.info  - State of job "Live Plan Chart Update" changed to FINISHED
2017-06-23 07:00:00,838 [Worker-6 | u:p] INFO  com.polarion.platform.jobs.info  - Status of job "Live Plan Chart Update" is OK
2017-06-23 08:00:00,025 [DefaultQuartzScheduler_Worker-6] INFO  com.polarion.platform.jobs.info  - Job "Live Plan Chart Update" has id d2c8e453-927abeae-4be1dce6-82a224b0
2017-06-23 08:00:00,027 [DefaultQuartzScheduler_Worker-6] INFO  com.polarion.platform.jobs.info  - State of job "Live Plan Chart Update" changed to UNSCHEDULED
2017-06-23 08:00:00,030 [DefaultQuartzScheduler_Worker-6] INFO  com.polarion.platform.jobs.info  - Working directory of root job "Live Plan Chart Update" is C:\Polarion\data\workspace\polarion-data\jobs\20170623-0800
2017-06-23 08:00:00,032 [DefaultQuartzScheduler_Worker-6] INFO  com.polarion.platform.jobs.info  - Job "Live Plan Chart Update" runs as user "polarion"
2017-06-23 08:00:00,034 [DefaultQuartzScheduler_Worker-6 | u:p] INFO  com.polarion.platform.jobs.info  - State of job "Live Plan Chart Update" changed to ACTIVATING
2017-06-23 08:00:00,037 [DefaultQuartzScheduler_Worker-6 | u:p] INFO  com.polarion.platform.jobs.info  - State of job "Live Plan Chart Update" changed to WAITING
2017-06-23 08:00:00,040 [Worker-1 | u:p] INFO  com.polarion.platform.jobs.info  - State of job "Live Plan Chart Update" changed to RUNNING
2017-06-23 08:00:00,109 [Worker-1 | u:p | job: update.plan] INFO  com.polarion.platform.jobs.info  - Job "Live Plan Chart Update - Index Refresh" has id d2c8e4a9-927abeae-4be1dce6-8810e053
2017-06-23 08:00:00,111 [Worker-1 | u:p | job: update.plan] INFO  com.polarion.platform.jobs.info  - State of job "Live Plan Chart Update - Index Refresh" changed to UNSCHEDULED
2017-06-23 08:00:00,114 [Worker-1 | u:p | job: update.plan] INFO  com.polarion.platform.jobs.info  - Working directory of root job "Live Plan Chart Update - Index Refresh" is C:\Polarion\data\workspace\polarion-data\jobs\20170623-0800_0
2017-06-23 08:00:00,116 [Worker-1 | u:p | job: update.plan] INFO  com.polarion.platform.jobs.info  - Job "Live Plan Chart Update - Index Refresh" runs as user "polarion"
2017-06-23 08:00:00,118 [Worker-1 | u:p | job: update.plan | u:p] INFO  com.polarion.platform.jobs.info  - State of job "Live Plan Chart Update - Index Refresh" changed to ACTIVATING
2017-06-23 08:00:00,121 [Worker-1 | u:p | job: update.plan | u:p] INFO  com.polarion.platform.jobs.info  - State of job "Live Plan Chart Update - Index Refresh" changed to WAITING
2017-06-23 08:00:00,125 [Worker-6 | u:p] INFO  com.polarion.platform.jobs.info  - State of job "Live Plan Chart Update - Index Refresh" changed to RUNNING
2017-06-23 08:00:00,805 [Worker-6 | u:p] INFO  com.polarion.platform.jobs.info  - State of job "Live Plan Chart Update - Index Refresh" changed to FINISHED
2017-06-23 08:00:00,807 [Worker-6 | u:p] INFO  com.polarion.platform.jobs.info  - Status of job "Live Plan Chart Update - Index Refresh" is OK
2017-06-23 08:00:00,833 [Worker-1 | u:p] INFO  com.polarion.platform.jobs.info  - State of job "Live Plan Chart Update" changed to FINISHED
2017-06-23 08:00:00,835 [Worker-1 | u:p] INFO  com.polarion.platform.jobs.info  - Status of job "Live Plan Chart Update" is OK
2017-06-23 09:00:00,018 [DefaultQuartzScheduler_Worker-6] INFO  com.polarion.platform.jobs.info  - Job "Live Plan Chart Update" has id d2ffd2cc-927abeae-4be1dce6-e71ceae9
2017-06-23 09:00:00,020 [DefaultQuartzScheduler_Worker-6] INFO  com.polarion.platform.jobs.info  - State of job "Live Plan Chart Update" changed to UNSCHEDULED
2017-06-23 09:00:00,023 [DefaultQuartzScheduler_Worker-6] INFO  com.polarion.platform.jobs.info  - Working directory of root job "Live Plan Chart Update" is C:\Polarion\data\workspace\polarion-data\jobs\20170623-0900
2017-06-23 09:00:00,025 [DefaultQuartzScheduler_Worker-6] INFO  com.polarion.platform.jobs.info  - Job "Live Plan Chart Update" runs as user "polarion"
2017-06-23 09:00:00,027 [DefaultQuartzScheduler_Worker-6 | u:p] INFO  com.polarion.platform.jobs.info  - State of job "Live Plan Chart Update" changed to ACTIVATING
2017-06-23 09:00:00,030 [DefaultQuartzScheduler_Worker-6 | u:p] INFO  com.polarion.platform.jobs.info  - State of job "Live Plan Chart Update" changed to WAITING
2017-06-23 09:00:00,033 [Worker-6 | u:p] INFO  com.polarion.platform.jobs.info  - State of job "Live Plan Chart Update" changed to RUNNING
2017-06-23 09:00:00,110 [Worker-6 | u:p | job: update.plan] INFO  com.polarion.platform.jobs.info  - Job "Live Plan Chart Update - Index Refresh" has id d2ffd32a-927abeae-4be1dce6-fead78bc
2017-06-23 09:00:00,112 [Worker-6 | u:p | job: update.plan] INFO  com.polarion.platform.jobs.info  - State of job "Live Plan Chart Update - Index Refresh" changed to UNSCHEDULED
2017-06-23 09:00:00,115 [Worker-6 | u:p | job: update.plan] INFO  com.polarion.platform.jobs.info  - Working directory of root job "Live Plan Chart Update - Index Refresh" is C:\Polarion\data\workspace\polarion-data\jobs\20170623-0900_0
2017-06-23 09:00:00,117 [Worker-6 | u:p | job: update.plan] INFO  com.polarion.platform.jobs.info  - Job "Live Plan Chart Update - Index Refresh" runs as user "polarion"
2017-06-23 09:00:00,119 [Worker-6 | u:p | job: update.plan | u:p] INFO  com.polarion.platform.jobs.info  - State of job "Live Plan Chart Update - Index Refresh" changed to ACTIVATING
2017-06-23 09:00:00,121 [Worker-6 | u:p | job: update.plan | u:p] INFO  com.polarion.platform.jobs.info  - State of job "Live Plan Chart Update - Index Refresh" changed to WAITING
2017-06-23 09:00:00,125 [Worker-1 | u:p] INFO  com.polarion.platform.jobs.info  - State of job "Live Plan Chart Update - Index Refresh" changed to RUNNING
2017-06-23 09:00:00,800 [Worker-1 | u:p] INFO  com.polarion.platform.jobs.info  - State of job "Live Plan Chart Update - Index Refresh" changed to FINISHED
2017-06-23 09:00:00,802 [Worker-1 | u:p] INFO  com.polarion.platform.jobs.info  - Status of job "Live Plan Chart Update - Index Refresh" is OK
2017-06-23 09:00:00,826 [Worker-6 | u:p] INFO  com.polarion.platform.jobs.info  - State of job "Live Plan Chart Update" changed to FINISHED
2017-06-23 09:00:00,828 [Worker-6 | u:p] INFO  com.polarion.platform.jobs.info  - Status of job "Live Plan Chart Update" is OK
