2017-06-22 18:05:11,557 [main | u:p] INFO  TXLOGGER  - Summary for 'Platform startup': transactions: 0, DB: 0.0431 s [50% query (13x), 48% update (126x)] (206x), svn: 0.024 s [87% checkPath (1x)] (3x)
2017-06-22 18:05:11,758 [main | u:p] INFO  TXLOGGER  - Summary for 'Context recognition': transactions: 0, svn: 0.0802 s [38% info (3x), 37% getDir2 content (2x), 25% getFile content (1x)] (6x)
2017-06-22 18:05:12,954 [LowLevelDataService-contextInitializer-1 | u:p] INFO  TXLOGGER  - Summary: Total: 1.19 s, transactions: 0, svn: 0.0795 s [98% log2 (5x)] (6x)
2017-06-22 18:05:12,954 [LowLevelDataService-contextInitializer-5 | u:p] INFO  TXLOGGER  - Summary: Total: 1.19 s, transactions: 0, svn: 0.0693 s [92% log2 (5x)] (6x)
2017-06-22 18:05:12,955 [LowLevelDataService-contextInitializer-3 | u:p] INFO  TXLOGGER  - Summary: Total: 1.19 s, transactions: 0, ObjectMaps: 0.271 s [100% getAllPrimaryObjects (1x)] (7x), svn: 0.121 s [33% log (1x), 30% log2 (5x), 23% info (4x)] (15x)
2017-06-22 18:05:12,954 [LowLevelDataService-contextInitializer-2 | u:p] INFO  TXLOGGER  - Summary: Total: 1.19 s, transactions: 0, svn: 0.135 s [98% log2 (6x)] (8x)
2017-06-22 18:05:12,954 [LowLevelDataService-contextInitializer-4 | u:p] INFO  TXLOGGER  - Summary: Total: 1.19 s, transactions: 0, svn: 0.144 s [98% log2 (10x)] (12x)
2017-06-22 18:05:12,956 [main | u:p] INFO  TXLOGGER  - Summary for 'Context initialization': transactions: 0, svn: 0.55 s [82% log2 (31x)] (47x), ObjectMaps: 0.401 s [99% getAllPrimaryObjects (7x)] (55x)
2017-06-22 18:05:13,302 [main | u:p] INFO  TXLOGGER  - Summary for 'Revisions processing': transactions: 14, RepositoryConfigService: 0.209 s [100% getReadConfiguration (42x)] (42x), svn: 0.114 s [91% info (15x)] (32x)
2017-06-22 18:05:14,016 [main | u:p] INFO  TXLOGGER  - Summary for 'Build artifacts recognition': transactions: 40, svn: 0.576 s [86% info (78x)] (131x), RepositoryConfigService: 0.478 s [100% getReadConfiguration (48x)] (48x)
2017-06-22 18:05:14,554 [main | u:p] INFO  TXLOGGER  - Summary for 'Data indexing': transactions: 0, Lucene: 0.218 s [100% refresh (1x)] (1x), derivedLinkedRevisionsContributor: 0.0139 s [100% objectsToInv (1x)] (1x), SubterraURITable: 0.0136 s [100% addIfNotExistsDB (1x)] (1x)
2017-06-22 18:05:49,299 [main] INFO  TXLOGGER  - Summary for 'Polarion startup': transactions: 1, svn: 0.316 s [79% info (47x), 11% getDir2 content (5x)] (66x), RepositoryConfigService: 0.0306 s [100% getReadConfiguration (2x)] (2x)
2017-06-22 18:05:49,453 [Persistence Events Processing Thread | u:p] INFO  TXLOGGER  - Summary: Total: 0.138 s, transactions: 6, persistence listener: 0.138 s [92% notificationsCreatingListener (1x)] (7x)
2017-06-22 18:05:49,520 [Worker-0 | u:p | job: polarion.jobs.attachment.indexer] INFO  TXLOGGER  - Summary after AttachmentIndexer: transactions: 6, persistence listener: 0.138 s [92% notificationsCreatingListener (1x)] (7x), Lucene: 0.0788 s [100% add (2x)] (2x), resolve: 0.0394 s [86% User (2x)] (5x), ObjectMaps: 0.00967 s [100% getPrimaryObjectLocation (2x)] (2x)
2017-06-22 18:05:50,090 [PreLoadDataService | u:p] INFO  TXLOGGER  - Tx 5733f34b70c38_0_5733f34b70c38_0_: finished. Total: 0.772 s, svn: 0.496 s [69% getDir2 content (25x), 31% getFile content (15x)] (43x), resolve: 0.296 s [51% Category (8x), 49% TimePoint (5x)] (13x), ObjectMaps: 0.0495 s [50% getPrimaryObjectLocation (13x), 28% getPrimaryObjectProperty (13x), 22% getLastPromoted (13x)] (55x)
2017-06-22 18:05:50,616 [PreLoadDataService | u:p] INFO  TXLOGGER  - Tx 5733f34c60040_0_5733f34c60040_0_: finished. Total: 0.343 s, svn: 0.224 s [65% getFile content (14x), 35% info (10x)] (25x), resolve: 0.16 s [100% User (8x)] (8x), RepositoryConfigService: 0.148 s [78% getReadConfiguration (72x), 22% getReadUserConfiguration (2x)] (74x), ObjectMaps: 0.0284 s [50% getPrimaryObjectLocation (8x), 26% getPrimaryObjectProperty (8x), 24% getLastPromoted (8x)] (33x)
2017-06-22 18:05:50,783 [PreLoadDataService | u:p] INFO  TXLOGGER  - Tx 5733f34cb6041_0_5733f34cb6041_0_: finished. Total: 0.167 s, RepositoryConfigService: 0.141 s [99% getReadConfiguration (55x)] (78x), svn: 0.12 s [100% getFile content (13x)] (14x)
2017-06-22 18:05:51,063 [DBHistoryCreator-1 | u:p] INFO  TXLOGGER  - Summary: Total: 1.51 s, transactions: 0
2017-06-22 18:05:51,063 [Worker-1 | u:p | job: polarion.jobs.db.history] INFO  TXLOGGER  - Summary after DBHistoryCreator: transactions: 0, Lucene: 0.0232 s [100% add (1x)] (1x)
2017-06-22 18:05:51,064 [Worker-1 | u:p] INFO  TXLOGGER  - Summary for 'job: polarion.jobs.db.history': Total: 1.55 s, transactions: 0, SubterraURITable: 1.24 s [100% getDB (4080x)] (4080x), DB: 1.16 s [51% query (4106x), 30% update (4081x)] (20515x)
2017-06-22 18:05:51,566 [PreLoadDataService | u:p] INFO  TXLOGGER  - Tx 5733f34cdfc42_0_5733f34cdfc42_0_: finished. Total: 0.782 s, svn: 0.704 s [70% getFile content (47x), 30% getDir2 content (17x)] (65x), RepositoryConfigService: 0.557 s [100% getReadConfiguration (164x)] (180x)
2017-06-22 18:05:51,927 [PreLoadDataService | u:p] INFO  TXLOGGER  - Tx 5733f34da3843_0_5733f34da3843_0_: finished. Total: 0.36 s, svn: 0.315 s [78% getFile content (35x), 22% getDir2 content (6x)] (42x), RepositoryConfigService: 0.28 s [99% getReadConfiguration (295x)] (370x)
2017-06-22 18:05:52,266 [PreLoadDataService | u:p] INFO  TXLOGGER  - Tx 5733f34dfdc44_0_5733f34dfdc44_0_: finished. Total: 0.339 s, svn: 0.319 s [52% getDir2 content (17x), 48% getFile content (21x)] (39x), RepositoryConfigService: 0.17 s [99% getReadConfiguration (88x)] (110x)
2017-06-22 18:05:52,395 [PreLoadDataService | u:p] INFO  TXLOGGER  - Tx 5733f34e52845_0_5733f34e52845_0_: finished. Total: 0.128 s, svn: 0.119 s [58% getDir2 content (11x), 42% getFile content (8x)] (20x), RepositoryConfigService: 0.0557 s [99% getReadConfiguration (38x)] (54x)
2017-06-22 18:05:52,706 [PreLoadDataService | u:p] INFO  TXLOGGER  - Tx 5733f34e72c46_0_5733f34e72c46_0_: finished. Total: 0.311 s, svn: 0.291 s [59% getFile content (24x), 41% getDir2 content (12x)] (37x), RepositoryConfigService: 0.188 s [100% getReadConfiguration (87x)] (109x)
2017-06-22 18:05:52,706 [PreLoadDataService] INFO  TXLOGGER  - Summary for 'PreloadDataService': Total: 3.39 s, transactions: 9, svn: 2.68 s [59% getFile content (182x), 37% getDir2 content (90x)] (301x), RepositoryConfigService: 1.57 s [97% getReadConfiguration (801x)] (981x), resolve: 0.582 s [27% User (8x), 26% Category (8x), 25% TimePoint (5x), 22% Project (5x)] (26x)
2017-06-22 18:05:52,707 [PreLoadDataService] INFO  TXLOGGER  - Summary after preload: transactions: 9, svn: 2.68 s [59% getFile content (182x), 37% getDir2 content (90x)] (301x), RepositoryConfigService: 1.57 s [97% getReadConfiguration (801x)] (981x), SubterraURITable: 1.24 s [100% getDB (4080x)] (4080x), DB: 1.16 s [51% query (4106x), 30% update (4081x)] (20515x), resolve: 0.582 s [28% User (9x), 26% Category (8x), 25% TimePoint (5x), 22% Project (5x)] (27x)
2017-06-22 18:06:13,615 [ajp-nio-8889-exec-5 | u:admin] INFO  TXLOGGER  - Summary for 'WorkItemDataService.saveWorkItem': Total: 0.138 s, transactions: 2, resolve: 0.0921 s [100% WorkItem (2x)] (2x), svn: 0.0544 s [49% info (3x), 25% getFile content (1x), 24% getDir2 content (1x)] (8x), calculatedFieldsContributor: 0.0182 s [100% fields (1x)] (1x), derivedLinkedRevisionsContributor: 0.0178 s [100% fields (1x)] (1x), RepositoryConfigService: 0.0173 s [84% getExistingPrefixes (1x)] (5x), Lucene: 0.0142 s [100% search (1x)] (1x), permissions: 0.0134 s [100% readInstance (2x)] (2x)
2017-06-22 18:06:16,193 [ajp-nio-8889-exec-7 | u:admin] INFO  TXLOGGER  - Summary for 'DebugService.deObfuscateStackTrace': Total: 0.113 s, transactions: 0
