2017-06-23 14:50:48,646 [main | u:p] INFO  com.polarion.platform.monitoring  - Full monitoring results are stored in file C:\Polarion\data\workspace\monitoring\results.txt
2017-06-23 14:50:48,689 [main | u:p] INFO  com.polarion.platform.monitoring  - Executing actions from stage PREBOOT
2017-06-23 14:50:48,693 [main | u:p] INFO  com.polarion.platform.monitoring  - Executing action 'system.info.disk.data.free'
2017-06-23 14:50:48,696 [main | u:p] INFO  com.polarion.platform.monitoring  - system.info.disk.data.free (Free data disk 'C:\Polarion\polarion\..\data' space) = Disk Space 
847.02 GB
 [Fri Jun 23 14:50:48 IST 2017]
2017-06-23 14:50:48,759 [main | u:p] INFO  com.polarion.platform.monitoring  - Executing action 'system.info.jvm.version'
2017-06-23 14:50:48,759 [main | u:p] INFO  com.polarion.platform.monitoring  - system.info.jvm.version (JVM Version) = JVM Version 
Oracle Corporation Java HotSpot(TM) 64-Bit Server VM 25.111-b14
 [Fri Jun 23 14:50:48 IST 2017]
2017-06-23 14:50:48,767 [main | u:p] INFO  com.polarion.platform.monitoring  - Executing action 'system.info.os.version'
2017-06-23 14:50:48,767 [main | u:p] INFO  com.polarion.platform.monitoring  - system.info.os.version (OS Version) = OS Version 
Windows 10 10.0 amd64
 [Fri Jun 23 14:50:48 IST 2017]
2017-06-23 14:50:48,777 [main | u:p] INFO  com.polarion.platform.monitoring  - Finished with actions from stage PREBOOT: {OK=3}
2017-06-23 14:51:26,492 [main | u:p] INFO  com.polarion.platform.monitoring  - Next slow periodic actions will be executed on Sat Jun 24 01:00:26 IST 2017
2017-06-23 14:51:26,493 [main] INFO  com.polarion.platform.monitoring  - Executing actions from stage POSTBOOT
2017-06-23 14:51:26,493 [main] INFO  com.polarion.platform.monitoring  - Finished with actions from stage POSTBOOT: {}
2017-06-23 15:01:26,496 [Monitoring] INFO  com.polarion.platform.monitoring  - Executing actions from stage PERIODIC with speed FAST
2017-06-23 15:01:26,499 [Monitoring] INFO  com.polarion.platform.monitoring  - Executing action 'system.info.disk.data.free'
2017-06-23 15:01:26,499 [Monitoring] INFO  com.polarion.platform.monitoring  - system.info.disk.data.free (Free data disk 'C:\Polarion\polarion\..\data' space) = Disk Space 
847.03 GB
 [Fri Jun 23 15:01:26 IST 2017]
2017-06-23 15:01:26,539 [Monitoring] INFO  com.polarion.platform.monitoring  - Executing action 'system.info.garbageCollector.full.cycles'
2017-06-23 15:01:26,540 [Monitoring] INFO  com.polarion.platform.monitoring  - system.info.garbageCollector.full.cycles (Full Garbage Collector cycles) = Full Garbage Collector cycles 
Full GC cycles: 4; Time: 370
 [Fri Jun 23 15:01:26 IST 2017]
2017-06-23 15:01:26,546 [Monitoring] INFO  com.polarion.platform.monitoring  - Executing action 'system.info.garbageCollector.normal.cycles'
2017-06-23 15:01:26,546 [Monitoring] INFO  com.polarion.platform.monitoring  - system.info.garbageCollector.normal.cycles (Normal Garbage Collector cycles) = Normal Garbage Collector cycles 
Normal GC cycles: 101; Time: 806
 [Fri Jun 23 15:01:26 IST 2017]
2017-06-23 15:01:26,553 [Monitoring] INFO  com.polarion.platform.monitoring  - Executing action 'system.info.memory.nonheap.free'
2017-06-23 15:01:26,553 [Monitoring] INFO  com.polarion.platform.monitoring  - system.info.memory.nonheap.free (Free non-heap memory) = Java Metaspace Memory 
Unlimited
 [Fri Jun 23 15:01:26 IST 2017]
2017-06-23 15:01:26,586 [Monitoring] INFO  com.polarion.platform.monitoring  - Executing action 'system.info.memory.oldGen.free'
2017-06-23 15:01:26,586 [Monitoring] INFO  com.polarion.platform.monitoring  - system.info.memory.oldGen.free (Free Old Gen memory after GC) = Java Heap Memory 
Old Gen pool has  73.37% memory free after GC.
 [Fri Jun 23 15:01:26 IST 2017]
2017-06-23 15:01:26,621 [Monitoring] INFO  com.polarion.platform.monitoring  - Finished with actions from stage PERIODIC: {OK=5}
