2017-06-22 18:46:35,952 [main | u:p] INFO  TXLOGGER  - Summary for 'Platform startup': transactions: 0, DB: 0.0423 s [50% update (126x), 49% query (13x)] (206x), svn: 0.0229 s [87% checkPath (1x)] (3x)
2017-06-22 18:46:36,173 [main | u:p] INFO  TXLOGGER  - Summary for 'Context recognition': transactions: 0, svn: 0.101 s [42% info (3x), 35% getDir2 content (2x), 23% getFile content (1x)] (6x)
2017-06-22 18:46:37,589 [LowLevelDataService-contextInitializer-5 | u:p] INFO  TXLOGGER  - Summary: Total: 1.41 s, transactions: 0, svn: 0.134 s [99% log2 (5x)] (6x)
2017-06-22 18:46:37,589 [LowLevelDataService-contextInitializer-4 | u:p] INFO  TXLOGGER  - Summary: Total: 1.41 s, transactions: 0, svn: 0.218 s [98% log2 (10x)] (12x)
2017-06-22 18:46:37,589 [LowLevelDataService-contextInitializer-2 | u:p] INFO  TXLOGGER  - Summary: Total: 1.41 s, transactions: 0, svn: 0.229 s [98% log2 (6x)] (8x)
2017-06-22 18:46:37,589 [LowLevelDataService-contextInitializer-3 | u:p] INFO  TXLOGGER  - Summary: Total: 1.41 s, transactions: 0, ObjectMaps: 0.289 s [100% getAllPrimaryObjects (1x)] (7x)
2017-06-22 18:46:37,589 [LowLevelDataService-contextInitializer-1 | u:p] INFO  TXLOGGER  - Summary: Total: 1.41 s, transactions: 0, svn: 0.28 s [36% log2 (5x), 28% log (1x), 19% info (4x)] (15x)
2017-06-22 18:46:37,590 [main | u:p] INFO  TXLOGGER  - Summary for 'Context initialization': transactions: 0, svn: 0.902 s [79% log2 (31x), 9% log (1x)] (47x), ObjectMaps: 0.449 s [99% getAllPrimaryObjects (7x)] (55x)
2017-06-22 18:46:37,900 [main | u:p] INFO  TXLOGGER  - Summary for 'Revisions processing': transactions: 14, RepositoryConfigService: 0.2 s [100% getReadConfiguration (42x)] (42x), svn: 0.114 s [89% info (15x)] (32x)
2017-06-22 18:46:38,729 [main | u:p] INFO  TXLOGGER  - Summary for 'Build artifacts recognition': transactions: 40, svn: 0.658 s [87% info (78x)] (131x), RepositoryConfigService: 0.54 s [100% getReadConfiguration (48x)] (48x)
2017-06-22 18:46:39,245 [main | u:p] INFO  TXLOGGER  - Summary for 'Data indexing': transactions: 0, Lucene: 0.22 s [100% refresh (1x)] (1x), SubterraURITable: 0.0153 s [100% addIfNotExistsDB (1x)] (1x), derivedLinkedRevisionsContributor: 0.0112 s [100% objectsToInv (1x)] (1x)
2017-06-22 18:47:15,108 [main] INFO  TXLOGGER  - Summary for 'Polarion startup': transactions: 1, svn: 0.364 s [80% info (47x)] (66x), RepositoryConfigService: 0.0425 s [100% getReadConfiguration (2x)] (2x)
2017-06-22 18:47:15,223 [Persistence Events Processing Thread | u:p] INFO  TXLOGGER  - Summary: Total: 0.111 s, transactions: 6, persistence listener: 0.111 s [92% notificationsCreatingListener (1x)] (7x)
2017-06-22 18:47:15,294 [Worker-0 | u:p | job: polarion.jobs.attachment.indexer] INFO  TXLOGGER  - Summary after AttachmentIndexer: transactions: 6, persistence listener: 0.111 s [92% notificationsCreatingListener (1x)] (7x), Lucene: 0.0709 s [100% add (2x)] (2x), resolve: 0.0414 s [91% User (2x)] (5x), ObjectMaps: 0.0114 s [100% getPrimaryObjectLocation (2x)] (2x)
2017-06-22 18:47:15,894 [PreLoadDataService | u:p] INFO  TXLOGGER  - Tx 5733fcc6fb038_0_5733fcc6fb038_0_: finished. Total: 0.777 s, svn: 0.474 s [66% getDir2 content (25x), 33% getFile content (15x)] (43x), resolve: 0.317 s [51% TimePoint (5x), 49% Category (8x)] (13x), ObjectMaps: 0.0526 s [50% getPrimaryObjectLocation (13x), 29% getPrimaryObjectProperty (13x), 21% getLastPromoted (13x)] (55x)
2017-06-22 18:47:16,396 [PreLoadDataService | u:p] INFO  TXLOGGER  - Tx 5733fcc7ed840_0_5733fcc7ed840_0_: finished. Total: 0.309 s, svn: 0.21 s [62% getFile content (14x), 38% info (10x)] (25x), RepositoryConfigService: 0.146 s [81% getReadConfiguration (72x)] (74x), resolve: 0.133 s [100% User (8x)] (8x), ObjectMaps: 0.0211 s [44% getPrimaryObjectLocation (8x), 30% getPrimaryObjectProperty (8x), 26% getLastPromoted (8x)] (33x)
2017-06-22 18:47:16,540 [PreLoadDataService | u:p] INFO  TXLOGGER  - Tx 5733fcc83b041_0_5733fcc83b041_0_: finished. Total: 0.144 s, RepositoryConfigService: 0.121 s [99% getReadConfiguration (55x)] (78x), svn: 0.102 s [100% getFile content (13x)] (14x)
2017-06-22 18:47:16,779 [DBHistoryCreator-1 | u:p] INFO  TXLOGGER  - Summary: Total: 1.45 s, transactions: 0
2017-06-22 18:47:16,780 [Worker-1 | u:p | job: polarion.jobs.db.history] INFO  TXLOGGER  - Summary after DBHistoryCreator: transactions: 0, Lucene: 0.0277 s [100% add (1x)] (1x), svn: 0.00139 s [100% getLatestRevision (1x)] (1x)
2017-06-22 18:47:16,780 [Worker-1 | u:p] INFO  TXLOGGER  - Summary for 'job: polarion.jobs.db.history': Total: 1.49 s, transactions: 0, SubterraURITable: 1.2 s [100% getDB (4080x)] (4080x), DB: 1.12 s [51% query (4106x), 31% update (4081x)] (20515x)
2017-06-22 18:47:17,311 [PreLoadDataService | u:p] INFO  TXLOGGER  - Tx 5733fcc85f042_0_5733fcc85f042_0_: finished. Total: 0.77 s, svn: 0.694 s [71% getFile content (47x), 29% getDir2 content (17x)] (65x), RepositoryConfigService: 0.554 s [100% getReadConfiguration (164x)] (180x)
2017-06-22 18:47:17,679 [PreLoadDataService | u:p] INFO  TXLOGGER  - Tx 5733fcc91fc43_0_5733fcc91fc43_0_: finished. Total: 0.368 s, svn: 0.324 s [78% getFile content (35x), 22% getDir2 content (6x)] (42x), RepositoryConfigService: 0.286 s [99% getReadConfiguration (295x)] (370x)
2017-06-22 18:47:18,037 [PreLoadDataService | u:p] INFO  TXLOGGER  - Tx 5733fcc97bc44_0_5733fcc97bc44_0_: finished. Total: 0.358 s, svn: 0.335 s [54% getFile content (21x), 46% getDir2 content (17x)] (39x), RepositoryConfigService: 0.198 s [99% getReadConfiguration (88x)] (110x)
2017-06-22 18:47:18,173 [PreLoadDataService | u:p] INFO  TXLOGGER  - Tx 5733fcc9d5445_0_5733fcc9d5445_0_: finished. Total: 0.135 s, svn: 0.126 s [58% getDir2 content (11x), 42% getFile content (8x)] (20x), RepositoryConfigService: 0.0595 s [99% getReadConfiguration (38x)] (54x)
2017-06-22 18:47:18,497 [PreLoadDataService | u:p] INFO  TXLOGGER  - Tx 5733fcc9f7446_0_5733fcc9f7446_0_: finished. Total: 0.323 s, svn: 0.29 s [61% getFile content (24x), 39% getDir2 content (12x)] (37x), RepositoryConfigService: 0.206 s [100% getReadConfiguration (87x)] (109x)
2017-06-22 18:47:18,497 [PreLoadDataService] INFO  TXLOGGER  - Summary for 'PreloadDataService': Total: 3.38 s, transactions: 9, svn: 2.65 s [60% getFile content (182x), 35% getDir2 content (90x)] (301x), RepositoryConfigService: 1.6 s [98% getReadConfiguration (801x)] (981x), resolve: 0.576 s [28% TimePoint (5x), 27% Category (8x), 23% User (8x), 22% Project (5x)] (26x)
2017-06-22 18:47:18,497 [PreLoadDataService] INFO  TXLOGGER  - Summary after preload: transactions: 9, svn: 2.65 s [60% getFile content (182x), 35% getDir2 content (90x)] (302x), RepositoryConfigService: 1.6 s [98% getReadConfiguration (801x)] (981x), SubterraURITable: 1.2 s [100% getDB (4080x)] (4080x), DB: 1.12 s [51% query (4106x), 31% update (4081x)] (20515x), resolve: 0.576 s [28% TimePoint (5x), 27% Category (8x), 23% User (9x), 22% Project (5x)] (27x)
2017-06-22 18:47:33,090 [ajp-nio-8889-exec-5 | u:admin] INFO  TXLOGGER  - Summary for 'PortalDataService.requestPortalSite': Total: 0.3 s, transactions: 10, RepositoryConfigService: 0.0877 s [82% getReadConfiguration (18x)] (28x), svn: 0.0776 s [50% info (5x), 32% getFile content (4x)] (21x)
2017-06-22 18:47:39,382 [ajp-nio-8889-exec-8 | u:admin] INFO  TXLOGGER  - Summary for 'PortalDataService.saveUICustomizationData': Total: 0.97 s, transactions: 0
2017-06-22 19:00:05,235 [Worker-1 | u:p] INFO  TXLOGGER  - Summary for 'job: update.plan.refresh.index': Total: 0.951 s, transactions: 0, resolve: 0.593 s [95% WorkItem (15x)] (167x), svn: 0.525 s [34% getDir2 content (16x), 33% getFile content (16x), 33% info (17x)] (50x), Lucene: 0.221 s [100% refresh (1x)] (2x), DB: 0.121 s [87% update (181x)] (220x)
2017-06-22 19:00:05,270 [Worker-0 | u:p] INFO  TXLOGGER  - Summary for 'job: update.plan': Total: 5.21 s, transactions: 12, resolve: 0.844 s [94% WorkItems (2x)] (96x), svn: 0.702 s [38% info (26x), 32% getFile content (22x), 30% getDir2 content (19x)] (81x)
2017-06-22 19:16:08,334 [PullingJob-default] INFO  TXLOGGER  - Summary for 'PullingJob': Total: 4.59 s, transactions: 0, svn: 4.59 s [100% getLatestRevision (1x)] (1x)
2017-06-22 20:00:00,927 [Worker-0 | u:p] INFO  TXLOGGER  - Summary for 'job: update.plan.refresh.index': Total: 0.714 s, transactions: 0, resolve: 0.582 s [100% WorkItem (15x)] (167x), svn: 0.503 s [37% getDir2 content (15x), 33% getFile content (15x), 30% info (15x)] (46x), Lucene: 0.0674 s [99% refresh (1x)] (2x), ObjectMaps: 0.0411 s [53% getLastPromoted (15x), 23% getPrimaryObjectLocation (16x), 17% getPrimaryObjectProperty (15x)] (70x)
2017-06-22 20:00:00,955 [Worker-1 | u:p] INFO  TXLOGGER  - Summary for 'job: update.plan': Total: 0.885 s, transactions: 0
2017-06-22 21:00:00,891 [Worker-1 | u:p] INFO  TXLOGGER  - Summary for 'job: update.plan.refresh.index': Total: 0.694 s, transactions: 0, resolve: 0.558 s [100% WorkItem (15x)] (167x), svn: 0.483 s [35% getDir2 content (15x), 34% getFile content (15x), 31% info (15x)] (46x), Lucene: 0.0725 s [99% refresh (1x)] (2x), ObjectMaps: 0.0404 s [54% getLastPromoted (15x), 22% getPrimaryObjectLocation (16x), 17% getPrimaryObjectProperty (15x)] (70x)
2017-06-22 21:00:00,927 [Worker-0 | u:p] INFO  TXLOGGER  - Summary for 'job: update.plan': Total: 0.87 s, transactions: 0
2017-06-22 22:00:00,864 [Worker-0 | u:p] INFO  TXLOGGER  - Summary for 'job: update.plan.refresh.index': Total: 0.672 s, transactions: 0, resolve: 0.532 s [100% WorkItem (15x)] (167x), svn: 0.46 s [35% getFile content (15x), 34% getDir2 content (15x), 31% info (15x)] (46x), Lucene: 0.0748 s [99% refresh (1x)] (2x), ObjectMaps: 0.0398 s [55% getLastPromoted (15x), 22% getPrimaryObjectLocation (16x), 16% getPrimaryObjectProperty (15x)] (70x)
2017-06-22 22:00:00,901 [Worker-1 | u:p] INFO  TXLOGGER  - Summary for 'job: update.plan': Total: 0.832 s, transactions: 0
2017-06-22 23:00:01,001 [Worker-2 | u:p] INFO  TXLOGGER  - Summary for 'job: update.plan.refresh.index': Total: 0.782 s, transactions: 0, resolve: 0.636 s [100% WorkItem (15x)] (167x), svn: 0.538 s [35% getDir2 content (15x), 34% getFile content (15x), 31% info (15x)] (46x), Lucene: 0.0697 s [99% refresh (1x)] (2x), ObjectMaps: 0.0451 s [48% getLastPromoted (15x), 27% getPrimaryObjectLocation (16x), 18% getPrimaryObjectProperty (15x)] (70x)
2017-06-22 23:00:01,055 [Worker-1 | u:p] INFO  TXLOGGER  - Summary for 'job: update.plan': Total: 0.954 s, transactions: 0
2017-06-22 23:02:29,498 [Worker-0 | u:p] INFO  TXLOGGER  - Summary for 'job: checker': Total: 149 s, transactions: 14, svn: 124 s [46% info (8796x), 29% getDir2 content (4618x), 24% getFile content (4192x)] (19618x), resolve: 109 s [100% WorkItem (4004x)] (6010x), ObjectMaps: 14.2 s [32% getPrimaryObjectLocation (6192x), 27% getLastPromoted (4190x), 14% getPrimaryObjectProperty (4190x), 12% getPrimaryObjectLocations (2002x)] (24855x)
2017-06-23 00:00:01,137 [Worker-3 | u:p] INFO  TXLOGGER  - Summary for 'job: update.plan.refresh.index': Total: 0.732 s, transactions: 0, resolve: 0.553 s [100% WorkItem (15x)] (167x), svn: 0.483 s [36% getFile content (15x), 33% getDir2 content (15x), 31% info (15x)] (46x), Lucene: 0.0748 s [97% refresh (1x)] (17x), DB: 0.0385 s [87% update (181x)] (220x)
2017-06-23 00:00:01,177 [Worker-1 | u:p] INFO  TXLOGGER  - Summary for 'job: update.plan': Total: 1.12 s, transactions: 0
2017-06-23 00:00:22,146 [Worker-0 | u:p] INFO  TXLOGGER  - Summary for 'job: build.deploy': Total: 21.7 s, transactions: 0
2017-06-23 00:00:29,215 [Session[5973848196655455915]] INFO  TXLOGGER  - Tx 57344474c3881_0_57344474c3881_0_: finished. Total: 3.92 s
2017-06-23 00:00:38,938 [Session[9114805633602229472]] INFO  TXLOGGER  - Tx 5734447a7a885_0_5734447a7a885_0_: finished. Total: 7.79 s
2017-06-23 00:00:40,961 [Session[4141340304566227756]] INFO  TXLOGGER  - Tx 57344482f6c91_0_57344482f6c91_0_: finished. Total: 1.13 s
2017-06-23 00:00:42,351 [Session[5504164271337075527]] INFO  TXLOGGER  - Tx 5734448467893_0_5734448467893_0_: finished. Total: 1.04 s
2017-06-23 00:00:44,381 [Session[-5136623448029277834]] INFO  TXLOGGER  - Tx 57344485bfc95_0_57344485bfc95_0_: finished. Total: 1.69 s, Lucene: 0.138 s [100% search (150x)] (150x)
2017-06-23 00:00:48,518 [Worker-0 | u:p] INFO  TXLOGGER  - Summary for 'job: build.build': Total: 26.4 s, transactions: 0
2017-06-23 00:50:22,054 [Worker-1 | u:p] INFO  TXLOGGER  - Summary for 'job: build.deploy': Total: 21.9 s, transactions: 0
2017-06-23 00:50:24,198 [Session[-8986368216032260157]] INFO  TXLOGGER  - Tx 57344fe4f4cba_0_57344fe4f4cba_0_: finished. Total: 0.434 s
2017-06-23 00:50:25,444 [Worker-1 | u:p] INFO  TXLOGGER  - Summary for 'job: build.build': Total: 3.38 s, transactions: 0
2017-06-23 01:00:01,873 [Worker-4 | u:p] INFO  TXLOGGER  - Summary for 'job: update.plan.refresh.index': Total: 0.662 s, transactions: 0, resolve: 0.525 s [100% WorkItem (15x)] (167x), svn: 0.444 s [35% getFile content (15x), 33% getDir2 content (15x), 32% info (15x)] (46x), Lucene: 0.0906 s [91% refresh (1x)] (17x)
2017-06-23 01:00:01,900 [Worker-0 | u:p] INFO  TXLOGGER  - Summary for 'job: update.plan': Total: 0.789 s, transactions: 0
2017-06-23 01:00:15,106 [Monitoring] INFO  TXLOGGER  - Periodic summary: transactions: 162, svn: 143 s [42% info (9107x), 26% getDir2 content (4848x), 22% getFile content (4498x)] (27989x), resolve: 116 s [97% WorkItem (4915x)] (9960x), ObjectMaps: 14.9 s [31% getPrimaryObjectLocation (6473x), 27% getLastPromoted (4457x), 14% getPrimaryObjectProperty (4457x), 12% getPrimaryObjectLocations (2638x)] (26653x)
2017-06-23 01:00:22,145 [Worker-1 | u:p] INFO  TXLOGGER  - Summary for 'job: build.deploy': Total: 21 s, transactions: 0
2017-06-23 01:00:41,058 [Worker-1 | u:p] INFO  TXLOGGER  - Summary for 'job: build.build': Total: 18.9 s, transactions: 0
2017-06-23 02:00:00,770 [Worker-1 | u:p] INFO  TXLOGGER  - Summary for 'job: update.plan.refresh.index': Total: 0.622 s, transactions: 0, resolve: 0.514 s [100% WorkItem (15x)] (167x), svn: 0.466 s [35% getDir2 content (15x), 33% getFile content (15x), 32% info (15x)] (46x), Lucene: 0.0499 s [99% refresh (1x)] (2x)
2017-06-23 02:00:00,798 [Worker-0 | u:p] INFO  TXLOGGER  - Summary for 'job: update.plan': Total: 0.734 s, transactions: 0
2017-06-23 03:00:00,808 [Worker-0 | u:p] INFO  TXLOGGER  - Summary for 'job: update.plan.refresh.index': Total: 0.645 s, transactions: 0, resolve: 0.539 s [100% WorkItem (15x)] (167x), svn: 0.473 s [36% getFile content (15x), 32% getDir2 content (15x), 31% info (15x)] (46x), Lucene: 0.0513 s [99% refresh (1x)] (2x)
2017-06-23 03:00:00,835 [Worker-1 | u:p] INFO  TXLOGGER  - Summary for 'job: update.plan': Total: 0.761 s, transactions: 0
2017-06-23 04:00:00,854 [Worker-5 | u:p] INFO  TXLOGGER  - Summary for 'job: update.plan.refresh.index': Total: 0.655 s, transactions: 0, resolve: 0.528 s [100% WorkItem (15x)] (167x), svn: 0.464 s [37% getFile content (15x), 32% getDir2 content (15x), 31% info (15x)] (46x), Lucene: 0.072 s [99% refresh (1x)] (2x)
2017-06-23 04:00:00,881 [Worker-0 | u:p] INFO  TXLOGGER  - Summary for 'job: update.plan': Total: 0.821 s, transactions: 0
2017-06-23 04:00:21,146 [Worker-1 | u:p] INFO  TXLOGGER  - Summary for 'job: build.deploy': Total: 20.9 s, transactions: 0
2017-06-23 04:00:25,698 [Worker-1 | u:p] INFO  TXLOGGER  - Summary for 'job: build.build': Total: 4.54 s, transactions: 0
2017-06-23 05:00:00,768 [Worker-1 | u:p] INFO  TXLOGGER  - Summary for 'job: update.plan.refresh.index': Total: 0.636 s, transactions: 0, resolve: 0.527 s [100% WorkItem (15x)] (167x), svn: 0.46 s [37% getFile content (15x), 32% getDir2 content (15x), 31% info (15x)] (46x), Lucene: 0.055 s [100% refresh (1x)] (2x)
2017-06-23 05:00:00,799 [Worker-5 | u:p] INFO  TXLOGGER  - Summary for 'job: update.plan': Total: 0.75 s, transactions: 0
2017-06-23 06:00:00,696 [Worker-5 | u:p] INFO  TXLOGGER  - Summary for 'job: jobs.cleanup': Total: 0.506 s, transactions: 0
2017-06-23 06:00:00,886 [Worker-6 | u:p] INFO  TXLOGGER  - Summary for 'job: update.plan.refresh.index': Total: 0.679 s, transactions: 0, resolve: 0.572 s [100% WorkItem (15x)] (167x), svn: 0.49 s [35% getFile content (15x), 34% getDir2 content (15x), 31% info (15x)] (46x), ObjectMaps: 0.0582 s [71% getLastPromoted (15x), 14% getPrimaryObjectLocation (16x)] (70x), Lucene: 0.048 s [99% refresh (1x)] (2x)
2017-06-23 06:00:00,942 [Worker-1 | u:p] INFO  TXLOGGER  - Summary for 'job: update.plan': Total: 0.885 s, transactions: 0
2017-06-23 07:00:00,807 [Worker-1 | u:p] INFO  TXLOGGER  - Summary for 'job: update.plan.refresh.index': Total: 0.666 s, transactions: 0, resolve: 0.538 s [100% WorkItem (15x)] (167x), svn: 0.458 s [35% getFile content (15x), 34% getDir2 content (15x), 31% info (15x)] (46x), ObjectMaps: 0.0571 s [71% getLastPromoted (15x), 15% getPrimaryObjectLocation (16x)] (70x), Lucene: 0.0509 s [99% refresh (1x)] (2x)
2017-06-23 07:00:00,834 [Worker-6 | u:p] INFO  TXLOGGER  - Summary for 'job: update.plan': Total: 0.78 s, transactions: 0
2017-06-23 08:00:00,803 [Worker-6 | u:p] INFO  TXLOGGER  - Summary for 'job: update.plan.refresh.index': Total: 0.646 s, transactions: 0, resolve: 0.519 s [100% WorkItem (15x)] (167x), svn: 0.456 s [37% getFile content (15x), 32% getDir2 content (15x), 31% info (15x)] (46x), Lucene: 0.0702 s [99% refresh (1x)] (2x)
2017-06-23 08:00:00,831 [Worker-1 | u:p] INFO  TXLOGGER  - Summary for 'job: update.plan': Total: 0.773 s, transactions: 0
2017-06-23 09:00:00,797 [Worker-1 | u:p] INFO  TXLOGGER  - Summary for 'job: update.plan.refresh.index': Total: 0.651 s, transactions: 0, resolve: 0.522 s [100% WorkItem (15x)] (167x), svn: 0.458 s [35% getFile content (15x), 34% getDir2 content (15x), 31% info (15x)] (46x), Lucene: 0.0748 s [100% refresh (1x)] (2x), ObjectMaps: 0.0411 s [59% getLastPromoted (15x), 20% getPrimaryObjectLocation (16x), 15% getPrimaryObjectProperty (15x)] (70x)
2017-06-23 09:00:00,824 [Worker-6 | u:p] INFO  TXLOGGER  - Summary for 'job: update.plan': Total: 0.763 s, transactions: 0
