2017-06-26 17:58:28,166 [main | u:p] INFO  com.polarion.platform.monitoring  - Full monitoring results are stored in file C:\Polarion\data\workspace\monitoring\results.txt
2017-06-26 17:58:28,210 [main | u:p] INFO  com.polarion.platform.monitoring  - Executing actions from stage PREBOOT
2017-06-26 17:58:28,215 [main | u:p] INFO  com.polarion.platform.monitoring  - Executing action 'system.info.disk.data.free'
2017-06-26 17:58:28,218 [main | u:p] INFO  com.polarion.platform.monitoring  - system.info.disk.data.free (Free data disk 'C:\Polarion\polarion\..\data' space) = Disk Space 
845.69 GB
 [Mon Jun 26 17:58:28 IST 2017]
2017-06-26 17:58:28,305 [main | u:p] INFO  com.polarion.platform.monitoring  - Executing action 'system.info.jvm.version'
2017-06-26 17:58:28,305 [main | u:p] INFO  com.polarion.platform.monitoring  - system.info.jvm.version (JVM Version) = JVM Version 
Oracle Corporation Java HotSpot(TM) 64-Bit Server VM 25.111-b14
 [Mon Jun 26 17:58:28 IST 2017]
2017-06-26 17:58:28,314 [main | u:p] INFO  com.polarion.platform.monitoring  - Executing action 'system.info.os.version'
2017-06-26 17:58:28,314 [main | u:p] INFO  com.polarion.platform.monitoring  - system.info.os.version (OS Version) = OS Version 
Windows 10 10.0 amd64
 [Mon Jun 26 17:58:28 IST 2017]
2017-06-26 17:58:28,324 [main | u:p] INFO  com.polarion.platform.monitoring  - Finished with actions from stage PREBOOT: {OK=3}
2017-06-26 17:59:06,009 [main | u:p] INFO  com.polarion.platform.monitoring  - Next slow periodic actions will be executed on Tue Jun 27 01:00:06 IST 2017
2017-06-26 17:59:06,011 [main] INFO  com.polarion.platform.monitoring  - Executing actions from stage POSTBOOT
2017-06-26 17:59:06,011 [main] INFO  com.polarion.platform.monitoring  - Finished with actions from stage POSTBOOT: {}
2017-06-26 18:09:06,014 [Monitoring] INFO  com.polarion.platform.monitoring  - Executing actions from stage PERIODIC with speed FAST
2017-06-26 18:09:06,016 [Monitoring] INFO  com.polarion.platform.monitoring  - Executing action 'system.info.disk.data.free'
2017-06-26 18:09:06,017 [Monitoring] INFO  com.polarion.platform.monitoring  - system.info.disk.data.free (Free data disk 'C:\Polarion\polarion\..\data' space) = Disk Space 
845.69 GB
 [Mon Jun 26 18:09:06 IST 2017]
2017-06-26 18:09:06,066 [Monitoring] INFO  com.polarion.platform.monitoring  - Executing action 'system.info.garbageCollector.full.cycles'
2017-06-26 18:09:06,066 [Monitoring] INFO  com.polarion.platform.monitoring  - system.info.garbageCollector.full.cycles (Full Garbage Collector cycles) = Full Garbage Collector cycles 
Full GC cycles: 4; Time: 376
 [Mon Jun 26 18:09:06 IST 2017]
2017-06-26 18:09:06,073 [Monitoring] INFO  com.polarion.platform.monitoring  - Executing action 'system.info.garbageCollector.normal.cycles'
2017-06-26 18:09:06,073 [Monitoring] INFO  com.polarion.platform.monitoring  - system.info.garbageCollector.normal.cycles (Normal Garbage Collector cycles) = Normal Garbage Collector cycles 
Normal GC cycles: 130; Time: 1002
 [Mon Jun 26 18:09:06 IST 2017]
2017-06-26 18:09:06,079 [Monitoring] INFO  com.polarion.platform.monitoring  - Executing action 'system.info.memory.nonheap.free'
2017-06-26 18:09:06,079 [Monitoring] INFO  com.polarion.platform.monitoring  - system.info.memory.nonheap.free (Free non-heap memory) = Java Metaspace Memory 
Unlimited
 [Mon Jun 26 18:09:06 IST 2017]
2017-06-26 18:09:06,117 [Monitoring] INFO  com.polarion.platform.monitoring  - Executing action 'system.info.memory.oldGen.free'
2017-06-26 18:09:06,118 [Monitoring] INFO  com.polarion.platform.monitoring  - system.info.memory.oldGen.free (Free Old Gen memory after GC) = Java Heap Memory 
Old Gen pool has  73.77% memory free after GC.
 [Mon Jun 26 18:09:06 IST 2017]
2017-06-26 18:09:06,159 [Monitoring] INFO  com.polarion.platform.monitoring  - Finished with actions from stage PERIODIC: {OK=5}
