2017-06-26 17:49:30,895 [main] INFO  com.polarion.platform.startup  - ****************************************************************
2017-06-26 17:49:30,895 [main] INFO  com.polarion.platform.startup  -                 Polarion starting, please wait!                 
2017-06-26 17:49:30,895 [main] INFO  com.polarion.platform.startup  - ****************************************************************
2017-06-26 17:49:30,895 [main] INFO  com.polarion.platform.startup  - Server start mode: normal
2017-06-26 17:49:30,895 [main] INFO  com.polarion.platform.startup  - ------------------------------
2017-06-26 17:49:30,895 [main] INFO  com.polarion.platform.startup  - Platform startup (Phase: 1/9)
2017-06-26 17:49:35,359 [main] INFO  com.polarion.platform.startup  - Opening historical database...
2017-06-26 17:49:35,497 [main] INFO  com.polarion.platform.startup  - Opening of historical database finished [ TIME 0.139 s. ]
2017-06-26 17:49:35,498 [main] INFO  com.polarion.platform.startup  - Opening head database...
2017-06-26 17:49:35,555 [main] INFO  com.polarion.platform.startup  - Opening of head database finished [ TIME 0.0579 s. ]
2017-06-26 17:49:35,786 [main | u:p] INFO  com.polarion.platform.startup  -  -- Polarion startup estimation:  [ TIME 43 s. ]
2017-06-26 17:49:35,955 [main | u:p] INFO  com.polarion.platform.startup  - Platform startup ... took  [ TIME 5.07 s. ]
2017-06-26 17:49:36,108 [main | u:p] INFO  com.polarion.platform.startup  - ------------------------------
2017-06-26 17:49:36,108 [main | u:p] INFO  com.polarion.platform.startup  - Context recognition (Phase: 2/9)
2017-06-26 17:49:36,145 [main | u:p] INFO  com.polarion.platform.startup  - Context recognition ... took  [ TIME 0.19 s. ]
2017-06-26 17:49:36,145 [main | u:p] INFO  com.polarion.platform.startup  - ------------------------------
2017-06-26 17:49:36,145 [main | u:p] INFO  com.polarion.platform.startup  - Context initialization (Phase: 3/9)
2017-06-26 17:49:36,149 [LowLevelDataService-contextInitializer-4 | u:p | context: --Demo Projects] INFO  com.polarion.platform.startup  -  -- Initializing context: --Demo Projects (4/9)
2017-06-26 17:49:36,149 [LowLevelDataService-contextInitializer-3 | u:p | context: MyPolarion] INFO  com.polarion.platform.startup  -  -- Initializing context: MyPolarion (5/9)
2017-06-26 17:49:36,149 [LowLevelDataService-contextInitializer-1 | u:p | context: [GLOBAL]] INFO  com.polarion.platform.startup  -  -- Initializing context: [GLOBAL] (1/9)
2017-06-26 17:49:36,149 [LowLevelDataService-contextInitializer-5 | u:p | context: library] INFO  com.polarion.platform.startup  -  -- Initializing context: library (2/9)
2017-06-26 17:49:36,149 [LowLevelDataService-contextInitializer-2 | u:p | cluster: default] INFO  com.polarion.platform.startup  -  -- Initializing cluster: default (3/9)
2017-06-26 17:49:36,155 [LowLevelDataService-contextInitializer-1 | u:p | context: NEW_CAPA] INFO  com.polarion.platform.startup  -  -- Initializing context: NEW_CAPA (6/9)
2017-06-26 17:49:36,252 [LowLevelDataService-contextInitializer-2 | u:p | context: CAPA] INFO  com.polarion.platform.startup  -  -- Initializing context: CAPA (7/9)
2017-06-26 17:49:36,374 [LowLevelDataService-contextInitializer-4 | u:p | context: elibrary] INFO  com.polarion.platform.startup  -  -- Initializing context: elibrary (8/9)
2017-06-26 17:49:36,401 [LowLevelDataService-contextInitializer-2 | u:p | context: drivepilot] INFO  com.polarion.platform.startup  -  -- Initializing context: drivepilot (9/9)
2017-06-26 17:49:37,381 [main | u:p] INFO  com.polarion.platform.startup  - Context initialization ... took  [ TIME 1.24 s. ]
2017-06-26 17:49:37,392 [main | u:p] INFO  com.polarion.platform.startup  - ------------------------------
2017-06-26 17:49:37,392 [main | u:p] INFO  com.polarion.platform.startup  - Revisions processing (Phase: 4/9)
2017-06-26 17:49:37,687 [main | u:p] INFO  com.polarion.platform.startup  -  -- Processing new revisions from repository default in context ContextId[context [global]]
2017-06-26 17:49:37,698 [main | u:p] INFO  com.polarion.platform.startup  - Revisions processing ... took  [ TIME 0.32 s. ]
2017-06-26 17:49:37,753 [main | u:p] INFO  com.polarion.platform.startup  - ------------------------------
2017-06-26 17:49:37,753 [main | u:p] INFO  com.polarion.platform.startup  - Build artifacts recognition (Phase: 5/9)
2017-06-26 17:49:37,763 [main | u:p] INFO  com.polarion.platform.startup  -  -- Processing build artifacts from context: [GLOBAL] (1/9)
2017-06-26 17:49:37,893 [main | u:p] INFO  com.polarion.platform.startup  -  -- Processing build artifacts from cluster: default (2/9)
2017-06-26 17:49:37,936 [main | u:p] INFO  com.polarion.platform.startup  -  -- Processing build artifacts from context: MyPolarion (3/9)
2017-06-26 17:49:38,001 [main | u:p] INFO  com.polarion.platform.startup  -  -- Processing build artifacts from context: --Demo Projects (4/9)
2017-06-26 17:49:38,043 [main | u:p] INFO  com.polarion.platform.startup  -  -- Processing build artifacts from context: library (5/9)
2017-06-26 17:49:38,085 [main | u:p] INFO  com.polarion.platform.startup  -  -- Processing build artifacts from context: NEW_CAPA (6/9)
2017-06-26 17:49:38,130 [main | u:p] INFO  com.polarion.platform.startup  -  -- Processing build artifacts from context: CAPA (7/9)
2017-06-26 17:49:38,278 [main | u:p] INFO  com.polarion.platform.startup  -  -- Processing build artifacts from context: elibrary (8/9)
2017-06-26 17:49:38,458 [main | u:p] INFO  com.polarion.platform.startup  -  -- Processing build artifacts from context: drivepilot (9/9)
2017-06-26 17:49:38,458 [main | u:p] INFO  com.polarion.platform.startup  - Build artifacts recognition ... took  [ TIME 0.76 s. ]
2017-06-26 17:49:38,458 [main | u:p] INFO  com.polarion.platform.startup  - ------------------------------
2017-06-26 17:49:38,458 [main | u:p] INFO  com.polarion.platform.startup  - BIR inspection (Phase: 6/9)
2017-06-26 17:49:38,521 [main | u:p] INFO  com.polarion.platform.startup  - BIR inspection ... took  [ TIME 0.06 s. ]
2017-06-26 17:49:38,544 [main | u:p] INFO  com.polarion.platform.startup  - ------------------------------
2017-06-26 17:49:38,544 [main | u:p] INFO  com.polarion.platform.startup  - Data indexing (Phase: 7/9)
2017-06-26 17:49:38,746 [main | u:p] INFO  com.polarion.platform.startup  -  -- Refreshing 10 objects in index: BuildArtifact
2017-06-26 17:49:38,762 [main | u:p] INFO  com.polarion.platform.startup  -  -- -- 10 from 10 objects were refreshed (100%)
2017-06-26 17:49:39,030 [main | u:p] INFO  com.polarion.platform.startup  -  -- Refreshing 1 objects in index: Revision
2017-06-26 17:49:39,031 [main | u:p] INFO  com.polarion.platform.startup  -  -- -- 1 from 1 objects were refreshed (100%)
2017-06-26 17:49:39,090 [main | u:p] INFO  com.polarion.platform.startup  - Data indexing ... took  [ TIME 0.57 s. ]
2017-06-26 17:49:39,091 [main | u:p] INFO  com.polarion.platform.startup  - ------------------------------
2017-06-26 17:49:39,091 [main | u:p] INFO  com.polarion.platform.startup  - Fields recalculation (Phase: 8/9)
2017-06-26 17:49:39,105 [main | u:p] INFO  com.polarion.platform.startup  - Fields recalculation ... took  [ TIME 0.01 s. ]
2017-06-26 17:49:39,105 [main | u:p] INFO  com.polarion.platform.startup  - ------------------------------
2017-06-26 17:49:39,105 [main | u:p] INFO  com.polarion.platform.startup  - Polarion startup (Phase: 9/9)
2017-06-26 17:50:13,694 [main] INFO  com.polarion.platform.startup  - Polarion startup ... took  [ TIME 34.59 s. ]
2017-06-26 17:50:13,695 [main] INFO  com.polarion.platform.startup  - ****************************************************************
2017-06-26 17:50:13,695 [main] INFO  com.polarion.platform.startup  -                  Polarion started:  [ TIME 42.8 s. ]
2017-06-26 17:50:13,695 [main] INFO  com.polarion.platform.startup  - ****************************************************************
