2017-06-22 14:35:45,909 [main | u:p] INFO  com.polarion.platform.monitoring  - Full monitoring results are stored in file C:\Polarion\data\workspace\monitoring\results.txt
2017-06-22 14:35:45,954 [main | u:p] INFO  com.polarion.platform.monitoring  - Executing actions from stage PREBOOT
2017-06-22 14:35:45,957 [main | u:p] INFO  com.polarion.platform.monitoring  - Executing action 'system.info.disk.data.free'
2017-06-22 14:35:45,960 [main | u:p] INFO  com.polarion.platform.monitoring  - system.info.disk.data.free (Free data disk 'C:\Polarion\polarion\..\data' space) = Disk Space 
844.95 GB
 [Thu Jun 22 14:35:45 IST 2017]
2017-06-22 14:35:46,010 [main | u:p] INFO  com.polarion.platform.monitoring  - Executing action 'system.info.jvm.version'
2017-06-22 14:35:46,011 [main | u:p] INFO  com.polarion.platform.monitoring  - system.info.jvm.version (JVM Version) = JVM Version 
Oracle Corporation Java HotSpot(TM) 64-Bit Server VM 25.111-b14
 [Thu Jun 22 14:35:46 IST 2017]
2017-06-22 14:35:46,022 [main | u:p] INFO  com.polarion.platform.monitoring  - Executing action 'system.info.os.version'
2017-06-22 14:35:46,022 [main | u:p] INFO  com.polarion.platform.monitoring  - system.info.os.version (OS Version) = OS Version 
Windows 10 10.0 amd64
 [Thu Jun 22 14:35:46 IST 2017]
2017-06-22 14:35:46,034 [main | u:p] INFO  com.polarion.platform.monitoring  - Finished with actions from stage PREBOOT: {OK=3}
2017-06-22 14:36:26,213 [main | u:p] INFO  com.polarion.platform.monitoring  - Next slow periodic actions will be executed on Fri Jun 23 01:00:26 IST 2017
2017-06-22 14:36:26,214 [main] INFO  com.polarion.platform.monitoring  - Executing actions from stage POSTBOOT
2017-06-22 14:36:26,214 [main] INFO  com.polarion.platform.monitoring  - Finished with actions from stage POSTBOOT: {}
2017-06-22 14:46:26,217 [Monitoring] INFO  com.polarion.platform.monitoring  - Executing actions from stage PERIODIC with speed FAST
2017-06-22 14:46:26,219 [Monitoring] INFO  com.polarion.platform.monitoring  - Executing action 'system.info.disk.data.free'
2017-06-22 14:46:26,220 [Monitoring] INFO  com.polarion.platform.monitoring  - system.info.disk.data.free (Free data disk 'C:\Polarion\polarion\..\data' space) = Disk Space 
844.95 GB
 [Thu Jun 22 14:46:26 IST 2017]
2017-06-22 14:46:26,249 [Monitoring] INFO  com.polarion.platform.monitoring  - Executing action 'system.info.garbageCollector.full.cycles'
2017-06-22 14:46:26,250 [Monitoring] INFO  com.polarion.platform.monitoring  - system.info.garbageCollector.full.cycles (Full Garbage Collector cycles) = Full Garbage Collector cycles 
Full GC cycles: 4; Time: 360
 [Thu Jun 22 14:46:26 IST 2017]
2017-06-22 14:46:26,259 [Monitoring] INFO  com.polarion.platform.monitoring  - Executing action 'system.info.garbageCollector.normal.cycles'
2017-06-22 14:46:26,259 [Monitoring] INFO  com.polarion.platform.monitoring  - system.info.garbageCollector.normal.cycles (Normal Garbage Collector cycles) = Normal Garbage Collector cycles 
Normal GC cycles: 100; Time: 781
 [Thu Jun 22 14:46:26 IST 2017]
2017-06-22 14:46:26,268 [Monitoring] INFO  com.polarion.platform.monitoring  - Executing action 'system.info.memory.nonheap.free'
2017-06-22 14:46:26,268 [Monitoring] INFO  com.polarion.platform.monitoring  - system.info.memory.nonheap.free (Free non-heap memory) = Java Metaspace Memory 
Unlimited
 [Thu Jun 22 14:46:26 IST 2017]
2017-06-22 14:46:26,291 [Monitoring] INFO  com.polarion.platform.monitoring  - Executing action 'system.info.memory.oldGen.free'
2017-06-22 14:46:26,291 [Monitoring] INFO  com.polarion.platform.monitoring  - system.info.memory.oldGen.free (Free Old Gen memory after GC) = Java Heap Memory 
Old Gen pool has  72.97% memory free after GC.
 [Thu Jun 22 14:46:26 IST 2017]
2017-06-22 14:46:26,315 [Monitoring] INFO  com.polarion.platform.monitoring  - Finished with actions from stage PERIODIC: {OK=5}
