2017-06-26 15:04:20,956 [main | u:p] INFO  TXLOGGER  - Summary for 'Platform startup': transactions: 0, DB: 0.0394 s [50% query (13x), 49% update (126x)] (206x), svn: 0.0245 s [86% checkPath (1x)] (3x)
2017-06-26 15:04:21,162 [main | u:p] INFO  TXLOGGER  - Summary for 'Context recognition': transactions: 0, svn: 0.0778 s [35% getDir2 content (2x), 34% info (3x), 31% getFile content (1x)] (6x)
2017-06-26 15:04:22,389 [LowLevelDataService-contextInitializer-1 | u:p] INFO  TXLOGGER  - Summary: Total: 1.22 s, transactions: 0
2017-06-26 15:04:22,389 [LowLevelDataService-contextInitializer-5 | u:p] INFO  TXLOGGER  - Summary: Total: 1.22 s, transactions: 0
2017-06-26 15:04:22,389 [LowLevelDataService-contextInitializer-4 | u:p] INFO  TXLOGGER  - Summary: Total: 1.22 s, transactions: 0, svn: 0.258 s [52% log2 (10x), 21% log (1x), 14% info (5x)] (23x)
2017-06-26 15:04:22,389 [LowLevelDataService-contextInitializer-2 | u:p] INFO  TXLOGGER  - Summary: Total: 1.22 s, transactions: 0, svn: 0.141 s [92% log2 (11x)] (14x)
2017-06-26 15:04:22,389 [LowLevelDataService-contextInitializer-3 | u:p] INFO  TXLOGGER  - Summary: Total: 1.22 s, transactions: 0, ObjectMaps: 0.248 s [100% getAllPrimaryObjects (1x)] (7x)
2017-06-26 15:04:22,391 [main | u:p] INFO  TXLOGGER  - Summary for 'Context initialization': transactions: 0, svn: 0.526 s [74% log2 (36x), 10% log (1x)] (55x), ObjectMaps: 0.379 s [99% getAllPrimaryObjects (8x)] (62x)
2017-06-26 15:04:22,676 [main | u:p] INFO  TXLOGGER  - Summary for 'Revisions processing': transactions: 16, RepositoryConfigService: 0.186 s [100% getReadConfiguration (48x)] (48x), svn: 0.104 s [91% info (17x)] (36x)
2017-06-26 15:04:23,391 [main | u:p] INFO  TXLOGGER  - Summary for 'Build artifacts recognition': transactions: 45, svn: 0.565 s [87% info (87x)] (145x), RepositoryConfigService: 0.463 s [100% getReadConfiguration (54x)] (54x)
2017-06-26 15:04:23,908 [main | u:p] INFO  TXLOGGER  - Summary for 'Data indexing': transactions: 0, Lucene: 0.212 s [100% refresh (1x)] (1x), SubterraURITable: 0.0134 s [100% addIfNotExistsDB (1x)] (1x)
2017-06-26 15:04:58,560 [main] INFO  TXLOGGER  - Summary for 'Polarion startup': transactions: 1, svn: 0.283 s [82% info (48x)] (67x), RepositoryConfigService: 0.0251 s [100% getReadConfiguration (2x)] (2x)
2017-06-26 15:04:58,734 [Worker-0 | u:p | job: polarion.jobs.attachment.indexer] INFO  TXLOGGER  - Summary after AttachmentIndexer: transactions: 6, persistence listener: 0.0993 s [93% notificationsCreatingListener (1x)] (7x), Lucene: 0.0692 s [100% add (2x)] (2x), resolve: 0.0329 s [92% User (2x)] (5x), ObjectMaps: 0.0106 s [100% getPrimaryObjectLocation (2x)] (2x)
2017-06-26 15:04:59,374 [PreLoadDataService | u:p] INFO  TXLOGGER  - Tx 5738f0430283f_0_5738f0430283f_0_: finished. Total: 0.804 s, svn: 0.466 s [61% getDir2 content (25x), 38% getFile content (15x)] (43x), resolve: 0.367 s [50% TimePoint (5x), 50% Category (8x)] (13x), ObjectMaps: 0.0518 s [50% getPrimaryObjectLocation (13x), 29% getPrimaryObjectProperty (13x), 21% getLastPromoted (13x)] (55x)
2017-06-26 15:04:59,998 [PreLoadDataService | u:p] INFO  TXLOGGER  - Tx 5738f04403447_0_5738f04403447_0_: finished. Total: 0.4 s, svn: 0.244 s [52% getFile content (16x), 48% info (12x)] (30x), RepositoryConfigService: 0.193 s [86% getReadConfiguration (90x)] (92x), resolve: 0.165 s [100% User (9x)] (9x), ObjectMaps: 0.0274 s [46% getPrimaryObjectLocation (9x), 30% getPrimaryObjectProperty (9x), 23% getLastPromoted (9x)] (37x)
2017-06-26 15:05:00,153 [PreLoadDataService | u:p] INFO  TXLOGGER  - Tx 5738f04467848_0_5738f04467848_0_: finished. Total: 0.155 s, RepositoryConfigService: 0.125 s [98% getReadConfiguration (55x)] (78x), svn: 0.101 s [100% getFile content (13x)] (14x)
2017-06-26 15:05:00,637 [DBHistoryCreator-1 | u:p] INFO  TXLOGGER  - Summary: Total: 1.85 s, transactions: 0
2017-06-26 15:05:00,637 [DBHistoryCreator-3 | u:p] INFO  TXLOGGER  - Summary: Total: 1.85 s, transactions: 0
2017-06-26 15:05:00,637 [DBHistoryCreator-2 | u:p] INFO  TXLOGGER  - Summary: Total: 1.85 s, transactions: 0
2017-06-26 15:05:00,637 [Worker-1 | u:p | job: polarion.jobs.db.history] INFO  TXLOGGER  - Summary after DBHistoryCreator: transactions: 0, Lucene: 0.0426 s [100% add (1x)] (1x), DB: 0.00218 s [71% update (3x), 29% commit (3x)] (6x)
2017-06-26 15:05:00,638 [Worker-1 | u:p] INFO  TXLOGGER  - Summary for 'job: polarion.jobs.db.history': Total: 1.91 s, transactions: 0, DB: 1.5 s [62% query (4242x), 23% update (4217x)] (21251x), SubterraURITable: 1.22 s [100% getDB (4216x)] (4216x)
2017-06-26 15:05:01,048 [PreLoadDataService | u:p] INFO  TXLOGGER  - Tx 5738f0448e449_0_5738f0448e449_0_: finished. Total: 0.896 s, svn: 0.807 s [72% getFile content (47x), 28% getDir2 content (17x)] (65x), RepositoryConfigService: 0.655 s [100% getReadConfiguration (179x)] (198x)
2017-06-26 15:05:01,322 [PreLoadDataService | u:p] INFO  TXLOGGER  - Tx 5738f0456e44a_0_5738f0456e44a_0_: finished. Total: 0.273 s, svn: 0.232 s [83% getFile content (37x)] (44x), RepositoryConfigService: 0.225 s [99% getReadConfiguration (308x)] (386x)
2017-06-26 15:05:01,615 [PreLoadDataService | u:p] INFO  TXLOGGER  - Tx 5738f045b284b_0_5738f045b284b_0_: finished. Total: 0.292 s, svn: 0.261 s [75% getFile content (34x), 25% getDir2 content (6x)] (41x), RepositoryConfigService: 0.223 s [99% getReadConfiguration (295x)] (353x)
2017-06-26 15:05:01,979 [PreLoadDataService | u:p] INFO  TXLOGGER  - Tx 5738f045fbc4c_0_5738f045fbc4c_0_: finished. Total: 0.364 s, svn: 0.333 s [57% getFile content (21x), 43% getDir2 content (17x)] (39x), RepositoryConfigService: 0.217 s [100% getReadConfiguration (88x)] (110x)
2017-06-26 15:05:02,335 [PreLoadDataService | u:p] INFO  TXLOGGER  - Tx 5738f0466fc4e_0_5738f0466fc4e_0_: finished. Total: 0.256 s, svn: 0.225 s [59% getFile content (24x), 41% getDir2 content (12x)] (37x), RepositoryConfigService: 0.16 s [100% getReadConfiguration (87x)] (109x)
2017-06-26 15:05:02,336 [PreLoadDataService] INFO  TXLOGGER  - Summary for 'PreloadDataService': Total: 3.77 s, transactions: 10, svn: 2.84 s [63% getFile content (221x), 32% getDir2 content (96x)] (352x), RepositoryConfigService: 1.87 s [98% getReadConfiguration (1142x)] (1386x), resolve: 0.681 s [27% TimePoint (5x), 27% Category (8x), 24% User (9x), 22% Project (6x)] (28x)
2017-06-26 15:05:02,336 [PreLoadDataService] INFO  TXLOGGER  - Summary after preload: transactions: 10, svn: 2.84 s [63% getFile content (221x), 32% getDir2 content (96x)] (352x), RepositoryConfigService: 1.87 s [98% getReadConfiguration (1142x)] (1386x), DB: 1.5 s [62% query (4242x), 23% update (4217x)] (21251x), SubterraURITable: 1.22 s [100% getDB (4216x)] (4216x), resolve: 0.681 s [27% TimePoint (5x), 27% Category (8x), 24% User (10x), 22% Project (6x)] (29x)
2017-06-26 15:05:12,803 [ajp-nio-8889-exec-5 | u:admin] INFO  TXLOGGER  - Summary for 'PortalDataService.requestPortalSite': Total: 0.308 s, transactions: 10, RepositoryConfigService: 0.113 s [88% getReadConfiguration (26x)] (52x), svn: 0.0979 s [43% info (6x), 43% getFile content (4x)] (22x)
2017-06-26 15:05:14,621 [ajp-nio-8889-exec-7 | u:admin] INFO  TXLOGGER  - Tx 5738f0529085b_0_5738f0529085b_0_: finished. Total: 0.123 s, RepositoryConfigService: 0.0287 s [99% getReadUserConfiguration (1x)] (2x)
2017-06-26 15:05:14,632 [ajp-nio-8889-exec-7 | u:admin] INFO  TXLOGGER  - Summary for 'WorkItemDataService.getDataForTableCustomization': Total: 0.135 s, transactions: 1, RepositoryConfigService: 0.0287 s [99% getReadUserConfiguration (1x)] (2x)
2017-06-26 15:05:14,632 [ajp-nio-8889-exec-6 | u:admin] INFO  TXLOGGER  - Tx 5738f0529085a_0_5738f0529085a_0_: finished. Total: 0.133 s, RepositoryConfigService: 0.0397 s [99% getReadUserConfiguration (1x)] (2x), svn: 0.0106 s [100% info (1x)] (2x)
2017-06-26 15:05:14,633 [ajp-nio-8889-exec-6 | u:admin] INFO  TXLOGGER  - Summary for 'WorkItemDataService.getDataForTableCustomization': Total: 0.137 s, transactions: 1, RepositoryConfigService: 0.0397 s [99% getReadUserConfiguration (1x)] (2x), svn: 0.0106 s [100% info (1x)] (2x)
2017-06-26 15:05:14,734 [ajp-nio-8889-exec-10 | u:admin] INFO  TXLOGGER  - Summary for 'BubbleQueryService.parse': Total: 0.122 s, transactions: 1
2017-06-26 15:05:15,150 [ajp-nio-8889-exec-3 | u:admin] INFO  TXLOGGER  - Tx 5738f052e705e_0_5738f052e705e_0_: finished. Total: 0.305 s, permissions: 0.243 s [100% readInstance (4x)] (4x), resolve: 0.233 s [100% WorkItem (4x)] (4x), svn: 0.197 s [36% getDir2 content (4x), 35% info (6x), 29% getFile content (4x)] (16x), Lucene: 0.0445 s [100% search (5x)] (5x), calculatedFieldsContributor: 0.0188 s [100% fields (4x)] (4x), RepositoryConfigService: 0.0179 s [88% getExistingPrefixes (5x)] (30x)
2017-06-26 15:05:15,153 [ajp-nio-8889-exec-3 | u:admin] INFO  TXLOGGER  - Summary for 'WorkItemDataService.queryForTable': Total: 0.309 s, transactions: 1, permissions: 0.243 s [100% readInstance (4x)] (4x), resolve: 0.233 s [100% WorkItem (4x)] (4x), svn: 0.197 s [36% getDir2 content (4x), 35% info (6x), 29% getFile content (4x)] (16x), Lucene: 0.0445 s [100% search (5x)] (5x), calculatedFieldsContributor: 0.0188 s [100% fields (4x)] (4x), RepositoryConfigService: 0.0179 s [88% getExistingPrefixes (5x)] (30x)
2017-06-26 15:05:15,887 [ajp-nio-8889-exec-4 | u:admin] INFO  TXLOGGER  - Tx 5738f053cec5f_0_5738f053cec5f_0_: finished. Total: 0.116 s, resolve: 0.0195 s [98% WorkItem (4x)] (10x), RepositoryConfigService: 0.0119 s [100% getReadConfiguration (89x)] (93x)
2017-06-26 15:05:15,919 [ajp-nio-8889-exec-4 | u:admin] INFO  TXLOGGER  - Summary for 'WorkItemDataService.loadInstances': Total: 0.148 s, transactions: 1, resolve: 0.0195 s [98% WorkItem (4x)] (10x), RepositoryConfigService: 0.0119 s [100% getReadConfiguration (89x)] (93x)
2017-06-26 15:05:16,408 [ajp-nio-8889-exec-5 | u:admin] INFO  TXLOGGER  - Tx 5738f053cf460_0_5738f053cf460_0_: finished. Total: 0.635 s, svn: 0.179 s [64% getFile content (10x), 22% info (4x)] (18x), RepositoryConfigService: 0.125 s [100% getReadConfiguration (187x)] (217x), resolve: 0.107 s [56% TestRun (1x), 44% WorkItem (3x)] (9x)
2017-06-26 15:05:16,452 [ajp-nio-8889-exec-5 | u:admin] INFO  TXLOGGER  - Summary for 'WorkItemDataService.loadWorkitem': Total: 0.68 s, transactions: 1, svn: 0.179 s [64% getFile content (10x), 22% info (4x)] (18x), RepositoryConfigService: 0.125 s [100% getReadConfiguration (187x)] (217x), resolve: 0.107 s [56% TestRun (1x), 44% WorkItem (3x)] (9x)
2017-06-26 15:05:22,084 [ajp-nio-8889-exec-4 | u:admin] INFO  TXLOGGER  - Tx 5738f059d5867_0_5738f059d5867_0_: finished. Total: 0.142 s, svn: 0.0826 s [40% getDir2 content (1x), 38% getFile content (2x), 20% info (1x)] (6x), resolve: 0.0734 s [99% WorkItem (2x)] (9x), RepositoryConfigService: 0.0165 s [100% getReadConfiguration (164x)] (183x)
2017-06-26 15:05:22,087 [ajp-nio-8889-exec-4 | u:admin] INFO  TXLOGGER  - Summary for 'WorkItemDataService.loadWorkitem': Total: 0.145 s, transactions: 1, svn: 0.0826 s [40% getDir2 content (1x), 38% getFile content (2x), 20% info (1x)] (6x), resolve: 0.0734 s [99% WorkItem (2x)] (9x), RepositoryConfigService: 0.0165 s [100% getReadConfiguration (164x)] (183x)
2017-06-26 15:05:22,576 [ajp-nio-8889-exec-9 | u:admin] INFO  TXLOGGER  - Tx 5738f059d4066_0_5738f059d4066_0_: finished. Total: 0.639 s, resolve: 0.607 s [100% WorkItem (14x)] (21x), svn: 0.539 s [35% getDir2 content (10x), 34% getFile content (10x), 27% info (10x)] (42x), ObjectMaps: 0.0636 s [52% getLastPromoted (10x), 39% getPrimaryObjectProperty (10x)] (46x)
2017-06-26 15:05:22,577 [ajp-nio-8889-exec-9 | u:admin] INFO  TXLOGGER  - Summary for 'WorkItemDataService.loadInstances': Total: 0.641 s, transactions: 1, resolve: 0.607 s [100% WorkItem (14x)] (21x), svn: 0.539 s [35% getDir2 content (10x), 34% getFile content (10x), 27% info (10x)] (42x), ObjectMaps: 0.0636 s [52% getLastPromoted (10x), 39% getPrimaryObjectProperty (10x)] (46x)
2017-06-26 15:05:29,319 [ajp-nio-8889-exec-7 | u:admin] INFO  TXLOGGER  - Tx 5738f060dcc68_0_5738f060dcc68_0_: finished. Total: 0.18 s, RepositoryConfigService: 0.108 s [86% getReadConfiguration (151x)] (170x), svn: 0.0495 s [70% getFile content (5x), 30% info (2x)] (8x)
2017-06-26 15:05:29,345 [ajp-nio-8889-exec-7 | u:admin] INFO  TXLOGGER  - Summary for 'WorkItemDataService.loadWorkitem': Total: 0.206 s, transactions: 1, RepositoryConfigService: 0.108 s [86% getReadConfiguration (151x)] (170x), svn: 0.0495 s [70% getFile content (5x), 30% info (2x)] (8x)
2017-06-26 15:07:22,868 [ajp-nio-8889-exec-2 | u:admin] INFO  TXLOGGER  - Tx 5738f0cf43c6d_0_5738f0cf43c6d_0_: finished. Total: 0.676 s, svn: 0.626 s [98% endActivity (1x)] (6x), processed revs: [212, 212 (delay 0s)], write: true
2017-06-26 15:07:22,869 [ajp-nio-8889-exec-2 | u:admin] INFO  TXLOGGER  - Summary for 'WorkflowDataService.saveWorkflowDataByContext': Total: 0.678 s, transactions: 1, svn: 0.626 s [98% endActivity (1x)] (6x)
2017-06-26 15:07:28,359 [ajp-nio-8889-exec-7 | u:admin | uri:/polarion/wiki/bin/view/project/drivepilot/page/Home | wiki: view http://localhost/polarion/wiki/bin/view/project/drivepilot/page/Home] INFO  TXLOGGER  - Tx 5738f0d4de077_0_5738f0d4de077_0_: finished. Total: 0.431 s, svn: 0.323 s [90% info (36x)] (43x), resolve: 0.181 s [98% WikiPage (24x)] (38x)
2017-06-26 15:07:28,407 [ajp-nio-8889-exec-7] INFO  TXLOGGER  - Summary for 'servlet /polarion/wiki/bin/view/project/drivepilot/page/Home': Total: 1.87 s, transactions: 5, Velocity: 1.51 s [100% evaluate in Wiki (1x)] (1x), svn: 1.1 s [81% info (132x)] (162x), resolve: 0.245 s [98% WikiPage (41x)] (59x)
2017-06-26 15:07:28,598 [ajp-nio-8889-exec-3] INFO  TXLOGGER  - Summary for 'servlet /polarion/wiki/bin/download/project/drivepilot/page/_default/Home/project_logo.jpg': Total: 0.147 s, transactions: 0, svn: 0.0209 s [100% info (2x)] (2x)
2017-06-26 15:07:30,417 [ajp-nio-8889-exec-1 | u:admin] INFO  TXLOGGER  - Tx 5738f0d73147e_0_5738f0d73147e_0_: finished. Total: 0.109 s, RepositoryConfigService: 0.0821 s [100% getReadConfiguration (160x)] (178x), svn: 0.0635 s [52% info (2x), 48% getFile content (1x)] (4x)
2017-06-26 15:07:30,419 [ajp-nio-8889-exec-1 | u:admin] INFO  TXLOGGER  - Summary for 'WorkItemDataService.loadWorkitem': Total: 0.11 s, transactions: 1, RepositoryConfigService: 0.0821 s [100% getReadConfiguration (160x)] (178x), svn: 0.0635 s [52% info (2x), 48% getFile content (1x)] (4x)
2017-06-26 15:07:30,671 [ajp-nio-8889-exec-7 | u:admin] INFO  TXLOGGER  - Tx 5738f0d72fc7d_0_5738f0d72fc7d_0_: finished. Total: 0.368 s, resolve: 0.299 s [57% WorkItem (14x), 26% ModuleAttachment (2x)] (25x), svn: 0.234 s [49% info (14x), 27% getDir2 content (7x), 16% getFile content (4x)] (29x), ObjectMaps: 0.0507 s [77% getLastPromoted (5x), 12% getPrimaryObjectLocation (5x)] (27x)
2017-06-26 15:07:30,690 [ajp-nio-8889-exec-7 | u:admin] INFO  TXLOGGER  - Summary for 'WorkItemDataService.loadInstances': Total: 0.387 s, transactions: 1, resolve: 0.299 s [57% WorkItem (14x), 26% ModuleAttachment (2x)] (25x), svn: 0.234 s [49% info (14x), 27% getDir2 content (7x), 16% getFile content (4x)] (29x), ObjectMaps: 0.0507 s [77% getLastPromoted (5x), 12% getPrimaryObjectLocation (5x)] (27x)
2017-06-26 15:07:39,008 [ajp-nio-8889-exec-10 | u:admin] INFO  TXLOGGER  - Tx 5738f0dec5080_0_5738f0dec5080_0_: finished. Total: 0.939 s, svn: 0.662 s [89% endActivity (1x)] (9x), Lucene: 0.177 s [89% refresh (1x)] (3x), resolve: 0.0773 s [99% WorkItem (2x)] (9x), processed revs: [213, 213 (delay 0s)], write: true
2017-06-26 15:07:39,062 [ajp-nio-8889-exec-10 | u:admin] INFO  TXLOGGER  - Summary for 'WorkItemDataService.saveWorkItem': Total: 1 s, transactions: 2, svn: 0.662 s [89% endActivity (1x)] (9x), Lucene: 0.186 s [85% refresh (1x)] (4x), resolve: 0.0791 s [98% WorkItem (6x)] (37x)
2017-06-26 15:07:39,357 [Persistence Events Processing Thread | u:p] INFO  TXLOGGER  - Tx 5738f0dfb0081_0_5738f0dfb0081_0_: finished. Total: 0.349 s, resolve: 0.228 s [79% WorkItem (8x), 21% User (11x)] (19x), svn: 0.189 s [49% getFile content (8x), 29% getDir2 content (2x), 23% info (2x)] (13x), ObjectMaps: 0.0361 s [81% getLastPromoted (7x)] (28x)
2017-06-26 15:07:39,439 [Persistence Events Processing Thread | u:p] INFO  TXLOGGER  - Summary: Total: 0.432 s, transactions: 6, persistence listener: 0.432 s [81% notificationsCreatingListener (1x)] (7x), resolve: 0.279 s [83% WorkItem (11x)] (24x), svn: 0.237 s [46% getFile content (9x), 29% getDir2 content (3x), 24% info (3x)] (18x), ObjectMaps: 0.0392 s [76% getLastPromoted (8x), 18% getPrimaryObjectLocation (8x)] (32x)
2017-06-26 15:07:49,723 [ajp-nio-8889-exec-5 | u:admin] INFO  TXLOGGER  - Tx 5738f0e936890_0_5738f0e936890_0_: finished. Total: 0.962 s, svn: 0.769 s [81% endActivity (1x)] (19x), resolve: 0.125 s [100% WorkItem (4x)] (14x), Lucene: 0.0955 s [51% add (2x), 44% refresh (1x)] (6x), processed revs: [214, 214 (delay 0s)], write: true
2017-06-26 15:07:49,777 [ajp-nio-8889-exec-5 | u:admin] INFO  TXLOGGER  - Summary for 'WorkItemDataService.saveWorkItem': Total: 1.02 s, transactions: 2, svn: 0.769 s [81% endActivity (1x)] (19x), resolve: 0.127 s [99% WorkItem (9x)] (43x), Lucene: 0.106 s [46% add (2x), 40% refresh (1x)] (7x)
2017-06-26 15:07:50,054 [Persistence Events Processing Thread | u:p] INFO  TXLOGGER  - Tx 5738f0ea27092_0_5738f0ea27092_0_: finished. Total: 0.33 s, resolve: 0.32 s [86% WorkItem (12x)] (25x), svn: 0.281 s [43% getFile content (5x), 34% getDir2 content (2x), 23% info (2x)] (10x), ObjectMaps: 0.0223 s [46% getPrimaryObjectLocation (5x), 36% getPrimaryObjectProperty (5x)] (20x)
2017-06-26 15:07:50,420 [Persistence Events Processing Thread | u:p] INFO  TXLOGGER  - Tx 5738f0ea79c94_0_5738f0ea79c94_0_: finished. Total: 0.365 s, resolve: 0.227 s [70% WorkItem (7x), 25% Project (3x)] (13x), svn: 0.2 s [43% getFile content (5x), 30% getDir2 content (2x), 27% info (3x)] (12x), RepositoryConfigService: 0.0738 s [100% getReadConfiguration (43x)] (46x), Lucene: 0.051 s [100% add (2x)] (2x)
2017-06-26 15:07:50,420 [Persistence Events Processing Thread | u:p] INFO  TXLOGGER  - Summary: Total: 0.696 s, transactions: 6, persistence listener: 0.696 s [52% WorkItemActivityCreator (1x), 48% notificationsCreatingListener (1x)] (7x), resolve: 0.548 s [79% WorkItem (19x), 11% User (16x)] (38x), svn: 0.481 s [43% getFile content (10x), 32% getDir2 content (4x), 24% info (5x)] (22x), RepositoryConfigService: 0.0739 s [100% getReadConfiguration (98x)] (103x), Lucene: 0.0513 s [100% add (2x)] (4x)
