2017-06-23 11:06:38,654 [main | u:p] INFO  TXLOGGER  - Summary for 'Platform startup': transactions: 0, DB: 0.0412 s [50% query (13x), 48% update (126x)] (206x), svn: 0.0227 s [87% checkPath (1x)] (3x)
2017-06-23 11:06:38,856 [main | u:p] INFO  TXLOGGER  - Summary for 'Context recognition': transactions: 0, svn: 0.0868 s [39% info (3x), 33% getDir2 content (2x), 28% getFile content (1x)] (6x)
2017-06-23 11:06:40,155 [LowLevelDataService-contextInitializer-1 | u:p] INFO  TXLOGGER  - Summary: Total: 1.3 s, transactions: 0
2017-06-23 11:06:40,155 [LowLevelDataService-contextInitializer-3 | u:p] INFO  TXLOGGER  - Summary: Total: 1.3 s, transactions: 0, ObjectMaps: 0.251 s [100% getAllPrimaryObjects (1x)] (7x)
2017-06-23 11:06:40,155 [LowLevelDataService-contextInitializer-4 | u:p] INFO  TXLOGGER  - Summary: Total: 1.3 s, transactions: 0, svn: 0.364 s [53% log2 (10x), 21% log (1x), 13% info (4x)] (21x), ObjectMaps: 0.0657 s [100% getAllPrimaryObjects (2x)] (14x)
2017-06-23 11:06:40,155 [LowLevelDataService-contextInitializer-5 | u:p] INFO  TXLOGGER  - Summary: Total: 1.3 s, transactions: 0, svn: 0.143 s [99% log2 (5x)] (6x)
2017-06-23 11:06:40,155 [LowLevelDataService-contextInitializer-2 | u:p] INFO  TXLOGGER  - Summary: Total: 1.3 s, transactions: 0, svn: 0.244 s [99% log2 (6x)] (8x)
2017-06-23 11:06:40,156 [main | u:p] INFO  TXLOGGER  - Summary for 'Context initialization': transactions: 0, svn: 0.861 s [79% log2 (31x), 9% log (1x)] (47x), ObjectMaps: 0.392 s [99% getAllPrimaryObjects (7x)] (55x)
2017-06-23 11:06:40,448 [main | u:p] INFO  TXLOGGER  - Summary for 'Revisions processing': transactions: 14, RepositoryConfigService: 0.199 s [100% getReadConfiguration (42x)] (42x), svn: 0.113 s [89% info (15x)] (32x)
2017-06-23 11:06:41,149 [main | u:p] INFO  TXLOGGER  - Summary for 'Build artifacts recognition': transactions: 40, svn: 0.564 s [86% info (78x)] (131x), RepositoryConfigService: 0.466 s [100% getReadConfiguration (48x)] (48x)
2017-06-23 11:06:41,679 [main | u:p] INFO  TXLOGGER  - Summary for 'Data indexing': transactions: 0, Lucene: 0.207 s [100% refresh (1x)] (1x), derivedLinkedRevisionsContributor: 0.0137 s [100% objectsToInv (1x)] (1x), SubterraURITable: 0.0134 s [100% addIfNotExistsDB (1x)] (1x)
2017-06-23 11:07:16,451 [main] INFO  TXLOGGER  - Summary for 'Polarion startup': transactions: 1, svn: 0.29 s [79% info (47x), 12% getDir2 content (5x)] (66x), RepositoryConfigService: 0.031 s [100% getReadConfiguration (2x)] (2x)
2017-06-23 11:07:16,614 [Worker-0 | u:p | job: polarion.jobs.attachment.indexer] INFO  TXLOGGER  - Summary after AttachmentIndexer: transactions: 6, persistence listener: 0.095 s [93% notificationsCreatingListener (1x)] (7x), Lucene: 0.0618 s [100% add (2x)] (2x), resolve: 0.0316 s [92% User (2x)] (5x), ObjectMaps: 0.00946 s [100% getPrimaryObjectLocation (2x)] (2x)
2017-06-23 11:07:17,251 [PreLoadDataService | u:p] INFO  TXLOGGER  - Tx 5734dd162b038_0_5734dd162b038_0_: finished. Total: 0.79 s, svn: 0.457 s [61% getDir2 content (25x), 39% getFile content (15x)] (43x), resolve: 0.369 s [56% Category (8x), 44% TimePoint (5x)] (13x), ObjectMaps: 0.0548 s [52% getPrimaryObjectLocation (13x), 27% getPrimaryObjectProperty (13x), 21% getLastPromoted (13x)] (55x)
2017-06-23 11:07:17,749 [PreLoadDataService | u:p] INFO  TXLOGGER  - Tx 5734dd171a040_0_5734dd171a040_0_: finished. Total: 0.332 s, svn: 0.242 s [53% getFile content (14x), 47% info (10x)] (25x), RepositoryConfigService: 0.182 s [83% getReadConfiguration (72x)] (74x), resolve: 0.12 s [100% User (8x)] (8x), ObjectMaps: 0.0244 s [44% getPrimaryObjectLocation (8x), 29% getPrimaryObjectProperty (8x), 27% getLastPromoted (8x)] (33x)
2017-06-23 11:07:17,912 [PreLoadDataService | u:p] INFO  TXLOGGER  - Tx 5734dd176d841_0_5734dd176d841_0_: finished. Total: 0.162 s, RepositoryConfigService: 0.137 s [99% getReadConfiguration (55x)] (78x), svn: 0.116 s [100% getFile content (13x)] (14x)
2017-06-23 11:07:18,214 [DBHistoryCreator-1 | u:p] INFO  TXLOGGER  - Summary: Total: 1.54 s, transactions: 0
2017-06-23 11:07:18,214 [Worker-1 | u:p | job: polarion.jobs.db.history] INFO  TXLOGGER  - Summary after DBHistoryCreator: transactions: 0, Lucene: 0.0495 s [100% add (1x)] (1x)
2017-06-23 11:07:18,214 [Worker-1 | u:p] INFO  TXLOGGER  - Summary for 'job: polarion.jobs.db.history': Total: 1.6 s, transactions: 0, SubterraURITable: 1.21 s [100% getDB (4099x)] (4099x), DB: 1.14 s [51% query (4125x), 31% update (4100x)] (20619x)
2017-06-23 11:07:18,691 [PreLoadDataService | u:p] INFO  TXLOGGER  - Tx 5734dd1796042_0_5734dd1796042_0_: finished. Total: 0.779 s, svn: 0.698 s [71% getFile content (47x), 29% getDir2 content (17x)] (65x), RepositoryConfigService: 0.563 s [100% getReadConfiguration (164x)] (180x)
2017-06-23 11:07:19,002 [PreLoadDataService | u:p] INFO  TXLOGGER  - Tx 5734dd1858c43_0_5734dd1858c43_0_: finished. Total: 0.31 s, svn: 0.267 s [84% getFile content (35x)] (42x), RepositoryConfigService: 0.258 s [99% getReadConfiguration (295x)] (370x)
2017-06-23 11:07:19,422 [PreLoadDataService | u:p] INFO  TXLOGGER  - Tx 5734dd18a6844_0_5734dd18a6844_0_: finished. Total: 0.42 s, svn: 0.4 s [52% getFile content (21x), 48% getDir2 content (17x)] (39x), RepositoryConfigService: 0.225 s [100% getReadConfiguration (88x)] (110x)
2017-06-23 11:07:19,541 [PreLoadDataService | u:p] INFO  TXLOGGER  - Tx 5734dd190f845_0_5734dd190f845_0_: finished. Total: 0.119 s, svn: 0.11 s [58% getDir2 content (11x), 42% getFile content (8x)] (20x), RepositoryConfigService: 0.0521 s [99% getReadConfiguration (38x)] (54x)
2017-06-23 11:07:19,832 [PreLoadDataService | u:p] INFO  TXLOGGER  - Tx 5734dd192d446_0_5734dd192d446_0_: finished. Total: 0.29 s, svn: 0.271 s [54% getFile content (24x), 46% getDir2 content (12x)] (37x), RepositoryConfigService: 0.161 s [99% getReadConfiguration (87x)] (109x)
2017-06-23 11:07:19,832 [PreLoadDataService] INFO  TXLOGGER  - Summary for 'PreloadDataService': Total: 3.37 s, transactions: 9, svn: 2.63 s [60% getFile content (182x), 35% getDir2 content (90x)] (301x), RepositoryConfigService: 1.61 s [98% getReadConfiguration (801x)] (981x), resolve: 0.599 s [34% Category (8x), 27% TimePoint (5x), 20% User (8x)] (26x)
2017-06-23 11:07:19,832 [PreLoadDataService] INFO  TXLOGGER  - Summary after preload: transactions: 9, svn: 2.63 s [60% getFile content (182x), 35% getDir2 content (90x)] (301x), RepositoryConfigService: 1.61 s [98% getReadConfiguration (801x)] (981x), SubterraURITable: 1.21 s [100% getDB (4099x)] (4099x), DB: 1.14 s [51% query (4125x), 31% update (4100x)] (20619x), resolve: 0.599 s [34% Category (8x), 27% TimePoint (5x), 20% User (9x)] (27x)
