2017-06-22 11:13:46,566 [main] INFO  com.polarion.platform.startup  - ****************************************************************
2017-06-22 11:13:46,566 [main] INFO  com.polarion.platform.startup  -                 Polarion starting, please wait!                 
2017-06-22 11:13:46,566 [main] INFO  com.polarion.platform.startup  - ****************************************************************
2017-06-22 11:13:46,566 [main] INFO  com.polarion.platform.startup  - Server start mode: normal
2017-06-22 11:13:46,566 [main] INFO  com.polarion.platform.startup  - ------------------------------
2017-06-22 11:13:46,567 [main] INFO  com.polarion.platform.startup  - Platform startup (Phase: 1/9)
2017-06-22 11:13:56,201 [main] INFO  com.polarion.platform.startup  - Opening historical database...
2017-06-22 11:13:56,389 [main] INFO  com.polarion.platform.startup  - Opening of historical database finished [ TIME 0.188 s. ]
2017-06-22 11:13:56,389 [main] INFO  com.polarion.platform.startup  - Opening head database...
2017-06-22 11:13:56,468 [main] INFO  com.polarion.platform.startup  - Opening of head database finished [ TIME 0.0798 s. ]
2017-06-22 11:13:56,677 [main | u:p] INFO  com.polarion.platform.startup  -  -- Polarion startup estimation:  [ TIME 46 s. ]
2017-06-22 11:13:56,824 [main | u:p] INFO  com.polarion.platform.startup  - Platform startup ... took  [ TIME 10.27 s. ]
2017-06-22 11:13:56,998 [main | u:p] INFO  com.polarion.platform.startup  - ------------------------------
2017-06-22 11:13:56,998 [main | u:p] INFO  com.polarion.platform.startup  - Context recognition (Phase: 2/9)
2017-06-22 11:13:57,051 [main | u:p] INFO  com.polarion.platform.startup  - Context recognition ... took  [ TIME 0.23 s. ]
2017-06-22 11:13:57,052 [main | u:p] INFO  com.polarion.platform.startup  - ------------------------------
2017-06-22 11:13:57,052 [main | u:p] INFO  com.polarion.platform.startup  - Context initialization (Phase: 3/9)
2017-06-22 11:13:57,056 [LowLevelDataService-contextInitializer-3 | u:p | context: MyPolarion] INFO  com.polarion.platform.startup  -  -- Initializing context: MyPolarion (3/8)
2017-06-22 11:13:57,056 [LowLevelDataService-contextInitializer-2 | u:p | cluster: default] INFO  com.polarion.platform.startup  -  -- Initializing cluster: default (2/8)
2017-06-22 11:13:57,056 [LowLevelDataService-contextInitializer-5 | u:p | context: library] INFO  com.polarion.platform.startup  -  -- Initializing context: library (4/8)
2017-06-22 11:13:57,056 [LowLevelDataService-contextInitializer-1 | u:p | context: [GLOBAL]] INFO  com.polarion.platform.startup  -  -- Initializing context: [GLOBAL] (1/8)
2017-06-22 11:13:57,056 [LowLevelDataService-contextInitializer-4 | u:p | context: --Demo Projects] INFO  com.polarion.platform.startup  -  -- Initializing context: --Demo Projects (5/8)
2017-06-22 11:13:57,062 [LowLevelDataService-contextInitializer-1 | u:p | context: CAPA] INFO  com.polarion.platform.startup  -  -- Initializing context: CAPA (6/8)
2017-06-22 11:13:57,199 [LowLevelDataService-contextInitializer-2 | u:p | context: elibrary] INFO  com.polarion.platform.startup  -  -- Initializing context: elibrary (7/8)
2017-06-22 11:13:57,400 [LowLevelDataService-contextInitializer-4 | u:p | context: drivepilot] INFO  com.polarion.platform.startup  -  -- Initializing context: drivepilot (8/8)
2017-06-22 11:13:58,426 [main | u:p] INFO  com.polarion.platform.startup  - Context initialization ... took  [ TIME 1.37 s. ]
2017-06-22 11:13:58,436 [main | u:p] INFO  com.polarion.platform.startup  - ------------------------------
2017-06-22 11:13:58,436 [main | u:p] INFO  com.polarion.platform.startup  - Revisions processing (Phase: 4/9)
2017-06-22 11:13:58,732 [main | u:p] INFO  com.polarion.platform.startup  -  -- Processing new revisions from repository default in context ContextId[context [global]]
2017-06-22 11:13:58,742 [main | u:p] INFO  com.polarion.platform.startup  - Revisions processing ... took  [ TIME 0.32 s. ]
2017-06-22 11:13:58,795 [main | u:p] INFO  com.polarion.platform.startup  - ------------------------------
2017-06-22 11:13:58,796 [main | u:p] INFO  com.polarion.platform.startup  - Build artifacts recognition (Phase: 5/9)
2017-06-22 11:13:58,804 [main | u:p] INFO  com.polarion.platform.startup  -  -- Processing build artifacts from context: [GLOBAL] (1/8)
2017-06-22 11:13:58,935 [main | u:p] INFO  com.polarion.platform.startup  -  -- Processing build artifacts from cluster: default (2/8)
2017-06-22 11:13:58,982 [main | u:p] INFO  com.polarion.platform.startup  -  -- Processing build artifacts from context: MyPolarion (3/8)
2017-06-22 11:13:59,036 [main | u:p] INFO  com.polarion.platform.startup  -  -- Processing build artifacts from context: --Demo Projects (4/8)
2017-06-22 11:13:59,092 [main | u:p] INFO  com.polarion.platform.startup  -  -- Processing build artifacts from context: library (5/8)
2017-06-22 11:13:59,139 [main | u:p] INFO  com.polarion.platform.startup  -  -- Processing build artifacts from context: CAPA (6/8)
2017-06-22 11:13:59,294 [main | u:p] INFO  com.polarion.platform.startup  -  -- Processing build artifacts from context: elibrary (7/8)
2017-06-22 11:13:59,494 [main | u:p] INFO  com.polarion.platform.startup  -  -- Processing build artifacts from context: drivepilot (8/8)
2017-06-22 11:13:59,494 [main | u:p] INFO  com.polarion.platform.startup  - Build artifacts recognition ... took  [ TIME 0.75 s. ]
2017-06-22 11:13:59,494 [main | u:p] INFO  com.polarion.platform.startup  - ------------------------------
2017-06-22 11:13:59,495 [main | u:p] INFO  com.polarion.platform.startup  - BIR inspection (Phase: 6/9)
2017-06-22 11:13:59,553 [main | u:p] INFO  com.polarion.platform.startup  - BIR inspection ... took  [ TIME 0.06 s. ]
2017-06-22 11:13:59,577 [main | u:p] INFO  com.polarion.platform.startup  - ------------------------------
2017-06-22 11:13:59,577 [main | u:p] INFO  com.polarion.platform.startup  - Data indexing (Phase: 7/9)
2017-06-22 11:13:59,779 [main | u:p] INFO  com.polarion.platform.startup  -  -- Refreshing 9 objects in index: BuildArtifact
2017-06-22 11:13:59,794 [main | u:p] INFO  com.polarion.platform.startup  -  -- -- 9 from 9 objects were refreshed (100%)
2017-06-22 11:14:00,084 [main | u:p] INFO  com.polarion.platform.startup  -  -- Refreshing 1 objects in index: Revision
2017-06-22 11:14:00,084 [main | u:p] INFO  com.polarion.platform.startup  -  -- -- 1 from 1 objects were refreshed (100%)
2017-06-22 11:14:00,166 [main | u:p] INFO  com.polarion.platform.startup  - Data indexing ... took  [ TIME 0.61 s. ]
2017-06-22 11:14:00,167 [main | u:p] INFO  com.polarion.platform.startup  - ------------------------------
2017-06-22 11:14:00,167 [main | u:p] INFO  com.polarion.platform.startup  - Fields recalculation (Phase: 8/9)
2017-06-22 11:14:00,194 [main | u:p] INFO  com.polarion.platform.startup  - Fields recalculation ... took  [ TIME 0.03 s. ]
2017-06-22 11:14:00,194 [main | u:p] INFO  com.polarion.platform.startup  - ------------------------------
2017-06-22 11:14:00,194 [main | u:p] INFO  com.polarion.platform.startup  - Polarion startup (Phase: 9/9)
2017-06-22 11:14:36,214 [main] INFO  com.polarion.platform.startup  - Polarion startup ... took  [ TIME 36.02 s. ]
2017-06-22 11:14:36,214 [main] INFO  com.polarion.platform.startup  - ****************************************************************
2017-06-22 11:14:36,214 [main] INFO  com.polarion.platform.startup  -                  Polarion started:  [ TIME 49.6 s. ]
2017-06-22 11:14:36,214 [main] INFO  com.polarion.platform.startup  - ****************************************************************
