2017-06-23 14:50:43,736 [main] INFO  com.polarion.platform.startup  - ****************************************************************
2017-06-23 14:50:43,736 [main] INFO  com.polarion.platform.startup  -                 Polarion starting, please wait!                 
2017-06-23 14:50:43,736 [main] INFO  com.polarion.platform.startup  - ****************************************************************
2017-06-23 14:50:43,736 [main] INFO  com.polarion.platform.startup  - Server start mode: normal
2017-06-23 14:50:43,736 [main] INFO  com.polarion.platform.startup  - ------------------------------
2017-06-23 14:50:43,739 [main] INFO  com.polarion.platform.startup  - Platform startup (Phase: 1/9)
2017-06-23 14:50:48,196 [main] INFO  com.polarion.platform.startup  - Opening historical database...
2017-06-23 14:50:48,355 [main] INFO  com.polarion.platform.startup  - Opening of historical database finished [ TIME 0.16 s. ]
2017-06-23 14:50:48,355 [main] INFO  com.polarion.platform.startup  - Opening head database...
2017-06-23 14:50:48,426 [main] INFO  com.polarion.platform.startup  - Opening of head database finished [ TIME 0.0705 s. ]
2017-06-23 14:50:48,635 [main | u:p] INFO  com.polarion.platform.startup  -  -- Polarion startup estimation:  [ TIME 43 s. ]
2017-06-23 14:50:48,778 [main | u:p] INFO  com.polarion.platform.startup  - Platform startup ... took  [ TIME 5.05 s. ]
2017-06-23 14:50:48,938 [main | u:p] INFO  com.polarion.platform.startup  - ------------------------------
2017-06-23 14:50:48,938 [main | u:p] INFO  com.polarion.platform.startup  - Context recognition (Phase: 2/9)
2017-06-23 14:50:48,973 [main | u:p] INFO  com.polarion.platform.startup  - Context recognition ... took  [ TIME 0.2 s. ]
2017-06-23 14:50:48,974 [main | u:p] INFO  com.polarion.platform.startup  - ------------------------------
2017-06-23 14:50:48,974 [main | u:p] INFO  com.polarion.platform.startup  - Context initialization (Phase: 3/9)
2017-06-23 14:50:48,978 [LowLevelDataService-contextInitializer-1 | u:p | context: [GLOBAL]] INFO  com.polarion.platform.startup  -  -- Initializing context: [GLOBAL] (2/8)
2017-06-23 14:50:48,978 [LowLevelDataService-contextInitializer-4 | u:p | context: --Demo Projects] INFO  com.polarion.platform.startup  -  -- Initializing context: --Demo Projects (4/8)
2017-06-23 14:50:48,978 [LowLevelDataService-contextInitializer-5 | u:p | context: library] INFO  com.polarion.platform.startup  -  -- Initializing context: library (5/8)
2017-06-23 14:50:48,978 [LowLevelDataService-contextInitializer-3 | u:p | context: MyPolarion] INFO  com.polarion.platform.startup  -  -- Initializing context: MyPolarion (3/8)
2017-06-23 14:50:48,978 [LowLevelDataService-contextInitializer-2 | u:p | cluster: default] INFO  com.polarion.platform.startup  -  -- Initializing cluster: default (1/8)
2017-06-23 14:50:48,983 [LowLevelDataService-contextInitializer-1 | u:p | context: CAPA] INFO  com.polarion.platform.startup  -  -- Initializing context: CAPA (6/8)
2017-06-23 14:50:49,065 [LowLevelDataService-contextInitializer-2 | u:p | context: elibrary] INFO  com.polarion.platform.startup  -  -- Initializing context: elibrary (7/8)
2017-06-23 14:50:49,229 [LowLevelDataService-contextInitializer-4 | u:p | context: drivepilot] INFO  com.polarion.platform.startup  -  -- Initializing context: drivepilot (8/8)
2017-06-23 14:50:50,270 [main | u:p] INFO  com.polarion.platform.startup  - Context initialization ... took  [ TIME 1.3 s. ]
2017-06-23 14:50:50,281 [main | u:p] INFO  com.polarion.platform.startup  - ------------------------------
2017-06-23 14:50:50,281 [main | u:p] INFO  com.polarion.platform.startup  - Revisions processing (Phase: 4/9)
2017-06-23 14:50:50,562 [main | u:p] INFO  com.polarion.platform.startup  -  -- Processing new revisions from repository default in context ContextId[context [global]]
2017-06-23 14:50:50,571 [main | u:p] INFO  com.polarion.platform.startup  - Revisions processing ... took  [ TIME 0.3 s. ]
2017-06-23 14:50:50,623 [main | u:p] INFO  com.polarion.platform.startup  - ------------------------------
2017-06-23 14:50:50,623 [main | u:p] INFO  com.polarion.platform.startup  - Build artifacts recognition (Phase: 5/9)
2017-06-23 14:50:50,634 [main | u:p] INFO  com.polarion.platform.startup  -  -- Processing build artifacts from context: [GLOBAL] (1/8)
2017-06-23 14:50:50,747 [main | u:p] INFO  com.polarion.platform.startup  -  -- Processing build artifacts from cluster: default (2/8)
2017-06-23 14:50:50,785 [main | u:p] INFO  com.polarion.platform.startup  -  -- Processing build artifacts from context: MyPolarion (3/8)
2017-06-23 14:50:50,824 [main | u:p] INFO  com.polarion.platform.startup  -  -- Processing build artifacts from context: --Demo Projects (4/8)
2017-06-23 14:50:50,863 [main | u:p] INFO  com.polarion.platform.startup  -  -- Processing build artifacts from context: library (5/8)
2017-06-23 14:50:50,905 [main | u:p] INFO  com.polarion.platform.startup  -  -- Processing build artifacts from context: CAPA (6/8)
2017-06-23 14:50:51,067 [main | u:p] INFO  com.polarion.platform.startup  -  -- Processing build artifacts from context: elibrary (7/8)
2017-06-23 14:50:51,214 [main | u:p] INFO  com.polarion.platform.startup  -  -- Processing build artifacts from context: drivepilot (8/8)
2017-06-23 14:50:51,214 [main | u:p] INFO  com.polarion.platform.startup  - Build artifacts recognition ... took  [ TIME 0.64 s. ]
2017-06-23 14:50:51,215 [main | u:p] INFO  com.polarion.platform.startup  - ------------------------------
2017-06-23 14:50:51,215 [main | u:p] INFO  com.polarion.platform.startup  - BIR inspection (Phase: 6/9)
2017-06-23 14:50:51,263 [main | u:p] INFO  com.polarion.platform.startup  - BIR inspection ... took  [ TIME 0.05 s. ]
2017-06-23 14:50:51,289 [main | u:p] INFO  com.polarion.platform.startup  - ------------------------------
2017-06-23 14:50:51,289 [main | u:p] INFO  com.polarion.platform.startup  - Data indexing (Phase: 7/9)
2017-06-23 14:50:51,500 [main | u:p] INFO  com.polarion.platform.startup  -  -- Refreshing 9 objects in index: BuildArtifact
2017-06-23 14:50:51,515 [main | u:p] INFO  com.polarion.platform.startup  -  -- -- 9 from 9 objects were refreshed (100%)
2017-06-23 14:50:51,788 [main | u:p] INFO  com.polarion.platform.startup  -  -- Refreshing 1 objects in index: Revision
2017-06-23 14:50:51,788 [main | u:p] INFO  com.polarion.platform.startup  -  -- -- 1 from 1 objects were refreshed (100%)
2017-06-23 14:50:51,851 [main | u:p] INFO  com.polarion.platform.startup  - Data indexing ... took  [ TIME 0.59 s. ]
2017-06-23 14:50:51,852 [main | u:p] INFO  com.polarion.platform.startup  - ------------------------------
2017-06-23 14:50:51,852 [main | u:p] INFO  com.polarion.platform.startup  - Fields recalculation (Phase: 8/9)
2017-06-23 14:50:51,870 [main | u:p] INFO  com.polarion.platform.startup  - Fields recalculation ... took  [ TIME 0.02 s. ]
2017-06-23 14:50:51,870 [main | u:p] INFO  com.polarion.platform.startup  - ------------------------------
2017-06-23 14:50:51,870 [main | u:p] INFO  com.polarion.platform.startup  - Polarion startup (Phase: 9/9)
2017-06-23 14:51:26,496 [main] INFO  com.polarion.platform.startup  - Polarion startup ... took  [ TIME 34.63 s. ]
2017-06-23 14:51:26,496 [main] INFO  com.polarion.platform.startup  - ****************************************************************
2017-06-23 14:51:26,496 [main] INFO  com.polarion.platform.startup  -                  Polarion started:  [ TIME 42.8 s. ]
2017-06-23 14:51:26,496 [main] INFO  com.polarion.platform.startup  - ****************************************************************
