2017-06-22 11:43:03,716 [main | u:p] INFO  TXLOGGER  - Summary for 'Platform startup': transactions: 0, DB: 0.0411 s [50% query (13x), 49% update (126x)] (206x), svn: 0.0253 s [87% checkPath (1x)] (3x)
2017-06-22 11:43:03,915 [main | u:p] INFO  TXLOGGER  - Summary for 'Context recognition': transactions: 0, svn: 0.0762 s [36% info (3x), 33% getDir2 content (2x), 30% getFile content (1x)] (6x)
2017-06-22 11:43:05,088 [LowLevelDataService-contextInitializer-1 | u:p] INFO  TXLOGGER  - Summary: Total: 1.17 s, transactions: 0
2017-06-22 11:43:05,088 [LowLevelDataService-contextInitializer-5 | u:p] INFO  TXLOGGER  - Summary: Total: 1.17 s, transactions: 0
2017-06-22 11:43:05,088 [LowLevelDataService-contextInitializer-2 | u:p] INFO  TXLOGGER  - Summary: Total: 1.17 s, transactions: 0, svn: 0.101 s [97% log2 (6x)] (8x)
2017-06-22 11:43:05,088 [LowLevelDataService-contextInitializer-4 | u:p] INFO  TXLOGGER  - Summary: Total: 1.17 s, transactions: 0, svn: 0.208 s [55% log2 (10x), 21% log (1x), 13% info (4x)] (21x)
2017-06-22 11:43:05,088 [LowLevelDataService-contextInitializer-3 | u:p] INFO  TXLOGGER  - Summary: Total: 1.17 s, transactions: 0, ObjectMaps: 0.252 s [100% getAllPrimaryObjects (1x)] (7x)
2017-06-22 11:43:05,089 [main | u:p] INFO  TXLOGGER  - Summary for 'Context initialization': transactions: 0, svn: 0.419 s [76% log2 (31x), 11% log (1x)] (47x), ObjectMaps: 0.39 s [99% getAllPrimaryObjects (7x)] (57x)
2017-06-22 11:43:05,385 [main | u:p] INFO  TXLOGGER  - Summary for 'Revisions processing': transactions: 14, RepositoryConfigService: 0.18 s [100% getReadConfiguration (42x)] (42x), svn: 0.0902 s [89% info (15x)] (32x)
2017-06-22 11:43:05,983 [main | u:p] INFO  TXLOGGER  - Summary for 'Build artifacts recognition': transactions: 40, svn: 0.432 s [85% info (78x)] (131x), RepositoryConfigService: 0.376 s [100% getReadConfiguration (80x)] (80x)
2017-06-22 11:43:06,592 [main | u:p] INFO  TXLOGGER  - Summary for 'Data indexing': transactions: 0, Lucene: 0.246 s [100% refresh (2x)] (2x), SubterraURITable: 0.0229 s [100% addIfNotExistsDB (17x)] (17x), DB: 0.0218 s [49% update (38x), 22% query (17x), 21% execute (12x)] (103x)
2017-06-22 11:43:42,333 [main] INFO  TXLOGGER  - Summary for 'Polarion startup': transactions: 1, svn: 0.278 s [73% info (47x), 15% getLatestRevision (12x)] (66x), RepositoryConfigService: 0.0227 s [100% getReadConfiguration (2x)] (2x)
2017-06-22 11:43:42,443 [Persistence Events Processing Thread | u:p] INFO  TXLOGGER  - Summary: Total: 0.106 s, transactions: 6, persistence listener: 0.106 s [93% notificationsCreatingListener (1x)] (7x)
2017-06-22 11:43:42,527 [Worker-0 | u:p | job: polarion.jobs.attachment.indexer] INFO  TXLOGGER  - Summary after AttachmentIndexer: transactions: 48, persistence listener: 0.11 s [90% notificationsCreatingListener (8x)] (56x), Lucene: 0.084 s [100% add (2x)] (2x), resolve: 0.0396 s [93% User (2x)] (5x), ObjectMaps: 0.0116 s [100% getPrimaryObjectLocation (2x)] (2x)
2017-06-22 11:43:43,200 [PreLoadDataService | u:p] INFO  TXLOGGER  - Tx 57339bd5d1438_0_57339bd5d1438_0_: finished. Total: 0.858 s, resolve: 0.443 s [51% Category (8x), 49% TimePoint (5x)] (13x), svn: 0.389 s [60% getDir2 content (25x), 39% getFile content (15x)] (43x), ObjectMaps: 0.0567 s [51% getPrimaryObjectLocation (13x), 29% getPrimaryObjectProperty (13x)] (55x), Lucene: 0.0519 s [100% search (2x)] (2x)
2017-06-22 11:43:43,769 [PreLoadDataService | u:p] INFO  TXLOGGER  - Tx 57339bd6de06a_0_57339bd6de06a_0_: finished. Total: 0.352 s, svn: 0.168 s [63% getFile content (14x), 37% info (10x)] (25x), resolve: 0.159 s [100% User (8x)] (8x), RepositoryConfigService: 0.159 s [82% getReadConfiguration (72x)] (74x), ObjectMaps: 0.0233 s [43% getPrimaryObjectLocation (8x), 29% getPrimaryObjectProperty (8x), 27% getLastPromoted (8x)] (33x)
2017-06-22 11:43:43,898 [PreLoadDataService | u:p] INFO  TXLOGGER  - Tx 57339bd73646b_0_57339bd73646b_0_: finished. Total: 0.128 s, RepositoryConfigService: 0.102 s [98% getReadConfiguration (55x)] (78x), svn: 0.0824 s [100% getFile content (13x)] (14x)
2017-06-22 11:43:44,174 [DBHistoryCreator-1 | u:p] INFO  TXLOGGER  - Summary: Total: 1.6 s, transactions: 0
2017-06-22 11:43:44,174 [DBHistoryCreator-2 | u:p] INFO  TXLOGGER  - Summary: Total: 1.6 s, transactions: 0
2017-06-22 11:43:44,174 [Worker-1 | u:p | job: polarion.jobs.db.history] INFO  TXLOGGER  - Summary after DBHistoryCreator: transactions: 0, Lucene: 0.0295 s [100% add (1x)] (1x), svn: 0.00256 s [100% getLatestRevision (1x)] (1x), DB: 0.00153 s [73% update (2x), 27% commit (2x)] (4x)
2017-06-22 11:43:44,175 [Worker-1 | u:p] INFO  TXLOGGER  - Summary for 'job: polarion.jobs.db.history': Total: 1.65 s, transactions: 0, SubterraURITable: 1.28 s [100% getDB (4018x)] (4018x), DB: 1.21 s [50% query (4044x), 32% update (4019x)] (20173x)
2017-06-22 11:43:44,565 [PreLoadDataService | u:p] INFO  TXLOGGER  - Tx 57339bd75686c_0_57339bd75686c_0_: finished. Total: 0.666 s, svn: 0.594 s [72% getFile content (47x), 28% getDir2 content (17x)] (65x), RepositoryConfigService: 0.485 s [100% getReadConfiguration (164x)] (180x)
2017-06-22 11:43:44,874 [PreLoadDataService | u:p] INFO  TXLOGGER  - Tx 57339bd7fd46d_0_57339bd7fd46d_0_: finished. Total: 0.309 s, RepositoryConfigService: 0.262 s [99% getReadConfiguration (295x)] (370x), svn: 0.248 s [85% getFile content (35x)] (42x)
2017-06-22 11:43:45,131 [PreLoadDataService | u:p] INFO  TXLOGGER  - Tx 57339bd84a86e_0_57339bd84a86e_0_: finished. Total: 0.256 s, svn: 0.236 s [52% getFile content (21x), 48% getDir2 content (17x)] (39x), RepositoryConfigService: 0.139 s [99% getReadConfiguration (88x)] (110x)
2017-06-22 11:43:45,250 [PreLoadDataService | u:p] INFO  TXLOGGER  - Tx 57339bd88ac6f_0_57339bd88ac6f_0_: finished. Total: 0.12 s, svn: 0.111 s [67% getDir2 content (11x), 33% getFile content (8x)] (20x), RepositoryConfigService: 0.0429 s [99% getReadConfiguration (38x)] (54x)
2017-06-22 11:43:45,477 [PreLoadDataService | u:p] INFO  TXLOGGER  - Tx 57339bd8a8870_0_57339bd8a8870_0_: finished. Total: 0.226 s, svn: 0.208 s [57% getFile content (24x), 43% getDir2 content (12x)] (37x), RepositoryConfigService: 0.133 s [99% getReadConfiguration (87x)] (109x)
2017-06-22 11:43:45,477 [PreLoadDataService] INFO  TXLOGGER  - Summary for 'PreloadDataService': Total: 3.14 s, transactions: 9, svn: 2.1 s [61% getFile content (182x), 34% getDir2 content (90x)] (301x), RepositoryConfigService: 1.35 s [97% getReadConfiguration (801x)] (981x), resolve: 0.763 s [29% Category (8x), 29% TimePoint (5x), 21% Project (5x), 21% User (8x)] (26x)
2017-06-22 11:43:45,478 [PreLoadDataService] INFO  TXLOGGER  - Summary after preload: transactions: 9, svn: 2.1 s [61% getFile content (182x), 34% getDir2 content (90x)] (301x), RepositoryConfigService: 1.35 s [97% getReadConfiguration (801x)] (981x), SubterraURITable: 1.28 s [100% getDB (4018x)] (4018x), DB: 1.21 s [50% query (4044x), 32% update (4019x)] (20173x), Lucene: 1.01 s [92% add (1x)] (6x), resolve: 0.763 s [29% Category (8x), 29% TimePoint (5x), 21% Project (5x), 21% User (9x)] (27x), ObjectMaps: 0.107 s [49% getPrimaryObjectLocation (26x), 30% getPrimaryObjectProperty (26x), 21% getLastPromoted (26x)] (108x)
2017-06-22 11:44:06,000 [ajp-nio-8889-exec-5 | u:admin] INFO  TXLOGGER  - Summary for 'WorkItemDataService.saveWorkItem': Total: 0.131 s, transactions: 2, resolve: 0.0847 s [100% WorkItem (2x)] (2x), svn: 0.0452 s [49% info (3x), 25% getFile content (1x), 24% getDir2 content (1x)] (8x), derivedLinkedRevisionsContributor: 0.0159 s [100% fields (1x)] (1x), calculatedFieldsContributor: 0.0149 s [100% fields (1x)] (1x), RepositoryConfigService: 0.0139 s [83% getExistingPrefixes (1x)] (5x), permissions: 0.0137 s [100% readInstance (2x)] (2x), Lucene: 0.0124 s [100% search (1x)] (1x)
2017-06-22 11:44:12,038 [ajp-nio-8889-exec-6 | u:admin] INFO  TXLOGGER  - Tx 57339bf1c4473_0_57339bf1c4473_0_: finished. Total: 1.08 s, svn: 0.633 s [90% endActivity (1x)] (10x), Lucene: 0.172 s [81% refresh (1x)] (3x), processed revs: [81, 81 (delay 0s)], write: true
2017-06-22 11:44:12,319 [Persistence Events Processing Thread | u:p] INFO  TXLOGGER  - Tx 57339bf2d1874_0_57339bf2d1874_0_: finished. Total: 0.281 s, resolve: 0.158 s [69% WorkItem (8x), 31% User (7x)] (15x), svn: 0.125 s [48% getFile content (6x), 27% getDir2 content (2x), 24% info (2x)] (11x), ObjectMaps: 0.0164 s [48% getPrimaryObjectProperty (5x), 37% getPrimaryObjectLocation (5x)] (20x)
2017-06-22 11:44:12,427 [Persistence Events Processing Thread | u:p] INFO  TXLOGGER  - Tx 57339bf317c76_0_57339bf317c76_0_: finished. Total: 0.108 s, resolve: 0.0494 s [100% WorkItem (3x)] (5x), svn: 0.0445 s [34% getFile content (1x), 33% info (1x), 29% getDir2 content (1x)] (5x), Lucene: 0.0221 s [100% add (1x)] (1x)
2017-06-22 11:44:12,428 [Persistence Events Processing Thread | u:p] INFO  TXLOGGER  - Summary: Total: 0.39 s, transactions: 6, persistence listener: 0.39 s [72% notificationsCreatingListener (1x), 28% WorkItemActivityCreator (1x)] (7x), resolve: 0.207 s [76% WorkItem (11x), 24% User (8x)] (20x), svn: 0.169 s [45% getFile content (7x), 28% getDir2 content (3x), 27% info (3x)] (16x), Lucene: 0.0223 s [99% add (1x)] (3x), ObjectMaps: 0.0204 s [43% getPrimaryObjectLocation (6x), 42% getPrimaryObjectProperty (6x)] (24x)
2017-06-22 11:44:12,485 [ajp-nio-8889-exec-6 | u:admin] INFO  TXLOGGER  - Tx 57339bf2d1875_0_57339bf2d1875_0_: finished. Total: 0.446 s, RepositoryConfigService: 0.226 s [92% getReadConfiguration (321x)] (353x), svn: 0.132 s [68% getFile content (10x), 22% info (4x)] (17x)
2017-06-22 11:44:12,602 [ajp-nio-8889-exec-6 | u:admin] INFO  TXLOGGER  - Summary for 'WorkItemDataService.saveWorkItem': Total: 1.65 s, transactions: 2, svn: 0.766 s [75% endActivity (1x), 14% getFile content (12x)] (27x), RepositoryConfigService: 0.244 s [93% getReadConfiguration (343x)] (378x), Lucene: 0.191 s [73% refresh (1x), 17% search (10x)] (12x)
2017-06-22 12:00:01,876 [Worker-1 | u:p] INFO  TXLOGGER  - Summary for 'job: update.plan.refresh.index': Total: 0.752 s, transactions: 0, resolve: 0.511 s [94% WorkItem (15x)] (167x), svn: 0.445 s [35% getDir2 content (16x), 33% getFile content (16x), 32% info (17x)] (50x), Lucene: 0.14 s [100% refresh (1x)] (2x), DB: 0.0464 s [75% update (181x), 24% execute (38x)] (220x)
2017-06-22 12:00:01,907 [Worker-0 | u:p] INFO  TXLOGGER  - Summary for 'job: update.plan': Total: 1.83 s, transactions: 10, resolve: 0.76 s [92% WorkItems (2x)] (96x), svn: 0.614 s [37% info (24x), 31% getDir2 content (19x), 31% getFile content (22x)] (77x)
