2017-06-22 18:03:06,669 [main | u:p] INFO  TXLOGGER  - Summary for 'Platform startup': transactions: 0, DB: 0.0488 s [55% query (13x), 44% update (126x)] (206x), svn: 0.0262 s [86% checkPath (1x)] (3x)
2017-06-22 18:03:06,900 [main | u:p] INFO  TXLOGGER  - Summary for 'Context recognition': transactions: 0, svn: 0.104 s [40% getDir2 content (2x), 36% info (3x), 24% getFile content (1x)] (6x)
2017-06-22 18:03:08,179 [LowLevelDataService-contextInitializer-2 | u:p] INFO  TXLOGGER  - Summary: Total: 1.27 s, transactions: 0, svn: 0.142 s [98% log2 (6x)] (8x)
2017-06-22 18:03:08,179 [LowLevelDataService-contextInitializer-5 | u:p] INFO  TXLOGGER  - Summary: Total: 1.27 s, transactions: 0, svn: 0.2 s [38% log (1x), 34% log2 (5x), 18% info (4x)] (15x)
2017-06-22 18:03:08,179 [LowLevelDataService-contextInitializer-3 | u:p] INFO  TXLOGGER  - Summary: Total: 1.27 s, transactions: 0, ObjectMaps: 0.258 s [100% getAllPrimaryObjects (1x)] (7x)
2017-06-22 18:03:08,179 [LowLevelDataService-contextInitializer-1 | u:p] INFO  TXLOGGER  - Summary: Total: 1.28 s, transactions: 0, svn: 0.0766 s [97% log2 (5x)] (6x)
2017-06-22 18:03:08,179 [LowLevelDataService-contextInitializer-4 | u:p] INFO  TXLOGGER  - Summary: Total: 1.27 s, transactions: 0, svn: 0.146 s [98% log2 (10x)] (12x), ObjectMaps: 0.065 s [97% getAllPrimaryObjects (2x)] (20x)
2017-06-22 18:03:08,181 [main | u:p] INFO  TXLOGGER  - Summary for 'Context initialization': transactions: 0, svn: 0.607 s [77% log2 (31x), 12% log (1x)] (47x), ObjectMaps: 0.404 s [99% getAllPrimaryObjects (7x)] (55x)
2017-06-22 18:03:08,513 [main | u:p] INFO  TXLOGGER  - Summary for 'Revisions processing': transactions: 14, RepositoryConfigService: 0.215 s [100% getReadConfiguration (42x)] (42x), svn: 0.124 s [89% info (15x)] (32x)
2017-06-22 18:03:09,235 [main | u:p] INFO  TXLOGGER  - Summary for 'Build artifacts recognition': transactions: 40, svn: 0.575 s [85% info (78x)] (131x), RepositoryConfigService: 0.477 s [100% getReadConfiguration (80x)] (80x)
2017-06-22 18:03:09,927 [main | u:p] INFO  TXLOGGER  - Summary for 'Data indexing': transactions: 0, Lucene: 0.298 s [100% refresh (2x)] (2x), DB: 0.0393 s [64% update (38x), 16% query (17x), 15% execute (12x)] (103x), SubterraURITable: 0.0256 s [100% addIfNotExistsDB (17x)] (17x)
2017-06-22 18:03:45,037 [main] INFO  TXLOGGER  - Summary for 'Polarion startup': transactions: 1, svn: 0.327 s [80% info (47x)] (66x), RepositoryConfigService: 0.0384 s [100% getReadConfiguration (2x)] (2x)
2017-06-22 18:03:45,145 [Persistence Events Processing Thread | u:p] INFO  TXLOGGER  - Summary: Total: 0.104 s, transactions: 6, persistence listener: 0.103 s [92% notificationsCreatingListener (1x)] (7x)
2017-06-22 18:03:45,249 [Worker-0 | u:p | job: polarion.jobs.attachment.indexer] INFO  TXLOGGER  - Summary after AttachmentIndexer: transactions: 48, Lucene: 0.121 s [100% add (2x)] (2x), persistence listener: 0.106 s [91% notificationsCreatingListener (8x)] (56x), resolve: 0.0372 s [93% User (2x)] (5x), ObjectMaps: 0.00891 s [100% getPrimaryObjectLocation (2x)] (2x)
2017-06-22 18:03:45,858 [PreLoadDataService | u:p] INFO  TXLOGGER  - Tx 5733f2d215438_0_5733f2d215438_0_: finished. Total: 0.812 s, svn: 0.481 s [67% getDir2 content (25x), 33% getFile content (15x)] (43x), resolve: 0.32 s [53% TimePoint (5x), 47% Category (8x)] (13x), ObjectMaps: 0.0524 s [49% getPrimaryObjectLocation (13x), 31% getPrimaryObjectProperty (13x), 20% getLastPromoted (13x)] (55x)
2017-06-22 18:03:46,366 [PreLoadDataService | u:p] INFO  TXLOGGER  - Tx 5733f2d30d86a_0_5733f2d30d86a_0_: finished. Total: 0.328 s, svn: 0.205 s [61% getFile content (14x), 39% info (10x)] (25x), RepositoryConfigService: 0.155 s [80% getReadConfiguration (72x)] (74x), resolve: 0.138 s [100% User (8x)] (8x), ObjectMaps: 0.0241 s [51% getPrimaryObjectLocation (8x), 26% getPrimaryObjectProperty (8x), 24% getLastPromoted (8x)] (33x)
2017-06-22 18:03:46,509 [PreLoadDataService | u:p] INFO  TXLOGGER  - Tx 5733f2d35f86b_0_5733f2d35f86b_0_: finished. Total: 0.143 s, RepositoryConfigService: 0.119 s [99% getReadConfiguration (55x)] (78x), svn: 0.1 s [100% getFile content (13x)] (14x)
2017-06-22 18:03:47,014 [DBHistoryCreator-1 | u:p] INFO  TXLOGGER  - Summary: Total: 1.78 s, transactions: 0
2017-06-22 18:03:47,014 [DBHistoryCreator-2 | u:p] INFO  TXLOGGER  - Summary: Total: 1.78 s, transactions: 0
2017-06-22 18:03:47,014 [Worker-1 | u:p | job: polarion.jobs.db.history] INFO  TXLOGGER  - Summary after DBHistoryCreator: transactions: 0, Lucene: 0.0424 s [100% add (1x)] (1x)
2017-06-22 18:03:47,014 [Worker-1 | u:p] INFO  TXLOGGER  - Summary for 'job: polarion.jobs.db.history': Total: 1.79 s, transactions: 0, DB: 1.43 s [63% query (4097x), 23% update (4072x)] (20479x), SubterraURITable: 1.12 s [100% getDB (4071x)] (4071x)
2017-06-22 18:03:47,268 [PreLoadDataService | u:p] INFO  TXLOGGER  - Tx 5733f2d38346c_0_5733f2d38346c_0_: finished. Total: 0.759 s, svn: 0.687 s [70% getFile content (47x), 30% getDir2 content (17x)] (65x), RepositoryConfigService: 0.538 s [100% getReadConfiguration (164x)] (180x)
2017-06-22 18:03:47,623 [PreLoadDataService | u:p] INFO  TXLOGGER  - Tx 5733f2d44106d_0_5733f2d44106d_0_: finished. Total: 0.355 s, svn: 0.313 s [77% getFile content (35x), 23% getDir2 content (6x)] (42x), RepositoryConfigService: 0.274 s [99% getReadConfiguration (295x)] (370x)
2017-06-22 18:03:47,963 [PreLoadDataService | u:p] INFO  TXLOGGER  - Tx 5733f2d499c6e_0_5733f2d499c6e_0_: finished. Total: 0.339 s, svn: 0.306 s [54% getFile content (21x), 46% getDir2 content (17x)] (39x), RepositoryConfigService: 0.195 s [100% getReadConfiguration (88x)] (110x)
2017-06-22 18:03:48,093 [PreLoadDataService | u:p] INFO  TXLOGGER  - Tx 5733f2d4eec6f_0_5733f2d4eec6f_0_: finished. Total: 0.13 s, svn: 0.12 s [58% getDir2 content (11x), 42% getFile content (8x)] (20x), RepositoryConfigService: 0.057 s [99% getReadConfiguration (38x)] (54x)
2017-06-22 18:03:48,401 [PreLoadDataService | u:p] INFO  TXLOGGER  - Tx 5733f2d50f470_0_5733f2d50f470_0_: finished. Total: 0.309 s, svn: 0.277 s [61% getFile content (24x), 39% getDir2 content (12x)] (37x), RepositoryConfigService: 0.196 s [100% getReadConfiguration (87x)] (109x)
2017-06-22 18:03:48,402 [PreLoadDataService] INFO  TXLOGGER  - Summary for 'PreloadDataService': Total: 3.36 s, transactions: 9, svn: 2.57 s [60% getFile content (182x), 36% getDir2 content (90x)] (301x), RepositoryConfigService: 1.56 s [98% getReadConfiguration (801x)] (981x), resolve: 0.567 s [30% TimePoint (5x), 27% Category (8x), 24% User (8x)] (26x)
2017-06-22 18:03:48,402 [PreLoadDataService] INFO  TXLOGGER  - Summary after preload: transactions: 9, svn: 2.57 s [60% getFile content (182x), 36% getDir2 content (90x)] (301x), RepositoryConfigService: 1.56 s [98% getReadConfiguration (801x)] (981x), DB: 1.43 s [63% query (4097x), 23% update (4072x)] (20479x), SubterraURITable: 1.12 s [100% getDB (4071x)] (4071x), resolve: 0.567 s [30% TimePoint (5x), 27% Category (8x), 24% User (9x)] (27x)
2017-06-22 18:04:06,049 [ajp-nio-8889-exec-5 | u:admin] INFO  TXLOGGER  - Summary for 'WorkItemDataService.saveWorkItem': Total: 0.139 s, transactions: 2, resolve: 0.0927 s [100% WorkItem (2x)] (2x), svn: 0.0564 s [52% info (3x), 24% getFile content (1x), 22% getDir2 content (1x)] (8x), calculatedFieldsContributor: 0.0191 s [100% fields (1x)] (1x), RepositoryConfigService: 0.0182 s [88% getExistingPrefixes (1x)] (5x), derivedLinkedRevisionsContributor: 0.0172 s [100% fields (1x)] (1x), Lucene: 0.0141 s [100% search (1x)] (1x), permissions: 0.0128 s [100% readInstance (2x)] (2x)
