2017-06-26 14:55:39,252 [main | u:p] INFO  TXLOGGER  - Summary for 'Platform startup': transactions: 0, DB: 0.0395 s [50% query (13x), 49% update (126x)] (206x), svn: 0.0226 s [87% checkPath (1x)] (3x)
2017-06-26 14:55:39,441 [main | u:p] INFO  TXLOGGER  - Summary for 'Context recognition': transactions: 0, svn: 0.075 s [35% getDir2 content (2x), 34% info (3x), 31% getFile content (1x)] (6x)
2017-06-26 14:55:40,694 [LowLevelDataService-contextInitializer-1 | u:p] INFO  TXLOGGER  - Summary: Total: 1.25 s, transactions: 0
2017-06-26 14:55:40,695 [LowLevelDataService-contextInitializer-3 | u:p] INFO  TXLOGGER  - Summary: Total: 1.25 s, transactions: 0, ObjectMaps: 0.256 s [100% getAllPrimaryObjects (1x)] (7x)
2017-06-26 14:55:40,695 [LowLevelDataService-contextInitializer-5 | u:p] INFO  TXLOGGER  - Summary: Total: 1.25 s, transactions: 0, svn: 0.177 s [32% log (1x), 31% log2 (5x), 21% info (5x)] (17x)
2017-06-26 14:55:40,695 [LowLevelDataService-contextInitializer-2 | u:p] INFO  TXLOGGER  - Summary: Total: 1.25 s, transactions: 0, svn: 0.142 s [96% log2 (11x)] (14x)
2017-06-26 14:55:40,695 [LowLevelDataService-contextInitializer-4 | u:p] INFO  TXLOGGER  - Summary: Total: 1.25 s, transactions: 0, svn: 0.145 s [95% log2 (10x)] (12x)
2017-06-26 14:55:40,696 [main | u:p] INFO  TXLOGGER  - Summary for 'Context initialization': transactions: 0, svn: 0.541 s [74% log2 (36x), 11% log (1x)] (55x), ObjectMaps: 0.396 s [99% getAllPrimaryObjects (8x)] (68x)
2017-06-26 14:55:41,004 [main | u:p] INFO  TXLOGGER  - Summary for 'Revisions processing': transactions: 16, RepositoryConfigService: 0.202 s [100% getReadConfiguration (48x)] (48x), svn: 0.108 s [89% info (17x)] (36x)
2017-06-26 14:55:41,718 [main | u:p] INFO  TXLOGGER  - Summary for 'Build artifacts recognition': transactions: 45, svn: 0.549 s [86% info (87x)] (145x), RepositoryConfigService: 0.457 s [100% getReadConfiguration (90x)] (90x)
2017-06-26 14:55:42,359 [main | u:p] INFO  TXLOGGER  - Summary for 'Data indexing': transactions: 0, Lucene: 0.264 s [100% refresh (2x)] (2x), SubterraURITable: 0.0241 s [100% addIfNotExistsDB (19x)] (19x), DB: 0.0236 s [49% update (42x), 22% query (19x), 21% execute (13x)] (114x)
2017-06-26 14:56:16,850 [main] INFO  TXLOGGER  - Summary for 'Polarion startup': transactions: 1, svn: 0.294 s [81% info (48x)] (67x), RepositoryConfigService: 0.0239 s [100% getReadConfiguration (2x)] (2x)
2017-06-26 14:56:16,959 [Persistence Events Processing Thread | u:p] INFO  TXLOGGER  - Summary: Total: 0.104 s, transactions: 6, persistence listener: 0.103 s [92% notificationsCreatingListener (1x)] (7x)
2017-06-26 14:56:17,030 [Worker-0 | u:p | job: polarion.jobs.attachment.indexer] INFO  TXLOGGER  - Summary after AttachmentIndexer: transactions: 54, persistence listener: 0.106 s [90% notificationsCreatingListener (9x)] (63x), Lucene: 0.069 s [100% add (2x)] (2x), resolve: 0.0415 s [93% User (2x)] (5x), ObjectMaps: 0.0127 s [100% getPrimaryObjectLocation (2x)] (2x)
2017-06-26 14:56:17,616 [PreLoadDataService | u:p] INFO  TXLOGGER  - Tx 5738ee4586c3f_0_5738ee4586c3f_0_: finished. Total: 0.757 s, svn: 0.413 s [59% getDir2 content (25x), 40% getFile content (15x)] (43x), resolve: 0.36 s [50% Category (8x), 50% TimePoint (5x)] (13x), ObjectMaps: 0.0525 s [50% getPrimaryObjectLocation (13x), 30% getPrimaryObjectProperty (13x), 20% getLastPromoted (13x)] (55x), Lucene: 0.0485 s [100% search (2x)] (2x)
2017-06-26 14:56:18,178 [PreLoadDataService | u:p] INFO  TXLOGGER  - Tx 5738ee4674477_0_5738ee4674477_0_: finished. Total: 0.368 s, svn: 0.193 s [59% getFile content (16x), 40% info (12x)] (30x), resolve: 0.179 s [100% User (9x)] (9x), RepositoryConfigService: 0.142 s [83% getReadConfiguration (90x)] (92x), ObjectMaps: 0.0242 s [40% getPrimaryObjectLocation (9x), 34% getPrimaryObjectProperty (9x), 25% getLastPromoted (9x)] (37x)
2017-06-26 14:56:18,317 [PreLoadDataService | u:p] INFO  TXLOGGER  - Tx 5738ee46d0878_0_5738ee46d0878_0_: finished. Total: 0.139 s, RepositoryConfigService: 0.114 s [99% getReadConfiguration (55x)] (78x), svn: 0.0947 s [100% getFile content (13x)] (14x)
2017-06-26 14:56:18,571 [DBHistoryCreator-2 | u:p] INFO  TXLOGGER  - Summary: Total: 1.51 s, transactions: 0
2017-06-26 14:56:18,572 [DBHistoryCreator-1 | u:p] INFO  TXLOGGER  - Summary: Total: 1.51 s, transactions: 0
2017-06-26 14:56:18,572 [Worker-1 | u:p | job: polarion.jobs.db.history] INFO  TXLOGGER  - Summary after DBHistoryCreator: transactions: 0, Lucene: 0.0209 s [100% add (1x)] (1x), DB: 0.00133 s [70% update (2x), 30% commit (2x)] (4x)
2017-06-26 14:56:18,572 [Worker-1 | u:p] INFO  TXLOGGER  - Summary for 'job: polarion.jobs.db.history': Total: 1.55 s, transactions: 0, SubterraURITable: 1.23 s [100% getDB (4202x)] (4202x), DB: 1.15 s [51% query (4228x), 31% update (4203x)] (21191x)
2017-06-26 14:56:19,205 [PreLoadDataService | u:p] INFO  TXLOGGER  - Tx 5738ee46f3479_0_5738ee46f3479_0_: finished. Total: 0.889 s, svn: 0.797 s [71% getFile content (47x), 29% getDir2 content (17x)] (65x), RepositoryConfigService: 0.643 s [100% getReadConfiguration (179x)] (198x)
2017-06-26 14:56:19,445 [PreLoadDataService | u:p] INFO  TXLOGGER  - Tx 5738ee47d147a_0_5738ee47d147a_0_: finished. Total: 0.24 s, svn: 0.2 s [83% getFile content (37x)] (44x), RepositoryConfigService: 0.196 s [99% getReadConfiguration (308x)] (386x)
2017-06-26 14:56:19,729 [PreLoadDataService | u:p] INFO  TXLOGGER  - Tx 5738ee480d47b_0_5738ee480d47b_0_: finished. Total: 0.283 s, svn: 0.239 s [83% getFile content (34x)] (41x), RepositoryConfigService: 0.238 s [99% getReadConfiguration (295x)] (353x)
2017-06-26 14:56:20,081 [PreLoadDataService | u:p] INFO  TXLOGGER  - Tx 5738ee485447c_0_5738ee485447c_0_: finished. Total: 0.352 s, svn: 0.31 s [55% getFile content (21x), 45% getDir2 content (17x)] (39x), RepositoryConfigService: 0.208 s [100% getReadConfiguration (88x)] (110x)
2017-06-26 14:56:20,403 [PreLoadDataService | u:p] INFO  TXLOGGER  - Tx 5738ee48c407e_0_5738ee48c407e_0_: finished. Total: 0.227 s, svn: 0.208 s [57% getFile content (24x), 43% getDir2 content (12x)] (37x), RepositoryConfigService: 0.134 s [99% getReadConfiguration (87x)] (109x)
2017-06-26 14:56:20,403 [PreLoadDataService] INFO  TXLOGGER  - Summary for 'PreloadDataService': Total: 3.55 s, transactions: 10, svn: 2.62 s [64% getFile content (221x), 32% getDir2 content (96x)] (352x), RepositoryConfigService: 1.74 s [98% getReadConfiguration (1142x)] (1386x), resolve: 0.679 s [27% Category (8x), 26% User (9x), 26% TimePoint (5x), 21% Project (6x)] (28x)
2017-06-26 14:56:20,403 [PreLoadDataService] INFO  TXLOGGER  - Summary after preload: transactions: 10, svn: 2.62 s [64% getFile content (221x), 32% getDir2 content (96x)] (352x), RepositoryConfigService: 1.74 s [98% getReadConfiguration (1142x)] (1386x), SubterraURITable: 1.23 s [100% getDB (4202x)] (4202x), DB: 1.15 s [51% query (4228x), 31% update (4203x)] (21191x), resolve: 0.679 s [27% Category (8x), 26% User (10x), 26% TimePoint (5x), 21% Project (6x)] (29x)
2017-06-26 14:56:32,070 [ajp-nio-8889-exec-5 | u:admin] INFO  TXLOGGER  - Tx 5738ee53cc07f_0_5738ee53cc07f_0_: finished. Total: 0.598 s, RepositoryConfigService: 0.173 s [89% getReadConfiguration (316x)] (342x), svn: 0.124 s [61% getFile content (12x), 26% info (7x)] (24x), resolve: 0.0693 s [99% WorkItem (2x)] (16x), Lucene: 0.0324 s [100% search (12x)] (12x)
2017-06-26 14:56:32,178 [ajp-nio-8889-exec-5 | u:admin] INFO  TXLOGGER  - Summary for 'WorkItemDataService.loadWorkitem': Total: 0.708 s, transactions: 1, RepositoryConfigService: 0.173 s [89% getReadConfiguration (316x)] (342x), svn: 0.124 s [61% getFile content (12x), 26% info (7x)] (24x), resolve: 0.0693 s [99% WorkItem (2x)] (16x)
2017-06-26 14:56:35,208 [ajp-nio-8889-exec-6 | u:admin] INFO  TXLOGGER  - Summary for 'WorkItemDataService.getWorkitemTemplate': Total: 0.102 s, transactions: 1, RepositoryConfigService: 0.0143 s [100% getReadConfiguration (658x)] (673x), svn: 0.0107 s [100% getFile content (1x)] (2x)
2017-06-26 14:56:46,039 [ajp-nio-8889-exec-10 | u:admin] INFO  TXLOGGER  - Tx 5738ee6126081_0_5738ee6126081_0_: finished. Total: 0.895 s, svn: 0.662 s [94% endActivity (1x)] (14x), Lucene: 0.052 s [99% add (2x)] (4x), processed revs: [210, 210 (delay 0s)], write: true
2017-06-26 14:56:46,166 [ajp-nio-8889-exec-10 | u:admin] INFO  TXLOGGER  - Tx 5738ee6206083_0_5738ee6206083_0_: finished. Total: 0.126 s, resolve: 0.0429 s [97% WorkItem (1x)] (15x), ObjectMaps: 0.041 s [72% getPrimaryObjectLocations (10x), 12% getPrimaryObjectLocation (1x)] (14x), svn: 0.0263 s [36% getFile content (1x), 31% getDir2 content (1x), 29% info (1x)] (5x), Lucene: 0.0102 s [100% search (6x)] (6x)
2017-06-26 14:56:46,174 [ajp-nio-8889-exec-10 | u:admin] INFO  TXLOGGER  - Summary for 'WorkItemDataService.saveWorkItem': Total: 1.04 s, transactions: 2, svn: 0.688 s [91% endActivity (1x)] (19x), resolve: 0.064 s [97% WorkItem (5x)] (26x), Lucene: 0.0622 s [83% add (2x)] (10x), ObjectMaps: 0.0604 s [49% getPrimaryObjectLocations (12x), 13% setLastProcessedRevision (8x), 10% getPrimaryObjectLocation (6x), 10% getLastPromoted (6x)] (92x)
2017-06-26 14:56:46,206 [Persistence Events Processing Thread | u:p] INFO  TXLOGGER  - Tx 5738ee6205c82_0_5738ee6205c82_0_: finished. Total: 0.167 s, resolve: 0.05 s [67% WorkItem (2x), 33% User (4x)] (6x), svn: 0.0432 s [61% getFile content (3x), 21% getDir2 content (1x)] (6x), RepositoryConfigService: 0.0117 s [100% getReadConfiguration (9x)] (10x), ObjectMaps: 0.0115 s [53% getLastPromoted (2x), 32% getPrimaryObjectLocation (2x)] (8x)
2017-06-26 14:56:46,352 [Persistence Events Processing Thread | u:p] INFO  TXLOGGER  - Tx 5738ee622f884_0_5738ee622f884_0_: finished. Total: 0.145 s, RepositoryConfigService: 0.0695 s [100% getReadConfiguration (12x)] (13x), svn: 0.035 s [51% getFile content (2x), 25% info (1x), 20% getDir2 content (1x)] (6x), resolve: 0.031 s [99% WorkItem (3x)] (5x), Lucene: 0.025 s [100% add (1x)] (1x)
2017-06-26 14:56:46,353 [Persistence Events Processing Thread | u:p] INFO  TXLOGGER  - Summary: Total: 0.313 s, transactions: 6, persistence listener: 0.313 s [53% notificationsCreatingListener (1x), 46% WorkItemActivityCreator (1x)] (7x), RepositoryConfigService: 0.0812 s [100% getReadConfiguration (21x)] (23x), resolve: 0.081 s [80% WorkItem (5x), 20% User (5x)] (11x), svn: 0.0781 s [56% getFile content (5x), 21% info (2x), 20% getDir2 content (2x)] (12x), Lucene: 0.025 s [100% add (1x)] (1x), ObjectMaps: 0.0163 s [43% getLastPromoted (3x), 42% getPrimaryObjectLocation (3x)] (12x)
2017-06-26 14:56:51,989 [ajp-nio-8889-exec-5 | u:admin] INFO  TXLOGGER  - Tx 5738ee662c891_0_5738ee662c891_0_: finished. Total: 1.7 s, svn: 1.59 s [98% endActivity (1x)] (9x), processed revs: [211, 211 (delay 1s)], write: true
2017-06-26 14:56:52,058 [ajp-nio-8889-exec-5 | u:admin] INFO  TXLOGGER  - Summary for 'WorkItemDataService.saveWorkItem': Total: 1.77 s, transactions: 2, svn: 1.59 s [98% endActivity (1x)] (9x)
2017-06-26 14:56:52,155 [Persistence Events Processing Thread | u:p] INFO  TXLOGGER  - Tx 5738ee67d5492_0_5738ee67d5492_0_: finished. Total: 0.166 s, resolve: 0.13 s [81% WorkItem (8x)] (15x), svn: 0.096 s [35% getDir2 content (2x), 33% getFile content (3x), 32% info (2x)] (8x), ObjectMaps: 0.0275 s [39% getPrimaryObjectLocation (3x), 36% getPrimaryObjectProperty (3x), 26% getLastPromoted (3x)] (12x)
2017-06-26 14:56:52,241 [Persistence Events Processing Thread | u:p] INFO  TXLOGGER  - Summary: Total: 0.253 s, transactions: 6, persistence listener: 0.253 s [66% notificationsCreatingListener (1x), 34% WorkItemActivityCreator (1x)] (7x), resolve: 0.167 s [85% WorkItem (11x)] (20x), svn: 0.128 s [33% getFile content (4x), 33% getDir2 content (3x), 32% info (3x)] (13x), ObjectMaps: 0.0324 s [42% getPrimaryObjectLocation (4x), 34% getPrimaryObjectProperty (4x), 24% getLastPromoted (4x)] (16x), Lucene: 0.0301 s [100% add (1x)] (1x)
2017-06-26 14:57:03,054 [ajp-nio-8889-exec-10 | u:admin] INFO  TXLOGGER  - Summary for 'DebugService.deObfuscateStackTrace': Total: 0.108 s, transactions: 0
2017-06-26 15:00:02,055 [Worker-1 | u:p] INFO  TXLOGGER  - Summary for 'job: update.plan.refresh.index': Total: 0.83 s, transactions: 0, resolve: 0.589 s [95% WorkItem (15x)] (167x), svn: 0.508 s [36% getFile content (16x), 32% getDir2 content (16x), 32% info (17x)] (50x), Lucene: 0.168 s [100% refresh (1x)] (2x), DB: 0.0563 s [81% update (181x)] (220x)
2017-06-26 15:00:02,086 [Worker-0 | u:p] INFO  TXLOGGER  - Summary for 'job: update.plan': Total: 2.01 s, transactions: 13, resolve: 0.794 s [92% WorkItems (2x)] (96x), svn: 0.703 s [37% getFile content (22x), 34% info (26x), 28% getDir2 content (19x)] (82x), RepositoryConfigService: 0.131 s [73% getReadConfiguration (798x), 27% getExistingPrefixes (34x)] (834x)
