2017-06-22 13:40:42,575 [main] INFO  com.polarion.platform.startup  - ****************************************************************
2017-06-22 13:40:42,575 [main] INFO  com.polarion.platform.startup  -                 Polarion starting, please wait!                 
2017-06-22 13:40:42,575 [main] INFO  com.polarion.platform.startup  - ****************************************************************
2017-06-22 13:40:42,575 [main] INFO  com.polarion.platform.startup  - Server start mode: normal
2017-06-22 13:40:42,575 [main] INFO  com.polarion.platform.startup  - ------------------------------
2017-06-22 13:40:42,576 [main] INFO  com.polarion.platform.startup  - Platform startup (Phase: 1/9)
2017-06-22 13:40:47,049 [main] INFO  com.polarion.platform.startup  - Opening historical database...
2017-06-22 13:40:47,191 [main] INFO  com.polarion.platform.startup  - Opening of historical database finished [ TIME 0.141 s. ]
2017-06-22 13:40:47,191 [main] INFO  com.polarion.platform.startup  - Opening head database...
2017-06-22 13:40:47,250 [main] INFO  com.polarion.platform.startup  - Opening of head database finished [ TIME 0.0588 s. ]
2017-06-22 13:40:47,450 [main | u:p] INFO  com.polarion.platform.startup  -  -- Polarion startup estimation:  [ TIME 46 s. ]
2017-06-22 13:40:47,607 [main | u:p] INFO  com.polarion.platform.startup  - Platform startup ... took  [ TIME 5.04 s. ]
2017-06-22 13:40:47,774 [main | u:p] INFO  com.polarion.platform.startup  - ------------------------------
2017-06-22 13:40:47,774 [main | u:p] INFO  com.polarion.platform.startup  - Context recognition (Phase: 2/9)
2017-06-22 13:40:47,816 [main | u:p] INFO  com.polarion.platform.startup  - Context recognition ... took  [ TIME 0.21 s. ]
2017-06-22 13:40:47,817 [main | u:p] INFO  com.polarion.platform.startup  - ------------------------------
2017-06-22 13:40:47,817 [main | u:p] INFO  com.polarion.platform.startup  - Context initialization (Phase: 3/9)
2017-06-22 13:40:47,820 [LowLevelDataService-contextInitializer-5 | u:p | context: library] INFO  com.polarion.platform.startup  -  -- Initializing context: library (2/8)
2017-06-22 13:40:47,820 [LowLevelDataService-contextInitializer-4 | u:p | context: --Demo Projects] INFO  com.polarion.platform.startup  -  -- Initializing context: --Demo Projects (4/8)
2017-06-22 13:40:47,820 [LowLevelDataService-contextInitializer-2 | u:p | cluster: default] INFO  com.polarion.platform.startup  -  -- Initializing cluster: default (5/8)
2017-06-22 13:40:47,820 [LowLevelDataService-contextInitializer-1 | u:p | context: [GLOBAL]] INFO  com.polarion.platform.startup  -  -- Initializing context: [GLOBAL] (1/8)
2017-06-22 13:40:47,820 [LowLevelDataService-contextInitializer-3 | u:p | context: MyPolarion] INFO  com.polarion.platform.startup  -  -- Initializing context: MyPolarion (3/8)
2017-06-22 13:40:47,824 [LowLevelDataService-contextInitializer-1 | u:p | context: CAPA] INFO  com.polarion.platform.startup  -  -- Initializing context: CAPA (6/8)
2017-06-22 13:40:47,925 [LowLevelDataService-contextInitializer-2 | u:p | context: elibrary] INFO  com.polarion.platform.startup  -  -- Initializing context: elibrary (7/8)
2017-06-22 13:40:48,026 [LowLevelDataService-contextInitializer-4 | u:p | context: drivepilot] INFO  com.polarion.platform.startup  -  -- Initializing context: drivepilot (8/8)
2017-06-22 13:40:49,083 [main | u:p] INFO  com.polarion.platform.startup  - Context initialization ... took  [ TIME 1.27 s. ]
2017-06-22 13:40:49,091 [main | u:p] INFO  com.polarion.platform.startup  - ------------------------------
2017-06-22 13:40:49,091 [main | u:p] INFO  com.polarion.platform.startup  - Revisions processing (Phase: 4/9)
2017-06-22 13:40:49,372 [main | u:p] INFO  com.polarion.platform.startup  -  -- Processing new revisions from repository default in context ContextId[context [global]]
2017-06-22 13:40:49,383 [main | u:p] INFO  com.polarion.platform.startup  - Revisions processing ... took  [ TIME 0.3 s. ]
2017-06-22 13:40:49,439 [main | u:p] INFO  com.polarion.platform.startup  - ------------------------------
2017-06-22 13:40:49,440 [main | u:p] INFO  com.polarion.platform.startup  - Build artifacts recognition (Phase: 5/9)
2017-06-22 13:40:49,451 [main | u:p] INFO  com.polarion.platform.startup  -  -- Processing build artifacts from context: [GLOBAL] (1/8)
2017-06-22 13:40:49,619 [main | u:p] INFO  com.polarion.platform.startup  -  -- Processing build artifacts from cluster: default (2/8)
2017-06-22 13:40:49,679 [main | u:p] INFO  com.polarion.platform.startup  -  -- Processing build artifacts from context: MyPolarion (3/8)
2017-06-22 13:40:49,736 [main | u:p] INFO  com.polarion.platform.startup  -  -- Processing build artifacts from context: --Demo Projects (4/8)
2017-06-22 13:40:49,816 [main | u:p] INFO  com.polarion.platform.startup  -  -- Processing build artifacts from context: library (5/8)
2017-06-22 13:40:49,889 [main | u:p] INFO  com.polarion.platform.startup  -  -- Processing build artifacts from context: CAPA (6/8)
2017-06-22 13:40:50,030 [main | u:p] INFO  com.polarion.platform.startup  -  -- Processing build artifacts from context: elibrary (7/8)
2017-06-22 13:40:50,149 [main | u:p] INFO  com.polarion.platform.startup  -  -- Processing build artifacts from context: drivepilot (8/8)
2017-06-22 13:40:50,149 [main | u:p] INFO  com.polarion.platform.startup  - Build artifacts recognition ... took  [ TIME 0.77 s. ]
2017-06-22 13:40:50,150 [main | u:p] INFO  com.polarion.platform.startup  - ------------------------------
2017-06-22 13:40:50,150 [main | u:p] INFO  com.polarion.platform.startup  - BIR inspection (Phase: 6/9)
2017-06-22 13:40:50,201 [main | u:p] INFO  com.polarion.platform.startup  - BIR inspection ... took  [ TIME 0.05 s. ]
2017-06-22 13:40:50,224 [main | u:p] INFO  com.polarion.platform.startup  - ------------------------------
2017-06-22 13:40:50,224 [main | u:p] INFO  com.polarion.platform.startup  - Data indexing (Phase: 7/9)
2017-06-22 13:40:50,423 [main | u:p] INFO  com.polarion.platform.startup  -  -- Refreshing 9 objects in index: BuildArtifact
2017-06-22 13:40:50,438 [main | u:p] INFO  com.polarion.platform.startup  -  -- -- 9 from 9 objects were refreshed (100%)
2017-06-22 13:40:50,768 [main | u:p] INFO  com.polarion.platform.startup  -  -- Refreshing 1 objects in index: Revision
2017-06-22 13:40:50,769 [main | u:p] INFO  com.polarion.platform.startup  -  -- -- 1 from 1 objects were refreshed (100%)
2017-06-22 13:40:50,868 [main | u:p] INFO  com.polarion.platform.startup  - Data indexing ... took  [ TIME 0.67 s. ]
2017-06-22 13:40:50,869 [main | u:p] INFO  com.polarion.platform.startup  - ------------------------------
2017-06-22 13:40:50,869 [main | u:p] INFO  com.polarion.platform.startup  - Fields recalculation (Phase: 8/9)
2017-06-22 13:40:50,895 [main | u:p] INFO  com.polarion.platform.startup  - Fields recalculation ... took  [ TIME 0.03 s. ]
2017-06-22 13:40:50,895 [main | u:p] INFO  com.polarion.platform.startup  - ------------------------------
2017-06-22 13:40:50,895 [main | u:p] INFO  com.polarion.platform.startup  - Polarion startup (Phase: 9/9)
2017-06-22 13:41:27,114 [main] INFO  com.polarion.platform.startup  - Polarion startup ... took  [ TIME 36.22 s. ]
2017-06-22 13:41:27,115 [main] INFO  com.polarion.platform.startup  - ****************************************************************
2017-06-22 13:41:27,115 [main] INFO  com.polarion.platform.startup  -                  Polarion started:  [ TIME 44.5 s. ]
2017-06-22 13:41:27,115 [main] INFO  com.polarion.platform.startup  - ****************************************************************
