2017-06-22 16:42:48,788 [main] INFO  com.polarion.platform.startup  - ****************************************************************
2017-06-22 16:42:48,788 [main] INFO  com.polarion.platform.startup  -                 Polarion starting, please wait!                 
2017-06-22 16:42:48,788 [main] INFO  com.polarion.platform.startup  - ****************************************************************
2017-06-22 16:42:48,788 [main] INFO  com.polarion.platform.startup  - Server start mode: normal
2017-06-22 16:42:48,789 [main] INFO  com.polarion.platform.startup  - ------------------------------
2017-06-22 16:42:48,789 [main] INFO  com.polarion.platform.startup  - Platform startup (Phase: 1/9)
2017-06-22 16:42:53,243 [main] INFO  com.polarion.platform.startup  - Opening historical database...
2017-06-22 16:42:53,385 [main] INFO  com.polarion.platform.startup  - Opening of historical database finished [ TIME 0.143 s. ]
2017-06-22 16:42:53,385 [main] INFO  com.polarion.platform.startup  - Opening head database...
2017-06-22 16:42:53,447 [main] INFO  com.polarion.platform.startup  - Opening of head database finished [ TIME 0.0623 s. ]
2017-06-22 16:42:53,679 [main | u:p] INFO  com.polarion.platform.startup  -  -- Polarion startup estimation:  [ TIME 46 s. ]
2017-06-22 16:42:53,817 [main | u:p] INFO  com.polarion.platform.startup  - Platform startup ... took  [ TIME 5.04 s. ]
2017-06-22 16:42:53,968 [main | u:p] INFO  com.polarion.platform.startup  - ------------------------------
2017-06-22 16:42:53,968 [main | u:p] INFO  com.polarion.platform.startup  - Context recognition (Phase: 2/9)
2017-06-22 16:42:54,003 [main | u:p] INFO  com.polarion.platform.startup  - Context recognition ... took  [ TIME 0.19 s. ]
2017-06-22 16:42:54,004 [main | u:p] INFO  com.polarion.platform.startup  - ------------------------------
2017-06-22 16:42:54,004 [main | u:p] INFO  com.polarion.platform.startup  - Context initialization (Phase: 3/9)
2017-06-22 16:42:54,008 [LowLevelDataService-contextInitializer-3 | u:p | context: MyPolarion] INFO  com.polarion.platform.startup  -  -- Initializing context: MyPolarion (1/8)
2017-06-22 16:42:54,008 [LowLevelDataService-contextInitializer-2 | u:p | cluster: default] INFO  com.polarion.platform.startup  -  -- Initializing cluster: default (3/8)
2017-06-22 16:42:54,008 [LowLevelDataService-contextInitializer-5 | u:p | context: library] INFO  com.polarion.platform.startup  -  -- Initializing context: library (2/8)
2017-06-22 16:42:54,009 [LowLevelDataService-contextInitializer-4 | u:p | context: --Demo Projects] INFO  com.polarion.platform.startup  -  -- Initializing context: --Demo Projects (4/8)
2017-06-22 16:42:54,009 [LowLevelDataService-contextInitializer-1 | u:p | context: [GLOBAL]] INFO  com.polarion.platform.startup  -  -- Initializing context: [GLOBAL] (5/8)
2017-06-22 16:42:54,014 [LowLevelDataService-contextInitializer-1 | u:p | context: CAPA] INFO  com.polarion.platform.startup  -  -- Initializing context: CAPA (6/8)
2017-06-22 16:42:54,105 [LowLevelDataService-contextInitializer-2 | u:p | context: elibrary] INFO  com.polarion.platform.startup  -  -- Initializing context: elibrary (7/8)
2017-06-22 16:42:54,241 [LowLevelDataService-contextInitializer-4 | u:p | context: drivepilot] INFO  com.polarion.platform.startup  -  -- Initializing context: drivepilot (8/8)
2017-06-22 16:42:55,261 [main | u:p] INFO  com.polarion.platform.startup  - Context initialization ... took  [ TIME 1.26 s. ]
2017-06-22 16:42:55,271 [main | u:p] INFO  com.polarion.platform.startup  - ------------------------------
2017-06-22 16:42:55,271 [main | u:p] INFO  com.polarion.platform.startup  - Revisions processing (Phase: 4/9)
2017-06-22 16:42:55,541 [main | u:p] INFO  com.polarion.platform.startup  -  -- Processing new revisions from repository default in context ContextId[context [global]]
2017-06-22 16:42:55,551 [main | u:p] INFO  com.polarion.platform.startup  - Revisions processing ... took  [ TIME 0.29 s. ]
2017-06-22 16:42:55,603 [main | u:p] INFO  com.polarion.platform.startup  - ------------------------------
2017-06-22 16:42:55,603 [main | u:p] INFO  com.polarion.platform.startup  - Build artifacts recognition (Phase: 5/9)
2017-06-22 16:42:55,612 [main | u:p] INFO  com.polarion.platform.startup  -  -- Processing build artifacts from context: [GLOBAL] (1/8)
2017-06-22 16:42:55,736 [main | u:p] INFO  com.polarion.platform.startup  -  -- Processing build artifacts from cluster: default (2/8)
2017-06-22 16:42:55,776 [main | u:p] INFO  com.polarion.platform.startup  -  -- Processing build artifacts from context: MyPolarion (3/8)
2017-06-22 16:42:55,814 [main | u:p] INFO  com.polarion.platform.startup  -  -- Processing build artifacts from context: --Demo Projects (4/8)
2017-06-22 16:42:55,850 [main | u:p] INFO  com.polarion.platform.startup  -  -- Processing build artifacts from context: library (5/8)
2017-06-22 16:42:55,893 [main | u:p] INFO  com.polarion.platform.startup  -  -- Processing build artifacts from context: CAPA (6/8)
2017-06-22 16:42:56,010 [main | u:p] INFO  com.polarion.platform.startup  -  -- Processing build artifacts from context: elibrary (7/8)
2017-06-22 16:42:56,152 [main | u:p] INFO  com.polarion.platform.startup  -  -- Processing build artifacts from context: drivepilot (8/8)
2017-06-22 16:42:56,152 [main | u:p] INFO  com.polarion.platform.startup  - Build artifacts recognition ... took  [ TIME 0.6 s. ]
2017-06-22 16:42:56,152 [main | u:p] INFO  com.polarion.platform.startup  - ------------------------------
2017-06-22 16:42:56,152 [main | u:p] INFO  com.polarion.platform.startup  - BIR inspection (Phase: 6/9)
2017-06-22 16:42:56,194 [main | u:p] INFO  com.polarion.platform.startup  - BIR inspection ... took  [ TIME 0.04 s. ]
2017-06-22 16:42:56,218 [main | u:p] INFO  com.polarion.platform.startup  - ------------------------------
2017-06-22 16:42:56,219 [main | u:p] INFO  com.polarion.platform.startup  - Data indexing (Phase: 7/9)
2017-06-22 16:42:56,423 [main | u:p] INFO  com.polarion.platform.startup  -  -- Refreshing 9 objects in index: BuildArtifact
2017-06-22 16:42:56,439 [main | u:p] INFO  com.polarion.platform.startup  -  -- -- 9 from 9 objects were refreshed (100%)
2017-06-22 16:42:56,712 [main | u:p] INFO  com.polarion.platform.startup  -  -- Refreshing 1 objects in index: Revision
2017-06-22 16:42:56,713 [main | u:p] INFO  com.polarion.platform.startup  -  -- -- 1 from 1 objects were refreshed (100%)
2017-06-22 16:42:56,766 [main | u:p] INFO  com.polarion.platform.startup  - Data indexing ... took  [ TIME 0.57 s. ]
2017-06-22 16:42:56,767 [main | u:p] INFO  com.polarion.platform.startup  - ------------------------------
2017-06-22 16:42:56,767 [main | u:p] INFO  com.polarion.platform.startup  - Fields recalculation (Phase: 8/9)
2017-06-22 16:42:56,785 [main | u:p] INFO  com.polarion.platform.startup  - Fields recalculation ... took  [ TIME 0.02 s. ]
2017-06-22 16:42:56,785 [main | u:p] INFO  com.polarion.platform.startup  - ------------------------------
2017-06-22 16:42:56,786 [main | u:p] INFO  com.polarion.platform.startup  - Polarion startup (Phase: 9/9)
2017-06-22 16:43:32,706 [main] INFO  com.polarion.platform.startup  - Polarion startup ... took  [ TIME 35.92 s. ]
2017-06-22 16:43:32,706 [main] INFO  com.polarion.platform.startup  - ****************************************************************
2017-06-22 16:43:32,707 [main] INFO  com.polarion.platform.startup  -                  Polarion started:  [ TIME 43.9 s. ]
2017-06-22 16:43:32,707 [main] INFO  com.polarion.platform.startup  - ****************************************************************
