2017-06-23 11:31:41,901 [main] INFO  com.polarion.platform.startup  - ****************************************************************
2017-06-23 11:31:41,901 [main] INFO  com.polarion.platform.startup  -                 Polarion starting, please wait!                 
2017-06-23 11:31:41,901 [main] INFO  com.polarion.platform.startup  - ****************************************************************
2017-06-23 11:31:41,901 [main] INFO  com.polarion.platform.startup  - Server start mode: normal
2017-06-23 11:31:41,901 [main] INFO  com.polarion.platform.startup  - ------------------------------
2017-06-23 11:31:41,902 [main] INFO  com.polarion.platform.startup  - Platform startup (Phase: 1/9)
2017-06-23 11:31:48,579 [main] INFO  com.polarion.platform.startup  - Opening historical database...
2017-06-23 11:31:48,735 [main] INFO  com.polarion.platform.startup  - Opening of historical database finished [ TIME 0.155 s. ]
2017-06-23 11:31:48,735 [main] INFO  com.polarion.platform.startup  - Opening head database...
2017-06-23 11:31:48,812 [main] INFO  com.polarion.platform.startup  - Opening of head database finished [ TIME 0.0766 s. ]
2017-06-23 11:31:49,019 [main | u:p] INFO  com.polarion.platform.startup  -  -- Polarion startup estimation:  [ TIME 43 s. ]
2017-06-23 11:31:49,186 [main | u:p] INFO  com.polarion.platform.startup  - Platform startup ... took  [ TIME 7.3 s. ]
2017-06-23 11:31:49,378 [main | u:p] INFO  com.polarion.platform.startup  - ------------------------------
2017-06-23 11:31:49,378 [main | u:p] INFO  com.polarion.platform.startup  - Context recognition (Phase: 2/9)
2017-06-23 11:31:49,443 [main | u:p] INFO  com.polarion.platform.startup  - Context recognition ... took  [ TIME 0.26 s. ]
2017-06-23 11:31:49,447 [main | u:p] INFO  com.polarion.platform.startup  - ------------------------------
2017-06-23 11:31:49,447 [main | u:p] INFO  com.polarion.platform.startup  - Context initialization (Phase: 3/9)
2017-06-23 11:31:49,451 [LowLevelDataService-contextInitializer-3 | u:p | context: MyPolarion] INFO  com.polarion.platform.startup  -  -- Initializing context: MyPolarion (1/8)
2017-06-23 11:31:49,451 [LowLevelDataService-contextInitializer-5 | u:p | context: library] INFO  com.polarion.platform.startup  -  -- Initializing context: library (2/8)
2017-06-23 11:31:49,451 [LowLevelDataService-contextInitializer-2 | u:p | cluster: default] INFO  com.polarion.platform.startup  -  -- Initializing cluster: default (5/8)
2017-06-23 11:31:49,451 [LowLevelDataService-contextInitializer-1 | u:p | context: [GLOBAL]] INFO  com.polarion.platform.startup  -  -- Initializing context: [GLOBAL] (4/8)
2017-06-23 11:31:49,451 [LowLevelDataService-contextInitializer-4 | u:p | context: --Demo Projects] INFO  com.polarion.platform.startup  -  -- Initializing context: --Demo Projects (3/8)
2017-06-23 11:31:49,457 [LowLevelDataService-contextInitializer-1 | u:p | context: CAPA] INFO  com.polarion.platform.startup  -  -- Initializing context: CAPA (6/8)
2017-06-23 11:31:49,567 [LowLevelDataService-contextInitializer-2 | u:p | context: elibrary] INFO  com.polarion.platform.startup  -  -- Initializing context: elibrary (7/8)
2017-06-23 11:31:49,669 [LowLevelDataService-contextInitializer-4 | u:p | context: drivepilot] INFO  com.polarion.platform.startup  -  -- Initializing context: drivepilot (8/8)
2017-06-23 11:31:50,699 [main | u:p] INFO  com.polarion.platform.startup  - Context initialization ... took  [ TIME 1.26 s. ]
2017-06-23 11:31:50,710 [main | u:p] INFO  com.polarion.platform.startup  - ------------------------------
2017-06-23 11:31:50,710 [main | u:p] INFO  com.polarion.platform.startup  - Revisions processing (Phase: 4/9)
2017-06-23 11:31:51,015 [main | u:p] INFO  com.polarion.platform.startup  -  -- Processing new revisions from repository default in context ContextId[context [global]]
2017-06-23 11:31:51,025 [main | u:p] INFO  com.polarion.platform.startup  - Revisions processing ... took  [ TIME 0.33 s. ]
2017-06-23 11:31:51,081 [main | u:p] INFO  com.polarion.platform.startup  - ------------------------------
2017-06-23 11:31:51,081 [main | u:p] INFO  com.polarion.platform.startup  - Build artifacts recognition (Phase: 5/9)
2017-06-23 11:31:51,091 [main | u:p] INFO  com.polarion.platform.startup  -  -- Processing build artifacts from context: [GLOBAL] (1/8)
2017-06-23 11:31:51,232 [main | u:p] INFO  com.polarion.platform.startup  -  -- Processing build artifacts from cluster: default (2/8)
2017-06-23 11:31:51,296 [main | u:p] INFO  com.polarion.platform.startup  -  -- Processing build artifacts from context: MyPolarion (3/8)
2017-06-23 11:31:51,341 [main | u:p] INFO  com.polarion.platform.startup  -  -- Processing build artifacts from context: --Demo Projects (4/8)
2017-06-23 11:31:51,388 [main | u:p] INFO  com.polarion.platform.startup  -  -- Processing build artifacts from context: library (5/8)
2017-06-23 11:31:51,438 [main | u:p] INFO  com.polarion.platform.startup  -  -- Processing build artifacts from context: CAPA (6/8)
2017-06-23 11:31:51,596 [main | u:p] INFO  com.polarion.platform.startup  -  -- Processing build artifacts from context: elibrary (7/8)
2017-06-23 11:31:51,742 [main | u:p] INFO  com.polarion.platform.startup  -  -- Processing build artifacts from context: drivepilot (8/8)
2017-06-23 11:31:51,742 [main | u:p] INFO  com.polarion.platform.startup  - Build artifacts recognition ... took  [ TIME 0.72 s. ]
2017-06-23 11:31:51,743 [main | u:p] INFO  com.polarion.platform.startup  - ------------------------------
2017-06-23 11:31:51,743 [main | u:p] INFO  com.polarion.platform.startup  - BIR inspection (Phase: 6/9)
2017-06-23 11:31:51,791 [main | u:p] INFO  com.polarion.platform.startup  - BIR inspection ... took  [ TIME 0.05 s. ]
2017-06-23 11:31:51,791 [main | u:p] INFO  com.polarion.platform.startup  - ------------------------------
2017-06-23 11:31:51,791 [main | u:p] INFO  com.polarion.platform.startup  - Data indexing (Phase: 7/9)
2017-06-23 11:31:52,004 [main | u:p] INFO  com.polarion.platform.startup  -  -- Refreshing 1 objects in index: Revision
2017-06-23 11:31:52,010 [main | u:p] INFO  com.polarion.platform.startup  -  -- -- 1 from 1 objects were refreshed (100%)
2017-06-23 11:31:52,295 [main | u:p] INFO  com.polarion.platform.startup  - Data indexing ... took  [ TIME 0.5 s. ]
2017-06-23 11:31:52,296 [main | u:p] INFO  com.polarion.platform.startup  - ------------------------------
2017-06-23 11:31:52,296 [main | u:p] INFO  com.polarion.platform.startup  - Fields recalculation (Phase: 8/9)
2017-06-23 11:31:52,314 [main | u:p] INFO  com.polarion.platform.startup  - Fields recalculation ... took  [ TIME 0.02 s. ]
2017-06-23 11:31:52,314 [main | u:p] INFO  com.polarion.platform.startup  - ------------------------------
2017-06-23 11:31:52,314 [main | u:p] INFO  com.polarion.platform.startup  - Polarion startup (Phase: 9/9)
2017-06-23 11:32:27,880 [main] INFO  com.polarion.platform.startup  - Polarion startup ... took  [ TIME 35.57 s. ]
2017-06-23 11:32:27,881 [main] INFO  com.polarion.platform.startup  - ****************************************************************
2017-06-23 11:32:27,881 [main] INFO  com.polarion.platform.startup  -                  Polarion started:  [ TIME 46 s. ]
2017-06-23 11:32:27,881 [main] INFO  com.polarion.platform.startup  - ****************************************************************
