2017-06-22 17:21:01,221 [main] INFO  com.polarion.platform.startup  - ****************************************************************
2017-06-22 17:21:01,221 [main] INFO  com.polarion.platform.startup  -                 Polarion starting, please wait!                 
2017-06-22 17:21:01,221 [main] INFO  com.polarion.platform.startup  - ****************************************************************
2017-06-22 17:21:01,222 [main] INFO  com.polarion.platform.startup  - Server start mode: normal
2017-06-22 17:21:01,222 [main] INFO  com.polarion.platform.startup  - ------------------------------
2017-06-22 17:21:01,258 [main] INFO  com.polarion.platform.startup  - Platform startup (Phase: 1/9)
2017-06-22 17:21:04,024 [main] INFO  com.polarion.platform.startup  - Opening historical database...
2017-06-22 17:21:04,173 [main] INFO  com.polarion.platform.startup  - Opening of historical database finished [ TIME 0.15 s. ]
2017-06-22 17:21:04,174 [main] INFO  com.polarion.platform.startup  - Opening head database...
2017-06-22 17:21:04,240 [main] INFO  com.polarion.platform.startup  - Opening of head database finished [ TIME 0.0663 s. ]
2017-06-22 17:21:04,473 [main | u:p] INFO  com.polarion.platform.startup  -  -- Polarion startup estimation:  [ TIME 63 s. ]
2017-06-22 17:21:04,617 [main | u:p] INFO  com.polarion.platform.startup  - Platform startup ... took  [ TIME 3.4 s. ]
2017-06-22 17:21:04,789 [main | u:p] INFO  com.polarion.platform.startup  - ------------------------------
2017-06-22 17:21:04,789 [main | u:p] INFO  com.polarion.platform.startup  - Context recognition (Phase: 2/9)
2017-06-22 17:21:04,822 [main | u:p] INFO  com.polarion.platform.startup  - Context recognition ... took  [ TIME 0.2 s. ]
2017-06-22 17:21:04,822 [main | u:p] INFO  com.polarion.platform.startup  - ------------------------------
2017-06-22 17:21:04,823 [main | u:p] INFO  com.polarion.platform.startup  - Context initialization (Phase: 3/9)
2017-06-22 17:21:04,825 [LowLevelDataService-contextInitializer-3 | u:p | context: MyPolarion] INFO  com.polarion.platform.startup  -  -- Initializing context: MyPolarion (1/8)
2017-06-22 17:21:04,826 [LowLevelDataService-contextInitializer-1 | u:p | context: [GLOBAL]] INFO  com.polarion.platform.startup  -  -- Initializing context: [GLOBAL] (4/8)
2017-06-22 17:21:04,826 [LowLevelDataService-contextInitializer-2 | u:p | cluster: default] INFO  com.polarion.platform.startup  -  -- Initializing cluster: default (2/8)
2017-06-22 17:21:04,826 [LowLevelDataService-contextInitializer-4 | u:p | context: --Demo Projects] INFO  com.polarion.platform.startup  -  -- Initializing context: --Demo Projects (3/8)
2017-06-22 17:21:04,826 [LowLevelDataService-contextInitializer-5 | u:p | context: library] INFO  com.polarion.platform.startup  -  -- Initializing context: library (5/8)
2017-06-22 17:21:04,831 [LowLevelDataService-contextInitializer-1 | u:p | context: CAPA] INFO  com.polarion.platform.startup  -  -- Initializing context: CAPA (6/8)
2017-06-22 17:21:04,906 [LowLevelDataService-contextInitializer-2 | u:p | context: elibrary] INFO  com.polarion.platform.startup  -  -- Initializing context: elibrary (7/8)
2017-06-22 17:21:05,013 [LowLevelDataService-contextInitializer-1 | u:p | context: drivepilot] INFO  com.polarion.platform.startup  -  -- Initializing context: drivepilot (8/8)
2017-06-22 17:21:06,028 [main | u:p] INFO  com.polarion.platform.startup  - Context initialization ... took  [ TIME 1.21 s. ]
2017-06-22 17:21:06,039 [main | u:p] INFO  com.polarion.platform.startup  - ------------------------------
2017-06-22 17:21:06,039 [main | u:p] INFO  com.polarion.platform.startup  - Revisions processing (Phase: 4/9)
2017-06-22 17:21:06,356 [main | u:p] INFO  com.polarion.platform.startup  -  -- Processing new revisions from repository default in context ContextId[context [global]]
2017-06-22 17:21:06,365 [main | u:p] INFO  com.polarion.platform.startup  - Revisions processing ... took  [ TIME 0.34 s. ]
2017-06-22 17:21:06,424 [main | u:p] INFO  com.polarion.platform.startup  - ------------------------------
2017-06-22 17:21:06,424 [main | u:p] INFO  com.polarion.platform.startup  - Build artifacts recognition (Phase: 5/9)
2017-06-22 17:21:06,436 [main | u:p] INFO  com.polarion.platform.startup  -  -- Processing build artifacts from context: [GLOBAL] (1/8)
2017-06-22 17:21:06,587 [main | u:p] INFO  com.polarion.platform.startup  -  -- Processing build artifacts from cluster: default (2/8)
2017-06-22 17:21:06,651 [main | u:p] INFO  com.polarion.platform.startup  -  -- Processing build artifacts from context: MyPolarion (3/8)
2017-06-22 17:21:06,717 [main | u:p] INFO  com.polarion.platform.startup  -  -- Processing build artifacts from context: --Demo Projects (4/8)
2017-06-22 17:21:06,785 [main | u:p] INFO  com.polarion.platform.startup  -  -- Processing build artifacts from context: library (5/8)
2017-06-22 17:21:06,841 [main | u:p] INFO  com.polarion.platform.startup  -  -- Processing build artifacts from context: CAPA (6/8)
2017-06-22 17:21:06,987 [main | u:p] INFO  com.polarion.platform.startup  -  -- Processing build artifacts from context: elibrary (7/8)
2017-06-22 17:21:07,180 [main | u:p] INFO  com.polarion.platform.startup  -  -- Processing build artifacts from context: drivepilot (8/8)
2017-06-22 17:21:07,180 [main | u:p] INFO  com.polarion.platform.startup  - Build artifacts recognition ... took  [ TIME 0.82 s. ]
2017-06-22 17:21:07,181 [main | u:p] INFO  com.polarion.platform.startup  - ------------------------------
2017-06-22 17:21:07,181 [main | u:p] INFO  com.polarion.platform.startup  - BIR inspection (Phase: 6/9)
2017-06-22 17:21:07,232 [main | u:p] INFO  com.polarion.platform.startup  - BIR inspection ... took  [ TIME 0.05 s. ]
2017-06-22 17:21:07,233 [main | u:p] INFO  com.polarion.platform.startup  - ------------------------------
2017-06-22 17:21:07,233 [main | u:p] INFO  com.polarion.platform.startup  - Data indexing (Phase: 7/9)
2017-06-22 17:21:07,461 [main | u:p] INFO  com.polarion.platform.startup  -  -- Refreshing 1 objects in index: Revision
2017-06-22 17:21:07,467 [main | u:p] INFO  com.polarion.platform.startup  -  -- -- 1 from 1 objects were refreshed (100%)
2017-06-22 17:21:07,755 [main | u:p] INFO  com.polarion.platform.startup  - Data indexing ... took  [ TIME 0.52 s. ]
2017-06-22 17:21:07,756 [main | u:p] INFO  com.polarion.platform.startup  - ------------------------------
2017-06-22 17:21:07,756 [main | u:p] INFO  com.polarion.platform.startup  - Fields recalculation (Phase: 8/9)
2017-06-22 17:21:07,770 [main | u:p] INFO  com.polarion.platform.startup  - Fields recalculation ... took  [ TIME 0.01 s. ]
2017-06-22 17:21:07,770 [main | u:p] INFO  com.polarion.platform.startup  - ------------------------------
2017-06-22 17:21:07,770 [main | u:p] INFO  com.polarion.platform.startup  - Polarion startup (Phase: 9/9)
