2017-06-26 15:29:51,986 [main] INFO  PolarionLicensing  - Searching for valid license file in C:\Polarion\polarion\license
2017-06-26 15:29:51,988 [main] INFO  PolarionLicensing  - Trying to load license file polarion.lic
2017-06-26 15:29:51,997 [main] INFO  PolarionLicensing  - The license file contains the following fields:
2017-06-26 15:29:51,997 [main] INFO  PolarionLicensing  - *** License fields ***
2017-06-26 15:29:51,998 [main] INFO  PolarionLicensing  - VariantsConcurrentUsers = 10
2017-06-26 15:29:51,998 [main] INFO  PolarionLicensing  - almConcurrentUsers = 10
2017-06-26 15:29:51,998 [main] INFO  PolarionLicensing  - dateCreated = 21.06.2017
2017-06-26 15:29:51,998 [main] INFO  PolarionLicensing  - expirationDate = 31.05.2018
2017-06-26 15:29:51,998 [main] INFO  PolarionLicensing  - generatedBy = license@polarion.com
2017-06-26 15:29:51,998 [main] INFO  PolarionLicensing  - hardwareKey = 388E-7FGG-1351
2017-06-26 15:29:51,998 [main] INFO  PolarionLicensing  - licenseFormat = 2017
2017-06-26 15:29:51,998 [main] INFO  PolarionLicensing  - licenseType = TERM
2017-06-26 15:29:51,998 [main] INFO  PolarionLicensing  - multiInstanceRunningInstances = 3
2017-06-26 15:29:51,998 [main] INFO  PolarionLicensing  - proConcurrentUsers = 10
2017-06-26 15:29:51,998 [main] INFO  PolarionLicensing  - product = Polarion
2017-06-26 15:29:51,998 [main] INFO  PolarionLicensing  - qaConcurrentUsers = 10
2017-06-26 15:29:51,998 [main] INFO  PolarionLicensing  - requirementsConcurrentUsers = 10
2017-06-26 15:29:51,998 [main] INFO  PolarionLicensing  - reviewerConcurrentUsers = 10
2017-06-26 15:29:51,998 [main] INFO  PolarionLicensing  - userCompany = Siemens PLM 
2017-06-26 15:29:51,998 [main] INFO  PolarionLicensing  - userEmail = shraddha.patil@siemens.com
2017-06-26 15:29:51,998 [main] INFO  PolarionLicensing  - userName = Shraddha Patil
2017-06-26 15:29:51,998 [main] INFO  PolarionLicensing  - *** License fields END ***
2017-06-26 15:29:52,020 [main] INFO  PolarionLicensing  - Removing allocations by null
2017-06-26 15:29:52,024 [main] INFO  PolarionLicensing  - STATS:concurrentVariantsUser,current:0,peak:0,limit:10
2017-06-26 15:29:52,024 [main] INFO  PolarionLicensing  - 0 namedReviewerUser assignments (out of 0) loaded: []
2017-06-26 15:29:52,024 [main] INFO  PolarionLicensing  - 1 concurrentReviewerUser assignments (out of -1) loaded: [admin]
2017-06-26 15:29:52,025 [main] INFO  PolarionLicensing  - STATS:concurrentReviewerUser,current:0,peak:0,limit:10
2017-06-26 15:29:52,025 [main] INFO  PolarionLicensing  - 0 namedProUser assignments (out of 0) loaded: []
2017-06-26 15:29:52,025 [main] INFO  PolarionLicensing  - 1 concurrentProUser assignments (out of -1) loaded: [admin]
2017-06-26 15:29:52,025 [main] INFO  PolarionLicensing  - STATS:concurrentProUser,current:0,peak:0,limit:10
2017-06-26 15:29:52,025 [main] INFO  PolarionLicensing  - 0 namedRequirementsUser assignments (out of 0) loaded: []
2017-06-26 15:29:52,026 [main] INFO  PolarionLicensing  - 1 concurrentRequirementsUser assignments (out of -1) loaded: [admin]
2017-06-26 15:29:52,026 [main] INFO  PolarionLicensing  - STATS:concurrentRequirementsUser,current:0,peak:0,limit:10
2017-06-26 15:29:52,026 [main] INFO  PolarionLicensing  - 0 namedQAUser assignments (out of 0) loaded: []
2017-06-26 15:29:52,026 [main] INFO  PolarionLicensing  - 1 concurrentQAUser assignments (out of -1) loaded: [admin]
2017-06-26 15:29:52,026 [main] INFO  PolarionLicensing  - STATS:concurrentQAUser,current:0,peak:0,limit:10
2017-06-26 15:29:52,026 [main] INFO  PolarionLicensing  - 0 namedALMUser assignments (out of 0) loaded: []
2017-06-26 15:29:52,026 [main] INFO  PolarionLicensing  - 1 concurrentALMUser assignments (out of -1) loaded: [admin]
2017-06-26 15:29:52,026 [main] INFO  PolarionLicensing  - STATS:concurrentALMUser,current:0,peak:0,limit:10
2017-06-26 15:29:52,026 [main] INFO  PolarionLicensing  - 
*******************************************************************
 Polarion successfully activated
*******************************************************************
2017-06-26 15:31:14,729 [ajp-nio-8889-exec-3] INFO  PolarionLicensing  - STATS:concurrentALMUser,current:1,peak:1,limit:10
2017-06-26 15:31:14,729 [ajp-nio-8889-exec-3] INFO  PolarionLicensing  - STATS:concurrentVariantsUser,current:1,peak:1,limit:10
2017-06-26 15:31:14,729 [ajp-nio-8889-exec-3] INFO  PolarionLicensing  - User 'admin' logged in with concurrent ALM
2017-06-26 16:01:34,410 [ContainerBackgroundProcessor[StandardEngine[Tomcat]]] INFO  PolarionLicensing  - User 'admin' logged out.
2017-06-26 16:06:51,231 [ajp-nio-8889-exec-3 | u:p] INFO  PolarionLicensing  - STATS:concurrentVariantsUser,current:1,peak:1,limit:10
2017-06-26 16:06:51,231 [ajp-nio-8889-exec-3 | u:p] INFO  PolarionLicensing  - STATS:concurrentALMUser,current:1,peak:1,limit:10
2017-06-26 16:06:51,231 [ajp-nio-8889-exec-3] INFO  PolarionLicensing  - STATS:concurrentALMUser,current:1,peak:1,limit:10
2017-06-26 16:06:51,231 [ajp-nio-8889-exec-3] INFO  PolarionLicensing  - STATS:concurrentVariantsUser,current:1,peak:1,limit:10
2017-06-26 16:06:51,231 [ajp-nio-8889-exec-3] INFO  PolarionLicensing  - User 'admin' logged in with concurrent ALM
2017-06-26 16:37:34,554 [ContainerBackgroundProcessor[StandardEngine[Tomcat]]] INFO  PolarionLicensing  - User 'admin' logged out.
2017-06-26 16:43:32,972 [ajp-nio-8889-exec-5 | u:p] INFO  PolarionLicensing  - STATS:concurrentVariantsUser,current:1,peak:1,limit:10
2017-06-26 16:43:32,972 [ajp-nio-8889-exec-5 | u:p] INFO  PolarionLicensing  - STATS:concurrentALMUser,current:1,peak:1,limit:10
2017-06-26 16:43:32,973 [ajp-nio-8889-exec-5] INFO  PolarionLicensing  - STATS:concurrentALMUser,current:1,peak:1,limit:10
2017-06-26 16:43:32,973 [ajp-nio-8889-exec-5] INFO  PolarionLicensing  - STATS:concurrentVariantsUser,current:1,peak:1,limit:10
2017-06-26 16:43:32,973 [ajp-nio-8889-exec-5] INFO  PolarionLicensing  - User 'admin' logged in with concurrent ALM
