2017-06-23 10:10:43,872 [main] INFO  com.polarion.platform.startup  - ****************************************************************
2017-06-23 10:10:43,872 [main] INFO  com.polarion.platform.startup  -                 Polarion starting, please wait!                 
2017-06-23 10:10:43,872 [main] INFO  com.polarion.platform.startup  - ****************************************************************
2017-06-23 10:10:43,872 [main] INFO  com.polarion.platform.startup  - Server start mode: normal
2017-06-23 10:10:43,872 [main] INFO  com.polarion.platform.startup  - ------------------------------
2017-06-23 10:10:43,873 [main] INFO  com.polarion.platform.startup  - Platform startup (Phase: 1/9)
2017-06-23 10:10:48,496 [main] INFO  com.polarion.platform.startup  - Opening historical database...
2017-06-23 10:10:48,645 [main] INFO  com.polarion.platform.startup  - Opening of historical database finished [ TIME 0.149 s. ]
2017-06-23 10:10:48,645 [main] INFO  com.polarion.platform.startup  - Opening head database...
2017-06-23 10:10:48,712 [main] INFO  com.polarion.platform.startup  - Opening of head database finished [ TIME 0.0678 s. ]
2017-06-23 10:10:48,918 [main | u:p] INFO  com.polarion.platform.startup  -  -- Polarion startup estimation:  [ TIME 44 s. ]
2017-06-23 10:10:49,078 [main | u:p] INFO  com.polarion.platform.startup  - Platform startup ... took  [ TIME 5.21 s. ]
2017-06-23 10:10:49,236 [main | u:p] INFO  com.polarion.platform.startup  - ------------------------------
2017-06-23 10:10:49,236 [main | u:p] INFO  com.polarion.platform.startup  - Context recognition (Phase: 2/9)
2017-06-23 10:10:49,272 [main | u:p] INFO  com.polarion.platform.startup  - Context recognition ... took  [ TIME 0.19 s. ]
2017-06-23 10:10:49,273 [main | u:p] INFO  com.polarion.platform.startup  - ------------------------------
2017-06-23 10:10:49,273 [main | u:p] INFO  com.polarion.platform.startup  - Context initialization (Phase: 3/9)
2017-06-23 10:10:49,277 [LowLevelDataService-contextInitializer-5 | u:p | context: library] INFO  com.polarion.platform.startup  -  -- Initializing context: library (1/8)
2017-06-23 10:10:49,277 [LowLevelDataService-contextInitializer-2 | u:p | cluster: default] INFO  com.polarion.platform.startup  -  -- Initializing cluster: default (2/8)
2017-06-23 10:10:49,277 [LowLevelDataService-contextInitializer-3 | u:p | context: MyPolarion] INFO  com.polarion.platform.startup  -  -- Initializing context: MyPolarion (3/8)
2017-06-23 10:10:49,277 [LowLevelDataService-contextInitializer-1 | u:p | context: [GLOBAL]] INFO  com.polarion.platform.startup  -  -- Initializing context: [GLOBAL] (5/8)
2017-06-23 10:10:49,277 [LowLevelDataService-contextInitializer-4 | u:p | context: --Demo Projects] INFO  com.polarion.platform.startup  -  -- Initializing context: --Demo Projects (4/8)
2017-06-23 10:10:49,282 [LowLevelDataService-contextInitializer-1 | u:p | context: CAPA] INFO  com.polarion.platform.startup  -  -- Initializing context: CAPA (6/8)
2017-06-23 10:10:49,366 [LowLevelDataService-contextInitializer-2 | u:p | context: elibrary] INFO  com.polarion.platform.startup  -  -- Initializing context: elibrary (7/8)
2017-06-23 10:10:49,522 [LowLevelDataService-contextInitializer-1 | u:p | context: drivepilot] INFO  com.polarion.platform.startup  -  -- Initializing context: drivepilot (8/8)
2017-06-23 10:10:50,501 [main | u:p] INFO  com.polarion.platform.startup  - Context initialization ... took  [ TIME 1.23 s. ]
2017-06-23 10:10:50,510 [main | u:p] INFO  com.polarion.platform.startup  - ------------------------------
2017-06-23 10:10:50,510 [main | u:p] INFO  com.polarion.platform.startup  - Revisions processing (Phase: 4/9)
2017-06-23 10:10:50,775 [main | u:p] INFO  com.polarion.platform.startup  -  -- Processing new revisions from repository default in context ContextId[context [global]]
2017-06-23 10:10:50,784 [main | u:p] INFO  com.polarion.platform.startup  - Revisions processing ... took  [ TIME 0.28 s. ]
2017-06-23 10:10:50,834 [main | u:p] INFO  com.polarion.platform.startup  - ------------------------------
2017-06-23 10:10:50,835 [main | u:p] INFO  com.polarion.platform.startup  - Build artifacts recognition (Phase: 5/9)
2017-06-23 10:10:50,842 [main | u:p] INFO  com.polarion.platform.startup  -  -- Processing build artifacts from context: [GLOBAL] (1/8)
2017-06-23 10:10:50,943 [main | u:p] INFO  com.polarion.platform.startup  -  -- Processing build artifacts from cluster: default (2/8)
2017-06-23 10:10:50,979 [main | u:p] INFO  com.polarion.platform.startup  -  -- Processing build artifacts from context: MyPolarion (3/8)
2017-06-23 10:10:51,018 [main | u:p] INFO  com.polarion.platform.startup  -  -- Processing build artifacts from context: --Demo Projects (4/8)
2017-06-23 10:10:51,052 [main | u:p] INFO  com.polarion.platform.startup  -  -- Processing build artifacts from context: library (5/8)
2017-06-23 10:10:51,091 [main | u:p] INFO  com.polarion.platform.startup  -  -- Processing build artifacts from context: CAPA (6/8)
2017-06-23 10:10:51,216 [main | u:p] INFO  com.polarion.platform.startup  -  -- Processing build artifacts from context: elibrary (7/8)
2017-06-23 10:10:51,371 [main | u:p] INFO  com.polarion.platform.startup  -  -- Processing build artifacts from context: drivepilot (8/8)
2017-06-23 10:10:51,371 [main | u:p] INFO  com.polarion.platform.startup  - Build artifacts recognition ... took  [ TIME 0.59 s. ]
2017-06-23 10:10:51,372 [main | u:p] INFO  com.polarion.platform.startup  - ------------------------------
2017-06-23 10:10:51,372 [main | u:p] INFO  com.polarion.platform.startup  - BIR inspection (Phase: 6/9)
2017-06-23 10:10:51,415 [main | u:p] INFO  com.polarion.platform.startup  - BIR inspection ... took  [ TIME 0.04 s. ]
2017-06-23 10:10:51,416 [main | u:p] INFO  com.polarion.platform.startup  - ------------------------------
2017-06-23 10:10:51,416 [main | u:p] INFO  com.polarion.platform.startup  - Data indexing (Phase: 7/9)
2017-06-23 10:10:51,626 [main | u:p] INFO  com.polarion.platform.startup  -  -- Refreshing 1 objects in index: Revision
2017-06-23 10:10:51,632 [main | u:p] INFO  com.polarion.platform.startup  -  -- -- 1 from 1 objects were refreshed (100%)
2017-06-23 10:10:51,876 [main | u:p] INFO  com.polarion.platform.startup  - Data indexing ... took  [ TIME 0.46 s. ]
2017-06-23 10:10:51,877 [main | u:p] INFO  com.polarion.platform.startup  - ------------------------------
2017-06-23 10:10:51,877 [main | u:p] INFO  com.polarion.platform.startup  - Fields recalculation (Phase: 8/9)
2017-06-23 10:10:51,891 [main | u:p] INFO  com.polarion.platform.startup  - Fields recalculation ... took  [ TIME 0.01 s. ]
2017-06-23 10:10:51,891 [main | u:p] INFO  com.polarion.platform.startup  - ------------------------------
2017-06-23 10:10:51,891 [main | u:p] INFO  com.polarion.platform.startup  - Polarion startup (Phase: 9/9)
2017-06-23 10:11:26,155 [main] INFO  com.polarion.platform.startup  - Polarion startup ... took  [ TIME 34.26 s. ]
2017-06-23 10:11:26,156 [main] INFO  com.polarion.platform.startup  - ****************************************************************
2017-06-23 10:11:26,156 [main] INFO  com.polarion.platform.startup  -                  Polarion started:  [ TIME 42.3 s. ]
2017-06-23 10:11:26,156 [main] INFO  com.polarion.platform.startup  - ****************************************************************
