2017-06-22 12:24:44,472 [main | u:p] INFO  TXLOGGER  - Summary for 'Platform startup': transactions: 0, DB: 0.0619 s [61% query (13x), 38% update (126x)] (206x), svn: 0.026 s [84% checkPath (1x)] (3x)
2017-06-22 12:24:44,702 [main | u:p] INFO  TXLOGGER  - Summary for 'Context recognition': transactions: 0, svn: 0.0983 s [41% info (3x), 37% getDir2 content (2x), 22% getFile content (1x)] (6x)
2017-06-22 12:24:46,153 [LowLevelDataService-contextInitializer-1 | u:p] INFO  TXLOGGER  - Summary: Total: 1.45 s, transactions: 0
2017-06-22 12:24:46,153 [LowLevelDataService-contextInitializer-4 | u:p] INFO  TXLOGGER  - Summary: Total: 1.45 s, transactions: 0, svn: 0.11 s [97% log2 (10x)] (12x)
2017-06-22 12:24:46,154 [LowLevelDataService-contextInitializer-3 | u:p] INFO  TXLOGGER  - Summary: Total: 1.45 s, transactions: 0, ObjectMaps: 0.324 s [100% getAllPrimaryObjects (1x)] (7x)
2017-06-22 12:24:46,153 [LowLevelDataService-contextInitializer-5 | u:p] INFO  TXLOGGER  - Summary: Total: 1.45 s, transactions: 0, svn: 0.163 s [36% log2 (5x), 32% log (1x), 18% info (4x)] (15x)
2017-06-22 12:24:46,153 [LowLevelDataService-contextInitializer-2 | u:p] INFO  TXLOGGER  - Summary: Total: 1.45 s, transactions: 0, svn: 0.133 s [98% log2 (6x)] (8x)
2017-06-22 12:24:46,154 [main | u:p] INFO  TXLOGGER  - Summary for 'Context initialization': transactions: 0, ObjectMaps: 0.485 s [100% getAllPrimaryObjects (7x)] (55x), svn: 0.465 s [75% log2 (31x), 11% log (1x)] (47x)
2017-06-22 12:24:46,499 [main | u:p] INFO  TXLOGGER  - Summary for 'Revisions processing': transactions: 14, RepositoryConfigService: 0.23 s [100% getReadConfiguration (42x)] (42x), svn: 0.125 s [92% info (15x)] (32x)
2017-06-22 12:24:47,217 [main | u:p] INFO  TXLOGGER  - Summary for 'Build artifacts recognition': transactions: 40, svn: 0.536 s [86% info (78x)] (131x), RepositoryConfigService: 0.466 s [100% getReadConfiguration (80x)] (80x)
2017-06-22 12:24:47,930 [main | u:p] INFO  TXLOGGER  - Summary for 'Data indexing': transactions: 0, Lucene: 0.305 s [100% refresh (2x)] (2x), DB: 0.0489 s [67% update (38x), 16% query (17x)] (103x), SubterraURITable: 0.0267 s [100% addIfNotExistsDB (17x)] (17x)
2017-06-22 12:25:25,853 [main] INFO  TXLOGGER  - Summary for 'Polarion startup': transactions: 1, svn: 0.304 s [79% info (47x), 10% getLatestRevision (13x)] (67x), RepositoryConfigService: 0.0272 s [100% getReadConfiguration (2x)] (2x)
2017-06-22 12:25:25,969 [Persistence Events Processing Thread | u:p] INFO  TXLOGGER  - Summary: Total: 0.11 s, transactions: 6, persistence listener: 0.11 s [92% notificationsCreatingListener (1x)] (7x)
2017-06-22 12:25:26,081 [Worker-0 | u:p | job: polarion.jobs.attachment.indexer] INFO  TXLOGGER  - Summary after AttachmentIndexer: transactions: 48, persistence listener: 0.113 s [90% notificationsCreatingListener (8x)] (56x), Lucene: 0.1 s [100% add (2x)] (2x), resolve: 0.0385 s [93% User (2x)] (5x), ObjectMaps: 0.0114 s [100% getPrimaryObjectLocation (2x)] (2x)
2017-06-22 12:25:26,660 [PreLoadDataService | u:p] INFO  TXLOGGER  - Tx 5733a562a9c38_0_5733a562a9c38_0_: finished. Total: 0.796 s, resolve: 0.415 s [56% Category (8x), 44% TimePoint (5x)] (13x), svn: 0.4 s [62% getDir2 content (25x), 38% getFile content (15x)] (43x), ObjectMaps: 0.0507 s [50% getPrimaryObjectLocation (13x), 29% getPrimaryObjectProperty (13x), 21% getLastPromoted (13x)] (55x)
2017-06-22 12:25:27,187 [PreLoadDataService | u:p] INFO  TXLOGGER  - Tx 5733a563a646a_0_5733a563a646a_0_: finished. Total: 0.314 s, svn: 0.171 s [60% getFile content (14x), 40% info (10x)] (25x), resolve: 0.146 s [100% User (8x)] (8x), RepositoryConfigService: 0.131 s [78% getReadConfiguration (72x), 22% getReadUserConfiguration (2x)] (74x), ObjectMaps: 0.0221 s [43% getPrimaryObjectLocation (8x), 29% getLastPromoted (8x), 28% getPrimaryObjectProperty (8x)] (33x)
2017-06-22 12:25:27,337 [PreLoadDataService | u:p] INFO  TXLOGGER  - Tx 5733a563f4c6b_0_5733a563f4c6b_0_: finished. Total: 0.149 s, RepositoryConfigService: 0.122 s [98% getReadConfiguration (55x)] (78x), svn: 0.0989 s [100% getFile content (13x)] (14x)
2017-06-22 12:25:27,834 [DBHistoryCreator-2 | u:p] INFO  TXLOGGER  - Summary: Total: 1.71 s, transactions: 0
2017-06-22 12:25:27,834 [DBHistoryCreator-1 | u:p] INFO  TXLOGGER  - Summary: Total: 1.71 s, transactions: 0
2017-06-22 12:25:27,834 [Worker-1 | u:p | job: polarion.jobs.db.history] INFO  TXLOGGER  - Summary after DBHistoryCreator: transactions: 0, Lucene: 0.025 s [100% add (1x)] (1x), svn: 0.00139 s [100% getLatestRevision (1x)] (1x), DB: 0.00133 s [75% update (2x), 25% commit (2x)] (4x)
2017-06-22 12:25:27,834 [Worker-1 | u:p] INFO  TXLOGGER  - Summary for 'job: polarion.jobs.db.history': Total: 1.76 s, transactions: 0, DB: 1.37 s [58% query (4045x), 26% update (4020x)] (20179x), SubterraURITable: 1.22 s [100% getDB (4019x)] (4019x)
2017-06-22 12:25:28,268 [PreLoadDataService | u:p] INFO  TXLOGGER  - Tx 5733a5641a46c_0_5733a5641a46c_0_: finished. Total: 0.93 s, svn: 0.837 s [69% getFile content (47x), 31% getDir2 content (17x)] (65x), RepositoryConfigService: 0.647 s [100% getReadConfiguration (164x)] (180x)
2017-06-22 12:25:28,616 [PreLoadDataService | u:p] INFO  TXLOGGER  - Tx 5733a5650306d_0_5733a5650306d_0_: finished. Total: 0.348 s, svn: 0.295 s [77% getFile content (35x), 23% getDir2 content (6x)] (42x), RepositoryConfigService: 0.268 s [99% getReadConfiguration (295x)] (370x)
2017-06-22 12:25:28,917 [PreLoadDataService | u:p] INFO  TXLOGGER  - Tx 5733a5655a06e_0_5733a5655a06e_0_: finished. Total: 0.302 s, svn: 0.268 s [53% getFile content (21x), 47% getDir2 content (17x)] (39x), RepositoryConfigService: 0.172 s [100% getReadConfiguration (88x)] (110x)
2017-06-22 12:25:29,019 [PreLoadDataService | u:p] INFO  TXLOGGER  - Tx 5733a565a546f_0_5733a565a546f_0_: finished. Total: 0.101 s, svn: 0.0918 s [58% getDir2 content (11x), 42% getFile content (8x)] (20x), RepositoryConfigService: 0.0451 s [99% getReadConfiguration (38x)] (54x)
2017-06-22 12:25:29,255 [PreLoadDataService | u:p] INFO  TXLOGGER  - Tx 5733a565bec70_0_5733a565bec70_0_: finished. Total: 0.236 s, svn: 0.217 s [57% getFile content (24x), 43% getDir2 content (12x)] (37x), RepositoryConfigService: 0.139 s [99% getReadConfiguration (87x)] (109x)
2017-06-22 12:25:29,256 [PreLoadDataService] INFO  TXLOGGER  - Summary for 'PreloadDataService': Total: 3.4 s, transactions: 9, svn: 2.44 s [61% getFile content (182x), 35% getDir2 content (90x)] (301x), RepositoryConfigService: 1.55 s [98% getReadConfiguration (801x)] (981x), resolve: 0.708 s [33% Category (8x), 26% TimePoint (5x), 21% Project (5x), 21% User (8x)] (26x)
2017-06-22 12:25:29,256 [PreLoadDataService] INFO  TXLOGGER  - Summary after preload: transactions: 9, svn: 2.44 s [61% getFile content (182x), 35% getDir2 content (90x)] (301x), RepositoryConfigService: 1.55 s [98% getReadConfiguration (801x)] (981x), DB: 1.37 s [58% query (4045x), 26% update (4020x)] (20179x), SubterraURITable: 1.22 s [100% getDB (4019x)] (4019x), resolve: 0.708 s [33% Category (8x), 26% TimePoint (5x), 21% Project (5x), 21% User (9x)] (27x)
2017-06-22 12:26:02,096 [ajp-nio-8889-exec-5 | u:admin] INFO  TXLOGGER  - Tx 5733a585a3471_0_5733a585a3471_0_: finished. Total: 0.419 s, RepositoryConfigService: 0.18 s [87% getReadConfiguration (314x)] (336x), svn: 0.108 s [58% getFile content (10x), 31% info (6x)] (19x)
2017-06-22 12:26:02,247 [ajp-nio-8889-exec-5 | u:admin] INFO  TXLOGGER  - Summary for 'WorkItemDataService.getWorkitemTemplate': Total: 0.572 s, transactions: 1, RepositoryConfigService: 0.18 s [87% getReadConfiguration (314x)] (336x), svn: 0.108 s [58% getFile content (10x), 31% info (6x)] (19x)
2017-06-22 12:26:08,899 [ajp-nio-8889-exec-9 | u:admin] INFO  TXLOGGER  - Tx 5733a58b98872_0_5733a58b98872_0_: finished. Total: 1.12 s, svn: 0.715 s [89% endActivity (1x)] (15x), Lucene: 0.0888 s [58% add (2x), 42% search (2x)] (4x), resolve: 0.0586 s [99% WorkItem (4x)] (9x), processed revs: [82, 82 (delay 0s)], write: true
2017-06-22 12:26:09,160 [Persistence Events Processing Thread | u:p] INFO  TXLOGGER  - Tx 5733a58cb0873_0_5733a58cb0873_0_: finished. Total: 0.261 s, resolve: 0.12 s [81% WorkItem (2x)] (4x), svn: 0.0993 s [54% getFile content (3x), 26% info (1x), 20% getDir2 content (1x)] (6x), ObjectMaps: 0.0244 s [58% getPrimaryObjectProperty (2x), 31% getPrimaryObjectLocation (2x)] (8x)
2017-06-22 12:26:09,215 [ajp-nio-8889-exec-9 | u:admin] INFO  TXLOGGER  - Tx 5733a58cb0c74_0_5733a58cb0c74_0_: finished. Total: 0.315 s, resolve: 0.112 s [98% WorkItem (1x)] (22x), svn: 0.0906 s [48% getFile content (2x), 26% getDir2 content (1x), 24% info (1x)] (6x), Lucene: 0.0608 s [100% search (6x)] (6x), workflow: 0.0302 s [100% LinkedWorkItemsStatusCondition (4x)] (4x), ObjectMaps: 0.0284 s [59% getPrimaryObjectLocation (1x), 21% getPrimaryObjectProperty (1x)] (14x), RepositoryConfigService: 0.0229 s [100% getReadConfiguration (323x)] (347x)
2017-06-22 12:26:09,245 [ajp-nio-8889-exec-9 | u:admin] INFO  TXLOGGER  - Summary for 'WorkItemDataService.saveWorkItem': Total: 1.48 s, transactions: 2, svn: 0.806 s [79% endActivity (1x), 8% getFile content (5x)] (21x), resolve: 0.171 s [99% WorkItem (5x)] (31x), Lucene: 0.15 s [65% search (8x), 35% add (2x)] (10x)
2017-06-22 12:26:09,498 [Persistence Events Processing Thread | u:p] INFO  TXLOGGER  - Tx 5733a58cf2075_0_5733a58cf2075_0_: finished. Total: 0.338 s, svn: 0.0949 s [45% getFile content (2x), 25% info (1x), 24% getDir2 content (1x)] (6x), RepositoryConfigService: 0.094 s [100% getReadConfiguration (12x)] (13x), Lucene: 0.078 s [100% add (1x)] (1x), resolve: 0.0757 s [100% WorkItem (3x)] (5x)
2017-06-22 12:26:09,500 [Persistence Events Processing Thread | u:p] INFO  TXLOGGER  - Summary: Total: 0.601 s, transactions: 6, persistence listener: 0.601 s [56% WorkItemActivityCreator (1x), 43% notificationsCreatingListener (1x)] (7x), resolve: 0.196 s [88% WorkItem (5x)] (9x), svn: 0.194 s [49% getFile content (5x), 26% info (2x), 22% getDir2 content (2x)] (12x), RepositoryConfigService: 0.105 s [100% getReadConfiguration (21x)] (23x), Lucene: 0.078 s [100% add (1x)] (1x)
2017-06-22 12:26:24,289 [ajp-nio-8889-exec-4 | u:admin] INFO  TXLOGGER  - Tx 5733a599ed482_0_5733a599ed482_0_: finished. Total: 1.84 s, svn: 1.64 s [97% endActivity (1x)] (9x), processed revs: [83, 83 (delay 1s)], write: true
2017-06-22 12:26:24,349 [ajp-nio-8889-exec-4 | u:admin] INFO  TXLOGGER  - Summary for 'WorkItemDataService.saveWorkItem': Total: 1.9 s, transactions: 2, svn: 1.64 s [97% endActivity (1x)] (9x), Lucene: 0.101 s [61% refresh (1x), 29% add (1x)] (3x)
2017-06-22 12:26:24,520 [Persistence Events Processing Thread | u:p] INFO  TXLOGGER  - Tx 5733a59bb8483_0_5733a59bb8483_0_: finished. Total: 0.23 s, resolve: 0.198 s [81% WorkItem (9x)] (17x), svn: 0.145 s [43% getFile content (4x), 30% info (2x), 27% getDir2 content (2x)] (9x), ObjectMaps: 0.0451 s [41% getPrimaryObjectLocation (4x), 36% getLastPromoted (4x), 23% getPrimaryObjectProperty (4x)] (16x)
2017-06-22 12:26:24,664 [Persistence Events Processing Thread | u:p] INFO  TXLOGGER  - Tx 5733a59bf2086_0_5733a59bf2086_0_: finished. Total: 0.144 s, resolve: 0.105 s [100% WorkItem (3x)] (6x), svn: 0.0688 s [60% getFile content (1x), 19% getDir2 content (1x), 18% info (1x)] (5x), Lucene: 0.0214 s [100% add (1x)] (1x), ObjectMaps: 0.0122 s [79% getPrimaryObjectLocation (1x), 7% getLastPromoted (1x)] (5x)
2017-06-22 12:26:24,664 [Persistence Events Processing Thread | u:p] INFO  TXLOGGER  - Summary: Total: 0.375 s, transactions: 6, persistence listener: 0.375 s [61% notificationsCreatingListener (1x), 39% WorkItemActivityCreator (1x)] (7x), resolve: 0.304 s [88% WorkItem (12x)] (23x), svn: 0.214 s [48% getFile content (5x), 26% info (3x), 25% getDir2 content (3x)] (14x), ObjectMaps: 0.0573 s [49% getPrimaryObjectLocation (5x), 30% getLastPromoted (5x), 20% getPrimaryObjectProperty (5x)] (21x), Lucene: 0.0214 s [100% add (1x)] (1x)
2017-06-22 12:43:30,760 [PullingJob-default] INFO  TXLOGGER  - Summary for 'PullingJob': Total: 0.443 s, transactions: 0, svn: 0.443 s [100% getLatestRevision (1x)] (1x)
2017-06-22 13:00:01,741 [Worker-1 | u:p] INFO  TXLOGGER  - Summary for 'job: update.plan.refresh.index': Total: 0.708 s, transactions: 0, resolve: 0.477 s [94% WorkItem (15x)] (167x), svn: 0.432 s [35% getDir2 content (16x), 33% info (17x), 32% getFile content (16x)] (50x), Lucene: 0.162 s [100% refresh (1x)] (2x), DB: 0.0455 s [74% update (181x), 25% execute (38x)] (220x)
2017-06-22 13:00:01,773 [Worker-0 | u:p] INFO  TXLOGGER  - Summary for 'job: update.plan': Total: 1.71 s, transactions: 10, resolve: 0.682 s [91% WorkItems (2x)] (96x), svn: 0.576 s [35% getFile content (22x), 34% info (24x), 31% getDir2 content (19x)] (77x)
