2017-06-22 16:33:42,415 [main | u:p] INFO  TXLOGGER  - Summary for 'Platform startup': transactions: 0, DB: 0.0445 s [50% query (13x), 49% update (126x)] (206x), svn: 0.0264 s [83% checkPath (1x)] (3x)
2017-06-22 16:33:42,620 [main | u:p] INFO  TXLOGGER  - Summary for 'Context recognition': transactions: 0, svn: 0.0844 s [41% info (3x), 31% getFile content (1x), 29% getDir2 content (2x)] (6x)
2017-06-22 16:33:44,012 [LowLevelDataService-contextInitializer-2 | u:p] INFO  TXLOGGER  - Summary: Total: 1.39 s, transactions: 0, svn: 0.135 s [97% log2 (6x)] (8x)
2017-06-22 16:33:44,012 [LowLevelDataService-contextInitializer-1 | u:p] INFO  TXLOGGER  - Summary: Total: 1.39 s, transactions: 0, svn: 0.0875 s [98% log2 (5x)] (6x)
2017-06-22 16:33:44,012 [LowLevelDataService-contextInitializer-3 | u:p] INFO  TXLOGGER  - Summary: Total: 1.39 s, transactions: 0, ObjectMaps: 0.312 s [100% getAllPrimaryObjects (1x)] (7x)
2017-06-22 16:33:44,012 [LowLevelDataService-contextInitializer-5 | u:p] INFO  TXLOGGER  - Summary: Total: 1.39 s, transactions: 0, svn: 0.082 s [98% log2 (5x)] (6x)
2017-06-22 16:33:44,012 [LowLevelDataService-contextInitializer-4 | u:p] INFO  TXLOGGER  - Summary: Total: 1.39 s, transactions: 0, svn: 0.227 s [59% log2 (10x), 20% log (1x), 12% info (4x)] (21x)
2017-06-22 16:33:44,013 [main | u:p] INFO  TXLOGGER  - Summary for 'Context initialization': transactions: 0, svn: 0.573 s [82% log2 (31x)] (47x), ObjectMaps: 0.47 s [99% getAllPrimaryObjects (7x)] (55x)
2017-06-22 16:33:44,338 [main | u:p] INFO  TXLOGGER  - Summary for 'Revisions processing': transactions: 14, RepositoryConfigService: 0.206 s [100% getReadConfiguration (42x)] (42x), svn: 0.117 s [91% info (15x)] (32x)
2017-06-22 16:33:45,126 [main | u:p] INFO  TXLOGGER  - Summary for 'Build artifacts recognition': transactions: 40, svn: 0.621 s [87% info (78x)] (131x), RepositoryConfigService: 0.502 s [100% getReadConfiguration (80x)] (80x)
2017-06-22 16:33:45,838 [main | u:p] INFO  TXLOGGER  - Summary for 'Data indexing': transactions: 0, Lucene: 0.296 s [100% refresh (2x)] (2x), DB: 0.0395 s [66% update (38x), 17% execute (12x)] (103x), SubterraURITable: 0.0244 s [100% addIfNotExistsDB (17x)] (17x)
2017-06-22 16:34:22,294 [main] INFO  TXLOGGER  - Summary for 'Polarion startup': transactions: 1, svn: 0.346 s [80% info (47x)] (67x), RepositoryConfigService: 0.0325 s [100% getReadConfiguration (2x)] (2x)
2017-06-22 16:34:22,413 [Persistence Events Processing Thread | u:p] INFO  TXLOGGER  - Summary: Total: 0.113 s, transactions: 6, persistence listener: 0.113 s [93% notificationsCreatingListener (1x)] (7x)
2017-06-22 16:34:22,496 [Worker-0 | u:p | job: polarion.jobs.attachment.indexer] INFO  TXLOGGER  - Summary after AttachmentIndexer: transactions: 48, persistence listener: 0.116 s [91% notificationsCreatingListener (8x)] (56x), Lucene: 0.084 s [100% add (2x)] (2x), resolve: 0.0427 s [93% User (2x)] (5x), ObjectMaps: 0.0133 s [100% getPrimaryObjectLocation (2x)] (2x)
2017-06-22 16:34:23,195 [PreLoadDataService | u:p] INFO  TXLOGGER  - Tx 5733de5d07c38_0_5733de5d07c38_0_: finished. Total: 0.889 s, svn: 0.487 s [68% getDir2 content (25x), 32% getFile content (15x)] (43x), resolve: 0.418 s [55% Category (8x), 45% TimePoint (5x)] (13x), ObjectMaps: 0.0538 s [51% getPrimaryObjectLocation (13x), 30% getPrimaryObjectProperty (13x)] (55x)
2017-06-22 16:34:23,780 [PreLoadDataService | u:p] INFO  TXLOGGER  - Tx 5733de5e20c6a_0_5733de5e20c6a_0_: finished. Total: 0.352 s, svn: 0.209 s [64% getFile content (14x), 36% info (10x)] (25x), resolve: 0.176 s [100% User (8x)] (8x), RepositoryConfigService: 0.148 s [81% getReadConfiguration (72x)] (74x), ObjectMaps: 0.0208 s [45% getPrimaryObjectLocation (8x), 29% getPrimaryObjectProperty (8x), 26% getLastPromoted (8x)] (33x)
2017-06-22 16:34:23,911 [PreLoadDataService | u:p] INFO  TXLOGGER  - Tx 5733de5e7906b_0_5733de5e7906b_0_: finished. Total: 0.13 s, RepositoryConfigService: 0.108 s [99% getReadConfiguration (55x)] (78x), svn: 0.0913 s [100% getFile content (13x)] (14x)
2017-06-22 16:34:24,005 [DBHistoryCreator-2 | u:p] INFO  TXLOGGER  - Summary: Total: 1.47 s, transactions: 0
2017-06-22 16:34:24,005 [DBHistoryCreator-1 | u:p] INFO  TXLOGGER  - Summary: Total: 1.47 s, transactions: 0
2017-06-22 16:34:24,005 [Worker-1 | u:p | job: polarion.jobs.db.history] INFO  TXLOGGER  - Summary after DBHistoryCreator: transactions: 0, Lucene: 0.0278 s [100% add (1x)] (1x), DB: 0.00148 s [74% update (2x), 26% commit (2x)] (4x)
2017-06-22 16:34:24,007 [Worker-1 | u:p] INFO  TXLOGGER  - Summary for 'job: polarion.jobs.db.history': Total: 1.51 s, transactions: 0, SubterraURITable: 1.18 s [100% getDB (4054x)] (4054x), DB: 1.12 s [50% query (4080x), 31% update (4055x)] (20377x)
2017-06-22 16:34:24,657 [PreLoadDataService | u:p] INFO  TXLOGGER  - Tx 5733de5e99c6c_0_5733de5e99c6c_0_: finished. Total: 0.746 s, svn: 0.678 s [68% getFile content (47x), 32% getDir2 content (17x)] (65x), RepositoryConfigService: 0.51 s [100% getReadConfiguration (164x)] (180x)
2017-06-22 16:34:25,024 [PreLoadDataService | u:p] INFO  TXLOGGER  - Tx 5733de5f5446d_0_5733de5f5446d_0_: finished. Total: 0.367 s, RepositoryConfigService: 0.311 s [99% getReadConfiguration (295x)] (370x), svn: 0.31 s [85% getFile content (35x)] (42x)
2017-06-22 16:34:25,364 [PreLoadDataService | u:p] INFO  TXLOGGER  - Tx 5733de5fb006e_0_5733de5fb006e_0_: finished. Total: 0.34 s, svn: 0.306 s [54% getFile content (21x), 46% getDir2 content (17x)] (39x), RepositoryConfigService: 0.195 s [100% getReadConfiguration (88x)] (110x)
2017-06-22 16:34:25,497 [PreLoadDataService | u:p] INFO  TXLOGGER  - Tx 5733de600506f_0_5733de600506f_0_: finished. Total: 0.132 s, svn: 0.123 s [56% getDir2 content (11x), 44% getFile content (8x)] (20x), RepositoryConfigService: 0.0611 s [99% getReadConfiguration (38x)] (54x)
2017-06-22 16:34:25,809 [PreLoadDataService | u:p] INFO  TXLOGGER  - Tx 5733de6026470_0_5733de6026470_0_: finished. Total: 0.312 s, svn: 0.279 s [60% getFile content (24x), 40% getDir2 content (12x)] (37x), RepositoryConfigService: 0.197 s [100% getReadConfiguration (87x)] (109x)
2017-06-22 16:34:25,809 [PreLoadDataService] INFO  TXLOGGER  - Summary for 'PreloadDataService': Total: 3.51 s, transactions: 9, svn: 2.57 s [59% getFile content (182x), 36% getDir2 content (90x)] (301x), RepositoryConfigService: 1.56 s [98% getReadConfiguration (801x)] (981x), resolve: 0.759 s [30% Category (8x), 25% TimePoint (5x), 23% User (8x), 22% Project (5x)] (26x)
2017-06-22 16:34:25,809 [PreLoadDataService] INFO  TXLOGGER  - Summary after preload: transactions: 9, svn: 2.57 s [59% getFile content (182x), 36% getDir2 content (90x)] (302x), RepositoryConfigService: 1.56 s [98% getReadConfiguration (801x)] (981x), SubterraURITable: 1.18 s [100% getDB (4054x)] (4054x), DB: 1.12 s [50% query (4080x), 31% update (4055x)] (20377x), resolve: 0.759 s [30% Category (8x), 25% TimePoint (5x), 23% User (9x), 22% Project (5x)] (27x)
2017-06-22 16:34:45,830 [ajp-nio-8889-exec-5 | u:admin] INFO  TXLOGGER  - Summary for 'WorkItemDataService.saveWorkItem': Total: 0.134 s, transactions: 2, resolve: 0.0883 s [100% WorkItem (2x)] (2x), svn: 0.0527 s [50% info (3x), 24% getFile content (1x), 24% getDir2 content (1x)] (8x), calculatedFieldsContributor: 0.018 s [100% fields (1x)] (1x), RepositoryConfigService: 0.0171 s [86% getExistingPrefixes (1x)] (5x), permissions: 0.0133 s [100% readInstance (2x)] (2x), derivedLinkedRevisionsContributor: 0.0123 s [100% fields (1x)] (1x)
2017-06-22 16:34:48,659 [ajp-nio-8889-exec-6 | u:admin] INFO  TXLOGGER  - Tx 5733de7598c73_0_5733de7598c73_0_: finished. Total: 1.2 s, svn: 0.775 s [91% endActivity (1x)] (10x), Lucene: 0.174 s [80% refresh (1x)] (3x), processed revs: [111, 111 (delay 0s)], write: true
2017-06-22 16:34:48,969 [Persistence Events Processing Thread | u:p] INFO  TXLOGGER  - Tx 5733de76c4c74_0_5733de76c4c74_0_: finished. Total: 0.309 s, resolve: 0.205 s [65% WorkItem (8x), 35% User (11x)] (19x), svn: 0.191 s [56% getFile content (8x), 25% info (2x)] (13x)
2017-06-22 16:34:49,105 [Persistence Events Processing Thread | u:p] INFO  TXLOGGER  - Tx 5733de7712476_0_5733de7712476_0_: finished. Total: 0.136 s, resolve: 0.0631 s [100% WorkItem (3x)] (5x), svn: 0.0583 s [45% getDir2 content (1x), 26% getFile content (1x), 26% info (1x)] (5x), Lucene: 0.0243 s [100% add (1x)] (1x)
2017-06-22 16:34:49,106 [Persistence Events Processing Thread | u:p] INFO  TXLOGGER  - Summary: Total: 0.446 s, transactions: 6, persistence listener: 0.446 s [69% notificationsCreatingListener (1x), 30% WorkItemActivityCreator (1x)] (7x), resolve: 0.268 s [73% WorkItem (11x), 27% User (12x)] (24x), svn: 0.25 s [49% getFile content (9x), 25% info (3x), 25% getDir2 content (3x)] (18x), Lucene: 0.0245 s [99% add (1x)] (3x)
2017-06-22 16:34:49,202 [ajp-nio-8889-exec-6 | u:admin] INFO  TXLOGGER  - Tx 5733de76c5075_0_5733de76c5075_0_: finished. Total: 0.543 s, RepositoryConfigService: 0.286 s [93% getReadConfiguration (321x)] (353x), svn: 0.173 s [63% getFile content (10x), 24% info (4x)] (17x)
2017-06-22 16:34:49,356 [ajp-nio-8889-exec-6 | u:admin] INFO  TXLOGGER  - Summary for 'WorkItemDataService.saveWorkItem': Total: 1.9 s, transactions: 2, svn: 0.948 s [74% endActivity (1x), 14% getFile content (12x)] (27x), RepositoryConfigService: 0.309 s [93% getReadConfiguration (343x)] (378x), Lucene: 0.196 s [71% refresh (1x), 18% search (10x)] (12x)
2017-06-22 16:34:55,773 [ajp-nio-8889-exec-10 | u:admin] INFO  TXLOGGER  - Tx 5733de7cf7c83_0_5733de7cf7c83_0_: finished. Total: 0.766 s, svn: 0.654 s [92% endActivity (1x)] (9x), Lucene: 0.056 s [60% refresh (1x), 34% add (1x)] (3x), resolve: 0.0433 s [99% WorkItem (2x)] (12x), processed revs: [112, 112 (delay 0s)], write: true
2017-06-22 16:34:55,842 [ajp-nio-8889-exec-10 | u:admin] INFO  TXLOGGER  - Summary for 'WorkItemDataService.saveWorkItem': Total: 0.836 s, transactions: 2, svn: 0.654 s [92% endActivity (1x)] (9x), Lucene: 0.0647 s [52% refresh (1x), 29% add (1x)] (4x), resolve: 0.0456 s [96% WorkItem (6x)] (37x)
2017-06-22 16:34:55,999 [Persistence Events Processing Thread | u:p] INFO  TXLOGGER  - Tx 5733de7db7084_0_5733de7db7084_0_: finished. Total: 0.227 s, resolve: 0.22 s [74% WorkItem (8x), 26% User (11x)] (19x), svn: 0.163 s [41% getFile content (5x), 33% getDir2 content (2x), 26% info (2x)] (10x), ObjectMaps: 0.0476 s [47% getPrimaryObjectLocation (5x), 38% getLastPromoted (5x)] (20x)
2017-06-22 16:34:56,092 [Persistence Events Processing Thread | u:p] INFO  TXLOGGER  - Summary: Total: 0.32 s, transactions: 6, persistence listener: 0.32 s [71% notificationsCreatingListener (1x), 29% WorkItemActivityCreator (1x)] (7x), resolve: 0.269 s [79% WorkItem (11x), 21% User (12x)] (24x), svn: 0.208 s [40% getFile content (6x), 32% getDir2 content (3x), 27% info (3x)] (15x), ObjectMaps: 0.0522 s [48% getPrimaryObjectLocation (6x), 36% getLastPromoted (6x)] (24x), Lucene: 0.0338 s [100% add (1x)] (1x)
