2017-06-23 10:02:18,967 [main] INFO  com.polarion.platform.startup  - ****************************************************************
2017-06-23 10:02:18,967 [main] INFO  com.polarion.platform.startup  -                 Polarion starting, please wait!                 
2017-06-23 10:02:18,967 [main] INFO  com.polarion.platform.startup  - ****************************************************************
2017-06-23 10:02:18,967 [main] INFO  com.polarion.platform.startup  - Server start mode: normal
2017-06-23 10:02:18,967 [main] INFO  com.polarion.platform.startup  - ------------------------------
2017-06-23 10:02:18,967 [main] INFO  com.polarion.platform.startup  - Platform startup (Phase: 1/9)
2017-06-23 10:02:23,421 [main] INFO  com.polarion.platform.startup  - Opening historical database...
2017-06-23 10:02:23,582 [main] INFO  com.polarion.platform.startup  - Opening of historical database finished [ TIME 0.161 s. ]
2017-06-23 10:02:23,582 [main] INFO  com.polarion.platform.startup  - Opening head database...
2017-06-23 10:02:23,650 [main] INFO  com.polarion.platform.startup  - Opening of head database finished [ TIME 0.0675 s. ]
2017-06-23 10:02:23,870 [main | u:p] INFO  com.polarion.platform.startup  -  -- Polarion startup estimation:  [ TIME 50 s. ]
2017-06-23 10:02:24,020 [main | u:p] INFO  com.polarion.platform.startup  - Platform startup ... took  [ TIME 5.06 s. ]
2017-06-23 10:02:24,175 [main | u:p] INFO  com.polarion.platform.startup  - ------------------------------
2017-06-23 10:02:24,175 [main | u:p] INFO  com.polarion.platform.startup  - Context recognition (Phase: 2/9)
2017-06-23 10:02:24,208 [main | u:p] INFO  com.polarion.platform.startup  - Context recognition ... took  [ TIME 0.19 s. ]
2017-06-23 10:02:24,209 [main | u:p] INFO  com.polarion.platform.startup  - ------------------------------
2017-06-23 10:02:24,209 [main | u:p] INFO  com.polarion.platform.startup  - Context initialization (Phase: 3/9)
2017-06-23 10:02:24,213 [LowLevelDataService-contextInitializer-1 | u:p | context: [GLOBAL]] INFO  com.polarion.platform.startup  -  -- Initializing context: [GLOBAL] (3/8)
2017-06-23 10:02:24,213 [LowLevelDataService-contextInitializer-2 | u:p | cluster: default] INFO  com.polarion.platform.startup  -  -- Initializing cluster: default (2/8)
2017-06-23 10:02:24,213 [LowLevelDataService-contextInitializer-3 | u:p | context: MyPolarion] INFO  com.polarion.platform.startup  -  -- Initializing context: MyPolarion (5/8)
2017-06-23 10:02:24,213 [LowLevelDataService-contextInitializer-5 | u:p | context: library] INFO  com.polarion.platform.startup  -  -- Initializing context: library (1/8)
2017-06-23 10:02:24,213 [LowLevelDataService-contextInitializer-4 | u:p | context: --Demo Projects] INFO  com.polarion.platform.startup  -  -- Initializing context: --Demo Projects (4/8)
2017-06-23 10:02:24,218 [LowLevelDataService-contextInitializer-1 | u:p | context: CAPA] INFO  com.polarion.platform.startup  -  -- Initializing context: CAPA (6/8)
2017-06-23 10:02:24,296 [LowLevelDataService-contextInitializer-2 | u:p | context: elibrary] INFO  com.polarion.platform.startup  -  -- Initializing context: elibrary (7/8)
2017-06-23 10:02:24,388 [LowLevelDataService-contextInitializer-1 | u:p | context: drivepilot] INFO  com.polarion.platform.startup  -  -- Initializing context: drivepilot (8/8)
2017-06-23 10:02:25,400 [main | u:p] INFO  com.polarion.platform.startup  - Context initialization ... took  [ TIME 1.19 s. ]
2017-06-23 10:02:25,410 [main | u:p] INFO  com.polarion.platform.startup  - ------------------------------
2017-06-23 10:02:25,410 [main | u:p] INFO  com.polarion.platform.startup  - Revisions processing (Phase: 4/9)
2017-06-23 10:02:25,690 [main | u:p] INFO  com.polarion.platform.startup  -  -- Processing new revisions from repository default in context ContextId[context [global]]
2017-06-23 10:02:25,700 [main | u:p] INFO  com.polarion.platform.startup  - Revisions processing ... took  [ TIME 0.3 s. ]
2017-06-23 10:02:25,751 [main | u:p] INFO  com.polarion.platform.startup  - ------------------------------
2017-06-23 10:02:25,751 [main | u:p] INFO  com.polarion.platform.startup  - Build artifacts recognition (Phase: 5/9)
2017-06-23 10:02:25,761 [main | u:p] INFO  com.polarion.platform.startup  -  -- Processing build artifacts from context: [GLOBAL] (1/8)
2017-06-23 10:02:25,879 [main | u:p] INFO  com.polarion.platform.startup  -  -- Processing build artifacts from cluster: default (2/8)
2017-06-23 10:02:25,916 [main | u:p] INFO  com.polarion.platform.startup  -  -- Processing build artifacts from context: MyPolarion (3/8)
2017-06-23 10:02:25,954 [main | u:p] INFO  com.polarion.platform.startup  -  -- Processing build artifacts from context: --Demo Projects (4/8)
2017-06-23 10:02:25,992 [main | u:p] INFO  com.polarion.platform.startup  -  -- Processing build artifacts from context: library (5/8)
2017-06-23 10:02:26,031 [main | u:p] INFO  com.polarion.platform.startup  -  -- Processing build artifacts from context: CAPA (6/8)
2017-06-23 10:02:26,139 [main | u:p] INFO  com.polarion.platform.startup  -  -- Processing build artifacts from context: elibrary (7/8)
2017-06-23 10:02:26,288 [main | u:p] INFO  com.polarion.platform.startup  -  -- Processing build artifacts from context: drivepilot (8/8)
2017-06-23 10:02:26,289 [main | u:p] INFO  com.polarion.platform.startup  - Build artifacts recognition ... took  [ TIME 0.59 s. ]
2017-06-23 10:02:26,289 [main | u:p] INFO  com.polarion.platform.startup  - ------------------------------
2017-06-23 10:02:26,289 [main | u:p] INFO  com.polarion.platform.startup  - BIR inspection (Phase: 6/9)
2017-06-23 10:02:26,335 [main | u:p] INFO  com.polarion.platform.startup  - BIR inspection ... took  [ TIME 0.05 s. ]
2017-06-23 10:02:26,359 [main | u:p] INFO  com.polarion.platform.startup  - ------------------------------
2017-06-23 10:02:26,359 [main | u:p] INFO  com.polarion.platform.startup  - Data indexing (Phase: 7/9)
2017-06-23 10:02:26,564 [main | u:p] INFO  com.polarion.platform.startup  -  -- Refreshing 9 objects in index: BuildArtifact
2017-06-23 10:02:26,580 [main | u:p] INFO  com.polarion.platform.startup  -  -- -- 9 from 9 objects were refreshed (100%)
2017-06-23 10:02:26,858 [main | u:p] INFO  com.polarion.platform.startup  -  -- Refreshing 1 objects in index: Revision
2017-06-23 10:02:26,858 [main | u:p] INFO  com.polarion.platform.startup  -  -- -- 1 from 1 objects were refreshed (100%)
2017-06-23 10:02:26,918 [main | u:p] INFO  com.polarion.platform.startup  - Data indexing ... took  [ TIME 0.58 s. ]
2017-06-23 10:02:26,918 [main | u:p] INFO  com.polarion.platform.startup  - ------------------------------
2017-06-23 10:02:26,918 [main | u:p] INFO  com.polarion.platform.startup  - Fields recalculation (Phase: 8/9)
2017-06-23 10:02:26,934 [main | u:p] INFO  com.polarion.platform.startup  - Fields recalculation ... took  [ TIME 0.02 s. ]
2017-06-23 10:02:26,934 [main | u:p] INFO  com.polarion.platform.startup  - ------------------------------
2017-06-23 10:02:26,934 [main | u:p] INFO  com.polarion.platform.startup  - Polarion startup (Phase: 9/9)
2017-06-23 10:03:01,435 [main] INFO  com.polarion.platform.startup  - Polarion startup ... took  [ TIME 34.5 s. ]
2017-06-23 10:03:01,436 [main] INFO  com.polarion.platform.startup  - ****************************************************************
2017-06-23 10:03:01,436 [main] INFO  com.polarion.platform.startup  -                  Polarion started:  [ TIME 42.5 s. ]
2017-06-23 10:03:01,436 [main] INFO  com.polarion.platform.startup  - ****************************************************************
