2017-06-22 18:14:10,199 [main | u:p] INFO  TXLOGGER  - Summary for 'Platform startup': transactions: 0, DB: 0.0426 s [49% update (126x), 49% query (13x)] (206x), svn: 0.0275 s [89% checkPath (1x)] (3x)
2017-06-22 18:14:10,396 [main | u:p] INFO  TXLOGGER  - Summary for 'Context recognition': transactions: 0, svn: 0.0817 s [43% info (3x), 30% getFile content (1x), 26% getDir2 content (2x)] (6x)
2017-06-22 18:14:11,598 [LowLevelDataService-contextInitializer-3 | u:p] INFO  TXLOGGER  - Summary: Total: 1.2 s, transactions: 0, ObjectMaps: 0.264 s [100% getAllPrimaryObjects (1x)] (7x)
2017-06-22 18:14:11,598 [LowLevelDataService-contextInitializer-4 | u:p] INFO  TXLOGGER  - Summary: Total: 1.2 s, transactions: 0, svn: 0.139 s [97% log2 (10x)] (12x)
2017-06-22 18:14:11,598 [LowLevelDataService-contextInitializer-1 | u:p] INFO  TXLOGGER  - Summary: Total: 1.2 s, transactions: 0, svn: 0.0992 s [98% log2 (5x)] (6x)
2017-06-22 18:14:11,598 [LowLevelDataService-contextInitializer-5 | u:p] INFO  TXLOGGER  - Summary: Total: 1.2 s, transactions: 0, svn: 0.159 s [41% log2 (5x), 28% log (1x), 19% info (4x)] (15x)
2017-06-22 18:14:11,598 [LowLevelDataService-contextInitializer-2 | u:p] INFO  TXLOGGER  - Summary: Total: 1.2 s, transactions: 0, svn: 0.141 s [95% log2 (6x)] (8x)
2017-06-22 18:14:11,599 [main | u:p] INFO  TXLOGGER  - Summary for 'Context initialization': transactions: 0, svn: 0.576 s [81% log2 (31x)] (47x), ObjectMaps: 0.405 s [99% getAllPrimaryObjects (7x)] (55x)
2017-06-22 18:14:11,921 [main | u:p] INFO  TXLOGGER  - Summary for 'Revisions processing': transactions: 14, RepositoryConfigService: 0.216 s [100% getReadConfiguration (42x)] (42x), svn: 0.125 s [91% info (15x)] (32x)
2017-06-22 18:14:12,679 [main | u:p] INFO  TXLOGGER  - Summary for 'Build artifacts recognition': transactions: 40, svn: 0.61 s [87% info (78x)] (131x), RepositoryConfigService: 0.495 s [100% getReadConfiguration (48x)] (48x)
2017-06-22 18:14:13,204 [main | u:p] INFO  TXLOGGER  - Summary for 'Data indexing': transactions: 0, Lucene: 0.216 s [100% refresh (1x)] (1x), SubterraURITable: 0.0147 s [100% addIfNotExistsDB (1x)] (1x), derivedLinkedRevisionsContributor: 0.0114 s [100% objectsToInv (1x)] (1x)
2017-06-22 18:14:48,605 [main] INFO  TXLOGGER  - Summary for 'Polarion startup': transactions: 1, svn: 0.337 s [76% info (47x), 13% getDir2 content (5x)] (66x), RepositoryConfigService: 0.0329 s [100% getReadConfiguration (2x)] (2x)
2017-06-22 18:14:48,717 [Persistence Events Processing Thread | u:p] INFO  TXLOGGER  - Summary: Total: 0.107 s, transactions: 6, persistence listener: 0.106 s [93% notificationsCreatingListener (1x)] (7x)
2017-06-22 18:14:49,259 [PreLoadDataService | u:p] INFO  TXLOGGER  - Tx 5733f55a1a038_0_5733f55a1a038_0_: finished. Total: 0.642 s, svn: 0.417 s [70% getDir2 content (25x), 29% getFile content (15x)] (43x), resolve: 0.244 s [53% TimePoint (5x), 47% Category (8x)] (13x), ObjectMaps: 0.0395 s [49% getPrimaryObjectLocation (13x), 30% getPrimaryObjectProperty (13x), 21% getLastPromoted (13x)] (55x)
2017-06-22 18:14:49,643 [PreLoadDataService | u:p] INFO  TXLOGGER  - Tx 5733f55add440_0_5733f55add440_0_: finished. Total: 0.246 s, svn: 0.175 s [59% getFile content (14x), 41% info (10x)] (25x), RepositoryConfigService: 0.131 s [83% getReadConfiguration (72x)] (74x), resolve: 0.0908 s [100% User (8x)] (8x), ObjectMaps: 0.0178 s [42% getPrimaryObjectLocation (8x), 30% getPrimaryObjectProperty (8x), 28% getLastPromoted (8x)] (33x)
2017-06-22 18:14:49,778 [Worker-0 | u:p | job: polarion.jobs.attachment.indexer] INFO  TXLOGGER  - Summary after AttachmentIndexer: transactions: 6, Lucene: 2.04 s [100% add (2x)] (2x), persistence listener: 0.106 s [93% notificationsCreatingListener (1x)] (7x)
2017-06-22 18:14:49,808 [PreLoadDataService | u:p] INFO  TXLOGGER  - Tx 5733f55b1ac41_0_5733f55b1ac41_0_: finished. Total: 0.164 s, RepositoryConfigService: 0.141 s [99% getReadConfiguration (55x)] (78x), svn: 0.109 s [100% getFile content (13x)] (14x)
2017-06-22 18:14:50,722 [PreLoadDataService | u:p] INFO  TXLOGGER  - Tx 5733f55b44042_0_5733f55b44042_0_: finished. Total: 0.913 s, svn: 0.824 s [72% getFile content (47x), 28% getDir2 content (17x)] (65x), RepositoryConfigService: 0.663 s [100% getReadConfiguration (164x)] (180x)
2017-06-22 18:14:51,121 [PreLoadDataService | u:p] INFO  TXLOGGER  - Tx 5733f55c28843_0_5733f55c28843_0_: finished. Total: 0.399 s, svn: 0.337 s [85% getFile content (35x)] (42x), RepositoryConfigService: 0.324 s [99% getReadConfiguration (295x)] (370x)
2017-06-22 18:14:51,210 [DBHistoryCreator-1 | u:p] INFO  TXLOGGER  - Summary: Total: 1.39 s, transactions: 0
2017-06-22 18:14:51,211 [Worker-1 | u:p | job: polarion.jobs.db.history] INFO  TXLOGGER  - Summary after DBHistoryCreator: transactions: 0, Lucene: 0.0257 s [100% add (1x)] (1x)
2017-06-22 18:14:51,211 [Worker-1 | u:p] INFO  TXLOGGER  - Summary for 'job: polarion.jobs.db.history': Total: 1.44 s, transactions: 0, SubterraURITable: 1.15 s [100% getDB (4080x)] (4080x), DB: 1.09 s [50% query (4106x), 31% update (4081x)] (20515x)
2017-06-22 18:14:51,472 [PreLoadDataService | u:p] INFO  TXLOGGER  - Tx 5733f55c8c444_0_5733f55c8c444_0_: finished. Total: 0.351 s, svn: 0.331 s [53% getDir2 content (17x), 47% getFile content (21x)] (39x), RepositoryConfigService: 0.169 s [100% getReadConfiguration (88x)] (110x)
2017-06-22 18:14:51,602 [PreLoadDataService | u:p] INFO  TXLOGGER  - Tx 5733f55ce4045_0_5733f55ce4045_0_: finished. Total: 0.13 s, svn: 0.12 s [58% getDir2 content (11x), 42% getFile content (8x)] (20x), RepositoryConfigService: 0.0573 s [99% getReadConfiguration (38x)] (54x)
2017-06-22 18:14:51,919 [PreLoadDataService | u:p] INFO  TXLOGGER  - Tx 5733f55d04846_0_5733f55d04846_0_: finished. Total: 0.317 s, svn: 0.284 s [62% getFile content (24x), 38% getDir2 content (12x)] (37x), RepositoryConfigService: 0.205 s [100% getReadConfiguration (87x)] (109x)
2017-06-22 18:14:51,920 [PreLoadDataService] INFO  TXLOGGER  - Summary for 'PreloadDataService': Total: 3.31 s, transactions: 9, svn: 2.66 s [61% getFile content (182x), 35% getDir2 content (90x)] (301x), RepositoryConfigService: 1.71 s [98% getReadConfiguration (801x)] (981x), resolve: 0.422 s [31% TimePoint (5x), 27% Category (8x), 22% User (8x), 21% Project (5x)] (26x)
2017-06-22 18:14:51,920 [PreLoadDataService] INFO  TXLOGGER  - Summary after preload: transactions: 9, svn: 2.66 s [61% getFile content (182x), 35% getDir2 content (90x)] (301x), RepositoryConfigService: 1.71 s [98% getReadConfiguration (801x)] (981x), SubterraURITable: 1.15 s [100% getDB (4080x)] (4080x), DB: 1.09 s [50% query (4106x), 31% update (4081x)] (20515x), resolve: 0.422 s [31% TimePoint (5x), 27% Category (8x), 22% User (9x), 21% Project (5x)] (27x)
