2017-06-22 16:42:53,690 [main | u:p] INFO  com.polarion.platform.monitoring  - Full monitoring results are stored in file C:\Polarion\data\workspace\monitoring\results.txt
2017-06-22 16:42:53,735 [main | u:p] INFO  com.polarion.platform.monitoring  - Executing actions from stage PREBOOT
2017-06-22 16:42:53,739 [main | u:p] INFO  com.polarion.platform.monitoring  - Executing action 'system.info.disk.data.free'
2017-06-22 16:42:53,742 [main | u:p] INFO  com.polarion.platform.monitoring  - system.info.disk.data.free (Free data disk 'C:\Polarion\polarion\..\data' space) = Disk Space 
844.91 GB
 [Thu Jun 22 16:42:53 IST 2017]
2017-06-22 16:42:53,799 [main | u:p] INFO  com.polarion.platform.monitoring  - Executing action 'system.info.jvm.version'
2017-06-22 16:42:53,799 [main | u:p] INFO  com.polarion.platform.monitoring  - system.info.jvm.version (JVM Version) = JVM Version 
Oracle Corporation Java HotSpot(TM) 64-Bit Server VM 25.111-b14
 [Thu Jun 22 16:42:53 IST 2017]
2017-06-22 16:42:53,808 [main | u:p] INFO  com.polarion.platform.monitoring  - Executing action 'system.info.os.version'
2017-06-22 16:42:53,808 [main | u:p] INFO  com.polarion.platform.monitoring  - system.info.os.version (OS Version) = OS Version 
Windows 10 10.0 amd64
 [Thu Jun 22 16:42:53 IST 2017]
2017-06-22 16:42:53,816 [main | u:p] INFO  com.polarion.platform.monitoring  - Finished with actions from stage PREBOOT: {OK=3}
2017-06-22 16:43:32,702 [main | u:p] INFO  com.polarion.platform.monitoring  - Next slow periodic actions will be executed on Fri Jun 23 01:00:32 IST 2017
2017-06-22 16:43:32,703 [main] INFO  com.polarion.platform.monitoring  - Executing actions from stage POSTBOOT
2017-06-22 16:43:32,703 [main] INFO  com.polarion.platform.monitoring  - Finished with actions from stage POSTBOOT: {}
2017-06-22 16:53:32,705 [Monitoring] INFO  com.polarion.platform.monitoring  - Executing actions from stage PERIODIC with speed FAST
2017-06-22 16:53:32,707 [Monitoring] INFO  com.polarion.platform.monitoring  - Executing action 'system.info.disk.data.free'
2017-06-22 16:53:32,708 [Monitoring] INFO  com.polarion.platform.monitoring  - system.info.disk.data.free (Free data disk 'C:\Polarion\polarion\..\data' space) = Disk Space 
844.91 GB
 [Thu Jun 22 16:53:32 IST 2017]
2017-06-22 16:53:32,734 [Monitoring] INFO  com.polarion.platform.monitoring  - Executing action 'system.info.garbageCollector.full.cycles'
2017-06-22 16:53:32,735 [Monitoring] INFO  com.polarion.platform.monitoring  - system.info.garbageCollector.full.cycles (Full Garbage Collector cycles) = Full Garbage Collector cycles 
Full GC cycles: 4; Time: 379
 [Thu Jun 22 16:53:32 IST 2017]
2017-06-22 16:53:32,742 [Monitoring] INFO  com.polarion.platform.monitoring  - Executing action 'system.info.garbageCollector.normal.cycles'
2017-06-22 16:53:32,742 [Monitoring] INFO  com.polarion.platform.monitoring  - system.info.garbageCollector.normal.cycles (Normal Garbage Collector cycles) = Normal Garbage Collector cycles 
Normal GC cycles: 92; Time: 710
 [Thu Jun 22 16:53:32 IST 2017]
2017-06-22 16:53:32,749 [Monitoring] INFO  com.polarion.platform.monitoring  - Executing action 'system.info.memory.nonheap.free'
2017-06-22 16:53:32,749 [Monitoring] INFO  com.polarion.platform.monitoring  - system.info.memory.nonheap.free (Free non-heap memory) = Java Metaspace Memory 
Unlimited
 [Thu Jun 22 16:53:32 IST 2017]
2017-06-22 16:53:32,770 [Monitoring] INFO  com.polarion.platform.monitoring  - Executing action 'system.info.memory.oldGen.free'
2017-06-22 16:53:32,771 [Monitoring] INFO  com.polarion.platform.monitoring  - system.info.memory.oldGen.free (Free Old Gen memory after GC) = Java Heap Memory 
Old Gen pool has  73.19% memory free after GC.
 [Thu Jun 22 16:53:32 IST 2017]
2017-06-22 16:53:32,795 [Monitoring] INFO  com.polarion.platform.monitoring  - Finished with actions from stage PERIODIC: {OK=5}
