2017-06-26 14:32:00,352 [main | u:p] INFO  TXLOGGER  - Summary for 'Platform startup': transactions: 0, DB: 0.0482 s [56% update (126x), 43% query (13x)] (206x), svn: 0.0258 s [83% checkPath (1x)] (3x)
2017-06-26 14:32:00,561 [main | u:p] INFO  TXLOGGER  - Summary for 'Context recognition': transactions: 0, svn: 0.0958 s [40% info (3x), 36% getDir2 content (2x), 24% getFile content (1x)] (6x)
2017-06-26 14:32:01,963 [LowLevelDataService-contextInitializer-5 | u:p] INFO  TXLOGGER  - Summary: Total: 1.4 s, transactions: 0
2017-06-26 14:32:01,963 [LowLevelDataService-contextInitializer-2 | u:p] INFO  TXLOGGER  - Summary: Total: 1.4 s, transactions: 0, svn: 0.219 s [98% log2 (11x)] (14x)
2017-06-26 14:32:01,964 [LowLevelDataService-contextInitializer-3 | u:p] INFO  TXLOGGER  - Summary: Total: 1.4 s, transactions: 0, ObjectMaps: 0.268 s [100% getAllPrimaryObjects (1x)] (7x), svn: 0.199 s [35% log (1x), 26% info (5x), 19% log2 (5x), 18% getFile content (4x)] (17x)
2017-06-26 14:32:01,964 [LowLevelDataService-contextInitializer-1 | u:p] INFO  TXLOGGER  - Summary: Total: 1.4 s, transactions: 0, svn: 0.0763 s [98% log2 (5x)] (6x)
2017-06-26 14:32:01,964 [LowLevelDataService-contextInitializer-4 | u:p] INFO  TXLOGGER  - Summary: Total: 1.4 s, transactions: 0, svn: 0.197 s [98% log2 (10x)] (12x)
2017-06-26 14:32:01,965 [main | u:p] INFO  TXLOGGER  - Summary for 'Context initialization': transactions: 0, svn: 0.759 s [77% log2 (36x), 9% log (1x)] (55x), ObjectMaps: 0.421 s [99% getAllPrimaryObjects (8x)] (68x)
2017-06-26 14:32:02,291 [main | u:p] INFO  TXLOGGER  - Summary for 'Revisions processing': transactions: 16, RepositoryConfigService: 0.228 s [100% getReadConfiguration (48x)] (48x), svn: 0.141 s [91% info (17x)] (36x)
2017-06-26 14:32:03,233 [main | u:p] INFO  TXLOGGER  - Summary for 'Build artifacts recognition': transactions: 45, svn: 0.783 s [87% info (87x)] (145x), RepositoryConfigService: 0.615 s [100% getReadConfiguration (54x)] (54x)
2017-06-26 14:32:03,715 [main | u:p] INFO  TXLOGGER  - Summary for 'Data indexing': transactions: 0, Lucene: 0.201 s [100% refresh (1x)] (1x), SubterraURITable: 0.0131 s [100% addIfNotExistsDB (1x)] (1x), derivedLinkedRevisionsContributor: 0.012 s [100% objectsToInv (1x)] (1x)
2017-06-26 14:32:39,095 [main] INFO  TXLOGGER  - Summary for 'Polarion startup': transactions: 1, svn: 0.378 s [80% info (48x)] (67x), RepositoryConfigService: 0.0391 s [100% getReadConfiguration (2x)] (2x)
2017-06-26 14:32:39,204 [Persistence Events Processing Thread | u:p] INFO  TXLOGGER  - Summary: Total: 0.104 s, transactions: 6, persistence listener: 0.104 s [92% notificationsCreatingListener (1x)] (7x)
2017-06-26 14:32:39,275 [Worker-0 | u:p | job: polarion.jobs.attachment.indexer] INFO  TXLOGGER  - Summary after AttachmentIndexer: transactions: 6, persistence listener: 0.104 s [92% notificationsCreatingListener (1x)] (7x), Lucene: 0.0708 s [100% add (2x)] (2x), resolve: 0.0395 s [91% User (2x)] (5x), ObjectMaps: 0.0105 s [100% getPrimaryObjectLocation (2x)] (2x)
2017-06-26 14:32:39,930 [PreLoadDataService | u:p] INFO  TXLOGGER  - Tx 5738e8dd00c3f_0_5738e8dd00c3f_0_: finished. Total: 0.822 s, svn: 0.507 s [63% getDir2 content (25x), 37% getFile content (15x)] (43x), resolve: 0.373 s [52% Category (8x), 48% TimePoint (5x)] (13x), ObjectMaps: 0.0529 s [51% getPrimaryObjectLocation (13x), 30% getPrimaryObjectProperty (13x)] (55x)
2017-06-26 14:32:40,562 [PreLoadDataService | u:p] INFO  TXLOGGER  - Tx 5738e8de0c847_0_5738e8de0c847_0_: finished. Total: 0.382 s, svn: 0.249 s [57% getFile content (16x), 42% info (12x)] (30x), RepositoryConfigService: 0.188 s [83% getReadConfiguration (90x)] (92x), resolve: 0.164 s [100% User (9x)] (9x), ObjectMaps: 0.0232 s [39% getPrimaryObjectLocation (9x), 34% getPrimaryObjectProperty (9x), 26% getLastPromoted (9x)] (37x)
2017-06-26 14:32:40,714 [PreLoadDataService | u:p] INFO  TXLOGGER  - Tx 5738e8de6c848_0_5738e8de6c848_0_: finished. Total: 0.152 s, RepositoryConfigService: 0.13 s [99% getReadConfiguration (55x)] (78x), svn: 0.112 s [100% getFile content (13x)] (14x)
2017-06-26 14:32:40,799 [DBHistoryCreator-2 | u:p] INFO  TXLOGGER  - Summary: Total: 1.48 s, transactions: 0
2017-06-26 14:32:40,799 [DBHistoryCreator-3 | u:p] INFO  TXLOGGER  - Summary: Total: 1.48 s, transactions: 0
2017-06-26 14:32:40,799 [DBHistoryCreator-1 | u:p] INFO  TXLOGGER  - Summary: Total: 1.48 s, transactions: 0
2017-06-26 14:32:40,799 [Worker-1 | u:p | job: polarion.jobs.db.history] INFO  TXLOGGER  - Summary after DBHistoryCreator: transactions: 0, Lucene: 0.034 s [100% add (1x)] (1x), DB: 0.0021 s [73% update (3x), 27% commit (3x)] (6x)
2017-06-26 14:32:40,799 [Worker-1 | u:p] INFO  TXLOGGER  - Summary for 'job: polarion.jobs.db.history': Total: 1.53 s, transactions: 0, SubterraURITable: 1.18 s [100% getDB (4207x)] (4207x), DB: 1.12 s [51% query (4233x), 30% update (4208x)] (21202x)
2017-06-26 14:32:41,680 [PreLoadDataService | u:p] INFO  TXLOGGER  - Tx 5738e8de92849_0_5738e8de92849_0_: finished. Total: 0.966 s, svn: 0.893 s [70% getFile content (47x), 30% getDir2 content (17x)] (65x), RepositoryConfigService: 0.682 s [100% getReadConfiguration (179x)] (198x)
2017-06-26 14:32:42,118 [PreLoadDataService | u:p] INFO  TXLOGGER  - Tx 5738e8df8404a_0_5738e8df8404a_0_: finished. Total: 0.438 s, svn: 0.385 s [86% getFile content (37x)] (44x), RepositoryConfigService: 0.373 s [99% getReadConfiguration (308x)] (386x)
2017-06-26 14:32:42,463 [PreLoadDataService | u:p] INFO  TXLOGGER  - Tx 5738e8dff184b_0_5738e8dff184b_0_: finished. Total: 0.344 s, svn: 0.3 s [84% getFile content (34x)] (41x), RepositoryConfigService: 0.292 s [99% getReadConfiguration (295x)] (353x)
2017-06-26 14:32:42,881 [PreLoadDataService | u:p] INFO  TXLOGGER  - Tx 5738e8e047c4c_0_5738e8e047c4c_0_: finished. Total: 0.418 s, svn: 0.387 s [57% getFile content (21x), 43% getDir2 content (17x)] (39x), RepositoryConfigService: 0.246 s [100% getReadConfiguration (88x)] (110x)
2017-06-26 14:32:43,005 [PreLoadDataService | u:p] INFO  TXLOGGER  - Tx 5738e8e0b044d_0_5738e8e0b044d_0_: finished. Total: 0.124 s, svn: 0.116 s [58% getDir2 content (11x), 42% getFile content (8x)] (20x), RepositoryConfigService: 0.0538 s [99% getReadConfiguration (38x)] (54x)
2017-06-26 14:32:43,311 [PreLoadDataService | u:p] INFO  TXLOGGER  - Tx 5738e8e0cf44e_0_5738e8e0cf44e_0_: finished. Total: 0.305 s, svn: 0.274 s [60% getFile content (24x), 40% getDir2 content (12x)] (37x), RepositoryConfigService: 0.193 s [100% getReadConfiguration (87x)] (109x)
2017-06-26 14:32:43,311 [PreLoadDataService] INFO  TXLOGGER  - Summary for 'PreloadDataService': Total: 4.21 s, transactions: 10, svn: 3.34 s [64% getFile content (221x), 31% getDir2 content (96x)] (352x), RepositoryConfigService: 2.19 s [98% getReadConfiguration (1142x)] (1386x), resolve: 0.717 s [27% Category (8x), 25% Project (6x), 25% TimePoint (5x), 23% User (9x)] (28x)
2017-06-26 14:32:43,312 [PreLoadDataService] INFO  TXLOGGER  - Summary after preload: transactions: 10, svn: 3.34 s [64% getFile content (221x), 31% getDir2 content (96x)] (353x), RepositoryConfigService: 2.19 s [98% getReadConfiguration (1142x)] (1386x), SubterraURITable: 1.18 s [100% getDB (4207x)] (4207x), DB: 1.12 s [51% query (4233x), 30% update (4208x)] (21202x), resolve: 0.718 s [27% Category (8x), 25% Project (6x), 25% TimePoint (5x), 23% User (10x)] (29x)
2017-06-26 14:33:22,198 [ajp-nio-8889-exec-5 | u:admin] INFO  TXLOGGER  - Tx 5738e906a444f_0_5738e906a444f_0_: finished. Total: 0.454 s, svn: 0.101 s [50% getFile content (6x), 31% info (4x)] (15x), RepositoryConfigService: 0.0904 s [83% getReadConfiguration (287x)] (312x), resolve: 0.0786 s [100% WorkItem (2x)] (6x), Lucene: 0.0311 s [100% search (6x)] (6x)
2017-06-26 14:33:22,299 [ajp-nio-8889-exec-5 | u:admin] INFO  TXLOGGER  - Summary for 'WorkItemDataService.loadWorkitem': Total: 0.556 s, transactions: 1, svn: 0.101 s [50% getFile content (6x), 31% info (4x)] (15x), RepositoryConfigService: 0.0904 s [83% getReadConfiguration (287x)] (312x), resolve: 0.0786 s [100% WorkItem (2x)] (6x), Lucene: 0.0311 s [100% search (6x)] (6x)
2017-06-26 14:33:23,688 [ajp-nio-8889-exec-7 | u:admin] INFO  TXLOGGER  - Tx 5738e90859050_0_5738e90859050_0_: finished. Total: 0.197 s, RepositoryConfigService: 0.101 s [86% getReadConfiguration (301x)] (319x), svn: 0.0555 s [74% getFile content (6x), 26% info (2x)] (9x), permissions: 0.0146 s [94% readInstance (53x)] (98x)
2017-06-26 14:33:23,713 [ajp-nio-8889-exec-7 | u:admin] INFO  TXLOGGER  - Summary for 'WorkItemDataService.loadWorkitem': Total: 0.222 s, transactions: 1, RepositoryConfigService: 0.101 s [86% getReadConfiguration (301x)] (319x), svn: 0.0555 s [74% getFile content (6x), 26% info (2x)] (9x), permissions: 0.0146 s [94% readInstance (53x)] (98x)
2017-06-26 14:33:28,426 [ajp-nio-8889-exec-8 | u:admin] INFO  TXLOGGER  - Tx 5738e90c59c51_0_5738e90c59c51_0_: finished. Total: 0.834 s, svn: 0.591 s [92% endActivity (1x)] (9x), Lucene: 0.167 s [87% refresh (1x)] (2x), processed revs: [206, 206 (delay 0s)], write: true
2017-06-26 14:33:28,514 [ajp-nio-8889-exec-8 | u:admin] INFO  TXLOGGER  - Summary for 'WorkItemDataService.saveWorkItem': Total: 0.931 s, transactions: 2, svn: 0.591 s [92% endActivity (1x)] (9x), Lucene: 0.173 s [84% refresh (1x)] (3x)
2017-06-26 14:33:28,688 [Persistence Events Processing Thread | u:p] INFO  TXLOGGER  - Tx 5738e90d2a852_0_5738e90d2a852_0_: finished. Total: 0.262 s, resolve: 0.161 s [92% WorkItem (8x)] (11x), svn: 0.142 s [36% getDir2 content (2x), 32% getFile content (4x), 31% info (2x)] (9x), ObjectMaps: 0.0209 s [51% getPrimaryObjectProperty (3x), 30% getLastPromoted (3x)] (12x)
2017-06-26 14:33:28,771 [Persistence Events Processing Thread | u:p] INFO  TXLOGGER  - Summary: Total: 0.344 s, transactions: 6, persistence listener: 0.344 s [76% notificationsCreatingListener (1x), 24% WorkItemActivityCreator (1x)] (7x), resolve: 0.201 s [94% WorkItem (11x)] (16x), svn: 0.177 s [35% getDir2 content (3x), 33% getFile content (5x), 31% info (3x)] (14x), ObjectMaps: 0.0258 s [45% getPrimaryObjectProperty (4x), 28% getLastPromoted (4x), 27% getPrimaryObjectLocation (4x)] (16x), Lucene: 0.0215 s [100% add (1x)] (1x)
2017-06-26 14:33:45,630 [ajp-nio-8889-exec-10 | u:admin] INFO  TXLOGGER  - Tx 5738e91dddc66_0_5738e91dddc66_0_: finished. Total: 0.102 s, resolve: 0.065 s [100% WorkItem (3x)] (7x), svn: 0.0567 s [34% getFile content (2x), 33% getDir2 content (2x), 32% info (2x)] (8x)
2017-06-26 14:33:45,634 [ajp-nio-8889-exec-10 | u:admin] INFO  TXLOGGER  - Summary for 'WorkItemDataService.loadWorkitem': Total: 0.106 s, transactions: 1, resolve: 0.065 s [100% WorkItem (3x)] (7x), svn: 0.0567 s [34% getFile content (2x), 33% getDir2 content (2x), 32% info (2x)] (8x)
2017-06-26 14:35:25,992 [ajp-nio-8889-exec-8 | u:admin] INFO  TXLOGGER  - Tx 5738e97e3d46f_0_5738e97e3d46f_0_: finished. Total: 1.78 s, svn: 1.68 s [97% endActivity (1x)] (14x), processed revs: [207, 207 (delay 1s)], write: true
2017-06-26 14:35:26,098 [Persistence Events Processing Thread | u:p] INFO  TXLOGGER  - Tx 5738e97ffa070_0_5738e97ffa070_0_: finished. Total: 0.106 s, resolve: 0.103 s [83% WorkItem (2x)] (6x), ObjectMaps: 0.0523 s [48% getLastPromoted (3x), 46% getPrimaryObjectLocation (3x)] (10x), svn: 0.0472 s [47% getFile content (2x), 26% getDir2 content (1x), 25% info (1x)] (6x)
2017-06-26 14:35:26,110 [ajp-nio-8889-exec-8 | u:admin] INFO  TXLOGGER  - Tx 5738e97ffa071_0_5738e97ffa071_0_: finished. Total: 0.118 s, resolve: 0.0635 s [98% WorkItem (1x)] (16x), svn: 0.0493 s [44% getDir2 content (1x), 29% getFile content (1x), 25% info (1x)] (5x), ObjectMaps: 0.0165 s [81% getPrimaryObjectLocations (11x)] (15x), Lucene: 0.0121 s [100% search (5x)] (5x)
2017-06-26 14:35:26,112 [ajp-nio-8889-exec-8 | u:admin] INFO  TXLOGGER  - Summary for 'WorkItemDataService.saveWorkItem': Total: 1.9 s, transactions: 2, svn: 1.73 s [94% endActivity (1x)] (19x), resolve: 0.0963 s [98% WorkItem (5x)] (27x)
2017-06-26 14:35:26,227 [Persistence Events Processing Thread | u:p] INFO  TXLOGGER  - Tx 5738e98014872_0_5738e98014872_0_: finished. Total: 0.129 s, RepositoryConfigService: 0.064 s [100% getReadConfiguration (12x)] (13x), svn: 0.0411 s [51% getFile content (2x), 23% info (1x), 23% getDir2 content (1x)] (6x), resolve: 0.0339 s [100% WorkItem (3x)] (5x), Lucene: 0.0217 s [100% add (1x)] (1x)
2017-06-26 14:35:26,228 [Persistence Events Processing Thread | u:p] INFO  TXLOGGER  - Summary: Total: 0.236 s, transactions: 6, persistence listener: 0.236 s [55% WorkItemActivityCreator (1x), 45% notificationsCreatingListener (1x)] (7x), resolve: 0.136 s [88% WorkItem (5x)] (11x), svn: 0.0884 s [49% getFile content (4x), 24% getDir2 content (2x), 24% info (2x)] (12x), RepositoryConfigService: 0.064 s [100% getReadConfiguration (21x)] (23x), ObjectMaps: 0.0555 s [47% getPrimaryObjectLocation (4x), 47% getLastPromoted (4x)] (14x), Lucene: 0.0218 s [100% add (1x)] (2x)
2017-06-26 14:35:33,012 [ajp-nio-8889-exec-3 | u:admin] INFO  TXLOGGER  - Tx 5738e9861287f_0_5738e9861287f_0_: finished. Total: 0.777 s, svn: 0.682 s [95% endActivity (1x)] (9x), Lucene: 0.0495 s [58% refresh (1x), 42% add (1x)] (2x), processed revs: [208, 208 (delay 0s)], write: true
2017-06-26 14:35:33,088 [ajp-nio-8889-exec-3 | u:admin] INFO  TXLOGGER  - Summary for 'WorkItemDataService.saveWorkItem': Total: 0.855 s, transactions: 2, svn: 0.682 s [95% endActivity (1x)] (9x), Lucene: 0.0581 s [49% refresh (1x), 36% add (1x)] (3x)
2017-06-26 14:35:33,151 [Persistence Events Processing Thread | u:p] INFO  TXLOGGER  - Tx 5738e986d4c80_0_5738e986d4c80_0_: finished. Total: 0.14 s, resolve: 0.132 s [90% WorkItem (8x)] (15x), svn: 0.105 s [49% getFile content (3x), 25% info (2x), 25% getDir2 content (2x)] (8x), ObjectMaps: 0.0214 s [72% getPrimaryObjectLocation (3x), 16% getLastPromoted (3x)] (12x)
2017-06-26 14:35:33,246 [Persistence Events Processing Thread | u:p] INFO  TXLOGGER  - Summary: Total: 0.235 s, transactions: 6, persistence listener: 0.235 s [60% notificationsCreatingListener (1x), 40% WorkItemActivityCreator (1x)] (7x), resolve: 0.19 s [93% WorkItem (11x)] (20x), svn: 0.133 s [46% getFile content (4x), 27% info (3x), 26% getDir2 content (3x)] (13x), ObjectMaps: 0.051 s [56% getPrimaryObjectLocation (4x), 38% getLastPromoted (4x)] (16x), Lucene: 0.03 s [100% add (1x)] (1x)
2017-06-26 14:36:52,888 [ajp-nio-8889-exec-7 | u:admin] INFO  TXLOGGER  - Tx 5738e9949708f_0_5738e9949708f_0_: finished. Total: 65.8 s, workflow: 65 s [100% CreateDerivedWI (1x)] (3x), processed revs: [209, 209 (delay 0s)], write: true
2017-06-26 14:36:52,928 [ajp-nio-8889-exec-7 | u:admin] INFO  TXLOGGER  - Summary for 'WorkItemDataService.saveWorkItem': Total: 65.8 s, transactions: 2, workflow: 65 s [100% CreateDerivedWI (1x)] (3x)
2017-06-26 14:36:53,135 [Persistence Events Processing Thread | u:p] INFO  TXLOGGER  - Tx 5738e9d4eb892_0_5738e9d4eb892_0_: finished. Total: 0.161 s, resolve: 0.0748 s [77% WorkItem (7x), 22% Project (3x)] (13x), svn: 0.0654 s [36% getFile content (3x), 35% getDir2 content (2x), 26% info (3x)] (10x), Lucene: 0.0491 s [100% add (2x)] (2x)
2017-06-26 14:36:53,135 [Persistence Events Processing Thread | u:p] INFO  TXLOGGER  - Summary: Total: 0.247 s, transactions: 6, persistence listener: 0.247 s [65% WorkItemActivityCreator (1x), 35% notificationsCreatingListener (1x)] (7x), resolve: 0.149 s [77% WorkItem (19x), 11% User (12x)] (34x), svn: 0.119 s [41% getFile content (6x), 32% getDir2 content (4x), 26% info (5x)] (18x), Lucene: 0.0493 s [100% add (2x)] (4x), ObjectMaps: 0.0247 s [41% getPrimaryObjectLocation (6x), 37% getLastPromoted (6x), 12% getPrimaryObjectLocations (1x)] (25x)
