2017-06-22 13:24:49,292 [main | u:p] INFO  com.polarion.platform.monitoring  - Full monitoring results are stored in file C:\Polarion\data\workspace\monitoring\results.txt
2017-06-22 13:24:49,338 [main | u:p] INFO  com.polarion.platform.monitoring  - Executing actions from stage PREBOOT
2017-06-22 13:24:49,341 [main | u:p] INFO  com.polarion.platform.monitoring  - Executing action 'system.info.disk.data.free'
2017-06-22 13:24:49,344 [main | u:p] INFO  com.polarion.platform.monitoring  - system.info.disk.data.free (Free data disk 'C:\Polarion\polarion\..\data' space) = Disk Space 
845.01 GB
 [Thu Jun 22 13:24:49 IST 2017]
2017-06-22 13:24:49,387 [main | u:p] INFO  com.polarion.platform.monitoring  - Executing action 'system.info.jvm.version'
2017-06-22 13:24:49,388 [main | u:p] INFO  com.polarion.platform.monitoring  - system.info.jvm.version (JVM Version) = JVM Version 
Oracle Corporation Java HotSpot(TM) 64-Bit Server VM 25.111-b14
 [Thu Jun 22 13:24:49 IST 2017]
2017-06-22 13:24:49,397 [main | u:p] INFO  com.polarion.platform.monitoring  - Executing action 'system.info.os.version'
2017-06-22 13:24:49,397 [main | u:p] INFO  com.polarion.platform.monitoring  - system.info.os.version (OS Version) = OS Version 
Windows 10 10.0 amd64
 [Thu Jun 22 13:24:49 IST 2017]
2017-06-22 13:24:49,406 [main | u:p] INFO  com.polarion.platform.monitoring  - Finished with actions from stage PREBOOT: {OK=3}
2017-06-22 13:25:29,874 [main | u:p] INFO  com.polarion.platform.monitoring  - Next slow periodic actions will be executed on Fri Jun 23 01:00:29 IST 2017
2017-06-22 13:25:29,875 [main] INFO  com.polarion.platform.monitoring  - Executing actions from stage POSTBOOT
2017-06-22 13:25:29,875 [main] INFO  com.polarion.platform.monitoring  - Finished with actions from stage POSTBOOT: {}
2017-06-22 13:35:29,878 [Monitoring] INFO  com.polarion.platform.monitoring  - Executing actions from stage PERIODIC with speed FAST
2017-06-22 13:35:29,880 [Monitoring] INFO  com.polarion.platform.monitoring  - Executing action 'system.info.disk.data.free'
2017-06-22 13:35:29,881 [Monitoring] INFO  com.polarion.platform.monitoring  - system.info.disk.data.free (Free data disk 'C:\Polarion\polarion\..\data' space) = Disk Space 
845.01 GB
 [Thu Jun 22 13:35:29 IST 2017]
2017-06-22 13:35:29,906 [Monitoring] INFO  com.polarion.platform.monitoring  - Executing action 'system.info.garbageCollector.full.cycles'
2017-06-22 13:35:29,906 [Monitoring] INFO  com.polarion.platform.monitoring  - system.info.garbageCollector.full.cycles (Full Garbage Collector cycles) = Full Garbage Collector cycles 
Full GC cycles: 4; Time: 362
 [Thu Jun 22 13:35:29 IST 2017]
2017-06-22 13:35:29,912 [Monitoring] INFO  com.polarion.platform.monitoring  - Executing action 'system.info.garbageCollector.normal.cycles'
2017-06-22 13:35:29,912 [Monitoring] INFO  com.polarion.platform.monitoring  - system.info.garbageCollector.normal.cycles (Normal Garbage Collector cycles) = Normal Garbage Collector cycles 
Normal GC cycles: 109; Time: 828
 [Thu Jun 22 13:35:29 IST 2017]
2017-06-22 13:35:29,919 [Monitoring] INFO  com.polarion.platform.monitoring  - Executing action 'system.info.memory.nonheap.free'
2017-06-22 13:35:29,919 [Monitoring] INFO  com.polarion.platform.monitoring  - system.info.memory.nonheap.free (Free non-heap memory) = Java Metaspace Memory 
Unlimited
 [Thu Jun 22 13:35:29 IST 2017]
2017-06-22 13:35:29,940 [Monitoring] INFO  com.polarion.platform.monitoring  - Executing action 'system.info.memory.oldGen.free'
2017-06-22 13:35:29,940 [Monitoring] INFO  com.polarion.platform.monitoring  - system.info.memory.oldGen.free (Free Old Gen memory after GC) = Java Heap Memory 
Old Gen pool has  72.97% memory free after GC.
 [Thu Jun 22 13:35:29 IST 2017]
2017-06-22 13:35:29,962 [Monitoring] INFO  com.polarion.platform.monitoring  - Finished with actions from stage PERIODIC: {OK=5}
