2017-06-22 18:25:04,372 [main | u:p] INFO  com.polarion.platform.jobs.internal.service.scheduler.JobSchedulerService  - Updating local scheduler state: start
2017-06-22 18:25:04,407 [main | u:p | u:p] INFO  com.polarion.platform.jobs.internal.service.scheduler.JobSchedulerService  - 16 scheduled job(s) configured
2017-06-22 18:25:39,373 [Thread-32] INFO  com.polarion.platform.jobs.info  - Job "Attachment Indexer" has id cfdf5657-927abeae-2d5c160e-997b2fb8
2017-06-22 18:25:39,376 [Thread-32] INFO  com.polarion.platform.jobs.info  - State of job "Attachment Indexer" changed to UNSCHEDULED
2017-06-22 18:25:39,383 [Thread-32] INFO  com.polarion.platform.jobs.info  - Working directory of root job "Attachment Indexer" is C:\Polarion\data\workspace\polarion-data\jobs\20170622-1825
2017-06-22 18:25:39,386 [Thread-32] INFO  com.polarion.platform.jobs.info  - Job "Attachment Indexer" runs as user "polarion"
2017-06-22 18:25:39,391 [Thread-32 | u:p] INFO  com.polarion.platform.jobs.info  - State of job "Attachment Indexer" changed to ACTIVATING
2017-06-22 18:25:39,396 [Thread-32 | u:p] INFO  com.polarion.platform.jobs.info  - State of job "Attachment Indexer" changed to WAITING
2017-06-22 18:25:39,407 [Worker-0 | u:p] INFO  com.polarion.platform.jobs.info  - State of job "Attachment Indexer" changed to RUNNING
2017-06-22 18:25:39,421 [Thread-32] INFO  com.polarion.platform.jobs.info  - Job "DB History Creator" has id cfdf568a-927abeae-2d5c160e-8d352e96
2017-06-22 18:25:39,425 [Thread-32] INFO  com.polarion.platform.jobs.info  - State of job "DB History Creator" changed to UNSCHEDULED
2017-06-22 18:25:39,429 [Thread-32] INFO  com.polarion.platform.jobs.info  - Working directory of root job "DB History Creator" is C:\Polarion\data\workspace\polarion-data\jobs\20170622-1825_0
2017-06-22 18:25:39,433 [Thread-32] INFO  com.polarion.platform.jobs.info  - Job "DB History Creator" runs as user "polarion"
2017-06-22 18:25:39,436 [Thread-32 | u:p] INFO  com.polarion.platform.jobs.info  - State of job "DB History Creator" changed to ACTIVATING
2017-06-22 18:25:39,441 [Thread-32 | u:p] INFO  com.polarion.platform.jobs.info  - State of job "DB History Creator" changed to WAITING
2017-06-22 18:25:39,449 [Worker-1 | u:p] INFO  com.polarion.platform.jobs.info  - State of job "DB History Creator" changed to RUNNING
2017-06-22 18:25:39,564 [Worker-0 | u:p] INFO  com.polarion.platform.jobs.info  - State of job "Attachment Indexer" changed to FINISHED
2017-06-22 18:25:39,567 [Worker-0 | u:p] INFO  com.polarion.platform.jobs.info  - Status of job "Attachment Indexer" is OK
2017-06-22 18:25:41,158 [Worker-1 | u:p] INFO  com.polarion.platform.jobs.info  - State of job "DB History Creator" changed to FINISHED
2017-06-22 18:25:41,161 [Worker-1 | u:p] INFO  com.polarion.platform.jobs.info  - Status of job "DB History Creator" is OK
