2017-06-22 10:54:17,445 [main | u:p] INFO  TXLOGGER  - Summary for 'Platform startup': transactions: 0, DB: 0.0438 s [50% update (126x), 49% query (13x)] (206x), svn: 0.0243 s [87% checkPath (1x)] (3x)
2017-06-22 10:54:17,636 [main | u:p] INFO  TXLOGGER  - Summary for 'Context recognition': transactions: 0, svn: 0.0718 s [39% info (3x), 32% getDir2 content (2x), 29% getFile content (1x)] (6x)
2017-06-22 10:54:18,859 [LowLevelDataService-contextInitializer-5 | u:p] INFO  TXLOGGER  - Summary: Total: 1.22 s, transactions: 0
2017-06-22 10:54:18,859 [LowLevelDataService-contextInitializer-1 | u:p] INFO  TXLOGGER  - Summary: Total: 1.22 s, transactions: 0
2017-06-22 10:54:18,859 [LowLevelDataService-contextInitializer-4 | u:p] INFO  TXLOGGER  - Summary: Total: 1.22 s, transactions: 0, svn: 0.209 s [57% log2 (10x), 18% log (1x), 14% info (4x)] (21x), ObjectMaps: 0.0667 s [97% getAllPrimaryObjects (2x)] (20x)
2017-06-22 10:54:18,859 [LowLevelDataService-contextInitializer-2 | u:p] INFO  TXLOGGER  - Summary: Total: 1.22 s, transactions: 0, svn: 0.11 s [97% log2 (6x)] (8x)
2017-06-22 10:54:18,859 [LowLevelDataService-contextInitializer-3 | u:p] INFO  TXLOGGER  - Summary: Total: 1.22 s, transactions: 0, ObjectMaps: 0.265 s [100% getAllPrimaryObjects (1x)] (7x)
2017-06-22 10:54:18,860 [main | u:p] INFO  TXLOGGER  - Summary for 'Context initialization': transactions: 0, svn: 0.461 s [79% log2 (31x), 8% log (1x)] (47x), ObjectMaps: 0.419 s [99% getAllPrimaryObjects (7x)] (55x)
2017-06-22 10:54:19,154 [main | u:p] INFO  TXLOGGER  - Summary for 'Revisions processing': transactions: 14, RepositoryConfigService: 0.193 s [100% getReadConfiguration (42x)] (42x), svn: 0.0957 s [89% info (15x)] (32x)
2017-06-22 10:54:19,751 [main | u:p] INFO  TXLOGGER  - Summary for 'Build artifacts recognition': transactions: 40, svn: 0.46 s [86% info (78x)] (131x), RepositoryConfigService: 0.396 s [100% getReadConfiguration (48x)] (48x)
2017-06-22 10:54:20,269 [main | u:p] INFO  TXLOGGER  - Summary for 'Data indexing': transactions: 0, Lucene: 0.225 s [100% refresh (1x)] (1x), SubterraURITable: 0.0149 s [100% addIfNotExistsDB (1x)] (1x)
2017-06-22 10:54:55,715 [main] INFO  TXLOGGER  - Summary for 'Polarion startup': transactions: 1, svn: 0.25 s [81% info (47x)] (66x), RepositoryConfigService: 0.0235 s [100% getReadConfiguration (2x)] (2x)
2017-06-22 10:54:55,822 [Persistence Events Processing Thread | u:p] INFO  TXLOGGER  - Summary: Total: 0.103 s, transactions: 6, persistence listener: 0.102 s [92% notificationsCreatingListener (1x)] (7x)
2017-06-22 10:54:55,894 [Worker-0 | u:p | job: polarion.jobs.attachment.indexer] INFO  TXLOGGER  - Summary after AttachmentIndexer: transactions: 6, persistence listener: 0.102 s [92% notificationsCreatingListener (1x)] (7x), Lucene: 0.0664 s [100% add (2x)] (2x), resolve: 0.0349 s [90% User (2x)] (5x), ObjectMaps: 0.00982 s [100% getPrimaryObjectLocation (2x)] (2x)
2017-06-22 10:54:56,508 [PreLoadDataService | u:p] INFO  TXLOGGER  - Tx 573390abcb038_0_573390abcb038_0_: finished. Total: 0.783 s, resolve: 0.426 s [50% TimePoint (5x), 50% Category (8x)] (13x), svn: 0.393 s [59% getDir2 content (25x), 40% getFile content (15x)] (43x), ObjectMaps: 0.0518 s [50% getPrimaryObjectLocation (13x), 30% getPrimaryObjectProperty (13x), 21% getLastPromoted (13x)] (55x)
2017-06-22 10:54:57,032 [PreLoadDataService | u:p] INFO  TXLOGGER  - Tx 573390acc2040_0_573390acc2040_0_: finished. Total: 0.319 s, svn: 0.171 s [61% getFile content (14x), 39% info (10x)] (25x), resolve: 0.161 s [100% User (8x)] (8x), RepositoryConfigService: 0.126 s [80% getReadConfiguration (72x), 20% getReadUserConfiguration (2x)] (74x), ObjectMaps: 0.0248 s [40% getPrimaryObjectLocation (8x), 31% getPrimaryObjectProperty (8x), 28% getLastPromoted (8x)] (33x)
2017-06-22 10:54:57,214 [PreLoadDataService | u:p] INFO  TXLOGGER  - Tx 573390ad12041_0_573390ad12041_0_: finished. Total: 0.182 s, RepositoryConfigService: 0.155 s [99% getReadConfiguration (55x)] (78x), svn: 0.118 s [100% getFile content (13x)] (14x)
2017-06-22 10:54:57,415 [DBHistoryCreator-1 | u:p] INFO  TXLOGGER  - Summary: Total: 1.48 s, transactions: 0
2017-06-22 10:54:57,415 [Worker-1 | u:p | job: polarion.jobs.db.history] INFO  TXLOGGER  - Summary after DBHistoryCreator: transactions: 0, Lucene: 0.0252 s [100% add (1x)] (1x), svn: 0.00165 s [100% getLatestRevision (1x)] (1x)
2017-06-22 10:54:57,415 [Worker-1 | u:p] INFO  TXLOGGER  - Summary for 'job: polarion.jobs.db.history': Total: 1.53 s, transactions: 0, SubterraURITable: 1.19 s [100% getDB (4011x)] (4011x), DB: 1.15 s [51% query (4037x), 30% update (4012x)] (20125x)
2017-06-22 10:54:57,947 [PreLoadDataService | u:p] INFO  TXLOGGER  - Tx 573390ad3f842_0_573390ad3f842_0_: finished. Total: 0.732 s, svn: 0.658 s [67% getFile content (47x), 33% getDir2 content (17x)] (65x), RepositoryConfigService: 0.496 s [100% getReadConfiguration (164x)] (180x)
2017-06-22 10:54:58,246 [PreLoadDataService | u:p] INFO  TXLOGGER  - Tx 573390adf6c43_0_573390adf6c43_0_: finished. Total: 0.299 s, RepositoryConfigService: 0.251 s [99% getReadConfiguration (295x)] (370x), svn: 0.241 s [85% getFile content (35x)] (42x)
2017-06-22 10:54:58,522 [PreLoadDataService | u:p] INFO  TXLOGGER  - Tx 573390ae41844_0_573390ae41844_0_: finished. Total: 0.276 s, svn: 0.256 s [52% getFile content (21x), 48% getDir2 content (17x)] (39x), RepositoryConfigService: 0.149 s [99% getReadConfiguration (88x)] (110x)
2017-06-22 10:54:58,625 [PreLoadDataService | u:p] INFO  TXLOGGER  - Tx 573390ae86845_0_573390ae86845_0_: finished. Total: 0.103 s, svn: 0.0933 s [58% getDir2 content (11x), 42% getFile content (8x)] (20x), RepositoryConfigService: 0.0459 s [99% getReadConfiguration (38x)] (54x)
2017-06-22 10:54:58,886 [PreLoadDataService | u:p] INFO  TXLOGGER  - Tx 573390aea0446_0_573390aea0446_0_: finished. Total: 0.261 s, svn: 0.242 s [52% getFile content (24x), 48% getDir2 content (12x)] (37x), RepositoryConfigService: 0.141 s [99% getReadConfiguration (87x)] (109x)
2017-06-22 10:54:58,886 [PreLoadDataService] INFO  TXLOGGER  - Summary for 'PreloadDataService': Total: 3.17 s, transactions: 9, svn: 2.23 s [61% getFile content (182x), 35% getDir2 content (90x)] (301x), RepositoryConfigService: 1.39 s [98% getReadConfiguration (801x)] (981x), resolve: 0.734 s [29% TimePoint (5x), 29% Category (8x), 22% User (8x), 20% Project (5x)] (26x)
2017-06-22 10:54:58,887 [PreLoadDataService] INFO  TXLOGGER  - Summary after preload: transactions: 9, svn: 2.23 s [61% getFile content (182x), 35% getDir2 content (90x)] (301x), RepositoryConfigService: 1.39 s [98% getReadConfiguration (801x)] (981x), SubterraURITable: 1.19 s [100% getDB (4011x)] (4011x), DB: 1.15 s [51% query (4037x), 30% update (4012x)] (20125x), resolve: 0.734 s [29% TimePoint (5x), 29% Category (8x), 22% User (9x), 20% Project (5x)] (27x)
2017-06-22 10:58:06,584 [ajp-nio-8889-exec-5 | u:admin] INFO  TXLOGGER  - Summary for 'PortalDataService.requestPortalSite': Total: 0.288 s, transactions: 10, RepositoryConfigService: 0.077 s [84% getReadConfiguration (18x)] (28x), svn: 0.0661 s [48% info (5x), 33% getFile content (4x)] (21x)
2017-06-22 10:58:06,816 [ajp-nio-8889-exec-6 | u:admin] INFO  TXLOGGER  - Summary for 'ProjectsDataService.getProject': Total: 0.111 s, transactions: 1
2017-06-22 11:00:01,912 [Worker-1 | u:p] INFO  TXLOGGER  - Summary for 'job: update.plan.refresh.index': Total: 0.828 s, transactions: 0, resolve: 0.49 s [94% WorkItem (15x)] (167x), svn: 0.437 s [34% getDir2 content (16x), 34% info (17x), 32% getFile content (16x)] (50x), Lucene: 0.251 s [100% refresh (1x)] (2x), DB: 0.052 s [79% update (181x), 20% execute (38x)] (220x)
2017-06-22 11:00:01,945 [Worker-0 | u:p] INFO  TXLOGGER  - Summary for 'job: update.plan': Total: 1.88 s, transactions: 12, resolve: 0.674 s [86% WorkItems (2x)] (96x), svn: 0.559 s [35% info (26x), 34% getFile content (22x), 30% getDir2 content (19x)] (81x)
