2017-06-22 15:39:40,836 [main] INFO  com.polarion.platform.startup  - ****************************************************************
2017-06-22 15:39:40,836 [main] INFO  com.polarion.platform.startup  -                 Polarion starting, please wait!                 
2017-06-22 15:39:40,836 [main] INFO  com.polarion.platform.startup  - ****************************************************************
2017-06-22 15:39:40,837 [main] INFO  com.polarion.platform.startup  - Server start mode: normal
2017-06-22 15:39:40,837 [main] INFO  com.polarion.platform.startup  - ------------------------------
2017-06-22 15:39:40,837 [main] INFO  com.polarion.platform.startup  - Platform startup (Phase: 1/9)
2017-06-22 15:39:50,933 [main] INFO  com.polarion.platform.startup  - Opening historical database...
2017-06-22 15:39:51,117 [main] INFO  com.polarion.platform.startup  - Opening of historical database finished [ TIME 0.184 s. ]
2017-06-22 15:39:51,118 [main] INFO  com.polarion.platform.startup  - Opening head database...
2017-06-22 15:39:51,193 [main] INFO  com.polarion.platform.startup  - Opening of head database finished [ TIME 0.0744 s. ]
2017-06-22 15:39:51,404 [main | u:p] INFO  com.polarion.platform.startup  -  -- Polarion startup estimation:  [ TIME 46 s. ]
2017-06-22 15:39:51,551 [main | u:p] INFO  com.polarion.platform.startup  - Platform startup ... took  [ TIME 10.73 s. ]
2017-06-22 15:39:51,771 [main | u:p] INFO  com.polarion.platform.startup  - ------------------------------
2017-06-22 15:39:51,771 [main | u:p] INFO  com.polarion.platform.startup  - Context recognition (Phase: 2/9)
2017-06-22 15:39:51,817 [main | u:p] INFO  com.polarion.platform.startup  - Context recognition ... took  [ TIME 0.27 s. ]
2017-06-22 15:39:51,818 [main | u:p] INFO  com.polarion.platform.startup  - ------------------------------
2017-06-22 15:39:51,818 [main | u:p] INFO  com.polarion.platform.startup  - Context initialization (Phase: 3/9)
2017-06-22 15:39:51,821 [LowLevelDataService-contextInitializer-4 | u:p | context: --Demo Projects] INFO  com.polarion.platform.startup  -  -- Initializing context: --Demo Projects (5/8)
2017-06-22 15:39:51,821 [LowLevelDataService-contextInitializer-2 | u:p | cluster: default] INFO  com.polarion.platform.startup  -  -- Initializing cluster: default (3/8)
2017-06-22 15:39:51,821 [LowLevelDataService-contextInitializer-5 | u:p | context: library] INFO  com.polarion.platform.startup  -  -- Initializing context: library (4/8)
2017-06-22 15:39:51,821 [LowLevelDataService-contextInitializer-1 | u:p | context: [GLOBAL]] INFO  com.polarion.platform.startup  -  -- Initializing context: [GLOBAL] (1/8)
2017-06-22 15:39:51,821 [LowLevelDataService-contextInitializer-3 | u:p | context: MyPolarion] INFO  com.polarion.platform.startup  -  -- Initializing context: MyPolarion (2/8)
2017-06-22 15:39:51,826 [LowLevelDataService-contextInitializer-1 | u:p | context: CAPA] INFO  com.polarion.platform.startup  -  -- Initializing context: CAPA (6/8)
2017-06-22 15:39:51,950 [LowLevelDataService-contextInitializer-2 | u:p | context: elibrary] INFO  com.polarion.platform.startup  -  -- Initializing context: elibrary (7/8)
2017-06-22 15:39:52,080 [LowLevelDataService-contextInitializer-4 | u:p | context: drivepilot] INFO  com.polarion.platform.startup  -  -- Initializing context: drivepilot (8/8)
2017-06-22 15:39:53,171 [main | u:p] INFO  com.polarion.platform.startup  - Context initialization ... took  [ TIME 1.35 s. ]
2017-06-22 15:39:53,183 [main | u:p] INFO  com.polarion.platform.startup  - ------------------------------
2017-06-22 15:39:53,183 [main | u:p] INFO  com.polarion.platform.startup  - Revisions processing (Phase: 4/9)
2017-06-22 15:39:53,486 [main | u:p] INFO  com.polarion.platform.startup  -  -- Processing new revisions from repository default in context ContextId[context [global]]
2017-06-22 15:39:53,495 [main | u:p] INFO  com.polarion.platform.startup  - Revisions processing ... took  [ TIME 0.32 s. ]
2017-06-22 15:39:53,548 [main | u:p] INFO  com.polarion.platform.startup  - ------------------------------
2017-06-22 15:39:53,548 [main | u:p] INFO  com.polarion.platform.startup  - Build artifacts recognition (Phase: 5/9)
2017-06-22 15:39:53,558 [main | u:p] INFO  com.polarion.platform.startup  -  -- Processing build artifacts from context: [GLOBAL] (1/8)
2017-06-22 15:39:53,687 [main | u:p] INFO  com.polarion.platform.startup  -  -- Processing build artifacts from cluster: default (2/8)
2017-06-22 15:39:53,728 [main | u:p] INFO  com.polarion.platform.startup  -  -- Processing build artifacts from context: MyPolarion (3/8)
2017-06-22 15:39:53,768 [main | u:p] INFO  com.polarion.platform.startup  -  -- Processing build artifacts from context: --Demo Projects (4/8)
2017-06-22 15:39:53,806 [main | u:p] INFO  com.polarion.platform.startup  -  -- Processing build artifacts from context: library (5/8)
2017-06-22 15:39:53,856 [main | u:p] INFO  com.polarion.platform.startup  -  -- Processing build artifacts from context: CAPA (6/8)
2017-06-22 15:39:53,990 [main | u:p] INFO  com.polarion.platform.startup  -  -- Processing build artifacts from context: elibrary (7/8)
2017-06-22 15:39:54,125 [main | u:p] INFO  com.polarion.platform.startup  -  -- Processing build artifacts from context: drivepilot (8/8)
2017-06-22 15:39:54,125 [main | u:p] INFO  com.polarion.platform.startup  - Build artifacts recognition ... took  [ TIME 0.63 s. ]
2017-06-22 15:39:54,125 [main | u:p] INFO  com.polarion.platform.startup  - ------------------------------
2017-06-22 15:39:54,125 [main | u:p] INFO  com.polarion.platform.startup  - BIR inspection (Phase: 6/9)
2017-06-22 15:39:54,175 [main | u:p] INFO  com.polarion.platform.startup  - BIR inspection ... took  [ TIME 0.05 s. ]
2017-06-22 15:39:54,202 [main | u:p] INFO  com.polarion.platform.startup  - ------------------------------
2017-06-22 15:39:54,202 [main | u:p] INFO  com.polarion.platform.startup  - Data indexing (Phase: 7/9)
2017-06-22 15:39:54,391 [main | u:p] INFO  com.polarion.platform.startup  -  -- Refreshing 9 objects in index: BuildArtifact
2017-06-22 15:39:54,405 [main | u:p] INFO  com.polarion.platform.startup  -  -- -- 9 from 9 objects were refreshed (100%)
2017-06-22 15:39:54,692 [main | u:p] INFO  com.polarion.platform.startup  -  -- Refreshing 1 objects in index: Revision
2017-06-22 15:39:54,693 [main | u:p] INFO  com.polarion.platform.startup  -  -- -- 1 from 1 objects were refreshed (100%)
2017-06-22 15:39:54,786 [main | u:p] INFO  com.polarion.platform.startup  - Data indexing ... took  [ TIME 0.61 s. ]
2017-06-22 15:39:54,786 [main | u:p] INFO  com.polarion.platform.startup  - ------------------------------
2017-06-22 15:39:54,787 [main | u:p] INFO  com.polarion.platform.startup  - Fields recalculation (Phase: 8/9)
2017-06-22 15:39:54,816 [main | u:p] INFO  com.polarion.platform.startup  - Fields recalculation ... took  [ TIME 0.03 s. ]
2017-06-22 15:39:54,816 [main | u:p] INFO  com.polarion.platform.startup  - ------------------------------
2017-06-22 15:39:54,816 [main | u:p] INFO  com.polarion.platform.startup  - Polarion startup (Phase: 9/9)
2017-06-22 15:40:31,044 [main] INFO  com.polarion.platform.startup  - Polarion startup ... took  [ TIME 36.23 s. ]
2017-06-22 15:40:31,044 [main] INFO  com.polarion.platform.startup  - ****************************************************************
2017-06-22 15:40:31,044 [main] INFO  com.polarion.platform.startup  -                  Polarion started:  [ TIME 50.2 s. ]
2017-06-22 15:40:31,044 [main] INFO  com.polarion.platform.startup  - ****************************************************************
