2017-06-22 11:04:06,315 [main] INFO  com.polarion.platform.startup  - ****************************************************************
2017-06-22 11:04:06,315 [main] INFO  com.polarion.platform.startup  -                 Polarion starting, please wait!                 
2017-06-22 11:04:06,315 [main] INFO  com.polarion.platform.startup  - ****************************************************************
2017-06-22 11:04:06,316 [main] INFO  com.polarion.platform.startup  - Server start mode: normal
2017-06-22 11:04:06,316 [main] INFO  com.polarion.platform.startup  - ------------------------------
2017-06-22 11:04:06,316 [main] INFO  com.polarion.platform.startup  - Platform startup (Phase: 1/9)
2017-06-22 11:04:10,777 [main] INFO  com.polarion.platform.startup  - Opening historical database...
2017-06-22 11:04:10,920 [main] INFO  com.polarion.platform.startup  - Opening of historical database finished [ TIME 0.142 s. ]
2017-06-22 11:04:10,920 [main] INFO  com.polarion.platform.startup  - Opening head database...
2017-06-22 11:04:10,983 [main] INFO  com.polarion.platform.startup  - Opening of head database finished [ TIME 0.0629 s. ]
2017-06-22 11:04:11,187 [main | u:p] INFO  com.polarion.platform.startup  -  -- Polarion startup estimation:  [ TIME 47 s. ]
2017-06-22 11:04:11,314 [main | u:p] INFO  com.polarion.platform.startup  - Platform startup ... took  [ TIME 5.01 s. ]
2017-06-22 11:04:11,476 [main | u:p] INFO  com.polarion.platform.startup  - ------------------------------
2017-06-22 11:04:11,476 [main | u:p] INFO  com.polarion.platform.startup  - Context recognition (Phase: 2/9)
2017-06-22 11:04:11,519 [main | u:p] INFO  com.polarion.platform.startup  - Context recognition ... took  [ TIME 0.21 s. ]
2017-06-22 11:04:11,520 [main | u:p] INFO  com.polarion.platform.startup  - ------------------------------
2017-06-22 11:04:11,520 [main | u:p] INFO  com.polarion.platform.startup  - Context initialization (Phase: 3/9)
2017-06-22 11:04:11,525 [LowLevelDataService-contextInitializer-2 | u:p | cluster: default] INFO  com.polarion.platform.startup  -  -- Initializing cluster: default (1/8)
2017-06-22 11:04:11,525 [LowLevelDataService-contextInitializer-3 | u:p | context: MyPolarion] INFO  com.polarion.platform.startup  -  -- Initializing context: MyPolarion (2/8)
2017-06-22 11:04:11,526 [LowLevelDataService-contextInitializer-1 | u:p | context: [GLOBAL]] INFO  com.polarion.platform.startup  -  -- Initializing context: [GLOBAL] (3/8)
2017-06-22 11:04:11,526 [LowLevelDataService-contextInitializer-4 | u:p | context: --Demo Projects] INFO  com.polarion.platform.startup  -  -- Initializing context: --Demo Projects (4/8)
2017-06-22 11:04:11,526 [LowLevelDataService-contextInitializer-5 | u:p | context: library] INFO  com.polarion.platform.startup  -  -- Initializing context: library (5/8)
2017-06-22 11:04:11,531 [LowLevelDataService-contextInitializer-1 | u:p | context: CAPA] INFO  com.polarion.platform.startup  -  -- Initializing context: CAPA (6/8)
2017-06-22 11:04:11,636 [LowLevelDataService-contextInitializer-2 | u:p | context: elibrary] INFO  com.polarion.platform.startup  -  -- Initializing context: elibrary (7/8)
2017-06-22 11:04:11,817 [LowLevelDataService-contextInitializer-1 | u:p | context: drivepilot] INFO  com.polarion.platform.startup  -  -- Initializing context: drivepilot (8/8)
2017-06-22 11:04:12,807 [main | u:p] INFO  com.polarion.platform.startup  - Context initialization ... took  [ TIME 1.29 s. ]
2017-06-22 11:04:12,815 [main | u:p] INFO  com.polarion.platform.startup  - ------------------------------
2017-06-22 11:04:12,815 [main | u:p] INFO  com.polarion.platform.startup  - Revisions processing (Phase: 4/9)
2017-06-22 11:04:13,082 [main | u:p] INFO  com.polarion.platform.startup  -  -- Processing new revisions from repository default in context ContextId[context [global]]
2017-06-22 11:04:13,091 [main | u:p] INFO  com.polarion.platform.startup  - Revisions processing ... took  [ TIME 0.28 s. ]
2017-06-22 11:04:13,136 [main | u:p] INFO  com.polarion.platform.startup  - ------------------------------
2017-06-22 11:04:13,137 [main | u:p] INFO  com.polarion.platform.startup  - Build artifacts recognition (Phase: 5/9)
2017-06-22 11:04:13,145 [main | u:p] INFO  com.polarion.platform.startup  -  -- Processing build artifacts from context: [GLOBAL] (1/8)
2017-06-22 11:04:13,255 [main | u:p] INFO  com.polarion.platform.startup  -  -- Processing build artifacts from cluster: default (2/8)
2017-06-22 11:04:13,293 [main | u:p] INFO  com.polarion.platform.startup  -  -- Processing build artifacts from context: MyPolarion (3/8)
2017-06-22 11:04:13,329 [main | u:p] INFO  com.polarion.platform.startup  -  -- Processing build artifacts from context: --Demo Projects (4/8)
2017-06-22 11:04:13,365 [main | u:p] INFO  com.polarion.platform.startup  -  -- Processing build artifacts from context: library (5/8)
2017-06-22 11:04:13,405 [main | u:p] INFO  com.polarion.platform.startup  -  -- Processing build artifacts from context: CAPA (6/8)
2017-06-22 11:04:13,530 [main | u:p] INFO  com.polarion.platform.startup  -  -- Processing build artifacts from context: elibrary (7/8)
2017-06-22 11:04:13,671 [main | u:p] INFO  com.polarion.platform.startup  -  -- Processing build artifacts from context: drivepilot (8/8)
2017-06-22 11:04:13,671 [main | u:p] INFO  com.polarion.platform.startup  - Build artifacts recognition ... took  [ TIME 0.58 s. ]
2017-06-22 11:04:13,672 [main | u:p] INFO  com.polarion.platform.startup  - ------------------------------
2017-06-22 11:04:13,672 [main | u:p] INFO  com.polarion.platform.startup  - BIR inspection (Phase: 6/9)
2017-06-22 11:04:13,721 [main | u:p] INFO  com.polarion.platform.startup  - BIR inspection ... took  [ TIME 0.05 s. ]
2017-06-22 11:04:13,721 [main | u:p] INFO  com.polarion.platform.startup  - ------------------------------
2017-06-22 11:04:13,721 [main | u:p] INFO  com.polarion.platform.startup  - Data indexing (Phase: 7/9)
2017-06-22 11:04:13,925 [main | u:p] INFO  com.polarion.platform.startup  -  -- Refreshing 1 objects in index: Revision
2017-06-22 11:04:13,932 [main | u:p] INFO  com.polarion.platform.startup  -  -- -- 1 from 1 objects were refreshed (100%)
2017-06-22 11:04:14,174 [main | u:p] INFO  com.polarion.platform.startup  - Data indexing ... took  [ TIME 0.45 s. ]
2017-06-22 11:04:14,175 [main | u:p] INFO  com.polarion.platform.startup  - ------------------------------
2017-06-22 11:04:14,175 [main | u:p] INFO  com.polarion.platform.startup  - Fields recalculation (Phase: 8/9)
2017-06-22 11:04:14,199 [main | u:p] INFO  com.polarion.platform.startup  - Fields recalculation ... took  [ TIME 0.02 s. ]
2017-06-22 11:04:14,199 [main | u:p] INFO  com.polarion.platform.startup  - ------------------------------
2017-06-22 11:04:14,199 [main | u:p] INFO  com.polarion.platform.startup  - Polarion startup (Phase: 9/9)
2017-06-22 11:04:49,622 [main] INFO  com.polarion.platform.startup  - Polarion startup ... took  [ TIME 35.42 s. ]
2017-06-22 11:04:49,622 [main] INFO  com.polarion.platform.startup  - ****************************************************************
2017-06-22 11:04:49,622 [main] INFO  com.polarion.platform.startup  -                  Polarion started:  [ TIME 43.3 s. ]
2017-06-22 11:04:49,622 [main] INFO  com.polarion.platform.startup  - ****************************************************************
