2017-06-23 10:40:51,263 [main] INFO  com.polarion.platform.startup  - ****************************************************************
2017-06-23 10:40:51,263 [main] INFO  com.polarion.platform.startup  -                 Polarion starting, please wait!                 
2017-06-23 10:40:51,263 [main] INFO  com.polarion.platform.startup  - ****************************************************************
2017-06-23 10:40:51,263 [main] INFO  com.polarion.platform.startup  - Server start mode: normal
2017-06-23 10:40:51,264 [main] INFO  com.polarion.platform.startup  - ------------------------------
2017-06-23 10:40:51,264 [main] INFO  com.polarion.platform.startup  - Platform startup (Phase: 1/9)
2017-06-23 10:40:55,721 [main] INFO  com.polarion.platform.startup  - Opening historical database...
2017-06-23 10:40:55,869 [main] INFO  com.polarion.platform.startup  - Opening of historical database finished [ TIME 0.148 s. ]
2017-06-23 10:40:55,869 [main] INFO  com.polarion.platform.startup  - Opening head database...
2017-06-23 10:40:55,936 [main] INFO  com.polarion.platform.startup  - Opening of head database finished [ TIME 0.066 s. ]
2017-06-23 10:40:56,132 [main | u:p] INFO  com.polarion.platform.startup  -  -- Polarion startup estimation:  [ TIME 44 s. ]
2017-06-23 10:40:56,275 [main | u:p] INFO  com.polarion.platform.startup  - Platform startup ... took  [ TIME 5.02 s. ]
2017-06-23 10:40:56,440 [main | u:p] INFO  com.polarion.platform.startup  - ------------------------------
2017-06-23 10:40:56,440 [main | u:p] INFO  com.polarion.platform.startup  - Context recognition (Phase: 2/9)
2017-06-23 10:40:56,482 [main | u:p] INFO  com.polarion.platform.startup  - Context recognition ... took  [ TIME 0.21 s. ]
2017-06-23 10:40:56,483 [main | u:p] INFO  com.polarion.platform.startup  - ------------------------------
2017-06-23 10:40:56,483 [main | u:p] INFO  com.polarion.platform.startup  - Context initialization (Phase: 3/9)
2017-06-23 10:40:56,487 [LowLevelDataService-contextInitializer-3 | u:p | context: MyPolarion] INFO  com.polarion.platform.startup  -  -- Initializing context: MyPolarion (2/8)
2017-06-23 10:40:56,487 [LowLevelDataService-contextInitializer-2 | u:p | cluster: default] INFO  com.polarion.platform.startup  -  -- Initializing cluster: default (5/8)
2017-06-23 10:40:56,487 [LowLevelDataService-contextInitializer-1 | u:p | context: [GLOBAL]] INFO  com.polarion.platform.startup  -  -- Initializing context: [GLOBAL] (1/8)
2017-06-23 10:40:56,487 [LowLevelDataService-contextInitializer-5 | u:p | context: library] INFO  com.polarion.platform.startup  -  -- Initializing context: library (4/8)
2017-06-23 10:40:56,487 [LowLevelDataService-contextInitializer-4 | u:p | context: --Demo Projects] INFO  com.polarion.platform.startup  -  -- Initializing context: --Demo Projects (3/8)
2017-06-23 10:40:56,492 [LowLevelDataService-contextInitializer-1 | u:p | context: CAPA] INFO  com.polarion.platform.startup  -  -- Initializing context: CAPA (6/8)
2017-06-23 10:40:56,594 [LowLevelDataService-contextInitializer-2 | u:p | context: elibrary] INFO  com.polarion.platform.startup  -  -- Initializing context: elibrary (7/8)
2017-06-23 10:40:56,754 [LowLevelDataService-contextInitializer-4 | u:p | context: drivepilot] INFO  com.polarion.platform.startup  -  -- Initializing context: drivepilot (8/8)
2017-06-23 10:40:57,758 [main | u:p] INFO  com.polarion.platform.startup  - Context initialization ... took  [ TIME 1.28 s. ]
2017-06-23 10:40:57,769 [main | u:p] INFO  com.polarion.platform.startup  - ------------------------------
2017-06-23 10:40:57,769 [main | u:p] INFO  com.polarion.platform.startup  - Revisions processing (Phase: 4/9)
2017-06-23 10:40:58,063 [main | u:p] INFO  com.polarion.platform.startup  -  -- Processing new revisions from repository default in context ContextId[context [global]]
2017-06-23 10:40:58,073 [main | u:p] INFO  com.polarion.platform.startup  - Revisions processing ... took  [ TIME 0.31 s. ]
2017-06-23 10:40:58,129 [main | u:p] INFO  com.polarion.platform.startup  - ------------------------------
2017-06-23 10:40:58,129 [main | u:p] INFO  com.polarion.platform.startup  - Build artifacts recognition (Phase: 5/9)
2017-06-23 10:40:58,140 [main | u:p] INFO  com.polarion.platform.startup  -  -- Processing build artifacts from context: [GLOBAL] (1/8)
2017-06-23 10:40:58,290 [main | u:p] INFO  com.polarion.platform.startup  -  -- Processing build artifacts from cluster: default (2/8)
2017-06-23 10:40:58,362 [main | u:p] INFO  com.polarion.platform.startup  -  -- Processing build artifacts from context: MyPolarion (3/8)
2017-06-23 10:40:58,412 [main | u:p] INFO  com.polarion.platform.startup  -  -- Processing build artifacts from context: --Demo Projects (4/8)
2017-06-23 10:40:58,463 [main | u:p] INFO  com.polarion.platform.startup  -  -- Processing build artifacts from context: library (5/8)
2017-06-23 10:40:58,523 [main | u:p] INFO  com.polarion.platform.startup  -  -- Processing build artifacts from context: CAPA (6/8)
2017-06-23 10:40:58,680 [main | u:p] INFO  com.polarion.platform.startup  -  -- Processing build artifacts from context: elibrary (7/8)
2017-06-23 10:40:58,826 [main | u:p] INFO  com.polarion.platform.startup  -  -- Processing build artifacts from context: drivepilot (8/8)
2017-06-23 10:40:58,826 [main | u:p] INFO  com.polarion.platform.startup  - Build artifacts recognition ... took  [ TIME 0.75 s. ]
2017-06-23 10:40:58,827 [main | u:p] INFO  com.polarion.platform.startup  - ------------------------------
2017-06-23 10:40:58,827 [main | u:p] INFO  com.polarion.platform.startup  - BIR inspection (Phase: 6/9)
2017-06-23 10:40:58,874 [main | u:p] INFO  com.polarion.platform.startup  - BIR inspection ... took  [ TIME 0.05 s. ]
2017-06-23 10:40:58,903 [main | u:p] INFO  com.polarion.platform.startup  - ------------------------------
2017-06-23 10:40:58,903 [main | u:p] INFO  com.polarion.platform.startup  - Data indexing (Phase: 7/9)
2017-06-23 10:40:59,113 [main | u:p] INFO  com.polarion.platform.startup  -  -- Refreshing 9 objects in index: BuildArtifact
2017-06-23 10:40:59,128 [main | u:p] INFO  com.polarion.platform.startup  -  -- -- 9 from 9 objects were refreshed (100%)
2017-06-23 10:40:59,403 [main | u:p] INFO  com.polarion.platform.startup  -  -- Refreshing 1 objects in index: Revision
2017-06-23 10:40:59,404 [main | u:p] INFO  com.polarion.platform.startup  -  -- -- 1 from 1 objects were refreshed (100%)
2017-06-23 10:40:59,474 [main | u:p] INFO  com.polarion.platform.startup  - Data indexing ... took  [ TIME 0.6 s. ]
2017-06-23 10:40:59,475 [main | u:p] INFO  com.polarion.platform.startup  - ------------------------------
2017-06-23 10:40:59,475 [main | u:p] INFO  com.polarion.platform.startup  - Fields recalculation (Phase: 8/9)
2017-06-23 10:40:59,490 [main | u:p] INFO  com.polarion.platform.startup  - Fields recalculation ... took  [ TIME 0.02 s. ]
2017-06-23 10:40:59,490 [main | u:p] INFO  com.polarion.platform.startup  - ------------------------------
2017-06-23 10:40:59,490 [main | u:p] INFO  com.polarion.platform.startup  - Polarion startup (Phase: 9/9)
2017-06-23 10:41:34,300 [main] INFO  com.polarion.platform.startup  - Polarion startup ... took  [ TIME 34.81 s. ]
2017-06-23 10:41:34,300 [main] INFO  com.polarion.platform.startup  - ****************************************************************
2017-06-23 10:41:34,300 [main] INFO  com.polarion.platform.startup  -                  Polarion started:  [ TIME 43 s. ]
2017-06-23 10:41:34,300 [main] INFO  com.polarion.platform.startup  - ****************************************************************
