2017-06-22 18:38:21,884 [main | u:p] INFO  TXLOGGER  - Summary for 'Platform startup': transactions: 0, DB: 0.0419 s [49% update (126x), 49% query (13x)] (206x), svn: 0.0241 s [87% checkPath (1x)] (3x)
2017-06-22 18:38:22,099 [main | u:p] INFO  TXLOGGER  - Summary for 'Context recognition': transactions: 0, svn: 0.095 s [40% info (3x), 36% getDir2 content (2x), 25% getFile content (1x)] (6x)
2017-06-22 18:38:23,387 [LowLevelDataService-contextInitializer-1 | u:p] INFO  TXLOGGER  - Summary: Total: 1.28 s, transactions: 0, svn: 0.0694 s [97% log2 (5x)] (6x)
2017-06-22 18:38:23,387 [LowLevelDataService-contextInitializer-3 | u:p] INFO  TXLOGGER  - Summary: Total: 1.28 s, transactions: 0, ObjectMaps: 0.276 s [100% getAllPrimaryObjects (1x)] (7x)
2017-06-22 18:38:23,388 [LowLevelDataService-contextInitializer-4 | u:p] INFO  TXLOGGER  - Summary: Total: 1.28 s, transactions: 0, svn: 0.144 s [98% log2 (10x)] (12x), ObjectMaps: 0.0686 s [97% getAllPrimaryObjects (2x)] (20x)
2017-06-22 18:38:23,388 [LowLevelDataService-contextInitializer-2 | u:p] INFO  TXLOGGER  - Summary: Total: 1.28 s, transactions: 0, svn: 0.139 s [97% log2 (6x)] (8x)
2017-06-22 18:38:23,388 [LowLevelDataService-contextInitializer-5 | u:p] INFO  TXLOGGER  - Summary: Total: 1.28 s, transactions: 0, svn: 0.171 s [43% log2 (5x), 26% log (1x), 20% info (4x)] (15x)
2017-06-22 18:38:23,389 [main | u:p] INFO  TXLOGGER  - Summary for 'Context initialization': transactions: 0, svn: 0.563 s [81% log2 (31x)] (47x), ObjectMaps: 0.44 s [99% getAllPrimaryObjects (7x)] (55x)
2017-06-22 18:38:23,704 [main | u:p] INFO  TXLOGGER  - Summary for 'Revisions processing': transactions: 14, RepositoryConfigService: 0.204 s [100% getReadConfiguration (42x)] (42x), svn: 0.115 s [90% info (15x)] (32x)
2017-06-22 18:38:24,507 [main | u:p] INFO  TXLOGGER  - Summary for 'Build artifacts recognition': transactions: 40, svn: 0.643 s [87% info (78x)] (131x), RepositoryConfigService: 0.534 s [100% getReadConfiguration (48x)] (48x)
2017-06-22 18:38:25,044 [main | u:p] INFO  TXLOGGER  - Summary for 'Data indexing': transactions: 0, Lucene: 0.218 s [100% refresh (1x)] (1x), SubterraURITable: 0.017 s [100% addIfNotExistsDB (1x)] (1x), derivedLinkedRevisionsContributor: 0.0156 s [100% objectsToInv (1x)] (1x)
2017-06-22 18:39:01,040 [main] INFO  TXLOGGER  - Summary for 'Polarion startup': transactions: 1, svn: 0.327 s [80% info (47x), 11% getDir2 content (5x)] (66x), RepositoryConfigService: 0.0325 s [100% getReadConfiguration (2x)] (2x)
2017-06-22 18:39:01,152 [Persistence Events Processing Thread | u:p] INFO  TXLOGGER  - Summary: Total: 0.109 s, transactions: 6, persistence listener: 0.108 s [91% notificationsCreatingListener (1x)] (7x)
2017-06-22 18:39:01,238 [Worker-0 | u:p | job: polarion.jobs.attachment.indexer] INFO  TXLOGGER  - Summary after AttachmentIndexer: transactions: 6, persistence listener: 0.108 s [91% notificationsCreatingListener (1x)] (7x), Lucene: 0.0508 s [100% add (1x)] (1x), resolve: 0.0443 s [89% User (2x)] (5x), ObjectMaps: 0.0106 s [100% getPrimaryObjectLocation (2x)] (2x)
2017-06-22 18:39:01,823 [PreLoadDataService | u:p] INFO  TXLOGGER  - Tx 5733fae47e038_0_5733fae47e038_0_: finished. Total: 0.774 s, svn: 0.498 s [66% getDir2 content (25x), 33% getFile content (15x)] (43x), resolve: 0.325 s [51% Category (8x), 49% TimePoint (5x)] (13x), ObjectMaps: 0.0543 s [51% getPrimaryObjectLocation (13x), 27% getPrimaryObjectProperty (13x), 21% getLastPromoted (13x)] (55x)
2017-06-22 18:39:02,345 [PreLoadDataService | u:p] INFO  TXLOGGER  - Tx 5733fae571c40_0_5733fae571c40_0_: finished. Total: 0.322 s, svn: 0.233 s [52% getFile content (14x), 48% info (10x)] (25x), RepositoryConfigService: 0.182 s [83% getReadConfiguration (72x)] (74x), resolve: 0.11 s [100% User (8x)] (8x), ObjectMaps: 0.0254 s [48% getPrimaryObjectLocation (8x), 26% getPrimaryObjectProperty (8x), 25% getLastPromoted (8x)] (33x)
2017-06-22 18:39:02,488 [PreLoadDataService | u:p] INFO  TXLOGGER  - Tx 5733fae5c2441_0_5733fae5c2441_0_: finished. Total: 0.142 s, RepositoryConfigService: 0.119 s [99% getReadConfiguration (55x)] (78x), svn: 0.0997 s [100% getFile content (13x)] (14x)
2017-06-22 18:39:02,759 [DBHistoryCreator-1 | u:p] INFO  TXLOGGER  - Summary: Total: 1.51 s, transactions: 0
2017-06-22 18:39:02,760 [Worker-1 | u:p | job: polarion.jobs.db.history] INFO  TXLOGGER  - Summary after DBHistoryCreator: transactions: 0, Lucene: 0.122 s [100% add (2x)] (2x)
2017-06-22 18:39:02,760 [Worker-1 | u:p] INFO  TXLOGGER  - Summary for 'job: polarion.jobs.db.history': Total: 1.51 s, transactions: 0, SubterraURITable: 1.2 s [100% getDB (4080x)] (4080x), DB: 1.11 s [51% query (4106x), 30% update (4081x)] (20515x)
2017-06-22 18:39:03,271 [PreLoadDataService | u:p] INFO  TXLOGGER  - Tx 5733fae5e6042_0_5733fae5e6042_0_: finished. Total: 0.783 s, svn: 0.701 s [73% getFile content (47x), 27% getDir2 content (17x)] (65x), RepositoryConfigService: 0.574 s [100% getReadConfiguration (164x)] (180x)
2017-06-22 18:39:03,615 [PreLoadDataService | u:p] INFO  TXLOGGER  - Tx 5733fae6a9c43_0_5733fae6a9c43_0_: finished. Total: 0.344 s, svn: 0.299 s [84% getFile content (35x)] (42x), RepositoryConfigService: 0.287 s [99% getReadConfiguration (295x)] (370x)
2017-06-22 18:39:03,961 [PreLoadDataService | u:p] INFO  TXLOGGER  - Tx 5733fae6ffc44_0_5733fae6ffc44_0_: finished. Total: 0.346 s, svn: 0.326 s [51% getDir2 content (17x), 49% getFile content (21x)] (39x), RepositoryConfigService: 0.176 s [100% getReadConfiguration (88x)] (110x)
2017-06-22 18:39:04,093 [PreLoadDataService | u:p] INFO  TXLOGGER  - Tx 5733fae756445_0_5733fae756445_0_: finished. Total: 0.131 s, svn: 0.123 s [58% getDir2 content (11x), 42% getFile content (8x)] (20x), RepositoryConfigService: 0.0575 s [99% getReadConfiguration (38x)] (54x)
2017-06-22 18:39:04,409 [PreLoadDataService | u:p] INFO  TXLOGGER  - Tx 5733fae777446_0_5733fae777446_0_: finished. Total: 0.316 s, svn: 0.298 s [55% getFile content (24x), 45% getDir2 content (12x)] (37x), RepositoryConfigService: 0.178 s [100% getReadConfiguration (87x)] (109x)
2017-06-22 18:39:04,410 [PreLoadDataService] INFO  TXLOGGER  - Summary for 'PreloadDataService': Total: 3.36 s, transactions: 9, svn: 2.68 s [59% getFile content (182x), 36% getDir2 content (90x)] (301x), RepositoryConfigService: 1.6 s [98% getReadConfiguration (801x)] (981x), resolve: 0.562 s [30% Category (8x), 28% TimePoint (5x), 23% Project (5x)] (26x)
2017-06-22 18:39:04,410 [PreLoadDataService] INFO  TXLOGGER  - Summary after preload: transactions: 9, svn: 2.68 s [59% getFile content (182x), 36% getDir2 content (90x)] (302x), RepositoryConfigService: 1.6 s [98% getReadConfiguration (801x)] (981x), SubterraURITable: 1.2 s [100% getDB (4080x)] (4080x), DB: 1.11 s [51% query (4106x), 30% update (4081x)] (20515x), resolve: 0.562 s [30% Category (8x), 28% TimePoint (5x), 23% Project (5x)] (27x)
