2017-06-22 17:23:01,502 [main | u:p] INFO  TXLOGGER  - Summary for 'Platform startup': transactions: 0, DB: 0.0398 s [51% update (126x), 48% query (13x)] (206x), svn: 0.0295 s [87% checkPath (1x)] (3x)
2017-06-22 17:23:01,721 [main | u:p] INFO  TXLOGGER  - Summary for 'Context recognition': transactions: 0, svn: 0.0789 s [39% info (3x), 30% getDir2 content (2x), 30% getFile content (1x)] (6x)
2017-06-22 17:23:03,032 [LowLevelDataService-contextInitializer-4 | u:p] INFO  TXLOGGER  - Summary: Total: 1.31 s, transactions: 0, svn: 0.112 s [86% log2 (5x)] (6x)
2017-06-22 17:23:03,033 [LowLevelDataService-contextInitializer-3 | u:p] INFO  TXLOGGER  - Summary: Total: 1.31 s, transactions: 0, ObjectMaps: 0.298 s [100% getAllPrimaryObjects (1x)] (7x)
2017-06-22 17:23:03,033 [LowLevelDataService-contextInitializer-1 | u:p] INFO  TXLOGGER  - Summary: Total: 1.31 s, transactions: 0, svn: 0.169 s [98% log2 (10x)] (12x), ObjectMaps: 0.0692 s [97% getAllPrimaryObjects (2x)] (20x)
2017-06-22 17:23:03,033 [LowLevelDataService-contextInitializer-5 | u:p] INFO  TXLOGGER  - Summary: Total: 1.31 s, transactions: 0, svn: 0.147 s [40% log2 (5x), 28% log (1x), 19% info (4x)] (15x)
2017-06-22 17:23:03,033 [LowLevelDataService-contextInitializer-2 | u:p] INFO  TXLOGGER  - Summary: Total: 1.31 s, transactions: 0, svn: 0.123 s [97% log2 (6x)] (8x)
2017-06-22 17:23:03,034 [main | u:p] INFO  TXLOGGER  - Summary for 'Context initialization': transactions: 0, svn: 0.582 s [81% log2 (31x)] (47x), ObjectMaps: 0.459 s [100% getAllPrimaryObjects (7x)] (55x)
2017-06-22 17:23:03,369 [main | u:p] INFO  TXLOGGER  - Summary for 'Revisions processing': transactions: 14, RepositoryConfigService: 0.208 s [100% getReadConfiguration (42x)] (42x), svn: 0.112 s [89% info (15x)] (32x)
2017-06-22 17:23:04,034 [main | u:p] INFO  TXLOGGER  - Summary for 'Build artifacts recognition': transactions: 40, svn: 0.515 s [85% info (78x)] (131x), RepositoryConfigService: 0.435 s [100% getReadConfiguration (48x)] (48x)
2017-06-22 17:23:04,531 [main | u:p] INFO  TXLOGGER  - Summary for 'Data indexing': transactions: 0, Lucene: 0.207 s [100% refresh (1x)] (1x), SubterraURITable: 0.0135 s [100% addIfNotExistsDB (1x)] (1x), derivedLinkedRevisionsContributor: 0.0105 s [100% objectsToInv (1x)] (1x)
2017-06-22 17:23:40,751 [main] INFO  TXLOGGER  - Summary for 'Polarion startup': transactions: 1, svn: 0.336 s [70% info (47x), 19% getLatestRevision (13x)] (67x), RepositoryConfigService: 0.0218 s [100% getReadConfiguration (2x)] (2x)
2017-06-22 17:23:40,861 [Persistence Events Processing Thread | u:p] INFO  TXLOGGER  - Summary: Total: 0.105 s, transactions: 6, persistence listener: 0.104 s [91% notificationsCreatingListener (1x)] (7x)
2017-06-22 17:23:40,948 [Worker-0 | u:p | job: polarion.jobs.attachment.indexer] INFO  TXLOGGER  - Summary after AttachmentIndexer: transactions: 6, persistence listener: 0.104 s [91% notificationsCreatingListener (1x)] (7x), Lucene: 0.0515 s [100% add (1x)] (1x), resolve: 0.041 s [91% User (2x)] (5x), ObjectMaps: 0.0114 s [100% getPrimaryObjectLocation (2x)] (2x)
2017-06-22 17:23:41,456 [PreLoadDataService | u:p] INFO  TXLOGGER  - Tx 5733e9a626038_0_5733e9a626038_0_: finished. Total: 0.694 s, svn: 0.43 s [58% getDir2 content (25x), 42% getFile content (15x)] (43x), resolve: 0.312 s [57% TimePoint (5x), 43% Category (8x)] (13x), ObjectMaps: 0.0515 s [50% getPrimaryObjectLocation (13x), 29% getPrimaryObjectProperty (13x), 21% getLastPromoted (13x)] (55x)
2017-06-22 17:23:41,884 [PreLoadDataService | u:p] INFO  TXLOGGER  - Tx 5733e9a6fac40_0_5733e9a6fac40_0_: finished. Total: 0.272 s, svn: 0.182 s [59% getFile content (14x), 41% info (10x)] (25x), RepositoryConfigService: 0.14 s [80% getReadConfiguration (72x)] (74x), resolve: 0.1 s [100% User (8x)] (8x), ObjectMaps: 0.0224 s [42% getPrimaryObjectLocation (8x), 30% getPrimaryObjectProperty (8x), 28% getLastPromoted (8x)] (33x)
2017-06-22 17:23:42,043 [PreLoadDataService | u:p] INFO  TXLOGGER  - Tx 5733e9a73f441_0_5733e9a73f441_0_: finished. Total: 0.159 s, RepositoryConfigService: 0.133 s [99% getReadConfiguration (55x)] (78x), svn: 0.1 s [100% getFile content (13x)] (14x)
2017-06-22 17:23:42,441 [DBHistoryCreator-1 | u:p] INFO  TXLOGGER  - Summary: Total: 1.45 s, transactions: 0
2017-06-22 17:23:42,441 [DBHistoryCreator-2 | u:p] INFO  TXLOGGER  - Summary: Total: 1.45 s, transactions: 0
2017-06-22 17:23:42,441 [Worker-1 | u:p | job: polarion.jobs.db.history] INFO  TXLOGGER  - Summary after DBHistoryCreator: transactions: 0, Lucene: 0.0864 s [100% add (2x)] (2x)
2017-06-22 17:23:42,441 [Worker-1 | u:p] INFO  TXLOGGER  - Summary for 'job: polarion.jobs.db.history': Total: 1.49 s, transactions: 0, SubterraURITable: 1.17 s [100% getDB (4069x)] (4069x), DB: 1.11 s [51% query (4095x), 30% update (4070x)] (20449x)
2017-06-22 17:23:42,936 [PreLoadDataService | u:p] INFO  TXLOGGER  - Tx 5733e9a767042_0_5733e9a767042_0_: finished. Total: 0.891 s, svn: 0.788 s [70% getFile content (47x), 30% getDir2 content (17x)] (65x), RepositoryConfigService: 0.636 s [100% getReadConfiguration (164x)] (180x)
2017-06-22 17:23:43,212 [PreLoadDataService | u:p] INFO  TXLOGGER  - Tx 5733e9a846043_0_5733e9a846043_0_: finished. Total: 0.277 s, svn: 0.234 s [84% getFile content (35x)] (42x), RepositoryConfigService: 0.23 s [99% getReadConfiguration (295x)] (370x)
2017-06-22 17:23:43,523 [PreLoadDataService | u:p] INFO  TXLOGGER  - Tx 5733e9a88b044_0_5733e9a88b044_0_: finished. Total: 0.311 s, svn: 0.278 s [55% getFile content (21x), 45% getDir2 content (17x)] (39x), RepositoryConfigService: 0.18 s [100% getReadConfiguration (88x)] (110x)
2017-06-22 17:23:43,627 [PreLoadDataService | u:p] INFO  TXLOGGER  - Tx 5733e9a8d8c45_0_5733e9a8d8c45_0_: finished. Total: 0.104 s, svn: 0.0949 s [58% getDir2 content (11x), 42% getFile content (8x)] (20x), RepositoryConfigService: 0.0459 s [99% getReadConfiguration (38x)] (54x)
2017-06-22 17:23:43,892 [PreLoadDataService | u:p] INFO  TXLOGGER  - Tx 5733e9a8f3046_0_5733e9a8f3046_0_: finished. Total: 0.264 s, svn: 0.231 s [60% getFile content (24x), 40% getDir2 content (12x)] (37x), RepositoryConfigService: 0.166 s [99% getReadConfiguration (87x)] (109x)
2017-06-22 17:23:43,892 [PreLoadDataService] INFO  TXLOGGER  - Summary for 'PreloadDataService': Total: 3.13 s, transactions: 9, svn: 2.41 s [62% getFile content (182x), 34% getDir2 content (90x)] (301x), RepositoryConfigService: 1.56 s [98% getReadConfiguration (801x)] (981x), resolve: 0.516 s [35% TimePoint (5x), 26% Category (8x), 20% Project (5x)] (26x)
2017-06-22 17:23:43,893 [PreLoadDataService] INFO  TXLOGGER  - Summary after preload: transactions: 9, svn: 2.41 s [62% getFile content (182x), 34% getDir2 content (90x)] (302x), RepositoryConfigService: 1.56 s [98% getReadConfiguration (801x)] (981x), SubterraURITable: 1.17 s [100% getDB (4069x)] (4069x), DB: 1.11 s [51% query (4095x), 30% update (4070x)] (20449x), Lucene: 1.03 s [96% add (1x)] (6x), resolve: 0.516 s [35% TimePoint (5x), 26% Category (8x), 20% Project (5x)] (27x)
2017-06-22 17:24:19,427 [ajp-nio-8889-exec-6 | u:admin] INFO  TXLOGGER  - Summary for 'PortalDataService.getInitData': Total: 0.279 s, transactions: 3, RepositoryConfigService: 0.0154 s [100% getReadConfiguration (8x)] (13x)
2017-06-22 17:24:19,901 [ajp-nio-8889-exec-7 | u:admin] INFO  TXLOGGER  - Summary for 'PortalDataService.requestPortalSite': Total: 0.174 s, transactions: 5, svn: 0.0523 s [63% info (4x), 37% getFile content (3x)] (12x), RepositoryConfigService: 0.0466 s [61% getReadConfiguration (11x), 39% getReadUserConfiguration (4x)] (20x)
2017-06-22 17:24:24,464 [ajp-nio-8889-exec-10 | u:admin | uri:/polarion/wiki/bin/view/page/Home | wiki: view http://localhost/polarion/wiki/bin/view/page/Home] INFO  TXLOGGER  - Tx 5733e9d0ab450_0_5733e9d0ab450_0_: finished. Total: 0.163 s
2017-06-22 17:24:24,528 [ajp-nio-8889-exec-10] INFO  TXLOGGER  - Summary for 'servlet /polarion/wiki/bin/view/page/Home': Total: 4.51 s, transactions: 2, Velocity: 3.84 s [100% evaluate in Wiki (1x)] (1x), svn: 0.428 s [60% info (54x), 23% getFile properties (18x)] (86x)
2017-06-22 17:24:24,960 [ajp-nio-8889-exec-8] INFO  TXLOGGER  - Summary for 'servlet /polarion/wiki/bin/download/page/_default/Home/CreateNewProject.png': Total: 0.254 s, transactions: 0, svn: 0.02 s [100% info (2x)] (2x)
2017-06-22 17:24:24,960 [ajp-nio-8889-exec-7] INFO  TXLOGGER  - Summary for 'servlet /polarion/wiki/bin/download/page/_default/Home/IveGotTime.png': Total: 0.254 s, transactions: 0, svn: 0.0204 s [100% info (2x)] (2x)
2017-06-22 17:24:24,962 [ajp-nio-8889-exec-5] INFO  TXLOGGER  - Summary for 'servlet /polarion/wiki/bin/download/page/_default/Home/ProjectDrivePilot.png': Total: 0.257 s, transactions: 0, svn: 0.0204 s [100% info (2x)] (2x)
2017-06-22 17:24:25,010 [ajp-nio-8889-exec-6] INFO  TXLOGGER  - Summary for 'servlet /polarion/wiki/bin/download/page/_default/Home/TimeIsShort.png': Total: 0.304 s, transactions: 0, svn: 0.0265 s [100% info (2x)] (2x)
2017-06-22 17:24:25,011 [ajp-nio-8889-exec-3] INFO  TXLOGGER  - Summary for 'servlet /polarion/wiki/bin/download/page/_default/Home/ProjectElibrary.png': Total: 0.32 s, transactions: 0, svn: 0.0672 s [100% info (2x)] (2x)
2017-06-22 17:24:25,024 [ajp-nio-8889-exec-9] INFO  TXLOGGER  - Summary for 'servlet /polarion/wiki/bin/download/page/_default/Home/TutorialVideos.png': Total: 0.317 s, transactions: 0, svn: 0.0642 s [100% info (2x)] (2x)
2017-06-22 17:24:25,194 [ajp-nio-8889-exec-4] INFO  TXLOGGER  - Summary for 'servlet /polarion/wiki/bin/download/page/_default/Home/WatchAll.png': Total: 0.203 s, transactions: 0, svn: 0.0176 s [100% info (2x)] (2x)
2017-06-22 17:24:25,201 [ajp-nio-8889-exec-1] INFO  TXLOGGER  - Summary for 'servlet /polarion/wiki/bin/download/page/_default/Home/VideoPortal.png': Total: 0.237 s, transactions: 0, svn: 0.0205 s [100% info (2x)] (2x)
2017-06-22 17:24:25,203 [ajp-nio-8889-exec-5] INFO  TXLOGGER  - Summary for 'servlet /polarion/wiki/bin/download/page/_default/Home/VideoLiveDocs.png': Total: 0.237 s, transactions: 0
2017-06-22 17:24:29,093 [ajp-nio-8889-exec-8 | u:admin] INFO  TXLOGGER  - Summary for 'PortalDataService.requestPortalSite': Total: 0.111 s, transactions: 5, RepositoryConfigService: 0.0728 s [100% getReadConfiguration (26x)] (49x), svn: 0.0641 s [58% getFile content (3x), 30% info (3x)] (12x)
2017-06-22 17:24:30,600 [ajp-nio-8889-exec-6 | u:admin | uri:/polarion/wiki/bin/view/project/drivepilot/page/Home | wiki: view http://localhost/polarion/wiki/bin/view/project/drivepilot/page/Home] INFO  TXLOGGER  - Tx 5733e9d672c5b_0_5733e9d672c5b_0_: finished. Total: 0.381 s, svn: 0.302 s [85% info (36x)] (43x), resolve: 0.168 s [98% WikiPage (24x)] (38x)
2017-06-22 17:24:30,647 [ajp-nio-8889-exec-6] INFO  TXLOGGER  - Summary for 'servlet /polarion/wiki/bin/view/project/drivepilot/page/Home': Total: 1.52 s, transactions: 6, Velocity: 1.22 s [100% evaluate in Wiki (1x)] (1x), svn: 1.05 s [81% info (130x)] (160x), resolve: 0.216 s [98% WikiPage (41x)] (58x)
2017-06-22 17:24:31,441 [ajp-nio-8889-exec-8 | u:admin] INFO  TXLOGGER  - Tx 5733e9d75b061_0_5733e9d75b061_0_: finished. Total: 0.293 s, Lucene: 0.287 s [100% search (1x)] (1x)
2017-06-22 17:24:31,443 [ajp-nio-8889-exec-8 | u:admin] INFO  TXLOGGER  - Summary for 'WorkItemDataService.queryForTable': Total: 0.296 s, transactions: 1, Lucene: 0.287 s [100% search (1x)] (1x)
2017-06-22 17:24:32,682 [ajp-nio-8889-exec-10 | u:admin] INFO  TXLOGGER  - Tx 5733e9d84f062_0_5733e9d84f062_0_: finished. Total: 0.557 s, RepositoryConfigService: 0.152 s [90% getReadConfiguration (164x)] (188x), svn: 0.14 s [70% getFile content (7x), 20% info (3x)] (13x), Lucene: 0.0998 s [100% search (6x)] (6x), resolve: 0.08 s [99% WorkItem (2x)] (9x)
2017-06-22 17:24:32,758 [ajp-nio-8889-exec-10 | u:admin] INFO  TXLOGGER  - Summary for 'WorkItemDataService.loadWorkitem': Total: 0.634 s, transactions: 1, RepositoryConfigService: 0.152 s [90% getReadConfiguration (164x)] (188x), svn: 0.14 s [70% getFile content (7x), 20% info (3x)] (13x), Lucene: 0.0998 s [100% search (6x)] (6x), resolve: 0.08 s [99% WorkItem (2x)] (9x)
2017-06-22 17:24:34,158 [ajp-nio-8889-exec-7 | u:admin] INFO  TXLOGGER  - Tx 5733e9d84f463_0_5733e9d84f463_0_: finished. Total: 2.03 s, resolve: 1.91 s [94% WorkItem (14x)] (24x), svn: 1.71 s [66% getFile content (17x), 18% info (29x)] (79x)
2017-06-22 17:24:34,190 [ajp-nio-8889-exec-7 | u:admin] INFO  TXLOGGER  - Summary for 'WorkItemDataService.loadInstances': Total: 2.07 s, transactions: 1, resolve: 1.91 s [94% WorkItem (14x)] (24x), svn: 1.71 s [66% getFile content (17x), 18% info (29x)] (79x)
2017-06-22 17:24:38,243 [ajp-nio-8889-exec-4 | u:admin] INFO  TXLOGGER  - Tx 5733e9de1c865_0_5733e9de1c865_0_: finished. Total: 0.178 s, RepositoryConfigService: 0.108 s [87% getReadConfiguration (151x)] (170x), svn: 0.0477 s [71% getFile content (5x), 29% info (2x)] (8x)
2017-06-22 17:24:38,271 [ajp-nio-8889-exec-4 | u:admin] INFO  TXLOGGER  - Summary for 'WorkItemDataService.loadWorkitem': Total: 0.206 s, transactions: 1, RepositoryConfigService: 0.108 s [87% getReadConfiguration (151x)] (170x), svn: 0.0477 s [71% getFile content (5x), 29% info (2x)] (8x)
2017-06-22 17:24:49,565 [ajp-nio-8889-exec-9 | u:admin] INFO  TXLOGGER  - Tx 5733e9e817066_0_5733e9e817066_0_: finished. Total: 1.28 s, svn: 0.724 s [93% endActivity (1x)] (9x), DB: 0.305 s [99% update (17x)] (25x), Lucene: 0.199 s [90% refresh (1x)] (2x), processed revs: [117, 117 (delay 1s)], write: true
2017-06-22 17:24:49,618 [ajp-nio-8889-exec-9 | u:admin] INFO  TXLOGGER  - Summary for 'WorkItemDataService.saveWorkItem': Total: 1.34 s, transactions: 2, svn: 0.724 s [93% endActivity (1x)] (9x), DB: 0.305 s [99% update (17x)] (25x), Lucene: 0.208 s [86% refresh (1x)] (3x)
2017-06-22 17:24:49,854 [Persistence Events Processing Thread | u:p] INFO  TXLOGGER  - Tx 5733e9e957467_0_5733e9e957467_0_: finished. Total: 0.289 s, resolve: 0.171 s [71% WorkItem (7x), 29% User (10x)] (17x), svn: 0.153 s [55% getFile content (7x), 25% info (2x), 20% getDir2 content (2x)] (12x), ObjectMaps: 0.0156 s [54% getLastPromoted (6x), 27% getPrimaryObjectProperty (6x)] (24x)
2017-06-22 17:24:49,936 [Persistence Events Processing Thread | u:p] INFO  TXLOGGER  - Summary: Total: 0.371 s, transactions: 6, persistence listener: 0.371 s [78% notificationsCreatingListener (1x), 22% WorkItemActivityCreator (1x)] (7x), resolve: 0.211 s [76% WorkItem (10x), 24% User (12x)] (23x), svn: 0.192 s [51% getFile content (8x), 26% info (3x), 22% getDir2 content (3x)] (17x), Lucene: 0.0204 s [100% add (1x)] (1x)
2017-06-22 17:24:55,078 [ajp-nio-8889-exec-10 | u:admin] INFO  TXLOGGER  - Tx 5733e9ede5076_0_5733e9ede5076_0_: finished. Total: 0.849 s, svn: 0.754 s [94% endActivity (1x)] (9x), Lucene: 0.0556 s [55% refresh (1x), 35% add (1x)] (3x), resolve: 0.0474 s [99% WorkItem (2x)] (9x), processed revs: [118, 118 (delay 0s)], write: true
2017-06-22 17:24:55,146 [ajp-nio-8889-exec-10 | u:admin] INFO  TXLOGGER  - Summary for 'WorkItemDataService.saveWorkItem': Total: 0.918 s, transactions: 2, svn: 0.754 s [94% endActivity (1x)] (9x), Lucene: 0.0624 s [49% refresh (1x), 31% add (1x)] (4x), resolve: 0.0576 s [83% WorkItem (6x)] (36x)
2017-06-22 17:24:55,299 [Persistence Events Processing Thread | u:p] INFO  TXLOGGER  - Tx 5733e9eeb9877_0_5733e9eeb9877_0_: finished. Total: 0.221 s, resolve: 0.216 s [74% WorkItem (8x), 26% User (11x)] (19x), svn: 0.141 s [52% getFile content (5x), 26% info (2x), 21% getDir2 content (2x)] (10x), ObjectMaps: 0.0523 s [75% getLastPromoted (5x), 14% getPrimaryObjectLocation (5x)] (20x)
2017-06-22 17:24:56,237 [Persistence Events Processing Thread | u:p] INFO  TXLOGGER  - Tx 5733e9eef0c7a_0_5733e9eef0c7a_0_: finished. Total: 0.937 s, Lucene: 0.888 s [100% add (1x)] (1x)
2017-06-22 17:24:56,238 [Persistence Events Processing Thread | u:p] INFO  TXLOGGER  - Summary: Total: 1.16 s, transactions: 6, persistence listener: 1.16 s [81% WorkItemActivityCreator (1x)] (7x), Lucene: 0.888 s [100% add (1x)] (1x), resolve: 0.261 s [78% WorkItem (11x), 22% User (12x)] (24x), svn: 0.182 s [48% getFile content (6x), 27% info (3x), 24% getDir2 content (3x)] (15x)
2017-06-22 17:25:03,088 [ajp-nio-8889-exec-1 | u:admin] INFO  TXLOGGER  - Tx 5733e9f4f6086_0_5733e9f4f6086_0_: finished. Total: 1.62 s, svn: 1.52 s [97% endActivity (1x)] (9x), processed revs: [119, 119 (delay 1s)], write: true
2017-06-22 17:25:03,125 [ajp-nio-8889-exec-1 | u:admin] INFO  TXLOGGER  - Summary for 'WorkItemDataService.saveWorkItem': Total: 1.66 s, transactions: 2, svn: 1.52 s [97% endActivity (1x)] (9x)
2017-06-22 17:25:03,262 [Persistence Events Processing Thread | u:p] INFO  TXLOGGER  - Tx 5733e9f68c087_0_5733e9f68c087_0_: finished. Total: 0.174 s, resolve: 0.169 s [79% WorkItem (8x), 21% User (11x)] (19x), svn: 0.143 s [47% getFile content (5x), 28% getDir2 content (2x), 26% info (2x)] (10x), ObjectMaps: 0.0192 s [61% getLastPromoted (5x), 20% getPrimaryObjectProperty (5x)] (20x)
2017-06-22 17:25:03,342 [Persistence Events Processing Thread | u:p] INFO  TXLOGGER  - Summary: Total: 0.254 s, transactions: 6, persistence listener: 0.254 s [69% notificationsCreatingListener (1x), 31% WorkItemActivityCreator (1x)] (7x), resolve: 0.226 s [84% WorkItem (11x)] (24x), svn: 0.195 s [45% getFile content (6x), 27% getDir2 content (3x), 27% info (3x)] (15x), ObjectMaps: 0.0239 s [52% getLastPromoted (6x), 28% getPrimaryObjectLocation (6x), 20% getPrimaryObjectProperty (6x)] (24x), Lucene: 0.0168 s [100% add (1x)] (1x)
