2017-06-22 10:34:53,440 [main] INFO  com.polarion.platform.startup  - ****************************************************************
2017-06-22 10:34:53,441 [main] INFO  com.polarion.platform.startup  -                 Polarion starting, please wait!                 
2017-06-22 10:34:53,441 [main] INFO  com.polarion.platform.startup  - ****************************************************************
2017-06-22 10:34:53,441 [main] INFO  com.polarion.platform.startup  - Server start mode: normal
2017-06-22 10:34:53,441 [main] INFO  com.polarion.platform.startup  - ------------------------------
2017-06-22 10:34:53,441 [main] INFO  com.polarion.platform.startup  - Platform startup (Phase: 1/9)
2017-06-22 10:34:57,942 [main] INFO  com.polarion.platform.startup  - Opening historical database...
2017-06-22 10:34:58,086 [main] INFO  com.polarion.platform.startup  - Opening of historical database finished [ TIME 0.144 s. ]
2017-06-22 10:34:58,086 [main] INFO  com.polarion.platform.startup  - Opening head database...
2017-06-22 10:34:58,148 [main] INFO  com.polarion.platform.startup  - Opening of head database finished [ TIME 0.0611 s. ]
2017-06-22 10:34:58,370 [main | u:p] INFO  com.polarion.platform.startup  -  -- Polarion startup estimation:  [ TIME 52 s. ]
2017-06-22 10:34:58,507 [main | u:p] INFO  com.polarion.platform.startup  - Platform startup ... took  [ TIME 5.07 s. ]
2017-06-22 10:34:58,659 [main | u:p] INFO  com.polarion.platform.startup  - ------------------------------
2017-06-22 10:34:58,659 [main | u:p] INFO  com.polarion.platform.startup  - Context recognition (Phase: 2/9)
2017-06-22 10:34:58,694 [main | u:p] INFO  com.polarion.platform.startup  - Context recognition ... took  [ TIME 0.19 s. ]
2017-06-22 10:34:58,695 [main | u:p] INFO  com.polarion.platform.startup  - ------------------------------
2017-06-22 10:34:58,695 [main | u:p] INFO  com.polarion.platform.startup  - Context initialization (Phase: 3/9)
2017-06-22 10:34:58,699 [LowLevelDataService-contextInitializer-3 | u:p | context: MyPolarion] INFO  com.polarion.platform.startup  -  -- Initializing context: MyPolarion (2/8)
2017-06-22 10:34:58,699 [LowLevelDataService-contextInitializer-1 | u:p | context: [GLOBAL]] INFO  com.polarion.platform.startup  -  -- Initializing context: [GLOBAL] (3/8)
2017-06-22 10:34:58,699 [LowLevelDataService-contextInitializer-4 | u:p | context: --Demo Projects] INFO  com.polarion.platform.startup  -  -- Initializing context: --Demo Projects (5/8)
2017-06-22 10:34:58,699 [LowLevelDataService-contextInitializer-2 | u:p | cluster: default] INFO  com.polarion.platform.startup  -  -- Initializing cluster: default (4/8)
2017-06-22 10:34:58,699 [LowLevelDataService-contextInitializer-5 | u:p | context: library] INFO  com.polarion.platform.startup  -  -- Initializing context: library (1/8)
2017-06-22 10:34:58,704 [LowLevelDataService-contextInitializer-1 | u:p | context: CAPA] INFO  com.polarion.platform.startup  -  -- Initializing context: CAPA (6/8)
2017-06-22 10:34:58,802 [LowLevelDataService-contextInitializer-2 | u:p | context: elibrary] INFO  com.polarion.platform.startup  -  -- Initializing context: elibrary (7/8)
2017-06-22 10:34:58,934 [LowLevelDataService-contextInitializer-4 | u:p | context: drivepilot] INFO  com.polarion.platform.startup  -  -- Initializing context: drivepilot (8/8)
2017-06-22 10:34:59,911 [main | u:p] INFO  com.polarion.platform.startup  - Context initialization ... took  [ TIME 1.22 s. ]
2017-06-22 10:34:59,921 [main | u:p] INFO  com.polarion.platform.startup  - ------------------------------
2017-06-22 10:34:59,921 [main | u:p] INFO  com.polarion.platform.startup  - Revisions processing (Phase: 4/9)
2017-06-22 10:35:00,207 [main | u:p] INFO  com.polarion.platform.startup  -  -- Processing new revisions from repository default in context ContextId[context [global]]
2017-06-22 10:35:00,216 [main | u:p] INFO  com.polarion.platform.startup  - Revisions processing ... took  [ TIME 0.31 s. ]
2017-06-22 10:35:00,262 [main | u:p] INFO  com.polarion.platform.startup  - ------------------------------
2017-06-22 10:35:00,262 [main | u:p] INFO  com.polarion.platform.startup  - Build artifacts recognition (Phase: 5/9)
2017-06-22 10:35:00,273 [main | u:p] INFO  com.polarion.platform.startup  -  -- Processing build artifacts from context: [GLOBAL] (1/8)
2017-06-22 10:35:00,417 [main | u:p] INFO  com.polarion.platform.startup  -  -- Processing build artifacts from cluster: default (2/8)
2017-06-22 10:35:00,468 [main | u:p] INFO  com.polarion.platform.startup  -  -- Processing build artifacts from context: MyPolarion (3/8)
2017-06-22 10:35:00,511 [main | u:p] INFO  com.polarion.platform.startup  -  -- Processing build artifacts from context: --Demo Projects (4/8)
2017-06-22 10:35:00,569 [main | u:p] INFO  com.polarion.platform.startup  -  -- Processing build artifacts from context: library (5/8)
2017-06-22 10:35:00,620 [main | u:p] INFO  com.polarion.platform.startup  -  -- Processing build artifacts from context: CAPA (6/8)
2017-06-22 10:35:00,738 [main | u:p] INFO  com.polarion.platform.startup  -  -- Processing build artifacts from context: elibrary (7/8)
2017-06-22 10:35:00,855 [main | u:p] INFO  com.polarion.platform.startup  -  -- Processing build artifacts from context: drivepilot (8/8)
2017-06-22 10:35:00,855 [main | u:p] INFO  com.polarion.platform.startup  - Build artifacts recognition ... took  [ TIME 0.64 s. ]
2017-06-22 10:35:00,856 [main | u:p] INFO  com.polarion.platform.startup  - ------------------------------
2017-06-22 10:35:00,856 [main | u:p] INFO  com.polarion.platform.startup  - BIR inspection (Phase: 6/9)
2017-06-22 10:35:00,904 [main | u:p] INFO  com.polarion.platform.startup  - BIR inspection ... took  [ TIME 0.05 s. ]
2017-06-22 10:35:00,932 [main | u:p] INFO  com.polarion.platform.startup  - ------------------------------
2017-06-22 10:35:00,932 [main | u:p] INFO  com.polarion.platform.startup  - Data indexing (Phase: 7/9)
2017-06-22 10:35:01,130 [main | u:p] INFO  com.polarion.platform.startup  -  -- Refreshing 9 objects in index: BuildArtifact
2017-06-22 10:35:01,145 [main | u:p] INFO  com.polarion.platform.startup  -  -- -- 9 from 9 objects were refreshed (100%)
2017-06-22 10:35:01,389 [main | u:p] INFO  com.polarion.platform.startup  -  -- Refreshing 1 objects in index: Revision
2017-06-22 10:35:01,390 [main | u:p] INFO  com.polarion.platform.startup  -  -- -- 1 from 1 objects were refreshed (100%)
2017-06-22 10:35:01,453 [main | u:p] INFO  com.polarion.platform.startup  - Data indexing ... took  [ TIME 0.55 s. ]
2017-06-22 10:35:01,454 [main | u:p] INFO  com.polarion.platform.startup  - ------------------------------
2017-06-22 10:35:01,454 [main | u:p] INFO  com.polarion.platform.startup  - Fields recalculation (Phase: 8/9)
2017-06-22 10:35:01,479 [main | u:p] INFO  com.polarion.platform.startup  - Fields recalculation ... took  [ TIME 0.03 s. ]
2017-06-22 10:35:01,479 [main | u:p] INFO  com.polarion.platform.startup  - ------------------------------
2017-06-22 10:35:01,479 [main | u:p] INFO  com.polarion.platform.startup  - Polarion startup (Phase: 9/9)
2017-06-22 10:35:37,123 [main] INFO  com.polarion.platform.startup  - Polarion startup ... took  [ TIME 35.64 s. ]
2017-06-22 10:35:37,123 [main] INFO  com.polarion.platform.startup  - ****************************************************************
2017-06-22 10:35:37,123 [main] INFO  com.polarion.platform.startup  -                  Polarion started:  [ TIME 43.7 s. ]
2017-06-22 10:35:37,123 [main] INFO  com.polarion.platform.startup  - ****************************************************************
