2017-06-22 14:35:46,036 [main | u:p] INFO  TXLOGGER  - Summary for 'Platform startup': transactions: 0, DB: 0.0583 s [62% query (13x), 37% update (126x)] (206x), svn: 0.0245 s [87% checkPath (1x)] (3x)
2017-06-22 14:35:46,317 [main | u:p] INFO  TXLOGGER  - Summary for 'Context recognition': transactions: 0, svn: 0.133 s [55% info (3x), 24% getDir2 content (2x), 21% getFile content (1x)] (6x)
2017-06-22 14:35:47,624 [LowLevelDataService-contextInitializer-1 | u:p] INFO  TXLOGGER  - Summary: Total: 1.3 s, transactions: 0, svn: 0.0666 s [97% log2 (5x)] (6x)
2017-06-22 14:35:47,624 [LowLevelDataService-contextInitializer-5 | u:p] INFO  TXLOGGER  - Summary: Total: 1.3 s, transactions: 0, svn: 0.185 s [44% log2 (5x), 31% log (1x), 15% info (4x)] (15x)
2017-06-22 14:35:47,624 [LowLevelDataService-contextInitializer-4 | u:p] INFO  TXLOGGER  - Summary: Total: 1.3 s, transactions: 0, svn: 0.135 s [97% log2 (10x)] (12x), ObjectMaps: 0.0659 s [97% getAllPrimaryObjects (2x)] (20x)
2017-06-22 14:35:47,624 [LowLevelDataService-contextInitializer-2 | u:p] INFO  TXLOGGER  - Summary: Total: 1.3 s, transactions: 0, svn: 0.121 s [97% log2 (6x)] (8x)
2017-06-22 14:35:47,624 [LowLevelDataService-contextInitializer-3 | u:p] INFO  TXLOGGER  - Summary: Total: 1.3 s, transactions: 0, ObjectMaps: 0.261 s [100% getAllPrimaryObjects (1x)] (7x)
2017-06-22 14:35:47,625 [main | u:p] INFO  TXLOGGER  - Summary for 'Context initialization': transactions: 0, svn: 0.545 s [79% log2 (31x), 10% log (1x)] (47x), ObjectMaps: 0.41 s [99% getAllPrimaryObjects (7x)] (55x)
2017-06-22 14:35:47,922 [main | u:p] INFO  TXLOGGER  - Summary for 'Revisions processing': transactions: 14, RepositoryConfigService: 0.192 s [100% getReadConfiguration (42x)] (42x), svn: 0.109 s [91% info (15x)] (32x)
2017-06-22 14:35:48,724 [main | u:p] INFO  TXLOGGER  - Summary for 'Build artifacts recognition': transactions: 40, svn: 0.639 s [87% info (78x)] (131x), RepositoryConfigService: 0.54 s [100% getReadConfiguration (48x)] (48x)
2017-06-22 14:35:49,222 [main | u:p] INFO  TXLOGGER  - Summary for 'Data indexing': transactions: 0, Lucene: 0.21 s [100% refresh (1x)] (1x), SubterraURITable: 0.0171 s [100% addIfNotExistsDB (1x)] (1x), DB: 0.0144 s [58% update (3x), 31% query (1x)] (8x), derivedLinkedRevisionsContributor: 0.0106 s [100% objectsToInv (1x)] (1x)
2017-06-22 14:36:26,217 [main] INFO  TXLOGGER  - Summary for 'Polarion startup': transactions: 1, svn: 0.308 s [81% info (47x)] (67x), RepositoryConfigService: 0.0366 s [100% getReadConfiguration (2x)] (2x)
2017-06-22 14:36:26,424 [Worker-0 | u:p | job: polarion.jobs.attachment.indexer] INFO  TXLOGGER  - Summary after AttachmentIndexer: transactions: 6, Lucene: 0.113 s [100% add (2x)] (2x), persistence listener: 0.0983 s [92% notificationsCreatingListener (1x)] (7x), resolve: 0.0427 s [90% User (2x)] (5x), ObjectMaps: 0.013 s [100% getPrimaryObjectLocation (2x)] (2x)
2017-06-22 14:36:27,081 [PreLoadDataService | u:p] INFO  TXLOGGER  - Tx 5733c35ecc838_0_5733c35ecc838_0_: finished. Total: 0.855 s, svn: 0.429 s [67% getDir2 content (25x), 33% getFile content (15x)] (43x), resolve: 0.396 s [54% Category (8x), 46% TimePoint (5x)] (13x), ObjectMaps: 0.0527 s [51% getPrimaryObjectLocation (13x), 29% getPrimaryObjectProperty (13x)] (55x)
2017-06-22 14:36:27,638 [PreLoadDataService | u:p] INFO  TXLOGGER  - Tx 5733c35fdd040_0_5733c35fdd040_0_: finished. Total: 0.321 s, svn: 0.183 s [60% getFile content (14x), 40% info (10x)] (25x), resolve: 0.149 s [100% User (8x)] (8x), RepositoryConfigService: 0.138 s [80% getReadConfiguration (72x), 20% getReadUserConfiguration (2x)] (74x), ObjectMaps: 0.0212 s [45% getPrimaryObjectLocation (8x), 30% getPrimaryObjectProperty (8x), 26% getLastPromoted (8x)] (33x)
2017-06-22 14:36:27,812 [PreLoadDataService | u:p] INFO  TXLOGGER  - Tx 5733c3602d841_0_5733c3602d841_0_: finished. Total: 0.174 s, RepositoryConfigService: 0.148 s [99% getReadConfiguration (55x)] (78x), svn: 0.128 s [100% getFile content (13x)] (14x)
2017-06-22 14:36:28,123 [DBHistoryCreator-1 | u:p] INFO  TXLOGGER  - Summary: Total: 1.66 s, transactions: 0
2017-06-22 14:36:28,123 [Worker-1 | u:p | job: polarion.jobs.db.history] INFO  TXLOGGER  - Summary after DBHistoryCreator: transactions: 0, Lucene: 0.0266 s [100% add (1x)] (1x)
2017-06-22 14:36:28,123 [Worker-1 | u:p] INFO  TXLOGGER  - Summary for 'job: polarion.jobs.db.history': Total: 1.71 s, transactions: 0, DB: 1.33 s [60% query (4070x), 25% update (4045x)] (20303x), SubterraURITable: 1.16 s [100% getDB (4044x)] (4044x)
2017-06-22 14:36:28,488 [PreLoadDataService | u:p] INFO  TXLOGGER  - Tx 5733c36059042_0_5733c36059042_0_: finished. Total: 0.675 s, svn: 0.605 s [70% getFile content (47x), 30% getDir2 content (17x)] (65x), RepositoryConfigService: 0.477 s [100% getReadConfiguration (164x)] (180x)
2017-06-22 14:36:28,851 [PreLoadDataService | u:p] INFO  TXLOGGER  - Tx 5733c36102043_0_5733c36102043_0_: finished. Total: 0.363 s, RepositoryConfigService: 0.306 s [99% getReadConfiguration (295x)] (370x), svn: 0.302 s [85% getFile content (35x)] (42x)
2017-06-22 14:36:29,173 [PreLoadDataService | u:p] INFO  TXLOGGER  - Tx 5733c3615cc44_0_5733c3615cc44_0_: finished. Total: 0.322 s, svn: 0.289 s [54% getFile content (21x), 46% getDir2 content (17x)] (39x), RepositoryConfigService: 0.185 s [100% getReadConfiguration (88x)] (110x)
2017-06-22 14:36:29,297 [PreLoadDataService | u:p] INFO  TXLOGGER  - Tx 5733c361ad445_0_5733c361ad445_0_: finished. Total: 0.124 s, svn: 0.116 s [58% getDir2 content (11x), 42% getFile content (8x)] (20x), RepositoryConfigService: 0.0542 s [99% getReadConfiguration (38x)] (54x)
2017-06-22 14:36:29,582 [PreLoadDataService | u:p] INFO  TXLOGGER  - Tx 5733c361cc446_0_5733c361cc446_0_: finished. Total: 0.284 s, svn: 0.264 s [59% getFile content (24x), 41% getDir2 content (12x)] (37x), RepositoryConfigService: 0.172 s [99% getReadConfiguration (87x)] (109x)
2017-06-22 14:36:29,582 [PreLoadDataService] INFO  TXLOGGER  - Summary for 'PreloadDataService': Total: 3.36 s, transactions: 9, svn: 2.4 s [61% getFile content (182x), 35% getDir2 content (90x)] (301x), RepositoryConfigService: 1.51 s [98% getReadConfiguration (801x)] (981x), resolve: 0.704 s [31% Category (8x), 26% TimePoint (5x), 23% Project (5x), 21% User (8x)] (26x)
2017-06-22 14:36:29,582 [PreLoadDataService] INFO  TXLOGGER  - Summary after preload: transactions: 9, svn: 2.4 s [61% getFile content (182x), 35% getDir2 content (90x)] (302x), RepositoryConfigService: 1.51 s [98% getReadConfiguration (801x)] (981x), DB: 1.33 s [60% query (4070x), 25% update (4045x)] (20303x), SubterraURITable: 1.16 s [100% getDB (4044x)] (4044x), resolve: 0.704 s [31% Category (8x), 26% TimePoint (5x), 23% Project (5x), 21% User (9x)] (27x)
2017-06-22 14:37:04,728 [ajp-nio-8889-exec-5 | u:admin] INFO  TXLOGGER  - Tx 5733c383f0847_0_5733c383f0847_0_: finished. Total: 0.47 s, RepositoryConfigService: 0.197 s [86% getReadConfiguration (314x)] (336x), svn: 0.123 s [59% getFile content (10x), 31% info (6x)] (19x), Lucene: 0.0287 s [100% search (6x)] (6x)
2017-06-22 14:37:04,854 [ajp-nio-8889-exec-5 | u:admin] INFO  TXLOGGER  - Summary for 'WorkItemDataService.getWorkitemTemplate': Total: 0.598 s, transactions: 1, RepositoryConfigService: 0.197 s [86% getReadConfiguration (314x)] (336x), svn: 0.123 s [59% getFile content (10x), 31% info (6x)] (19x)
2017-06-22 14:37:12,210 [ajp-nio-8889-exec-9 | u:admin] INFO  TXLOGGER  - Tx 5733c38a90048_0_5733c38a90048_0_: finished. Total: 1.17 s, svn: 0.78 s [91% endActivity (1x)] (15x), Lucene: 0.0781 s [66% add (2x), 34% search (2x)] (4x), processed revs: [94, 94 (delay 0s)], write: true
2017-06-22 14:37:12,421 [Persistence Events Processing Thread | u:p] INFO  TXLOGGER  - Tx 5733c38bb4849_0_5733c38bb4849_0_: finished. Total: 0.21 s, resolve: 0.0892 s [74% WorkItem (2x), 26% User (2x)] (4x), svn: 0.0699 s [55% getFile content (3x), 23% info (1x), 22% getDir2 content (1x)] (6x), ObjectMaps: 0.0271 s [38% getLastPromoted (2x), 36% getPrimaryObjectProperty (2x), 27% getPrimaryObjectLocation (2x)] (8x), RepositoryConfigService: 0.014 s [100% getReadConfiguration (9x)] (10x)
2017-06-22 14:37:12,453 [ajp-nio-8889-exec-9 | u:admin] INFO  TXLOGGER  - Tx 5733c38bb4c4a_0_5733c38bb4c4a_0_: finished. Total: 0.243 s, resolve: 0.0682 s [97% WorkItem (1x)] (22x), svn: 0.0612 s [49% getFile content (2x), 24% info (1x), 24% getDir2 content (1x)] (6x), Lucene: 0.0356 s [100% search (6x)] (6x), RepositoryConfigService: 0.0151 s [99% getReadConfiguration (323x)] (347x), ObjectMaps: 0.0137 s [47% getPrimaryObjectLocation (1x), 30% getPrimaryObjectLocations (10x), 17% getPrimaryObjectProperty (1x)] (14x)
2017-06-22 14:37:12,473 [ajp-nio-8889-exec-9 | u:admin] INFO  TXLOGGER  - Summary for 'WorkItemDataService.saveWorkItem': Total: 1.44 s, transactions: 2, svn: 0.841 s [85% endActivity (1x)] (21x), resolve: 0.117 s [98% WorkItem (5x)] (31x), Lucene: 0.114 s [55% search (8x), 45% add (2x)] (10x)
2017-06-22 14:37:12,588 [Persistence Events Processing Thread | u:p] INFO  TXLOGGER  - Tx 5733c38be944b_0_5733c38be944b_0_: finished. Total: 0.167 s, RepositoryConfigService: 0.073 s [100% getReadConfiguration (12x)] (13x), svn: 0.0499 s [47% getFile content (2x), 27% getDir2 content (1x), 23% info (1x)] (6x), resolve: 0.042 s [100% WorkItem (3x)] (5x), Lucene: 0.0283 s [100% add (1x)] (1x)
2017-06-22 14:37:12,589 [Persistence Events Processing Thread | u:p] INFO  TXLOGGER  - Summary: Total: 0.379 s, transactions: 6, persistence listener: 0.379 s [56% notificationsCreatingListener (1x), 44% WorkItemActivityCreator (1x)] (7x), resolve: 0.131 s [83% WorkItem (5x)] (9x), svn: 0.12 s [52% getFile content (5x), 24% getDir2 content (2x), 23% info (2x)] (12x), RepositoryConfigService: 0.087 s [100% getReadConfiguration (21x)] (23x), ObjectMaps: 0.0305 s [35% getLastPromoted (3x), 34% getPrimaryObjectProperty (3x), 31% getPrimaryObjectLocation (3x)] (12x), Lucene: 0.0283 s [100% add (1x)] (1x)
2017-06-22 14:37:24,948 [ajp-nio-8889-exec-5 | u:admin] INFO  TXLOGGER  - Summary for 'DebugService.deObfuscateStackTrace': Total: 0.109 s, transactions: 0
2017-06-22 14:37:30,279 [ajp-nio-8889-exec-7 | u:admin] INFO  TXLOGGER  - Summary for 'DebugService.deObfuscateStackTrace': Total: 0.105 s, transactions: 0
2017-06-22 14:48:04,865 [ajp-nio-8889-exec-6 | u:admin] INFO  TXLOGGER  - Tx 5733c6083e85c_0_5733c6083e85c_0_: finished. Total: 0.839 s, svn: 0.685 s [89% endActivity (1x)] (9x), resolve: 0.0624 s [99% WorkItem (2x)] (9x), DB: 0.0558 s [97% update (17x)] (25x), Lucene: 0.0504 s [62% refresh (1x), 38% add (1x)] (2x), processed revs: [95, 95 (delay 0s)], write: true
2017-06-22 14:48:04,921 [ajp-nio-8889-exec-6 | u:admin] INFO  TXLOGGER  - Summary for 'WorkItemDataService.saveWorkItem': Total: 0.894 s, transactions: 2, svn: 0.685 s [89% endActivity (1x)] (9x), resolve: 0.0646 s [97% WorkItem (6x)] (35x), Lucene: 0.058 s [54% refresh (1x), 33% add (1x)] (3x), DB: 0.0558 s [97% update (17x)] (25x)
2017-06-22 14:48:05,064 [Persistence Events Processing Thread | u:p] INFO  TXLOGGER  - Tx 5733c6091045d_0_5733c6091045d_0_: finished. Total: 0.198 s, resolve: 0.176 s [77% WorkItem (7x), 23% User (6x)] (13x), svn: 0.139 s [40% getFile content (4x), 33% getDir2 content (2x), 26% info (2x)] (9x), ObjectMaps: 0.0295 s [62% getPrimaryObjectLocation (4x), 22% getPrimaryObjectProperty (4x)] (16x)
2017-06-22 14:48:05,173 [Persistence Events Processing Thread | u:p] INFO  TXLOGGER  - Tx 5733c6094205f_0_5733c6094205f_0_: finished. Total: 0.109 s, resolve: 0.0528 s [100% WorkItem (3x)] (6x), svn: 0.0433 s [36% getFile content (1x), 31% getDir2 content (1x), 31% info (1x)] (5x), Lucene: 0.0289 s [100% add (1x)] (1x)
2017-06-22 14:48:05,173 [Persistence Events Processing Thread | u:p] INFO  TXLOGGER  - Summary: Total: 0.308 s, transactions: 6, persistence listener: 0.308 s [65% notificationsCreatingListener (1x), 35% WorkItemActivityCreator (1x)] (7x), resolve: 0.228 s [82% WorkItem (10x)] (19x), svn: 0.182 s [39% getFile content (5x), 33% getDir2 content (3x), 27% info (3x)] (14x), ObjectMaps: 0.0344 s [61% getPrimaryObjectLocation (5x), 21% getPrimaryObjectProperty (5x)] (21x), Lucene: 0.0289 s [100% add (1x)] (1x)
