2017-06-22 14:35:38,050 [main] INFO  com.polarion.platform.startup  - ****************************************************************
2017-06-22 14:35:38,050 [main] INFO  com.polarion.platform.startup  -                 Polarion starting, please wait!                 
2017-06-22 14:35:38,050 [main] INFO  com.polarion.platform.startup  - ****************************************************************
2017-06-22 14:35:38,050 [main] INFO  com.polarion.platform.startup  - Server start mode: normal
2017-06-22 14:35:38,050 [main] INFO  com.polarion.platform.startup  - ------------------------------
2017-06-22 14:35:38,051 [main] INFO  com.polarion.platform.startup  - Platform startup (Phase: 1/9)
2017-06-22 14:35:45,440 [main] INFO  com.polarion.platform.startup  - Opening historical database...
2017-06-22 14:35:45,609 [main] INFO  com.polarion.platform.startup  - Opening of historical database finished [ TIME 0.169 s. ]
2017-06-22 14:35:45,609 [main] INFO  com.polarion.platform.startup  - Opening head database...
2017-06-22 14:35:45,689 [main] INFO  com.polarion.platform.startup  - Opening of head database finished [ TIME 0.0795 s. ]
2017-06-22 14:35:45,898 [main | u:p] INFO  com.polarion.platform.startup  -  -- Polarion startup estimation:  [ TIME 46 s. ]
2017-06-22 14:35:46,035 [main | u:p] INFO  com.polarion.platform.startup  - Platform startup ... took  [ TIME 8.0 s. ]
2017-06-22 14:35:46,266 [main | u:p] INFO  com.polarion.platform.startup  - ------------------------------
2017-06-22 14:35:46,266 [main | u:p] INFO  com.polarion.platform.startup  - Context recognition (Phase: 2/9)
2017-06-22 14:35:46,316 [main | u:p] INFO  com.polarion.platform.startup  - Context recognition ... took  [ TIME 0.28 s. ]
2017-06-22 14:35:46,317 [main | u:p] INFO  com.polarion.platform.startup  - ------------------------------
2017-06-22 14:35:46,317 [main | u:p] INFO  com.polarion.platform.startup  - Context initialization (Phase: 3/9)
2017-06-22 14:35:46,320 [LowLevelDataService-contextInitializer-4 | u:p | context: --Demo Projects] INFO  com.polarion.platform.startup  -  -- Initializing context: --Demo Projects (5/8)
2017-06-22 14:35:46,320 [LowLevelDataService-contextInitializer-5 | u:p | context: library] INFO  com.polarion.platform.startup  -  -- Initializing context: library (3/8)
2017-06-22 14:35:46,320 [LowLevelDataService-contextInitializer-1 | u:p | context: [GLOBAL]] INFO  com.polarion.platform.startup  -  -- Initializing context: [GLOBAL] (1/8)
2017-06-22 14:35:46,320 [LowLevelDataService-contextInitializer-3 | u:p | context: MyPolarion] INFO  com.polarion.platform.startup  -  -- Initializing context: MyPolarion (2/8)
2017-06-22 14:35:46,320 [LowLevelDataService-contextInitializer-2 | u:p | cluster: default] INFO  com.polarion.platform.startup  -  -- Initializing cluster: default (4/8)
2017-06-22 14:35:46,325 [LowLevelDataService-contextInitializer-1 | u:p | context: CAPA] INFO  com.polarion.platform.startup  -  -- Initializing context: CAPA (6/8)
2017-06-22 14:35:46,442 [LowLevelDataService-contextInitializer-2 | u:p | context: elibrary] INFO  com.polarion.platform.startup  -  -- Initializing context: elibrary (7/8)
2017-06-22 14:35:46,540 [LowLevelDataService-contextInitializer-4 | u:p | context: drivepilot] INFO  com.polarion.platform.startup  -  -- Initializing context: drivepilot (8/8)
2017-06-22 14:35:47,625 [main | u:p] INFO  com.polarion.platform.startup  - Context initialization ... took  [ TIME 1.31 s. ]
2017-06-22 14:35:47,633 [main | u:p] INFO  com.polarion.platform.startup  - ------------------------------
2017-06-22 14:35:47,633 [main | u:p] INFO  com.polarion.platform.startup  - Revisions processing (Phase: 4/9)
2017-06-22 14:35:47,912 [main | u:p] INFO  com.polarion.platform.startup  -  -- Processing new revisions from repository default in context ContextId[context [global]]
2017-06-22 14:35:47,921 [main | u:p] INFO  com.polarion.platform.startup  - Revisions processing ... took  [ TIME 0.3 s. ]
2017-06-22 14:35:47,978 [main | u:p] INFO  com.polarion.platform.startup  - ------------------------------
2017-06-22 14:35:47,978 [main | u:p] INFO  com.polarion.platform.startup  - Build artifacts recognition (Phase: 5/9)
2017-06-22 14:35:47,989 [main | u:p] INFO  com.polarion.platform.startup  -  -- Processing build artifacts from context: [GLOBAL] (1/8)
2017-06-22 14:35:48,158 [main | u:p] INFO  com.polarion.platform.startup  -  -- Processing build artifacts from cluster: default (2/8)
2017-06-22 14:35:48,236 [main | u:p] INFO  com.polarion.platform.startup  -  -- Processing build artifacts from context: MyPolarion (3/8)
2017-06-22 14:35:48,293 [main | u:p] INFO  com.polarion.platform.startup  -  -- Processing build artifacts from context: --Demo Projects (4/8)
2017-06-22 14:35:48,352 [main | u:p] INFO  com.polarion.platform.startup  -  -- Processing build artifacts from context: library (5/8)
2017-06-22 14:35:48,420 [main | u:p] INFO  com.polarion.platform.startup  -  -- Processing build artifacts from context: CAPA (6/8)
2017-06-22 14:35:48,572 [main | u:p] INFO  com.polarion.platform.startup  -  -- Processing build artifacts from context: elibrary (7/8)
2017-06-22 14:35:48,723 [main | u:p] INFO  com.polarion.platform.startup  -  -- Processing build artifacts from context: drivepilot (8/8)
2017-06-22 14:35:48,723 [main | u:p] INFO  com.polarion.platform.startup  - Build artifacts recognition ... took  [ TIME 0.8 s. ]
2017-06-22 14:35:48,724 [main | u:p] INFO  com.polarion.platform.startup  - ------------------------------
2017-06-22 14:35:48,724 [main | u:p] INFO  com.polarion.platform.startup  - BIR inspection (Phase: 6/9)
2017-06-22 14:35:48,767 [main | u:p] INFO  com.polarion.platform.startup  - BIR inspection ... took  [ TIME 0.04 s. ]
2017-06-22 14:35:48,768 [main | u:p] INFO  com.polarion.platform.startup  - ------------------------------
2017-06-22 14:35:48,768 [main | u:p] INFO  com.polarion.platform.startup  - Data indexing (Phase: 7/9)
2017-06-22 14:35:48,963 [main | u:p] INFO  com.polarion.platform.startup  -  -- Refreshing 1 objects in index: Revision
2017-06-22 14:35:48,968 [main | u:p] INFO  com.polarion.platform.startup  -  -- -- 1 from 1 objects were refreshed (100%)
2017-06-22 14:35:49,222 [main | u:p] INFO  com.polarion.platform.startup  - Data indexing ... took  [ TIME 0.45 s. ]
2017-06-22 14:35:49,223 [main | u:p] INFO  com.polarion.platform.startup  - ------------------------------
2017-06-22 14:35:49,223 [main | u:p] INFO  com.polarion.platform.startup  - Fields recalculation (Phase: 8/9)
2017-06-22 14:35:49,246 [main | u:p] INFO  com.polarion.platform.startup  - Fields recalculation ... took  [ TIME 0.02 s. ]
2017-06-22 14:35:49,246 [main | u:p] INFO  com.polarion.platform.startup  - ------------------------------
2017-06-22 14:35:49,246 [main | u:p] INFO  com.polarion.platform.startup  - Polarion startup (Phase: 9/9)
2017-06-22 14:36:26,216 [main] INFO  com.polarion.platform.startup  - Polarion startup ... took  [ TIME 36.97 s. ]
2017-06-22 14:36:26,217 [main] INFO  com.polarion.platform.startup  - ****************************************************************
2017-06-22 14:36:26,217 [main] INFO  com.polarion.platform.startup  -                  Polarion started:  [ TIME 48.2 s. ]
2017-06-22 14:36:26,217 [main] INFO  com.polarion.platform.startup  - ****************************************************************
