2017-06-23 10:10:49,079 [main | u:p] INFO  TXLOGGER  - Summary for 'Platform startup': transactions: 0, DB: 0.039 s [50% query (13x), 48% update (126x)] (206x), svn: 0.0236 s [87% checkPath (1x)] (3x)
2017-06-23 10:10:49,272 [main | u:p] INFO  TXLOGGER  - Summary for 'Context recognition': transactions: 0, svn: 0.07 s [37% info (3x), 35% getDir2 content (2x), 29% getFile content (1x)] (6x)
2017-06-23 10:10:50,501 [LowLevelDataService-contextInitializer-3 | u:p] INFO  TXLOGGER  - Summary: Total: 1.22 s, transactions: 0, ObjectMaps: 0.236 s [100% getAllPrimaryObjects (1x)] (7x)
2017-06-23 10:10:50,501 [LowLevelDataService-contextInitializer-5 | u:p] INFO  TXLOGGER  - Summary: Total: 1.22 s, transactions: 0, svn: 0.269 s [46% log2 (5x), 23% log (1x), 16% info (4x)] (15x)
2017-06-23 10:10:50,501 [LowLevelDataService-contextInitializer-2 | u:p] INFO  TXLOGGER  - Summary: Total: 1.22 s, transactions: 0, svn: 0.186 s [98% log2 (6x)] (8x)
2017-06-23 10:10:50,501 [LowLevelDataService-contextInitializer-4 | u:p] INFO  TXLOGGER  - Summary: Total: 1.22 s, transactions: 0, svn: 0.069 s [97% log2 (5x)] (6x)
2017-06-23 10:10:50,501 [LowLevelDataService-contextInitializer-1 | u:p] INFO  TXLOGGER  - Summary: Total: 1.22 s, transactions: 0, svn: 0.116 s [96% log2 (10x)] (12x)
2017-06-23 10:10:50,502 [main | u:p] INFO  TXLOGGER  - Summary for 'Context initialization': transactions: 0, svn: 0.661 s [76% log2 (31x), 9% log (1x)] (47x), ObjectMaps: 0.378 s [99% getAllPrimaryObjects (7x)] (55x)
2017-06-23 10:10:50,784 [main | u:p] INFO  TXLOGGER  - Summary for 'Revisions processing': transactions: 14, RepositoryConfigService: 0.186 s [100% getReadConfiguration (42x)] (42x), svn: 0.102 s [89% info (15x)] (32x)
2017-06-23 10:10:51,372 [main | u:p] INFO  TXLOGGER  - Summary for 'Build artifacts recognition': transactions: 40, svn: 0.458 s [82% info (78x)] (131x), RepositoryConfigService: 0.391 s [100% getReadConfiguration (48x)] (48x)
2017-06-23 10:10:51,876 [main | u:p] INFO  TXLOGGER  - Summary for 'Data indexing': transactions: 0, Lucene: 0.21 s [100% refresh (1x)] (1x), SubterraURITable: 0.0141 s [100% addIfNotExistsDB (1x)] (1x), derivedLinkedRevisionsContributor: 0.0106 s [100% objectsToInv (1x)] (1x)
2017-06-23 10:11:26,156 [main] INFO  TXLOGGER  - Summary for 'Polarion startup': transactions: 1, svn: 0.249 s [81% info (47x)] (66x), RepositoryConfigService: 0.0215 s [100% getReadConfiguration (2x)] (2x)
2017-06-23 10:11:26,330 [Worker-0 | u:p | job: polarion.jobs.attachment.indexer] INFO  TXLOGGER  - Summary after AttachmentIndexer: transactions: 6, persistence listener: 0.0976 s [92% notificationsCreatingListener (1x)] (7x), Lucene: 0.0642 s [100% add (2x)] (2x), resolve: 0.0308 s [90% User (2x)] (5x), ObjectMaps: 0.00838 s [100% getPrimaryObjectLocation (2x)] (2x)
2017-06-23 10:11:26,839 [PreLoadDataService | u:p] INFO  TXLOGGER  - Tx 5734d04e65038_0_5734d04e65038_0_: finished. Total: 0.675 s, svn: 0.357 s [59% getDir2 content (25x), 41% getFile content (15x)] (43x), resolve: 0.334 s [56% TimePoint (5x), 44% Category (8x)] (13x), ObjectMaps: 0.0525 s [50% getPrimaryObjectLocation (13x), 29% getPrimaryObjectProperty (13x), 21% getLastPromoted (13x)] (55x)
2017-06-23 10:11:27,276 [PreLoadDataService | u:p] INFO  TXLOGGER  - Tx 5734d04f38440_0_5734d04f38440_0_: finished. Total: 0.266 s, svn: 0.176 s [60% getFile content (14x), 40% info (10x)] (25x), RepositoryConfigService: 0.135 s [82% getReadConfiguration (72x)] (74x), resolve: 0.0997 s [100% User (8x)] (8x), ObjectMaps: 0.0241 s [46% getPrimaryObjectLocation (8x), 30% getPrimaryObjectProperty (8x), 24% getLastPromoted (8x)] (33x)
2017-06-23 10:11:27,399 [PreLoadDataService | u:p] INFO  TXLOGGER  - Tx 5734d04f7b041_0_5734d04f7b041_0_: finished. Total: 0.123 s, RepositoryConfigService: 0.099 s [98% getReadConfiguration (55x)] (78x), svn: 0.0795 s [100% getFile content (13x)] (14x)
2017-06-23 10:11:27,840 [DBHistoryCreator-3 | u:p] INFO  TXLOGGER  - Summary: Total: 1.48 s, transactions: 0
2017-06-23 10:11:27,840 [DBHistoryCreator-2 | u:p] INFO  TXLOGGER  - Summary: Total: 1.48 s, transactions: 0
2017-06-23 10:11:27,840 [DBHistoryCreator-1 | u:p] INFO  TXLOGGER  - Summary: Total: 1.48 s, transactions: 0
2017-06-23 10:11:27,840 [Worker-1 | u:p | job: polarion.jobs.db.history] INFO  TXLOGGER  - Summary after DBHistoryCreator: transactions: 0, Lucene: 0.0217 s [100% add (1x)] (1x), DB: 0.00169 s [72% update (3x), 28% commit (3x)] (6x)
2017-06-23 10:11:27,840 [Worker-1 | u:p] INFO  TXLOGGER  - Summary for 'job: polarion.jobs.db.history': Total: 1.51 s, transactions: 0, SubterraURITable: 1.2 s [100% getDB (4088x)] (4088x), DB: 1.14 s [51% query (4114x), 31% update (4089x)] (20558x)
2017-06-23 10:11:28,204 [PreLoadDataService | u:p] INFO  TXLOGGER  - Tx 5734d04f99c42_0_5734d04f99c42_0_: finished. Total: 0.804 s, svn: 0.723 s [67% getFile content (47x), 33% getDir2 content (17x)] (65x), RepositoryConfigService: 0.549 s [100% getReadConfiguration (164x)] (180x)
2017-06-23 10:11:28,489 [PreLoadDataService | u:p] INFO  TXLOGGER  - Tx 5734d05063043_0_5734d05063043_0_: finished. Total: 0.285 s, RepositoryConfigService: 0.239 s [99% getReadConfiguration (295x)] (370x), svn: 0.221 s [84% getFile content (35x)] (42x)
2017-06-23 10:11:28,768 [PreLoadDataService | u:p] INFO  TXLOGGER  - Tx 5734d050aa444_0_5734d050aa444_0_: finished. Total: 0.278 s, svn: 0.259 s [53% getFile content (21x), 47% getDir2 content (17x)] (39x), RepositoryConfigService: 0.151 s [99% getReadConfiguration (88x)] (110x)
2017-06-23 10:11:28,887 [PreLoadDataService | u:p] INFO  TXLOGGER  - Tx 5734d050f0045_0_5734d050f0045_0_: finished. Total: 0.119 s, svn: 0.0981 s [52% getDir2 content (11x), 48% getFile content (8x)] (20x), RepositoryConfigService: 0.0656 s [99% getReadConfiguration (38x)] (54x)
2017-06-23 10:11:29,115 [PreLoadDataService | u:p] INFO  TXLOGGER  - Tx 5734d0510dc46_0_5734d0510dc46_0_: finished. Total: 0.227 s, svn: 0.209 s [57% getFile content (24x), 43% getDir2 content (12x)] (37x), RepositoryConfigService: 0.134 s [99% getReadConfiguration (87x)] (109x)
2017-06-23 10:11:29,115 [PreLoadDataService] INFO  TXLOGGER  - Summary for 'PreloadDataService': Total: 2.95 s, transactions: 9, svn: 2.19 s [61% getFile content (182x), 34% getDir2 content (90x)] (301x), RepositoryConfigService: 1.4 s [98% getReadConfiguration (801x)] (981x), resolve: 0.55 s [34% TimePoint (5x), 27% Category (8x), 21% Project (5x)] (26x)
2017-06-23 10:11:29,116 [PreLoadDataService] INFO  TXLOGGER  - Summary after preload: transactions: 9, svn: 2.21 s [61% getFile content (182x), 34% getDir2 content (90x)] (302x), RepositoryConfigService: 1.4 s [98% getReadConfiguration (801x)] (981x), SubterraURITable: 1.2 s [100% getDB (4088x)] (4088x), DB: 1.14 s [51% query (4114x), 31% update (4089x)] (20558x), resolve: 0.55 s [34% TimePoint (5x), 27% Category (8x), 21% Project (5x)] (27x)
2017-06-23 10:11:50,469 [ajp-nio-8889-exec-9 | u:admin] INFO  TXLOGGER  - Tx 5734d065b4447_0_5734d065b4447_0_: finished. Total: 0.436 s, RepositoryConfigService: 0.166 s [87% getReadConfiguration (314x)] (336x), svn: 0.0959 s [59% getFile content (10x), 31% info (6x)] (19x)
2017-06-23 10:11:50,597 [ajp-nio-8889-exec-9 | u:admin] INFO  TXLOGGER  - Summary for 'WorkItemDataService.getWorkitemTemplate': Total: 0.566 s, transactions: 1, RepositoryConfigService: 0.166 s [87% getReadConfiguration (314x)] (336x), svn: 0.0959 s [59% getFile content (10x), 31% info (6x)] (19x)
2017-06-23 10:12:04,458 [ajp-nio-8889-exec-4 | u:admin] INFO  TXLOGGER  - Tx 5734d072dbc48_0_5734d072dbc48_0_: finished. Total: 0.955 s, svn: 0.591 s [91% endActivity (1x)] (15x), Lucene: 0.0676 s [75% add (2x), 25% search (2x)] (4x), processed revs: [132, 132 (delay 0s)], write: true
2017-06-23 10:12:04,591 [Persistence Events Processing Thread | u:p] INFO  TXLOGGER  - Tx 5734d073ca849_0_5734d073ca849_0_: finished. Total: 0.132 s, resolve: 0.0568 s [80% WorkItem (2x)] (4x), svn: 0.0488 s [50% getFile content (3x), 28% info (1x), 23% getDir2 content (1x)] (6x), ObjectMaps: 0.0102 s [62% getPrimaryObjectProperty (2x), 22% getPrimaryObjectLocation (2x)] (8x)
2017-06-23 10:12:04,729 [Persistence Events Processing Thread | u:p] INFO  TXLOGGER  - Tx 5734d073ebc4b_0_5734d073ebc4b_0_: finished. Total: 0.138 s, svn: 0.0489 s [47% getDir2 content (1x), 33% getFile content (2x)] (6x), RepositoryConfigService: 0.0476 s [100% getReadConfiguration (12x)] (13x), resolve: 0.0435 s [100% WorkItem (3x)] (5x), Lucene: 0.0195 s [100% add (1x)] (1x)
2017-06-23 10:12:04,729 [Persistence Events Processing Thread | u:p] INFO  TXLOGGER  - Summary: Total: 0.271 s, transactions: 6, persistence listener: 0.271 s [51% WorkItemActivityCreator (1x), 49% notificationsCreatingListener (1x)] (7x), resolve: 0.1 s [89% WorkItem (5x)] (9x), svn: 0.0977 s [41% getFile content (5x), 35% getDir2 content (2x), 22% info (2x)] (12x), RepositoryConfigService: 0.0561 s [100% getReadConfiguration (21x)] (23x), Lucene: 0.0195 s [100% add (1x)] (1x)
2017-06-23 10:12:04,829 [ajp-nio-8889-exec-4 | u:admin] INFO  TXLOGGER  - Tx 5734d073ca84a_0_5734d073ca84a_0_: finished. Total: 0.371 s, form extension: 0.214 s [100% RtFormExtension (2x)] (2x), resolve: 0.0546 s [97% WorkItem (1x)] (17x), svn: 0.0433 s [47% getFile content (2x), 26% info (1x), 25% getDir2 content (1x)] (6x)
2017-06-23 10:12:04,842 [ajp-nio-8889-exec-4 | u:admin] INFO  TXLOGGER  - Summary for 'WorkItemDataService.saveWorkItem': Total: 1.35 s, transactions: 2, svn: 0.634 s [85% endActivity (1x)] (21x), form extension: 0.214 s [100% RtFormExtension (2x)] (2x), resolve: 0.0907 s [98% WorkItem (5x)] (26x), Lucene: 0.084 s [60% add (2x), 40% search (8x)] (10x)
2017-06-23 10:12:34,644 [ajp-nio-8889-exec-6 | u:admin] INFO  TXLOGGER  - Tx 5734d0907ac5c_0_5734d0907ac5c_0_: finished. Total: 0.807 s, svn: 0.695 s [94% endActivity (1x)] (9x), Lucene: 0.0561 s [64% refresh (1x), 36% add (1x)] (2x), processed revs: [133, 133 (delay 0s)], write: true
2017-06-23 10:12:34,739 [ajp-nio-8889-exec-6 | u:admin] INFO  TXLOGGER  - Summary for 'WorkItemDataService.saveWorkItem': Total: 0.904 s, transactions: 2, svn: 0.695 s [94% endActivity (1x)] (9x), Lucene: 0.0651 s [55% refresh (1x), 31% add (1x)] (3x)
2017-06-23 10:12:34,819 [Persistence Events Processing Thread | u:p] INFO  TXLOGGER  - Tx 5734d09144c5d_0_5734d09144c5d_0_: finished. Total: 0.176 s, resolve: 0.151 s [83% WorkItem (7x)] (13x), svn: 0.104 s [43% getFile content (4x), 32% getDir2 content (2x), 25% info (2x)] (9x), ObjectMaps: 0.0256 s [82% getLastPromoted (4x)] (16x)
2017-06-23 10:12:34,919 [Persistence Events Processing Thread | u:p] INFO  TXLOGGER  - Summary: Total: 0.276 s, transactions: 6, persistence listener: 0.276 s [64% notificationsCreatingListener (1x), 36% WorkItemActivityCreator (1x)] (7x), resolve: 0.195 s [86% WorkItem (10x)] (19x), svn: 0.144 s [40% getFile content (5x), 31% getDir2 content (3x), 28% info (3x)] (14x), ObjectMaps: 0.0326 s [66% getLastPromoted (5x), 15% getPrimaryObjectLocation (5x)] (21x), Lucene: 0.0293 s [100% add (1x)] (1x)
2017-06-23 10:12:42,596 [ajp-nio-8889-exec-5 | u:admin] INFO  TXLOGGER  - Tx 5734d0977b86c_0_5734d0977b86c_0_: finished. Total: 1.59 s, svn: 1.49 s [97% endActivity (1x)] (9x), processed revs: [134, 134 (delay 1s)], write: true
2017-06-23 10:12:42,656 [ajp-nio-8889-exec-5 | u:admin] INFO  TXLOGGER  - Summary for 'WorkItemDataService.saveWorkItem': Total: 1.65 s, transactions: 2, svn: 1.49 s [97% endActivity (1x)] (9x)
2017-06-23 10:12:42,779 [Persistence Events Processing Thread | u:p] INFO  TXLOGGER  - Tx 5734d0990906d_0_5734d0990906d_0_: finished. Total: 0.184 s, resolve: 0.176 s [86% WorkItem (8x)] (15x), svn: 0.121 s [39% getFile content (4x), 37% getDir2 content (2x), 24% info (2x)] (9x), ObjectMaps: 0.0462 s [67% getLastPromoted (4x), 20% getPrimaryObjectLocation (4x)] (16x)
2017-06-23 10:12:42,873 [Persistence Events Processing Thread | u:p] INFO  TXLOGGER  - Summary: Total: 0.277 s, transactions: 6, persistence listener: 0.277 s [67% notificationsCreatingListener (1x), 33% WorkItemActivityCreator (1x)] (7x), resolve: 0.229 s [89% WorkItem (11x)] (20x), svn: 0.169 s [37% getFile content (5x), 35% getDir2 content (3x), 27% info (3x)] (14x), ObjectMaps: 0.051 s [62% getLastPromoted (5x), 24% getPrimaryObjectLocation (5x)] (20x), Lucene: 0.0319 s [100% add (1x)] (1x)
2017-06-23 10:12:50,050 [ajp-nio-8889-exec-6 | u:admin] INFO  TXLOGGER  - Tx 5734d09f8e47c_0_5734d09f8e47c_0_: finished. Total: 0.777 s, svn: 0.68 s [94% endActivity (1x)] (9x), Lucene: 0.0532 s [54% refresh (1x), 36% add (1x)] (3x), resolve: 0.04 s [99% WorkItem (2x)] (9x), processed revs: [135, 135 (delay 0s)], write: true
2017-06-23 10:12:50,123 [ajp-nio-8889-exec-6 | u:admin] INFO  TXLOGGER  - Summary for 'WorkItemDataService.saveWorkItem': Total: 0.85 s, transactions: 2, svn: 0.68 s [94% endActivity (1x)] (9x), Lucene: 0.0597 s [48% refresh (1x), 32% add (1x)] (4x)
2017-06-23 10:12:50,212 [Persistence Events Processing Thread | u:p] INFO  TXLOGGER  - Tx 5734d0a05087d_0_5734d0a05087d_0_: finished. Total: 0.162 s, resolve: 0.156 s [84% WorkItem (8x)] (15x), svn: 0.127 s [37% getFile content (4x), 36% getDir2 content (2x), 28% info (2x)] (9x), ObjectMaps: 0.0241 s [42% getPrimaryObjectProperty (4x), 39% getPrimaryObjectLocation (4x)] (16x)
2017-06-23 10:12:50,277 [Persistence Events Processing Thread | u:p] INFO  TXLOGGER  - Summary: Total: 0.227 s, transactions: 6, persistence listener: 0.227 s [72% notificationsCreatingListener (1x), 28% WorkItemActivityCreator (1x)] (7x), resolve: 0.197 s [87% WorkItem (11x)] (20x), svn: 0.162 s [37% getFile content (5x), 34% getDir2 content (3x), 28% info (3x)] (14x), ObjectMaps: 0.0285 s [43% getPrimaryObjectLocation (5x), 38% getPrimaryObjectProperty (5x)] (20x), Lucene: 0.0198 s [100% add (1x)] (1x)
