2017-06-22 18:07:37,812 [main | u:p] INFO  TXLOGGER  - Summary for 'Platform startup': transactions: 0, DB: 0.0425 s [50% update (126x), 49% query (13x)] (206x), svn: 0.0286 s [86% checkPath (1x)] (3x)
2017-06-22 18:07:38,016 [main | u:p] INFO  TXLOGGER  - Summary for 'Context recognition': transactions: 0, svn: 0.0831 s [45% info (3x), 28% getFile content (1x), 27% getDir2 content (2x)] (6x)
2017-06-22 18:07:39,193 [LowLevelDataService-contextInitializer-5 | u:p] INFO  TXLOGGER  - Summary: Total: 1.17 s, transactions: 0, svn: 0.0708 s [98% log2 (5x)] (6x)
2017-06-22 18:07:39,193 [LowLevelDataService-contextInitializer-4 | u:p] INFO  TXLOGGER  - Summary: Total: 1.17 s, transactions: 0, svn: 0.143 s [98% log2 (10x)] (12x)
2017-06-22 18:07:39,193 [LowLevelDataService-contextInitializer-3 | u:p] INFO  TXLOGGER  - Summary: Total: 1.17 s, transactions: 0, ObjectMaps: 0.259 s [100% getAllPrimaryObjects (1x)] (7x)
2017-06-22 18:07:39,193 [LowLevelDataService-contextInitializer-2 | u:p] INFO  TXLOGGER  - Summary: Total: 1.17 s, transactions: 0, svn: 0.134 s [98% log2 (6x)] (8x)
2017-06-22 18:07:39,193 [LowLevelDataService-contextInitializer-1 | u:p] INFO  TXLOGGER  - Summary: Total: 1.17 s, transactions: 0, svn: 0.163 s [43% log2 (5x), 28% log (1x), 17% info (4x)] (15x)
2017-06-22 18:07:39,194 [main | u:p] INFO  TXLOGGER  - Summary for 'Context initialization': transactions: 0, svn: 0.549 s [81% log2 (31x)] (47x), ObjectMaps: 0.395 s [99% getAllPrimaryObjects (7x)] (55x)
2017-06-22 18:07:39,505 [main | u:p] INFO  TXLOGGER  - Summary for 'Revisions processing': transactions: 14, RepositoryConfigService: 0.198 s [100% getReadConfiguration (42x)] (42x), svn: 0.112 s [90% info (15x)] (32x)
2017-06-22 18:07:40,204 [main | u:p] INFO  TXLOGGER  - Summary for 'Build artifacts recognition': transactions: 40, svn: 0.558 s [86% info (78x)] (131x), RepositoryConfigService: 0.469 s [100% getReadConfiguration (48x)] (48x)
2017-06-22 18:07:40,741 [main | u:p] INFO  TXLOGGER  - Summary for 'Data indexing': transactions: 0, Lucene: 0.226 s [100% refresh (1x)] (1x), SubterraURITable: 0.0142 s [100% addIfNotExistsDB (1x)] (1x)
2017-06-22 18:08:15,562 [main] INFO  TXLOGGER  - Summary for 'Polarion startup': transactions: 1, svn: 0.327 s [80% info (47x), 10% getDir2 content (5x)] (66x), RepositoryConfigService: 0.0294 s [100% getReadConfiguration (2x)] (2x)
2017-06-22 18:08:15,668 [Persistence Events Processing Thread | u:p] INFO  TXLOGGER  - Summary: Total: 0.103 s, transactions: 6, persistence listener: 0.102 s [93% notificationsCreatingListener (1x)] (7x)
2017-06-22 18:08:15,758 [Worker-0 | u:p | job: polarion.jobs.attachment.indexer] INFO  TXLOGGER  - Summary after AttachmentIndexer: transactions: 6, persistence listener: 0.102 s [93% notificationsCreatingListener (1x)] (7x), Lucene: 0.101 s [100% add (2x)] (2x), resolve: 0.0328 s [91% User (2x)] (5x), ObjectMaps: 0.00896 s [100% getPrimaryObjectLocation (2x)] (2x)
2017-06-22 18:08:16,271 [PreLoadDataService | u:p] INFO  TXLOGGER  - Tx 5733f3da44838_0_5733f3da44838_0_: finished. Total: 0.7 s, svn: 0.418 s [66% getDir2 content (25x), 34% getFile content (15x)] (43x), resolve: 0.293 s [53% TimePoint (5x), 47% Category (8x)] (13x), ObjectMaps: 0.049 s [49% getPrimaryObjectLocation (13x), 30% getPrimaryObjectProperty (13x), 22% getLastPromoted (13x)] (55x)
2017-06-22 18:08:16,812 [PreLoadDataService | u:p] INFO  TXLOGGER  - Tx 5733f3db24040_0_5733f3db24040_0_: finished. Total: 0.347 s, svn: 0.239 s [64% getFile content (14x), 36% info (10x)] (25x), RepositoryConfigService: 0.164 s [82% getReadConfiguration (72x)] (74x), resolve: 0.152 s [100% User (8x)] (8x), ObjectMaps: 0.0248 s [48% getPrimaryObjectLocation (8x), 27% getPrimaryObjectProperty (8x), 25% getLastPromoted (8x)] (33x)
2017-06-22 18:08:16,988 [PreLoadDataService | u:p] INFO  TXLOGGER  - Tx 5733f3db7b041_0_5733f3db7b041_0_: finished. Total: 0.175 s, RepositoryConfigService: 0.149 s [99% getReadConfiguration (55x)] (78x), svn: 0.126 s [100% getFile content (13x)] (14x)
2017-06-22 18:08:17,323 [DBHistoryCreator-1 | u:p] INFO  TXLOGGER  - Summary: Total: 1.53 s, transactions: 0
2017-06-22 18:08:17,323 [Worker-1 | u:p | job: polarion.jobs.db.history] INFO  TXLOGGER  - Summary after DBHistoryCreator: transactions: 0, Lucene: 0.0228 s [100% add (1x)] (1x), svn: 0.00152 s [100% getLatestRevision (1x)] (1x)
2017-06-22 18:08:17,324 [Worker-1 | u:p] INFO  TXLOGGER  - Summary for 'job: polarion.jobs.db.history': Total: 1.57 s, transactions: 0, SubterraURITable: 1.26 s [100% getDB (4080x)] (4080x), DB: 1.17 s [52% query (4106x), 30% update (4081x)] (20515x)
2017-06-22 18:08:17,821 [PreLoadDataService | u:p] INFO  TXLOGGER  - Tx 5733f3dba7042_0_5733f3dba7042_0_: finished. Total: 0.833 s, svn: 0.732 s [74% getFile content (47x), 26% getDir2 content (17x)] (65x), RepositoryConfigService: 0.629 s [100% getReadConfiguration (164x)] (180x)
2017-06-22 18:08:18,193 [PreLoadDataService | u:p] INFO  TXLOGGER  - Tx 5733f3dc77443_0_5733f3dc77443_0_: finished. Total: 0.371 s, RepositoryConfigService: 0.315 s [99% getReadConfiguration (295x)] (370x), svn: 0.312 s [85% getFile content (35x)] (42x)
2017-06-22 18:08:18,529 [PreLoadDataService | u:p] INFO  TXLOGGER  - Tx 5733f3dcd4444_0_5733f3dcd4444_0_: finished. Total: 0.335 s, svn: 0.303 s [54% getFile content (21x), 46% getDir2 content (17x)] (39x), RepositoryConfigService: 0.193 s [100% getReadConfiguration (88x)] (110x)
2017-06-22 18:08:18,658 [PreLoadDataService | u:p] INFO  TXLOGGER  - Tx 5733f3dd28445_0_5733f3dd28445_0_: finished. Total: 0.129 s, svn: 0.12 s [58% getDir2 content (11x), 42% getFile content (8x)] (20x), RepositoryConfigService: 0.0569 s [99% getReadConfiguration (38x)] (54x)
2017-06-22 18:08:18,968 [PreLoadDataService | u:p] INFO  TXLOGGER  - Tx 5733f3dd48846_0_5733f3dd48846_0_: finished. Total: 0.31 s, svn: 0.277 s [61% getFile content (24x), 39% getDir2 content (12x)] (37x), RepositoryConfigService: 0.197 s [100% getReadConfiguration (87x)] (109x)
2017-06-22 18:08:18,968 [PreLoadDataService] INFO  TXLOGGER  - Summary for 'PreloadDataService': Total: 3.4 s, transactions: 9, svn: 2.62 s [63% getFile content (182x), 32% getDir2 content (90x)] (301x), RepositoryConfigService: 1.73 s [98% getReadConfiguration (801x)] (981x), resolve: 0.567 s [27% TimePoint (5x), 27% User (8x), 24% Category (8x), 22% Project (5x)] (26x)
2017-06-22 18:08:18,969 [PreLoadDataService] INFO  TXLOGGER  - Summary after preload: transactions: 9, svn: 2.62 s [63% getFile content (182x), 32% getDir2 content (90x)] (301x), RepositoryConfigService: 1.73 s [98% getReadConfiguration (801x)] (981x), SubterraURITable: 1.26 s [100% getDB (4080x)] (4080x), DB: 1.17 s [52% query (4106x), 30% update (4081x)] (20515x), resolve: 0.567 s [27% TimePoint (5x), 27% User (9x), 24% Category (8x), 22% Project (5x)] (27x)
2017-06-22 18:09:41,398 [ajp-nio-8889-exec-5 | u:admin] INFO  TXLOGGER  - Summary for 'WorkItemDataService.saveWorkItem': Total: 0.166 s, transactions: 2, resolve: 0.119 s [100% WorkItem (2x)] (2x), svn: 0.0558 s [49% info (3x), 25% getFile content (1x), 24% getDir2 content (1x)] (8x), calculatedFieldsContributor: 0.0324 s [100% fields (1x)] (1x), derivedLinkedRevisionsContributor: 0.029 s [100% fields (1x)] (1x), Lucene: 0.0255 s [100% search (1x)] (1x), RepositoryConfigService: 0.0176 s [84% getExistingPrefixes (1x)] (5x), permissions: 0.0136 s [100% readInstance (2x)] (2x)
2017-06-22 18:10:29,195 [ajp-nio-8889-exec-8 | u:admin] INFO  TXLOGGER  - Tx 5733f45ca3c4b_0_5733f45ca3c4b_0_: finished. Total: 0.123 s, RepositoryConfigService: 0.0283 s [96% getReadUserConfiguration (1x)] (2x)
2017-06-22 18:10:29,198 [ajp-nio-8889-exec-7 | u:admin] INFO  TXLOGGER  - Tx 5733f45ca3c4a_0_5733f45ca3c4a_0_: finished. Total: 0.126 s, RepositoryConfigService: 0.0357 s [99% getReadUserConfiguration (1x)] (2x)
2017-06-22 18:10:29,206 [ajp-nio-8889-exec-7 | u:admin] INFO  TXLOGGER  - Summary for 'WorkItemDataService.getDataForTableCustomization': Total: 0.134 s, transactions: 1, RepositoryConfigService: 0.0357 s [99% getReadUserConfiguration (1x)] (2x)
2017-06-22 18:10:29,207 [ajp-nio-8889-exec-8 | u:admin] INFO  TXLOGGER  - Summary for 'WorkItemDataService.getDataForTableCustomization': Total: 0.135 s, transactions: 1, RepositoryConfigService: 0.0283 s [96% getReadUserConfiguration (1x)] (2x)
2017-06-22 18:10:30,391 [ajp-nio-8889-exec-2 | u:admin] INFO  TXLOGGER  - Tx 5733f45d9a04f_0_5733f45d9a04f_0_: finished. Total: 0.334 s, svn: 0.13 s [55% getFile content (5x), 23% getDir2 content (3x), 21% info (3x)] (13x), RepositoryConfigService: 0.113 s [100% getReadConfiguration (164x)] (190x), resolve: 0.0493 s [99% WorkItem (2x)] (9x)
2017-06-22 18:10:30,479 [ajp-nio-8889-exec-2 | u:admin] INFO  TXLOGGER  - Summary for 'WorkItemDataService.loadWorkitem': Total: 0.425 s, transactions: 1, svn: 0.13 s [55% getFile content (5x), 23% getDir2 content (3x), 21% info (3x)] (13x), RepositoryConfigService: 0.113 s [100% getReadConfiguration (164x)] (190x), resolve: 0.0493 s [99% WorkItem (2x)] (9x)
2017-06-22 18:10:31,104 [ajp-nio-8889-exec-1 | u:admin] INFO  TXLOGGER  - Tx 5733f45d9884e_0_5733f45d9884e_0_: finished. Total: 1.05 s, resolve: 0.89 s [83% WorkItem (14x)] (25x), svn: 0.783 s [33% info (26x), 33% getDir2 content (19x), 29% getFile content (18x)] (76x), ObjectMaps: 0.0681 s [53% getLastPromoted (17x), 26% getPrimaryObjectProperty (15x), 12% getPrimaryObjectLocation (17x)] (75x)
2017-06-22 18:10:31,134 [ajp-nio-8889-exec-1 | u:admin] INFO  TXLOGGER  - Summary for 'WorkItemDataService.loadInstances': Total: 1.08 s, transactions: 1, resolve: 0.89 s [83% WorkItem (14x)] (25x), svn: 0.783 s [33% info (26x), 33% getDir2 content (19x), 29% getFile content (18x)] (76x), ObjectMaps: 0.0681 s [53% getLastPromoted (17x), 26% getPrimaryObjectProperty (15x), 12% getPrimaryObjectLocation (17x)] (75x)
2017-06-22 18:10:33,075 [ajp-nio-8889-exec-7 | u:admin] INFO  TXLOGGER  - Tx 5733f46066451_0_5733f46066451_0_: finished. Total: 0.155 s, RepositoryConfigService: 0.087 s [84% getReadConfiguration (151x)] (170x), svn: 0.046 s [71% getFile content (5x), 29% info (2x)] (8x)
2017-06-22 18:10:33,100 [ajp-nio-8889-exec-7 | u:admin] INFO  TXLOGGER  - Summary for 'WorkItemDataService.loadWorkitem': Total: 0.18 s, transactions: 1, RepositoryConfigService: 0.087 s [84% getReadConfiguration (151x)] (170x), svn: 0.046 s [71% getFile content (5x), 29% info (2x)] (8x)
