2017-06-22 17:54:51,403 [main] INFO  com.polarion.platform.startup  - ****************************************************************
2017-06-22 17:54:51,403 [main] INFO  com.polarion.platform.startup  -                 Polarion starting, please wait!                 
2017-06-22 17:54:51,403 [main] INFO  com.polarion.platform.startup  - ****************************************************************
2017-06-22 17:54:51,403 [main] INFO  com.polarion.platform.startup  - Server start mode: normal
2017-06-22 17:54:51,403 [main] INFO  com.polarion.platform.startup  - ------------------------------
2017-06-22 17:54:51,403 [main] INFO  com.polarion.platform.startup  - Platform startup (Phase: 1/9)
2017-06-22 17:54:55,901 [main] INFO  com.polarion.platform.startup  - Opening historical database...
2017-06-22 17:54:56,045 [main] INFO  com.polarion.platform.startup  - Opening of historical database finished [ TIME 0.143 s. ]
2017-06-22 17:54:56,045 [main] INFO  com.polarion.platform.startup  - Opening head database...
2017-06-22 17:54:56,115 [main] INFO  com.polarion.platform.startup  - Opening of head database finished [ TIME 0.0704 s. ]
2017-06-22 17:54:56,331 [main | u:p] INFO  com.polarion.platform.startup  -  -- Polarion startup estimation:  [ TIME 56 s. ]
2017-06-22 17:54:56,472 [main | u:p] INFO  com.polarion.platform.startup  - Platform startup ... took  [ TIME 5.08 s. ]
2017-06-22 17:54:56,635 [main | u:p] INFO  com.polarion.platform.startup  - ------------------------------
2017-06-22 17:54:56,635 [main | u:p] INFO  com.polarion.platform.startup  - Context recognition (Phase: 2/9)
2017-06-22 17:54:56,679 [main | u:p] INFO  com.polarion.platform.startup  - Context recognition ... took  [ TIME 0.21 s. ]
2017-06-22 17:54:56,679 [main | u:p] INFO  com.polarion.platform.startup  - ------------------------------
2017-06-22 17:54:56,680 [main | u:p] INFO  com.polarion.platform.startup  - Context initialization (Phase: 3/9)
2017-06-22 17:54:56,683 [LowLevelDataService-contextInitializer-5 | u:p | context: library] INFO  com.polarion.platform.startup  -  -- Initializing context: library (3/8)
2017-06-22 17:54:56,683 [LowLevelDataService-contextInitializer-3 | u:p | context: MyPolarion] INFO  com.polarion.platform.startup  -  -- Initializing context: MyPolarion (2/8)
2017-06-22 17:54:56,683 [LowLevelDataService-contextInitializer-4 | u:p | context: --Demo Projects] INFO  com.polarion.platform.startup  -  -- Initializing context: --Demo Projects (5/8)
2017-06-22 17:54:56,683 [LowLevelDataService-contextInitializer-1 | u:p | context: [GLOBAL]] INFO  com.polarion.platform.startup  -  -- Initializing context: [GLOBAL] (1/8)
2017-06-22 17:54:56,683 [LowLevelDataService-contextInitializer-2 | u:p | cluster: default] INFO  com.polarion.platform.startup  -  -- Initializing cluster: default (4/8)
2017-06-22 17:54:56,689 [LowLevelDataService-contextInitializer-1 | u:p | context: CAPA] INFO  com.polarion.platform.startup  -  -- Initializing context: CAPA (6/8)
2017-06-22 17:54:56,783 [LowLevelDataService-contextInitializer-2 | u:p | context: elibrary] INFO  com.polarion.platform.startup  -  -- Initializing context: elibrary (7/8)
2017-06-22 17:54:56,903 [LowLevelDataService-contextInitializer-1 | u:p | context: drivepilot] INFO  com.polarion.platform.startup  -  -- Initializing context: drivepilot (8/8)
2017-06-22 17:54:57,873 [main | u:p] INFO  com.polarion.platform.startup  - Context initialization ... took  [ TIME 1.19 s. ]
2017-06-22 17:54:57,886 [main | u:p] INFO  com.polarion.platform.startup  - ------------------------------
2017-06-22 17:54:57,886 [main | u:p] INFO  com.polarion.platform.startup  - Revisions processing (Phase: 4/9)
2017-06-22 17:54:58,179 [main | u:p] INFO  com.polarion.platform.startup  -  -- Processing new revisions from repository default in context ContextId[context [global]]
2017-06-22 17:54:58,190 [main | u:p] INFO  com.polarion.platform.startup  - Revisions processing ... took  [ TIME 0.32 s. ]
2017-06-22 17:54:58,237 [main | u:p] INFO  com.polarion.platform.startup  - ------------------------------
2017-06-22 17:54:58,237 [main | u:p] INFO  com.polarion.platform.startup  - Build artifacts recognition (Phase: 5/9)
2017-06-22 17:54:58,247 [main | u:p] INFO  com.polarion.platform.startup  -  -- Processing build artifacts from context: [GLOBAL] (1/8)
2017-06-22 17:54:58,385 [main | u:p] INFO  com.polarion.platform.startup  -  -- Processing build artifacts from cluster: default (2/8)
2017-06-22 17:54:58,436 [main | u:p] INFO  com.polarion.platform.startup  -  -- Processing build artifacts from context: MyPolarion (3/8)
2017-06-22 17:54:58,493 [main | u:p] INFO  com.polarion.platform.startup  -  -- Processing build artifacts from context: --Demo Projects (4/8)
2017-06-22 17:54:58,543 [main | u:p] INFO  com.polarion.platform.startup  -  -- Processing build artifacts from context: library (5/8)
2017-06-22 17:54:58,599 [main | u:p] INFO  com.polarion.platform.startup  -  -- Processing build artifacts from context: CAPA (6/8)
2017-06-22 17:54:58,728 [main | u:p] INFO  com.polarion.platform.startup  -  -- Processing build artifacts from context: elibrary (7/8)
2017-06-22 17:54:58,856 [main | u:p] INFO  com.polarion.platform.startup  -  -- Processing build artifacts from context: drivepilot (8/8)
2017-06-22 17:54:58,856 [main | u:p] INFO  com.polarion.platform.startup  - Build artifacts recognition ... took  [ TIME 0.67 s. ]
2017-06-22 17:54:58,857 [main | u:p] INFO  com.polarion.platform.startup  - ------------------------------
2017-06-22 17:54:58,857 [main | u:p] INFO  com.polarion.platform.startup  - BIR inspection (Phase: 6/9)
2017-06-22 17:54:58,899 [main | u:p] INFO  com.polarion.platform.startup  - BIR inspection ... took  [ TIME 0.04 s. ]
2017-06-22 17:54:58,900 [main | u:p] INFO  com.polarion.platform.startup  - ------------------------------
2017-06-22 17:54:58,900 [main | u:p] INFO  com.polarion.platform.startup  - Data indexing (Phase: 7/9)
2017-06-22 17:54:59,110 [main | u:p] INFO  com.polarion.platform.startup  -  -- Refreshing 1 objects in index: Revision
2017-06-22 17:54:59,115 [main | u:p] INFO  com.polarion.platform.startup  -  -- -- 1 from 1 objects were refreshed (100%)
2017-06-22 17:54:59,371 [main | u:p] INFO  com.polarion.platform.startup  - Data indexing ... took  [ TIME 0.47 s. ]
2017-06-22 17:54:59,372 [main | u:p] INFO  com.polarion.platform.startup  - ------------------------------
2017-06-22 17:54:59,372 [main | u:p] INFO  com.polarion.platform.startup  - Fields recalculation (Phase: 8/9)
2017-06-22 17:54:59,386 [main | u:p] INFO  com.polarion.platform.startup  - Fields recalculation ... took  [ TIME 0.01 s. ]
2017-06-22 17:54:59,386 [main | u:p] INFO  com.polarion.platform.startup  - ------------------------------
2017-06-22 17:54:59,386 [main | u:p] INFO  com.polarion.platform.startup  - Polarion startup (Phase: 9/9)
2017-06-22 17:55:34,065 [main] INFO  com.polarion.platform.startup  - Polarion startup ... took  [ TIME 34.68 s. ]
2017-06-22 17:55:34,066 [main] INFO  com.polarion.platform.startup  - ****************************************************************
2017-06-22 17:55:34,066 [main] INFO  com.polarion.platform.startup  -                  Polarion started:  [ TIME 42.7 s. ]
2017-06-22 17:55:34,066 [main] INFO  com.polarion.platform.startup  - ****************************************************************
