2017-06-22 14:58:26,326 [main] INFO  com.polarion.platform.startup  - ****************************************************************
2017-06-22 14:58:26,327 [main] INFO  com.polarion.platform.startup  -                 Polarion starting, please wait!                 
2017-06-22 14:58:26,327 [main] INFO  com.polarion.platform.startup  - ****************************************************************
2017-06-22 14:58:26,327 [main] INFO  com.polarion.platform.startup  - Server start mode: normal
2017-06-22 14:58:26,327 [main] INFO  com.polarion.platform.startup  - ------------------------------
2017-06-22 14:58:26,327 [main] INFO  com.polarion.platform.startup  - Platform startup (Phase: 1/9)
2017-06-22 14:58:30,774 [main] INFO  com.polarion.platform.startup  - Opening historical database...
2017-06-22 14:58:30,931 [main] INFO  com.polarion.platform.startup  - Opening of historical database finished [ TIME 0.157 s. ]
2017-06-22 14:58:30,931 [main] INFO  com.polarion.platform.startup  - Opening head database...
2017-06-22 14:58:30,996 [main] INFO  com.polarion.platform.startup  - Opening of head database finished [ TIME 0.0654 s. ]
2017-06-22 14:58:31,216 [main | u:p] INFO  com.polarion.platform.startup  -  -- Polarion startup estimation:  [ TIME 46 s. ]
2017-06-22 14:58:31,358 [main | u:p] INFO  com.polarion.platform.startup  - Platform startup ... took  [ TIME 5.04 s. ]
2017-06-22 14:58:31,540 [main | u:p] INFO  com.polarion.platform.startup  - ------------------------------
2017-06-22 14:58:31,540 [main | u:p] INFO  com.polarion.platform.startup  - Context recognition (Phase: 2/9)
2017-06-22 14:58:31,573 [main | u:p] INFO  com.polarion.platform.startup  - Context recognition ... took  [ TIME 0.21 s. ]
2017-06-22 14:58:31,574 [main | u:p] INFO  com.polarion.platform.startup  - ------------------------------
2017-06-22 14:58:31,574 [main | u:p] INFO  com.polarion.platform.startup  - Context initialization (Phase: 3/9)
2017-06-22 14:58:31,576 [LowLevelDataService-contextInitializer-5 | u:p | context: library] INFO  com.polarion.platform.startup  -  -- Initializing context: library (2/8)
2017-06-22 14:58:31,576 [LowLevelDataService-contextInitializer-4 | u:p | context: --Demo Projects] INFO  com.polarion.platform.startup  -  -- Initializing context: --Demo Projects (4/8)
2017-06-22 14:58:31,576 [LowLevelDataService-contextInitializer-1 | u:p | context: [GLOBAL]] INFO  com.polarion.platform.startup  -  -- Initializing context: [GLOBAL] (3/8)
2017-06-22 14:58:31,576 [LowLevelDataService-contextInitializer-2 | u:p | cluster: default] INFO  com.polarion.platform.startup  -  -- Initializing cluster: default (1/8)
2017-06-22 14:58:31,576 [LowLevelDataService-contextInitializer-3 | u:p | context: MyPolarion] INFO  com.polarion.platform.startup  -  -- Initializing context: MyPolarion (5/8)
2017-06-22 14:58:31,582 [LowLevelDataService-contextInitializer-1 | u:p | context: CAPA] INFO  com.polarion.platform.startup  -  -- Initializing context: CAPA (6/8)
2017-06-22 14:58:31,676 [LowLevelDataService-contextInitializer-2 | u:p | context: elibrary] INFO  com.polarion.platform.startup  -  -- Initializing context: elibrary (7/8)
2017-06-22 14:58:31,821 [LowLevelDataService-contextInitializer-4 | u:p | context: drivepilot] INFO  com.polarion.platform.startup  -  -- Initializing context: drivepilot (8/8)
2017-06-22 14:58:32,905 [main | u:p] INFO  com.polarion.platform.startup  - Context initialization ... took  [ TIME 1.33 s. ]
2017-06-22 14:58:32,914 [main | u:p] INFO  com.polarion.platform.startup  - ------------------------------
2017-06-22 14:58:32,914 [main | u:p] INFO  com.polarion.platform.startup  - Revisions processing (Phase: 4/9)
2017-06-22 14:58:33,202 [main | u:p] INFO  com.polarion.platform.startup  -  -- Processing new revisions from repository default in context ContextId[context [global]]
2017-06-22 14:58:33,211 [main | u:p] INFO  com.polarion.platform.startup  - Revisions processing ... took  [ TIME 0.31 s. ]
2017-06-22 14:58:33,264 [main | u:p] INFO  com.polarion.platform.startup  - ------------------------------
2017-06-22 14:58:33,264 [main | u:p] INFO  com.polarion.platform.startup  - Build artifacts recognition (Phase: 5/9)
2017-06-22 14:58:33,273 [main | u:p] INFO  com.polarion.platform.startup  -  -- Processing build artifacts from context: [GLOBAL] (1/8)
2017-06-22 14:58:33,413 [main | u:p] INFO  com.polarion.platform.startup  -  -- Processing build artifacts from cluster: default (2/8)
2017-06-22 14:58:33,479 [main | u:p] INFO  com.polarion.platform.startup  -  -- Processing build artifacts from context: MyPolarion (3/8)
2017-06-22 14:58:33,533 [main | u:p] INFO  com.polarion.platform.startup  -  -- Processing build artifacts from context: --Demo Projects (4/8)
2017-06-22 14:58:33,586 [main | u:p] INFO  com.polarion.platform.startup  -  -- Processing build artifacts from context: library (5/8)
2017-06-22 14:58:33,645 [main | u:p] INFO  com.polarion.platform.startup  -  -- Processing build artifacts from context: CAPA (6/8)
2017-06-22 14:58:33,788 [main | u:p] INFO  com.polarion.platform.startup  -  -- Processing build artifacts from context: elibrary (7/8)
2017-06-22 14:58:33,942 [main | u:p] INFO  com.polarion.platform.startup  -  -- Processing build artifacts from context: drivepilot (8/8)
2017-06-22 14:58:33,942 [main | u:p] INFO  com.polarion.platform.startup  - Build artifacts recognition ... took  [ TIME 0.73 s. ]
2017-06-22 14:58:33,943 [main | u:p] INFO  com.polarion.platform.startup  - ------------------------------
2017-06-22 14:58:33,943 [main | u:p] INFO  com.polarion.platform.startup  - BIR inspection (Phase: 6/9)
2017-06-22 14:58:33,987 [main | u:p] INFO  com.polarion.platform.startup  - BIR inspection ... took  [ TIME 0.04 s. ]
2017-06-22 14:58:33,988 [main | u:p] INFO  com.polarion.platform.startup  - ------------------------------
2017-06-22 14:58:33,988 [main | u:p] INFO  com.polarion.platform.startup  - Data indexing (Phase: 7/9)
2017-06-22 14:58:34,201 [main | u:p] INFO  com.polarion.platform.startup  -  -- Refreshing 1 objects in index: Revision
2017-06-22 14:58:34,208 [main | u:p] INFO  com.polarion.platform.startup  -  -- -- 1 from 1 objects were refreshed (100%)
2017-06-22 14:58:34,466 [main | u:p] INFO  com.polarion.platform.startup  - Data indexing ... took  [ TIME 0.48 s. ]
2017-06-22 14:58:34,467 [main | u:p] INFO  com.polarion.platform.startup  - ------------------------------
2017-06-22 14:58:34,467 [main | u:p] INFO  com.polarion.platform.startup  - Fields recalculation (Phase: 8/9)
2017-06-22 14:58:34,486 [main | u:p] INFO  com.polarion.platform.startup  - Fields recalculation ... took  [ TIME 0.02 s. ]
2017-06-22 14:58:34,487 [main | u:p] INFO  com.polarion.platform.startup  - ------------------------------
2017-06-22 14:58:34,487 [main | u:p] INFO  com.polarion.platform.startup  - Polarion startup (Phase: 9/9)
2017-06-22 14:59:10,924 [main] INFO  com.polarion.platform.startup  - Polarion startup ... took  [ TIME 36.44 s. ]
2017-06-22 14:59:10,924 [main] INFO  com.polarion.platform.startup  - ****************************************************************
2017-06-22 14:59:10,924 [main] INFO  com.polarion.platform.startup  -                  Polarion started:  [ TIME 44.6 s. ]
2017-06-22 14:59:10,924 [main] INFO  com.polarion.platform.startup  - ****************************************************************
