2017-06-26 17:44:31,779 [main | u:p] INFO  TXLOGGER  - Summary for 'Platform startup': transactions: 0, DB: 0.0424 s [50% query (13x), 49% update (126x)] (206x), svn: 0.0248 s [88% checkPath (1x)] (3x)
2017-06-26 17:44:31,967 [main | u:p] INFO  TXLOGGER  - Summary for 'Context recognition': transactions: 0, svn: 0.0697 s [39% info (3x), 33% getFile content (1x), 28% getDir2 content (2x)] (6x)
2017-06-26 17:44:33,230 [LowLevelDataService-contextInitializer-1 | u:p] INFO  TXLOGGER  - Summary: Total: 1.26 s, transactions: 0
2017-06-26 17:44:33,230 [LowLevelDataService-contextInitializer-5 | u:p] INFO  TXLOGGER  - Summary: Total: 1.26 s, transactions: 0
2017-06-26 17:44:33,231 [LowLevelDataService-contextInitializer-3 | u:p] INFO  TXLOGGER  - Summary: Total: 1.26 s, transactions: 0, ObjectMaps: 0.275 s [100% getAllPrimaryObjects (1x)] (7x), svn: 0.149 s [36% log (1x), 28% info (5x), 19% getFile content (4x)] (17x)
2017-06-26 17:44:33,230 [LowLevelDataService-contextInitializer-4 | u:p] INFO  TXLOGGER  - Summary: Total: 1.26 s, transactions: 0, svn: 0.133 s [98% log2 (10x)] (12x)
2017-06-26 17:44:33,231 [LowLevelDataService-contextInitializer-2 | u:p] INFO  TXLOGGER  - Summary: Total: 1.26 s, transactions: 0, svn: 0.144 s [91% log2 (11x)] (14x), ObjectMaps: 0.0697 s [96% getAllPrimaryObjects (3x)] (33x)
2017-06-26 17:44:33,231 [main | u:p] INFO  TXLOGGER  - Summary for 'Context initialization': transactions: 0, svn: 0.512 s [70% log2 (36x), 10% log (1x)] (55x), ObjectMaps: 0.421 s [99% getAllPrimaryObjects (8x)] (68x)
2017-06-26 17:44:33,533 [main | u:p] INFO  TXLOGGER  - Summary for 'Revisions processing': transactions: 16, RepositoryConfigService: 0.182 s [100% getReadConfiguration (48x)] (48x), svn: 0.0986 s [90% info (17x)] (36x)
2017-06-26 17:44:34,279 [main | u:p] INFO  TXLOGGER  - Summary for 'Build artifacts recognition': transactions: 45, svn: 0.571 s [86% info (87x)] (145x), RepositoryConfigService: 0.47 s [100% getReadConfiguration (90x)] (90x)
2017-06-26 17:44:34,899 [main | u:p] INFO  TXLOGGER  - Summary for 'Data indexing': transactions: 0, Lucene: 0.248 s [100% refresh (2x)] (2x), SubterraURITable: 0.0232 s [100% addIfNotExistsDB (19x)] (19x), DB: 0.0215 s [48% update (42x), 24% query (19x), 19% execute (13x)] (114x)
2017-06-26 17:45:10,269 [main] INFO  TXLOGGER  - Summary for 'Polarion startup': transactions: 1, svn: 0.291 s [80% info (48x)] (67x), RepositoryConfigService: 0.0245 s [100% getReadConfiguration (2x)] (2x)
2017-06-26 17:45:10,378 [Persistence Events Processing Thread | u:p] INFO  TXLOGGER  - Summary: Total: 0.105 s, transactions: 6, persistence listener: 0.104 s [93% notificationsCreatingListener (1x)] (7x)
2017-06-26 17:45:10,449 [Worker-0 | u:p | job: polarion.jobs.attachment.indexer] INFO  TXLOGGER  - Summary after AttachmentIndexer: transactions: 54, persistence listener: 0.108 s [90% notificationsCreatingListener (9x)] (63x), Lucene: 0.0714 s [100% add (2x)] (2x), resolve: 0.0359 s [92% User (2x)] (5x), ObjectMaps: 0.0103 s [100% getPrimaryObjectLocation (2x)] (2x)
2017-06-26 17:45:11,159 [PreLoadDataService | u:p] INFO  TXLOGGER  - Tx 573914ed7183f_0_573914ed7183f_0_: finished. Total: 0.88 s, resolve: 0.462 s [51% Category (8x), 49% TimePoint (5x)] (13x), svn: 0.461 s [58% getDir2 content (25x), 41% getFile content (15x)] (43x), ObjectMaps: 0.0565 s [50% getPrimaryObjectLocation (13x), 29% getPrimaryObjectProperty (13x), 20% getLastPromoted (13x)] (55x)
2017-06-26 17:45:11,711 [PreLoadDataService | u:p] INFO  TXLOGGER  - Tx 573914ee7fc77_0_573914ee7fc77_0_: finished. Total: 0.35 s, svn: 0.198 s [58% getFile content (16x), 41% info (12x)] (30x), resolve: 0.17 s [100% User (9x)] (9x), RepositoryConfigService: 0.148 s [83% getReadConfiguration (90x)] (92x), ObjectMaps: 0.0261 s [40% getPrimaryObjectLocation (9x), 36% getPrimaryObjectProperty (9x), 24% getLastPromoted (9x)] (37x)
2017-06-26 17:45:11,896 [PreLoadDataService | u:p] INFO  TXLOGGER  - Tx 573914eed7c78_0_573914eed7c78_0_: finished. Total: 0.185 s, RepositoryConfigService: 0.161 s [99% getReadConfiguration (55x)] (78x), svn: 0.122 s [100% getFile content (13x)] (14x)
2017-06-26 17:45:12,153 [DBHistoryCreator-1 | u:p] INFO  TXLOGGER  - Summary: Total: 1.67 s, transactions: 0
2017-06-26 17:45:12,153 [DBHistoryCreator-2 | u:p] INFO  TXLOGGER  - Summary: Total: 1.67 s, transactions: 0
2017-06-26 17:45:12,154 [Worker-1 | u:p | job: polarion.jobs.db.history] INFO  TXLOGGER  - Summary after DBHistoryCreator: transactions: 0, Lucene: 0.0248 s [100% add (1x)] (1x), DB: 0.00162 s [71% update (2x), 29% commit (2x)] (4x), svn: 0.00153 s [100% getLatestRevision (1x)] (1x)
2017-06-26 17:45:12,154 [Worker-1 | u:p] INFO  TXLOGGER  - Summary for 'job: polarion.jobs.db.history': Total: 1.71 s, transactions: 0, SubterraURITable: 1.36 s [100% getDB (4297x)] (4297x), DB: 1.27 s [50% query (4323x), 32% update (4298x)] (21727x)
2017-06-26 17:45:12,727 [PreLoadDataService | u:p] INFO  TXLOGGER  - Tx 573914ef06079_0_573914ef06079_0_: finished. Total: 0.831 s, svn: 0.757 s [71% getFile content (47x), 29% getDir2 content (17x)] (65x), RepositoryConfigService: 0.597 s [100% getReadConfiguration (179x)] (198x)
2017-06-26 17:45:13,011 [PreLoadDataService | u:p] INFO  TXLOGGER  - Tx 573914efd5c7a_0_573914efd5c7a_0_: finished. Total: 0.283 s, RepositoryConfigService: 0.237 s [99% getReadConfiguration (308x)] (386x), svn: 0.22 s [83% getFile content (37x)] (44x)
2017-06-26 17:45:13,271 [PreLoadDataService | u:p] INFO  TXLOGGER  - Tx 573914f01cc7b_0_573914f01cc7b_0_: finished. Total: 0.259 s, svn: 0.227 s [84% getFile content (34x)] (41x), RepositoryConfigService: 0.216 s [99% getReadConfiguration (295x)] (353x)
2017-06-26 17:45:13,620 [PreLoadDataService | u:p] INFO  TXLOGGER  - Tx 573914f05dc7c_0_573914f05dc7c_0_: finished. Total: 0.349 s, svn: 0.331 s [51% getFile content (21x), 49% getDir2 content (17x)] (39x), RepositoryConfigService: 0.184 s [100% getReadConfiguration (88x)] (110x)
2017-06-26 17:45:13,964 [PreLoadDataService | u:p] INFO  TXLOGGER  - Tx 573914f0ccc7e_0_573914f0ccc7e_0_: finished. Total: 0.248 s, svn: 0.23 s [52% getFile content (24x), 48% getDir2 content (12x)] (37x), RepositoryConfigService: 0.133 s [99% getReadConfiguration (87x)] (109x)
2017-06-26 17:45:13,964 [PreLoadDataService] INFO  TXLOGGER  - Summary for 'PreloadDataService': Total: 3.69 s, transactions: 10, svn: 2.71 s [63% getFile content (221x), 33% getDir2 content (96x)] (352x), RepositoryConfigService: 1.75 s [98% getReadConfiguration (1142x)] (1386x), resolve: 0.773 s [30% Category (8x), 30% TimePoint (5x), 22% User (9x)] (28x)
2017-06-26 17:45:13,964 [PreLoadDataService] INFO  TXLOGGER  - Summary after preload: transactions: 10, svn: 2.71 s [63% getFile content (221x), 33% getDir2 content (96x)] (353x), RepositoryConfigService: 1.75 s [98% getReadConfiguration (1142x)] (1386x), SubterraURITable: 1.36 s [100% getDB (4297x)] (4297x), DB: 1.27 s [50% query (4323x), 32% update (4298x)] (21727x), resolve: 0.773 s [30% Category (8x), 30% TimePoint (5x), 22% User (10x)] (29x)
2017-06-26 17:45:34,603 [ajp-nio-8889-exec-5 | u:admin] INFO  TXLOGGER  - Summary for 'WorkItemDataService.saveWorkItem': Total: 0.135 s, transactions: 2, resolve: 0.0892 s [100% WorkItem (2x)] (2x), svn: 0.0531 s [49% info (3x), 26% getFile content (1x), 24% getDir2 content (1x)] (8x), calculatedFieldsContributor: 0.0173 s [100% fields (1x)] (1x), RepositoryConfigService: 0.0165 s [87% getExistingPrefixes (1x)] (5x), permissions: 0.0126 s [100% readInstance (2x)] (2x), derivedLinkedRevisionsContributor: 0.0123 s [100% fields (1x)] (1x)
2017-06-26 17:45:37,523 [ajp-nio-8889-exec-6 | u:admin] INFO  TXLOGGER  - Tx 57391506ebc81_0_57391506ebc81_0_: finished. Total: 1.16 s, svn: 0.678 s [90% endActivity (1x)] (10x), Lucene: 0.217 s [81% refresh (1x)] (3x), processed revs: [275, 275 (delay 0s)], write: true
2017-06-26 17:45:38,187 [Persistence Events Processing Thread | u:p] INFO  TXLOGGER  - Tx 573915080cc82_0_573915080cc82_0_: finished. Total: 0.664 s, resolve: 0.521 s [77% WorkItem (12x), 23% User (15x)] (27x), svn: 0.462 s [45% getFile content (14x), 30% getDir2 content (6x), 25% info (6x)] (28x)
2017-06-26 17:45:38,304 [Persistence Events Processing Thread | u:p] INFO  TXLOGGER  - Tx 57391508b3084_0_57391508b3084_0_: finished. Total: 0.116 s, resolve: 0.0739 s [100% WorkItem (3x)] (5x), svn: 0.072 s [43% info (1x), 33% getDir2 content (1x), 21% getFile content (1x)] (5x), Lucene: 0.0199 s [100% add (1x)] (1x)
2017-06-26 17:45:38,304 [Persistence Events Processing Thread | u:p] INFO  TXLOGGER  - Summary: Total: 0.782 s, transactions: 6, persistence listener: 0.782 s [85% notificationsCreatingListener (1x)] (7x), resolve: 0.595 s [80% WorkItem (15x), 20% User (16x)] (32x), svn: 0.534 s [41% getFile content (15x), 30% getDir2 content (7x), 28% info (7x)] (33x)
2017-06-26 17:45:38,378 [ajp-nio-8889-exec-6 | u:admin] INFO  TXLOGGER  - Tx 573915080d083_0_573915080d083_0_: finished. Total: 0.853 s, svn: 0.378 s [46% getFile content (14x), 27% info (8x), 26% getDir2 content (6x)] (33x), resolve: 0.307 s [99% WorkItem (5x)] (27x), RepositoryConfigService: 0.234 s [93% getReadConfiguration (361x)] (401x), ObjectMaps: 0.0554 s [30% getPrimaryObjectLocation (4x), 29% getPrimaryObjectProperty (4x), 24% getLastPromoted (4x)] (26x)
2017-06-26 17:45:38,490 [ajp-nio-8889-exec-6 | u:admin] INFO  TXLOGGER  - Summary for 'WorkItemDataService.saveWorkItem': Total: 2.13 s, transactions: 2, svn: 1.06 s [58% endActivity (1x), 19% getFile content (16x), 12% info (11x)] (43x), resolve: 0.352 s [99% WorkItem (9x)] (38x), Lucene: 0.257 s [68% refresh (1x), 22% search (13x)] (15x), RepositoryConfigService: 0.254 s [94% getReadConfiguration (383x)] (430x)
2017-06-26 17:47:10,739 [ajp-nio-8889-exec-1 | u:admin] INFO  TXLOGGER  - Summary for 'PortalDataService.requestPortalSite': Total: 0.166 s, transactions: 7, RepositoryConfigService: 0.0476 s [72% getReadConfiguration (18x), 28% getReadUserConfiguration (2x)] (26x), svn: 0.0465 s [53% getFile content (4x), 47% info (3x)] (14x)
2017-06-26 17:47:36,450 [ajp-nio-8889-exec-2 | u:admin] INFO  TXLOGGER  - Tx 57391579dac9b_0_57391579dac9b_0_: finished. Total: 2.39 s, svn: 2.35 s [100% endActivity (1x)] (5x), processed revs: [276, 276 (delay 2s)], write: true
2017-06-26 17:47:36,451 [ajp-nio-8889-exec-2 | u:admin] INFO  TXLOGGER  - Summary for 'WorkflowDataService.saveWorkflowDataByContext': Total: 2.39 s, transactions: 1, svn: 2.35 s [100% endActivity (1x)] (5x)
2017-06-26 17:47:39,264 [ajp-nio-8889-exec-9 | u:admin | uri:/polarion/wiki/bin/view/project/drivepilot/page/Home | wiki: view http://localhost/polarion/wiki/bin/view/project/drivepilot/page/Home] INFO  TXLOGGER  - Tx 5739157e804a7_0_5739157e804a7_0_: finished. Total: 0.446 s, svn: 0.306 s [90% info (36x)] (43x), resolve: 0.216 s [98% WikiPage (24x)] (38x)
2017-06-26 17:47:39,297 [ajp-nio-8889-exec-9] INFO  TXLOGGER  - Summary for 'servlet /polarion/wiki/bin/view/project/drivepilot/page/Home': Total: 1.79 s, transactions: 5, Velocity: 1.43 s [100% evaluate in Wiki (1x)] (1x), svn: 1.13 s [83% info (132x)] (162x), resolve: 0.29 s [99% WikiPage (41x)] (59x)
2017-06-26 17:47:39,464 [ajp-nio-8889-exec-4] INFO  TXLOGGER  - Summary for 'servlet /polarion/wiki/bin/download/project/drivepilot/page/_default/Home/project_logo.jpg': Total: 0.12 s, transactions: 0, svn: 0.0109 s [100% info (2x)] (2x)
2017-06-26 17:47:58,628 [ajp-nio-8889-exec-5 | u:admin] INFO  TXLOGGER  - Tx 57391591bf8ad_0_57391591bf8ad_0_: finished. Total: 0.103 s, RepositoryConfigService: 0.0291 s [100% getReadConfiguration (165x)] (184x), svn: 0.0281 s [53% getFile content (1x), 47% info (1x)] (3x)
2017-06-26 17:47:58,630 [ajp-nio-8889-exec-5 | u:admin] INFO  TXLOGGER  - Summary for 'WorkItemDataService.loadWorkitem': Total: 0.104 s, transactions: 1, RepositoryConfigService: 0.0291 s [100% getReadConfiguration (165x)] (184x), svn: 0.0281 s [53% getFile content (1x), 47% info (1x)] (3x)
2017-06-26 17:47:59,107 [ajp-nio-8889-exec-2 | u:admin] INFO  TXLOGGER  - Tx 57391591bfcae_0_57391591bfcae_0_: finished. Total: 0.581 s, resolve: 0.548 s [100% WorkItem (14x)] (18x), svn: 0.449 s [36% getDir2 content (10x), 32% info (10x), 30% getFile content (10x)] (41x), ObjectMaps: 0.0838 s [72% getLastPromoted (10x), 16% getPrimaryObjectProperty (10x)] (43x)
2017-06-26 17:47:59,109 [ajp-nio-8889-exec-2 | u:admin] INFO  TXLOGGER  - Summary for 'WorkItemDataService.loadInstances': Total: 0.582 s, transactions: 1, resolve: 0.548 s [100% WorkItem (14x)] (18x), svn: 0.449 s [36% getDir2 content (10x), 32% info (10x), 30% getFile content (10x)] (41x), ObjectMaps: 0.0838 s [72% getLastPromoted (10x), 16% getPrimaryObjectProperty (10x)] (43x)
2017-06-26 17:48:30,928 [ajp-nio-8889-exec-10 | u:admin] INFO  TXLOGGER  - Tx 5739150cf8491_0_5739150cf8491_0_: finished. Total: 168 s, workflow: 167 s [100% CreateDerivedWI (1x)] (3x), processed revs: [277, 277 (delay 0s)], write: true
2017-06-26 17:48:30,976 [ajp-nio-8889-exec-10 | u:admin] INFO  TXLOGGER  - Summary for 'WorkItemDataService.saveWorkItem': Total: 168 s, transactions: 2, workflow: 167 s [100% CreateDerivedWI (1x)] (7x)
2017-06-26 17:48:31,155 [Persistence Events Processing Thread | u:p] INFO  TXLOGGER  - Tx 573915b1640b3_0_573915b1640b3_0_: finished. Total: 0.226 s, resolve: 0.213 s [60% WorkItem (16x), 40% User (17x)] (33x), svn: 0.172 s [58% getFile content (9x), 22% info (2x), 21% getDir2 content (2x)] (14x), ObjectMaps: 0.0169 s [49% getPrimaryObjectProperty (9x), 30% getPrimaryObjectLocation (9x), 21% getLastPromoted (9x)] (36x)
2017-06-26 17:48:31,405 [Persistence Events Processing Thread | u:p] INFO  TXLOGGER  - Tx 573915b19ccb5_0_573915b19ccb5_0_: finished. Total: 0.25 s, svn: 0.126 s [50% getFile content (5x), 26% info (3x), 22% getDir2 content (2x)] (12x), resolve: 0.125 s [80% WorkItem (7x), 12% Project (3x)] (13x), RepositoryConfigService: 0.0777 s [100% getReadConfiguration (43x)] (46x), Lucene: 0.0338 s [100% add (2x)] (2x)
2017-06-26 17:48:31,406 [Persistence Events Processing Thread | u:p] INFO  TXLOGGER  - Summary: Total: 0.477 s, transactions: 6, persistence listener: 0.477 s [53% WorkItemActivityCreator (1x), 47% notificationsCreatingListener (1x)] (7x), resolve: 0.338 s [67% WorkItem (23x), 28% User (20x)] (46x), svn: 0.298 s [55% getFile content (14x), 24% info (5x), 21% getDir2 content (4x)] (26x), RepositoryConfigService: 0.0779 s [100% getReadConfiguration (122x)] (127x), Lucene: 0.0339 s [100% add (2x)] (4x), ObjectMaps: 0.029 s [48% getPrimaryObjectLocation (13x), 33% getPrimaryObjectProperty (13x)] (53x)
2017-06-26 17:49:20,760 [ajp-nio-8889-exec-2 | u:admin] INFO  TXLOGGER  - Summary for 'DebugService.deObfuscateStackTrace': Total: 0.102 s, transactions: 0
