2017-06-27 11:09:18,360 [main | u:p] INFO  TXLOGGER  - Summary for 'Platform startup': transactions: 0, DB: 0.0526 s [58% query (13x), 40% update (126x)] (206x), svn: 0.025 s [88% checkPath (1x)] (3x)
2017-06-27 11:09:18,546 [main | u:p] INFO  TXLOGGER  - Summary for 'Context recognition': transactions: 0, svn: 0.0733 s [37% info (3x), 35% getDir2 content (2x), 28% getFile content (1x)] (6x)
2017-06-27 11:09:19,809 [LowLevelDataService-contextInitializer-1 | u:p] INFO  TXLOGGER  - Summary: Total: 1.26 s, transactions: 0
2017-06-27 11:09:19,809 [LowLevelDataService-contextInitializer-5 | u:p] INFO  TXLOGGER  - Summary: Total: 1.26 s, transactions: 0
2017-06-27 11:09:19,809 [LowLevelDataService-contextInitializer-3 | u:p] INFO  TXLOGGER  - Summary: Total: 1.26 s, transactions: 0, ObjectMaps: 0.245 s [100% getAllPrimaryObjects (1x)] (7x)
2017-06-27 11:09:19,809 [LowLevelDataService-contextInitializer-2 | u:p] INFO  TXLOGGER  - Summary: Total: 1.26 s, transactions: 0, svn: 0.193 s [98% log2 (11x)] (14x), ObjectMaps: 0.0666 s [97% getAllPrimaryObjects (3x)] (29x)
2017-06-27 11:09:19,809 [LowLevelDataService-contextInitializer-4 | u:p] INFO  TXLOGGER  - Summary: Total: 1.26 s, transactions: 0, svn: 0.282 s [55% log2 (10x), 22% log (1x), 12% info (5x)] (23x)
2017-06-27 11:09:19,810 [main | u:p] INFO  TXLOGGER  - Summary for 'Context initialization': transactions: 0, svn: 0.622 s [78% log2 (36x), 10% log (1x)] (55x), ObjectMaps: 0.385 s [99% getAllPrimaryObjects (8x)] (64x)
2017-06-27 11:09:20,157 [main | u:p] INFO  TXLOGGER  - Summary for 'Revisions processing': transactions: 16, RepositoryConfigService: 0.243 s [100% getReadConfiguration (48x)] (48x), svn: 0.145 s [92% info (17x)] (36x)
2017-06-27 11:09:20,996 [main | u:p] INFO  TXLOGGER  - Summary for 'Build artifacts recognition': transactions: 45, svn: 0.659 s [85% info (87x)] (145x), RepositoryConfigService: 0.549 s [100% getReadConfiguration (90x)] (90x)
2017-06-27 11:09:21,044 [main | u:p] INFO  TXLOGGER  - Summary for 'BIR inspection': transactions: 0, EHCache: 0.000106 s [100% remove (4x)] (4x)
2017-06-27 11:09:21,711 [main | u:p] INFO  TXLOGGER  - Summary for 'Data indexing': transactions: 0, Lucene: 0.303 s [56% remove (1x), 44% refresh (2x)] (3x), DB: 0.0742 s [82% update (67x)] (152x), SubterraURITable: 0.0247 s [100% addIfNotExistsDB (23x)] (23x)
2017-06-27 11:09:56,604 [main] INFO  TXLOGGER  - Summary for 'Polarion startup': transactions: 1, svn: 0.305 s [82% info (48x)] (67x), RepositoryConfigService: 0.0285 s [100% getReadConfiguration (2x)] (2x)
2017-06-27 11:09:56,713 [Persistence Events Processing Thread | u:p] INFO  TXLOGGER  - Summary: Total: 0.105 s, transactions: 6, persistence listener: 0.104 s [93% notificationsCreatingListener (1x)] (7x)
2017-06-27 11:09:56,829 [Worker-0 | u:p | job: polarion.jobs.attachment.indexer] INFO  TXLOGGER  - Summary after AttachmentIndexer: transactions: 78, persistence listener: 0.114 s [91% notificationsCreatingListener (13x)] (91x), Lucene: 0.102 s [100% add (2x)] (2x), resolve: 0.0372 s [85% User (2x)] (9x), ObjectMaps: 0.00995 s [100% getPrimaryObjectLocation (2x)] (2x)
2017-06-27 11:09:57,576 [PreLoadDataService | u:p] INFO  TXLOGGER  - Tx 573a040e9143f_0_573a040e9143f_0_: finished. Total: 0.962 s, svn: 0.528 s [59% getDir2 content (25x), 40% getFile content (15x)] (43x), resolve: 0.49 s [56% TimePoint (5x), 44% Category (8x)] (13x), ObjectMaps: 0.0906 s [45% getPrimaryObjectLocation (13x), 37% getLastPromoted (13x)] (55x)
2017-06-27 11:09:58,231 [PreLoadDataService | u:p] INFO  TXLOGGER  - Tx 573a040fbe48f_0_573a040fbe48f_0_: finished. Total: 0.413 s, svn: 0.241 s [58% getFile content (16x), 41% info (12x)] (30x), resolve: 0.197 s [100% User (9x)] (9x), RepositoryConfigService: 0.177 s [84% getReadConfiguration (90x)] (92x), ObjectMaps: 0.0285 s [46% getPrimaryObjectLocation (9x), 29% getPrimaryObjectProperty (9x), 25% getLastPromoted (9x)] (37x)
2017-06-27 11:09:58,363 [PreLoadDataService | u:p] INFO  TXLOGGER  - Tx 573a041025c90_0_573a041025c90_0_: finished. Total: 0.132 s, RepositoryConfigService: 0.109 s [98% getReadConfiguration (55x)] (78x), svn: 0.0907 s [100% getFile content (13x)] (14x)
2017-06-27 11:09:58,751 [DBHistoryCreator-1 | u:p] INFO  TXLOGGER  - Summary: Total: 1.93 s, transactions: 0
2017-06-27 11:09:58,751 [DBHistoryCreator-2 | u:p] INFO  TXLOGGER  - Summary: Total: 1.93 s, transactions: 0
2017-06-27 11:09:58,751 [DBHistoryCreator-3 | u:p] INFO  TXLOGGER  - Summary: Total: 1.93 s, transactions: 0
2017-06-27 11:09:58,751 [Worker-1 | u:p | job: polarion.jobs.db.history] INFO  TXLOGGER  - Summary after DBHistoryCreator: transactions: 0, Lucene: 0.0459 s [100% add (1x)] (1x), DB: 0.017 s [94% update (3x)] (6x)
2017-06-27 11:09:58,752 [Worker-1 | u:p] INFO  TXLOGGER  - Summary for 'job: polarion.jobs.db.history': Total: 1.93 s, transactions: 0, DB: 1.54 s [63% query (4409x), 23% update (4384x)] (22211x), SubterraURITable: 1.25 s [100% getDB (4383x)] (4383x)
2017-06-27 11:09:59,364 [PreLoadDataService | u:p] INFO  TXLOGGER  - Tx 573a041047091_0_573a041047091_0_: finished. Total: 1 s, svn: 0.911 s [73% getFile content (47x), 27% getDir2 content (17x)] (65x), RepositoryConfigService: 0.739 s [100% getReadConfiguration (179x)] (198x)
2017-06-27 11:09:59,674 [PreLoadDataService | u:p] INFO  TXLOGGER  - Tx 573a041141092_0_573a041141092_0_: finished. Total: 0.309 s, RepositoryConfigService: 0.258 s [99% getReadConfiguration (308x)] (386x), svn: 0.255 s [84% getFile content (37x)] (44x)
2017-06-27 11:09:59,948 [PreLoadDataService | u:p] INFO  TXLOGGER  - Tx 573a04118e893_0_573a04118e893_0_: finished. Total: 0.274 s, svn: 0.245 s [83% getFile content (34x)] (41x), RepositoryConfigService: 0.227 s [99% getReadConfiguration (295x)] (353x)
2017-06-27 11:10:00,341 [PreLoadDataService | u:p] INFO  TXLOGGER  - Tx 573a0411d3094_0_573a0411d3094_0_: finished. Total: 0.393 s, svn: 0.375 s [51% getFile content (21x), 49% getDir2 content (17x)] (39x), RepositoryConfigService: 0.207 s [100% getReadConfiguration (88x)] (110x)
2017-06-27 11:10:00,446 [PreLoadDataService | u:p] INFO  TXLOGGER  - Tx 573a041235495_0_573a041235495_0_: finished. Total: 0.104 s, svn: 0.0963 s [58% getDir2 content (11x), 42% getFile content (8x)] (20x), RepositoryConfigService: 0.0456 s [99% getReadConfiguration (38x)] (54x)
2017-06-27 11:10:00,710 [PreLoadDataService | u:p] INFO  TXLOGGER  - Tx 573a04124f896_0_573a04124f896_0_: finished. Total: 0.264 s, svn: 0.246 s [53% getFile content (24x), 47% getDir2 content (12x)] (37x), RepositoryConfigService: 0.144 s [100% getReadConfiguration (87x)] (109x)
2017-06-27 11:10:00,710 [PreLoadDataService] INFO  TXLOGGER  - Summary for 'PreloadDataService': Total: 4.1 s, transactions: 10, svn: 3.08 s [63% getFile content (221x), 33% getDir2 content (96x)] (352x), RepositoryConfigService: 1.93 s [98% getReadConfiguration (1142x)] (1386x), resolve: 0.851 s [32% TimePoint (5x), 26% Category (8x), 23% User (9x)] (28x)
2017-06-27 11:10:00,711 [PreLoadDataService] INFO  TXLOGGER  - Summary after preload: transactions: 10, svn: 3.08 s [63% getFile content (221x), 33% getDir2 content (96x)] (352x), RepositoryConfigService: 1.93 s [98% getReadConfiguration (1142x)] (1386x), DB: 1.54 s [63% query (4409x), 23% update (4384x)] (22211x), SubterraURITable: 1.25 s [100% getDB (4383x)] (4383x), resolve: 0.852 s [32% TimePoint (5x), 26% Category (8x), 23% User (10x)] (29x)
2017-06-27 11:15:10,977 [ajp-nio-8889-exec-5 | u:admin] INFO  TXLOGGER  - Summary for 'WorkItemDataService.saveWorkItem': Total: 0.152 s, transactions: 2, resolve: 0.105 s [100% WorkItem (2x)] (2x), svn: 0.0657 s [50% info (3x), 25% getFile content (1x), 24% getDir2 content (1x)] (8x), calculatedFieldsContributor: 0.0206 s [100% fields (1x)] (1x), RepositoryConfigService: 0.0198 s [88% getExistingPrefixes (1x)] (5x), derivedLinkedRevisionsContributor: 0.0157 s [100% fields (1x)] (1x), permissions: 0.0134 s [100% readInstance (2x)] (2x), Lucene: 0.0124 s [100% search (1x)] (1x)
2017-06-27 11:15:13,892 [ajp-nio-8889-exec-6 | u:admin] INFO  TXLOGGER  - Tx 573a054353099_0_573a054353099_0_: finished. Total: 1.11 s, svn: 0.709 s [86% endActivity (1x)] (9x), Lucene: 0.164 s [83% refresh (1x)] (3x), resolve: 0.0804 s [99% WorkItem (2x)] (9x), processed revs: [342, 342 (delay 0s)], write: true
2017-06-27 11:15:14,210 [Persistence Events Processing Thread | u:p] INFO  TXLOGGER  - Tx 573a05446909a_0_573a05446909a_0_: finished. Total: 0.318 s, resolve: 0.159 s [84% WorkItem (7x)] (13x), svn: 0.152 s [45% getFile content (5x), 29% getDir2 content (2x), 27% info (2x)] (10x)
2017-06-27 11:15:14,333 [Persistence Events Processing Thread | u:p] INFO  TXLOGGER  - Tx 573a0544b889c_0_573a0544b889c_0_: finished. Total: 0.123 s, resolve: 0.0651 s [100% WorkItem (3x)] (6x), svn: 0.061 s [35% getDir2 content (1x), 32% info (1x), 31% getFile content (1x)] (5x), Lucene: 0.0243 s [100% add (1x)] (1x)
2017-06-27 11:15:14,334 [Persistence Events Processing Thread | u:p] INFO  TXLOGGER  - Summary: Total: 0.441 s, transactions: 6, persistence listener: 0.441 s [72% notificationsCreatingListener (1x), 28% WorkItemActivityCreator (1x)] (7x), resolve: 0.224 s [89% WorkItem (10x)] (19x), svn: 0.213 s [41% getFile content (6x), 30% getDir2 content (3x), 28% info (3x)] (15x), Lucene: 0.031 s [78% add (1x), 22% search (3x)] (4x)
2017-06-27 11:15:14,429 [ajp-nio-8889-exec-6 | u:admin] INFO  TXLOGGER  - Tx 573a05446949b_0_573a05446949b_0_: finished. Total: 0.536 s, RepositoryConfigService: 0.286 s [92% getReadConfiguration (320x)] (352x), svn: 0.184 s [71% getFile content (11x), 21% info (4x)] (18x), Lucene: 0.0355 s [100% search (8x)] (8x)
2017-06-27 11:15:14,530 [ajp-nio-8889-exec-6 | u:admin] INFO  TXLOGGER  - Summary for 'WorkItemDataService.saveWorkItem': Total: 1.76 s, transactions: 2, svn: 0.893 s [69% endActivity (1x), 17% getFile content (12x)] (27x), RepositoryConfigService: 0.286 s [92% getReadConfiguration (339x)] (374x), Lucene: 0.199 s [68% refresh (1x), 22% search (9x)] (11x)
2017-06-27 11:15:27,099 [ajp-nio-8889-exec-10 | u:admin] INFO  TXLOGGER  - Tx 573a055085ca9_0_573a055085ca9_0_: finished. Total: 0.804 s, svn: 0.671 s [89% endActivity (1x)] (9x), Lucene: 0.0821 s [70% refresh (1x), 23% add (1x)] (3x), resolve: 0.0689 s [99% WorkItem (2x)] (9x), processed revs: [343, 343 (delay 0s)], write: true
2017-06-27 11:15:27,159 [ajp-nio-8889-exec-10 | u:admin] INFO  TXLOGGER  - Summary for 'WorkItemDataService.saveWorkItem': Total: 0.865 s, transactions: 2, svn: 0.671 s [89% endActivity (1x)] (9x), Lucene: 0.0907 s [63% refresh (1x), 20% add (1x)] (4x), resolve: 0.0716 s [97% WorkItem (6x)] (35x)
2017-06-27 11:15:27,333 [Persistence Events Processing Thread | u:p] INFO  TXLOGGER  - Tx 573a05514ecaa_0_573a05514ecaa_0_: finished. Total: 0.234 s, resolve: 0.227 s [83% WorkItem (6x)] (11x), svn: 0.191 s [44% getFile content (4x), 31% getDir2 content (2x), 26% info (2x)] (9x), ObjectMaps: 0.028 s [78% getPrimaryObjectLocation (4x), 18% getLastPromoted (4x)] (16x)
2017-06-27 11:15:27,419 [Persistence Events Processing Thread | u:p] INFO  TXLOGGER  - Summary: Total: 0.32 s, transactions: 6, persistence listener: 0.32 s [73% notificationsCreatingListener (1x), 27% WorkItemActivityCreator (1x)] (7x), resolve: 0.286 s [86% WorkItem (9x)] (16x), svn: 0.246 s [42% getFile content (5x), 31% getDir2 content (3x), 27% info (3x)] (14x), ObjectMaps: 0.032 s [77% getPrimaryObjectLocation (5x), 18% getLastPromoted (5x)] (20x), Lucene: 0.0193 s [100% add (1x)] (1x)
2017-06-27 11:15:48,244 [ajp-nio-8889-exec-5 | u:admin] INFO  TXLOGGER  - Tx 573a056500cb9_0_573a056500cb9_0_: finished. Total: 0.978 s, svn: 0.799 s [93% endActivity (1x)] (9x), Lucene: 0.0821 s [51% refresh (1x), 42% add (1x)] (3x), resolve: 0.0515 s [99% WorkItem (2x)] (9x), processed revs: [344, 344 (delay 0s)], write: true
2017-06-27 11:15:48,319 [ajp-nio-8889-exec-5 | u:admin] INFO  TXLOGGER  - Summary for 'WorkItemDataService.saveWorkItem': Total: 1.05 s, transactions: 2, svn: 0.799 s [93% endActivity (1x)] (9x), Lucene: 0.0899 s [47% refresh (1x), 38% add (1x)] (4x), resolve: 0.0535 s [97% WorkItem (6x)] (35x)
2017-06-27 11:15:48,485 [Persistence Events Processing Thread | u:p] INFO  TXLOGGER  - Tx 573a0565f50ba_0_573a0565f50ba_0_: finished. Total: 0.24 s, resolve: 0.233 s [87% WorkItem (6x)] (11x), svn: 0.192 s [39% getFile content (4x), 36% info (2x), 25% getDir2 content (2x)] (9x), ObjectMaps: 0.0338 s [69% getPrimaryObjectProperty (4x), 22% getPrimaryObjectLocation (4x)] (16x)
2017-06-27 11:15:48,633 [Persistence Events Processing Thread | u:p] INFO  TXLOGGER  - Tx 573a0566314bd_0_573a0566314bd_0_: finished. Total: 0.147 s, resolve: 0.0652 s [100% WorkItem (3x)] (5x), svn: 0.0601 s [44% getDir2 content (1x), 28% getFile content (1x), 26% info (1x)] (5x), htmlRendere: 0.0413 s [80% compare (1x), 20% cleanUp (2x)] (3x), Lucene: 0.0175 s [100% add (1x)] (1x)
2017-06-27 11:15:48,633 [Persistence Events Processing Thread | u:p] INFO  TXLOGGER  - Summary: Total: 0.389 s, transactions: 6, persistence listener: 0.389 s [62% notificationsCreatingListener (1x), 38% WorkItemActivityCreator (1x)] (7x), resolve: 0.298 s [90% WorkItem (9x)] (16x), svn: 0.252 s [37% getFile content (5x), 34% info (3x), 29% getDir2 content (3x)] (14x), htmlRendere: 0.0413 s [80% compare (1x), 20% cleanUp (2x)] (3x), ObjectMaps: 0.0384 s [62% getPrimaryObjectProperty (5x), 27% getPrimaryObjectLocation (5x)] (20x)
2017-06-27 11:15:58,948 [ajp-nio-8889-exec-9 | u:admin] INFO  TXLOGGER  - Tx 573a056f818c9_0_573a056f818c9_0_: finished. Total: 0.925 s, svn: 0.748 s [84% endActivity (1x)] (19x), resolve: 0.101 s [100% WorkItem (4x)] (14x), Lucene: 0.0763 s [54% add (2x), 37% refresh (1x)] (6x), workflow: 0.0528 s [97% CreateDerivedWI (1x)] (3x), processed revs: [345, 345 (delay 0s)], write: true
2017-06-27 11:15:59,012 [ajp-nio-8889-exec-9 | u:admin] INFO  TXLOGGER  - Summary for 'WorkItemDataService.saveWorkItem': Total: 0.989 s, transactions: 2, svn: 0.748 s [84% endActivity (1x)] (19x), resolve: 0.103 s [99% WorkItem (9x)] (41x), Lucene: 0.0824 s [50% add (2x), 34% refresh (1x)] (7x), workflow: 0.0542 s [94% CreateDerivedWI (1x)] (7x)
2017-06-27 11:15:59,203 [Persistence Events Processing Thread | u:p] INFO  TXLOGGER  - Tx 573a0570690ca_0_573a0570690ca_0_: finished. Total: 0.256 s, resolve: 0.245 s [87% WorkItem (12x)] (21x), svn: 0.208 s [40% getFile content (5x), 34% getDir2 content (3x), 26% info (3x)] (12x), ObjectMaps: 0.03 s [54% getPrimaryObjectLocation (5x), 33% getLastPromoted (5x)] (20x)
2017-06-27 11:16:01,142 [Persistence Events Processing Thread | u:p] INFO  TXLOGGER  - Tx 573a0570a8ccd_0_573a0570a8ccd_0_: finished. Total: 1.94 s, Lucene: 1.73 s [100% add (2x)] (2x), resolve: 0.128 s [77% WorkItem (7x), 23% Project (3x)] (13x), svn: 0.117 s [44% getFile content (4x), 29% getDir2 content (2x), 26% info (3x)] (11x)
2017-06-27 11:16:01,142 [Persistence Events Processing Thread | u:p] INFO  TXLOGGER  - Summary: Total: 2.19 s, transactions: 6, persistence listener: 2.19 s [88% WorkItemActivityCreator (1x)] (7x), Lucene: 1.73 s [100% add (2x)] (4x), resolve: 0.374 s [84% WorkItem (19x)] (34x), svn: 0.325 s [41% getFile content (9x), 32% getDir2 content (5x), 26% info (6x)] (23x)
2017-06-27 11:18:36,936 [ajp-nio-8889-exec-9 | u:admin] INFO  TXLOGGER  - Tx 573a060a400dc_0_573a060a400dc_0_: finished. Total: 0.455 s, resolve: 0.428 s [100% WorkItem (9x)] (12x), svn: 0.382 s [34% getFile content (9x), 31% getDir2 content (9x), 30% info (9x)] (38x), ObjectMaps: 0.0281 s [73% getPrimaryObjectProperty (9x), 12% getPrimaryObjectLocation (9x)] (38x)
2017-06-27 11:18:36,937 [ajp-nio-8889-exec-9 | u:admin] INFO  TXLOGGER  - Summary for 'WorkItemDataService.loadInstances': Total: 0.456 s, transactions: 1, resolve: 0.428 s [100% WorkItem (9x)] (12x), svn: 0.382 s [34% getFile content (9x), 31% getDir2 content (9x), 30% info (9x)] (38x), ObjectMaps: 0.0281 s [73% getPrimaryObjectProperty (9x), 12% getPrimaryObjectLocation (9x)] (38x)
2017-06-27 11:19:08,408 [ajp-nio-8889-exec-9 | u:admin] INFO  TXLOGGER  - Summary for 'PortalDataService.requestPortalSite': Total: 0.156 s, transactions: 6, svn: 0.0612 s [54% getFile content (4x), 46% info (4x)] (14x), RepositoryConfigService: 0.0586 s [74% getReadConfiguration (26x), 26% getReadUserConfiguration (18x)] (50x)
2017-06-27 11:19:10,105 [ajp-nio-8889-exec-8 | u:admin] INFO  TXLOGGER  - Tx 573a062a7ecee_0_573a062a7ecee_0_: finished. Total: 0.604 s, resolve: 0.575 s [100% WorkItem (14x)] (18x), svn: 0.503 s [35% getFile content (12x), 32% getDir2 content (12x), 30% info (12x)] (49x), ObjectMaps: 0.0443 s [43% getLastPromoted (12x), 35% getPrimaryObjectProperty (12x), 18% getPrimaryObjectLocation (12x)] (51x)
2017-06-27 11:19:10,106 [ajp-nio-8889-exec-8 | u:admin] INFO  TXLOGGER  - Summary for 'WorkItemDataService.loadInstances': Total: 0.606 s, transactions: 1, resolve: 0.575 s [100% WorkItem (14x)] (18x), svn: 0.503 s [35% getFile content (12x), 32% getDir2 content (12x), 30% info (12x)] (49x), ObjectMaps: 0.0443 s [43% getLastPromoted (12x), 35% getPrimaryObjectProperty (12x), 18% getPrimaryObjectLocation (12x)] (51x)
2017-06-27 11:30:55,921 [ajp-nio-8889-exec-9 | u:admin | uri:/polarion/wiki/bin/view/project/drivepilot/page/Home | wiki: view http://localhost/polarion/wiki/bin/view/project/drivepilot/page/Home] INFO  TXLOGGER  - Tx 573a08dc434f4_0_573a08dc434f4_0_: finished. Total: 0.1 s
2017-06-27 11:30:56,799 [ajp-nio-8889-exec-9 | u:admin | uri:/polarion/wiki/bin/view/project/drivepilot/page/Home | wiki: view http://localhost/polarion/wiki/bin/view/project/drivepilot/page/Home] INFO  TXLOGGER  - Tx 573a08dcc88f5_0_573a08dcc88f5_0_: finished. Total: 0.444 s, svn: 0.312 s [90% info (36x)] (43x), resolve: 0.205 s [99% WikiPage (24x)] (38x)
2017-06-27 11:30:56,839 [ajp-nio-8889-exec-9] INFO  TXLOGGER  - Summary for 'servlet /polarion/wiki/bin/view/project/drivepilot/page/Home': Total: 1.84 s, transactions: 5, Velocity: 1.51 s [100% evaluate in Wiki (1x)] (1x), svn: 1.04 s [81% info (132x)] (162x), resolve: 0.25 s [99% WikiPage (41x)] (59x)
2017-06-27 11:30:57,132 [ajp-nio-8889-exec-8] INFO  TXLOGGER  - Summary for 'servlet /polarion/wiki/skins/sidecar/xwiki.css?buildNumber=20170314-0722': Total: 0.275 s, transactions: 0
2017-06-27 11:30:57,132 [ajp-nio-8889-exec-2] INFO  TXLOGGER  - Summary for 'servlet /polarion/wiki/skins/sidecar/chwSkin.css?buildNumber=20170314-0722': Total: 0.275 s, transactions: 0
2017-06-27 11:30:57,134 [ajp-nio-8889-exec-7] INFO  TXLOGGER  - Summary for 'servlet /polarion/wiki/skins/sidecar/elements.css?buildNumber=20170314-0722': Total: 0.281 s, transactions: 0
2017-06-27 11:30:57,176 [ajp-nio-8889-exec-1] INFO  TXLOGGER  - Summary for 'servlet /polarion/wiki/skins/sidecar/classes.css?buildNumber=20170314-0722': Total: 0.32 s, transactions: 0
2017-06-27 11:30:57,178 [ajp-nio-8889-exec-10] INFO  TXLOGGER  - Summary for 'servlet /polarion/wiki/skins/sidecar/page.css?buildNumber=20170314-0722': Total: 0.32 s, transactions: 0
2017-06-27 11:30:57,187 [ajp-nio-8889-exec-3] INFO  TXLOGGER  - Summary for 'servlet /polarion/wiki/skins/sidecar/wiki.css?buildNumber=20170314-0722': Total: 0.327 s, transactions: 0
2017-06-27 11:30:57,350 [ajp-nio-8889-exec-7] INFO  TXLOGGER  - Summary for 'servlet /polarion/wiki/skins/sidecar/screenlayout.css?buildNumber=20170314-0722': Total: 0.213 s, transactions: 0
2017-06-27 11:30:57,355 [ajp-nio-8889-exec-9] INFO  TXLOGGER  - Summary for 'servlet /polarion/wiki/skins/sidecar/colorsblue.css?buildNumber=20170314-0722': Total: 0.176 s, transactions: 0
2017-06-27 11:30:57,355 [ajp-nio-8889-exec-5] INFO  TXLOGGER  - Summary for 'servlet /polarion/wiki/skins/sidecar/presentation.css?buildNumber=20170314-0722': Total: 0.218 s, transactions: 0
2017-06-27 11:30:57,355 [ajp-nio-8889-exec-4] INFO  TXLOGGER  - Summary for 'servlet /polarion/wiki/skins/sidecar/rss.css?buildNumber=20170314-0722': Total: 0.219 s, transactions: 0
2017-06-27 11:30:57,356 [ajp-nio-8889-exec-2] INFO  TXLOGGER  - Summary for 'servlet /polarion/wiki/skins/sidecar/ie.css?buildNumber=20170314-0722': Total: 0.175 s, transactions: 0
2017-06-27 11:30:57,367 [ajp-nio-8889-exec-8] INFO  TXLOGGER  - Summary for 'servlet /polarion/wiki/skins/sidecar/processaudit.css?buildNumber=20170314-0722': Total: 0.177 s, transactions: 0
2017-06-27 11:30:57,793 [ajp-nio-8889-exec-3] INFO  TXLOGGER  - Summary for 'servlet /polarion/wiki/skins/sidecar/browserdetect.js?buildNumber=20170314-0722': Total: 0.368 s, transactions: 0
2017-06-27 11:30:57,793 [ajp-nio-8889-exec-9] INFO  TXLOGGER  - Summary for 'servlet /polarion/wiki/skins/sidecar/xwiki.js?buildNumber=20170314-0722': Total: 0.369 s, transactions: 0
2017-06-27 11:30:57,794 [ajp-nio-8889-exec-7] INFO  TXLOGGER  - Summary for 'servlet /polarion/wiki/skins/sidecar/skin.js?buildNumber=20170314-0722': Total: 0.372 s, transactions: 0
2017-06-27 11:30:57,795 [ajp-nio-8889-exec-8] INFO  TXLOGGER  - Summary for 'servlet /polarion/wiki/skins/sidecar/rico/prototype.js?buildNumber=20170314-0722': Total: 0.372 s, transactions: 0
2017-06-27 11:33:10,524 [ajp-nio-8889-exec-5 | u:admin] INFO  TXLOGGER  - Tx 573a095f37cff_0_573a095f37cff_0_: finished. Total: 0.605 s, svn: 0.569 s [98% endActivity (1x)] (5x), processed revs: [346, 346 (delay 0s)], write: true
2017-06-27 11:33:10,525 [ajp-nio-8889-exec-5 | u:admin] INFO  TXLOGGER  - Summary for 'WorkflowDataService.saveWorkflowDataByContext': Total: 0.607 s, transactions: 1, svn: 0.569 s [98% endActivity (1x)] (5x)
2017-06-27 11:33:13,954 [ajp-nio-8889-exec-8 | u:admin | uri:/polarion/wiki/bin/view/project/drivepilot/page/Home | wiki: view http://localhost/polarion/wiki/bin/view/project/drivepilot/page/Home] INFO  TXLOGGER  - Tx 573a0962f9d07_0_573a0962f9d07_0_: finished. Total: 0.186 s, svn: 0.165 s [100% info (24x)] (25x)
2017-06-27 11:33:13,977 [ajp-nio-8889-exec-8] INFO  TXLOGGER  - Summary for 'servlet /polarion/wiki/bin/view/project/drivepilot/page/Home': Total: 0.431 s, transactions: 3, Velocity: 0.323 s [100% evaluate in Wiki (1x)] (1x), svn: 0.183 s [100% info (27x)] (28x)
2017-06-27 11:33:14,259 [ajp-nio-8889-exec-11] INFO  TXLOGGER  - Summary for 'servlet /polarion/wiki/skins/sidecar/xwiki.js?buildNumber=20170314-0722': Total: 0.26 s, transactions: 0
2017-06-27 11:33:14,260 [ajp-nio-8889-exec-5] INFO  TXLOGGER  - Summary for 'servlet /polarion/wiki/skins/sidecar/skin.js?buildNumber=20170314-0722': Total: 0.263 s, transactions: 0
2017-06-27 11:33:14,265 [ajp-nio-8889-exec-10] INFO  TXLOGGER  - Summary for 'servlet /polarion/wiki/skins/sidecar/browserdetect.js?buildNumber=20170314-0722': Total: 0.265 s, transactions: 0
2017-06-27 11:33:14,268 [ajp-nio-8889-exec-6] INFO  TXLOGGER  - Summary for 'servlet /polarion/wiki/skins/sidecar/rico/prototype.js?buildNumber=20170314-0722': Total: 0.269 s, transactions: 0
2017-06-27 11:33:14,501 [ajp-nio-8889-exec-4] INFO  TXLOGGER  - Summary for 'servlet /polarion/wiki/skins/sidecar/chwScripts.js?buildNumber=20170314-0722': Total: 0.238 s, transactions: 0
2017-06-27 11:33:14,503 [ajp-nio-8889-exec-2] INFO  TXLOGGER  - Summary for 'servlet /polarion/wiki/skins/sidecar/rico/src/rico.js?buildNumber=20170314-0722': Total: 0.24 s, transactions: 0
2017-06-27 11:33:14,505 [ajp-nio-8889-exec-9] INFO  TXLOGGER  - Summary for 'servlet /polarion/wiki/skins/sidecar/scriptaculous/scriptaculous.js?buildNumber=20170314-0722': Total: 0.238 s, transactions: 0
2017-06-27 11:33:14,506 [ajp-nio-8889-exec-8] INFO  TXLOGGER  - Summary for 'servlet /polarion/wiki/skins/sidecar/scriptaculous/effects.js?buildNumber=20170314-0722': Total: 0.237 s, transactions: 0
2017-06-27 11:33:14,509 [ajp-nio-8889-exec-11] INFO  TXLOGGER  - Summary for 'servlet /polarion/wiki/skins/sidecar/scriptaculous/dragdrop.js?buildNumber=20170314-0722': Total: 0.238 s, transactions: 0
2017-06-27 11:33:14,759 [ajp-nio-8889-exec-9] INFO  TXLOGGER  - Summary for 'servlet /polarion/wiki/skins/sidecar/popup_close.gif?buildNumber=20170314-0722': Total: 0.252 s, transactions: 0
2017-06-27 11:33:14,761 [ajp-nio-8889-exec-5] INFO  TXLOGGER  - Summary for 'servlet /polarion/wiki/skins/sidecar/pop_minimize.gif?buildNumber=20170314-0722': Total: 0.257 s, transactions: 0
2017-06-27 11:33:14,768 [ajp-nio-8889-exec-3] INFO  TXLOGGER  - Summary for 'servlet /polarion/wiki/skins/sidecar/progress.gif?buildNumber=20170314-0722': Total: 0.26 s, transactions: 0
2017-06-27 11:33:14,769 [ajp-nio-8889-exec-4] INFO  TXLOGGER  - Summary for 'servlet /polarion/wiki/skins/sidecar/spacer.gif?buildNumber=20170314-0722': Total: 0.256 s, transactions: 0
2017-06-27 11:33:14,769 [ajp-nio-8889-exec-6] INFO  TXLOGGER  - Summary for 'servlet /polarion/wiki/skins/sidecar/edit_menu.gif?buildNumber=20170314-0722': Total: 0.26 s, transactions: 0
2017-06-27 11:33:14,788 [ajp-nio-8889-exec-2] INFO  TXLOGGER  - Summary for 'servlet /polarion/wiki/skins/sidecar/scriptaculous/builder.js': Total: 0.232 s, transactions: 0
2017-06-27 11:33:15,136 [ajp-nio-8889-exec-10] INFO  TXLOGGER  - Summary for 'servlet /polarion/wiki/skins/sidecar/scriptaculous/effects.js': Total: 0.376 s, transactions: 0
2017-06-27 11:33:15,137 [ajp-nio-8889-exec-8] INFO  TXLOGGER  - Summary for 'servlet /polarion/wiki/skins/sidecar/scriptaculous/dragdrop.js': Total: 0.374 s, transactions: 0
2017-06-27 11:33:15,148 [ajp-nio-8889-exec-11] INFO  TXLOGGER  - Summary for 'servlet /polarion/wiki/skins/sidecar/scriptaculous/controls.js': Total: 0.377 s, transactions: 0
2017-06-27 11:33:15,149 [ajp-nio-8889-exec-9] INFO  TXLOGGER  - Summary for 'servlet /polarion/wiki/skins/sidecar/scriptaculous/sound.js': Total: 0.378 s, transactions: 0
2017-06-27 11:33:15,152 [ajp-nio-8889-exec-7] INFO  TXLOGGER  - Summary for 'servlet /polarion/wiki/skins/sidecar/scriptaculous/slider.js': Total: 0.38 s, transactions: 0
2017-06-27 11:33:15,165 [ajp-nio-8889-exec-5] INFO  TXLOGGER  - Summary for 'servlet /polarion/wiki/skins/sidecar/combo_box_arrow_small.png?buildNumber=20170314-0722': Total: 0.374 s, transactions: 0
2017-06-27 11:33:15,383 [ajp-nio-8889-exec-6] INFO  TXLOGGER  - Summary for 'servlet /polarion/wiki/skins/sidecar/print.gif?buildNumber=20170314-0722': Total: 0.242 s, transactions: 0
2017-06-27 11:33:15,383 [ajp-nio-8889-exec-4] INFO  TXLOGGER  - Summary for 'servlet /polarion/wiki/skins/sidecar/pdf.gif?buildNumber=20170314-0722': Total: 0.244 s, transactions: 0
2017-06-27 11:33:15,391 [ajp-nio-8889-exec-2] INFO  TXLOGGER  - Summary for 'servlet /polarion/wiki/skins/sidecar/upgradeRichPage.png?buildNumber=20170314-0722': Total: 0.239 s, transactions: 0
2017-06-27 11:33:15,395 [ajp-nio-8889-exec-10] INFO  TXLOGGER  - Summary for 'servlet /polarion/wiki/skins/sidecar/textfield_rename.png?buildNumber=20170314-0722': Total: 0.243 s, transactions: 0
2017-06-27 11:33:15,396 [ajp-nio-8889-exec-8] INFO  TXLOGGER  - Summary for 'servlet /polarion/wiki/skins/sidecar/delete.gif?buildNumber=20170314-0722': Total: 0.242 s, transactions: 0
2017-06-27 11:33:15,409 [ajp-nio-8889-exec-3] INFO  TXLOGGER  - Summary for 'servlet /polarion/wiki/skins/sidecar/extract1.gif?buildNumber=20170314-0722': Total: 0.243 s, transactions: 0
2017-06-27 11:33:15,564 [ajp-nio-8889-exec-11] INFO  TXLOGGER  - Summary for 'servlet /polarion/wiki/skins/sidecar/images/popup_window_title.gif': Total: 0.178 s, transactions: 0
2017-06-27 11:33:15,608 [ajp-nio-8889-exec-9] INFO  TXLOGGER  - Summary for 'servlet /polarion/wiki/bin/download/project/drivepilot/page/_default/Home/project_logo.jpg': Total: 0.223 s, transactions: 0, svn: 0.0414 s [100% info (2x)] (2x)
2017-06-27 11:33:15,609 [ajp-nio-8889-exec-2] INFO  TXLOGGER  - Summary for 'servlet /polarion/wiki/skins/sidecar/separatorbig.gif?buildNumber=20170314-0722': Total: 0.21 s, transactions: 0
2017-06-27 11:33:15,609 [ajp-nio-8889-exec-8] INFO  TXLOGGER  - Summary for 'servlet /polarion/wiki/skins/sidecar/edit8.gif?buildNumber=20170314-0722': Total: 0.204 s, transactions: 0
2017-06-27 11:33:15,616 [ajp-nio-8889-exec-5] INFO  TXLOGGER  - Summary for 'servlet /polarion/wiki/skins/sidecar/save8.gif?buildNumber=20170314-0722': Total: 0.204 s, transactions: 0
2017-06-27 11:33:15,794 [ajp-nio-8889-exec-6] INFO  TXLOGGER  - Summary for 'servlet /polarion/wiki/skins/sidecar/cancel8.gif?buildNumber=20170314-0722': Total: 0.229 s, transactions: 0
2017-06-27 11:33:15,808 [ajp-nio-8889-exec-3] INFO  TXLOGGER  - Summary for 'servlet /polarion/wiki/skins/sidecar/style1.css?buildNumber=20170314-0722': Total: 0.197 s, transactions: 0
2017-06-27 11:33:15,808 [ajp-nio-8889-exec-11] INFO  TXLOGGER  - Summary for 'servlet /polarion/wiki/skins/sidecar/style2.css?buildNumber=20170314-0722': Total: 0.194 s, transactions: 0
2017-06-27 11:33:15,810 [ajp-nio-8889-exec-9] INFO  TXLOGGER  - Summary for 'servlet /polarion/wiki/skins/sidecar/style3.css?buildNumber=20170314-0722': Total: 0.191 s, transactions: 0
2017-06-27 11:33:15,813 [ajp-nio-8889-exec-10] INFO  TXLOGGER  - Summary for 'servlet /polarion/wiki/skins/sidecar/rico/src/ricoCommon.js': Total: 0.201 s, transactions: 0
2017-06-27 11:33:41,542 [ajp-nio-8889-exec-4 | u:admin] INFO  TXLOGGER  - Tx 573a097d68112_0_573a097d68112_0_: finished. Total: 0.709 s, svn: 0.61 s [94% endActivity (1x)] (9x), Lucene: 0.0512 s [53% refresh (1x), 40% add (1x)] (3x), processed revs: [347, 347 (delay 0s)], write: true
2017-06-27 11:33:41,589 [ajp-nio-8889-exec-4 | u:admin] INFO  TXLOGGER  - Summary for 'WorkItemDataService.saveWorkItem': Total: 0.757 s, transactions: 2, svn: 0.61 s [94% endActivity (1x)] (9x), Lucene: 0.0569 s [48% refresh (1x), 36% add (1x)] (4x)
2017-06-27 11:33:41,729 [Persistence Events Processing Thread | u:p] INFO  TXLOGGER  - Tx 573a097e19913_0_573a097e19913_0_: finished. Total: 0.186 s, resolve: 0.18 s [57% WorkItem (9x), 43% User (7x)] (16x), svn: 0.111 s [59% getFile content (5x), 22% getDir2 content (2x)] (10x), ObjectMaps: 0.0448 s [45% getPrimaryObjectProperty (5x), 44% getPrimaryObjectLocation (5x)] (20x)
2017-06-27 11:33:41,821 [Persistence Events Processing Thread | u:p] INFO  TXLOGGER  - Summary: Total: 0.279 s, transactions: 6, persistence listener: 0.279 s [67% notificationsCreatingListener (1x), 33% WorkItemActivityCreator (1x)] (7x), resolve: 0.226 s [66% WorkItem (12x), 34% User (8x)] (21x), svn: 0.155 s [49% getFile content (6x), 25% getDir2 content (3x), 24% info (3x)] (15x), ObjectMaps: 0.0458 s [45% getPrimaryObjectProperty (6x), 44% getPrimaryObjectLocation (6x)] (24x), Lucene: 0.04 s [100% add (1x)] (1x)
2017-06-27 11:33:48,735 [ajp-nio-8889-exec-8 | u:admin] INFO  TXLOGGER  - Summary for 'DebugService.deObfuscateStackTrace': Total: 0.101 s, transactions: 0
2017-06-27 11:36:17,118 [ajp-nio-8889-exec-9 | u:admin] INFO  TXLOGGER  - Tx 573a0a157192c_0_573a0a157192c_0_: finished. Total: 0.6 s, svn: 0.568 s [99% endActivity (1x)] (5x), processed revs: [348, 348 (delay 0s)], write: true
2017-06-27 11:36:17,118 [ajp-nio-8889-exec-9 | u:admin] INFO  TXLOGGER  - Summary for 'WorkflowDataService.saveWorkflowDataByContext': Total: 0.6 s, transactions: 1, svn: 0.568 s [99% endActivity (1x)] (5x)
2017-06-27 11:37:19,218 [ajp-nio-8889-exec-8 | u:admin | uri:/polarion/wiki/bin/view/project/drivepilot/page/Home | wiki: view http://localhost/polarion/wiki/bin/view/project/drivepilot/page/Home] INFO  TXLOGGER  - Tx 573a0a527c935_0_573a0a527c935_0_: finished. Total: 0.191 s, svn: 0.17 s [100% info (24x)] (25x)
2017-06-27 11:37:19,237 [ajp-nio-8889-exec-8] INFO  TXLOGGER  - Summary for 'servlet /polarion/wiki/bin/view/project/drivepilot/page/Home': Total: 0.432 s, transactions: 3, Velocity: 0.326 s [100% evaluate in Wiki (1x)] (1x), svn: 0.19 s [100% info (27x)] (28x)
2017-06-27 11:37:19,400 [ajp-nio-8889-exec-11] INFO  TXLOGGER  - Summary for 'servlet /polarion/wiki/bin/download/project/drivepilot/page/_default/Home/project_logo.jpg': Total: 0.129 s, transactions: 0, svn: 0.0139 s [100% info (2x)] (2x)
2017-06-27 11:37:48,095 [ajp-nio-8889-exec-8 | u:admin] INFO  TXLOGGER  - Tx 573a0a6e1e940_0_573a0a6e1e940_0_: finished. Total: 0.773 s, svn: 0.658 s [93% endActivity (1x)] (9x), Lucene: 0.0594 s [62% refresh (1x), 28% add (1x)] (3x), resolve: 0.0442 s [99% WorkItem (2x)] (9x), processed revs: [349, 349 (delay 0s)], write: true
2017-06-27 11:37:48,157 [ajp-nio-8889-exec-8 | u:admin] INFO  TXLOGGER  - Summary for 'WorkItemDataService.saveWorkItem': Total: 0.836 s, transactions: 2, svn: 0.658 s [93% endActivity (1x)] (9x), Lucene: 0.0662 s [56% refresh (1x), 25% add (1x)] (4x), resolve: 0.0453 s [98% WorkItem (7x)] (36x)
2017-06-27 11:37:48,261 [Persistence Events Processing Thread | u:p] INFO  TXLOGGER  - Tx 573a0a6edfd41_0_573a0a6edfd41_0_: finished. Total: 0.166 s, resolve: 0.161 s [68% WorkItem (7x), 32% User (5x)] (12x), svn: 0.132 s [54% getFile content (5x), 24% getDir2 content (2x), 22% info (2x)] (10x), ObjectMaps: 0.017 s [54% getPrimaryObjectLocation (5x), 32% getPrimaryObjectProperty (5x)] (20x)
2017-06-27 11:37:48,329 [Persistence Events Processing Thread | u:p] INFO  TXLOGGER  - Summary: Total: 0.234 s, transactions: 6, persistence listener: 0.234 s [71% notificationsCreatingListener (1x), 29% WorkItemActivityCreator (1x)] (7x), resolve: 0.202 s [75% WorkItem (10x), 25% User (6x)] (17x), svn: 0.169 s [50% getFile content (6x), 25% getDir2 content (3x), 24% info (3x)] (15x), ObjectMaps: 0.0215 s [57% getPrimaryObjectLocation (6x), 28% getPrimaryObjectProperty (6x)] (24x), Lucene: 0.0196 s [100% add (1x)] (1x)
2017-06-27 11:37:53,897 [ajp-nio-8889-exec-7 | u:admin] INFO  TXLOGGER  - Tx 573a0a7392d50_0_573a0a7392d50_0_: finished. Total: 0.99 s, svn: 0.839 s [88% endActivity (1x)] (19x), Lucene: 0.0906 s [56% refresh (1x), 39% add (2x)] (6x), resolve: 0.0815 s [100% WorkItem (4x)] (14x), processed revs: [350, 350 (delay 0s)], write: true
2017-06-27 11:37:53,931 [ajp-nio-8889-exec-7 | u:admin] INFO  TXLOGGER  - Summary for 'WorkItemDataService.saveWorkItem': Total: 1.03 s, transactions: 2, svn: 0.839 s [88% endActivity (1x)] (19x), Lucene: 0.0972 s [52% refresh (1x), 36% add (2x)] (7x), resolve: 0.0825 s [99% WorkItem (10x)] (42x)
2017-06-27 11:37:54,042 [Persistence Events Processing Thread | u:p] INFO  TXLOGGER  - Tx 573a0a748a551_0_573a0a748a551_0_: finished. Total: 0.145 s, resolve: 0.137 s [79% WorkItem (13x), 21% User (9x)] (22x), svn: 0.121 s [49% getFile content (4x), 26% getDir2 content (2x), 25% info (2x)] (9x), ObjectMaps: 0.0112 s [51% getPrimaryObjectProperty (4x), 32% getPrimaryObjectLocation (4x)] (16x)
2017-06-27 11:37:54,206 [Persistence Events Processing Thread | u:p] INFO  TXLOGGER  - Tx 573a0a74ae953_0_573a0a74ae953_0_: finished. Total: 0.164 s, resolve: 0.113 s [84% WorkItem (7x)] (13x), svn: 0.098 s [39% getFile content (3x), 32% info (3x), 27% getDir2 content (2x)] (10x), Lucene: 0.0405 s [100% add (2x)] (2x), ObjectMaps: 0.0144 s [62% getLastPromoted (3x), 15% getPrimaryObjectLocation (3x), 14% getPrimaryObjectLocations (1x)] (13x)
2017-06-27 11:37:54,207 [Persistence Events Processing Thread | u:p] INFO  TXLOGGER  - Summary: Total: 0.31 s, transactions: 6, persistence listener: 0.31 s [53% WorkItemActivityCreator (1x), 47% notificationsCreatingListener (1x)] (7x), resolve: 0.249 s [81% WorkItem (20x)] (35x), svn: 0.219 s [44% getFile content (7x), 28% info (5x), 26% getDir2 content (4x)] (19x), Lucene: 0.0407 s [99% add (2x)] (4x), ObjectMaps: 0.0257 s [42% getLastPromoted (7x), 27% getPrimaryObjectProperty (7x), 23% getPrimaryObjectLocation (7x)] (29x)
2017-06-27 11:43:02,180 [ajp-nio-8889-exec-9 | u:admin] INFO  TXLOGGER  - Tx 573a0ba174564_0_573a0ba174564_0_: finished. Total: 0.147 s, svn: 0.0843 s [81% getDir2 content (2x)] (8x)
2017-06-27 11:43:02,191 [ajp-nio-8889-exec-9 | u:admin] INFO  TXLOGGER  - Summary for 'EnumerationDataService.loadCustomFieldDataAndTypes': Total: 0.159 s, transactions: 1, svn: 0.0843 s [81% getDir2 content (2x)] (8x)
2017-06-27 11:44:04,146 [ajp-nio-8889-exec-9 | u:admin] INFO  TXLOGGER  - Tx 573a0bdd88566_0_573a0bdd88566_0_: finished. Total: 0.594 s, svn: 0.562 s [98% endActivity (1x)] (5x), processed revs: [351, 351 (delay 0s)], write: true
2017-06-27 11:44:04,146 [ajp-nio-8889-exec-9 | u:admin] INFO  TXLOGGER  - Summary for 'EnumerationDataService.saveCustomFieldsDataByContext': Total: 0.594 s, transactions: 1, svn: 0.562 s [98% endActivity (1x)] (5x)
2017-06-27 11:44:37,972 [ajp-nio-8889-exec-5 | u:admin | uri:/polarion/wiki/bin/view/project/drivepilot/page/Home | wiki: view http://localhost/polarion/wiki/bin/view/project/drivepilot/page/Home] INFO  TXLOGGER  - Tx 573a0bfee8d70_0_573a0bfee8d70_0_: finished. Total: 0.241 s, svn: 0.221 s [100% info (24x)] (25x)
2017-06-27 11:44:37,992 [ajp-nio-8889-exec-5] INFO  TXLOGGER  - Summary for 'servlet /polarion/wiki/bin/view/project/drivepilot/page/Home': Total: 0.486 s, transactions: 4, Velocity: 0.385 s [100% evaluate in Wiki (1x)] (1x), svn: 0.254 s [100% info (28x)] (30x)
2017-06-27 11:44:38,185 [ajp-nio-8889-exec-6] INFO  TXLOGGER  - Summary for 'servlet /polarion/wiki/bin/download/project/drivepilot/page/_default/Home/project_logo.jpg': Total: 0.159 s, transactions: 0, svn: 0.0173 s [100% info (2x)] (2x)
2017-06-27 11:44:42,725 [ajp-nio-8889-exec-8 | u:admin] INFO  TXLOGGER  - Tx 573a0c03ae978_0_573a0c03ae978_0_: finished. Total: 0.107 s, resolve: 0.0894 s [100% WorkItem (9x)] (13x), svn: 0.0765 s [32% getFile content (2x), 31% getDir2 content (2x), 31% info (2x)] (10x)
2017-06-27 11:44:42,726 [ajp-nio-8889-exec-8 | u:admin] INFO  TXLOGGER  - Summary for 'WorkItemDataService.loadInstances': Total: 0.108 s, transactions: 1, resolve: 0.0894 s [100% WorkItem (9x)] (13x), svn: 0.0765 s [32% getFile content (2x), 31% getDir2 content (2x), 31% info (2x)] (10x)
2017-06-27 11:44:44,463 [ajp-nio-8889-exec-3 | u:admin] INFO  TXLOGGER  - Tx 573a0c04e6d79_0_573a0c04e6d79_0_: finished. Total: 0.595 s, resolve: 0.572 s [100% WorkItem (15x)] (19x), svn: 0.504 s [33% getDir2 content (13x), 32% getFile content (13x), 30% info (13x)] (53x), ObjectMaps: 0.0669 s [56% getLastPromoted (13x), 39% getPrimaryObjectProperty (13x)] (55x)
2017-06-27 11:44:44,465 [ajp-nio-8889-exec-3 | u:admin] INFO  TXLOGGER  - Summary for 'WorkItemDataService.loadInstances': Total: 0.597 s, transactions: 1, resolve: 0.572 s [100% WorkItem (15x)] (19x), svn: 0.504 s [33% getDir2 content (13x), 32% getFile content (13x), 30% info (13x)] (53x), ObjectMaps: 0.0669 s [56% getLastPromoted (13x), 39% getPrimaryObjectProperty (13x)] (55x)
2017-06-27 11:44:55,547 [ajp-nio-8889-exec-4 | u:admin] INFO  TXLOGGER  - Tx 573a0c100017c_0_573a0c100017c_0_: finished. Total: 0.316 s, resolve: 0.298 s [100% WorkItem (6x)] (9x), svn: 0.281 s [35% getDir2 content (6x), 31% info (6x), 29% getFile content (6x)] (26x), ObjectMaps: 0.0175 s [78% getPrimaryObjectProperty (6x), 9% getLastPromoted (6x)] (26x)
2017-06-27 11:44:55,548 [ajp-nio-8889-exec-4 | u:admin] INFO  TXLOGGER  - Summary for 'WorkItemDataService.loadInstances': Total: 0.317 s, transactions: 1, resolve: 0.298 s [100% WorkItem (6x)] (9x), svn: 0.281 s [35% getDir2 content (6x), 31% info (6x), 29% getFile content (6x)] (26x), ObjectMaps: 0.0175 s [78% getPrimaryObjectProperty (6x), 9% getLastPromoted (6x)] (26x)
2017-06-27 11:44:56,583 [ajp-nio-8889-exec-5 | u:admin] INFO  TXLOGGER  - Tx 573a0c1093d7d_0_573a0c1093d7d_0_: finished. Total: 0.759 s, resolve: 0.735 s [100% WorkItem (15x)] (22x), svn: 0.669 s [33% getFile content (15x), 33% info (15x), 31% getDir2 content (15x)] (58x)
2017-06-27 11:44:56,584 [ajp-nio-8889-exec-5 | u:admin] INFO  TXLOGGER  - Summary for 'WorkItemDataService.loadInstances': Total: 0.761 s, transactions: 1, resolve: 0.735 s [100% WorkItem (15x)] (22x), svn: 0.669 s [33% getFile content (15x), 33% info (15x), 31% getDir2 content (15x)] (58x)
2017-06-27 11:44:58,957 [ajp-nio-8889-exec-9 | u:admin] INFO  TXLOGGER  - Tx 573a0c130457e_0_573a0c130457e_0_: finished. Total: 0.636 s, resolve: 0.575 s [74% WorkItem (9x), 18% ModuleAttachment (2x)] (18x), svn: 0.528 s [40% info (22x), 30% getDir2 content (15x), 26% getFile content (12x)] (53x)
2017-06-27 11:44:58,977 [ajp-nio-8889-exec-9 | u:admin] INFO  TXLOGGER  - Summary for 'WorkItemDataService.loadInstances': Total: 0.656 s, transactions: 1, resolve: 0.575 s [74% WorkItem (9x), 18% ModuleAttachment (2x)] (18x), svn: 0.528 s [40% info (22x), 30% getDir2 content (15x), 26% getFile content (12x)] (53x)
2017-06-27 11:45:09,254 [ajp-nio-8889-exec-6 | u:admin] INFO  TXLOGGER  - Tx 573a0c1d88180_0_573a0c1d88180_0_: finished. Total: 0.165 s, svn: 0.074 s [61% getFile content (4x), 38% info (3x)] (9x), resolve: 0.0708 s [99% Plan (7x)] (31x), ObjectEnum Plan: 0.0444 s [100% available (2x)] (2x), RepositoryConfigService: 0.0384 s [100% getReadConfiguration (176x)] (196x)
2017-06-27 11:45:09,264 [ajp-nio-8889-exec-6 | u:admin] INFO  TXLOGGER  - Summary for 'WorkItemDataService.loadWorkitem': Total: 0.176 s, transactions: 1, svn: 0.074 s [61% getFile content (4x), 38% info (3x)] (9x), resolve: 0.0708 s [99% Plan (7x)] (31x), ObjectEnum Plan: 0.0444 s [100% available (2x)] (2x), RepositoryConfigService: 0.0384 s [100% getReadConfiguration (176x)] (196x)
2017-06-27 11:45:34,835 [ajp-nio-8889-exec-4 | u:admin] INFO  TXLOGGER  - Tx 573a0c35f5982_0_573a0c35f5982_0_: finished. Total: 0.732 s, svn: 0.636 s [90% endActivity (1x)] (15x), Lucene: 0.0444 s [99% add (2x)] (4x), processed revs: [352, 352 (delay 0s)], write: true
2017-06-27 11:45:34,946 [Persistence Events Processing Thread | u:p] INFO  TXLOGGER  - Tx 573a0c36acd83_0_573a0c36acd83_0_: finished. Total: 0.112 s, resolve: 0.109 s [80% WorkItem (2x)] (4x), svn: 0.0714 s [36% getDir2 content (1x), 34% getFile content (2x), 28% info (1x)] (6x), ObjectMaps: 0.0347 s [51% getLastPromoted (3x), 33% getPrimaryObjectProperty (2x)] (10x)
2017-06-27 11:45:34,987 [ajp-nio-8889-exec-4 | u:admin] INFO  TXLOGGER  - Tx 573a0c36acd84_0_573a0c36acd84_0_: finished. Total: 0.152 s, resolve: 0.0874 s [99% WorkItem (1x)] (30x), svn: 0.0511 s [41% getFile content (1x), 29% getDir2 content (1x), 27% info (1x)] (5x), ObjectMaps: 0.034 s [64% getPrimaryObjectLocations (13x), 33% getPrimaryObjectLocation (1x)] (17x)
2017-06-27 11:45:34,989 [ajp-nio-8889-exec-4 | u:admin] INFO  TXLOGGER  - Summary for 'WorkItemDataService.saveWorkItem': Total: 0.887 s, transactions: 2, svn: 0.687 s [83% endActivity (1x)] (20x), resolve: 0.122 s [99% WorkItem (5x)] (39x), Lucene: 0.0505 s [87% add (2x)] (7x), ObjectMaps: 0.0497 s [44% getPrimaryObjectLocations (15x), 24% getPrimaryObjectLocation (6x), 13% setLastProcessedRevision (8x)] (56x)
2017-06-27 11:45:35,040 [Persistence Events Processing Thread | u:p] INFO  TXLOGGER  - Summary: Total: 0.205 s, transactions: 6, persistence listener: 0.205 s [55% notificationsCreatingListener (1x), 45% WorkItemActivityCreator (1x)] (7x), resolve: 0.169 s [87% WorkItem (5x)] (9x), svn: 0.126 s [35% getDir2 content (2x), 34% getFile content (3x), 29% info (2x)] (11x), ObjectMaps: 0.0408 s [45% getLastPromoted (4x), 32% getPrimaryObjectProperty (3x), 23% getPrimaryObjectLocation (4x)] (14x), Lucene: 0.0273 s [99% add (1x)] (3x)
2017-06-27 11:45:41,439 [ajp-nio-8889-exec-6 | u:admin] INFO  TXLOGGER  - Tx 573a0c3c4a592_0_573a0c3c4a592_0_: finished. Total: 0.853 s, svn: 0.727 s [94% endActivity (1x)] (9x), Lucene: 0.0794 s [68% add (1x), 32% refresh (1x)] (2x), processed revs: [353, 353 (delay 0s)], write: true
2017-06-27 11:45:41,514 [ajp-nio-8889-exec-6 | u:admin] INFO  TXLOGGER  - Summary for 'WorkItemDataService.saveWorkItem': Total: 0.929 s, transactions: 2, svn: 0.727 s [94% endActivity (1x)] (9x), Lucene: 0.0868 s [62% add (1x), 30% refresh (1x)] (3x), ObjectMaps: 0.0471 s [67% getPrimaryObjectLocations (15x), 14% setLastProcessedRevision (8x)] (47x)
2017-06-27 11:45:41,584 [Persistence Events Processing Thread | u:p] INFO  TXLOGGER  - Tx 573a0c3d1fd93_0_573a0c3d1fd93_0_: finished. Total: 0.146 s, resolve: 0.141 s [88% WorkItem (8x)] (11x), svn: 0.117 s [41% getFile content (3x), 31% getDir2 content (2x), 28% info (2x)] (8x), ObjectMaps: 0.02 s [46% getPrimaryObjectLocation (3x), 31% getLastPromoted (3x), 23% getPrimaryObjectProperty (3x)] (12x)
2017-06-27 11:45:41,651 [Persistence Events Processing Thread | u:p] INFO  TXLOGGER  - Summary: Total: 0.213 s, transactions: 6, persistence listener: 0.212 s [69% notificationsCreatingListener (1x), 31% WorkItemActivityCreator (1x)] (7x), resolve: 0.186 s [91% WorkItem (11x)] (16x), svn: 0.158 s [40% getFile content (4x), 31% getDir2 content (3x), 28% info (3x)] (13x), ObjectMaps: 0.0232 s [48% getPrimaryObjectLocation (4x), 30% getLastPromoted (4x), 22% getPrimaryObjectProperty (4x)] (16x), Lucene: 0.0168 s [100% add (1x)] (1x)
2017-06-27 11:46:47,832 [ajp-nio-8889-exec-4 | u:admin] INFO  TXLOGGER  - Tx 573a0c7d585a3_0_573a0c7d585a3_0_: finished. Total: 0.632 s, svn: 0.587 s [98% endActivity (1x)] (6x), processed revs: [354, 354 (delay 0s)], write: true
2017-06-27 11:46:47,832 [ajp-nio-8889-exec-4 | u:admin] INFO  TXLOGGER  - Summary for 'WorkflowDataService.saveWorkflowDataByContext': Total: 0.632 s, transactions: 1, svn: 0.587 s [98% endActivity (1x)] (6x)
2017-06-27 11:46:49,507 [ajp-nio-8889-exec-10 | u:admin | uri:/polarion/wiki/bin/view/project/drivepilot/page/Home | wiki: view http://localhost/polarion/wiki/bin/view/project/drivepilot/page/Home] INFO  TXLOGGER  - Tx 573a0c7f691ad_0_573a0c7f691ad_0_: finished. Total: 0.191 s, svn: 0.169 s [100% info (24x)] (25x)
2017-06-27 11:46:49,526 [ajp-nio-8889-exec-10] INFO  TXLOGGER  - Summary for 'servlet /polarion/wiki/bin/view/project/drivepilot/page/Home': Total: 0.425 s, transactions: 4, Velocity: 0.329 s [100% evaluate in Wiki (1x)] (1x), svn: 0.198 s [100% info (28x)] (30x)
2017-06-27 11:46:49,680 [ajp-nio-8889-exec-4] INFO  TXLOGGER  - Summary for 'servlet /polarion/wiki/bin/download/project/drivepilot/page/_default/Home/project_logo.jpg': Total: 0.123 s, transactions: 0, svn: 0.0135 s [100% info (2x)] (2x)
2017-06-27 11:47:37,340 [ajp-nio-8889-exec-6 | u:admin] INFO  TXLOGGER  - Tx 573a0cad89db6_0_573a0cad89db6_0_: finished. Total: 0.789 s, svn: 0.682 s [93% endActivity (1x)] (9x), Lucene: 0.0517 s [51% refresh (1x), 37% add (1x)] (3x), resolve: 0.0493 s [99% WorkItem (2x)] (7x), processed revs: [355, 355 (delay 0s)], write: true
2017-06-27 11:47:37,388 [ajp-nio-8889-exec-6 | u:admin] INFO  TXLOGGER  - Summary for 'WorkItemDataService.saveWorkItem': Total: 0.838 s, transactions: 2, svn: 0.682 s [93% endActivity (1x)] (9x), Lucene: 0.0578 s [46% refresh (1x), 33% add (1x), 21% search (2x)] (4x), resolve: 0.0507 s [98% WorkItem (6x)] (40x)
2017-06-27 11:47:37,497 [Persistence Events Processing Thread | u:p] INFO  TXLOGGER  - Tx 573a0cae4f1b7_0_573a0cae4f1b7_0_: finished. Total: 0.157 s, resolve: 0.154 s [90% WorkItem (8x)] (11x), svn: 0.114 s [45% getFile content (3x), 27% info (2x), 27% getDir2 content (2x)] (8x), ObjectMaps: 0.0148 s [48% getPrimaryObjectLocation (3x), 42% getLastPromoted (3x)] (12x)
2017-06-27 11:47:37,570 [Persistence Events Processing Thread | u:p] INFO  TXLOGGER  - Summary: Total: 0.229 s, transactions: 6, persistence listener: 0.229 s [69% notificationsCreatingListener (1x), 31% WorkItemActivityCreator (1x)] (7x), resolve: 0.203 s [92% WorkItem (11x)] (16x), svn: 0.159 s [43% getFile content (4x), 28% info (3x), 28% getDir2 content (3x)] (13x), Lucene: 0.0193 s [100% add (1x)] (1x), ObjectMaps: 0.0182 s [50% getPrimaryObjectLocation (4x), 39% getLastPromoted (4x)] (16x)
2017-06-27 11:47:43,003 [ajp-nio-8889-exec-10 | u:admin] INFO  TXLOGGER  - Tx 573a0cb2365c6_0_573a0cb2365c6_0_: finished. Total: 1.67 s, svn: 1.58 s [97% endActivity (1x)] (9x), processed revs: [356, 356 (delay 1s)], write: true
2017-06-27 11:47:43,038 [ajp-nio-8889-exec-10 | u:admin] INFO  TXLOGGER  - Summary for 'WorkItemDataService.saveWorkItem': Total: 1.7 s, transactions: 2, svn: 1.58 s [97% endActivity (1x)] (9x)
2017-06-27 11:47:43,155 [Persistence Events Processing Thread | u:p] INFO  TXLOGGER  - Tx 573a0cb3d6dc7_0_573a0cb3d6dc7_0_: finished. Total: 0.152 s, resolve: 0.149 s [83% WorkItem (8x)] (11x), svn: 0.125 s [37% getFile content (3x), 34% getDir2 content (2x), 29% info (2x)] (8x), ObjectMaps: 0.0201 s [61% getLastPromoted (3x), 32% getPrimaryObjectLocation (3x)] (12x)
2017-06-27 11:47:43,247 [Persistence Events Processing Thread | u:p] INFO  TXLOGGER  - Summary: Total: 0.244 s, transactions: 6, persistence listener: 0.244 s [62% notificationsCreatingListener (1x), 38% WorkItemActivityCreator (1x)] (7x), resolve: 0.209 s [88% WorkItem (11x)] (16x), svn: 0.181 s [37% getFile content (4x), 31% getDir2 content (3x), 30% info (3x)] (13x), Lucene: 0.0267 s [100% add (1x)] (1x), ObjectMaps: 0.0241 s [54% getLastPromoted (4x), 37% getPrimaryObjectLocation (4x)] (16x)
2017-06-27 11:47:48,256 [ajp-nio-8889-exec-4 | u:admin] INFO  TXLOGGER  - Tx 573a0cb82e5d6_0_573a0cb82e5d6_0_: finished. Total: 0.806 s, svn: 0.703 s [91% endActivity (1x)] (9x), Lucene: 0.0641 s [70% refresh (1x), 25% add (1x)] (3x), resolve: 0.0557 s [100% WorkItem (2x)] (7x), processed revs: [357, 357 (delay 0s)], write: true
2017-06-27 11:47:48,304 [ajp-nio-8889-exec-4 | u:admin] INFO  TXLOGGER  - Summary for 'WorkItemDataService.saveWorkItem': Total: 0.855 s, transactions: 2, svn: 0.703 s [91% endActivity (1x)] (9x), Lucene: 0.0711 s [63% refresh (1x), 23% add (1x)] (4x), resolve: 0.0567 s [99% WorkItem (6x)] (40x)
2017-06-27 11:47:48,417 [Persistence Events Processing Thread | u:p] INFO  TXLOGGER  - Tx 573a0cb8f81d7_0_573a0cb8f81d7_0_: finished. Total: 0.161 s, resolve: 0.157 s [84% WorkItem (8x)] (11x), svn: 0.137 s [37% getFile content (3x), 32% getDir2 content (2x), 31% info (2x)] (8x), ObjectMaps: 0.0169 s [51% getPrimaryObjectLocation (3x), 29% getLastPromoted (3x), 20% getPrimaryObjectProperty (3x)] (12x)
2017-06-27 11:47:48,519 [Persistence Events Processing Thread | u:p] INFO  TXLOGGER  - Tx 573a0cb9205d9_0_573a0cb9205d9_0_: finished. Total: 0.102 s, resolve: 0.0785 s [100% WorkItem (3x)] (5x), svn: 0.0734 s [36% getFile content (1x), 34% info (1x), 28% getDir2 content (1x)] (5x), Lucene: 0.0192 s [100% add (1x)] (1x)
2017-06-27 11:47:48,520 [Persistence Events Processing Thread | u:p] INFO  TXLOGGER  - Summary: Total: 0.264 s, transactions: 6, persistence listener: 0.264 s [61% notificationsCreatingListener (1x), 39% WorkItemActivityCreator (1x)] (7x), resolve: 0.236 s [89% WorkItem (11x)] (16x), svn: 0.21 s [36% getFile content (4x), 32% info (3x), 31% getDir2 content (3x)] (13x), ObjectMaps: 0.0216 s [53% getPrimaryObjectLocation (4x), 27% getLastPromoted (4x), 20% getPrimaryObjectProperty (4x)] (16x), Lucene: 0.0192 s [100% add (1x)] (1x)
2017-06-27 11:48:05,987 [ajp-nio-8889-exec-8 | u:admin] INFO  TXLOGGER  - Tx 573a0cc9505e6_0_573a0cc9505e6_0_: finished. Total: 0.994 s, svn: 0.863 s [81% endActivity (1x)] (20x), resolve: 0.136 s [100% WorkItem (3x)] (11x), Lucene: 0.0732 s [60% add (2x), 34% refresh (1x)] (5x), processed revs: [358, 358 (delay 0s)], write: true
2017-06-27 11:48:06,047 [ajp-nio-8889-exec-8 | u:admin] INFO  TXLOGGER  - Summary for 'WorkItemDataService.saveWorkItem': Total: 1.05 s, transactions: 2, svn: 0.863 s [81% endActivity (1x)] (20x), resolve: 0.137 s [99% WorkItem (8x)] (45x), Lucene: 0.0805 s [55% add (2x), 31% refresh (1x)] (6x)
2017-06-27 11:48:06,145 [Persistence Events Processing Thread | u:p] INFO  TXLOGGER  - Tx 573a0cca48de7_0_573a0cca48de7_0_: finished. Total: 0.159 s, resolve: 0.152 s [92% WorkItem (12x)] (17x), svn: 0.137 s [36% getFile content (3x), 34% getDir2 content (2x), 30% info (2x)] (8x), ObjectMaps: 0.0114 s [48% getPrimaryObjectProperty (3x), 29% getPrimaryObjectLocation (3x), 23% getLastPromoted (3x)] (12x)
2017-06-27 11:48:06,373 [Persistence Events Processing Thread | u:p] INFO  TXLOGGER  - Tx 573a0cca709e9_0_573a0cca709e9_0_: finished. Total: 0.227 s, resolve: 0.179 s [81% WorkItem (7x)] (13x), svn: 0.151 s [40% getFile content (4x), 31% info (3x), 28% getDir2 content (2x)] (11x), Lucene: 0.0414 s [100% add (2x)] (2x), ObjectMaps: 0.0246 s [57% getLastPromoted (4x), 34% getPrimaryObjectProperty (4x)] (17x)
2017-06-27 11:48:06,374 [Persistence Events Processing Thread | u:p] INFO  TXLOGGER  - Summary: Total: 0.386 s, transactions: 6, persistence listener: 0.386 s [59% WorkItemActivityCreator (1x), 41% notificationsCreatingListener (1x)] (7x), resolve: 0.331 s [86% WorkItem (19x)] (30x), svn: 0.288 s [38% getFile content (7x), 31% getDir2 content (4x), 30% info (5x)] (19x), Lucene: 0.0415 s [100% add (2x)] (4x), ObjectMaps: 0.0359 s [47% getLastPromoted (7x), 38% getPrimaryObjectProperty (7x)] (29x)
2017-06-27 11:48:25,604 [ajp-nio-8889-exec-3 | u:admin] INFO  TXLOGGER  - Tx 573a0cdd175f6_0_573a0cdd175f6_0_: finished. Total: 0.358 s, ExecuteTestExtension: 0.244 s [100% createData (1x)] (1x), svn: 0.182 s [47% getFile content (8x), 43% info (9x)] (21x), resolve: 0.113 s [66% TestRun (1x), 33% Module (1x)] (11x), RepositoryConfigService: 0.093 s [78% getReadConfiguration (194x), 22% getExistingPrefixes (13x)] (221x), testRecordsQueryExpander: 0.0625 s [100% expand (9x)] (18x), DB: 0.0467 s [99% query (1x)] (8x)
2017-06-27 11:48:25,621 [ajp-nio-8889-exec-3 | u:admin] INFO  TXLOGGER  - Summary for 'WorkItemDataService.loadWorkitem': Total: 0.375 s, transactions: 1, ExecuteTestExtension: 0.244 s [100% createData (1x)] (1x), svn: 0.182 s [47% getFile content (8x), 43% info (9x)] (21x), resolve: 0.113 s [66% TestRun (1x), 33% Module (1x)] (11x), RepositoryConfigService: 0.093 s [78% getReadConfiguration (194x), 22% getExistingPrefixes (13x)] (221x), testRecordsQueryExpander: 0.0625 s [100% expand (9x)] (18x), DB: 0.0467 s [99% query (1x)] (8x)
2017-06-27 12:00:01,932 [Worker-1 | u:p] INFO  TXLOGGER  - Summary for 'job: update.plan.refresh.index': Total: 0.767 s, transactions: 0, resolve: 0.602 s [96% WorkItem (15x)] (167x), svn: 0.563 s [35% getDir2 content (16x), 33% info (17x), 32% getFile content (16x)] (50x), Lucene: 0.106 s [100% refresh (1x)] (3x)
2017-06-27 12:00:01,962 [Worker-0 | u:p] INFO  TXLOGGER  - Summary for 'job: update.plan': Total: 1.89 s, transactions: 12, resolve: 0.853 s [93% WorkItems (2x)] (96x), svn: 0.806 s [36% getFile content (21x), 34% info (24x), 30% getDir2 content (18x)] (77x), RepositoryConfigService: 0.12 s [74% getReadConfiguration (802x), 26% getExistingPrefixes (33x)] (837x)
2017-06-27 13:00:01,121 [Worker-0 | u:p] INFO  TXLOGGER  - Summary for 'job: update.plan.refresh.index': Total: 0.784 s, transactions: 0, resolve: 0.64 s [100% WorkItem (15x)] (167x), svn: 0.567 s [39% getFile content (15x), 32% getDir2 content (15x), 29% info (15x)] (46x), Lucene: 0.0597 s [99% refresh (1x)] (2x), ObjectMaps: 0.0445 s [58% getLastPromoted (15x), 20% getPrimaryObjectLocation (16x), 15% getPrimaryObjectProperty (15x)] (70x)
2017-06-27 13:00:01,154 [Worker-1 | u:p] INFO  TXLOGGER  - Summary for 'job: update.plan': Total: 0.94 s, transactions: 0
2017-06-27 14:00:00,972 [Worker-1 | u:p] INFO  TXLOGGER  - Summary for 'job: update.plan.refresh.index': Total: 0.809 s, transactions: 0, resolve: 0.643 s [100% WorkItem (15x)] (167x), svn: 0.571 s [40% getFile content (15x), 31% getDir2 content (15x), 29% info (15x)] (46x), DB: 0.0702 s [91% update (181x)] (220x), Lucene: 0.0485 s [99% refresh (1x)] (2x)
2017-06-27 14:00:01,003 [Worker-0 | u:p] INFO  TXLOGGER  - Summary for 'job: update.plan': Total: 0.95 s, transactions: 0
