2017-06-22 18:11:29,708 [main | u:p] INFO  TXLOGGER  - Summary for 'Platform startup': transactions: 0, DB: 0.0411 s [50% update (126x), 49% query (13x)] (206x), svn: 0.0241 s [87% checkPath (1x)] (3x)
2017-06-22 18:11:29,910 [main | u:p] INFO  TXLOGGER  - Summary for 'Context recognition': transactions: 0, svn: 0.0893 s [37% getDir2 content (2x), 36% info (3x), 27% getFile content (1x)] (6x)
2017-06-22 18:11:31,209 [LowLevelDataService-contextInitializer-3 | u:p] INFO  TXLOGGER  - Summary: Total: 1.29 s, transactions: 0, ObjectMaps: 0.262 s [100% getAllPrimaryObjects (1x)] (7x)
2017-06-22 18:11:31,209 [LowLevelDataService-contextInitializer-2 | u:p] INFO  TXLOGGER  - Summary: Total: 1.29 s, transactions: 0, svn: 0.186 s [98% log2 (6x)] (8x)
2017-06-22 18:11:31,209 [LowLevelDataService-contextInitializer-4 | u:p] INFO  TXLOGGER  - Summary: Total: 1.29 s, transactions: 0, svn: 0.191 s [93% log2 (10x)] (12x), ObjectMaps: 0.0648 s [97% getAllPrimaryObjects (2x)] (20x)
2017-06-22 18:11:31,209 [LowLevelDataService-contextInitializer-1 | u:p] INFO  TXLOGGER  - Summary: Total: 1.29 s, transactions: 0, svn: 0.29 s [48% log2 (5x), 26% log (1x), 15% info (4x)] (15x)
2017-06-22 18:11:31,209 [LowLevelDataService-contextInitializer-5 | u:p] INFO  TXLOGGER  - Summary: Total: 1.29 s, transactions: 0, svn: 0.0938 s [95% log2 (5x)] (6x)
2017-06-22 18:11:31,210 [main | u:p] INFO  TXLOGGER  - Summary for 'Context initialization': transactions: 0, svn: 0.8 s [78% log2 (31x), 9% log (1x)] (47x), ObjectMaps: 0.411 s [99% getAllPrimaryObjects (7x)] (55x)
2017-06-22 18:11:31,535 [main | u:p] INFO  TXLOGGER  - Summary for 'Revisions processing': transactions: 14, RepositoryConfigService: 0.206 s [100% getReadConfiguration (42x)] (42x), svn: 0.114 s [91% info (15x)] (32x)
2017-06-22 18:11:32,344 [main | u:p] INFO  TXLOGGER  - Summary for 'Build artifacts recognition': transactions: 40, svn: 0.654 s [88% info (78x)] (131x), RepositoryConfigService: 0.536 s [100% getReadConfiguration (48x)] (48x)
2017-06-22 18:11:32,863 [main | u:p] INFO  TXLOGGER  - Summary for 'Data indexing': transactions: 0, Lucene: 0.219 s [100% refresh (1x)] (1x), SubterraURITable: 0.0137 s [100% addIfNotExistsDB (1x)] (1x), derivedLinkedRevisionsContributor: 0.0112 s [100% objectsToInv (1x)] (1x)
2017-06-22 18:12:08,386 [main] INFO  TXLOGGER  - Summary for 'Polarion startup': transactions: 1, svn: 0.341 s [78% info (47x), 10% getDir2 content (5x)] (66x), RepositoryConfigService: 0.0493 s [100% getReadConfiguration (2x)] (2x)
2017-06-22 18:12:08,499 [Persistence Events Processing Thread | u:p] INFO  TXLOGGER  - Summary: Total: 0.108 s, transactions: 6, persistence listener: 0.107 s [93% notificationsCreatingListener (1x)] (7x)
2017-06-22 18:12:08,602 [Worker-0 | u:p | job: polarion.jobs.attachment.indexer] INFO  TXLOGGER  - Summary after AttachmentIndexer: transactions: 6, Lucene: 0.112 s [100% add (2x)] (2x), persistence listener: 0.107 s [93% notificationsCreatingListener (1x)] (7x), resolve: 0.0416 s [93% User (2x)] (5x), ObjectMaps: 0.0109 s [100% getPrimaryObjectLocation (2x)] (2x)
2017-06-22 18:12:09,194 [PreLoadDataService | u:p] INFO  TXLOGGER  - Tx 5733f4bda3038_0_5733f4bda3038_0_: finished. Total: 0.796 s, svn: 0.502 s [66% getDir2 content (25x), 34% getFile content (15x)] (43x), resolve: 0.333 s [53% TimePoint (5x), 47% Category (8x)] (13x), ObjectMaps: 0.0569 s [54% getPrimaryObjectLocation (13x), 27% getPrimaryObjectProperty (13x)] (55x)
2017-06-22 18:12:09,730 [PreLoadDataService | u:p] INFO  TXLOGGER  - Tx 5733f4be9a840_0_5733f4be9a840_0_: finished. Total: 0.343 s, svn: 0.248 s [56% getFile content (14x), 44% info (10x)] (25x), RepositoryConfigService: 0.181 s [85% getReadConfiguration (72x)] (74x), resolve: 0.129 s [100% User (8x)] (8x), ObjectMaps: 0.0237 s [43% getPrimaryObjectLocation (8x), 31% getPrimaryObjectProperty (8x), 26% getLastPromoted (8x)] (33x)
2017-06-22 18:12:09,890 [PreLoadDataService | u:p] INFO  TXLOGGER  - Tx 5733f4bef0841_0_5733f4bef0841_0_: finished. Total: 0.159 s, RepositoryConfigService: 0.133 s [98% getReadConfiguration (55x)] (78x), svn: 0.112 s [100% getFile content (13x)] (14x)
2017-06-22 18:12:10,170 [DBHistoryCreator-1 | u:p] INFO  TXLOGGER  - Summary: Total: 1.58 s, transactions: 0
2017-06-22 18:12:10,170 [Worker-1 | u:p | job: polarion.jobs.db.history] INFO  TXLOGGER  - Summary after DBHistoryCreator: transactions: 0, Lucene: 0.0511 s [100% add (1x)] (1x)
2017-06-22 18:12:10,171 [Worker-1 | u:p] INFO  TXLOGGER  - Summary for 'job: polarion.jobs.db.history': Total: 1.58 s, transactions: 0, SubterraURITable: 1.27 s [100% getDB (4080x)] (4080x), DB: 1.16 s [51% query (4106x), 30% update (4081x)] (20515x)
2017-06-22 18:12:10,689 [PreLoadDataService | u:p] INFO  TXLOGGER  - Tx 5733f4bf18842_0_5733f4bf18842_0_: finished. Total: 0.798 s, svn: 0.709 s [73% getFile content (47x), 27% getDir2 content (17x)] (65x), RepositoryConfigService: 0.589 s [100% getReadConfiguration (164x)] (180x)
2017-06-22 18:12:11,032 [PreLoadDataService | u:p] INFO  TXLOGGER  - Tx 5733f4bfe0443_0_5733f4bfe0443_0_: finished. Total: 0.343 s, svn: 0.297 s [85% getFile content (35x)] (42x), RepositoryConfigService: 0.287 s [99% getReadConfiguration (295x)] (370x)
2017-06-22 18:12:11,375 [PreLoadDataService | u:p] INFO  TXLOGGER  - Tx 5733f4c036044_0_5733f4c036044_0_: finished. Total: 0.343 s, svn: 0.323 s [51% getDir2 content (17x), 49% getFile content (21x)] (39x), RepositoryConfigService: 0.173 s [99% getReadConfiguration (88x)] (110x)
2017-06-22 18:12:11,506 [PreLoadDataService | u:p] INFO  TXLOGGER  - Tx 5733f4c08bc45_0_5733f4c08bc45_0_: finished. Total: 0.131 s, svn: 0.121 s [58% getDir2 content (11x), 42% getFile content (8x)] (20x), RepositoryConfigService: 0.0575 s [99% getReadConfiguration (38x)] (54x)
2017-06-22 18:12:11,828 [PreLoadDataService | u:p] INFO  TXLOGGER  - Tx 5733f4c0ac846_0_5733f4c0ac846_0_: finished. Total: 0.321 s, svn: 0.3 s [55% getFile content (24x), 45% getDir2 content (12x)] (37x), RepositoryConfigService: 0.181 s [100% getReadConfiguration (87x)] (109x)
2017-06-22 18:12:11,828 [PreLoadDataService] INFO  TXLOGGER  - Summary for 'PreloadDataService': Total: 3.43 s, transactions: 9, svn: 2.71 s [59% getFile content (182x), 35% getDir2 content (90x)] (301x), RepositoryConfigService: 1.63 s [98% getReadConfiguration (801x)] (981x), resolve: 0.589 s [30% TimePoint (5x), 27% Category (8x), 22% User (8x), 22% Project (5x)] (26x)
2017-06-22 18:12:11,829 [PreLoadDataService] INFO  TXLOGGER  - Summary after preload: transactions: 9, svn: 2.71 s [59% getFile content (182x), 35% getDir2 content (90x)] (301x), RepositoryConfigService: 1.63 s [98% getReadConfiguration (801x)] (981x), SubterraURITable: 1.27 s [100% getDB (4080x)] (4080x), DB: 1.16 s [51% query (4106x), 30% update (4081x)] (20515x), resolve: 0.589 s [30% TimePoint (5x), 27% Category (8x), 22% User (9x), 22% Project (5x)] (27x)
