2017-06-22 18:26:48,377 [main | u:p] INFO  TXLOGGER  - Summary for 'Platform startup': transactions: 0, DB: 0.0419 s [50% update (126x), 48% query (13x)] (206x), svn: 0.0251 s [87% checkPath (1x)] (3x)
2017-06-22 18:26:48,583 [main | u:p] INFO  TXLOGGER  - Summary for 'Context recognition': transactions: 0, svn: 0.0863 s [37% info (3x), 33% getDir2 content (2x), 30% getFile content (1x)] (6x)
2017-06-22 18:26:49,825 [LowLevelDataService-contextInitializer-4 | u:p] INFO  TXLOGGER  - Summary: Total: 1.24 s, transactions: 0, svn: 0.108 s [98% log2 (5x)] (6x)
2017-06-22 18:26:49,825 [LowLevelDataService-contextInitializer-2 | u:p] INFO  TXLOGGER  - Summary: Total: 1.24 s, transactions: 0, svn: 0.149 s [91% log2 (6x)] (8x)
2017-06-22 18:26:49,825 [LowLevelDataService-contextInitializer-5 | u:p] INFO  TXLOGGER  - Summary: Total: 1.24 s, transactions: 0, svn: 0.19 s [37% log (1x), 37% log2 (5x), 18% info (4x)] (15x)
2017-06-22 18:26:49,825 [LowLevelDataService-contextInitializer-1 | u:p] INFO  TXLOGGER  - Summary: Total: 1.24 s, transactions: 0, svn: 0.148 s [98% log2 (10x)] (12x), ObjectMaps: 0.0676 s [97% getAllPrimaryObjects (2x)] (20x)
2017-06-22 18:26:49,825 [LowLevelDataService-contextInitializer-3 | u:p] INFO  TXLOGGER  - Summary: Total: 1.24 s, transactions: 0, ObjectMaps: 0.262 s [100% getAllPrimaryObjects (1x)] (7x)
2017-06-22 18:26:49,826 [main | u:p] INFO  TXLOGGER  - Summary for 'Context initialization': transactions: 0, svn: 0.632 s [78% log2 (31x), 11% log (1x)] (47x), ObjectMaps: 0.412 s [99% getAllPrimaryObjects (7x)] (55x)
2017-06-22 18:26:50,158 [main | u:p] INFO  TXLOGGER  - Summary for 'Revisions processing': transactions: 14, RepositoryConfigService: 0.217 s [100% getReadConfiguration (42x)] (42x), svn: 0.125 s [90% info (15x)] (32x)
2017-06-22 18:26:50,967 [main | u:p] INFO  TXLOGGER  - Summary for 'Build artifacts recognition': transactions: 40, svn: 0.647 s [86% info (78x)] (131x), RepositoryConfigService: 0.546 s [100% getReadConfiguration (48x)] (48x)
2017-06-22 18:26:51,520 [main | u:p] INFO  TXLOGGER  - Summary for 'Data indexing': transactions: 0, Lucene: 0.244 s [100% refresh (1x)] (1x), SubterraURITable: 0.0154 s [100% addIfNotExistsDB (1x)] (1x)
2017-06-22 18:27:26,538 [main] INFO  TXLOGGER  - Summary for 'Polarion startup': transactions: 1, svn: 0.315 s [83% info (47x)] (66x), RepositoryConfigService: 0.0304 s [100% getReadConfiguration (2x)] (2x)
2017-06-22 18:27:26,648 [Persistence Events Processing Thread | u:p] INFO  TXLOGGER  - Summary: Total: 0.105 s, transactions: 6, persistence listener: 0.104 s [92% notificationsCreatingListener (1x)] (7x)
2017-06-22 18:27:26,741 [Worker-0 | u:p | job: polarion.jobs.attachment.indexer] INFO  TXLOGGER  - Summary after AttachmentIndexer: transactions: 6, persistence listener: 0.104 s [92% notificationsCreatingListener (1x)] (7x), Lucene: 0.0495 s [100% add (1x)] (1x), resolve: 0.0445 s [93% User (2x)] (5x), ObjectMaps: 0.0126 s [100% getPrimaryObjectLocation (2x)] (2x)
2017-06-22 18:27:27,311 [PreLoadDataService | u:p] INFO  TXLOGGER  - Tx 5733f83e44c38_0_5733f83e44c38_0_: finished. Total: 0.763 s, svn: 0.486 s [69% getDir2 content (25x), 31% getFile content (15x)] (43x), resolve: 0.305 s [53% TimePoint (5x), 47% Category (8x)] (13x), ObjectMaps: 0.0523 s [52% getPrimaryObjectLocation (13x), 27% getPrimaryObjectProperty (13x), 21% getLastPromoted (13x)] (55x)
2017-06-22 18:27:27,801 [PreLoadDataService | u:p] INFO  TXLOGGER  - Tx 5733f83f2fc40_0_5733f83f2fc40_0_: finished. Total: 0.313 s, svn: 0.227 s [52% getFile content (14x), 48% info (10x)] (25x), RepositoryConfigService: 0.182 s [68% getReadConfiguration (72x), 32% getReadUserConfiguration (2x)] (74x), resolve: 0.101 s [100% User (8x)] (8x), ObjectMaps: 0.021 s [44% getPrimaryObjectLocation (8x), 29% getPrimaryObjectProperty (8x), 26% getLastPromoted (8x)] (33x)
2017-06-22 18:27:27,944 [PreLoadDataService | u:p] INFO  TXLOGGER  - Tx 5733f83f7e441_0_5733f83f7e441_0_: finished. Total: 0.143 s, RepositoryConfigService: 0.12 s [99% getReadConfiguration (55x)] (78x), svn: 0.0999 s [100% getFile content (13x)] (14x)
2017-06-22 18:27:28,229 [DBHistoryCreator-1 | u:p] INFO  TXLOGGER  - Summary: Total: 1.48 s, transactions: 0
2017-06-22 18:27:28,229 [Worker-1 | u:p | job: polarion.jobs.db.history] INFO  TXLOGGER  - Summary after DBHistoryCreator: transactions: 0, Lucene: 0.094 s [100% add (2x)] (2x)
2017-06-22 18:27:28,229 [Worker-1 | u:p] INFO  TXLOGGER  - Summary for 'job: polarion.jobs.db.history': Total: 1.48 s, transactions: 0, SubterraURITable: 1.17 s [100% getDB (4080x)] (4080x), DB: 1.09 s [51% query (4106x), 30% update (4081x)] (20515x)
2017-06-22 18:27:28,704 [PreLoadDataService | u:p] INFO  TXLOGGER  - Tx 5733f83fa2042_0_5733f83fa2042_0_: finished. Total: 0.76 s, svn: 0.674 s [73% getFile content (47x), 27% getDir2 content (17x)] (65x), RepositoryConfigService: 0.562 s [100% getReadConfiguration (164x)] (180x)
2017-06-22 18:27:29,033 [PreLoadDataService | u:p] INFO  TXLOGGER  - Tx 5733f84060043_0_5733f84060043_0_: finished. Total: 0.328 s, svn: 0.286 s [84% getFile content (35x)] (42x), RepositoryConfigService: 0.273 s [99% getReadConfiguration (295x)] (370x)
2017-06-22 18:27:29,368 [PreLoadDataService | u:p] INFO  TXLOGGER  - Tx 5733f840b2444_0_5733f840b2444_0_: finished. Total: 0.335 s, svn: 0.316 s [51% getDir2 content (17x), 49% getFile content (21x)] (39x), RepositoryConfigService: 0.17 s [99% getReadConfiguration (88x)] (110x)
2017-06-22 18:27:29,495 [PreLoadDataService | u:p] INFO  TXLOGGER  - Tx 5733f84106045_0_5733f84106045_0_: finished. Total: 0.127 s, svn: 0.119 s [58% getDir2 content (11x), 42% getFile content (8x)] (20x), RepositoryConfigService: 0.0557 s [99% getReadConfiguration (38x)] (54x)
2017-06-22 18:27:29,808 [PreLoadDataService | u:p] INFO  TXLOGGER  - Tx 5733f84125c46_0_5733f84125c46_0_: finished. Total: 0.313 s, svn: 0.293 s [55% getFile content (24x), 45% getDir2 content (12x)] (37x), RepositoryConfigService: 0.178 s [100% getReadConfiguration (87x)] (109x)
2017-06-22 18:27:29,809 [PreLoadDataService] INFO  TXLOGGER  - Summary for 'PreloadDataService': Total: 3.26 s, transactions: 9, svn: 2.58 s [58% getFile content (182x), 36% getDir2 content (90x)] (301x), RepositoryConfigService: 1.57 s [96% getReadConfiguration (801x)] (981x), resolve: 0.513 s [31% TimePoint (5x), 28% Category (8x), 21% Project (5x)] (26x)
2017-06-22 18:27:29,809 [PreLoadDataService] INFO  TXLOGGER  - Summary after preload: transactions: 9, svn: 2.58 s [58% getFile content (182x), 36% getDir2 content (90x)] (301x), RepositoryConfigService: 1.57 s [96% getReadConfiguration (801x)] (981x), SubterraURITable: 1.17 s [100% getDB (4080x)] (4080x), DB: 1.09 s [51% query (4106x), 30% update (4081x)] (20515x), resolve: 0.513 s [31% TimePoint (5x), 28% Category (8x), 21% Project (5x)] (27x)
