2017-06-22 16:57:03,423 [main | u:p] INFO  TXLOGGER  - Summary for 'Platform startup': transactions: 0, DB: 0.0419 s [50% query (13x), 49% update (126x)] (206x), svn: 0.0261 s [86% checkPath (1x)] (3x)
2017-06-22 16:57:03,628 [main | u:p] INFO  TXLOGGER  - Summary for 'Context recognition': transactions: 0, svn: 0.0797 s [38% info (3x), 37% getDir2 content (2x), 25% getFile content (1x)] (6x)
2017-06-22 16:57:04,935 [LowLevelDataService-contextInitializer-1 | u:p] INFO  TXLOGGER  - Summary: Total: 1.3 s, transactions: 0
2017-06-22 16:57:04,935 [LowLevelDataService-contextInitializer-5 | u:p] INFO  TXLOGGER  - Summary: Total: 1.3 s, transactions: 0, svn: 0.105 s [98% log2 (5x)] (6x)
2017-06-22 16:57:04,935 [LowLevelDataService-contextInitializer-3 | u:p] INFO  TXLOGGER  - Summary: Total: 1.3 s, transactions: 0, ObjectMaps: 0.265 s [100% getAllPrimaryObjects (1x)] (7x), svn: 0.183 s [36% log (1x), 29% info (4x), 21% getFile content (3x)] (15x)
2017-06-22 16:57:04,935 [LowLevelDataService-contextInitializer-2 | u:p] INFO  TXLOGGER  - Summary: Total: 1.3 s, transactions: 0, svn: 0.188 s [98% log2 (6x)] (8x)
2017-06-22 16:57:04,935 [LowLevelDataService-contextInitializer-4 | u:p] INFO  TXLOGGER  - Summary: Total: 1.3 s, transactions: 0, svn: 0.179 s [98% log2 (10x)] (12x), ObjectMaps: 0.0668 s [97% getAllPrimaryObjects (2x)] (20x)
2017-06-22 16:57:04,936 [main | u:p] INFO  TXLOGGER  - Summary for 'Context initialization': transactions: 0, svn: 0.706 s [76% log2 (31x), 9% log (1x)] (47x), ObjectMaps: 0.414 s [99% getAllPrimaryObjects (7x)] (55x)
2017-06-22 16:57:05,247 [main | u:p] INFO  TXLOGGER  - Summary for 'Revisions processing': transactions: 14, RepositoryConfigService: 0.196 s [100% getReadConfiguration (42x)] (42x), svn: 0.101 s [89% info (15x)] (32x)
2017-06-22 16:57:05,971 [main | u:p] INFO  TXLOGGER  - Summary for 'Build artifacts recognition': transactions: 40, svn: 0.546 s [86% info (78x)] (131x), RepositoryConfigService: 0.47 s [100% getReadConfiguration (80x)] (80x)
2017-06-22 16:57:06,583 [main | u:p] INFO  TXLOGGER  - Summary for 'Data indexing': transactions: 0, Lucene: 0.259 s [100% refresh (2x)] (2x), SubterraURITable: 0.0251 s [100% addIfNotExistsDB (17x)] (17x), DB: 0.0239 s [48% update (38x), 23% query (17x), 21% execute (12x)] (103x)
2017-06-22 16:57:42,944 [main] INFO  TXLOGGER  - Summary for 'Polarion startup': transactions: 1, svn: 0.322 s [79% info (47x), 10% getDir2 content (5x)] (67x), RepositoryConfigService: 0.0278 s [100% getReadConfiguration (2x)] (2x)
2017-06-22 16:57:43,057 [Persistence Events Processing Thread | u:p] INFO  TXLOGGER  - Summary: Total: 0.108 s, transactions: 6, persistence listener: 0.108 s [93% notificationsCreatingListener (1x)] (7x)
2017-06-22 16:57:43,131 [Worker-0 | u:p | job: polarion.jobs.attachment.indexer] INFO  TXLOGGER  - Summary after AttachmentIndexer: transactions: 48, persistence listener: 0.111 s [91% notificationsCreatingListener (8x)] (56x), Lucene: 0.0824 s [100% add (2x)] (2x), resolve: 0.0387 s [93% User (2x)] (5x), ObjectMaps: 0.012 s [100% getPrimaryObjectLocation (2x)] (2x)
2017-06-22 16:57:43,775 [PreLoadDataService | u:p] INFO  TXLOGGER  - Tx 5733e3b4da038_0_5733e3b4da038_0_: finished. Total: 0.822 s, resolve: 0.441 s [56% Category (8x), 44% TimePoint (5x)] (13x), svn: 0.404 s [61% getDir2 content (25x), 38% getFile content (15x)] (43x), ObjectMaps: 0.0673 s [38% getLastPromoted (13x), 38% getPrimaryObjectLocation (13x), 24% getPrimaryObjectProperty (13x)] (55x)
2017-06-22 16:57:44,272 [PreLoadDataService | u:p] INFO  TXLOGGER  - Tx 5733e3b5ddc6a_0_5733e3b5ddc6a_0_: finished. Total: 0.281 s, svn: 0.157 s [59% getFile content (14x), 41% info (10x)] (25x), resolve: 0.136 s [100% User (8x)] (8x), RepositoryConfigService: 0.118 s [81% getReadConfiguration (72x)] (74x), ObjectMaps: 0.0203 s [43% getPrimaryObjectLocation (8x), 29% getPrimaryObjectProperty (8x), 27% getLastPromoted (8x)] (33x)
2017-06-22 16:57:44,396 [PreLoadDataService | u:p] INFO  TXLOGGER  - Tx 5733e3b62406b_0_5733e3b62406b_0_: finished. Total: 0.123 s, RepositoryConfigService: 0.0977 s [98% getReadConfiguration (55x)] (78x), svn: 0.0787 s [100% getFile content (13x)] (14x)
2017-06-22 16:57:44,623 [DBHistoryCreator-2 | u:p] INFO  TXLOGGER  - Summary: Total: 1.45 s, transactions: 0
2017-06-22 16:57:44,623 [DBHistoryCreator-1 | u:p] INFO  TXLOGGER  - Summary: Total: 1.45 s, transactions: 0
2017-06-22 16:57:44,623 [Worker-1 | u:p | job: polarion.jobs.db.history] INFO  TXLOGGER  - Summary after DBHistoryCreator: transactions: 0, Lucene: 0.0276 s [100% add (1x)] (1x), DB: 0.00155 s [71% update (2x), 29% commit (2x)] (4x)
2017-06-22 16:57:44,623 [Worker-1 | u:p] INFO  TXLOGGER  - Summary for 'job: polarion.jobs.db.history': Total: 1.5 s, transactions: 0, SubterraURITable: 1.18 s [100% getDB (4058x)] (4058x), DB: 1.13 s [51% query (4084x), 30% update (4059x)] (20401x)
2017-06-22 16:57:45,305 [PreLoadDataService | u:p] INFO  TXLOGGER  - Tx 5733e3b64306c_0_5733e3b64306c_0_: finished. Total: 0.909 s, svn: 0.819 s [70% getFile content (47x), 30% getDir2 content (17x)] (65x), RepositoryConfigService: 0.644 s [100% getReadConfiguration (164x)] (180x)
2017-06-22 16:57:45,596 [PreLoadDataService | u:p] INFO  TXLOGGER  - Tx 5733e3b72646d_0_5733e3b72646d_0_: finished. Total: 0.291 s, svn: 0.246 s [85% getFile content (35x)] (42x), RepositoryConfigService: 0.243 s [99% getReadConfiguration (295x)] (370x)
2017-06-22 16:57:45,901 [PreLoadDataService | u:p] INFO  TXLOGGER  - Tx 5733e3b76f06e_0_5733e3b76f06e_0_: finished. Total: 0.305 s, svn: 0.287 s [53% getDir2 content (17x), 47% getFile content (21x)] (39x), RepositoryConfigService: 0.148 s [99% getReadConfiguration (88x)] (110x)
2017-06-22 16:57:46,004 [PreLoadDataService | u:p] INFO  TXLOGGER  - Tx 5733e3b7bb46f_0_5733e3b7bb46f_0_: finished. Total: 0.103 s, svn: 0.0938 s [58% getDir2 content (11x), 42% getFile content (8x)] (20x), RepositoryConfigService: 0.0459 s [99% getReadConfiguration (38x)] (54x)
2017-06-22 16:57:46,270 [PreLoadDataService | u:p] INFO  TXLOGGER  - Tx 5733e3b7d5070_0_5733e3b7d5070_0_: finished. Total: 0.265 s, svn: 0.233 s [59% getFile content (24x), 41% getDir2 content (12x)] (37x), RepositoryConfigService: 0.165 s [100% getReadConfiguration (87x)] (109x)
2017-06-22 16:57:46,270 [PreLoadDataService] INFO  TXLOGGER  - Summary for 'PreloadDataService': Total: 3.32 s, transactions: 9, svn: 2.39 s [61% getFile content (182x), 36% getDir2 content (90x)] (301x), RepositoryConfigService: 1.49 s [98% getReadConfiguration (801x)] (981x), resolve: 0.73 s [34% Category (8x), 26% TimePoint (5x), 21% Project (5x)] (26x)
2017-06-22 16:57:46,271 [PreLoadDataService] INFO  TXLOGGER  - Summary after preload: transactions: 9, svn: 2.39 s [61% getFile content (182x), 36% getDir2 content (90x)] (302x), RepositoryConfigService: 1.49 s [98% getReadConfiguration (801x)] (981x), SubterraURITable: 1.18 s [100% getDB (4058x)] (4058x), DB: 1.13 s [51% query (4084x), 30% update (4059x)] (20401x), resolve: 0.73 s [34% Category (8x), 26% TimePoint (5x), 21% Project (5x)] (27x)
2017-06-22 16:59:50,209 [ajp-nio-8889-exec-5 | u:admin] INFO  TXLOGGER  - Summary for 'WorkItemDataService.saveWorkItem': Total: 0.139 s, transactions: 2, resolve: 0.094 s [100% WorkItem (2x)] (2x), svn: 0.0563 s [48% info (3x), 26% getFile content (1x), 25% getDir2 content (1x)] (8x), calculatedFieldsContributor: 0.0173 s [100% fields (1x)] (1x), RepositoryConfigService: 0.0164 s [85% getExistingPrefixes (1x)] (5x), derivedLinkedRevisionsContributor: 0.014 s [100% fields (1x)] (1x), permissions: 0.0133 s [100% readInstance (2x)] (2x), Lucene: 0.0109 s [100% search (1x)] (1x)
2017-06-22 16:59:52,737 [ajp-nio-8889-exec-6 | u:admin] INFO  TXLOGGER  - Tx 5733e43281873_0_5733e43281873_0_: finished. Total: 1.11 s, svn: 0.662 s [89% endActivity (1x)] (10x), Lucene: 0.18 s [82% refresh (1x)] (3x), processed revs: [115, 115 (delay 0s)], write: true
2017-06-22 16:59:53,039 [Persistence Events Processing Thread | u:p] INFO  TXLOGGER  - Tx 5733e43398474_0_5733e43398474_0_: finished. Total: 0.302 s, resolve: 0.186 s [68% WorkItem (8x), 32% User (11x)] (19x), svn: 0.171 s [53% getFile content (8x), 28% info (2x)] (13x)
2017-06-22 16:59:53,169 [Persistence Events Processing Thread | u:p] INFO  TXLOGGER  - Tx 5733e433e4076_0_5733e433e4076_0_: finished. Total: 0.13 s, Lucene: 0.0494 s [100% add (1x)] (1x), resolve: 0.0443 s [100% WorkItem (3x)] (5x), svn: 0.0392 s [35% getFile content (1x), 31% getDir2 content (1x), 29% info (1x)] (5x)
2017-06-22 16:59:53,170 [Persistence Events Processing Thread | u:p] INFO  TXLOGGER  - Summary: Total: 0.433 s, transactions: 6, persistence listener: 0.433 s [70% notificationsCreatingListener (1x), 30% WorkItemActivityCreator (1x)] (7x), resolve: 0.23 s [74% WorkItem (11x), 26% User (12x)] (24x), svn: 0.211 s [50% getFile content (9x), 28% info (3x), 21% getDir2 content (3x)] (18x), Lucene: 0.0496 s [100% add (1x)] (3x)
2017-06-22 16:59:53,240 [ajp-nio-8889-exec-6 | u:admin] INFO  TXLOGGER  - Tx 5733e43398875_0_5733e43398875_0_: finished. Total: 0.502 s, RepositoryConfigService: 0.247 s [93% getReadConfiguration (321x)] (353x), svn: 0.147 s [58% getFile content (10x), 21% info (4x), 21% getDir2 content (2x)] (17x)
2017-06-22 16:59:53,346 [ajp-nio-8889-exec-6 | u:admin] INFO  TXLOGGER  - Summary for 'WorkItemDataService.saveWorkItem': Total: 1.73 s, transactions: 2, svn: 0.809 s [73% endActivity (1x), 14% getFile content (12x)] (27x), RepositoryConfigService: 0.267 s [94% getReadConfiguration (343x)] (378x), Lucene: 0.204 s [72% refresh (1x), 17% search (10x)] (12x)
2017-06-22 17:00:00,284 [ajp-nio-8889-exec-10 | u:admin] INFO  TXLOGGER  - Tx 5733e43a1f083_0_5733e43a1f083_0_: finished. Total: 0.864 s, svn: 0.734 s [93% endActivity (1x)] (9x), Lucene: 0.0716 s [57% refresh (1x), 35% add (1x)] (3x), resolve: 0.0503 s [99% WorkItem (2x)] (12x), processed revs: [116, 116 (delay 0s)], write: true
2017-06-22 17:00:00,354 [ajp-nio-8889-exec-10 | u:admin] INFO  TXLOGGER  - Summary for 'WorkItemDataService.saveWorkItem': Total: 0.934 s, transactions: 2, svn: 0.734 s [93% endActivity (1x)] (9x), Lucene: 0.0804 s [50% refresh (1x), 31% add (1x)] (4x), resolve: 0.0533 s [96% WorkItem (6x)] (37x)
2017-06-22 17:00:00,621 [Persistence Events Processing Thread | u:p] INFO  TXLOGGER  - Tx 5733e43af708a_0_5733e43af708a_0_: finished. Total: 0.336 s, resolve: 0.276 s [76% WorkItem (8x), 24% User (11x)] (19x), svn: 0.221 s [41% getFile content (5x), 30% info (2x), 29% getDir2 content (2x)] (10x), EHCache: 0.0539 s [99% put (9x)] (64x), ObjectMaps: 0.046 s [57% getLastPromoted (5x), 35% getPrimaryObjectLocation (5x)] (20x)
2017-06-22 17:00:00,719 [Persistence Events Processing Thread | u:p] INFO  TXLOGGER  - Summary: Total: 0.434 s, transactions: 6, persistence listener: 0.434 s [78% notificationsCreatingListener (1x), 22% WorkItemActivityCreator (1x)] (7x), resolve: 0.339 s [80% WorkItem (11x)] (24x), svn: 0.278 s [40% getFile content (6x), 31% info (3x), 29% getDir2 content (3x)] (15x), EHCache: 0.0547 s [98% put (11x)] (80x), ObjectMaps: 0.0513 s [53% getLastPromoted (6x), 38% getPrimaryObjectLocation (6x)] (24x), Lucene: 0.0264 s [100% add (1x)] (1x)
2017-06-22 17:00:02,190 [Worker-1 | u:p] INFO  TXLOGGER  - Summary for 'job: update.plan.refresh.index': Total: 0.803 s, transactions: 0, resolve: 0.59 s [95% WorkItem (15x)] (167x), svn: 0.519 s [34% info (17x), 33% getDir2 content (16x), 32% getFile content (16x)] (50x), Lucene: 0.145 s [99% refresh (1x)] (3x), DB: 0.0443 s [78% update (181x), 22% execute (38x)] (220x)
2017-06-22 17:00:02,223 [Worker-0 | u:p] INFO  TXLOGGER  - Summary for 'job: update.plan': Total: 2.14 s, transactions: 10, resolve: 1.04 s [94% WorkItems (2x)] (96x), svn: 0.818 s [37% getFile content (22x), 32% info (24x), 31% getDir2 content (19x)] (77x)
