2017-06-22 18:28:23,782 [main] INFO  com.polarion.platform.startup  - ****************************************************************
2017-06-22 18:28:23,782 [main] INFO  com.polarion.platform.startup  -                 Polarion starting, please wait!                 
2017-06-22 18:28:23,783 [main] INFO  com.polarion.platform.startup  - ****************************************************************
2017-06-22 18:28:23,783 [main] INFO  com.polarion.platform.startup  - Server start mode: normal
2017-06-22 18:28:23,783 [main] INFO  com.polarion.platform.startup  - ------------------------------
2017-06-22 18:28:23,783 [main] INFO  com.polarion.platform.startup  - Platform startup (Phase: 1/9)
2017-06-22 18:28:28,250 [main] INFO  com.polarion.platform.startup  - Opening historical database...
2017-06-22 18:28:28,403 [main] INFO  com.polarion.platform.startup  - Opening of historical database finished [ TIME 0.152 s. ]
2017-06-22 18:28:28,403 [main] INFO  com.polarion.platform.startup  - Opening head database...
2017-06-22 18:28:28,466 [main] INFO  com.polarion.platform.startup  - Opening of head database finished [ TIME 0.0626 s. ]
2017-06-22 18:28:28,691 [main | u:p] INFO  com.polarion.platform.startup  -  -- Polarion startup estimation:  [ TIME 52 s. ]
2017-06-22 18:28:28,839 [main | u:p] INFO  com.polarion.platform.startup  - Platform startup ... took  [ TIME 5.06 s. ]
2017-06-22 18:28:29,001 [main | u:p] INFO  com.polarion.platform.startup  - ------------------------------
2017-06-22 18:28:29,001 [main | u:p] INFO  com.polarion.platform.startup  - Context recognition (Phase: 2/9)
2017-06-22 18:28:29,037 [main | u:p] INFO  com.polarion.platform.startup  - Context recognition ... took  [ TIME 0.2 s. ]
2017-06-22 18:28:29,037 [main | u:p] INFO  com.polarion.platform.startup  - ------------------------------
2017-06-22 18:28:29,037 [main | u:p] INFO  com.polarion.platform.startup  - Context initialization (Phase: 3/9)
2017-06-22 18:28:29,041 [LowLevelDataService-contextInitializer-3 | u:p | context: MyPolarion] INFO  com.polarion.platform.startup  -  -- Initializing context: MyPolarion (1/8)
2017-06-22 18:28:29,041 [LowLevelDataService-contextInitializer-4 | u:p | context: --Demo Projects] INFO  com.polarion.platform.startup  -  -- Initializing context: --Demo Projects (5/8)
2017-06-22 18:28:29,041 [LowLevelDataService-contextInitializer-2 | u:p | cluster: default] INFO  com.polarion.platform.startup  -  -- Initializing cluster: default (4/8)
2017-06-22 18:28:29,041 [LowLevelDataService-contextInitializer-1 | u:p | context: [GLOBAL]] INFO  com.polarion.platform.startup  -  -- Initializing context: [GLOBAL] (2/8)
2017-06-22 18:28:29,041 [LowLevelDataService-contextInitializer-5 | u:p | context: library] INFO  com.polarion.platform.startup  -  -- Initializing context: library (3/8)
2017-06-22 18:28:29,046 [LowLevelDataService-contextInitializer-1 | u:p | context: CAPA] INFO  com.polarion.platform.startup  -  -- Initializing context: CAPA (6/8)
2017-06-22 18:28:29,130 [LowLevelDataService-contextInitializer-2 | u:p | context: elibrary] INFO  com.polarion.platform.startup  -  -- Initializing context: elibrary (7/8)
2017-06-22 18:28:29,229 [LowLevelDataService-contextInitializer-1 | u:p | context: drivepilot] INFO  com.polarion.platform.startup  -  -- Initializing context: drivepilot (8/8)
2017-06-22 18:28:30,272 [main | u:p] INFO  com.polarion.platform.startup  - Context initialization ... took  [ TIME 1.24 s. ]
2017-06-22 18:28:30,281 [main | u:p] INFO  com.polarion.platform.startup  - ------------------------------
2017-06-22 18:28:30,281 [main | u:p] INFO  com.polarion.platform.startup  - Revisions processing (Phase: 4/9)
2017-06-22 18:28:30,572 [main | u:p] INFO  com.polarion.platform.startup  -  -- Processing new revisions from repository default in context ContextId[context [global]]
2017-06-22 18:28:30,582 [main | u:p] INFO  com.polarion.platform.startup  - Revisions processing ... took  [ TIME 0.31 s. ]
2017-06-22 18:28:30,635 [main | u:p] INFO  com.polarion.platform.startup  - ------------------------------
2017-06-22 18:28:30,635 [main | u:p] INFO  com.polarion.platform.startup  - Build artifacts recognition (Phase: 5/9)
2017-06-22 18:28:30,645 [main | u:p] INFO  com.polarion.platform.startup  -  -- Processing build artifacts from context: [GLOBAL] (1/8)
2017-06-22 18:28:30,793 [main | u:p] INFO  com.polarion.platform.startup  -  -- Processing build artifacts from cluster: default (2/8)
2017-06-22 18:28:30,871 [main | u:p] INFO  com.polarion.platform.startup  -  -- Processing build artifacts from context: MyPolarion (3/8)
2017-06-22 18:28:30,944 [main | u:p] INFO  com.polarion.platform.startup  -  -- Processing build artifacts from context: --Demo Projects (4/8)
2017-06-22 18:28:31,006 [main | u:p] INFO  com.polarion.platform.startup  -  -- Processing build artifacts from context: library (5/8)
2017-06-22 18:28:31,081 [main | u:p] INFO  com.polarion.platform.startup  -  -- Processing build artifacts from context: CAPA (6/8)
2017-06-22 18:28:31,241 [main | u:p] INFO  com.polarion.platform.startup  -  -- Processing build artifacts from context: elibrary (7/8)
2017-06-22 18:28:31,396 [main | u:p] INFO  com.polarion.platform.startup  -  -- Processing build artifacts from context: drivepilot (8/8)
2017-06-22 18:28:31,396 [main | u:p] INFO  com.polarion.platform.startup  - Build artifacts recognition ... took  [ TIME 0.81 s. ]
2017-06-22 18:28:31,397 [main | u:p] INFO  com.polarion.platform.startup  - ------------------------------
2017-06-22 18:28:31,397 [main | u:p] INFO  com.polarion.platform.startup  - BIR inspection (Phase: 6/9)
2017-06-22 18:28:31,441 [main | u:p] INFO  com.polarion.platform.startup  - BIR inspection ... took  [ TIME 0.04 s. ]
2017-06-22 18:28:31,442 [main | u:p] INFO  com.polarion.platform.startup  - ------------------------------
2017-06-22 18:28:31,442 [main | u:p] INFO  com.polarion.platform.startup  - Data indexing (Phase: 7/9)
2017-06-22 18:28:31,661 [main | u:p] INFO  com.polarion.platform.startup  -  -- Refreshing 1 objects in index: Revision
2017-06-22 18:28:31,666 [main | u:p] INFO  com.polarion.platform.startup  -  -- -- 1 from 1 objects were refreshed (100%)
2017-06-22 18:28:31,930 [main | u:p] INFO  com.polarion.platform.startup  - Data indexing ... took  [ TIME 0.49 s. ]
2017-06-22 18:28:31,931 [main | u:p] INFO  com.polarion.platform.startup  - ------------------------------
2017-06-22 18:28:31,931 [main | u:p] INFO  com.polarion.platform.startup  - Fields recalculation (Phase: 8/9)
2017-06-22 18:28:31,948 [main | u:p] INFO  com.polarion.platform.startup  - Fields recalculation ... took  [ TIME 0.02 s. ]
2017-06-22 18:28:31,948 [main | u:p] INFO  com.polarion.platform.startup  - ------------------------------
2017-06-22 18:28:31,948 [main | u:p] INFO  com.polarion.platform.startup  - Polarion startup (Phase: 9/9)
2017-06-22 18:29:07,214 [main] INFO  com.polarion.platform.startup  - Polarion startup ... took  [ TIME 35.26 s. ]
2017-06-22 18:29:07,215 [main] INFO  com.polarion.platform.startup  - ****************************************************************
2017-06-22 18:29:07,215 [main] INFO  com.polarion.platform.startup  -                  Polarion started:  [ TIME 43.4 s. ]
2017-06-22 18:29:07,215 [main] INFO  com.polarion.platform.startup  - ****************************************************************
