2017-06-22 18:35:45,392 [main | u:p] INFO  TXLOGGER  - Summary for 'Platform startup': transactions: 0, DB: 0.0391 s [50% query (13x), 49% update (126x)] (206x), svn: 0.0244 s [83% checkPath (1x)] (3x)
2017-06-22 18:35:45,600 [main | u:p] INFO  TXLOGGER  - Summary for 'Context recognition': transactions: 0, svn: 0.0798 s [42% info (3x), 32% getDir2 content (2x), 25% getFile content (1x)] (6x)
2017-06-22 18:35:46,831 [LowLevelDataService-contextInitializer-5 | u:p] INFO  TXLOGGER  - Summary: Total: 1.23 s, transactions: 0, svn: 0.0798 s [98% log2 (5x)] (6x)
2017-06-22 18:35:46,831 [LowLevelDataService-contextInitializer-4 | u:p] INFO  TXLOGGER  - Summary: Total: 1.23 s, transactions: 0, svn: 0.175 s [98% log2 (10x)] (12x)
2017-06-22 18:35:46,831 [LowLevelDataService-contextInitializer-1 | u:p] INFO  TXLOGGER  - Summary: Total: 1.23 s, transactions: 0, svn: 0.196 s [46% log2 (5x), 23% log (1x), 17% info (4x)] (15x)
2017-06-22 18:35:46,831 [LowLevelDataService-contextInitializer-2 | u:p] INFO  TXLOGGER  - Summary: Total: 1.23 s, transactions: 0, svn: 0.149 s [98% log2 (6x)] (8x)
2017-06-22 18:35:46,831 [LowLevelDataService-contextInitializer-3 | u:p] INFO  TXLOGGER  - Summary: Total: 1.23 s, transactions: 0, ObjectMaps: 0.255 s [100% getAllPrimaryObjects (1x)] (7x)
2017-06-22 18:35:46,832 [main | u:p] INFO  TXLOGGER  - Summary for 'Context initialization': transactions: 0, svn: 0.643 s [82% log2 (31x)] (47x), ObjectMaps: 0.4 s [99% getAllPrimaryObjects (7x)] (55x)
2017-06-22 18:35:47,147 [main | u:p] INFO  TXLOGGER  - Summary for 'Revisions processing': transactions: 14, RepositoryConfigService: 0.212 s [100% getReadConfiguration (42x)] (42x), svn: 0.117 s [91% info (15x)] (32x)
2017-06-22 18:35:47,897 [main | u:p] INFO  TXLOGGER  - Summary for 'Build artifacts recognition': transactions: 40, svn: 0.599 s [87% info (78x)] (131x), RepositoryConfigService: 0.488 s [100% getReadConfiguration (48x)] (48x)
2017-06-22 18:35:48,435 [main | u:p] INFO  TXLOGGER  - Summary for 'Data indexing': transactions: 0, Lucene: 0.223 s [100% refresh (1x)] (1x), SubterraURITable: 0.0139 s [100% addIfNotExistsDB (1x)] (1x), derivedLinkedRevisionsContributor: 0.0113 s [100% objectsToInv (1x)] (1x)
2017-06-22 18:36:23,508 [main] INFO  TXLOGGER  - Summary for 'Polarion startup': transactions: 1, svn: 0.341 s [78% info (47x), 11% getDir2 content (5x)] (66x), RepositoryConfigService: 0.0372 s [100% getReadConfiguration (2x)] (2x)
2017-06-22 18:36:23,617 [Persistence Events Processing Thread | u:p] INFO  TXLOGGER  - Summary: Total: 0.105 s, transactions: 6, persistence listener: 0.104 s [92% notificationsCreatingListener (1x)] (7x)
2017-06-22 18:36:23,695 [Worker-0 | u:p | job: polarion.jobs.attachment.indexer] INFO  TXLOGGER  - Summary after AttachmentIndexer: transactions: 6, persistence listener: 0.104 s [92% notificationsCreatingListener (1x)] (7x), Lucene: 0.0814 s [100% add (2x)] (2x), resolve: 0.0432 s [93% User (2x)] (5x), ObjectMaps: 0.0119 s [100% getPrimaryObjectLocation (2x)] (2x)
2017-06-22 18:36:24,270 [PreLoadDataService | u:p] INFO  TXLOGGER  - Tx 5733fa4aa7838_0_5733fa4aa7838_0_: finished. Total: 0.751 s, svn: 0.467 s [67% getDir2 content (25x), 32% getFile content (15x)] (43x), resolve: 0.304 s [54% TimePoint (5x), 46% Category (8x)] (13x), ObjectMaps: 0.051 s [50% getPrimaryObjectLocation (13x), 31% getPrimaryObjectProperty (13x)] (55x)
2017-06-22 18:36:24,800 [PreLoadDataService | u:p] INFO  TXLOGGER  - Tx 5733fa4b92440_0_5733fa4b92440_0_: finished. Total: 0.342 s, svn: 0.237 s [65% getFile content (14x), 35% info (10x)] (25x), RepositoryConfigService: 0.157 s [82% getReadConfiguration (72x)] (74x), resolve: 0.155 s [100% User (8x)] (8x), ObjectMaps: 0.0227 s [44% getPrimaryObjectLocation (8x), 29% getPrimaryObjectProperty (8x), 27% getLastPromoted (8x)] (33x)
2017-06-22 18:36:24,939 [PreLoadDataService | u:p] INFO  TXLOGGER  - Tx 5733fa4be8041_0_5733fa4be8041_0_: finished. Total: 0.138 s, RepositoryConfigService: 0.115 s [99% getReadConfiguration (55x)] (78x), svn: 0.0973 s [100% getFile content (13x)] (14x)
2017-06-22 18:36:25,218 [DBHistoryCreator-1 | u:p] INFO  TXLOGGER  - Summary: Total: 1.48 s, transactions: 0
2017-06-22 18:36:25,218 [Worker-1 | u:p | job: polarion.jobs.db.history] INFO  TXLOGGER  - Summary after DBHistoryCreator: transactions: 0, Lucene: 0.0271 s [100% add (1x)] (1x), svn: 0.00163 s [100% getLatestRevision (1x)] (1x)
2017-06-22 18:36:25,219 [Worker-1 | u:p] INFO  TXLOGGER  - Summary for 'job: polarion.jobs.db.history': Total: 1.53 s, transactions: 0, SubterraURITable: 1.22 s [100% getDB (4080x)] (4080x), DB: 1.15 s [51% query (4106x), 29% update (4081x), 20% commit (4081x)] (20515x)
2017-06-22 18:36:25,791 [PreLoadDataService | u:p] INFO  TXLOGGER  - Tx 5733fa4c0ac42_0_5733fa4c0ac42_0_: finished. Total: 0.852 s, svn: 0.747 s [72% getFile content (47x), 28% getDir2 content (17x)] (65x), RepositoryConfigService: 0.623 s [100% getReadConfiguration (164x)] (180x)
2017-06-22 18:36:26,160 [PreLoadDataService | u:p] INFO  TXLOGGER  - Tx 5733fa4cdfc43_0_5733fa4cdfc43_0_: finished. Total: 0.369 s, RepositoryConfigService: 0.313 s [99% getReadConfiguration (295x)] (370x), svn: 0.309 s [85% getFile content (35x)] (42x)
2017-06-22 18:36:26,501 [PreLoadDataService | u:p] INFO  TXLOGGER  - Tx 5733fa4d3c044_0_5733fa4d3c044_0_: finished. Total: 0.341 s, svn: 0.307 s [54% getFile content (21x), 46% getDir2 content (17x)] (39x), RepositoryConfigService: 0.196 s [100% getReadConfiguration (88x)] (110x)
2017-06-22 18:36:26,633 [PreLoadDataService | u:p] INFO  TXLOGGER  - Tx 5733fa4d91445_0_5733fa4d91445_0_: finished. Total: 0.132 s, svn: 0.122 s [58% getDir2 content (11x), 42% getFile content (8x)] (20x), RepositoryConfigService: 0.0579 s [99% getReadConfiguration (38x)] (54x)
2017-06-22 18:36:26,947 [PreLoadDataService | u:p] INFO  TXLOGGER  - Tx 5733fa4db2446_0_5733fa4db2446_0_: finished. Total: 0.313 s, svn: 0.279 s [61% getFile content (24x), 39% getDir2 content (12x)] (37x), RepositoryConfigService: 0.2 s [100% getReadConfiguration (87x)] (109x)
2017-06-22 18:36:26,947 [PreLoadDataService] INFO  TXLOGGER  - Summary for 'PreloadDataService': Total: 3.43 s, transactions: 9, svn: 2.65 s [61% getFile content (182x), 34% getDir2 content (90x)] (301x), RepositoryConfigService: 1.7 s [98% getReadConfiguration (801x)] (981x), resolve: 0.58 s [28% TimePoint (5x), 27% User (8x), 24% Category (8x), 21% Project (5x)] (26x)
2017-06-22 18:36:26,948 [PreLoadDataService] INFO  TXLOGGER  - Summary after preload: transactions: 9, svn: 2.65 s [61% getFile content (182x), 34% getDir2 content (90x)] (301x), RepositoryConfigService: 1.7 s [98% getReadConfiguration (801x)] (981x), SubterraURITable: 1.22 s [100% getDB (4080x)] (4080x), DB: 1.15 s [51% query (4106x), 29% update (4081x), 20% commit (4081x)] (20515x), resolve: 0.581 s [28% TimePoint (5x), 27% User (9x), 24% Category (8x), 21% Project (5x)] (27x)
