2017-06-22 13:37:12,397 [main | u:p] INFO  com.polarion.platform.jobs.internal.service.scheduler.JobSchedulerService  - Updating local scheduler state: start
2017-06-22 13:37:12,425 [main | u:p | u:p] INFO  com.polarion.platform.jobs.internal.service.scheduler.JobSchedulerService  - 16 scheduled job(s) configured
2017-06-22 13:37:49,257 [Thread-34] INFO  com.polarion.platform.jobs.info  - Job "Attachment Indexer" has id ced7d0f7-927abeae-24563809-c2d08621
2017-06-22 13:37:49,261 [Thread-34] INFO  com.polarion.platform.jobs.info  - State of job "Attachment Indexer" changed to UNSCHEDULED
2017-06-22 13:37:49,267 [Thread-34] INFO  com.polarion.platform.jobs.info  - Working directory of root job "Attachment Indexer" is C:\Polarion\data\workspace\polarion-data\jobs\20170622-1337
2017-06-22 13:37:49,271 [Thread-34] INFO  com.polarion.platform.jobs.info  - Job "Attachment Indexer" runs as user "polarion"
2017-06-22 13:37:49,275 [Thread-34 | u:p] INFO  com.polarion.platform.jobs.info  - State of job "Attachment Indexer" changed to ACTIVATING
2017-06-22 13:37:49,281 [Thread-34 | u:p] INFO  com.polarion.platform.jobs.info  - State of job "Attachment Indexer" changed to WAITING
2017-06-22 13:37:49,294 [Worker-0 | u:p] INFO  com.polarion.platform.jobs.info  - State of job "Attachment Indexer" changed to RUNNING
2017-06-22 13:37:49,296 [Thread-34] INFO  com.polarion.platform.jobs.info  - Job "DB History Creator" has id ced7d127-927abeae-24563809-ea146c1e
2017-06-22 13:37:49,299 [Thread-34] INFO  com.polarion.platform.jobs.info  - State of job "DB History Creator" changed to UNSCHEDULED
2017-06-22 13:37:49,306 [Thread-34] INFO  com.polarion.platform.jobs.info  - Working directory of root job "DB History Creator" is C:\Polarion\data\workspace\polarion-data\jobs\20170622-1337_0
2017-06-22 13:37:49,310 [Thread-34] INFO  com.polarion.platform.jobs.info  - Job "DB History Creator" runs as user "polarion"
2017-06-22 13:37:49,313 [Thread-34 | u:p] INFO  com.polarion.platform.jobs.info  - State of job "DB History Creator" changed to ACTIVATING
2017-06-22 13:37:49,318 [Thread-34 | u:p] INFO  com.polarion.platform.jobs.info  - State of job "DB History Creator" changed to WAITING
2017-06-22 13:37:49,327 [Worker-1 | u:p] INFO  com.polarion.platform.jobs.info  - State of job "DB History Creator" changed to RUNNING
2017-06-22 13:37:49,450 [Worker-0 | u:p] INFO  com.polarion.platform.jobs.info  - State of job "Attachment Indexer" changed to FINISHED
2017-06-22 13:37:49,454 [Worker-0 | u:p] INFO  com.polarion.platform.jobs.info  - Status of job "Attachment Indexer" is OK
2017-06-22 13:37:50,910 [Worker-1 | u:p] INFO  com.polarion.platform.jobs.info  - State of job "DB History Creator" changed to FINISHED
2017-06-22 13:37:50,913 [Worker-1 | u:p] INFO  com.polarion.platform.jobs.info  - Status of job "DB History Creator" is OK
