2017-06-23 10:02:24,020 [main | u:p] INFO  TXLOGGER  - Summary for 'Platform startup': transactions: 0, DB: 0.0441 s [51% update (126x), 48% query (13x)] (206x), svn: 0.0259 s [85% checkPath (1x)] (3x)
2017-06-23 10:02:24,208 [main | u:p] INFO  TXLOGGER  - Summary for 'Context recognition': transactions: 0, svn: 0.0728 s [37% info (3x), 32% getDir2 content (2x), 31% getFile content (1x)] (6x)
2017-06-23 10:02:25,399 [LowLevelDataService-contextInitializer-3 | u:p] INFO  TXLOGGER  - Summary: Total: 1.19 s, transactions: 0, ObjectMaps: 0.245 s [100% getAllPrimaryObjects (1x)] (7x)
2017-06-23 10:02:25,399 [LowLevelDataService-contextInitializer-5 | u:p] INFO  TXLOGGER  - Summary: Total: 1.19 s, transactions: 0, svn: 0.157 s [34% log (1x), 32% log2 (5x), 20% info (4x)] (15x)
2017-06-23 10:02:25,399 [LowLevelDataService-contextInitializer-4 | u:p] INFO  TXLOGGER  - Summary: Total: 1.19 s, transactions: 0, svn: 0.101 s [98% log2 (5x)] (6x)
2017-06-23 10:02:25,399 [LowLevelDataService-contextInitializer-2 | u:p] INFO  TXLOGGER  - Summary: Total: 1.19 s, transactions: 0, svn: 0.0989 s [97% log2 (6x)] (8x)
2017-06-23 10:02:25,399 [LowLevelDataService-contextInitializer-1 | u:p] INFO  TXLOGGER  - Summary: Total: 1.19 s, transactions: 0, svn: 0.0842 s [96% log2 (10x)] (12x)
2017-06-23 10:02:25,400 [main | u:p] INFO  TXLOGGER  - Summary for 'Context initialization': transactions: 0, svn: 0.463 s [75% log2 (31x), 12% log (1x)] (47x), ObjectMaps: 0.378 s [99% getAllPrimaryObjects (7x)] (55x)
2017-06-23 10:02:25,700 [main | u:p] INFO  TXLOGGER  - Summary for 'Revisions processing': transactions: 14, RepositoryConfigService: 0.184 s [100% getReadConfiguration (42x)] (42x), svn: 0.0981 s [90% info (15x)] (32x)
2017-06-23 10:02:26,289 [main | u:p] INFO  TXLOGGER  - Summary for 'Build artifacts recognition': transactions: 40, svn: 0.431 s [85% info (78x)] (131x), RepositoryConfigService: 0.37 s [100% getReadConfiguration (80x)] (80x)
2017-06-23 10:02:26,918 [main | u:p] INFO  TXLOGGER  - Summary for 'Data indexing': transactions: 0, Lucene: 0.252 s [100% refresh (2x)] (2x), DB: 0.0345 s [68% update (38x), 14% execute (12x)] (103x), SubterraURITable: 0.0223 s [100% addIfNotExistsDB (17x)] (17x)
2017-06-23 10:03:01,435 [main] INFO  TXLOGGER  - Summary for 'Polarion startup': transactions: 1, svn: 0.246 s [79% info (47x), 10% getDir2 content (5x)] (66x), RepositoryConfigService: 0.0222 s [100% getReadConfiguration (2x)] (2x)
2017-06-23 10:03:01,618 [Worker-0 | u:p | job: polarion.jobs.attachment.indexer] INFO  TXLOGGER  - Summary after AttachmentIndexer: transactions: 48, persistence listener: 0.101 s [90% notificationsCreatingListener (8x)] (56x), Lucene: 0.0768 s [100% add (2x)] (2x), resolve: 0.0408 s [93% User (2x)] (5x), ObjectMaps: 0.0122 s [100% getPrimaryObjectLocation (2x)] (2x)
2017-06-23 10:03:02,082 [PreLoadDataService | u:p] INFO  TXLOGGER  - Tx 5734ce6181038_0_5734ce6181038_0_: finished. Total: 0.636 s, svn: 0.364 s [62% getDir2 content (25x), 38% getFile content (15x)] (43x), resolve: 0.293 s [60% TimePoint (5x), 40% Category (8x)] (13x), ObjectMaps: 0.0453 s [49% getPrimaryObjectLocation (13x), 30% getPrimaryObjectProperty (13x), 21% getLastPromoted (13x)] (55x)
2017-06-23 10:03:02,458 [PreLoadDataService | u:p] INFO  TXLOGGER  - Tx 5734ce624386a_0_5734ce624386a_0_: finished. Total: 0.234 s, svn: 0.145 s [63% getFile content (14x), 37% info (10x)] (25x), RepositoryConfigService: 0.106 s [76% getReadConfiguration (72x), 24% getReadUserConfiguration (2x)] (74x), resolve: 0.097 s [100% User (8x)] (8x), ObjectMaps: 0.0221 s [44% getPrimaryObjectLocation (8x), 29% getPrimaryObjectProperty (8x), 27% getLastPromoted (8x)] (33x)
2017-06-23 10:03:02,580 [PreLoadDataService | u:p] INFO  TXLOGGER  - Tx 5734ce627e86b_0_5734ce627e86b_0_: finished. Total: 0.122 s, RepositoryConfigService: 0.0966 s [98% getReadConfiguration (55x)] (78x), svn: 0.0765 s [100% getFile content (13x)] (14x)
2017-06-23 10:03:03,082 [DBHistoryCreator-2 | u:p] INFO  TXLOGGER  - Summary: Total: 1.43 s, transactions: 0
2017-06-23 10:03:03,082 [DBHistoryCreator-1 | u:p] INFO  TXLOGGER  - Summary: Total: 1.43 s, transactions: 0
2017-06-23 10:03:03,082 [Worker-1 | u:p | job: polarion.jobs.db.history] INFO  TXLOGGER  - Summary after DBHistoryCreator: transactions: 0, Lucene: 0.0255 s [100% add (1x)] (1x), DB: 0.00149 s [74% update (2x), 26% commit (2x)] (4x)
2017-06-23 10:03:03,083 [Worker-1 | u:p] INFO  TXLOGGER  - Summary for 'job: polarion.jobs.db.history': Total: 1.47 s, transactions: 0, SubterraURITable: 1.14 s [100% getDB (4077x)] (4077x), DB: 1.1 s [50% query (4103x), 31% update (4078x)] (20510x)
2017-06-23 10:03:03,325 [PreLoadDataService | u:p] INFO  TXLOGGER  - Tx 5734ce629d06c_0_5734ce629d06c_0_: finished. Total: 0.744 s, svn: 0.668 s [67% getFile content (47x), 33% getDir2 content (17x)] (65x), RepositoryConfigService: 0.506 s [100% getReadConfiguration (164x)] (180x)
2017-06-23 10:03:03,586 [PreLoadDataService | u:p] INFO  TXLOGGER  - Tx 5734ce635746d_0_5734ce635746d_0_: finished. Total: 0.261 s, RepositoryConfigService: 0.216 s [99% getReadConfiguration (295x)] (370x), svn: 0.214 s [84% getFile content (35x)] (42x)
2017-06-23 10:03:03,862 [PreLoadDataService | u:p] INFO  TXLOGGER  - Tx 5734ce639886e_0_5734ce639886e_0_: finished. Total: 0.276 s, svn: 0.256 s [52% getDir2 content (17x), 48% getFile content (21x)] (39x), RepositoryConfigService: 0.137 s [99% getReadConfiguration (88x)] (110x)
2017-06-23 10:03:04,197 [PreLoadDataService | u:p] INFO  TXLOGGER  - Tx 5734ce63f5070_0_5734ce63f5070_0_: finished. Total: 0.241 s, svn: 0.209 s [59% getFile content (24x), 41% getDir2 content (12x)] (37x), RepositoryConfigService: 0.151 s [99% getReadConfiguration (87x)] (109x)
2017-06-23 10:03:04,197 [PreLoadDataService] INFO  TXLOGGER  - Summary for 'PreloadDataService': Total: 2.76 s, transactions: 9, svn: 2.07 s [60% getFile content (182x), 37% getDir2 content (90x)] (301x), RepositoryConfigService: 1.28 s [97% getReadConfiguration (801x)] (981x), resolve: 0.475 s [37% TimePoint (5x), 25% Category (8x), 20% User (8x)] (26x)
2017-06-23 10:03:04,198 [PreLoadDataService] INFO  TXLOGGER  - Summary after preload: transactions: 9, svn: 2.07 s [60% getFile content (182x), 37% getDir2 content (90x)] (301x), RepositoryConfigService: 1.28 s [97% getReadConfiguration (801x)] (981x), SubterraURITable: 1.14 s [100% getDB (4077x)] (4077x), DB: 1.1 s [50% query (4103x), 31% update (4078x)] (20510x), resolve: 0.475 s [37% TimePoint (5x), 25% Category (8x), 20% User (9x)] (27x)
2017-06-23 10:03:53,720 [ajp-nio-8889-exec-3 | u:admin] INFO  TXLOGGER  - Summary for 'PortalDataService.requestPortalSite': Total: 0.279 s, transactions: 10, RepositoryConfigService: 0.0664 s [83% getReadConfiguration (18x)] (28x), svn: 0.0548 s [51% info (5x), 32% getFile content (4x)] (21x)
2017-06-23 10:04:03,141 [ajp-nio-8889-exec-3 | u:admin] INFO  TXLOGGER  - Summary for 'WorkflowDataService.loadWorkflowDataByContext': Total: 0.118 s, transactions: 1
