2017-06-22 13:40:47,608 [main | u:p] INFO  TXLOGGER  - Summary for 'Platform startup': transactions: 0, DB: 0.0401 s [49% update (126x), 49% query (13x)] (206x), svn: 0.023 s [85% checkPath (1x)] (3x)
2017-06-22 13:40:47,816 [main | u:p] INFO  TXLOGGER  - Summary for 'Context recognition': transactions: 0, svn: 0.0916 s [42% info (3x), 29% getDir2 content (2x), 29% getFile content (1x)] (6x)
2017-06-22 13:40:49,082 [LowLevelDataService-contextInitializer-5 | u:p] INFO  TXLOGGER  - Summary: Total: 1.26 s, transactions: 0
2017-06-22 13:40:49,083 [LowLevelDataService-contextInitializer-1 | u:p] INFO  TXLOGGER  - Summary: Total: 1.26 s, transactions: 0, svn: 0.0636 s [97% log2 (5x)] (6x)
2017-06-22 13:40:49,083 [LowLevelDataService-contextInitializer-3 | u:p] INFO  TXLOGGER  - Summary: Total: 1.26 s, transactions: 0, ObjectMaps: 0.272 s [100% getAllPrimaryObjects (1x)] (7x), svn: 0.132 s [34% log (1x), 24% info (4x), 24% log2 (5x)] (15x)
2017-06-22 13:40:49,083 [LowLevelDataService-contextInitializer-2 | u:p] INFO  TXLOGGER  - Summary: Total: 1.26 s, transactions: 0, svn: 0.119 s [97% log2 (6x)] (8x)
2017-06-22 13:40:49,083 [LowLevelDataService-contextInitializer-4 | u:p] INFO  TXLOGGER  - Summary: Total: 1.26 s, transactions: 0, svn: 0.112 s [97% log2 (10x)] (12x)
2017-06-22 13:40:49,083 [main | u:p] INFO  TXLOGGER  - Summary for 'Context initialization': transactions: 0, svn: 0.489 s [78% log2 (31x), 9% log (1x)] (47x), ObjectMaps: 0.411 s [99% getAllPrimaryObjects (7x)] (55x)
2017-06-22 13:40:49,383 [main | u:p] INFO  TXLOGGER  - Summary for 'Revisions processing': transactions: 14, RepositoryConfigService: 0.192 s [100% getReadConfiguration (42x)] (42x), svn: 0.101 s [91% info (15x)] (32x)
2017-06-22 13:40:50,150 [main | u:p] INFO  TXLOGGER  - Summary for 'Build artifacts recognition': transactions: 40, svn: 0.585 s [88% info (78x)] (131x), RepositoryConfigService: 0.485 s [100% getReadConfiguration (80x)] (80x)
2017-06-22 13:40:50,868 [main | u:p] INFO  TXLOGGER  - Summary for 'Data indexing': transactions: 0, Lucene: 0.324 s [100% refresh (2x)] (2x), SubterraURITable: 0.0288 s [100% addIfNotExistsDB (17x)] (17x), DB: 0.0287 s [50% update (38x), 22% query (17x), 21% execute (12x)] (103x)
2017-06-22 13:41:27,114 [main] INFO  TXLOGGER  - Summary for 'Polarion startup': transactions: 1, svn: 0.31 s [75% info (47x), 12% getLatestRevision (13x)] (67x), RepositoryConfigService: 0.0299 s [100% getReadConfiguration (2x)] (2x)
2017-06-22 13:41:27,220 [Persistence Events Processing Thread | u:p] INFO  TXLOGGER  - Summary: Total: 0.101 s, transactions: 6, persistence listener: 0.101 s [93% notificationsCreatingListener (1x)] (7x)
2017-06-22 13:41:27,294 [Worker-0 | u:p | job: polarion.jobs.attachment.indexer] INFO  TXLOGGER  - Summary after AttachmentIndexer: transactions: 48, persistence listener: 0.104 s [90% notificationsCreatingListener (8x)] (56x), Lucene: 0.0711 s [100% add (2x)] (2x), resolve: 0.0372 s [93% User (2x)] (5x), ObjectMaps: 0.0126 s [100% getPrimaryObjectLocation (2x)] (2x)
2017-06-22 13:41:27,942 [PreLoadDataService | u:p] INFO  TXLOGGER  - Tx 5733b6c904c38_0_5733b6c904c38_0_: finished. Total: 0.818 s, svn: 0.436 s [69% getDir2 content (25x), 30% getFile content (15x)] (43x), resolve: 0.386 s [51% TimePoint (5x), 49% Category (8x)] (13x), ObjectMaps: 0.0502 s [48% getPrimaryObjectLocation (13x), 31% getPrimaryObjectProperty (13x), 21% getLastPromoted (13x)] (55x)
2017-06-22 13:41:28,482 [PreLoadDataService | u:p] INFO  TXLOGGER  - Tx 5733b6ca0646a_0_5733b6ca0646a_0_: finished. Total: 0.328 s, svn: 0.195 s [61% getFile content (14x), 39% info (10x)] (25x), resolve: 0.159 s [100% User (8x)] (8x), RepositoryConfigService: 0.141 s [84% getReadConfiguration (72x)] (74x), ObjectMaps: 0.0233 s [46% getPrimaryObjectLocation (8x), 28% getPrimaryObjectProperty (8x), 26% getLastPromoted (8x)] (33x)
2017-06-22 13:41:28,661 [PreLoadDataService | u:p] INFO  TXLOGGER  - Tx 5733b6ca5886b_0_5733b6ca5886b_0_: finished. Total: 0.179 s, RepositoryConfigService: 0.123 s [99% getReadConfiguration (55x)] (78x), svn: 0.104 s [100% getFile content (13x)] (14x)
2017-06-22 13:41:28,759 [DBHistoryCreator-2 | u:p] INFO  TXLOGGER  - Summary: Total: 1.43 s, transactions: 0
2017-06-22 13:41:28,759 [DBHistoryCreator-1 | u:p] INFO  TXLOGGER  - Summary: Total: 1.43 s, transactions: 0
2017-06-22 13:41:28,759 [Worker-1 | u:p | job: polarion.jobs.db.history] INFO  TXLOGGER  - Summary after DBHistoryCreator: transactions: 0, Lucene: 0.0231 s [100% add (1x)] (1x), DB: 0.00139 s [71% update (2x), 29% commit (2x)] (4x)
2017-06-22 13:41:28,760 [Worker-1 | u:p] INFO  TXLOGGER  - Summary for 'job: polarion.jobs.db.history': Total: 1.47 s, transactions: 0, SubterraURITable: 1.16 s [100% getDB (4033x)] (4033x), DB: 1.11 s [50% query (4059x), 32% update (4034x)] (20255x)
2017-06-22 13:41:29,258 [PreLoadDataService | u:p] INFO  TXLOGGER  - Tx 5733b6ca8546c_0_5733b6ca8546c_0_: finished. Total: 0.597 s, svn: 0.526 s [69% getFile content (47x), 31% getDir2 content (17x)] (65x), RepositoryConfigService: 0.418 s [100% getReadConfiguration (164x)] (180x)
2017-06-22 13:41:29,609 [PreLoadDataService | u:p] INFO  TXLOGGER  - Tx 5733b6cb1a86d_0_5733b6cb1a86d_0_: finished. Total: 0.35 s, RepositoryConfigService: 0.295 s [99% getReadConfiguration (295x)] (370x), svn: 0.293 s [85% getFile content (35x)] (42x)
2017-06-22 13:41:29,891 [PreLoadDataService | u:p] INFO  TXLOGGER  - Tx 5733b6cb7246e_0_5733b6cb7246e_0_: finished. Total: 0.282 s, svn: 0.262 s [52% getFile content (21x), 48% getDir2 content (17x)] (39x), RepositoryConfigService: 0.153 s [99% getReadConfiguration (88x)] (110x)
2017-06-22 13:41:30,035 [PreLoadDataService | u:p] INFO  TXLOGGER  - Tx 5733b6cbb8c6f_0_5733b6cbb8c6f_0_: finished. Total: 0.144 s, svn: 0.122 s [54% getDir2 content (11x), 46% getFile content (8x)] (20x), RepositoryConfigService: 0.0757 s [99% getReadConfiguration (38x)] (54x)
2017-06-22 13:41:30,311 [PreLoadDataService | u:p] INFO  TXLOGGER  - Tx 5733b6cbdcc70_0_5733b6cbdcc70_0_: finished. Total: 0.275 s, svn: 0.257 s [59% getFile content (24x), 41% getDir2 content (12x)] (37x), RepositoryConfigService: 0.165 s [99% getReadConfiguration (87x)] (109x)
2017-06-22 13:41:30,311 [PreLoadDataService] INFO  TXLOGGER  - Summary for 'PreloadDataService': Total: 3.19 s, transactions: 9, svn: 2.27 s [59% getFile content (182x), 36% getDir2 content (90x)] (301x), RepositoryConfigService: 1.41 s [98% getReadConfiguration (801x)] (981x), resolve: 0.691 s [28% TimePoint (5x), 28% Category (8x), 23% User (8x), 21% Project (5x)] (26x)
2017-06-22 13:41:30,311 [PreLoadDataService] INFO  TXLOGGER  - Summary after preload: transactions: 9, svn: 2.27 s [59% getFile content (182x), 36% getDir2 content (90x)] (302x), RepositoryConfigService: 1.41 s [98% getReadConfiguration (801x)] (981x), SubterraURITable: 1.16 s [100% getDB (4033x)] (4033x), DB: 1.11 s [50% query (4059x), 32% update (4034x)] (20255x), resolve: 0.691 s [28% TimePoint (5x), 28% Category (8x), 23% User (9x), 21% Project (5x)] (27x)
2017-06-22 13:41:41,196 [ajp-nio-8889-exec-5 | u:admin] INFO  TXLOGGER  - Tx 5733b6d62b871_0_5733b6d62b871_0_: finished. Total: 0.605 s, RepositoryConfigService: 0.173 s [87% getReadConfiguration (155x)] (180x), svn: 0.135 s [54% getFile content (11x), 30% info (7x)] (23x), resolve: 0.069 s [98% WorkItem (1x)] (23x), Lucene: 0.032 s [100% search (12x)] (12x)
2017-06-22 13:41:41,333 [ajp-nio-8889-exec-5 | u:admin] INFO  TXLOGGER  - Summary for 'WorkItemDataService.loadWorkitem': Total: 0.743 s, transactions: 1, RepositoryConfigService: 0.173 s [87% getReadConfiguration (155x)] (180x), svn: 0.135 s [54% getFile content (11x), 30% info (7x)] (23x), resolve: 0.069 s [98% WorkItem (1x)] (23x)
2017-06-22 13:41:50,059 [ajp-nio-8889-exec-6 | u:admin] INFO  TXLOGGER  - Tx 5733b6de8e072_0_5733b6de8e072_0_: finished. Total: 0.883 s, svn: 0.622 s [93% endActivity (1x)] (9x), Lucene: 0.176 s [83% refresh (1x)] (2x), processed revs: [92, 92 (delay 0s)], write: true
2017-06-22 13:41:50,214 [ajp-nio-8889-exec-6 | u:admin] INFO  TXLOGGER  - Summary for 'WorkItemDataService.saveWorkItem': Total: 1.05 s, transactions: 2, svn: 0.635 s [91% endActivity (1x)] (11x), Lucene: 0.184 s [79% refresh (1x), 17% add (1x)] (3x)
2017-06-22 13:41:50,358 [Persistence Events Processing Thread | u:p] INFO  TXLOGGER  - Tx 5733b6df6ac73_0_5733b6df6ac73_0_: finished. Total: 0.299 s, resolve: 0.173 s [75% WorkItem (8x), 25% User (7x)] (15x), svn: 0.152 s [50% getFile content (6x), 29% getDir2 content (2x), 21% info (2x)] (11x), ObjectMaps: 0.0222 s [39% getPrimaryObjectProperty (5x), 32% getPrimaryObjectLocation (5x), 28% getLastPromoted (5x)] (20x)
2017-06-22 13:41:50,462 [Persistence Events Processing Thread | u:p] INFO  TXLOGGER  - Tx 5733b6dfb5875_0_5733b6dfb5875_0_: finished. Total: 0.104 s, resolve: 0.0499 s [100% WorkItem (3x)] (5x), svn: 0.0442 s [37% getFile content (1x), 31% getDir2 content (1x), 27% info (1x)] (5x), Lucene: 0.0256 s [100% add (1x)] (1x)
2017-06-22 13:41:50,463 [Persistence Events Processing Thread | u:p] INFO  TXLOGGER  - Summary: Total: 0.404 s, transactions: 6, persistence listener: 0.404 s [74% notificationsCreatingListener (1x), 26% WorkItemActivityCreator (1x)] (7x), resolve: 0.223 s [80% WorkItem (11x)] (20x), svn: 0.197 s [47% getFile content (7x), 29% getDir2 content (3x), 23% info (3x)] (16x), ObjectMaps: 0.0269 s [37% getPrimaryObjectLocation (6x), 36% getPrimaryObjectProperty (6x), 27% getLastPromoted (6x)] (24x), Lucene: 0.0256 s [100% add (1x)] (1x)
2017-06-22 13:42:00,252 [ajp-nio-8889-exec-10 | u:admin] INFO  TXLOGGER  - Tx 5733b6e8ac082_0_5733b6e8ac082_0_: finished. Total: 0.716 s, svn: 0.605 s [92% endActivity (1x)] (9x), Lucene: 0.0587 s [51% refresh (1x), 39% add (1x)] (3x), resolve: 0.0438 s [99% WorkItem (2x)] (10x), processed revs: [93, 93 (delay 0s)], write: true
2017-06-22 13:42:00,305 [ajp-nio-8889-exec-10 | u:admin] INFO  TXLOGGER  - Summary for 'WorkItemDataService.saveWorkItem': Total: 0.769 s, transactions: 2, svn: 0.605 s [92% endActivity (1x)] (9x), Lucene: 0.062 s [48% refresh (1x), 36% add (1x)] (4x), resolve: 0.0457 s [96% WorkItem (6x)] (36x)
2017-06-22 13:42:00,460 [Persistence Events Processing Thread | u:p] INFO  TXLOGGER  - Tx 5733b6e95f083_0_5733b6e95f083_0_: finished. Total: 0.208 s, resolve: 0.201 s [77% WorkItem (8x), 23% User (7x)] (15x), svn: 0.137 s [49% getFile content (4x), 27% getDir2 content (2x), 25% info (2x)] (9x), ObjectMaps: 0.0499 s [57% getPrimaryObjectLocation (4x), 29% getLastPromoted (4x)] (16x)
2017-06-22 13:42:00,543 [Persistence Events Processing Thread | u:p] INFO  TXLOGGER  - Summary: Total: 0.292 s, transactions: 6, persistence listener: 0.292 s [71% notificationsCreatingListener (1x), 28% WorkItemActivityCreator (1x)] (7x), resolve: 0.25 s [81% WorkItem (11x)] (20x), svn: 0.18 s [46% getFile content (5x), 27% getDir2 content (3x), 27% info (3x)] (14x), ObjectMaps: 0.0546 s [57% getPrimaryObjectLocation (5x), 28% getLastPromoted (5x)] (20x), Lucene: 0.0275 s [100% add (1x)] (1x)
