2017-06-23 09:57:17,113 [main | u:p] INFO  TXLOGGER  - Summary for 'Platform startup': transactions: 0, DB: 0.073 s [51% query (13x), 48% update (126x)] (206x), svn: 0.0541 s [73% checkPath (1x), 27% getLatestRevision (2x)] (3x)
2017-06-23 09:57:17,602 [main | u:p] INFO  TXLOGGER  - Summary for 'Context recognition': transactions: 0, svn: 0.265 s [63% info (3x), 21% getDir2 content (2x)] (6x)
2017-06-23 09:57:19,481 [LowLevelDataService-contextInitializer-3 | u:p] INFO  TXLOGGER  - Summary: Total: 1.87 s, transactions: 0, ObjectMaps: 0.256 s [100% getAllPrimaryObjects (1x)] (7x)
2017-06-23 09:57:19,482 [LowLevelDataService-contextInitializer-5 | u:p] INFO  TXLOGGER  - Summary: Total: 1.87 s, transactions: 0, svn: 0.266 s [38% log (1x), 27% info (4x), 25% log2 (5x)] (15x)
2017-06-23 09:57:19,481 [LowLevelDataService-contextInitializer-2 | u:p] INFO  TXLOGGER  - Summary: Total: 1.87 s, transactions: 0, svn: 0.156 s [98% log2 (6x)] (8x), ObjectMaps: 0.111 s [100% getAllPrimaryObjects (2x)] (14x)
2017-06-23 09:57:19,481 [LowLevelDataService-contextInitializer-1 | u:p] INFO  TXLOGGER  - Summary: Total: 1.87 s, transactions: 0
2017-06-23 09:57:19,481 [LowLevelDataService-contextInitializer-4 | u:p] INFO  TXLOGGER  - Summary: Total: 1.87 s, transactions: 0, svn: 0.324 s [99% log2 (10x)] (12x)
2017-06-23 09:57:19,483 [main | u:p] INFO  TXLOGGER  - Summary for 'Context initialization': transactions: 0, svn: 0.88 s [75% log2 (31x), 11% log (1x)] (47x), ObjectMaps: 0.468 s [100% getAllPrimaryObjects (7x)] (55x)
2017-06-23 09:57:19,867 [main | u:p] INFO  TXLOGGER  - Summary for 'Revisions processing': transactions: 14, RepositoryConfigService: 0.267 s [100% getReadConfiguration (42x)] (42x), svn: 0.165 s [91% info (15x)] (32x)
2017-06-23 09:57:20,743 [main | u:p] INFO  TXLOGGER  - Summary for 'Build artifacts recognition': transactions: 40, svn: 0.683 s [85% info (78x)] (131x), RepositoryConfigService: 0.58 s [100% getReadConfiguration (48x)] (48x)
2017-06-23 09:57:20,808 [main | u:p] INFO  TXLOGGER  - Summary for 'BIR inspection': transactions: 0, EHCache: 0.000179 s [100% remove (4x)] (4x)
2017-06-23 09:57:21,530 [main | u:p] INFO  TXLOGGER  - Summary for 'Data indexing': transactions: 0, Lucene: 0.314 s [60% remove (1x), 40% refresh (1x)] (2x), DB: 0.0594 s [92% update (28x)] (46x), SubterraURITable: 0.0177 s [100% addIfNotExistsDB (5x)] (5x)
2017-06-23 09:57:57,540 [main] INFO  TXLOGGER  - Summary for 'Polarion startup': transactions: 1, svn: 0.335 s [77% info (47x), 13% getDir2 content (5x)] (66x), RepositoryConfigService: 0.0428 s [100% getReadConfiguration (2x)] (2x)
2017-06-23 09:57:57,650 [Persistence Events Processing Thread | u:p] INFO  TXLOGGER  - Summary: Total: 0.106 s, transactions: 6, persistence listener: 0.106 s [92% notificationsCreatingListener (1x)] (7x)
2017-06-23 09:57:57,747 [Worker-0 | u:p | job: polarion.jobs.attachment.indexer] INFO  TXLOGGER  - Summary after AttachmentIndexer: transactions: 30, persistence listener: 0.114 s [91% notificationsCreatingListener (5x)] (35x), Lucene: 0.107 s [100% add (2x)] (2x), resolve: 0.0455 s [83% User (2x)] (9x), ObjectMaps: 0.0134 s [100% getPrimaryObjectLocation (2x)] (2x)
2017-06-23 09:57:58,278 [PreLoadDataService | u:p] INFO  TXLOGGER  - Tx 5734cd38bb438_0_5734cd38bb438_0_: finished. Total: 0.728 s, svn: 0.459 s [67% getDir2 content (25x), 32% getFile content (15x)] (43x), resolve: 0.294 s [55% TimePoint (5x), 45% Category (8x)] (13x), ObjectMaps: 0.0472 s [49% getPrimaryObjectLocation (13x), 30% getPrimaryObjectProperty (13x), 21% getLastPromoted (13x)] (55x)
2017-06-23 09:57:58,785 [PreLoadDataService | u:p] INFO  TXLOGGER  - Tx 5734cd39a2058_0_5734cd39a2058_0_: finished. Total: 0.312 s, svn: 0.208 s [66% getFile content (14x), 34% info (10x)] (25x), resolve: 0.149 s [100% User (8x)] (8x), RepositoryConfigService: 0.13 s [78% getReadConfiguration (72x), 22% getReadUserConfiguration (2x)] (74x), ObjectMaps: 0.0219 s [41% getPrimaryObjectLocation (8x), 31% getPrimaryObjectProperty (8x), 27% getLastPromoted (8x)] (33x)
2017-06-23 09:57:58,937 [PreLoadDataService | u:p] INFO  TXLOGGER  - Tx 5734cd39f0859_0_5734cd39f0859_0_: finished. Total: 0.151 s, RepositoryConfigService: 0.126 s [99% getReadConfiguration (55x)] (78x), svn: 0.106 s [100% getFile content (13x)] (14x)
2017-06-23 09:57:59,566 [DBHistoryCreator-1 | u:p] INFO  TXLOGGER  - Summary: Total: 1.75 s, transactions: 0
2017-06-23 09:57:59,566 [DBHistoryCreator-2 | u:p] INFO  TXLOGGER  - Summary: Total: 1.75 s, transactions: 0
2017-06-23 09:57:59,567 [Worker-1 | u:p | job: polarion.jobs.db.history] INFO  TXLOGGER  - Summary after DBHistoryCreator: transactions: 0, Lucene: 0.0246 s [100% add (1x)] (1x), DB: 0.00131 s [73% update (2x), 27% commit (2x)] (4x)
2017-06-23 09:57:59,567 [Worker-1 | u:p] INFO  TXLOGGER  - Summary for 'job: polarion.jobs.db.history': Total: 1.83 s, transactions: 0, DB: 1.43 s [64% query (4106x), 22% update (4081x)] (20519x), SubterraURITable: 1.11 s [100% getDB (4080x)] (4080x)
2017-06-23 09:57:59,756 [PreLoadDataService | u:p] INFO  TXLOGGER  - Tx 5734cd3a1645a_0_5734cd3a1645a_0_: finished. Total: 0.819 s, svn: 0.726 s [71% getFile content (47x), 29% getDir2 content (17x)] (65x), RepositoryConfigService: 0.591 s [100% getReadConfiguration (164x)] (180x)
2017-06-23 09:58:00,095 [PreLoadDataService | u:p] INFO  TXLOGGER  - Tx 5734cd3ae305b_0_5734cd3ae305b_0_: finished. Total: 0.339 s, svn: 0.292 s [84% getFile content (35x)] (42x), RepositoryConfigService: 0.281 s [99% getReadConfiguration (295x)] (370x)
2017-06-23 09:58:00,433 [PreLoadDataService | u:p] INFO  TXLOGGER  - Tx 5734cd3b37c5c_0_5734cd3b37c5c_0_: finished. Total: 0.338 s, svn: 0.318 s [51% getDir2 content (17x), 49% getFile content (21x)] (39x), RepositoryConfigService: 0.171 s [99% getReadConfiguration (88x)] (110x)
2017-06-23 09:58:00,561 [PreLoadDataService | u:p] INFO  TXLOGGER  - Tx 5734cd3b8c45d_0_5734cd3b8c45d_0_: finished. Total: 0.128 s, svn: 0.119 s [58% getDir2 content (11x), 42% getFile content (8x)] (20x), RepositoryConfigService: 0.0562 s [99% getReadConfiguration (38x)] (54x)
2017-06-23 09:58:00,873 [PreLoadDataService | u:p] INFO  TXLOGGER  - Tx 5734cd3bac45e_0_5734cd3bac45e_0_: finished. Total: 0.312 s, svn: 0.292 s [55% getFile content (24x), 45% getDir2 content (12x)] (37x), RepositoryConfigService: 0.175 s [99% getReadConfiguration (87x)] (109x)
2017-06-23 09:58:00,874 [PreLoadDataService] INFO  TXLOGGER  - Summary for 'PreloadDataService': Total: 3.33 s, transactions: 9, svn: 2.6 s [60% getFile content (182x), 36% getDir2 content (90x)] (301x), RepositoryConfigService: 1.56 s [98% getReadConfiguration (801x)] (981x), resolve: 0.555 s [29% TimePoint (5x), 27% User (8x), 24% Category (8x), 20% Project (5x)] (26x)
2017-06-23 09:58:00,874 [PreLoadDataService] INFO  TXLOGGER  - Summary after preload: transactions: 9, svn: 2.6 s [60% getFile content (182x), 36% getDir2 content (90x)] (302x), RepositoryConfigService: 1.56 s [98% getReadConfiguration (801x)] (981x), DB: 1.43 s [64% query (4106x), 22% update (4081x)] (20519x), SubterraURITable: 1.11 s [100% getDB (4080x)] (4080x), resolve: 0.555 s [29% TimePoint (5x), 27% User (9x), 24% Category (8x), 20% Project (5x)] (27x)
2017-06-23 09:58:34,165 [ajp-nio-8889-exec-9] INFO  TXLOGGER  - Summary for 'servlet /polarion/codemirror-modes/pvscl.js?buildId=20170314-0722': Total: 0.917 s, transactions: 0
2017-06-23 09:58:34,793 [ajp-nio-8889-exec-7 | u:admin] INFO  TXLOGGER  - Summary for 'PortalDataService.getInitData': Total: 0.203 s, transactions: 3, RepositoryConfigService: 0.0184 s [100% getReadConfiguration (8x)] (13x), svn: 0.012 s [52% getDir2 content (1x), 48% info (1x)] (5x)
2017-06-23 09:58:35,286 [ajp-nio-8889-exec-1 | u:admin] INFO  TXLOGGER  - Summary for 'PortalDataService.requestPortalSite': Total: 0.217 s, transactions: 7, RepositoryConfigService: 0.103 s [85% getReadConfiguration (18x)] (26x), svn: 0.0848 s [49% getFile content (4x), 42% info (4x)] (16x)
2017-06-23 09:58:35,632 [ajp-nio-8889-exec-9 | u:admin] INFO  TXLOGGER  - Summary for 'WorkflowDataService.loadWorkflowDataByContext': Total: 0.11 s, transactions: 1, svn: 0.0202 s [86% info (2x)] (5x)
2017-06-23 10:00:02,144 [Worker-1 | u:p] INFO  TXLOGGER  - Summary for 'job: update.plan.refresh.index': Total: 0.912 s, transactions: 0, resolve: 0.567 s [90% WorkItem (15x)] (167x), svn: 0.501 s [36% getFile content (16x), 33% info (17x), 31% getDir2 content (16x)] (50x), Lucene: 0.234 s [100% refresh (1x)] (2x), DB: 0.12 s [90% update (181x)] (220x)
2017-06-23 10:00:02,176 [Worker-0 | u:p] INFO  TXLOGGER  - Summary for 'job: update.plan': Total: 2.11 s, transactions: 12, resolve: 0.77 s [93% WorkItems (2x)] (96x), svn: 0.65 s [36% info (26x), 32% getFile content (22x), 32% getDir2 content (19x)] (81x)
2017-06-23 10:00:04,945 [ajp-nio-8889-exec-10 | u:admin] INFO  TXLOGGER  - Tx 5734cdb457881_0_5734cdb457881_0_: finished. Total: 0.819 s, svn: 0.761 s [97% endActivity (1x)] (7x), processed revs: [128, 128 (delay 0s)], write: true
2017-06-23 10:00:04,948 [ajp-nio-8889-exec-10 | u:admin] INFO  TXLOGGER  - Summary for 'WorkflowDataService.saveWorkflowDataByContext': Total: 0.822 s, transactions: 1, svn: 0.761 s [97% endActivity (1x)] (7x)
2017-06-23 10:00:12,641 [ajp-nio-8889-exec-10 | u:admin | uri:/polarion/wiki/bin/view/project/drivepilot/page/Home | wiki: view http://localhost/polarion/wiki/bin/view/project/drivepilot/page/Home] INFO  TXLOGGER  - Tx 5734cdbc4bc96_0_5734cdbc4bc96_0_: finished. Total: 0.369 s, svn: 0.264 s [87% info (36x)] (43x), resolve: 0.199 s [98% WikiPage (24x)] (38x)
2017-06-23 10:00:12,687 [ajp-nio-8889-exec-10] INFO  TXLOGGER  - Summary for 'servlet /polarion/wiki/bin/view/project/drivepilot/page/Home': Total: 1.73 s, transactions: 7, Velocity: 1.39 s [100% evaluate in Wiki (1x)] (1x), svn: 0.928 s [80% info (133x), 12% getFile content (19x)] (165x), resolve: 0.233 s [98% WikiPage (41x)] (59x)
2017-06-23 10:00:13,015 [ajp-nio-8889-exec-6] INFO  TXLOGGER  - Summary for 'servlet /polarion/wiki/skins/sidecar/wiki.css?buildNumber=20170314-0722': Total: 0.309 s, transactions: 0
2017-06-23 10:00:13,016 [ajp-nio-8889-exec-1] INFO  TXLOGGER  - Summary for 'servlet /polarion/wiki/skins/sidecar/classes.css?buildNumber=20170314-0722': Total: 0.312 s, transactions: 0
2017-06-23 10:00:13,018 [ajp-nio-8889-exec-5] INFO  TXLOGGER  - Summary for 'servlet /polarion/wiki/skins/sidecar/chwSkin.css?buildNumber=20170314-0722': Total: 0.315 s, transactions: 0
2017-06-23 10:00:13,022 [ajp-nio-8889-exec-7] INFO  TXLOGGER  - Summary for 'servlet /polarion/wiki/skins/sidecar/xwiki.css?buildNumber=20170314-0722': Total: 0.316 s, transactions: 0
2017-06-23 10:00:13,028 [ajp-nio-8889-exec-9] INFO  TXLOGGER  - Summary for 'servlet /polarion/wiki/skins/sidecar/elements.css?buildNumber=20170314-0722': Total: 0.324 s, transactions: 0
2017-06-23 10:00:13,033 [ajp-nio-8889-exec-2] INFO  TXLOGGER  - Summary for 'servlet /polarion/wiki/skins/sidecar/page.css?buildNumber=20170314-0722': Total: 0.327 s, transactions: 0
2017-06-23 10:00:13,292 [ajp-nio-8889-exec-4] INFO  TXLOGGER  - Summary for 'servlet /polarion/wiki/skins/sidecar/rss.css?buildNumber=20170314-0722': Total: 0.275 s, transactions: 0
2017-06-23 10:00:13,293 [ajp-nio-8889-exec-8] INFO  TXLOGGER  - Summary for 'servlet /polarion/wiki/skins/sidecar/screenlayout.css?buildNumber=20170314-0722': Total: 0.276 s, transactions: 0
2017-06-23 10:00:13,296 [ajp-nio-8889-exec-3] INFO  TXLOGGER  - Summary for 'servlet /polarion/wiki/skins/sidecar/presentation.css?buildNumber=20170314-0722': Total: 0.276 s, transactions: 0
2017-06-23 10:00:13,297 [ajp-nio-8889-exec-10] INFO  TXLOGGER  - Summary for 'servlet /polarion/wiki/skins/sidecar/colorsblue.css?buildNumber=20170314-0722': Total: 0.272 s, transactions: 0
2017-06-23 10:00:13,305 [ajp-nio-8889-exec-6] INFO  TXLOGGER  - Summary for 'servlet /polarion/wiki/skins/sidecar/ie.css?buildNumber=20170314-0722': Total: 0.275 s, transactions: 0
2017-06-23 10:00:13,307 [ajp-nio-8889-exec-2] INFO  TXLOGGER  - Summary for 'servlet /polarion/wiki/skins/sidecar/processaudit.css?buildNumber=20170314-0722': Total: 0.272 s, transactions: 0
2017-06-23 10:00:13,602 [ajp-nio-8889-exec-6] INFO  TXLOGGER  - Summary for 'servlet /polarion/wiki/skins/sidecar/skin.js?buildNumber=20170314-0722': Total: 0.224 s, transactions: 0
2017-06-23 10:00:13,602 [ajp-nio-8889-exec-3] INFO  TXLOGGER  - Summary for 'servlet /polarion/wiki/skins/sidecar/rico/prototype.js?buildNumber=20170314-0722': Total: 0.225 s, transactions: 0
2017-06-23 10:00:13,820 [ajp-nio-8889-exec-9] INFO  TXLOGGER  - Summary for 'servlet /polarion/wiki/skins/sidecar/rico/src/rico.js?buildNumber=20170314-0722': Total: 0.251 s, transactions: 0
2017-06-23 10:00:13,821 [ajp-nio-8889-exec-7] INFO  TXLOGGER  - Summary for 'servlet /polarion/wiki/skins/sidecar/xwiki.js?buildNumber=20170314-0722': Total: 0.286 s, transactions: 0
2017-06-23 10:00:13,823 [ajp-nio-8889-exec-8] INFO  TXLOGGER  - Summary for 'servlet /polarion/wiki/skins/sidecar/browserdetect.js?buildNumber=20170314-0722': Total: 0.254 s, transactions: 0
2017-06-23 10:00:13,823 [ajp-nio-8889-exec-10] INFO  TXLOGGER  - Summary for 'servlet /polarion/wiki/skins/sidecar/chwScripts.js?buildNumber=20170314-0722': Total: 0.254 s, transactions: 0
2017-06-23 10:00:13,835 [ajp-nio-8889-exec-2] INFO  TXLOGGER  - Summary for 'servlet /polarion/wiki/skins/sidecar/scriptaculous/scriptaculous.js?buildNumber=20170314-0722': Total: 0.23 s, transactions: 0
2017-06-23 10:00:13,892 [ajp-nio-8889-exec-1] INFO  TXLOGGER  - Summary for 'servlet /polarion/wiki/skins/sidecar/scriptaculous/effects.js?buildNumber=20170314-0722': Total: 0.277 s, transactions: 0
2017-06-23 10:00:14,130 [ajp-nio-8889-exec-4] INFO  TXLOGGER  - Summary for 'servlet /polarion/wiki/skins/sidecar/pop_minimize.gif?buildNumber=20170314-0722': Total: 0.304 s, transactions: 0
2017-06-23 10:00:14,130 [ajp-nio-8889-exec-9] INFO  TXLOGGER  - Summary for 'servlet /polarion/wiki/skins/sidecar/progress.gif?buildNumber=20170314-0722': Total: 0.303 s, transactions: 0
2017-06-23 10:00:14,130 [ajp-nio-8889-exec-3] INFO  TXLOGGER  - Summary for 'servlet /polarion/wiki/skins/sidecar/popup_close.gif?buildNumber=20170314-0722': Total: 0.304 s, transactions: 0
2017-06-23 10:00:14,131 [ajp-nio-8889-exec-5] INFO  TXLOGGER  - Summary for 'servlet /polarion/wiki/skins/sidecar/scriptaculous/dragdrop.js?buildNumber=20170314-0722': Total: 0.309 s, transactions: 0
2017-06-23 10:00:14,138 [ajp-nio-8889-exec-7] INFO  TXLOGGER  - Summary for 'servlet /polarion/wiki/skins/sidecar/edit_menu.gif?buildNumber=20170314-0722': Total: 0.269 s, transactions: 0
2017-06-23 10:00:14,192 [ajp-nio-8889-exec-8] INFO  TXLOGGER  - Summary for 'servlet /polarion/wiki/skins/sidecar/scriptaculous/builder.js': Total: 0.298 s, transactions: 0
2017-06-23 10:00:14,367 [ajp-nio-8889-exec-6] INFO  TXLOGGER  - Summary for 'servlet /polarion/wiki/skins/sidecar/scriptaculous/dragdrop.js': Total: 0.233 s, transactions: 0
2017-06-23 10:00:14,367 [ajp-nio-8889-exec-10] INFO  TXLOGGER  - Summary for 'servlet /polarion/wiki/skins/sidecar/scriptaculous/effects.js': Total: 0.233 s, transactions: 0
2017-06-23 10:00:14,370 [ajp-nio-8889-exec-2] INFO  TXLOGGER  - Summary for 'servlet /polarion/wiki/skins/sidecar/scriptaculous/controls.js': Total: 0.236 s, transactions: 0
2017-06-23 10:00:14,562 [ajp-nio-8889-exec-4] INFO  TXLOGGER  - Summary for 'servlet /polarion/wiki/skins/sidecar/scriptaculous/sound.js': Total: 0.421 s, transactions: 0
2017-06-23 10:00:14,562 [ajp-nio-8889-exec-1] INFO  TXLOGGER  - Summary for 'servlet /polarion/wiki/skins/sidecar/scriptaculous/slider.js': Total: 0.426 s, transactions: 0
2017-06-23 10:00:14,607 [ajp-nio-8889-exec-3] INFO  TXLOGGER  - Summary for 'servlet /polarion/wiki/skins/sidecar/spacer.gif?buildNumber=20170314-0722': Total: 0.413 s, transactions: 0
2017-06-23 10:00:14,809 [ajp-nio-8889-exec-8] INFO  TXLOGGER  - Summary for 'servlet /polarion/wiki/skins/sidecar/pdf.gif?buildNumber=20170314-0722': Total: 0.243 s, transactions: 0
2017-06-23 10:00:14,810 [ajp-nio-8889-exec-5] INFO  TXLOGGER  - Summary for 'servlet /polarion/wiki/skins/sidecar/combo_box_arrow_small.png?buildNumber=20170314-0722': Total: 0.247 s, transactions: 0
2017-06-23 10:00:14,812 [ajp-nio-8889-exec-10] INFO  TXLOGGER  - Summary for 'servlet /polarion/wiki/skins/sidecar/upgradeRichPage.png?buildNumber=20170314-0722': Total: 0.246 s, transactions: 0
2017-06-23 10:00:14,814 [ajp-nio-8889-exec-6] INFO  TXLOGGER  - Summary for 'servlet /polarion/wiki/skins/sidecar/print.gif?buildNumber=20170314-0722': Total: 0.248 s, transactions: 0
2017-06-23 10:00:14,884 [ajp-nio-8889-exec-2] INFO  TXLOGGER  - Summary for 'servlet /polarion/wiki/skins/sidecar/images/popup_window_title.gif': Total: 0.255 s, transactions: 0
2017-06-23 10:00:15,019 [ajp-nio-8889-exec-7] INFO  TXLOGGER  - Summary for 'servlet /polarion/wiki/skins/sidecar/textfield_rename.png?buildNumber=20170314-0722': Total: 0.204 s, transactions: 0
2017-06-23 10:00:15,087 [ajp-nio-8889-exec-4] INFO  TXLOGGER  - Summary for 'servlet /polarion/wiki/bin/download/project/drivepilot/page/_default/Home/project_logo.jpg': Total: 0.276 s, transactions: 0, svn: 0.0698 s [100% info (2x)] (2x)
2017-06-23 10:00:15,097 [ajp-nio-8889-exec-8] INFO  TXLOGGER  - Summary for 'servlet /polarion/wiki/skins/sidecar/extract1.gif?buildNumber=20170314-0722': Total: 0.249 s, transactions: 0
2017-06-23 10:00:15,097 [ajp-nio-8889-exec-3] INFO  TXLOGGER  - Summary for 'servlet /polarion/wiki/skins/sidecar/delete.gif?buildNumber=20170314-0722': Total: 0.249 s, transactions: 0
2017-06-23 10:00:15,106 [ajp-nio-8889-exec-9] INFO  TXLOGGER  - Summary for 'servlet /polarion/wiki/skins/sidecar/separatorbig.gif?buildNumber=20170314-0722': Total: 0.212 s, transactions: 0
2017-06-23 10:00:15,271 [ajp-nio-8889-exec-6] INFO  TXLOGGER  - Summary for 'servlet /polarion/wiki/skins/sidecar/edit8.gif?buildNumber=20170314-0722': Total: 0.163 s, transactions: 0
2017-06-23 10:00:15,272 [ajp-nio-8889-exec-7] INFO  TXLOGGER  - Summary for 'servlet /polarion/wiki/skins/sidecar/save8.gif?buildNumber=20170314-0722': Total: 0.164 s, transactions: 0
2017-06-23 10:00:15,355 [ajp-nio-8889-exec-2] INFO  TXLOGGER  - Summary for 'servlet /polarion/wiki/skins/sidecar/cancel8.gif?buildNumber=20170314-0722': Total: 0.187 s, transactions: 0
2017-06-23 10:00:15,358 [ajp-nio-8889-exec-8] INFO  TXLOGGER  - Summary for 'servlet /polarion/wiki/skins/sidecar/style1.css?buildNumber=20170314-0722': Total: 0.19 s, transactions: 0
2017-06-23 10:00:15,359 [ajp-nio-8889-exec-3] INFO  TXLOGGER  - Summary for 'servlet /polarion/wiki/skins/sidecar/style2.css?buildNumber=20170314-0722': Total: 0.188 s, transactions: 0
2017-06-23 10:00:15,388 [ajp-nio-8889-exec-10] INFO  TXLOGGER  - Summary for 'servlet /polarion/wiki/skins/sidecar/rico/src/ricoCommon.js': Total: 0.22 s, transactions: 0
2017-06-23 10:00:15,405 [ajp-nio-8889-exec-1] INFO  TXLOGGER  - Summary for 'servlet /polarion/wiki/skins/sidecar/style3.css?buildNumber=20170314-0722': Total: 0.132 s, transactions: 0
2017-06-23 10:00:19,837 [ajp-nio-8889-exec-2 | u:admin] INFO  TXLOGGER  - Tx 5734cdc36009d_0_5734cdc36009d_0_: finished. Total: 0.316 s, svn: 0.107 s [62% getFile content (7x), 26% info (3x)] (13x), RepositoryConfigService: 0.0832 s [83% getReadConfiguration (178x)] (204x), resolve: 0.0593 s [100% WorkItem (2x)] (7x), Lucene: 0.0344 s [100% search (5x)] (5x)
2017-06-23 10:00:19,923 [ajp-nio-8889-exec-2 | u:admin] INFO  TXLOGGER  - Summary for 'WorkItemDataService.loadWorkitem': Total: 0.403 s, transactions: 1, svn: 0.107 s [62% getFile content (7x), 26% info (3x)] (13x), RepositoryConfigService: 0.0832 s [83% getReadConfiguration (178x)] (204x), resolve: 0.0593 s [100% WorkItem (2x)] (7x), Lucene: 0.0344 s [100% search (5x)] (5x)
2017-06-23 10:00:20,341 [ajp-nio-8889-exec-7 | u:admin] INFO  TXLOGGER  - Tx 5734cdc36049e_0_5734cdc36049e_0_: finished. Total: 0.82 s, resolve: 0.659 s [92% WorkItem (14x)] (39x), svn: 0.57 s [33% info (23x), 31% getFile content (18x), 30% getDir2 content (18x)] (64x), ObjectMaps: 0.0726 s [56% getPrimaryObjectProperty (16x), 31% getLastPromoted (16x)] (79x), RepositoryConfigService: 0.0585 s [78% getReadConfiguration (735x), 22% getExistingPrefixes (50x)] (787x)
2017-06-23 10:00:20,356 [ajp-nio-8889-exec-7 | u:admin] INFO  TXLOGGER  - Summary for 'WorkItemDataService.loadInstances': Total: 0.836 s, transactions: 1, resolve: 0.659 s [92% WorkItem (14x)] (39x), svn: 0.57 s [33% info (23x), 31% getFile content (18x), 30% getDir2 content (18x)] (64x), ObjectMaps: 0.0726 s [56% getPrimaryObjectProperty (16x), 31% getLastPromoted (16x)] (79x), RepositoryConfigService: 0.0585 s [78% getReadConfiguration (735x), 22% getExistingPrefixes (50x)] (787x)
2017-06-23 10:00:22,262 [ajp-nio-8889-exec-8 | u:admin] INFO  TXLOGGER  - Tx 5734cdc5cb0a3_0_5734cdc5cb0a3_0_: finished. Total: 0.266 s, RepositoryConfigService: 0.124 s [88% getReadConfiguration (172x)] (195x), svn: 0.0975 s [60% getFile content (9x), 39% info (5x)] (16x), resolve: 0.0382 s [97% Plan (7x)] (29x), ObjectEnum Plan: 0.0369 s [100% available (2x)] (2x)
2017-06-23 10:00:22,301 [ajp-nio-8889-exec-8 | u:admin] INFO  TXLOGGER  - Summary for 'WorkItemDataService.loadWorkitem': Total: 0.305 s, transactions: 1, RepositoryConfigService: 0.124 s [88% getReadConfiguration (172x)] (195x), svn: 0.0975 s [60% getFile content (9x), 39% info (5x)] (16x), resolve: 0.0382 s [97% Plan (7x)] (29x), ObjectEnum Plan: 0.0369 s [100% available (2x)] (2x)
2017-06-23 10:00:30,236 [ajp-nio-8889-exec-7 | u:admin] INFO  TXLOGGER  - Summary for 'PortalDataService.saveUICustomizationData': Total: 0.86 s, transactions: 0
2017-06-23 10:00:42,137 [ajp-nio-8889-exec-10 | u:admin] INFO  TXLOGGER  - Tx 5734cdd9518b7_0_5734cdd9518b7_0_: finished. Total: 0.148 s, svn: 0.0909 s [57% getFile content (5x), 24% info (2x)] (11x), RepositoryConfigService: 0.0669 s [100% getReadConfiguration (164x)] (183x), resolve: 0.0513 s [100% WorkItem (2x)] (9x)
2017-06-23 10:00:42,139 [ajp-nio-8889-exec-10 | u:admin] INFO  TXLOGGER  - Summary for 'WorkItemDataService.loadWorkitem': Total: 0.149 s, transactions: 1, svn: 0.0909 s [57% getFile content (5x), 24% info (2x)] (11x), RepositoryConfigService: 0.0669 s [100% getReadConfiguration (164x)] (183x), resolve: 0.0513 s [100% WorkItem (2x)] (9x)
2017-06-23 10:00:42,717 [ajp-nio-8889-exec-3 | u:admin] INFO  TXLOGGER  - Tx 5734cdd9518b8_0_5734cdd9518b8_0_: finished. Total: 0.728 s, resolve: 0.679 s [95% WorkItem (14x)] (25x), svn: 0.608 s [34% info (22x), 33% getDir2 content (16x), 31% getFile content (17x)] (63x), ObjectMaps: 0.0634 s [36% getPrimaryObjectProperty (16x), 35% getLastPromoted (16x), 25% getPrimaryObjectLocation (16x)] (74x)
2017-06-23 10:00:42,718 [ajp-nio-8889-exec-3 | u:admin] INFO  TXLOGGER  - Summary for 'WorkItemDataService.loadInstances': Total: 0.729 s, transactions: 1, resolve: 0.679 s [95% WorkItem (14x)] (25x), svn: 0.608 s [34% info (22x), 33% getDir2 content (16x), 31% getFile content (17x)] (63x), ObjectMaps: 0.0634 s [36% getPrimaryObjectProperty (16x), 35% getLastPromoted (16x), 25% getPrimaryObjectLocation (16x)] (74x)
2017-06-23 10:00:56,040 [ajp-nio-8889-exec-7 | u:admin] INFO  TXLOGGER  - Tx 5734cde5784bc_0_5734cde5784bc_0_: finished. Total: 1.61 s, svn: 1.48 s [96% endActivity (1x)] (9x), Lucene: 0.0817 s [73% refresh (1x), 27% add (1x)] (2x), processed revs: [129, 129 (delay 1s)], write: true
2017-06-23 10:00:56,083 [ajp-nio-8889-exec-7 | u:admin] INFO  TXLOGGER  - Summary for 'WorkItemDataService.saveWorkItem': Total: 1.66 s, transactions: 2, svn: 1.48 s [96% endActivity (1x)] (9x), Lucene: 0.0885 s [67% refresh (1x), 25% add (1x)] (3x)
2017-06-23 10:00:56,307 [Persistence Events Processing Thread | u:p] INFO  TXLOGGER  - Tx 5734cde70a0bd_0_5734cde70a0bd_0_: finished. Total: 0.266 s, resolve: 0.154 s [83% WorkItem (8x)] (15x), svn: 0.137 s [46% getFile content (6x), 27% getDir2 content (2x), 26% info (2x)] (11x)
2017-06-23 10:00:56,382 [Persistence Events Processing Thread | u:p] INFO  TXLOGGER  - Summary: Total: 0.341 s, transactions: 6, persistence listener: 0.341 s [78% notificationsCreatingListener (1x), 22% WorkItemActivityCreator (1x)] (7x), resolve: 0.195 s [86% WorkItem (11x)] (20x), svn: 0.174 s [44% getFile content (7x), 28% getDir2 content (3x), 27% info (3x)] (16x), Lucene: 0.0177 s [100% add (1x)] (1x), ObjectMaps: 0.0175 s [48% getPrimaryObjectLocation (6x), 32% getLastPromoted (6x), 20% getPrimaryObjectProperty (6x)] (24x)
2017-06-23 10:01:01,800 [ajp-nio-8889-exec-1 | u:admin] INFO  TXLOGGER  - Summary for 'DebugService.deObfuscateStackTrace': Total: 0.106 s, transactions: 0
2017-06-23 10:01:46,490 [ajp-nio-8889-exec-10] INFO  TXLOGGER  - Summary for 'servlet /polarion/wiki/bin/view/page/Home': Total: 0.606 s, transactions: 2, svn: 0.392 s [57% info (52x), 25% getFile properties (18x)] (83x), Velocity: 0.163 s [100% evaluate in Wiki (1x)] (1x)
2017-06-23 10:01:46,701 [ajp-nio-8889-exec-7] INFO  TXLOGGER  - Summary for 'servlet /polarion/wiki/skins/sidecar/elements.css?buildNumber=20170314-0722': Total: 0.2 s, transactions: 0
2017-06-23 10:01:46,701 [ajp-nio-8889-exec-3] INFO  TXLOGGER  - Summary for 'servlet /polarion/wiki/skins/sidecar/wiki.css?buildNumber=20170314-0722': Total: 0.198 s, transactions: 0
2017-06-23 10:01:46,702 [ajp-nio-8889-exec-8] INFO  TXLOGGER  - Summary for 'servlet /polarion/wiki/skins/sidecar/chwSkin.css?buildNumber=20170314-0722': Total: 0.199 s, transactions: 0
2017-06-23 10:01:46,702 [ajp-nio-8889-exec-2] INFO  TXLOGGER  - Summary for 'servlet /polarion/wiki/skins/sidecar/page.css?buildNumber=20170314-0722': Total: 0.199 s, transactions: 0
2017-06-23 10:01:46,703 [ajp-nio-8889-exec-6] INFO  TXLOGGER  - Summary for 'servlet /polarion/wiki/skins/sidecar/xwiki.css?buildNumber=20170314-0722': Total: 0.2 s, transactions: 0
2017-06-23 10:01:46,704 [ajp-nio-8889-exec-5] INFO  TXLOGGER  - Summary for 'servlet /polarion/wiki/skins/sidecar/classes.css?buildNumber=20170314-0722': Total: 0.201 s, transactions: 0
2017-06-23 10:01:46,866 [ajp-nio-8889-exec-1] INFO  TXLOGGER  - Summary for 'servlet /polarion/wiki/skins/sidecar/rss.css?buildNumber=20170314-0722': Total: 0.163 s, transactions: 0
2017-06-23 10:01:46,869 [ajp-nio-8889-exec-9] INFO  TXLOGGER  - Summary for 'servlet /polarion/wiki/skins/sidecar/presentation.css?buildNumber=20170314-0722': Total: 0.163 s, transactions: 0
2017-06-23 10:01:46,869 [ajp-nio-8889-exec-10] INFO  TXLOGGER  - Summary for 'servlet /polarion/wiki/skins/sidecar/colorsblue.css?buildNumber=20170314-0722': Total: 0.163 s, transactions: 0
2017-06-23 10:01:46,869 [ajp-nio-8889-exec-4] INFO  TXLOGGER  - Summary for 'servlet /polarion/wiki/skins/sidecar/screenlayout.css?buildNumber=20170314-0722': Total: 0.165 s, transactions: 0
2017-06-23 10:01:46,871 [ajp-nio-8889-exec-7] INFO  TXLOGGER  - Summary for 'servlet /polarion/wiki/skins/sidecar/ie.css?buildNumber=20170314-0722': Total: 0.163 s, transactions: 0
2017-06-23 10:01:46,872 [ajp-nio-8889-exec-3] INFO  TXLOGGER  - Summary for 'servlet /polarion/wiki/skins/sidecar/processaudit.css?buildNumber=20170314-0722': Total: 0.164 s, transactions: 0
2017-06-23 10:01:47,178 [ajp-nio-8889-exec-4] INFO  TXLOGGER  - Summary for 'servlet /polarion/wiki/skins/sidecar/skin.js?buildNumber=20170314-0722': Total: 0.275 s, transactions: 0
2017-06-23 10:01:47,178 [ajp-nio-8889-exec-5] INFO  TXLOGGER  - Summary for 'servlet /polarion/wiki/skins/sidecar/browserdetect.js?buildNumber=20170314-0722': Total: 0.275 s, transactions: 0
2017-06-23 10:01:47,180 [ajp-nio-8889-exec-1] INFO  TXLOGGER  - Summary for 'servlet /polarion/wiki/skins/sidecar/rico/prototype.js?buildNumber=20170314-0722': Total: 0.277 s, transactions: 0
2017-06-23 10:01:47,183 [ajp-nio-8889-exec-6] INFO  TXLOGGER  - Summary for 'servlet /polarion/wiki/skins/sidecar/xwiki.js?buildNumber=20170314-0722': Total: 0.28 s, transactions: 0
2017-06-23 10:01:47,399 [ajp-nio-8889-exec-8] INFO  TXLOGGER  - Summary for 'servlet /polarion/wiki/skins/sidecar/chwScripts.js?buildNumber=20170314-0722': Total: 0.239 s, transactions: 0
2017-06-23 10:01:47,471 [ajp-nio-8889-exec-3] INFO  TXLOGGER  - Summary for 'servlet /polarion/wiki/skins/sidecar/rico/src/rico.js?buildNumber=20170314-0722': Total: 0.3 s, transactions: 0
2017-06-23 10:01:47,474 [ajp-nio-8889-exec-9] INFO  TXLOGGER  - Summary for 'servlet /polarion/wiki/skins/sidecar/scriptaculous/effects.js?buildNumber=20170314-0722': Total: 0.293 s, transactions: 0
2017-06-23 10:01:47,476 [ajp-nio-8889-exec-7] INFO  TXLOGGER  - Summary for 'servlet /polarion/wiki/skins/sidecar/scriptaculous/scriptaculous.js?buildNumber=20170314-0722': Total: 0.296 s, transactions: 0
2017-06-23 10:01:47,481 [ajp-nio-8889-exec-2] INFO  TXLOGGER  - Summary for 'servlet /polarion/wiki/skins/sidecar/scriptaculous/dragdrop.js?buildNumber=20170314-0722': Total: 0.292 s, transactions: 0
2017-06-23 10:01:47,487 [ajp-nio-8889-exec-10] INFO  TXLOGGER  - Summary for 'servlet /polarion/wiki/skins/sidecar/pop_minimize.gif?buildNumber=20170314-0722': Total: 0.293 s, transactions: 0
2017-06-23 10:01:47,858 [ajp-nio-8889-exec-4] INFO  TXLOGGER  - Summary for 'servlet /polarion/wiki/skins/sidecar/popup_close.gif?buildNumber=20170314-0722': Total: 0.456 s, transactions: 0
2017-06-23 10:01:47,864 [ajp-nio-8889-exec-5] INFO  TXLOGGER  - Summary for 'servlet /polarion/wiki/skins/sidecar/progress.gif?buildNumber=20170314-0722': Total: 0.39 s, transactions: 0
2017-06-23 10:01:47,871 [ajp-nio-8889-exec-6] INFO  TXLOGGER  - Summary for 'servlet /polarion/wiki/skins/sidecar/spacer.gif?buildNumber=20170314-0722': Total: 0.393 s, transactions: 0
2017-06-23 10:01:47,871 [ajp-nio-8889-exec-1] INFO  TXLOGGER  - Summary for 'servlet /polarion/wiki/skins/sidecar/edit_menu.gif?buildNumber=20170314-0722': Total: 0.396 s, transactions: 0
2017-06-23 10:01:47,915 [ajp-nio-8889-exec-8] INFO  TXLOGGER  - Summary for 'servlet /polarion/wiki/skins/sidecar/scriptaculous/builder.js': Total: 0.432 s, transactions: 0
2017-06-23 10:01:47,920 [ajp-nio-8889-exec-3] INFO  TXLOGGER  - Summary for 'servlet /polarion/wiki/skins/sidecar/scriptaculous/effects.js': Total: 0.432 s, transactions: 0
2017-06-23 10:01:48,045 [ajp-nio-8889-exec-9] INFO  TXLOGGER  - Summary for 'servlet /polarion/wiki/skins/sidecar/scriptaculous/dragdrop.js': Total: 0.186 s, transactions: 0
2017-06-23 10:01:48,078 [ajp-nio-8889-exec-7] INFO  TXLOGGER  - Summary for 'servlet /polarion/wiki/skins/sidecar/scriptaculous/controls.js': Total: 0.212 s, transactions: 0
2017-06-23 10:01:48,093 [ajp-nio-8889-exec-10] INFO  TXLOGGER  - Summary for 'servlet /polarion/wiki/skins/sidecar/scriptaculous/sound.js': Total: 0.219 s, transactions: 0
2017-06-23 10:01:48,093 [ajp-nio-8889-exec-2] INFO  TXLOGGER  - Summary for 'servlet /polarion/wiki/skins/sidecar/scriptaculous/slider.js': Total: 0.22 s, transactions: 0
2017-06-23 10:01:48,096 [ajp-nio-8889-exec-4] INFO  TXLOGGER  - Summary for 'servlet /polarion/wiki/skins/sidecar/combo_box_arrow_small.png?buildNumber=20170314-0722': Total: 0.177 s, transactions: 0
2017-06-23 10:01:48,204 [ajp-nio-8889-exec-6] INFO  TXLOGGER  - Summary for 'servlet /polarion/wiki/skins/sidecar/pdf.gif?buildNumber=20170314-0722': Total: 0.251 s, transactions: 0
2017-06-23 10:01:48,321 [ajp-nio-8889-exec-1] INFO  TXLOGGER  - Summary for 'servlet /polarion/wiki/skins/sidecar/print.gif?buildNumber=20170314-0722': Total: 0.273 s, transactions: 0
2017-06-23 10:01:48,325 [ajp-nio-8889-exec-8] INFO  TXLOGGER  - Summary for 'servlet /polarion/wiki/skins/sidecar/upgradeRichPage.png?buildNumber=20170314-0722': Total: 0.244 s, transactions: 0
2017-06-23 10:01:48,341 [ajp-nio-8889-exec-3] INFO  TXLOGGER  - Summary for 'servlet /polarion/wiki/skins/sidecar/textfield_rename.png?buildNumber=20170314-0722': Total: 0.246 s, transactions: 0
2017-06-23 10:01:48,342 [ajp-nio-8889-exec-5] INFO  TXLOGGER  - Summary for 'servlet /polarion/wiki/skins/sidecar/delete.gif?buildNumber=20170314-0722': Total: 0.246 s, transactions: 0
2017-06-23 10:01:48,342 [ajp-nio-8889-exec-9] INFO  TXLOGGER  - Summary for 'servlet /polarion/wiki/skins/sidecar/extract1.gif?buildNumber=20170314-0722': Total: 0.244 s, transactions: 0
2017-06-23 10:01:48,523 [ajp-nio-8889-exec-10] INFO  TXLOGGER  - Summary for 'servlet /polarion/wiki/skins/sidecar/images/popup_window_title.gif': Total: 0.201 s, transactions: 0
2017-06-23 10:01:48,541 [ajp-nio-8889-exec-2] INFO  TXLOGGER  - Summary for 'servlet /polarion/wiki/bin/download/page/_default/Home/TutorialVideos.png': Total: 0.216 s, transactions: 0
2017-06-23 10:01:48,559 [ajp-nio-8889-exec-6] INFO  TXLOGGER  - Summary for 'servlet /polarion/wiki/bin/download/page/_default/Home/CreateNewProject.png': Total: 0.216 s, transactions: 0
2017-06-23 10:01:48,562 [ajp-nio-8889-exec-5] INFO  TXLOGGER  - Summary for 'servlet /polarion/wiki/bin/download/page/_default/Home/VideoPortal.png': Total: 0.22 s, transactions: 0, svn: 0.0167 s [100% info (2x)] (2x)
2017-06-23 10:01:48,566 [ajp-nio-8889-exec-4] INFO  TXLOGGER  - Summary for 'servlet /polarion/wiki/bin/download/page/_default/Home/VideoLiveDocs.png': Total: 0.223 s, transactions: 0, svn: 0.0155 s [100% info (2x)] (2x)
2017-06-23 10:01:48,935 [ajp-nio-8889-exec-1] INFO  TXLOGGER  - Summary for 'servlet /polarion/wiki/bin/download/page/_default/Home/ProjectDrivePilot.png': Total: 0.41 s, transactions: 0
2017-06-23 10:01:48,948 [ajp-nio-8889-exec-8] INFO  TXLOGGER  - Summary for 'servlet /polarion/wiki/bin/download/page/_default/Home/TimeIsShort.png': Total: 0.42 s, transactions: 0
2017-06-23 10:01:48,959 [ajp-nio-8889-exec-9] INFO  TXLOGGER  - Summary for 'servlet /polarion/wiki/bin/download/page/_default/Home/WatchAll.png': Total: 0.398 s, transactions: 0
2017-06-23 10:01:48,959 [ajp-nio-8889-exec-3] INFO  TXLOGGER  - Summary for 'servlet /polarion/wiki/bin/download/page/_default/Home/ProjectElibrary.png': Total: 0.415 s, transactions: 0
2017-06-23 10:01:48,959 [ajp-nio-8889-exec-7] INFO  TXLOGGER  - Summary for 'servlet /polarion/wiki/bin/download/page/_default/Home/IveGotTime.png': Total: 0.395 s, transactions: 0
2017-06-23 10:01:48,974 [ajp-nio-8889-exec-5] INFO  TXLOGGER  - Summary for 'servlet /polarion/wiki/skins/sidecar/separatorbig.gif?buildNumber=20170314-0722': Total: 0.35 s, transactions: 0
2017-06-23 10:01:49,158 [ajp-nio-8889-exec-1] INFO  TXLOGGER  - Summary for 'servlet /polarion/wiki/skins/sidecar/edit8.gif?buildNumber=20170314-0722': Total: 0.196 s, transactions: 0
2017-06-23 10:01:49,163 [ajp-nio-8889-exec-8] INFO  TXLOGGER  - Summary for 'servlet /polarion/wiki/skins/sidecar/save8.gif?buildNumber=20170314-0722': Total: 0.197 s, transactions: 0
2017-06-23 10:01:49,170 [ajp-nio-8889-exec-7] INFO  TXLOGGER  - Summary for 'servlet /polarion/wiki/skins/sidecar/cancel8.gif?buildNumber=20170314-0722': Total: 0.197 s, transactions: 0
2017-06-23 10:01:49,179 [ajp-nio-8889-exec-9] INFO  TXLOGGER  - Summary for 'servlet /polarion/wiki/skins/sidecar/rico/src/ricoCommon.js': Total: 0.195 s, transactions: 0
2017-06-23 10:01:49,179 [ajp-nio-8889-exec-10] INFO  TXLOGGER  - Summary for 'servlet /polarion/wiki/skins/sidecar/style1.css?buildNumber=20170314-0722': Total: 0.182 s, transactions: 0
2017-06-23 10:01:49,267 [ajp-nio-8889-exec-6] INFO  TXLOGGER  - Summary for 'servlet /polarion/wiki/skins/sidecar/style2.css?buildNumber=20170314-0722': Total: 0.108 s, transactions: 0
2017-06-23 10:01:49,276 [ajp-nio-8889-exec-5] INFO  TXLOGGER  - Summary for 'servlet /polarion/wiki/skins/sidecar/style3.css?buildNumber=20170314-0722': Total: 0.11 s, transactions: 0
2017-06-23 10:02:02,087 [ajp-nio-8889-exec-8 | u:admin | uri:/polarion/wiki/bin/view/project/elibrary/page/Home | wiki: view http://localhost/polarion/wiki/bin/view/project/elibrary/page/Home] INFO  TXLOGGER  - Tx 5734ce275fcde_0_5734ce275fcde_0_: finished. Total: 0.169 s, svn: 0.128 s [73% info (14x), 16% getFile content (3x)] (20x), resolve: 0.0895 s [98% WikiPage (8x)] (14x)
2017-06-23 10:02:02,112 [ajp-nio-8889-exec-8] INFO  TXLOGGER  - Summary for 'servlet /polarion/wiki/bin/view/project/elibrary/page/Home': Total: 1.08 s, transactions: 4, Velocity: 0.823 s [100% evaluate in Wiki (1x)] (1x), svn: 0.746 s [73% info (100x), 13% getFile content (16x)] (135x), resolve: 0.116 s [98% WikiPage (25x)] (34x)
2017-06-23 10:02:02,243 [ajp-nio-8889-exec-9] INFO  TXLOGGER  - Summary for 'servlet /polarion/wiki/bin/download/project/elibrary/page/_default/Home/library.png': Total: 0.112 s, transactions: 0, svn: 0.0106 s [100% info (2x)] (2x)
