2017-06-22 16:00:01,860 [main | u:p] INFO  TXLOGGER  - Summary for 'Platform startup': transactions: 0, DB: 0.0586 s [62% query (13x), 37% update (126x)] (206x), svn: 0.0244 s [83% checkPath (1x)] (3x)
2017-06-22 16:00:02,106 [main | u:p] INFO  TXLOGGER  - Summary for 'Context recognition': transactions: 0, svn: 0.123 s [44% getDir2 content (2x), 34% info (3x), 22% getFile content (1x)] (6x)
2017-06-22 16:00:03,447 [LowLevelDataService-contextInitializer-1 | u:p] INFO  TXLOGGER  - Summary: Total: 1.33 s, transactions: 0
2017-06-22 16:00:03,447 [LowLevelDataService-contextInitializer-5 | u:p] INFO  TXLOGGER  - Summary: Total: 1.33 s, transactions: 0, svn: 0.082 s [96% log2 (5x)] (6x)
2017-06-22 16:00:03,447 [LowLevelDataService-contextInitializer-3 | u:p] INFO  TXLOGGER  - Summary: Total: 1.33 s, transactions: 0, ObjectMaps: 0.264 s [100% getAllPrimaryObjects (1x)] (7x), svn: 0.149 s [40% log (1x), 24% log2 (5x), 22% info (4x)] (15x)
2017-06-22 16:00:03,447 [LowLevelDataService-contextInitializer-2 | u:p] INFO  TXLOGGER  - Summary: Total: 1.33 s, transactions: 0, svn: 0.129 s [97% log2 (6x)] (8x)
2017-06-22 16:00:03,447 [LowLevelDataService-contextInitializer-4 | u:p] INFO  TXLOGGER  - Summary: Total: 1.33 s, transactions: 0, svn: 0.124 s [97% log2 (10x)] (12x)
2017-06-22 16:00:03,448 [main | u:p] INFO  TXLOGGER  - Summary for 'Context initialization': transactions: 0, svn: 0.534 s [77% log2 (31x), 11% log (1x)] (47x), ObjectMaps: 0.397 s [99% getAllPrimaryObjects (7x)] (55x)
2017-06-22 16:00:03,748 [main | u:p] INFO  TXLOGGER  - Summary for 'Revisions processing': transactions: 14, RepositoryConfigService: 0.197 s [100% getReadConfiguration (42x)] (42x), svn: 0.11 s [92% info (15x)] (32x)
2017-06-22 16:00:04,545 [main | u:p] INFO  TXLOGGER  - Summary for 'Build artifacts recognition': transactions: 40, svn: 0.624 s [88% info (78x)] (131x), RepositoryConfigService: 0.502 s [100% getReadConfiguration (80x)] (80x)
2017-06-22 16:00:05,203 [main | u:p] INFO  TXLOGGER  - Summary for 'Data indexing': transactions: 0, Lucene: 0.272 s [100% refresh (2x)] (2x), DB: 0.0505 s [66% update (38x), 16% query (17x)] (103x), SubterraURITable: 0.0275 s [100% addIfNotExistsDB (17x)] (17x)
2017-06-22 16:00:42,001 [main] INFO  TXLOGGER  - Summary for 'Polarion startup': transactions: 1, svn: 0.321 s [81% info (47x)] (67x), RepositoryConfigService: 0.0308 s [100% getReadConfiguration (2x)] (2x)
2017-06-22 16:00:42,192 [Worker-0 | u:p | job: polarion.jobs.attachment.indexer] INFO  TXLOGGER  - Summary after AttachmentIndexer: transactions: 48, persistence listener: 0.103 s [89% notificationsCreatingListener (8x)] (56x), Lucene: 0.0946 s [100% add (2x)] (2x), resolve: 0.0379 s [93% User (2x)] (5x), ObjectMaps: 0.0109 s [100% getPrimaryObjectLocation (2x)] (2x)
2017-06-22 16:00:42,862 [PreLoadDataService | u:p] INFO  TXLOGGER  - Tx 5733d6a816c38_0_5733d6a816c38_0_: finished. Total: 0.85 s, svn: 0.449 s [65% getDir2 content (25x), 35% getFile content (15x)] (43x), resolve: 0.419 s [53% TimePoint (5x), 47% Category (8x)] (13x), ObjectMaps: 0.0497 s [49% getPrimaryObjectLocation (13x), 31% getPrimaryObjectProperty (13x), 20% getLastPromoted (13x)] (55x)
2017-06-22 16:00:43,405 [PreLoadDataService | u:p] INFO  TXLOGGER  - Tx 5733d6a92246a_0_5733d6a92246a_0_: finished. Total: 0.323 s, svn: 0.189 s [62% getFile content (14x), 38% info (10x)] (25x), resolve: 0.153 s [100% User (8x)] (8x), RepositoryConfigService: 0.137 s [81% getReadConfiguration (72x)] (74x), ObjectMaps: 0.0237 s [49% getPrimaryObjectLocation (8x), 27% getPrimaryObjectProperty (8x), 25% getLastPromoted (8x)] (33x)
2017-06-22 16:00:43,578 [PreLoadDataService | u:p] INFO  TXLOGGER  - Tx 5733d6a97346b_0_5733d6a97346b_0_: finished. Total: 0.173 s, RepositoryConfigService: 0.148 s [99% getReadConfiguration (55x)] (78x), svn: 0.113 s [100% getFile content (13x)] (14x)
2017-06-22 16:00:43,883 [DBHistoryCreator-1 | u:p] INFO  TXLOGGER  - Summary: Total: 1.65 s, transactions: 0
2017-06-22 16:00:43,883 [DBHistoryCreator-2 | u:p] INFO  TXLOGGER  - Summary: Total: 1.65 s, transactions: 0
2017-06-22 16:00:43,884 [Worker-1 | u:p | job: polarion.jobs.db.history] INFO  TXLOGGER  - Summary after DBHistoryCreator: transactions: 0, Lucene: 0.0272 s [100% add (1x)] (1x), DB: 0.00146 s [75% update (2x), 25% commit (2x)] (4x)
2017-06-22 16:00:43,885 [Worker-1 | u:p] INFO  TXLOGGER  - Summary for 'job: polarion.jobs.db.history': Total: 1.7 s, transactions: 0, DB: 1.32 s [59% query (4078x), 26% update (4053x)] (20365x), SubterraURITable: 1.17 s [100% getDB (4052x)] (4052x)
2017-06-22 16:00:44,260 [PreLoadDataService | u:p] INFO  TXLOGGER  - Tx 5733d6a99e86c_0_5733d6a99e86c_0_: finished. Total: 0.682 s, svn: 0.612 s [71% getFile content (47x), 29% getDir2 content (17x)] (65x), RepositoryConfigService: 0.487 s [100% getReadConfiguration (164x)] (180x)
2017-06-22 16:00:44,612 [PreLoadDataService | u:p] INFO  TXLOGGER  - Tx 5733d6aa4906d_0_5733d6aa4906d_0_: finished. Total: 0.352 s, svn: 0.296 s [84% getFile content (35x)] (42x), RepositoryConfigService: 0.296 s [99% getReadConfiguration (295x)] (370x)
2017-06-22 16:00:44,908 [PreLoadDataService | u:p] INFO  TXLOGGER  - Tx 5733d6aaa106e_0_5733d6aaa106e_0_: finished. Total: 0.295 s, svn: 0.275 s [53% getFile content (21x), 47% getDir2 content (17x)] (39x), RepositoryConfigService: 0.16 s [99% getReadConfiguration (88x)] (110x)
2017-06-22 16:00:45,056 [PreLoadDataService | u:p] INFO  TXLOGGER  - Tx 5733d6aaeb06f_0_5733d6aaeb06f_0_: finished. Total: 0.148 s, svn: 0.138 s [65% getDir2 content (11x), 35% getFile content (8x)] (20x), RepositoryConfigService: 0.0557 s [99% getReadConfiguration (38x)] (54x)
2017-06-22 16:00:45,333 [PreLoadDataService | u:p] INFO  TXLOGGER  - Tx 5733d6ab10070_0_5733d6ab10070_0_: finished. Total: 0.277 s, svn: 0.259 s [59% getFile content (24x), 41% getDir2 content (12x)] (37x), RepositoryConfigService: 0.167 s [100% getReadConfiguration (87x)] (109x)
2017-06-22 16:00:45,334 [PreLoadDataService] INFO  TXLOGGER  - Summary for 'PreloadDataService': Total: 3.33 s, transactions: 9, svn: 2.41 s [60% getFile content (182x), 35% getDir2 content (90x)] (301x), RepositoryConfigService: 1.48 s [98% getReadConfiguration (801x)] (981x), resolve: 0.727 s [30% TimePoint (5x), 27% Category (8x), 21% Project (5x), 21% User (8x)] (26x)
2017-06-22 16:00:45,334 [PreLoadDataService] INFO  TXLOGGER  - Summary after preload: transactions: 9, svn: 2.41 s [60% getFile content (182x), 35% getDir2 content (90x)] (302x), RepositoryConfigService: 1.48 s [98% getReadConfiguration (801x)] (981x), DB: 1.32 s [59% query (4078x), 26% update (4053x)] (20365x), SubterraURITable: 1.17 s [100% getDB (4052x)] (4052x), resolve: 0.727 s [30% TimePoint (5x), 27% Category (8x), 21% Project (5x), 21% User (9x)] (27x)
2017-06-22 16:04:20,135 [ajp-nio-8889-exec-5 | u:admin] INFO  TXLOGGER  - Summary for 'WorkItemDataService.saveWorkItem': Total: 0.138 s, transactions: 2, resolve: 0.0915 s [100% WorkItem (2x)] (2x), svn: 0.0466 s [50% info (3x), 24% getFile content (1x), 23% getDir2 content (1x)] (8x), derivedLinkedRevisionsContributor: 0.0185 s [100% fields (1x)] (1x), calculatedFieldsContributor: 0.0169 s [100% fields (1x)] (1x), RepositoryConfigService: 0.016 s [84% getExistingPrefixes (1x)] (5x), Lucene: 0.0145 s [100% search (1x)] (1x), permissions: 0.0137 s [100% readInstance (2x)] (2x)
2017-06-22 16:04:22,981 [ajp-nio-8889-exec-6 | u:admin] INFO  TXLOGGER  - Tx 5733d77ec1873_0_5733d77ec1873_0_: finished. Total: 1.15 s, svn: 0.681 s [91% endActivity (1x)] (10x), Lucene: 0.179 s [80% refresh (1x)] (3x), DB: 0.0578 s [98% update (17x)] (25x), processed revs: [109, 109 (delay 0s)], write: true
2017-06-22 16:04:23,292 [Persistence Events Processing Thread | u:p] INFO  TXLOGGER  - Tx 5733d77fe1474_0_5733d77fe1474_0_: finished. Total: 0.31 s, resolve: 0.203 s [64% WorkItem (8x), 36% User (11x)] (19x), svn: 0.176 s [55% getFile content (8x), 26% getDir2 content (2x)] (13x), ObjectMaps: 0.0266 s [38% getLastPromoted (7x), 36% getPrimaryObjectProperty (7x), 26% getPrimaryObjectLocation (7x)] (28x)
2017-06-22 16:04:23,405 [Persistence Events Processing Thread | u:p] INFO  TXLOGGER  - Tx 5733d7802f076_0_5733d7802f076_0_: finished. Total: 0.112 s, resolve: 0.0498 s [100% WorkItem (3x)] (5x), svn: 0.0462 s [35% getDir2 content (1x), 32% info (1x), 29% getFile content (1x)] (5x), Lucene: 0.0272 s [100% add (1x)] (1x)
2017-06-22 16:04:23,405 [Persistence Events Processing Thread | u:p] INFO  TXLOGGER  - Summary: Total: 0.424 s, transactions: 6, persistence listener: 0.424 s [73% notificationsCreatingListener (1x), 27% WorkItemActivityCreator (1x)] (7x), resolve: 0.253 s [71% WorkItem (11x), 29% User (12x)] (24x), svn: 0.222 s [49% getFile content (9x), 28% getDir2 content (3x), 22% info (3x)] (18x), ObjectMaps: 0.0298 s [36% getLastPromoted (8x), 34% getPrimaryObjectProperty (8x), 30% getPrimaryObjectLocation (8x)] (32x), Lucene: 0.0277 s [98% add (1x)] (3x)
2017-06-22 16:04:23,488 [ajp-nio-8889-exec-6 | u:admin] INFO  TXLOGGER  - Tx 5733d77fe1875_0_5733d77fe1875_0_: finished. Total: 0.506 s, RepositoryConfigService: 0.24 s [92% getReadConfiguration (321x)] (353x), svn: 0.15 s [70% getFile content (10x), 21% info (4x)] (17x), Lucene: 0.0406 s [100% search (9x)] (9x), ObjectMaps: 0.0296 s [100% getPrimaryObjectLocations (12x)] (12x)
2017-06-22 16:04:23,593 [ajp-nio-8889-exec-6 | u:admin] INFO  TXLOGGER  - Summary for 'WorkItemDataService.saveWorkItem': Total: 1.77 s, transactions: 2, svn: 0.83 s [75% endActivity (1x), 15% getFile content (12x)] (27x), RepositoryConfigService: 0.258 s [93% getReadConfiguration (343x)] (378x), Lucene: 0.219 s [65% refresh (1x), 23% search (10x)] (12x)
2017-06-22 16:04:28,973 [ajp-nio-8889-exec-1 | u:admin] INFO  TXLOGGER  - Summary for 'DebugService.deObfuscateStackTrace': Total: 0.108 s, transactions: 0
2017-06-22 16:04:41,753 [ajp-nio-8889-exec-3 | u:admin] INFO  TXLOGGER  - Summary for 'DebugService.deObfuscateStackTrace': Total: 0.121 s, transactions: 0
2017-06-22 16:04:57,295 [ajp-nio-8889-exec-5 | u:admin] INFO  TXLOGGER  - Summary for 'DebugService.deObfuscateStackTrace': Total: 0.101 s, transactions: 0
