2017-06-22 17:22:56,199 [main] INFO  com.polarion.platform.startup  - ****************************************************************
2017-06-22 17:22:56,199 [main] INFO  com.polarion.platform.startup  -                 Polarion starting, please wait!                 
2017-06-22 17:22:56,199 [main] INFO  com.polarion.platform.startup  - ****************************************************************
2017-06-22 17:22:56,200 [main] INFO  com.polarion.platform.startup  - Server start mode: normal
2017-06-22 17:22:56,200 [main] INFO  com.polarion.platform.startup  - ------------------------------
2017-06-22 17:22:56,200 [main] INFO  com.polarion.platform.startup  - Platform startup (Phase: 1/9)
2017-06-22 17:23:00,901 [main] INFO  com.polarion.platform.startup  - Opening historical database...
2017-06-22 17:23:01,052 [main] INFO  com.polarion.platform.startup  - Opening of historical database finished [ TIME 0.15 s. ]
2017-06-22 17:23:01,052 [main] INFO  com.polarion.platform.startup  - Opening head database...
2017-06-22 17:23:01,109 [main] INFO  com.polarion.platform.startup  - Opening of head database finished [ TIME 0.0562 s. ]
2017-06-22 17:23:01,346 [main | u:p] INFO  com.polarion.platform.startup  -  -- Polarion startup estimation:  [ TIME 63 s. ]
2017-06-22 17:23:01,501 [main | u:p] INFO  com.polarion.platform.startup  - Platform startup ... took  [ TIME 5.31 s. ]
2017-06-22 17:23:01,687 [main | u:p] INFO  com.polarion.platform.startup  - ------------------------------
2017-06-22 17:23:01,687 [main | u:p] INFO  com.polarion.platform.startup  - Context recognition (Phase: 2/9)
2017-06-22 17:23:01,721 [main | u:p] INFO  com.polarion.platform.startup  - Context recognition ... took  [ TIME 0.22 s. ]
2017-06-22 17:23:01,722 [main | u:p] INFO  com.polarion.platform.startup  - ------------------------------
2017-06-22 17:23:01,722 [main | u:p] INFO  com.polarion.platform.startup  - Context initialization (Phase: 3/9)
2017-06-22 17:23:01,725 [LowLevelDataService-contextInitializer-3 | u:p | context: MyPolarion] INFO  com.polarion.platform.startup  -  -- Initializing context: MyPolarion (2/8)
2017-06-22 17:23:01,725 [LowLevelDataService-contextInitializer-5 | u:p | context: library] INFO  com.polarion.platform.startup  -  -- Initializing context: library (4/8)
2017-06-22 17:23:01,725 [LowLevelDataService-contextInitializer-4 | u:p | context: --Demo Projects] INFO  com.polarion.platform.startup  -  -- Initializing context: --Demo Projects (5/8)
2017-06-22 17:23:01,726 [LowLevelDataService-contextInitializer-1 | u:p | context: [GLOBAL]] INFO  com.polarion.platform.startup  -  -- Initializing context: [GLOBAL] (1/8)
2017-06-22 17:23:01,726 [LowLevelDataService-contextInitializer-2 | u:p | cluster: default] INFO  com.polarion.platform.startup  -  -- Initializing cluster: default (3/8)
2017-06-22 17:23:01,731 [LowLevelDataService-contextInitializer-1 | u:p | context: CAPA] INFO  com.polarion.platform.startup  -  -- Initializing context: CAPA (6/8)
2017-06-22 17:23:01,809 [LowLevelDataService-contextInitializer-2 | u:p | context: elibrary] INFO  com.polarion.platform.startup  -  -- Initializing context: elibrary (7/8)
2017-06-22 17:23:01,966 [LowLevelDataService-contextInitializer-1 | u:p | context: drivepilot] INFO  com.polarion.platform.startup  -  -- Initializing context: drivepilot (8/8)
2017-06-22 17:23:03,033 [main | u:p] INFO  com.polarion.platform.startup  - Context initialization ... took  [ TIME 1.31 s. ]
2017-06-22 17:23:03,043 [main | u:p] INFO  com.polarion.platform.startup  - ------------------------------
2017-06-22 17:23:03,043 [main | u:p] INFO  com.polarion.platform.startup  - Revisions processing (Phase: 4/9)
2017-06-22 17:23:03,358 [main | u:p] INFO  com.polarion.platform.startup  -  -- Processing new revisions from repository default in context ContextId[context [global]]
2017-06-22 17:23:03,369 [main | u:p] INFO  com.polarion.platform.startup  - Revisions processing ... took  [ TIME 0.34 s. ]
2017-06-22 17:23:03,424 [main | u:p] INFO  com.polarion.platform.startup  - ------------------------------
2017-06-22 17:23:03,424 [main | u:p] INFO  com.polarion.platform.startup  - Build artifacts recognition (Phase: 5/9)
2017-06-22 17:23:03,434 [main | u:p] INFO  com.polarion.platform.startup  -  -- Processing build artifacts from context: [GLOBAL] (1/8)
2017-06-22 17:23:03,555 [main | u:p] INFO  com.polarion.platform.startup  -  -- Processing build artifacts from cluster: default (2/8)
2017-06-22 17:23:03,600 [main | u:p] INFO  com.polarion.platform.startup  -  -- Processing build artifacts from context: MyPolarion (3/8)
2017-06-22 17:23:03,648 [main | u:p] INFO  com.polarion.platform.startup  -  -- Processing build artifacts from context: --Demo Projects (4/8)
2017-06-22 17:23:03,687 [main | u:p] INFO  com.polarion.platform.startup  -  -- Processing build artifacts from context: library (5/8)
2017-06-22 17:23:03,731 [main | u:p] INFO  com.polarion.platform.startup  -  -- Processing build artifacts from context: CAPA (6/8)
2017-06-22 17:23:03,867 [main | u:p] INFO  com.polarion.platform.startup  -  -- Processing build artifacts from context: elibrary (7/8)
2017-06-22 17:23:04,033 [main | u:p] INFO  com.polarion.platform.startup  -  -- Processing build artifacts from context: drivepilot (8/8)
2017-06-22 17:23:04,033 [main | u:p] INFO  com.polarion.platform.startup  - Build artifacts recognition ... took  [ TIME 0.66 s. ]
2017-06-22 17:23:04,034 [main | u:p] INFO  com.polarion.platform.startup  - ------------------------------
2017-06-22 17:23:04,034 [main | u:p] INFO  com.polarion.platform.startup  - BIR inspection (Phase: 6/9)
2017-06-22 17:23:04,081 [main | u:p] INFO  com.polarion.platform.startup  - BIR inspection ... took  [ TIME 0.05 s. ]
2017-06-22 17:23:04,081 [main | u:p] INFO  com.polarion.platform.startup  - ------------------------------
2017-06-22 17:23:04,081 [main | u:p] INFO  com.polarion.platform.startup  - Data indexing (Phase: 7/9)
2017-06-22 17:23:04,285 [main | u:p] INFO  com.polarion.platform.startup  -  -- Refreshing 1 objects in index: Revision
2017-06-22 17:23:04,290 [main | u:p] INFO  com.polarion.platform.startup  -  -- -- 1 from 1 objects were refreshed (100%)
2017-06-22 17:23:04,531 [main | u:p] INFO  com.polarion.platform.startup  - Data indexing ... took  [ TIME 0.45 s. ]
2017-06-22 17:23:04,532 [main | u:p] INFO  com.polarion.platform.startup  - ------------------------------
2017-06-22 17:23:04,532 [main | u:p] INFO  com.polarion.platform.startup  - Fields recalculation (Phase: 8/9)
2017-06-22 17:23:04,546 [main | u:p] INFO  com.polarion.platform.startup  - Fields recalculation ... took  [ TIME 0.02 s. ]
2017-06-22 17:23:04,546 [main | u:p] INFO  com.polarion.platform.startup  - ------------------------------
2017-06-22 17:23:04,546 [main | u:p] INFO  com.polarion.platform.startup  - Polarion startup (Phase: 9/9)
2017-06-22 17:23:40,751 [main] INFO  com.polarion.platform.startup  - Polarion startup ... took  [ TIME 36.19 s. ]
2017-06-22 17:23:40,751 [main] INFO  com.polarion.platform.startup  - ****************************************************************
2017-06-22 17:23:40,751 [main] INFO  com.polarion.platform.startup  -                  Polarion started:  [ TIME 44.5 s. ]
2017-06-22 17:23:40,751 [main] INFO  com.polarion.platform.startup  - ****************************************************************
