2017-06-22 10:16:10,820 [main] INFO  com.polarion.platform.startup  - ****************************************************************
2017-06-22 10:16:10,821 [main] INFO  com.polarion.platform.startup  -                 Polarion starting, please wait!                 
2017-06-22 10:16:10,821 [main] INFO  com.polarion.platform.startup  - ****************************************************************
2017-06-22 10:16:10,821 [main] INFO  com.polarion.platform.startup  - Server start mode: normal
2017-06-22 10:16:10,821 [main] INFO  com.polarion.platform.startup  - ------------------------------
2017-06-22 10:16:10,821 [main] INFO  com.polarion.platform.startup  - Platform startup (Phase: 1/9)
2017-06-22 10:16:18,040 [main] INFO  com.polarion.platform.startup  - Opening historical database...
2017-06-22 10:16:18,222 [main] INFO  com.polarion.platform.startup  - Opening of historical database finished [ TIME 0.181 s. ]
2017-06-22 10:16:18,222 [main] INFO  com.polarion.platform.startup  - Opening head database...
2017-06-22 10:16:18,298 [main] INFO  com.polarion.platform.startup  - Opening of head database finished [ TIME 0.0758 s. ]
2017-06-22 10:16:18,509 [main | u:p] INFO  com.polarion.platform.startup  -  -- Polarion startup estimation:  [ TIME 56 s. ]
2017-06-22 10:16:18,639 [main | u:p] INFO  com.polarion.platform.startup  - Platform startup ... took  [ TIME 7.83 s. ]
2017-06-22 10:16:18,820 [main | u:p] INFO  com.polarion.platform.startup  - ------------------------------
2017-06-22 10:16:18,820 [main | u:p] INFO  com.polarion.platform.startup  - Context recognition (Phase: 2/9)
2017-06-22 10:16:18,864 [main | u:p] INFO  com.polarion.platform.startup  - Context recognition ... took  [ TIME 0.22 s. ]
2017-06-22 10:16:18,864 [main | u:p] INFO  com.polarion.platform.startup  - ------------------------------
2017-06-22 10:16:18,864 [main | u:p] INFO  com.polarion.platform.startup  - Context initialization (Phase: 3/9)
2017-06-22 10:16:18,875 [LowLevelDataService-contextInitializer-4 | u:p | context: --Demo Projects] INFO  com.polarion.platform.startup  -  -- Initializing context: --Demo Projects (4/8)
2017-06-22 10:16:18,875 [LowLevelDataService-contextInitializer-5 | u:p | context: library] INFO  com.polarion.platform.startup  -  -- Initializing context: library (3/8)
2017-06-22 10:16:18,875 [LowLevelDataService-contextInitializer-1 | u:p | context: [GLOBAL]] INFO  com.polarion.platform.startup  -  -- Initializing context: [GLOBAL] (1/8)
2017-06-22 10:16:18,875 [LowLevelDataService-contextInitializer-2 | u:p | cluster: default] INFO  com.polarion.platform.startup  -  -- Initializing cluster: default (2/8)
2017-06-22 10:16:18,875 [LowLevelDataService-contextInitializer-3 | u:p | context: MyPolarion] INFO  com.polarion.platform.startup  -  -- Initializing context: MyPolarion (5/8)
2017-06-22 10:16:18,880 [LowLevelDataService-contextInitializer-1 | u:p | context: CAPA] INFO  com.polarion.platform.startup  -  -- Initializing context: CAPA (6/8)
2017-06-22 10:16:18,989 [LowLevelDataService-contextInitializer-2 | u:p | context: elibrary] INFO  com.polarion.platform.startup  -  -- Initializing context: elibrary (7/8)
2017-06-22 10:16:19,157 [LowLevelDataService-contextInitializer-4 | u:p | context: drivepilot] INFO  com.polarion.platform.startup  -  -- Initializing context: drivepilot (8/8)
2017-06-22 10:16:20,221 [main | u:p] INFO  com.polarion.platform.startup  - Context initialization ... took  [ TIME 1.36 s. ]
2017-06-22 10:16:20,230 [main | u:p] INFO  com.polarion.platform.startup  - ------------------------------
2017-06-22 10:16:20,230 [main | u:p] INFO  com.polarion.platform.startup  - Revisions processing (Phase: 4/9)
2017-06-22 10:16:20,514 [main | u:p] INFO  com.polarion.platform.startup  -  -- Processing new revisions from repository default in context ContextId[context [global]]
2017-06-22 10:16:20,522 [main | u:p] INFO  com.polarion.platform.startup  - Revisions processing ... took  [ TIME 0.3 s. ]
2017-06-22 10:16:20,570 [main | u:p] INFO  com.polarion.platform.startup  - ------------------------------
2017-06-22 10:16:20,570 [main | u:p] INFO  com.polarion.platform.startup  - Build artifacts recognition (Phase: 5/9)
2017-06-22 10:16:20,577 [main | u:p] INFO  com.polarion.platform.startup  -  -- Processing build artifacts from context: [GLOBAL] (1/8)
2017-06-22 10:16:20,727 [main | u:p] INFO  com.polarion.platform.startup  -  -- Processing build artifacts from cluster: default (2/8)
2017-06-22 10:16:20,804 [main | u:p] INFO  com.polarion.platform.startup  -  -- Processing build artifacts from context: MyPolarion (3/8)
2017-06-22 10:16:20,858 [main | u:p] INFO  com.polarion.platform.startup  -  -- Processing build artifacts from context: --Demo Projects (4/8)
2017-06-22 10:16:20,907 [main | u:p] INFO  com.polarion.platform.startup  -  -- Processing build artifacts from context: library (5/8)
2017-06-22 10:16:20,962 [main | u:p] INFO  com.polarion.platform.startup  -  -- Processing build artifacts from context: CAPA (6/8)
2017-06-22 10:16:21,084 [main | u:p] INFO  com.polarion.platform.startup  -  -- Processing build artifacts from context: elibrary (7/8)
2017-06-22 10:16:21,224 [main | u:p] INFO  com.polarion.platform.startup  -  -- Processing build artifacts from context: drivepilot (8/8)
2017-06-22 10:16:21,224 [main | u:p] INFO  com.polarion.platform.startup  - Build artifacts recognition ... took  [ TIME 0.7 s. ]
2017-06-22 10:16:21,225 [main | u:p] INFO  com.polarion.platform.startup  - ------------------------------
2017-06-22 10:16:21,225 [main | u:p] INFO  com.polarion.platform.startup  - BIR inspection (Phase: 6/9)
2017-06-22 10:16:21,289 [main | u:p] INFO  com.polarion.platform.startup  - BIR inspection ... took  [ TIME 0.06 s. ]
2017-06-22 10:16:21,319 [main | u:p] INFO  com.polarion.platform.startup  - ------------------------------
2017-06-22 10:16:21,319 [main | u:p] INFO  com.polarion.platform.startup  - Data indexing (Phase: 7/9)
2017-06-22 10:16:21,524 [main | u:p] INFO  com.polarion.platform.startup  -  -- Refreshing 4 objects in index: Build
2017-06-22 10:16:21,526 [main | u:p] INFO  com.polarion.platform.startup  -  -- -- 4 from 4 objects were refreshed (100%)
2017-06-22 10:16:21,788 [main | u:p] INFO  com.polarion.platform.startup  -  -- Refreshing 9 objects in index: BuildArtifact
2017-06-22 10:16:21,799 [main | u:p] INFO  com.polarion.platform.startup  -  -- -- 9 from 9 objects were refreshed (100%)
2017-06-22 10:16:21,950 [main | u:p] INFO  com.polarion.platform.startup  -  -- Refreshing 1 objects in index: Revision
2017-06-22 10:16:21,951 [main | u:p] INFO  com.polarion.platform.startup  -  -- -- 1 from 1 objects were refreshed (100%)
2017-06-22 10:16:22,039 [main | u:p] INFO  com.polarion.platform.startup  - Data indexing ... took  [ TIME 0.75 s. ]
2017-06-22 10:16:22,040 [main | u:p] INFO  com.polarion.platform.startup  - ------------------------------
2017-06-22 10:16:22,040 [main | u:p] INFO  com.polarion.platform.startup  - Fields recalculation (Phase: 8/9)
2017-06-22 10:16:22,062 [main | u:p] INFO  com.polarion.platform.startup  - Fields recalculation ... took  [ TIME 0.02 s. ]
2017-06-22 10:16:22,062 [main | u:p] INFO  com.polarion.platform.startup  - ------------------------------
2017-06-22 10:16:22,062 [main | u:p] INFO  com.polarion.platform.startup  - Polarion startup (Phase: 9/9)
2017-06-22 10:16:59,415 [main] INFO  com.polarion.platform.startup  - Polarion startup ... took  [ TIME 37.35 s. ]
2017-06-22 10:16:59,415 [main] INFO  com.polarion.platform.startup  - ****************************************************************
2017-06-22 10:16:59,415 [main] INFO  com.polarion.platform.startup  -                  Polarion started:  [ TIME 48.6 s. ]
2017-06-22 10:16:59,415 [main] INFO  com.polarion.platform.startup  - ****************************************************************
