2017-06-22 15:48:59,346 [main | u:p] INFO  TXLOGGER  - Summary for 'Platform startup': transactions: 0, DB: 0.0437 s [50% update (126x), 49% query (13x)] (206x), svn: 0.0257 s [86% checkPath (1x)] (3x)
2017-06-22 15:48:59,552 [main | u:p] INFO  TXLOGGER  - Summary for 'Context recognition': transactions: 0, svn: 0.0845 s [40% getDir2 content (2x), 35% info (3x), 25% getFile content (1x)] (6x)
2017-06-22 15:49:00,887 [LowLevelDataService-contextInitializer-5 | u:p] INFO  TXLOGGER  - Summary: Total: 1.33 s, transactions: 0
2017-06-22 15:49:00,887 [LowLevelDataService-contextInitializer-3 | u:p] INFO  TXLOGGER  - Summary: Total: 1.33 s, transactions: 0, ObjectMaps: 0.285 s [100% getAllPrimaryObjects (1x)] (7x)
2017-06-22 15:49:00,887 [LowLevelDataService-contextInitializer-1 | u:p] INFO  TXLOGGER  - Summary: Total: 1.33 s, transactions: 0, svn: 0.171 s [98% log2 (10x)] (12x), ObjectMaps: 0.0703 s [97% getAllPrimaryObjects (2x)] (20x)
2017-06-22 15:49:00,887 [LowLevelDataService-contextInitializer-2 | u:p] INFO  TXLOGGER  - Summary: Total: 1.33 s, transactions: 0, svn: 0.124 s [97% log2 (6x)] (8x)
2017-06-22 15:49:00,887 [LowLevelDataService-contextInitializer-4 | u:p] INFO  TXLOGGER  - Summary: Total: 1.33 s, transactions: 0, svn: 0.185 s [47% log2 (5x), 27% log (1x), 14% info (4x)] (15x)
2017-06-22 15:49:00,888 [main | u:p] INFO  TXLOGGER  - Summary for 'Context initialization': transactions: 0, svn: 0.566 s [81% log2 (31x)] (47x), ObjectMaps: 0.449 s [100% getAllPrimaryObjects (7x)] (55x)
2017-06-22 15:49:01,224 [main | u:p] INFO  TXLOGGER  - Summary for 'Revisions processing': transactions: 14, RepositoryConfigService: 0.205 s [100% getReadConfiguration (42x)] (42x), svn: 0.118 s [91% info (15x)] (32x)
2017-06-22 15:49:01,948 [main | u:p] INFO  TXLOGGER  - Summary for 'Build artifacts recognition': transactions: 40, svn: 0.572 s [85% info (78x)] (131x), RepositoryConfigService: 0.462 s [100% getReadConfiguration (80x)] (80x)
2017-06-22 15:49:02,578 [main | u:p] INFO  TXLOGGER  - Summary for 'Data indexing': transactions: 0, Lucene: 0.27 s [100% refresh (2x)] (2x), SubterraURITable: 0.0246 s [100% addIfNotExistsDB (17x)] (17x), DB: 0.0235 s [51% update (38x), 22% query (17x), 20% execute (12x)] (103x)
2017-06-22 15:49:39,322 [main] INFO  TXLOGGER  - Summary for 'Polarion startup': transactions: 1, svn: 0.345 s [80% info (47x)] (67x), RepositoryConfigService: 0.0339 s [100% getReadConfiguration (2x)] (2x)
2017-06-22 15:49:39,426 [Persistence Events Processing Thread | u:p] INFO  TXLOGGER  - Summary: Total: 0.1 s, transactions: 6, persistence listener: 0.0998 s [92% notificationsCreatingListener (1x)] (7x)
2017-06-22 15:49:39,502 [Worker-0 | u:p | job: polarion.jobs.attachment.indexer] INFO  TXLOGGER  - Summary after AttachmentIndexer: transactions: 48, persistence listener: 0.104 s [89% notificationsCreatingListener (8x)] (56x), Lucene: 0.0704 s [100% add (2x)] (2x), resolve: 0.0408 s [90% User (2x)] (5x), ObjectMaps: 0.0124 s [100% getPrimaryObjectLocation (2x)] (2x)
2017-06-22 15:49:40,226 [PreLoadDataService | u:p] INFO  TXLOGGER  - Tx 5733d420f0838_0_5733d420f0838_0_: finished. Total: 0.894 s, resolve: 0.488 s [52% TimePoint (5x), 48% Category (8x)] (13x), svn: 0.462 s [59% getDir2 content (25x), 41% getFile content (15x)] (43x), ObjectMaps: 0.0533 s [50% getPrimaryObjectLocation (13x), 30% getPrimaryObjectProperty (13x), 20% getLastPromoted (13x)] (55x)
2017-06-22 15:49:40,794 [PreLoadDataService | u:p] INFO  TXLOGGER  - Tx 5733d4220606a_0_5733d4220606a_0_: finished. Total: 0.354 s, svn: 0.201 s [63% getFile content (14x), 37% info (10x)] (25x), resolve: 0.185 s [100% User (8x)] (8x), RepositoryConfigService: 0.138 s [81% getReadConfiguration (72x)] (74x), ObjectMaps: 0.0234 s [42% getPrimaryObjectLocation (8x), 31% getPrimaryObjectProperty (8x), 26% getLastPromoted (8x)] (33x)
2017-06-22 15:49:40,937 [PreLoadDataService | u:p] INFO  TXLOGGER  - Tx 5733d4225e86b_0_5733d4225e86b_0_: finished. Total: 0.143 s, RepositoryConfigService: 0.121 s [99% getReadConfiguration (55x)] (78x), svn: 0.1 s [100% getFile content (13x)] (14x)
2017-06-22 15:49:41,079 [DBHistoryCreator-1 | u:p] INFO  TXLOGGER  - Summary: Total: 1.54 s, transactions: 0
2017-06-22 15:49:41,079 [DBHistoryCreator-2 | u:p] INFO  TXLOGGER  - Summary: Total: 1.54 s, transactions: 0
2017-06-22 15:49:41,080 [Worker-1 | u:p | job: polarion.jobs.db.history] INFO  TXLOGGER  - Summary after DBHistoryCreator: transactions: 0, Lucene: 0.0258 s [100% add (1x)] (1x), DB: 0.00155 s [74% update (2x), 26% commit (2x)] (4x)
2017-06-22 15:49:41,080 [Worker-1 | u:p] INFO  TXLOGGER  - Summary for 'job: polarion.jobs.db.history': Total: 1.58 s, transactions: 0, SubterraURITable: 1.24 s [100% getDB (4046x)] (4046x), DB: 1.19 s [50% query (4072x), 32% update (4047x)] (20331x)
2017-06-22 15:49:41,931 [PreLoadDataService | u:p] INFO  TXLOGGER  - Tx 5733d4228286c_0_5733d4228286c_0_: finished. Total: 0.993 s, svn: 0.91 s [70% getFile content (47x), 30% getDir2 content (17x)] (65x), RepositoryConfigService: 0.704 s [100% getReadConfiguration (164x)] (180x)
2017-06-22 15:49:42,244 [PreLoadDataService | u:p] INFO  TXLOGGER  - Tx 5733d4237ac6d_0_5733d4237ac6d_0_: finished. Total: 0.314 s, svn: 0.268 s [84% getFile content (35x)] (42x), RepositoryConfigService: 0.261 s [99% getReadConfiguration (295x)] (370x)
2017-06-22 15:49:42,596 [PreLoadDataService | u:p] INFO  TXLOGGER  - Tx 5733d423c906e_0_5733d423c906e_0_: finished. Total: 0.352 s, svn: 0.332 s [51% getDir2 content (17x), 49% getFile content (21x)] (39x), RepositoryConfigService: 0.178 s [100% getReadConfiguration (88x)] (110x)
2017-06-22 15:49:42,713 [PreLoadDataService | u:p] INFO  TXLOGGER  - Tx 5733d4242106f_0_5733d4242106f_0_: finished. Total: 0.116 s, svn: 0.107 s [58% getDir2 content (11x), 42% getFile content (8x)] (20x), RepositoryConfigService: 0.0513 s [99% getReadConfiguration (38x)] (54x)
2017-06-22 15:49:43,003 [PreLoadDataService | u:p] INFO  TXLOGGER  - Tx 5733d4243e470_0_5733d4243e470_0_: finished. Total: 0.289 s, svn: 0.27 s [53% getFile content (24x), 47% getDir2 content (12x)] (37x), RepositoryConfigService: 0.159 s [99% getReadConfiguration (87x)] (109x)
2017-06-22 15:49:43,003 [PreLoadDataService] INFO  TXLOGGER  - Summary for 'PreloadDataService': Total: 3.67 s, transactions: 9, svn: 2.73 s [61% getFile content (182x), 35% getDir2 content (90x)] (301x), RepositoryConfigService: 1.64 s [98% getReadConfiguration (801x)] (981x), resolve: 0.83 s [31% TimePoint (5x), 28% Category (8x), 22% User (8x)] (26x)
2017-06-22 15:49:43,003 [PreLoadDataService] INFO  TXLOGGER  - Summary after preload: transactions: 9, svn: 2.73 s [61% getFile content (182x), 35% getDir2 content (90x)] (302x), RepositoryConfigService: 1.64 s [98% getReadConfiguration (801x)] (981x), SubterraURITable: 1.24 s [100% getDB (4046x)] (4046x), DB: 1.19 s [50% query (4072x), 32% update (4047x)] (20331x), resolve: 0.831 s [31% TimePoint (5x), 28% Category (8x), 22% User (9x)] (27x)
2017-06-22 15:49:48,443 [ajp-nio-8889-exec-5 | u:admin] INFO  TXLOGGER  - Tx 5733d42931c71_0_5733d42931c71_0_: finished. Total: 0.66 s, RepositoryConfigService: 0.206 s [84% getReadConfiguration (155x)] (180x), svn: 0.181 s [50% getFile content (11x), 33% info (7x)] (23x), resolve: 0.0858 s [99% WorkItem (1x)] (22x), Lucene: 0.0349 s [100% search (12x)] (12x)
2017-06-22 15:49:48,560 [ajp-nio-8889-exec-5 | u:admin] INFO  TXLOGGER  - Summary for 'WorkItemDataService.loadWorkitem': Total: 0.779 s, transactions: 1, RepositoryConfigService: 0.206 s [84% getReadConfiguration (155x)] (180x), svn: 0.181 s [50% getFile content (11x), 33% info (7x)] (23x), resolve: 0.0858 s [99% WorkItem (1x)] (22x)
2017-06-22 15:50:08,428 [ajp-nio-8889-exec-10 | u:admin] INFO  TXLOGGER  - Tx 5733d43c6d873_0_5733d43c6d873_0_: finished. Total: 0.95 s, svn: 0.702 s [88% endActivity (1x)] (15x), Lucene: 0.0531 s [99% add (2x)] (4x), resolve: 0.049 s [99% WorkItem (4x)] (9x), processed revs: [104, 104 (delay 0s)], write: true
2017-06-22 15:50:08,596 [ajp-nio-8889-exec-10 | u:admin] INFO  TXLOGGER  - Tx 5733d43d5b075_0_5733d43d5b075_0_: finished. Total: 0.167 s, resolve: 0.0942 s [98% WorkItem (1x)] (22x), svn: 0.0818 s [44% getDir2 content (1x), 27% getFile content (1x), 27% info (1x)] (5x), ObjectMaps: 0.0131 s [57% getPrimaryObjectLocation (1x), 35% getPrimaryObjectLocations (10x)] (14x)
2017-06-22 15:50:08,604 [ajp-nio-8889-exec-10 | u:admin] INFO  TXLOGGER  - Summary for 'WorkItemDataService.saveWorkItem': Total: 1.14 s, transactions: 2, svn: 0.784 s [79% endActivity (1x), 7% info (7x)] (20x), resolve: 0.143 s [99% WorkItem (5x)] (31x), Lucene: 0.063 s [83% add (2x)] (9x)
2017-06-22 15:50:08,645 [Persistence Events Processing Thread | u:p] INFO  TXLOGGER  - Tx 5733d43d5ac74_0_5733d43d5ac74_0_: finished. Total: 0.217 s, resolve: 0.0869 s [80% WorkItem (2x)] (4x), svn: 0.0851 s [49% getFile content (3x), 25% info (1x), 25% getDir2 content (1x)] (6x), RepositoryConfigService: 0.0123 s [100% getReadConfiguration (9x)] (10x)
2017-06-22 15:50:08,846 [Persistence Events Processing Thread | u:p] INFO  TXLOGGER  - Tx 5733d43d91476_0_5733d43d91476_0_: finished. Total: 0.2 s, svn: 0.0821 s [49% getFile content (2x), 26% info (1x), 24% getDir2 content (1x)] (6x), RepositoryConfigService: 0.0817 s [100% getReadConfiguration (12x)] (13x), resolve: 0.0712 s [100% WorkItem (3x)] (5x), Lucene: 0.024 s [100% add (1x)] (1x)
2017-06-22 15:50:08,846 [Persistence Events Processing Thread | u:p] INFO  TXLOGGER  - Summary: Total: 0.419 s, transactions: 6, persistence listener: 0.419 s [52% notificationsCreatingListener (1x), 48% WorkItemActivityCreator (1x)] (7x), svn: 0.167 s [49% getFile content (5x), 26% info (2x), 24% getDir2 content (2x)] (12x), resolve: 0.158 s [89% WorkItem (5x)] (9x), RepositoryConfigService: 0.094 s [100% getReadConfiguration (21x)] (23x), Lucene: 0.024 s [100% add (1x)] (1x)
2017-06-22 15:50:35,109 [ajp-nio-8889-exec-5 | u:admin] INFO  TXLOGGER  - Tx 5733d456ad883_0_5733d456ad883_0_: finished. Total: 0.75 s, svn: 0.641 s [90% endActivity (1x)] (9x), Lucene: 0.0522 s [63% refresh (1x), 37% add (1x)] (2x), resolve: 0.0504 s [99% WorkItem (2x)] (9x), processed revs: [105, 105 (delay 0s)], write: true
2017-06-22 15:50:35,186 [ajp-nio-8889-exec-5 | u:admin] INFO  TXLOGGER  - Summary for 'WorkItemDataService.saveWorkItem': Total: 0.829 s, transactions: 2, svn: 0.641 s [90% endActivity (1x)] (9x), Lucene: 0.0606 s [54% refresh (1x), 32% add (1x)] (3x), resolve: 0.0525 s [97% WorkItem (6x)] (34x)
2017-06-22 15:50:35,383 [Persistence Events Processing Thread | u:p] INFO  TXLOGGER  - Tx 5733d45769084_0_5733d45769084_0_: finished. Total: 0.275 s, resolve: 0.255 s [83% WorkItem (7x)] (16x), svn: 0.188 s [51% getFile content (5x), 27% info (2x), 22% getDir2 content (2x)] (10x), ObjectMaps: 0.0588 s [56% getLastPromoted (5x), 31% getPrimaryObjectLocation (5x)] (20x)
2017-06-22 15:50:35,501 [Persistence Events Processing Thread | u:p] INFO  TXLOGGER  - Tx 5733d457adc87_0_5733d457adc87_0_: finished. Total: 0.117 s, resolve: 0.0791 s [100% WorkItem (3x)] (7x), svn: 0.0603 s [47% getFile content (1x), 26% getDir2 content (1x), 25% info (1x)] (5x), Lucene: 0.025 s [100% add (1x)] (1x)
2017-06-22 15:50:35,502 [Persistence Events Processing Thread | u:p] INFO  TXLOGGER  - Summary: Total: 0.393 s, transactions: 6, persistence listener: 0.393 s [70% notificationsCreatingListener (1x), 30% WorkItemActivityCreator (1x)] (7x), resolve: 0.334 s [87% WorkItem (10x)] (23x), svn: 0.248 s [50% getFile content (6x), 26% info (3x), 23% getDir2 content (3x)] (15x), ObjectMaps: 0.0623 s [54% getLastPromoted (6x), 32% getPrimaryObjectLocation (6x)] (26x), Lucene: 0.025 s [100% add (1x)] (1x)
2017-06-22 15:50:40,488 [ajp-nio-8889-exec-9 | u:admin] INFO  TXLOGGER  - Tx 5733d45be2093_0_5733d45be2093_0_: finished. Total: 0.799 s, svn: 0.679 s [88% endActivity (1x)] (9x), resolve: 0.0831 s [99% WorkItem (2x)] (10x), Lucene: 0.0643 s [49% refresh (1x), 29% add (1x), 22% search (1x)] (3x), processed revs: [106, 106 (delay 0s)], write: true
2017-06-22 15:50:40,536 [ajp-nio-8889-exec-9 | u:admin] INFO  TXLOGGER  - Summary for 'WorkItemDataService.saveWorkItem': Total: 0.848 s, transactions: 2, svn: 0.679 s [88% endActivity (1x)] (9x), resolve: 0.085 s [98% WorkItem (6x)] (35x), Lucene: 0.0724 s [44% refresh (1x), 31% search (2x), 25% add (1x)] (4x)
2017-06-22 15:50:40,741 [Persistence Events Processing Thread | u:p] INFO  TXLOGGER  - Tx 5733d45caa094_0_5733d45caa094_0_: finished. Total: 0.253 s, resolve: 0.248 s [85% WorkItem (8x)] (19x), svn: 0.215 s [36% getFile content (5x), 35% getDir2 content (2x), 28% info (2x)] (10x), ObjectMaps: 0.0262 s [64% getPrimaryObjectLocation (5x), 23% getPrimaryObjectProperty (5x)] (20x)
2017-06-22 15:50:40,820 [Persistence Events Processing Thread | u:p] INFO  TXLOGGER  - Summary: Total: 0.332 s, transactions: 6, persistence listener: 0.332 s [76% notificationsCreatingListener (1x), 24% WorkItemActivityCreator (1x)] (7x), resolve: 0.303 s [88% WorkItem (11x)] (24x), svn: 0.266 s [36% getFile content (6x), 35% getDir2 content (3x), 29% info (3x)] (15x), ObjectMaps: 0.0297 s [63% getPrimaryObjectLocation (6x), 23% getPrimaryObjectProperty (6x)] (24x), Lucene: 0.0184 s [100% add (1x)] (1x)
