2017-06-22 18:46:30,922 [main] INFO  com.polarion.platform.startup  - ****************************************************************
2017-06-22 18:46:30,922 [main] INFO  com.polarion.platform.startup  -                 Polarion starting, please wait!                 
2017-06-22 18:46:30,922 [main] INFO  com.polarion.platform.startup  - ****************************************************************
2017-06-22 18:46:30,922 [main] INFO  com.polarion.platform.startup  - Server start mode: normal
2017-06-22 18:46:30,922 [main] INFO  com.polarion.platform.startup  - ------------------------------
2017-06-22 18:46:30,923 [main] INFO  com.polarion.platform.startup  - Platform startup (Phase: 1/9)
2017-06-22 18:46:35,402 [main] INFO  com.polarion.platform.startup  - Opening historical database...
2017-06-22 18:46:35,543 [main] INFO  com.polarion.platform.startup  - Opening of historical database finished [ TIME 0.142 s. ]
2017-06-22 18:46:35,543 [main] INFO  com.polarion.platform.startup  - Opening head database...
2017-06-22 18:46:35,610 [main] INFO  com.polarion.platform.startup  - Opening of head database finished [ TIME 0.0668 s. ]
2017-06-22 18:46:35,817 [main | u:p] INFO  com.polarion.platform.startup  -  -- Polarion startup estimation:  [ TIME 51 s. ]
2017-06-22 18:46:35,951 [main | u:p] INFO  com.polarion.platform.startup  - Platform startup ... took  [ TIME 5.04 s. ]
2017-06-22 18:46:36,122 [main | u:p] INFO  com.polarion.platform.startup  - ------------------------------
2017-06-22 18:46:36,122 [main | u:p] INFO  com.polarion.platform.startup  - Context recognition (Phase: 2/9)
2017-06-22 18:46:36,173 [main | u:p] INFO  com.polarion.platform.startup  - Context recognition ... took  [ TIME 0.22 s. ]
2017-06-22 18:46:36,174 [main | u:p] INFO  com.polarion.platform.startup  - ------------------------------
2017-06-22 18:46:36,174 [main | u:p] INFO  com.polarion.platform.startup  - Context initialization (Phase: 3/9)
2017-06-22 18:46:36,177 [LowLevelDataService-contextInitializer-4 | u:p | context: --Demo Projects] INFO  com.polarion.platform.startup  -  -- Initializing context: --Demo Projects (3/8)
2017-06-22 18:46:36,178 [LowLevelDataService-contextInitializer-2 | u:p | cluster: default] INFO  com.polarion.platform.startup  -  -- Initializing cluster: default (4/8)
2017-06-22 18:46:36,178 [LowLevelDataService-contextInitializer-5 | u:p | context: library] INFO  com.polarion.platform.startup  -  -- Initializing context: library (5/8)
2017-06-22 18:46:36,178 [LowLevelDataService-contextInitializer-1 | u:p | context: [GLOBAL]] INFO  com.polarion.platform.startup  -  -- Initializing context: [GLOBAL] (1/8)
2017-06-22 18:46:36,177 [LowLevelDataService-contextInitializer-3 | u:p | context: MyPolarion] INFO  com.polarion.platform.startup  -  -- Initializing context: MyPolarion (2/8)
2017-06-22 18:46:36,183 [LowLevelDataService-contextInitializer-1 | u:p | context: CAPA] INFO  com.polarion.platform.startup  -  -- Initializing context: CAPA (6/8)
2017-06-22 18:46:36,284 [LowLevelDataService-contextInitializer-2 | u:p | context: elibrary] INFO  com.polarion.platform.startup  -  -- Initializing context: elibrary (7/8)
2017-06-22 18:46:36,499 [LowLevelDataService-contextInitializer-4 | u:p | context: drivepilot] INFO  com.polarion.platform.startup  -  -- Initializing context: drivepilot (8/8)
2017-06-22 18:46:37,590 [main | u:p] INFO  com.polarion.platform.startup  - Context initialization ... took  [ TIME 1.42 s. ]
2017-06-22 18:46:37,601 [main | u:p] INFO  com.polarion.platform.startup  - ------------------------------
2017-06-22 18:46:37,601 [main | u:p] INFO  com.polarion.platform.startup  - Revisions processing (Phase: 4/9)
2017-06-22 18:46:37,890 [main | u:p] INFO  com.polarion.platform.startup  -  -- Processing new revisions from repository default in context ContextId[context [global]]
2017-06-22 18:46:37,899 [main | u:p] INFO  com.polarion.platform.startup  - Revisions processing ... took  [ TIME 0.31 s. ]
2017-06-22 18:46:37,962 [main | u:p] INFO  com.polarion.platform.startup  - ------------------------------
2017-06-22 18:46:37,962 [main | u:p] INFO  com.polarion.platform.startup  - Build artifacts recognition (Phase: 5/9)
2017-06-22 18:46:37,973 [main | u:p] INFO  com.polarion.platform.startup  -  -- Processing build artifacts from context: [GLOBAL] (1/8)
2017-06-22 18:46:38,130 [main | u:p] INFO  com.polarion.platform.startup  -  -- Processing build artifacts from cluster: default (2/8)
2017-06-22 18:46:38,212 [main | u:p] INFO  com.polarion.platform.startup  -  -- Processing build artifacts from context: MyPolarion (3/8)
2017-06-22 18:46:38,273 [main | u:p] INFO  com.polarion.platform.startup  -  -- Processing build artifacts from context: --Demo Projects (4/8)
2017-06-22 18:46:38,341 [main | u:p] INFO  com.polarion.platform.startup  -  -- Processing build artifacts from context: library (5/8)
2017-06-22 18:46:38,404 [main | u:p] INFO  com.polarion.platform.startup  -  -- Processing build artifacts from context: CAPA (6/8)
2017-06-22 18:46:38,553 [main | u:p] INFO  com.polarion.platform.startup  -  -- Processing build artifacts from context: elibrary (7/8)
2017-06-22 18:46:38,729 [main | u:p] INFO  com.polarion.platform.startup  -  -- Processing build artifacts from context: drivepilot (8/8)
2017-06-22 18:46:38,729 [main | u:p] INFO  com.polarion.platform.startup  - Build artifacts recognition ... took  [ TIME 0.83 s. ]
2017-06-22 18:46:38,729 [main | u:p] INFO  com.polarion.platform.startup  - ------------------------------
2017-06-22 18:46:38,729 [main | u:p] INFO  com.polarion.platform.startup  - BIR inspection (Phase: 6/9)
2017-06-22 18:46:38,778 [main | u:p] INFO  com.polarion.platform.startup  - BIR inspection ... took  [ TIME 0.05 s. ]
2017-06-22 18:46:38,779 [main | u:p] INFO  com.polarion.platform.startup  - ------------------------------
2017-06-22 18:46:38,779 [main | u:p] INFO  com.polarion.platform.startup  - Data indexing (Phase: 7/9)
2017-06-22 18:46:38,983 [main | u:p] INFO  com.polarion.platform.startup  -  -- Refreshing 1 objects in index: Revision
2017-06-22 18:46:38,988 [main | u:p] INFO  com.polarion.platform.startup  -  -- -- 1 from 1 objects were refreshed (100%)
2017-06-22 18:46:39,245 [main | u:p] INFO  com.polarion.platform.startup  - Data indexing ... took  [ TIME 0.47 s. ]
2017-06-22 18:46:39,246 [main | u:p] INFO  com.polarion.platform.startup  - ------------------------------
2017-06-22 18:46:39,246 [main | u:p] INFO  com.polarion.platform.startup  - Fields recalculation (Phase: 8/9)
2017-06-22 18:46:39,263 [main | u:p] INFO  com.polarion.platform.startup  - Fields recalculation ... took  [ TIME 0.02 s. ]
2017-06-22 18:46:39,263 [main | u:p] INFO  com.polarion.platform.startup  - ------------------------------
2017-06-22 18:46:39,263 [main | u:p] INFO  com.polarion.platform.startup  - Polarion startup (Phase: 9/9)
2017-06-22 18:47:15,108 [main] INFO  com.polarion.platform.startup  - Polarion startup ... took  [ TIME 35.84 s. ]
2017-06-22 18:47:15,108 [main] INFO  com.polarion.platform.startup  - ****************************************************************
2017-06-22 18:47:15,108 [main] INFO  com.polarion.platform.startup  -                  Polarion started:  [ TIME 44.2 s. ]
2017-06-22 18:47:15,108 [main] INFO  com.polarion.platform.startup  - ****************************************************************
