2017-06-22 10:45:20,893 [main | u:p] INFO  TXLOGGER  - Summary for 'Platform startup': transactions: 0, DB: 0.0396 s [51% query (13x), 47% update (126x)] (206x), svn: 0.0253 s [88% checkPath (1x)] (3x)
2017-06-22 10:45:21,075 [main | u:p] INFO  TXLOGGER  - Summary for 'Context recognition': transactions: 0, svn: 0.066 s [39% info (3x), 32% getDir2 content (2x), 29% getFile content (1x)] (6x)
2017-06-22 10:45:22,303 [LowLevelDataService-contextInitializer-1 | u:p] INFO  TXLOGGER  - Summary: Total: 1.22 s, transactions: 0, svn: 0.0634 s [97% log2 (5x)] (6x)
2017-06-22 10:45:22,303 [LowLevelDataService-contextInitializer-5 | u:p] INFO  TXLOGGER  - Summary: Total: 1.22 s, transactions: 0, svn: 0.144 s [39% log2 (5x), 26% log (1x), 19% info (4x)] (15x)
2017-06-22 10:45:22,303 [LowLevelDataService-contextInitializer-3 | u:p] INFO  TXLOGGER  - Summary: Total: 1.22 s, transactions: 0, ObjectMaps: 0.276 s [100% getAllPrimaryObjects (1x)] (7x)
2017-06-22 10:45:22,303 [LowLevelDataService-contextInitializer-2 | u:p] INFO  TXLOGGER  - Summary: Total: 1.22 s, transactions: 0, svn: 0.111 s [97% log2 (6x)] (8x)
2017-06-22 10:45:22,303 [LowLevelDataService-contextInitializer-4 | u:p] INFO  TXLOGGER  - Summary: Total: 1.22 s, transactions: 0, svn: 0.128 s [96% log2 (10x)] (12x), ObjectMaps: 0.0684 s [97% getAllPrimaryObjects (2x)] (20x)
2017-06-22 10:45:22,304 [main | u:p] INFO  TXLOGGER  - Summary for 'Context initialization': transactions: 0, svn: 0.468 s [79% log2 (31x), 8% log (1x)] (47x), ObjectMaps: 0.429 s [99% getAllPrimaryObjects (7x)] (55x)
2017-06-22 10:45:22,611 [main | u:p] INFO  TXLOGGER  - Summary for 'Revisions processing': transactions: 14, RepositoryConfigService: 0.202 s [100% getReadConfiguration (42x)] (42x), svn: 0.11 s [92% info (15x)] (32x)
2017-06-22 10:45:23,245 [main | u:p] INFO  TXLOGGER  - Summary for 'Build artifacts recognition': transactions: 40, svn: 0.476 s [84% info (78x)] (131x), RepositoryConfigService: 0.41 s [100% getReadConfiguration (80x)] (80x)
2017-06-22 10:45:23,829 [main | u:p] INFO  TXLOGGER  - Summary for 'Data indexing': transactions: 0, Lucene: 0.241 s [100% refresh (2x)] (2x), SubterraURITable: 0.0234 s [100% addIfNotExistsDB (17x)] (17x), DB: 0.0209 s [49% update (38x), 23% query (17x), 20% execute (12x)] (103x)
2017-06-22 10:45:59,540 [main] INFO  TXLOGGER  - Summary for 'Polarion startup': transactions: 1, svn: 0.273 s [75% info (47x), 13% getLatestRevision (12x)] (66x), RepositoryConfigService: 0.0204 s [100% getReadConfiguration (2x)] (2x)
2017-06-22 10:45:59,647 [Persistence Events Processing Thread | u:p] INFO  TXLOGGER  - Summary: Total: 0.101 s, transactions: 6, persistence listener: 0.101 s [93% notificationsCreatingListener (1x)] (7x)
2017-06-22 10:45:59,725 [Worker-0 | u:p | job: polarion.jobs.attachment.indexer] INFO  TXLOGGER  - Summary after AttachmentIndexer: transactions: 48, persistence listener: 0.103 s [92% notificationsCreatingListener (8x)] (56x), Lucene: 0.0778 s [100% add (2x)] (2x), resolve: 0.0373 s [93% User (2x)] (5x), ObjectMaps: 0.0111 s [100% getPrimaryObjectLocation (2x)] (2x)
2017-06-22 10:46:00,382 [PreLoadDataService | u:p] INFO  TXLOGGER  - Tx 57338ea02fc38_0_57338ea02fc38_0_: finished. Total: 0.83 s, resolve: 0.436 s [51% TimePoint (5x), 49% Category (8x)] (13x), svn: 0.387 s [59% getDir2 content (25x), 40% getFile content (15x)] (43x), ObjectMaps: 0.0539 s [49% getPrimaryObjectLocation (13x), 30% getPrimaryObjectProperty (13x), 21% getLastPromoted (13x)] (55x)
2017-06-22 10:46:00,983 [PreLoadDataService | u:p] INFO  TXLOGGER  - Tx 57338ea13f06a_0_57338ea13f06a_0_: finished. Total: 0.346 s, svn: 0.192 s [63% getFile content (14x), 37% info (10x)] (25x), resolve: 0.177 s [100% User (8x)] (8x), RepositoryConfigService: 0.137 s [79% getReadConfiguration (72x), 21% getReadUserConfiguration (2x)] (74x), ObjectMaps: 0.0252 s [42% getPrimaryObjectLocation (8x), 29% getPrimaryObjectProperty (8x), 29% getLastPromoted (8x)] (33x)
2017-06-22 10:46:01,140 [PreLoadDataService | u:p] INFO  TXLOGGER  - Tx 57338ea195c6b_0_57338ea195c6b_0_: finished. Total: 0.156 s, RepositoryConfigService: 0.129 s [98% getReadConfiguration (55x)] (78x), svn: 0.107 s [100% getFile content (13x)] (14x)
2017-06-22 10:46:01,396 [DBHistoryCreator-2 | u:p] INFO  TXLOGGER  - Summary: Total: 1.63 s, transactions: 0
2017-06-22 10:46:01,396 [DBHistoryCreator-1 | u:p] INFO  TXLOGGER  - Summary: Total: 1.63 s, transactions: 0
2017-06-22 10:46:01,396 [Worker-1 | u:p | job: polarion.jobs.db.history] INFO  TXLOGGER  - Summary after DBHistoryCreator: transactions: 0, Lucene: 0.0285 s [100% add (1x)] (1x), svn: 0.00164 s [100% getLatestRevision (1x)] (1x), DB: 0.00144 s [73% update (2x), 27% commit (2x)] (4x)
2017-06-22 10:46:01,396 [Worker-1 | u:p] INFO  TXLOGGER  - Summary for 'job: polarion.jobs.db.history': Total: 1.68 s, transactions: 0, SubterraURITable: 1.31 s [100% getDB (4002x)] (4002x), DB: 1.21 s [51% query (4028x), 30% update (4003x)] (20089x)
2017-06-22 10:46:01,919 [PreLoadDataService | u:p] INFO  TXLOGGER  - Tx 57338ea1bd06c_0_57338ea1bd06c_0_: finished. Total: 0.779 s, svn: 0.703 s [66% getFile content (47x), 34% getDir2 content (17x)] (65x), RepositoryConfigService: 0.519 s [100% getReadConfiguration (164x)] (180x)
2017-06-22 10:46:02,205 [PreLoadDataService | u:p] INFO  TXLOGGER  - Tx 57338ea27fc6d_0_57338ea27fc6d_0_: finished. Total: 0.286 s, RepositoryConfigService: 0.238 s [99% getReadConfiguration (295x)] (370x), svn: 0.238 s [85% getFile content (35x)] (42x)
2017-06-22 10:46:02,501 [PreLoadDataService | u:p] INFO  TXLOGGER  - Tx 57338ea2c746e_0_57338ea2c746e_0_: finished. Total: 0.297 s, svn: 0.264 s [54% getFile content (21x), 46% getDir2 content (17x)] (39x), RepositoryConfigService: 0.171 s [100% getReadConfiguration (88x)] (110x)
2017-06-22 10:46:02,604 [PreLoadDataService | u:p] INFO  TXLOGGER  - Tx 57338ea31146f_0_57338ea31146f_0_: finished. Total: 0.102 s, svn: 0.0924 s [58% getDir2 content (11x), 42% getFile content (8x)] (20x), RepositoryConfigService: 0.0451 s [99% getReadConfiguration (38x)] (54x)
2017-06-22 10:46:02,838 [PreLoadDataService | u:p] INFO  TXLOGGER  - Tx 57338ea32b070_0_57338ea32b070_0_: finished. Total: 0.234 s, svn: 0.215 s [57% getFile content (24x), 43% getDir2 content (12x)] (37x), RepositoryConfigService: 0.139 s [99% getReadConfiguration (87x)] (109x)
2017-06-22 10:46:02,838 [PreLoadDataService] INFO  TXLOGGER  - Summary for 'PreloadDataService': Total: 3.29 s, transactions: 9, svn: 2.27 s [61% getFile content (182x), 35% getDir2 content (90x)] (301x), RepositoryConfigService: 1.4 s [97% getReadConfiguration (801x)] (981x), resolve: 0.804 s [27% TimePoint (5x), 27% Category (8x), 24% Project (5x), 22% User (8x)] (26x)
2017-06-22 10:46:02,839 [PreLoadDataService] INFO  TXLOGGER  - Summary after preload: transactions: 9, svn: 2.27 s [61% getFile content (182x), 35% getDir2 content (90x)] (301x), RepositoryConfigService: 1.4 s [97% getReadConfiguration (801x)] (981x), SubterraURITable: 1.31 s [100% getDB (4002x)] (4002x), DB: 1.21 s [51% query (4028x), 30% update (4003x)] (20089x), resolve: 0.804 s [27% TimePoint (5x), 27% Category (8x), 24% Project (5x), 22% User (9x)] (27x), ObjectMaps: 0.126 s [38% getPrimaryObjectLocation (26x), 36% getLastPromoted (26x), 26% getPrimaryObjectProperty (26x)] (108x)
