2017-06-23 11:08:50,965 [main | u:p] INFO  TXLOGGER  - Summary for 'Platform startup': transactions: 0, DB: 0.0438 s [50% update (126x), 49% query (13x)] (206x), svn: 0.0265 s [84% checkPath (1x)] (3x)
2017-06-23 11:08:51,142 [main | u:p] INFO  TXLOGGER  - Summary for 'Context recognition': transactions: 0, svn: 0.0688 s [43% info (3x), 31% getDir2 content (2x), 26% getFile content (1x)] (6x)
2017-06-23 11:08:52,343 [LowLevelDataService-contextInitializer-3 | u:p] INFO  TXLOGGER  - Summary: Total: 1.2 s, transactions: 0, ObjectMaps: 0.261 s [100% getAllPrimaryObjects (1x)] (7x)
2017-06-23 11:08:52,343 [LowLevelDataService-contextInitializer-1 | u:p] INFO  TXLOGGER  - Summary: Total: 1.2 s, transactions: 0, svn: 0.0765 s [98% log2 (5x)] (6x)
2017-06-23 11:08:52,343 [LowLevelDataService-contextInitializer-4 | u:p] INFO  TXLOGGER  - Summary: Total: 1.2 s, transactions: 0, svn: 0.195 s [57% log2 (10x), 19% log (1x), 13% info (4x)] (21x)
2017-06-23 11:08:52,343 [LowLevelDataService-contextInitializer-5 | u:p] INFO  TXLOGGER  - Summary: Total: 1.2 s, transactions: 0, svn: 0.0604 s [97% log2 (5x)] (6x)
2017-06-23 11:08:52,343 [LowLevelDataService-contextInitializer-2 | u:p] INFO  TXLOGGER  - Summary: Total: 1.2 s, transactions: 0, svn: 0.149 s [97% log2 (6x)] (8x)
2017-06-23 11:08:52,344 [main | u:p] INFO  TXLOGGER  - Summary for 'Context initialization': transactions: 0, svn: 0.514 s [82% log2 (31x)] (47x), ObjectMaps: 0.386 s [99% getAllPrimaryObjects (7x)] (55x)
2017-06-23 11:08:52,645 [main | u:p] INFO  TXLOGGER  - Summary for 'Revisions processing': transactions: 14, RepositoryConfigService: 0.195 s [100% getReadConfiguration (42x)] (42x), svn: 0.109 s [89% info (15x)] (32x)
2017-06-23 11:08:53,371 [main | u:p] INFO  TXLOGGER  - Summary for 'Build artifacts recognition': transactions: 40, svn: 0.583 s [86% info (78x)] (131x), RepositoryConfigService: 0.491 s [100% getReadConfiguration (48x)] (48x)
2017-06-23 11:08:53,893 [main | u:p] INFO  TXLOGGER  - Summary for 'Data indexing': transactions: 0, Lucene: 0.21 s [100% refresh (1x)] (1x), SubterraURITable: 0.0134 s [100% addIfNotExistsDB (1x)] (1x), derivedLinkedRevisionsContributor: 0.012 s [100% objectsToInv (1x)] (1x)
2017-06-23 11:09:28,464 [main] INFO  TXLOGGER  - Summary for 'Polarion startup': transactions: 1, svn: 0.298 s [77% info (47x), 11% getDir2 content (5x)] (66x), RepositoryConfigService: 0.0271 s [100% getReadConfiguration (2x)] (2x)
2017-06-23 11:09:28,570 [Persistence Events Processing Thread | u:p] INFO  TXLOGGER  - Summary: Total: 0.1 s, transactions: 6, persistence listener: 0.0999 s [94% notificationsCreatingListener (1x)] (7x)
2017-06-23 11:09:28,640 [Worker-0 | u:p | job: polarion.jobs.attachment.indexer] INFO  TXLOGGER  - Summary after AttachmentIndexer: transactions: 6, persistence listener: 0.0999 s [94% notificationsCreatingListener (1x)] (7x), Lucene: 0.0769 s [100% add (2x)] (2x), resolve: 0.0307 s [91% User (2x)] (5x), ObjectMaps: 0.00818 s [100% getPrimaryObjectLocation (2x)] (2x)
2017-06-23 11:09:29,206 [PreLoadDataService | u:p] INFO  TXLOGGER  - Tx 5734dd9716438_0_5734dd9716438_0_: finished. Total: 0.731 s, svn: 0.44 s [64% getDir2 content (25x), 36% getFile content (15x)] (43x), resolve: 0.328 s [53% Category (8x), 47% TimePoint (5x)] (13x), ObjectMaps: 0.0476 s [50% getPrimaryObjectLocation (13x), 29% getPrimaryObjectProperty (13x), 21% getLastPromoted (13x)] (55x)
2017-06-23 11:09:29,700 [PreLoadDataService | u:p] INFO  TXLOGGER  - Tx 5734dd97ff440_0_5734dd97ff440_0_: finished. Total: 0.294 s, svn: 0.193 s [63% getFile content (14x), 37% info (10x)] (25x), RepositoryConfigService: 0.138 s [81% getReadConfiguration (72x)] (74x), resolve: 0.127 s [100% User (8x)] (8x), ObjectMaps: 0.0236 s [50% getPrimaryObjectLocation (8x), 27% getPrimaryObjectProperty (8x), 24% getLastPromoted (8x)] (33x)
2017-06-23 11:09:29,873 [PreLoadDataService | u:p] INFO  TXLOGGER  - Tx 5734dd9849041_0_5734dd9849041_0_: finished. Total: 0.173 s, RepositoryConfigService: 0.146 s [99% getReadConfiguration (55x)] (78x), svn: 0.124 s [100% getFile content (13x)] (14x)
2017-06-23 11:09:30,134 [DBHistoryCreator-1 | u:p] INFO  TXLOGGER  - Summary: Total: 1.45 s, transactions: 0
2017-06-23 11:09:30,134 [Worker-1 | u:p | job: polarion.jobs.db.history] INFO  TXLOGGER  - Summary after DBHistoryCreator: transactions: 0, Lucene: 0.0278 s [100% add (1x)] (1x)
2017-06-23 11:09:30,134 [Worker-1 | u:p] INFO  TXLOGGER  - Summary for 'job: polarion.jobs.db.history': Total: 1.5 s, transactions: 0, SubterraURITable: 1.19 s [100% getDB (4099x)] (4099x), DB: 1.11 s [50% query (4125x), 31% update (4100x)] (20619x)
2017-06-23 11:09:30,636 [PreLoadDataService | u:p] INFO  TXLOGGER  - Tx 5734dd9874442_0_5734dd9874442_0_: finished. Total: 0.763 s, svn: 0.691 s [71% getFile content (47x), 29% getDir2 content (17x)] (65x), RepositoryConfigService: 0.543 s [100% getReadConfiguration (164x)] (180x)
2017-06-23 11:09:30,983 [PreLoadDataService | u:p] INFO  TXLOGGER  - Tx 5734dd9933043_0_5734dd9933043_0_: finished. Total: 0.346 s, svn: 0.3 s [79% getFile content (35x), 21% getDir2 content (6x)] (42x), RepositoryConfigService: 0.272 s [99% getReadConfiguration (295x)] (370x)
2017-06-23 11:09:31,403 [PreLoadDataService | u:p] INFO  TXLOGGER  - Tx 5734dd9989c44_0_5734dd9989c44_0_: finished. Total: 0.42 s, svn: 0.401 s [56% getFile content (21x), 44% getDir2 content (17x)] (39x), RepositoryConfigService: 0.238 s [100% getReadConfiguration (88x)] (110x)
2017-06-23 11:09:31,523 [PreLoadDataService | u:p] INFO  TXLOGGER  - Tx 5734dd99f2c45_0_5734dd99f2c45_0_: finished. Total: 0.119 s, svn: 0.11 s [58% getDir2 content (11x), 42% getFile content (8x)] (20x), RepositoryConfigService: 0.0526 s [99% getReadConfiguration (38x)] (54x)
2017-06-23 11:09:31,813 [PreLoadDataService | u:p] INFO  TXLOGGER  - Tx 5734dd9a10c46_0_5734dd9a10c46_0_: finished. Total: 0.291 s, svn: 0.271 s [54% getFile content (24x), 46% getDir2 content (12x)] (37x), RepositoryConfigService: 0.162 s [99% getReadConfiguration (87x)] (109x)
2017-06-23 11:09:31,813 [PreLoadDataService] INFO  TXLOGGER  - Summary for 'PreloadDataService': Total: 3.34 s, transactions: 9, svn: 2.62 s [61% getFile content (182x), 36% getDir2 content (90x)] (301x), RepositoryConfigService: 1.58 s [98% getReadConfiguration (801x)] (981x), resolve: 0.585 s [30% Category (8x), 26% TimePoint (5x), 22% Project (5x), 22% User (8x)] (26x)
2017-06-23 11:09:31,814 [PreLoadDataService] INFO  TXLOGGER  - Summary after preload: transactions: 9, svn: 2.62 s [61% getFile content (182x), 36% getDir2 content (90x)] (301x), RepositoryConfigService: 1.58 s [98% getReadConfiguration (801x)] (981x), SubterraURITable: 1.19 s [100% getDB (4099x)] (4099x), DB: 1.11 s [50% query (4125x), 31% update (4100x)] (20619x), resolve: 0.585 s [30% Category (8x), 26% TimePoint (5x), 22% Project (5x), 22% User (9x)] (27x)
