2017-06-22 18:28:28,840 [main | u:p] INFO  TXLOGGER  - Summary for 'Platform startup': transactions: 0, DB: 0.0422 s [50% update (126x), 49% query (13x)] (206x), svn: 0.0296 s [89% checkPath (1x)] (3x)
2017-06-22 18:28:29,037 [main | u:p] INFO  TXLOGGER  - Summary for 'Context recognition': transactions: 0, svn: 0.0769 s [44% info (3x), 30% getDir2 content (2x), 25% getFile content (1x)] (6x)
2017-06-22 18:28:30,271 [LowLevelDataService-contextInitializer-2 | u:p] INFO  TXLOGGER  - Summary: Total: 1.23 s, transactions: 0, svn: 0.142 s [98% log2 (6x)] (8x)
2017-06-22 18:28:30,271 [LowLevelDataService-contextInitializer-3 | u:p] INFO  TXLOGGER  - Summary: Total: 1.23 s, transactions: 0, ObjectMaps: 0.272 s [100% getAllPrimaryObjects (1x)] (7x)
2017-06-22 18:28:30,271 [LowLevelDataService-contextInitializer-4 | u:p] INFO  TXLOGGER  - Summary: Total: 1.23 s, transactions: 0, svn: 0.105 s [98% log2 (5x)] (6x)
2017-06-22 18:28:30,271 [LowLevelDataService-contextInitializer-1 | u:p] INFO  TXLOGGER  - Summary: Total: 1.23 s, transactions: 0, svn: 0.136 s [98% log2 (10x)] (12x)
2017-06-22 18:28:30,271 [LowLevelDataService-contextInitializer-5 | u:p] INFO  TXLOGGER  - Summary: Total: 1.23 s, transactions: 0, svn: 0.157 s [44% log2 (5x), 26% log (1x), 17% info (4x)] (15x)
2017-06-22 18:28:30,272 [main | u:p] INFO  TXLOGGER  - Summary for 'Context initialization': transactions: 0, svn: 0.58 s [83% log2 (31x)] (47x), ObjectMaps: 0.405 s [99% getAllPrimaryObjects (7x)] (55x)
2017-06-22 18:28:30,582 [main | u:p] INFO  TXLOGGER  - Summary for 'Revisions processing': transactions: 14, RepositoryConfigService: 0.199 s [100% getReadConfiguration (42x)] (42x), svn: 0.113 s [91% info (15x)] (32x)
2017-06-22 18:28:31,397 [main | u:p] INFO  TXLOGGER  - Summary for 'Build artifacts recognition': transactions: 40, svn: 0.665 s [88% info (78x)] (131x), RepositoryConfigService: 0.546 s [100% getReadConfiguration (48x)] (48x)
2017-06-22 18:28:31,930 [main | u:p] INFO  TXLOGGER  - Summary for 'Data indexing': transactions: 0, Lucene: 0.23 s [100% refresh (1x)] (1x), SubterraURITable: 0.0136 s [100% addIfNotExistsDB (1x)] (1x), derivedLinkedRevisionsContributor: 0.0123 s [100% objectsToInv (1x)] (1x)
2017-06-22 18:29:07,215 [main] INFO  TXLOGGER  - Summary for 'Polarion startup': transactions: 1, svn: 0.336 s [78% info (47x), 10% getDir2 content (5x)] (66x), RepositoryConfigService: 0.0336 s [100% getReadConfiguration (2x)] (2x)
2017-06-22 18:29:07,326 [Persistence Events Processing Thread | u:p] INFO  TXLOGGER  - Summary: Total: 0.107 s, transactions: 6, persistence listener: 0.107 s [93% notificationsCreatingListener (1x)] (7x)
2017-06-22 18:29:07,405 [Worker-0 | u:p | job: polarion.jobs.attachment.indexer] INFO  TXLOGGER  - Summary after AttachmentIndexer: transactions: 6, persistence listener: 0.107 s [93% notificationsCreatingListener (1x)] (7x), Lucene: 0.0777 s [100% add (2x)] (2x), resolve: 0.0456 s [93% User (2x)] (5x), ObjectMaps: 0.0123 s [100% getPrimaryObjectLocation (2x)] (2x)
2017-06-22 18:29:07,994 [PreLoadDataService | u:p] INFO  TXLOGGER  - Tx 5733f8a095c38_0_5733f8a095c38_0_: finished. Total: 0.77 s, svn: 0.492 s [66% getDir2 content (25x), 33% getFile content (15x)] (43x), resolve: 0.317 s [50% TimePoint (5x), 50% Category (8x)] (13x), ObjectMaps: 0.0521 s [50% getPrimaryObjectLocation (13x), 29% getPrimaryObjectProperty (13x), 21% getLastPromoted (13x)] (55x)
2017-06-22 18:29:08,511 [PreLoadDataService | u:p] INFO  TXLOGGER  - Tx 5733f8a185040_0_5733f8a185040_0_: finished. Total: 0.329 s, svn: 0.218 s [65% getFile content (14x), 35% info (10x)] (25x), resolve: 0.156 s [100% User (8x)] (8x), RepositoryConfigService: 0.144 s [78% getReadConfiguration (72x), 22% getReadUserConfiguration (2x)] (74x), ObjectMaps: 0.0242 s [42% getPrimaryObjectLocation (8x), 31% getPrimaryObjectProperty (8x), 28% getLastPromoted (8x)] (33x)
2017-06-22 18:29:08,647 [PreLoadDataService | u:p] INFO  TXLOGGER  - Tx 5733f8a1d7c41_0_5733f8a1d7c41_0_: finished. Total: 0.135 s, RepositoryConfigService: 0.113 s [99% getReadConfiguration (55x)] (78x), svn: 0.0952 s [100% getFile content (13x)] (14x)
2017-06-22 18:29:08,888 [DBHistoryCreator-1 | u:p] INFO  TXLOGGER  - Summary: Total: 1.45 s, transactions: 0
2017-06-22 18:29:08,888 [Worker-1 | u:p | job: polarion.jobs.db.history] INFO  TXLOGGER  - Summary after DBHistoryCreator: transactions: 0, Lucene: 0.0232 s [100% add (1x)] (1x), svn: 0.00135 s [100% getLatestRevision (1x)] (1x)
2017-06-22 18:29:08,888 [Worker-1 | u:p] INFO  TXLOGGER  - Summary for 'job: polarion.jobs.db.history': Total: 1.49 s, transactions: 0, SubterraURITable: 1.19 s [100% getDB (4080x)] (4080x), DB: 1.13 s [51% query (4106x), 30% update (4081x)] (20515x)
2017-06-22 18:29:09,379 [PreLoadDataService | u:p] INFO  TXLOGGER  - Tx 5733f8a1f9c42_0_5733f8a1f9c42_0_: finished. Total: 0.732 s, svn: 0.659 s [73% getFile content (47x), 27% getDir2 content (17x)] (65x), RepositoryConfigService: 0.536 s [100% getReadConfiguration (164x)] (180x)
2017-06-22 18:29:09,743 [PreLoadDataService | u:p] INFO  TXLOGGER  - Tx 5733f8a2b0c43_0_5733f8a2b0c43_0_: finished. Total: 0.363 s, svn: 0.32 s [79% getFile content (35x), 21% getDir2 content (6x)] (42x), RepositoryConfigService: 0.286 s [99% getReadConfiguration (295x)] (370x)
2017-06-22 18:29:10,081 [PreLoadDataService | u:p] INFO  TXLOGGER  - Tx 5733f8a30bc44_0_5733f8a30bc44_0_: finished. Total: 0.339 s, svn: 0.319 s [51% getDir2 content (17x), 49% getFile content (21x)] (39x), RepositoryConfigService: 0.171 s [99% getReadConfiguration (88x)] (110x)
2017-06-22 18:29:10,212 [PreLoadDataService | u:p] INFO  TXLOGGER  - Tx 5733f8a360445_0_5733f8a360445_0_: finished. Total: 0.13 s, svn: 0.12 s [58% getDir2 content (11x), 42% getFile content (8x)] (20x), RepositoryConfigService: 0.0576 s [99% getReadConfiguration (38x)] (54x)
2017-06-22 18:29:10,521 [PreLoadDataService | u:p] INFO  TXLOGGER  - Tx 5733f8a381046_0_5733f8a381046_0_: finished. Total: 0.31 s, svn: 0.29 s [55% getFile content (24x), 45% getDir2 content (12x)] (37x), RepositoryConfigService: 0.173 s [100% getReadConfiguration (87x)] (109x)
2017-06-22 18:29:10,522 [PreLoadDataService] INFO  TXLOGGER  - Summary for 'PreloadDataService': Total: 3.3 s, transactions: 9, svn: 2.6 s [59% getFile content (182x), 37% getDir2 content (90x)] (301x), RepositoryConfigService: 1.51 s [97% getReadConfiguration (801x)] (981x), resolve: 0.593 s [27% TimePoint (5x), 27% Category (8x), 26% User (8x), 20% Project (5x)] (26x)
2017-06-22 18:29:10,522 [PreLoadDataService] INFO  TXLOGGER  - Summary after preload: transactions: 9, svn: 2.6 s [59% getFile content (182x), 37% getDir2 content (90x)] (301x), RepositoryConfigService: 1.51 s [97% getReadConfiguration (801x)] (981x), SubterraURITable: 1.19 s [100% getDB (4080x)] (4080x), DB: 1.13 s [51% query (4106x), 30% update (4081x)] (20515x), resolve: 0.593 s [27% TimePoint (5x), 27% Category (8x), 26% User (9x), 20% Project (5x)] (27x)
