2017-06-22 14:49:05,186 [main | u:p] INFO  TXLOGGER  - Summary for 'Platform startup': transactions: 0, DB: 0.0444 s [50% update (126x), 48% query (13x)] (206x), svn: 0.0265 s [82% checkPath (1x)] (3x)
2017-06-22 14:49:05,400 [main | u:p] INFO  TXLOGGER  - Summary for 'Context recognition': transactions: 0, svn: 0.097 s [41% getDir2 content (2x), 38% info (3x), 21% getFile content (1x)] (6x)
2017-06-22 14:49:06,707 [LowLevelDataService-contextInitializer-1 | u:p] INFO  TXLOGGER  - Summary: Total: 1.3 s, transactions: 0, svn: 0.0712 s [98% log2 (5x)] (6x)
2017-06-22 14:49:06,708 [LowLevelDataService-contextInitializer-5 | u:p] INFO  TXLOGGER  - Summary: Total: 1.3 s, transactions: 0, svn: 0.0727 s [93% log2 (5x)] (6x)
2017-06-22 14:49:06,708 [LowLevelDataService-contextInitializer-3 | u:p] INFO  TXLOGGER  - Summary: Total: 1.3 s, transactions: 0, ObjectMaps: 0.274 s [100% getAllPrimaryObjects (1x)] (7x), svn: 0.143 s [36% log (1x), 26% log2 (5x), 23% info (4x)] (15x)
2017-06-22 14:49:06,708 [LowLevelDataService-contextInitializer-4 | u:p] INFO  TXLOGGER  - Summary: Total: 1.3 s, transactions: 0, svn: 0.161 s [98% log2 (10x)] (12x)
2017-06-22 14:49:06,708 [LowLevelDataService-contextInitializer-2 | u:p] INFO  TXLOGGER  - Summary: Total: 1.3 s, transactions: 0, svn: 0.135 s [98% log2 (6x)] (8x)
2017-06-22 14:49:06,708 [main | u:p] INFO  TXLOGGER  - Summary for 'Context initialization': transactions: 0, svn: 0.582 s [80% log2 (31x), 9% log (1x)] (47x), ObjectMaps: 0.419 s [100% getAllPrimaryObjects (7x)] (55x)
2017-06-22 14:49:07,004 [main | u:p] INFO  TXLOGGER  - Summary for 'Revisions processing': transactions: 14, RepositoryConfigService: 0.2 s [100% getReadConfiguration (42x)] (42x), svn: 0.114 s [90% info (15x)] (32x)
2017-06-22 14:49:07,721 [main | u:p] INFO  TXLOGGER  - Summary for 'Build artifacts recognition': transactions: 40, svn: 0.569 s [87% info (78x)] (131x), RepositoryConfigService: 0.466 s [100% getReadConfiguration (80x)] (80x)
2017-06-22 14:49:08,341 [main | u:p] INFO  TXLOGGER  - Summary for 'Data indexing': transactions: 0, Lucene: 0.25 s [100% refresh (2x)] (2x), DB: 0.0383 s [66% update (38x), 16% execute (12x)] (103x), SubterraURITable: 0.0243 s [100% addIfNotExistsDB (17x)] (17x)
2017-06-22 14:49:44,659 [main] INFO  TXLOGGER  - Summary for 'Polarion startup': transactions: 1, svn: 0.33 s [80% info (47x)] (67x), RepositoryConfigService: 0.0298 s [100% getReadConfiguration (2x)] (2x)
2017-06-22 14:49:44,770 [Persistence Events Processing Thread | u:p] INFO  TXLOGGER  - Summary: Total: 0.106 s, transactions: 6, persistence listener: 0.106 s [93% notificationsCreatingListener (1x)] (7x)
2017-06-22 14:49:44,842 [Worker-0 | u:p | job: polarion.jobs.attachment.indexer] INFO  TXLOGGER  - Summary after AttachmentIndexer: transactions: 48, persistence listener: 0.11 s [90% notificationsCreatingListener (8x)] (56x), Lucene: 0.0663 s [100% add (2x)] (2x), resolve: 0.0381 s [92% User (2x)] (5x), ObjectMaps: 0.0102 s [100% getPrimaryObjectLocation (2x)] (2x)
2017-06-22 14:49:45,537 [PreLoadDataService | u:p] INFO  TXLOGGER  - Tx 5733c66a87438_0_5733c66a87438_0_: finished. Total: 0.867 s, svn: 0.462 s [63% getDir2 content (25x), 36% getFile content (15x)] (43x), resolve: 0.438 s [52% Category (8x), 48% TimePoint (5x)] (13x), ObjectMaps: 0.0528 s [50% getPrimaryObjectLocation (13x), 30% getPrimaryObjectProperty (13x), 20% getLastPromoted (13x)] (55x)
2017-06-22 14:49:46,096 [PreLoadDataService | u:p] INFO  TXLOGGER  - Tx 5733c66b9686a_0_5733c66b9686a_0_: finished. Total: 0.342 s, svn: 0.206 s [64% getFile content (14x), 36% info (10x)] (25x), resolve: 0.177 s [100% User (8x)] (8x), RepositoryConfigService: 0.139 s [82% getReadConfiguration (72x)] (74x), ObjectMaps: 0.0222 s [49% getPrimaryObjectLocation (8x), 26% getPrimaryObjectProperty (8x), 25% getLastPromoted (8x)] (33x)
2017-06-22 14:49:46,258 [PreLoadDataService | u:p] INFO  TXLOGGER  - Tx 5733c66bec06b_0_5733c66bec06b_0_: finished. Total: 0.162 s, RepositoryConfigService: 0.135 s [99% getReadConfiguration (55x)] (78x), svn: 0.114 s [100% getFile content (13x)] (14x)
2017-06-22 14:49:46,375 [DBHistoryCreator-2 | u:p] INFO  TXLOGGER  - Summary: Total: 1.49 s, transactions: 0
2017-06-22 14:49:46,375 [DBHistoryCreator-1 | u:p] INFO  TXLOGGER  - Summary: Total: 1.49 s, transactions: 0
2017-06-22 14:49:46,375 [Worker-1 | u:p | job: polarion.jobs.db.history] INFO  TXLOGGER  - Summary after DBHistoryCreator: transactions: 0, Lucene: 0.0278 s [100% add (1x)] (1x)
2017-06-22 14:49:46,376 [Worker-1 | u:p] INFO  TXLOGGER  - Summary for 'job: polarion.jobs.db.history': Total: 1.54 s, transactions: 0, SubterraURITable: 1.2 s [100% getDB (4038x)] (4038x), DB: 1.15 s [52% query (4064x), 30% update (4039x)] (20283x)
2017-06-22 14:49:47,002 [PreLoadDataService | u:p] INFO  TXLOGGER  - Tx 5733c66c1486c_0_5733c66c1486c_0_: finished. Total: 0.744 s, svn: 0.676 s [69% getFile content (47x), 31% getDir2 content (17x)] (65x), RepositoryConfigService: 0.521 s [100% getReadConfiguration (164x)] (180x)
2017-06-22 14:49:47,373 [PreLoadDataService | u:p] INFO  TXLOGGER  - Tx 5733c66cce86d_0_5733c66cce86d_0_: finished. Total: 0.371 s, RepositoryConfigService: 0.313 s [99% getReadConfiguration (295x)] (370x), svn: 0.313 s [85% getFile content (35x)] (42x)
2017-06-22 14:49:47,720 [PreLoadDataService | u:p] INFO  TXLOGGER  - Tx 5733c66d2b46e_0_5733c66d2b46e_0_: finished. Total: 0.347 s, svn: 0.315 s [54% getFile content (21x), 46% getDir2 content (17x)] (39x), RepositoryConfigService: 0.199 s [100% getReadConfiguration (88x)] (110x)
2017-06-22 14:49:47,852 [PreLoadDataService | u:p] INFO  TXLOGGER  - Tx 5733c66d8246f_0_5733c66d8246f_0_: finished. Total: 0.131 s, svn: 0.122 s [58% getDir2 content (11x), 42% getFile content (8x)] (20x), RepositoryConfigService: 0.0578 s [99% getReadConfiguration (38x)] (54x)
2017-06-22 14:49:48,167 [PreLoadDataService | u:p] INFO  TXLOGGER  - Tx 5733c66da3070_0_5733c66da3070_0_: finished. Total: 0.315 s, svn: 0.283 s [61% getFile content (24x), 39% getDir2 content (12x)] (37x), RepositoryConfigService: 0.2 s [100% getReadConfiguration (87x)] (109x)
2017-06-22 14:49:48,167 [PreLoadDataService] INFO  TXLOGGER  - Summary for 'PreloadDataService': Total: 3.5 s, transactions: 9, svn: 2.57 s [61% getFile content (182x), 34% getDir2 content (90x)] (301x), RepositoryConfigService: 1.6 s [98% getReadConfiguration (801x)] (981x), resolve: 0.775 s [30% Category (8x), 27% TimePoint (5x), 23% User (8x), 21% Project (5x)] (26x)
2017-06-22 14:49:48,168 [PreLoadDataService] INFO  TXLOGGER  - Summary after preload: transactions: 9, svn: 2.58 s [61% getFile content (182x), 34% getDir2 content (90x)] (302x), RepositoryConfigService: 1.6 s [98% getReadConfiguration (801x)] (981x), SubterraURITable: 1.2 s [100% getDB (4038x)] (4038x), DB: 1.15 s [52% query (4064x), 30% update (4039x)] (20283x), resolve: 0.775 s [29% Category (8x), 27% TimePoint (5x), 23% User (9x), 21% Project (5x)] (27x)
2017-06-22 14:50:58,356 [ajp-nio-8889-exec-5 | u:admin] INFO  TXLOGGER  - Summary for 'WorkItemDataService.saveWorkItem': Total: 0.135 s, transactions: 2, resolve: 0.0915 s [100% WorkItem (2x)] (2x), svn: 0.0535 s [51% info (3x), 24% getFile content (1x), 23% getDir2 content (1x)] (8x), calculatedFieldsContributor: 0.0184 s [100% fields (1x)] (1x), RepositoryConfigService: 0.0175 s [87% getExistingPrefixes (1x)] (5x), derivedLinkedRevisionsContributor: 0.0151 s [100% fields (1x)] (1x), permissions: 0.012 s [100% readInstance (2x)] (2x), Lucene: 0.0115 s [100% search (1x)] (1x)
2017-06-22 14:51:29,306 [ajp-nio-8889-exec-6 | u:admin] INFO  TXLOGGER  - Tx 5733c6b4a0873_0_5733c6b4a0873_0_: finished. Total: 28.8 s, workflow: 28.7 s [100% ComputeTotalLifeTime (1x)] (1x), rollback: true
2017-06-22 14:51:29,306 [ajp-nio-8889-exec-6 | u:admin] INFO  TXLOGGER  - Summary for 'WorkItemDataService.saveWorkItem': Total: 28.8 s, transactions: 1, workflow: 28.7 s [100% ComputeTotalLifeTime (1x)] (1x)
2017-06-22 14:51:29,522 [ajp-nio-8889-exec-7 | u:admin] INFO  TXLOGGER  - Summary for 'DebugService.deObfuscateStackTrace': Total: 0.114 s, transactions: 0
