2017-06-23 13:32:23,470 [main] INFO  com.polarion.platform.startup  - ****************************************************************
2017-06-23 13:32:23,470 [main] INFO  com.polarion.platform.startup  -                 Polarion starting, please wait!                 
2017-06-23 13:32:23,470 [main] INFO  com.polarion.platform.startup  - ****************************************************************
2017-06-23 13:32:23,470 [main] INFO  com.polarion.platform.startup  - Server start mode: normal
2017-06-23 13:32:23,470 [main] INFO  com.polarion.platform.startup  - ------------------------------
2017-06-23 13:32:23,470 [main] INFO  com.polarion.platform.startup  - Platform startup (Phase: 1/9)
2017-06-23 13:32:28,029 [main] INFO  com.polarion.platform.startup  - Opening historical database...
2017-06-23 13:32:28,200 [main] INFO  com.polarion.platform.startup  - Opening of historical database finished [ TIME 0.171 s. ]
2017-06-23 13:32:28,200 [main] INFO  com.polarion.platform.startup  - Opening head database...
2017-06-23 13:32:28,291 [main] INFO  com.polarion.platform.startup  - Opening of head database finished [ TIME 0.0911 s. ]
2017-06-23 13:32:28,518 [main | u:p] INFO  com.polarion.platform.startup  -  -- Polarion startup estimation:  [ TIME 43 s. ]
2017-06-23 13:32:28,680 [main | u:p] INFO  com.polarion.platform.startup  - Platform startup ... took  [ TIME 5.22 s. ]
2017-06-23 13:32:28,864 [main | u:p] INFO  com.polarion.platform.startup  - ------------------------------
2017-06-23 13:32:28,864 [main | u:p] INFO  com.polarion.platform.startup  - Context recognition (Phase: 2/9)
2017-06-23 13:32:28,918 [main | u:p] INFO  com.polarion.platform.startup  - Context recognition ... took  [ TIME 0.24 s. ]
2017-06-23 13:32:28,919 [main | u:p] INFO  com.polarion.platform.startup  - ------------------------------
2017-06-23 13:32:28,919 [main | u:p] INFO  com.polarion.platform.startup  - Context initialization (Phase: 3/9)
2017-06-23 13:32:28,923 [LowLevelDataService-contextInitializer-1 | u:p | context: [GLOBAL]] INFO  com.polarion.platform.startup  -  -- Initializing context: [GLOBAL] (1/8)
2017-06-23 13:32:28,923 [LowLevelDataService-contextInitializer-2 | u:p | cluster: default] INFO  com.polarion.platform.startup  -  -- Initializing cluster: default (4/8)
2017-06-23 13:32:28,923 [LowLevelDataService-contextInitializer-3 | u:p | context: MyPolarion] INFO  com.polarion.platform.startup  -  -- Initializing context: MyPolarion (2/8)
2017-06-23 13:32:28,923 [LowLevelDataService-contextInitializer-4 | u:p | context: --Demo Projects] INFO  com.polarion.platform.startup  -  -- Initializing context: --Demo Projects (3/8)
2017-06-23 13:32:28,923 [LowLevelDataService-contextInitializer-5 | u:p | context: library] INFO  com.polarion.platform.startup  -  -- Initializing context: library (5/8)
2017-06-23 13:32:28,929 [LowLevelDataService-contextInitializer-1 | u:p | context: CAPA] INFO  com.polarion.platform.startup  -  -- Initializing context: CAPA (6/8)
2017-06-23 13:32:29,027 [LowLevelDataService-contextInitializer-2 | u:p | context: elibrary] INFO  com.polarion.platform.startup  -  -- Initializing context: elibrary (7/8)
2017-06-23 13:32:29,136 [LowLevelDataService-contextInitializer-4 | u:p | context: drivepilot] INFO  com.polarion.platform.startup  -  -- Initializing context: drivepilot (8/8)
2017-06-23 13:32:30,146 [main | u:p] INFO  com.polarion.platform.startup  - Context initialization ... took  [ TIME 1.23 s. ]
2017-06-23 13:32:30,157 [main | u:p] INFO  com.polarion.platform.startup  - ------------------------------
2017-06-23 13:32:30,157 [main | u:p] INFO  com.polarion.platform.startup  - Revisions processing (Phase: 4/9)
2017-06-23 13:32:30,451 [main | u:p] INFO  com.polarion.platform.startup  -  -- Processing new revisions from repository default in context ContextId[context [global]]
2017-06-23 13:32:30,461 [main | u:p] INFO  com.polarion.platform.startup  - Revisions processing ... took  [ TIME 0.31 s. ]
2017-06-23 13:32:30,508 [main | u:p] INFO  com.polarion.platform.startup  - ------------------------------
2017-06-23 13:32:30,508 [main | u:p] INFO  com.polarion.platform.startup  - Build artifacts recognition (Phase: 5/9)
2017-06-23 13:32:30,518 [main | u:p] INFO  com.polarion.platform.startup  -  -- Processing build artifacts from context: [GLOBAL] (1/8)
2017-06-23 13:32:30,638 [main | u:p] INFO  com.polarion.platform.startup  -  -- Processing build artifacts from cluster: default (2/8)
2017-06-23 13:32:30,679 [main | u:p] INFO  com.polarion.platform.startup  -  -- Processing build artifacts from context: MyPolarion (3/8)
2017-06-23 13:32:30,725 [main | u:p] INFO  com.polarion.platform.startup  -  -- Processing build artifacts from context: --Demo Projects (4/8)
2017-06-23 13:32:30,764 [main | u:p] INFO  com.polarion.platform.startup  -  -- Processing build artifacts from context: library (5/8)
2017-06-23 13:32:30,809 [main | u:p] INFO  com.polarion.platform.startup  -  -- Processing build artifacts from context: CAPA (6/8)
2017-06-23 13:32:30,954 [main | u:p] INFO  com.polarion.platform.startup  -  -- Processing build artifacts from context: elibrary (7/8)
2017-06-23 13:32:31,102 [main | u:p] INFO  com.polarion.platform.startup  -  -- Processing build artifacts from context: drivepilot (8/8)
2017-06-23 13:32:31,102 [main | u:p] INFO  com.polarion.platform.startup  - Build artifacts recognition ... took  [ TIME 0.64 s. ]
2017-06-23 13:32:31,103 [main | u:p] INFO  com.polarion.platform.startup  - ------------------------------
2017-06-23 13:32:31,103 [main | u:p] INFO  com.polarion.platform.startup  - BIR inspection (Phase: 6/9)
2017-06-23 13:32:31,162 [main | u:p] INFO  com.polarion.platform.startup  - BIR inspection ... took  [ TIME 0.06 s. ]
2017-06-23 13:32:31,193 [main | u:p] INFO  com.polarion.platform.startup  - ------------------------------
2017-06-23 13:32:31,193 [main | u:p] INFO  com.polarion.platform.startup  - Data indexing (Phase: 7/9)
2017-06-23 13:32:31,428 [main | u:p] INFO  com.polarion.platform.startup  -  -- Refreshing 9 objects in index: BuildArtifact
2017-06-23 13:32:31,443 [main | u:p] INFO  com.polarion.platform.startup  -  -- -- 9 from 9 objects were refreshed (100%)
2017-06-23 13:32:31,714 [main | u:p] INFO  com.polarion.platform.startup  -  -- Refreshing 1 objects in index: Revision
2017-06-23 13:32:31,715 [main | u:p] INFO  com.polarion.platform.startup  -  -- -- 1 from 1 objects were refreshed (100%)
2017-06-23 13:32:31,789 [main | u:p] INFO  com.polarion.platform.startup  - Data indexing ... took  [ TIME 0.63 s. ]
2017-06-23 13:32:31,790 [main | u:p] INFO  com.polarion.platform.startup  - ------------------------------
2017-06-23 13:32:31,790 [main | u:p] INFO  com.polarion.platform.startup  - Fields recalculation (Phase: 8/9)
2017-06-23 13:32:31,809 [main | u:p] INFO  com.polarion.platform.startup  - Fields recalculation ... took  [ TIME 0.02 s. ]
2017-06-23 13:32:31,809 [main | u:p] INFO  com.polarion.platform.startup  - ------------------------------
2017-06-23 13:32:31,809 [main | u:p] INFO  com.polarion.platform.startup  - Polarion startup (Phase: 9/9)
2017-06-23 13:33:06,810 [main] INFO  com.polarion.platform.startup  - Polarion startup ... took  [ TIME 35.0 s. ]
2017-06-23 13:33:06,811 [main] INFO  com.polarion.platform.startup  - ****************************************************************
2017-06-23 13:33:06,811 [main] INFO  com.polarion.platform.startup  -                  Polarion started:  [ TIME 43.3 s. ]
2017-06-23 13:33:06,811 [main] INFO  com.polarion.platform.startup  - ****************************************************************
