2017-06-22 18:11:32,947 [main | u:p] INFO  com.polarion.platform.jobs.internal.service.scheduler.JobSchedulerService  - Updating local scheduler state: start
2017-06-22 18:11:32,976 [main | u:p | u:p] INFO  com.polarion.platform.jobs.internal.service.scheduler.JobSchedulerService  - 16 scheduled job(s) configured
2017-06-22 18:12:08,390 [Thread-32] INFO  com.polarion.platform.jobs.info  - Job "Attachment Indexer" has id cfd2f671-927abeae-5edd9b4f-95be3c31
2017-06-22 18:12:08,394 [Thread-32] INFO  com.polarion.platform.jobs.info  - State of job "Attachment Indexer" changed to UNSCHEDULED
2017-06-22 18:12:08,402 [Thread-32] INFO  com.polarion.platform.jobs.info  - Working directory of root job "Attachment Indexer" is C:\Polarion\data\workspace\polarion-data\jobs\20170622-1812
2017-06-22 18:12:08,406 [Thread-32] INFO  com.polarion.platform.jobs.info  - Job "Attachment Indexer" runs as user "polarion"
2017-06-22 18:12:08,410 [Thread-32 | u:p] INFO  com.polarion.platform.jobs.info  - State of job "Attachment Indexer" changed to ACTIVATING
2017-06-22 18:12:08,416 [Thread-32 | u:p] INFO  com.polarion.platform.jobs.info  - State of job "Attachment Indexer" changed to WAITING
2017-06-22 18:12:08,429 [Thread-32] INFO  com.polarion.platform.jobs.info  - Job "DB History Creator" has id cfd2f6a6-927abeae-5edd9b4f-08e48b71
2017-06-22 18:12:08,430 [Worker-0 | u:p] INFO  com.polarion.platform.jobs.info  - State of job "Attachment Indexer" changed to RUNNING
2017-06-22 18:12:08,432 [Thread-32] INFO  com.polarion.platform.jobs.info  - State of job "DB History Creator" changed to UNSCHEDULED
2017-06-22 18:12:08,439 [Thread-32] INFO  com.polarion.platform.jobs.info  - Working directory of root job "DB History Creator" is C:\Polarion\data\workspace\polarion-data\jobs\20170622-1812_0
2017-06-22 18:12:08,444 [Thread-32] INFO  com.polarion.platform.jobs.info  - Job "DB History Creator" runs as user "polarion"
2017-06-22 18:12:08,447 [Thread-32 | u:p] INFO  com.polarion.platform.jobs.info  - State of job "DB History Creator" changed to ACTIVATING
2017-06-22 18:12:08,452 [Thread-32 | u:p] INFO  com.polarion.platform.jobs.info  - State of job "DB History Creator" changed to WAITING
2017-06-22 18:12:08,466 [Worker-1 | u:p] INFO  com.polarion.platform.jobs.info  - State of job "DB History Creator" changed to RUNNING
2017-06-22 18:12:08,606 [Worker-0 | u:p] INFO  com.polarion.platform.jobs.info  - State of job "Attachment Indexer" changed to FINISHED
2017-06-22 18:12:08,610 [Worker-0 | u:p] INFO  com.polarion.platform.jobs.info  - Status of job "Attachment Indexer" is OK
2017-06-22 18:12:10,174 [Worker-1 | u:p] INFO  com.polarion.platform.jobs.info  - State of job "DB History Creator" changed to FINISHED
2017-06-22 18:12:10,177 [Worker-1 | u:p] INFO  com.polarion.platform.jobs.info  - Status of job "DB History Creator" is OK
