2017-06-22 13:37:03,966 [main] INFO  com.polarion.platform.startup  - ****************************************************************
2017-06-22 13:37:03,966 [main] INFO  com.polarion.platform.startup  -                 Polarion starting, please wait!                 
2017-06-22 13:37:03,966 [main] INFO  com.polarion.platform.startup  - ****************************************************************
2017-06-22 13:37:03,966 [main] INFO  com.polarion.platform.startup  - Server start mode: normal
2017-06-22 13:37:03,966 [main] INFO  com.polarion.platform.startup  - ------------------------------
2017-06-22 13:37:03,967 [main] INFO  com.polarion.platform.startup  - Platform startup (Phase: 1/9)
2017-06-22 13:37:08,449 [main] INFO  com.polarion.platform.startup  - Opening historical database...
2017-06-22 13:37:08,614 [main] INFO  com.polarion.platform.startup  - Opening of historical database finished [ TIME 0.164 s. ]
2017-06-22 13:37:08,614 [main] INFO  com.polarion.platform.startup  - Opening head database...
2017-06-22 13:37:08,685 [main] INFO  com.polarion.platform.startup  - Opening of head database finished [ TIME 0.0717 s. ]
2017-06-22 13:37:08,907 [main | u:p] INFO  com.polarion.platform.startup  -  -- Polarion startup estimation:  [ TIME 47 s. ]
2017-06-22 13:37:09,037 [main | u:p] INFO  com.polarion.platform.startup  - Platform startup ... took  [ TIME 5.08 s. ]
2017-06-22 13:37:09,199 [main | u:p] INFO  com.polarion.platform.startup  - ------------------------------
2017-06-22 13:37:09,199 [main | u:p] INFO  com.polarion.platform.startup  - Context recognition (Phase: 2/9)
2017-06-22 13:37:09,239 [main | u:p] INFO  com.polarion.platform.startup  - Context recognition ... took  [ TIME 0.2 s. ]
2017-06-22 13:37:09,240 [main | u:p] INFO  com.polarion.platform.startup  - ------------------------------
2017-06-22 13:37:09,240 [main | u:p] INFO  com.polarion.platform.startup  - Context initialization (Phase: 3/9)
2017-06-22 13:37:09,243 [LowLevelDataService-contextInitializer-5 | u:p | context: library] INFO  com.polarion.platform.startup  -  -- Initializing context: library (1/8)
2017-06-22 13:37:09,243 [LowLevelDataService-contextInitializer-3 | u:p | context: MyPolarion] INFO  com.polarion.platform.startup  -  -- Initializing context: MyPolarion (5/8)
2017-06-22 13:37:09,243 [LowLevelDataService-contextInitializer-2 | u:p | cluster: default] INFO  com.polarion.platform.startup  -  -- Initializing cluster: default (2/8)
2017-06-22 13:37:09,243 [LowLevelDataService-contextInitializer-4 | u:p | context: --Demo Projects] INFO  com.polarion.platform.startup  -  -- Initializing context: --Demo Projects (3/8)
2017-06-22 13:37:09,243 [LowLevelDataService-contextInitializer-1 | u:p | context: [GLOBAL]] INFO  com.polarion.platform.startup  -  -- Initializing context: [GLOBAL] (4/8)
2017-06-22 13:37:09,249 [LowLevelDataService-contextInitializer-1 | u:p | context: CAPA] INFO  com.polarion.platform.startup  -  -- Initializing context: CAPA (6/8)
2017-06-22 13:37:09,347 [LowLevelDataService-contextInitializer-2 | u:p | context: elibrary] INFO  com.polarion.platform.startup  -  -- Initializing context: elibrary (7/8)
2017-06-22 13:37:09,469 [LowLevelDataService-contextInitializer-4 | u:p | context: drivepilot] INFO  com.polarion.platform.startup  -  -- Initializing context: drivepilot (8/8)
2017-06-22 13:37:10,565 [main | u:p] INFO  com.polarion.platform.startup  - Context initialization ... took  [ TIME 1.33 s. ]
2017-06-22 13:37:10,573 [main | u:p] INFO  com.polarion.platform.startup  - ------------------------------
2017-06-22 13:37:10,573 [main | u:p] INFO  com.polarion.platform.startup  - Revisions processing (Phase: 4/9)
2017-06-22 13:37:10,885 [main | u:p] INFO  com.polarion.platform.startup  -  -- Processing new revisions from repository default in context ContextId[context [global]]
2017-06-22 13:37:10,895 [main | u:p] INFO  com.polarion.platform.startup  - Revisions processing ... took  [ TIME 0.33 s. ]
2017-06-22 13:37:10,941 [main | u:p] INFO  com.polarion.platform.startup  - ------------------------------
2017-06-22 13:37:10,941 [main | u:p] INFO  com.polarion.platform.startup  - Build artifacts recognition (Phase: 5/9)
2017-06-22 13:37:10,950 [main | u:p] INFO  com.polarion.platform.startup  -  -- Processing build artifacts from context: [GLOBAL] (1/8)
2017-06-22 13:37:11,085 [main | u:p] INFO  com.polarion.platform.startup  -  -- Processing build artifacts from cluster: default (2/8)
2017-06-22 13:37:11,134 [main | u:p] INFO  com.polarion.platform.startup  -  -- Processing build artifacts from context: MyPolarion (3/8)
2017-06-22 13:37:11,203 [main | u:p] INFO  com.polarion.platform.startup  -  -- Processing build artifacts from context: --Demo Projects (4/8)
2017-06-22 13:37:11,253 [main | u:p] INFO  com.polarion.platform.startup  -  -- Processing build artifacts from context: library (5/8)
2017-06-22 13:37:11,307 [main | u:p] INFO  com.polarion.platform.startup  -  -- Processing build artifacts from context: CAPA (6/8)
2017-06-22 13:37:11,450 [main | u:p] INFO  com.polarion.platform.startup  -  -- Processing build artifacts from context: elibrary (7/8)
2017-06-22 13:37:11,655 [main | u:p] INFO  com.polarion.platform.startup  -  -- Processing build artifacts from context: drivepilot (8/8)
2017-06-22 13:37:11,655 [main | u:p] INFO  com.polarion.platform.startup  - Build artifacts recognition ... took  [ TIME 0.76 s. ]
2017-06-22 13:37:11,655 [main | u:p] INFO  com.polarion.platform.startup  - ------------------------------
2017-06-22 13:37:11,655 [main | u:p] INFO  com.polarion.platform.startup  - BIR inspection (Phase: 6/9)
2017-06-22 13:37:11,710 [main | u:p] INFO  com.polarion.platform.startup  - BIR inspection ... took  [ TIME 0.05 s. ]
2017-06-22 13:37:11,734 [main | u:p] INFO  com.polarion.platform.startup  - ------------------------------
2017-06-22 13:37:11,734 [main | u:p] INFO  com.polarion.platform.startup  - Data indexing (Phase: 7/9)
2017-06-22 13:37:11,942 [main | u:p] INFO  com.polarion.platform.startup  -  -- Refreshing 9 objects in index: BuildArtifact
2017-06-22 13:37:11,958 [main | u:p] INFO  com.polarion.platform.startup  -  -- -- 9 from 9 objects were refreshed (100%)
2017-06-22 13:37:12,255 [main | u:p] INFO  com.polarion.platform.startup  -  -- Refreshing 1 objects in index: Revision
2017-06-22 13:37:12,256 [main | u:p] INFO  com.polarion.platform.startup  -  -- -- 1 from 1 objects were refreshed (100%)
2017-06-22 13:37:12,329 [main | u:p] INFO  com.polarion.platform.startup  - Data indexing ... took  [ TIME 0.62 s. ]
2017-06-22 13:37:12,330 [main | u:p] INFO  com.polarion.platform.startup  - ------------------------------
2017-06-22 13:37:12,330 [main | u:p] INFO  com.polarion.platform.startup  - Fields recalculation (Phase: 8/9)
2017-06-22 13:37:12,352 [main | u:p] INFO  com.polarion.platform.startup  - Fields recalculation ... took  [ TIME 0.02 s. ]
2017-06-22 13:37:12,352 [main | u:p] INFO  com.polarion.platform.startup  - ------------------------------
2017-06-22 13:37:12,352 [main | u:p] INFO  com.polarion.platform.startup  - Polarion startup (Phase: 9/9)
2017-06-22 13:37:49,255 [main] INFO  com.polarion.platform.startup  - Polarion startup ... took  [ TIME 36.9 s. ]
2017-06-22 13:37:49,255 [main] INFO  com.polarion.platform.startup  - ****************************************************************
2017-06-22 13:37:49,255 [main] INFO  com.polarion.platform.startup  -                  Polarion started:  [ TIME 45.3 s. ]
2017-06-22 13:37:49,255 [main] INFO  com.polarion.platform.startup  - ****************************************************************
