2017-06-26 17:38:42,420 [main | u:p] INFO  TXLOGGER  - Summary for 'Platform startup': transactions: 0, DB: 0.0498 s [60% query (13x), 39% update (126x)] (206x), svn: 0.0227 s [87% checkPath (1x)] (3x)
2017-06-26 17:38:42,623 [main | u:p] INFO  TXLOGGER  - Summary for 'Context recognition': transactions: 0, svn: 0.0854 s [39% getDir2 content (2x), 34% info (3x), 27% getFile content (1x)] (6x)
2017-06-26 17:38:43,908 [LowLevelDataService-contextInitializer-1 | u:p] INFO  TXLOGGER  - Summary: Total: 1.28 s, transactions: 0
2017-06-26 17:38:43,908 [LowLevelDataService-contextInitializer-2 | u:p] INFO  TXLOGGER  - Summary: Total: 1.28 s, transactions: 0, svn: 0.119 s [96% log2 (11x)] (14x)
2017-06-26 17:38:43,908 [LowLevelDataService-contextInitializer-4 | u:p] INFO  TXLOGGER  - Summary: Total: 1.28 s, transactions: 0, svn: 0.267 s [49% log2 (10x), 23% log (1x), 15% info (5x)] (23x)
2017-06-26 17:38:43,908 [LowLevelDataService-contextInitializer-5 | u:p] INFO  TXLOGGER  - Summary: Total: 1.28 s, transactions: 0
2017-06-26 17:38:43,908 [LowLevelDataService-contextInitializer-3 | u:p] INFO  TXLOGGER  - Summary: Total: 1.28 s, transactions: 0, ObjectMaps: 0.255 s [100% getAllPrimaryObjects (1x)] (7x)
2017-06-26 17:38:43,909 [main | u:p] INFO  TXLOGGER  - Summary for 'Context initialization': transactions: 0, svn: 0.486 s [70% log2 (36x), 12% log (1x)] (55x), ObjectMaps: 0.393 s [99% getAllPrimaryObjects (8x)] (68x)
2017-06-26 17:38:44,238 [main | u:p] INFO  TXLOGGER  - Summary for 'Revisions processing': transactions: 16, RepositoryConfigService: 0.203 s [100% getReadConfiguration (48x)] (48x), svn: 0.106 s [89% info (17x)] (36x)
2017-06-26 17:38:44,946 [main | u:p] INFO  TXLOGGER  - Summary for 'Build artifacts recognition': transactions: 45, svn: 0.53 s [86% info (87x)] (145x), RepositoryConfigService: 0.438 s [100% getReadConfiguration (90x)] (90x)
2017-06-26 17:38:45,562 [main | u:p] INFO  TXLOGGER  - Summary for 'Data indexing': transactions: 0, Lucene: 0.247 s [100% refresh (2x)] (2x), DB: 0.0373 s [65% update (42x), 18% execute (13x)] (114x), SubterraURITable: 0.0232 s [100% addIfNotExistsDB (19x)] (19x)
2017-06-26 17:39:20,431 [main] INFO  TXLOGGER  - Summary for 'Polarion startup': transactions: 1, svn: 0.282 s [79% info (48x), 10% getDir2 content (5x)] (67x), RepositoryConfigService: 0.0227 s [100% getReadConfiguration (2x)] (2x)
2017-06-26 17:39:20,542 [Persistence Events Processing Thread | u:p] INFO  TXLOGGER  - Summary: Total: 0.106 s, transactions: 6, persistence listener: 0.106 s [92% notificationsCreatingListener (1x)] (7x)
2017-06-26 17:39:20,613 [Worker-0 | u:p | job: polarion.jobs.attachment.indexer] INFO  TXLOGGER  - Summary after AttachmentIndexer: transactions: 54, persistence listener: 0.109 s [90% notificationsCreatingListener (9x)] (63x), Lucene: 0.0697 s [100% add (2x)] (2x), resolve: 0.0438 s [91% User (2x)] (5x), ObjectMaps: 0.0128 s [100% getPrimaryObjectLocation (2x)] (2x)
2017-06-26 17:39:21,216 [PreLoadDataService | u:p] INFO  TXLOGGER  - Tx 57391397ce03f_0_57391397ce03f_0_: finished. Total: 0.775 s, svn: 0.398 s [62% getDir2 content (25x), 37% getFile content (15x)] (43x), resolve: 0.382 s [56% TimePoint (5x), 44% Category (8x)] (13x), ObjectMaps: 0.0478 s [50% getPrimaryObjectLocation (13x), 29% getPrimaryObjectProperty (13x), 21% getLastPromoted (13x)] (55x)
2017-06-26 17:39:21,769 [PreLoadDataService | u:p] INFO  TXLOGGER  - Tx 57391398c5077_0_57391398c5077_0_: finished. Total: 0.34 s, svn: 0.187 s [58% getFile content (16x), 41% info (12x)] (30x), resolve: 0.16 s [100% User (9x)] (9x), RepositoryConfigService: 0.141 s [83% getReadConfiguration (90x)] (92x), ObjectMaps: 0.0253 s [39% getPrimaryObjectLocation (9x), 35% getPrimaryObjectProperty (9x), 26% getLastPromoted (9x)] (37x)
2017-06-26 17:39:21,934 [PreLoadDataService | u:p] INFO  TXLOGGER  - Tx 573913991a478_0_573913991a478_0_: finished. Total: 0.164 s, RepositoryConfigService: 0.138 s [99% getReadConfiguration (55x)] (78x), svn: 0.104 s [100% getFile content (13x)] (14x)
2017-06-26 17:39:22,526 [DBHistoryCreator-2 | u:p] INFO  TXLOGGER  - Summary: Total: 1.87 s, transactions: 0
2017-06-26 17:39:22,526 [DBHistoryCreator-1 | u:p] INFO  TXLOGGER  - Summary: Total: 1.87 s, transactions: 0
2017-06-26 17:39:22,527 [Worker-1 | u:p | job: polarion.jobs.db.history] INFO  TXLOGGER  - Summary after DBHistoryCreator: transactions: 0, Lucene: 0.0267 s [100% add (1x)] (1x), DB: 0.0014 s [67% update (2x), 33% commit (2x)] (4x)
2017-06-26 17:39:22,528 [Worker-1 | u:p] INFO  TXLOGGER  - Summary for 'job: polarion.jobs.db.history': Total: 1.92 s, transactions: 0, DB: 1.52 s [61% query (4320x), 25% update (4295x)] (21710x), SubterraURITable: 1.24 s [100% getDB (4294x)] (4294x)
2017-06-26 17:39:22,763 [PreLoadDataService | u:p] INFO  TXLOGGER  - Tx 5739139943879_0_5739139943879_0_: finished. Total: 0.829 s, svn: 0.747 s [72% getFile content (47x), 28% getDir2 content (17x)] (65x), RepositoryConfigService: 0.603 s [100% getReadConfiguration (179x)] (198x)
2017-06-26 17:39:23,051 [PreLoadDataService | u:p] INFO  TXLOGGER  - Tx 5739139a12c7a_0_5739139a12c7a_0_: finished. Total: 0.288 s, RepositoryConfigService: 0.239 s [99% getReadConfiguration (308x)] (386x), svn: 0.231 s [84% getFile content (37x)] (44x)
2017-06-26 17:39:23,307 [PreLoadDataService | u:p] INFO  TXLOGGER  - Tx 5739139a5ac7b_0_5739139a5ac7b_0_: finished. Total: 0.256 s, svn: 0.224 s [82% getFile content (34x)] (41x), RepositoryConfigService: 0.211 s [99% getReadConfiguration (295x)] (353x)
2017-06-26 17:39:23,642 [PreLoadDataService | u:p] INFO  TXLOGGER  - Tx 5739139a9ac7c_0_5739139a9ac7c_0_: finished. Total: 0.335 s, svn: 0.317 s [51% getFile content (21x), 49% getDir2 content (17x)] (39x), RepositoryConfigService: 0.177 s [100% getReadConfiguration (88x)] (110x)
2017-06-26 17:39:23,976 [PreLoadDataService | u:p] INFO  TXLOGGER  - Tx 5739139b0587e_0_5739139b0587e_0_: finished. Total: 0.242 s, svn: 0.211 s [59% getFile content (24x), 41% getDir2 content (12x)] (37x), RepositoryConfigService: 0.151 s [100% getReadConfiguration (87x)] (109x)
2017-06-26 17:39:23,976 [PreLoadDataService] INFO  TXLOGGER  - Summary for 'PreloadDataService': Total: 3.54 s, transactions: 10, svn: 2.58 s [63% getFile content (221x), 32% getDir2 content (96x)] (352x), RepositoryConfigService: 1.73 s [98% getReadConfiguration (1142x)] (1386x), resolve: 0.689 s [31% TimePoint (5x), 25% Category (8x), 23% User (9x), 21% Project (6x)] (28x)
2017-06-26 17:39:23,976 [PreLoadDataService] INFO  TXLOGGER  - Summary after preload: transactions: 10, svn: 2.58 s [63% getFile content (221x), 32% getDir2 content (96x)] (352x), RepositoryConfigService: 1.73 s [98% getReadConfiguration (1142x)] (1386x), DB: 1.52 s [61% query (4320x), 25% update (4295x)] (21710x), SubterraURITable: 1.24 s [100% getDB (4294x)] (4294x), resolve: 0.689 s [31% TimePoint (5x), 25% Category (8x), 23% User (10x), 21% Project (6x)] (29x)
2017-06-26 17:39:51,450 [ajp-nio-8889-exec-5 | u:admin] INFO  TXLOGGER  - Tx 573913b55b47f_0_573913b55b47f_0_: finished. Total: 0.748 s, svn: 0.236 s [45% getFile content (14x), 32% info (10x), 22% getDir2 content (6x)] (34x), RepositoryConfigService: 0.176 s [86% getReadConfiguration (185x)] (216x), resolve: 0.173 s [99% WorkItem (4x)] (26x), Lucene: 0.0514 s [100% search (15x)] (15x)
2017-06-26 17:39:51,595 [ajp-nio-8889-exec-5 | u:admin] INFO  TXLOGGER  - Summary for 'WorkItemDataService.loadWorkitem': Total: 0.894 s, transactions: 1, svn: 0.236 s [45% getFile content (14x), 32% info (10x), 22% getDir2 content (6x)] (34x), RepositoryConfigService: 0.176 s [86% getReadConfiguration (185x)] (216x), resolve: 0.173 s [99% WorkItem (4x)] (26x), Lucene: 0.0514 s [100% search (15x)] (15x)
2017-06-26 17:39:57,348 [ajp-nio-8889-exec-6 | u:admin] INFO  TXLOGGER  - Tx 573913baf2480_0_573913baf2480_0_: finished. Total: 0.923 s, svn: 0.652 s [92% endActivity (1x)] (9x), Lucene: 0.165 s [88% refresh (1x)] (2x), processed revs: [273, 273 (delay 0s)], write: true
2017-06-26 17:39:57,454 [ajp-nio-8889-exec-6 | u:admin] INFO  TXLOGGER  - Tx 573913bbd9082_0_573913bbd9082_0_: finished. Total: 0.106 s, RepositoryConfigService: 0.0176 s [100% getReadConfiguration (338x)] (364x), svn: 0.0149 s [100% getFile content (1x)] (2x), Lucene: 0.0136 s [100% search (1x)] (1x)
2017-06-26 17:39:57,493 [ajp-nio-8889-exec-6 | u:admin] INFO  TXLOGGER  - Summary for 'WorkItemDataService.saveWorkItem': Total: 1.08 s, transactions: 2, svn: 0.666 s [90% endActivity (1x)] (11x), Lucene: 0.179 s [81% refresh (1x)] (3x)
2017-06-26 17:39:57,776 [Persistence Events Processing Thread | u:p] INFO  TXLOGGER  - Tx 573913bbd9081_0_573913bbd9081_0_: finished. Total: 0.428 s, resolve: 0.268 s [55% WorkItem (11x), 45% User (15x)] (26x), svn: 0.222 s [69% getFile content (10x), 16% info (2x)] (15x), ObjectMaps: 0.0272 s [47% getPrimaryObjectLocation (9x), 36% getLastPromoted (9x)] (36x)
2017-06-26 17:39:57,882 [Persistence Events Processing Thread | u:p] INFO  TXLOGGER  - Tx 573913bc44084_0_573913bc44084_0_: finished. Total: 0.105 s, resolve: 0.0528 s [99% WorkItem (3x)] (5x), svn: 0.0467 s [38% getDir2 content (1x), 33% getFile content (1x), 27% info (1x)] (5x), Lucene: 0.0265 s [100% add (1x)] (1x)
2017-06-26 17:39:57,883 [Persistence Events Processing Thread | u:p] INFO  TXLOGGER  - Summary: Total: 0.534 s, transactions: 6, persistence listener: 0.534 s [80% notificationsCreatingListener (1x)] (7x), resolve: 0.321 s [62% WorkItem (14x), 37% User (16x)] (31x), svn: 0.268 s [62% getFile content (11x), 19% getDir2 content (3x)] (20x), ObjectMaps: 0.0312 s [49% getPrimaryObjectLocation (10x), 33% getLastPromoted (10x)] (40x), Lucene: 0.0272 s [97% add (1x)] (7x)
2017-06-26 17:41:16,839 [ajp-nio-8889-exec-10 | u:admin] INFO  TXLOGGER  - Tx 573913bfccc90_0_573913bfccc90_0_: finished. Total: 75.4 s, workflow: 74.6 s [100% CreateDerivedWI (1x)] (3x), processed revs: [274, 274 (delay 0s)], write: true
2017-06-26 17:41:16,919 [ajp-nio-8889-exec-10 | u:admin] INFO  TXLOGGER  - Summary for 'WorkItemDataService.saveWorkItem': Total: 75.5 s, transactions: 2, workflow: 74.6 s [100% CreateDerivedWI (1x)] (7x)
2017-06-26 17:41:17,163 [Persistence Events Processing Thread | u:p] INFO  TXLOGGER  - Tx 5739140979c91_0_5739140979c91_0_: finished. Total: 0.324 s, resolve: 0.305 s [80% WorkItem (15x)] (32x), svn: 0.195 s [55% getFile content (6x), 24% getDir2 content (2x), 22% info (2x)] (11x), ObjectMaps: 0.0616 s [50% getLastPromoted (6x), 36% getPrimaryObjectLocation (6x)] (24x)
2017-06-26 17:41:17,448 [Persistence Events Processing Thread | u:p] INFO  TXLOGGER  - Tx 57391409cb094_0_57391409cb094_0_: finished. Total: 0.285 s, svn: 0.152 s [41% getFile content (5x), 31% info (3x), 27% getDir2 content (2x)] (12x), resolve: 0.151 s [84% WorkItem (7x)] (13x), RepositoryConfigService: 0.0705 s [100% getReadConfiguration (43x)] (46x), Lucene: 0.0437 s [100% add (2x)] (2x)
2017-06-26 17:41:17,449 [Persistence Events Processing Thread | u:p] INFO  TXLOGGER  - Summary: Total: 0.611 s, transactions: 6, persistence listener: 0.61 s [53% notificationsCreatingListener (1x), 47% WorkItemActivityCreator (1x)] (7x), resolve: 0.456 s [81% WorkItem (22x)] (45x), svn: 0.347 s [49% getFile content (11x), 26% info (5x), 25% getDir2 content (4x)] (23x), RepositoryConfigService: 0.0707 s [100% getReadConfiguration (116x)] (121x), ObjectMaps: 0.0695 s [47% getLastPromoted (10x), 39% getPrimaryObjectLocation (10x)] (41x), Lucene: 0.044 s [99% add (2x)] (4x)
