2017-06-22 17:16:41,079 [main | u:p] INFO  TXLOGGER  - Summary for 'Platform startup': transactions: 0, DB: 0.963 s [98% query (13x)] (206x), svn: 0.0533 s [94% checkPath (1x)] (3x)
2017-06-22 17:16:42,205 [main | u:p] INFO  TXLOGGER  - Summary for 'Context recognition': transactions: 0, svn: 0.949 s [51% getDir2 content (2x), 45% info (3x)] (6x)
2017-06-22 17:16:44,144 [LowLevelDataService-contextInitializer-1 | u:p] INFO  TXLOGGER  - Summary: Total: 1.94 s, transactions: 0
2017-06-22 17:16:44,176 [LowLevelDataService-contextInitializer-4 | u:p] INFO  TXLOGGER  - Summary: Total: 1.94 s, transactions: 0, svn: 0.113 s [98% log2 (10x)] (12x)
2017-06-22 17:16:44,176 [LowLevelDataService-contextInitializer-5 | u:p] INFO  TXLOGGER  - Summary: Total: 1.94 s, transactions: 0, svn: 0.447 s [80% log (1x), 9% log2 (5x)] (15x)
2017-06-22 17:16:44,176 [LowLevelDataService-contextInitializer-2 | u:p] INFO  TXLOGGER  - Summary: Total: 1.94 s, transactions: 0, svn: 0.13 s [98% log2 (6x)] (8x)
2017-06-22 17:16:44,176 [LowLevelDataService-contextInitializer-3 | u:p] INFO  TXLOGGER  - Summary: Total: 1.94 s, transactions: 0, ObjectMaps: 0.265 s [100% getAllPrimaryObjects (1x)] (7x)
2017-06-22 17:16:44,176 [main | u:p] INFO  TXLOGGER  - Summary for 'Context initialization': transactions: 0, svn: 0.759 s [47% log (1x), 46% log2 (31x)] (47x), ObjectMaps: 0.398 s [99% getAllPrimaryObjects (7x)] (55x)
2017-06-22 17:16:44,582 [main | u:p] INFO  TXLOGGER  - Tx 5733e80f92805_0_5733e80f92805_0_: finished. Total: 0.157 s, svn: 0.156 s [100% info (1x)] (2x)
2017-06-22 17:16:44,707 [main | u:p] INFO  TXLOGGER  - Summary for 'Revisions processing': transactions: 14, RepositoryConfigService: 0.397 s [100% getReadConfiguration (42x)] (42x), svn: 0.274 s [93% info (15x)] (32x)
2017-06-22 17:16:45,098 [main | u:p] INFO  TXLOGGER  - Tx 5733e81000016_0_5733e81000016_0_: finished. Total: 0.238 s, svn: 0.0168 s [67% info (2x), 33% getFile content (1x)] (4x)
2017-06-22 17:16:45,724 [main | u:p] INFO  TXLOGGER  - Summary for 'Build artifacts recognition': transactions: 40, RepositoryConfigService: 0.641 s [100% getReadConfiguration (80x)] (80x), svn: 0.594 s [86% info (78x)] (131x)
2017-06-22 17:16:47,913 [main | u:p] INFO  TXLOGGER  - Summary for 'Data indexing': transactions: 0, Lucene: 0.495 s [100% refresh (2x)] (2x), DB: 0.34 s [55% update (38x), 27% query (17x)] (103x), SubterraURITable: 0.111 s [100% addIfNotExistsDB (17x)] (17x)
2017-06-22 17:18:10,013 [main] INFO  TXLOGGER  - Summary for 'Polarion startup': transactions: 1, svn: 0.465 s [57% info (47x), 36% getDir2 content (5x)] (82x), RepositoryConfigService: 0.0351 s [100% getReadConfiguration (2x)] (2x)
2017-06-22 17:18:10,280 [Persistence Events Processing Thread | u:p] INFO  TXLOGGER  - Tx 5733e8632d838_0_5733e8632d838_0_: finished. Total: 0.241 s
2017-06-22 17:18:10,286 [Persistence Events Processing Thread | u:p] INFO  TXLOGGER  - Summary: Total: 0.271 s, transactions: 6, persistence listener: 0.27 s [98% notificationsCreatingListener (1x)] (7x)
2017-06-22 17:18:10,851 [Worker-0 | u:p | job: polarion.jobs.attachment.indexer] INFO  TXLOGGER  - Summary after AttachmentIndexer: transactions: 48, Lucene: 0.422 s [100% add (2x)] (2x), persistence listener: 0.273 s [97% notificationsCreatingListener (8x)] (56x), resolve: 0.0456 s [95% User (2x)] (5x)
2017-06-22 17:18:10,852 [Worker-0 | u:p] INFO  TXLOGGER  - Summary for 'job: polarion.jobs.attachment.indexer': Total: 0.11 s, transactions: 0
2017-06-22 17:18:12,478 [PreLoadDataService | u:p] INFO  TXLOGGER  - Tx 5733e86365839_0_5733e86365839_0_: finished. Total: 2.21 s, resolve: 1.14 s [56% TimePoint (5x), 44% Category (8x)] (13x), svn: 0.948 s [70% getFile content (15x), 30% getDir2 content (25x)] (43x), ObjectMaps: 0.256 s [65% getPrimaryObjectProperty (13x), 27% getLastPromoted (13x)] (55x), Lucene: 0.155 s [100% search (2x)] (2x)
2017-06-22 17:18:14,069 [PreLoadDataService | u:p] INFO  TXLOGGER  - Tx 5733e8658f869_0_5733e8658f869_0_: finished. Total: 1.59 s, Lucene: 1.4 s [100% search (1x)] (1x)
2017-06-22 17:18:14,916 [PreLoadDataService | u:p] INFO  TXLOGGER  - Tx 5733e8677246a_0_5733e8677246a_0_: finished. Total: 0.507 s, RepositoryConfigService: 0.355 s [71% getReadConfiguration (72x), 29% getReadUserConfiguration (2x)] (74x), svn: 0.321 s [81% getFile content (14x)] (25x), resolve: 0.0945 s [100% User (8x)] (8x), Lucene: 0.0371 s [100% search (1x)] (1x)
2017-06-22 17:18:15,048 [PreLoadDataService | u:p] INFO  TXLOGGER  - Tx 5733e867f146b_0_5733e867f146b_0_: finished. Total: 0.131 s, RepositoryConfigService: 0.111 s [98% getReadConfiguration (55x)] (78x), svn: 0.0934 s [100% getFile content (13x)] (14x)
2017-06-22 17:18:16,332 [PreLoadDataService | u:p] INFO  TXLOGGER  - Tx 5733e8681246c_0_5733e8681246c_0_: finished. Total: 1.28 s, svn: 1.21 s [63% getFile content (47x), 37% getDir2 content (17x)] (65x), RepositoryConfigService: 0.817 s [100% getReadConfiguration (164x)] (180x)
2017-06-22 17:18:17,632 [PreLoadDataService | u:p] INFO  TXLOGGER  - Tx 5733e8695306d_0_5733e8695306d_0_: finished. Total: 1.3 s, svn: 1.24 s [80% getDir2 content (6x)] (42x), RepositoryConfigService: 0.286 s [99% getReadConfiguration (295x)] (370x)
2017-06-22 17:18:18,016 [PreLoadDataService | u:p] INFO  TXLOGGER  - Tx 5733e86a9806e_0_5733e86a9806e_0_: finished. Total: 0.383 s, svn: 0.359 s [52% getDir2 content (17x), 48% getFile content (21x)] (39x), RepositoryConfigService: 0.189 s [99% getReadConfiguration (88x)] (110x)
2017-06-22 17:18:18,121 [PreLoadDataService | u:p] INFO  TXLOGGER  - Tx 5733e86af806f_0_5733e86af806f_0_: finished. Total: 0.105 s, svn: 0.0963 s [58% getDir2 content (11x), 42% getFile content (8x)] (20x), RepositoryConfigService: 0.0464 s [99% getReadConfiguration (38x)] (54x)
2017-06-22 17:18:18,441 [PreLoadDataService | u:p] INFO  TXLOGGER  - Tx 5733e86b12470_0_5733e86b12470_0_: finished. Total: 0.319 s, svn: 0.276 s [50% getFile content (24x), 50% getDir2 content (12x)] (37x), RepositoryConfigService: 0.176 s [99% getReadConfiguration (87x)] (109x)
2017-06-22 17:18:18,442 [PreLoadDataService] INFO  TXLOGGER  - Summary for 'PreloadDataService': Total: 8.17 s, transactions: 9, svn: 4.79 s [53% getFile content (182x), 44% getDir2 content (90x)] (301x), RepositoryConfigService: 2 s [94% getReadConfiguration (801x)] (981x), Lucene: 1.67 s [100% search (5x)] (5x), resolve: 1.49 s [43% TimePoint (5x), 34% Category (8x), 17% Project (5x)] (26x)
2017-06-22 17:18:18,442 [PreLoadDataService] INFO  TXLOGGER  - Summary after preload: transactions: 9, svn: 4.79 s [53% getFile content (182x), 44% getDir2 content (90x)] (304x), RepositoryConfigService: 2 s [94% getReadConfiguration (801x)] (981x), Lucene: 1.7 s [98% search (5x)] (6x), resolve: 1.49 s [43% TimePoint (5x), 34% Category (8x), 17% Project (5x)] (27x), ObjectMaps: 0.333 s [66% getPrimaryObjectProperty (26x), 23% getLastPromoted (26x)] (108x)
2017-06-22 17:18:23,691 [DBHistoryCreator-1 | u:p] INFO  TXLOGGER  - Summary: Total: 12.8 s, transactions: 0
2017-06-22 17:18:23,691 [DBHistoryCreator-2 | u:p] INFO  TXLOGGER  - Summary: Total: 12.8 s, transactions: 0
2017-06-22 17:18:23,691 [Worker-1 | u:p | job: polarion.jobs.db.history] INFO  TXLOGGER  - Summary after DBHistoryCreator: transactions: 0, DB: 0.00135 s [78% update (2x), 22% commit (2x)] (4x), svn: 0.000985 s [100% getLatestRevision (1x)] (1x)
2017-06-22 17:18:23,691 [Worker-1 | u:p] INFO  TXLOGGER  - Summary for 'job: polarion.jobs.db.history': Total: 12.9 s, transactions: 0, DB: 12.5 s [96% query (4086x)] (20413x), SubterraURITable: 1.24 s [100% getDB (4060x)] (4060x)
