2017-06-26 11:26:25,465 [main] INFO  com.polarion.platform.startup  - ****************************************************************
2017-06-26 11:26:25,465 [main] INFO  com.polarion.platform.startup  -                 Polarion starting, please wait!                 
2017-06-26 11:26:25,465 [main] INFO  com.polarion.platform.startup  - ****************************************************************
2017-06-26 11:26:25,466 [main] INFO  com.polarion.platform.startup  - Server start mode: normal
2017-06-26 11:26:25,466 [main] INFO  com.polarion.platform.startup  - ------------------------------
2017-06-26 11:26:25,466 [main] INFO  com.polarion.platform.startup  - Platform startup (Phase: 1/9)
2017-06-26 11:26:29,738 [main] INFO  com.polarion.platform.startup  - Opening historical database...
2017-06-26 11:26:29,910 [main] INFO  com.polarion.platform.startup  - Opening of historical database finished [ TIME 0.171 s. ]
2017-06-26 11:26:29,910 [main] INFO  com.polarion.platform.startup  - Opening head database...
2017-06-26 11:26:29,994 [main] INFO  com.polarion.platform.startup  - Opening of head database finished [ TIME 0.0844 s. ]
2017-06-26 11:26:30,177 [main | u:p] INFO  com.polarion.platform.startup  -  -- Polarion startup estimation:  [ TIME 43 s. ]
2017-06-26 11:26:30,308 [main | u:p] INFO  com.polarion.platform.startup  - Platform startup ... took  [ TIME 4.85 s. ]
2017-06-26 11:26:30,461 [main | u:p] INFO  com.polarion.platform.startup  - ------------------------------
2017-06-26 11:26:30,461 [main | u:p] INFO  com.polarion.platform.startup  - Context recognition (Phase: 2/9)
2017-06-26 11:26:30,520 [main | u:p] INFO  com.polarion.platform.startup  - Context recognition ... took  [ TIME 0.21 s. ]
2017-06-26 11:26:30,520 [main | u:p] INFO  com.polarion.platform.startup  - ------------------------------
2017-06-26 11:26:30,521 [main | u:p] INFO  com.polarion.platform.startup  - Context initialization (Phase: 3/9)
2017-06-26 11:26:30,523 [LowLevelDataService-contextInitializer-3 | u:p | context: MyPolarion] INFO  com.polarion.platform.startup  -  -- Initializing context: MyPolarion (5/8)
2017-06-26 11:26:30,523 [LowLevelDataService-contextInitializer-4 | u:p | context: --Demo Projects] INFO  com.polarion.platform.startup  -  -- Initializing context: --Demo Projects (3/8)
2017-06-26 11:26:30,523 [LowLevelDataService-contextInitializer-2 | u:p | cluster: default] INFO  com.polarion.platform.startup  -  -- Initializing cluster: default (4/8)
2017-06-26 11:26:30,523 [LowLevelDataService-contextInitializer-1 | u:p | context: [GLOBAL]] INFO  com.polarion.platform.startup  -  -- Initializing context: [GLOBAL] (2/8)
2017-06-26 11:26:30,523 [LowLevelDataService-contextInitializer-5 | u:p | context: library] INFO  com.polarion.platform.startup  -  -- Initializing context: library (1/8)
2017-06-26 11:26:30,527 [LowLevelDataService-contextInitializer-1 | u:p | context: CAPA] INFO  com.polarion.platform.startup  -  -- Initializing context: CAPA (6/8)
2017-06-26 11:26:30,648 [LowLevelDataService-contextInitializer-2 | u:p | context: elibrary] INFO  com.polarion.platform.startup  -  -- Initializing context: elibrary (7/8)
2017-06-26 11:26:30,731 [LowLevelDataService-contextInitializer-4 | u:p | context: drivepilot] INFO  com.polarion.platform.startup  -  -- Initializing context: drivepilot (8/8)
2017-06-26 11:26:31,685 [main | u:p] INFO  com.polarion.platform.startup  - Context initialization ... took  [ TIME 1.16 s. ]
2017-06-26 11:26:31,691 [main | u:p] INFO  com.polarion.platform.startup  - ------------------------------
2017-06-26 11:26:31,691 [main | u:p] INFO  com.polarion.platform.startup  - Revisions processing (Phase: 4/9)
2017-06-26 11:26:31,953 [main | u:p] INFO  com.polarion.platform.startup  -  -- Processing new revisions from repository default in context ContextId[context [global]]
2017-06-26 11:26:31,960 [main | u:p] INFO  com.polarion.platform.startup  - Revisions processing ... took  [ TIME 0.27 s. ]
2017-06-26 11:26:32,007 [main | u:p] INFO  com.polarion.platform.startup  - ------------------------------
2017-06-26 11:26:32,007 [main | u:p] INFO  com.polarion.platform.startup  - Build artifacts recognition (Phase: 5/9)
2017-06-26 11:26:32,012 [main | u:p] INFO  com.polarion.platform.startup  -  -- Processing build artifacts from context: [GLOBAL] (1/8)
2017-06-26 11:26:32,150 [main | u:p] INFO  com.polarion.platform.startup  -  -- Processing build artifacts from cluster: default (2/8)
2017-06-26 11:26:32,199 [main | u:p] INFO  com.polarion.platform.startup  -  -- Processing build artifacts from context: MyPolarion (3/8)
2017-06-26 11:26:32,250 [main | u:p] INFO  com.polarion.platform.startup  -  -- Processing build artifacts from context: --Demo Projects (4/8)
2017-06-26 11:26:32,294 [main | u:p] INFO  com.polarion.platform.startup  -  -- Processing build artifacts from context: library (5/8)
2017-06-26 11:26:32,345 [main | u:p] INFO  com.polarion.platform.startup  -  -- Processing build artifacts from context: CAPA (6/8)
2017-06-26 11:26:32,494 [main | u:p] INFO  com.polarion.platform.startup  -  -- Processing build artifacts from context: elibrary (7/8)
2017-06-26 11:26:32,650 [main | u:p] INFO  com.polarion.platform.startup  -  -- Processing build artifacts from context: drivepilot (8/8)
2017-06-26 11:26:32,650 [main | u:p] INFO  com.polarion.platform.startup  - Build artifacts recognition ... took  [ TIME 0.69 s. ]
2017-06-26 11:26:32,651 [main | u:p] INFO  com.polarion.platform.startup  - ------------------------------
2017-06-26 11:26:32,651 [main | u:p] INFO  com.polarion.platform.startup  - BIR inspection (Phase: 6/9)
2017-06-26 11:26:32,679 [main | u:p] INFO  com.polarion.platform.startup  - BIR inspection ... took  [ TIME 0.03 s. ]
2017-06-26 11:26:32,709 [main | u:p] INFO  com.polarion.platform.startup  - ------------------------------
2017-06-26 11:26:32,709 [main | u:p] INFO  com.polarion.platform.startup  - Data indexing (Phase: 7/9)
2017-06-26 11:26:32,860 [main | u:p] INFO  com.polarion.platform.startup  -  -- Refreshing 9 objects in index: BuildArtifact
2017-06-26 11:26:32,873 [main | u:p] INFO  com.polarion.platform.startup  -  -- -- 9 from 9 objects were refreshed (100%)
2017-06-26 11:26:33,107 [main | u:p] INFO  com.polarion.platform.startup  -  -- Refreshing 1 objects in index: Revision
2017-06-26 11:26:33,108 [main | u:p] INFO  com.polarion.platform.startup  -  -- -- 1 from 1 objects were refreshed (100%)
2017-06-26 11:26:33,172 [main | u:p] INFO  com.polarion.platform.startup  - Data indexing ... took  [ TIME 0.49 s. ]
2017-06-26 11:26:33,173 [main | u:p] INFO  com.polarion.platform.startup  - ------------------------------
2017-06-26 11:26:33,173 [main | u:p] INFO  com.polarion.platform.startup  - Fields recalculation (Phase: 8/9)
2017-06-26 11:26:33,188 [main | u:p] INFO  com.polarion.platform.startup  - Fields recalculation ... took  [ TIME 0.02 s. ]
2017-06-26 11:26:33,188 [main | u:p] INFO  com.polarion.platform.startup  - ------------------------------
2017-06-26 11:26:33,188 [main | u:p] INFO  com.polarion.platform.startup  - Polarion startup (Phase: 9/9)
2017-06-26 11:27:03,427 [main] INFO  com.polarion.platform.startup  - Polarion startup ... took  [ TIME 30.24 s. ]
2017-06-26 11:27:03,428 [main] INFO  com.polarion.platform.startup  - ****************************************************************
2017-06-26 11:27:03,428 [main] INFO  com.polarion.platform.startup  -                  Polarion started:  [ TIME 38 s. ]
2017-06-26 11:27:03,428 [main] INFO  com.polarion.platform.startup  - ****************************************************************
