2017-06-21 13:54:20,909 [main | u:p] INFO  TXLOGGER  - Summary for 'Platform startup': transactions: 0, DB: 2.84 s [95% execute (1329x)] (1554x)
2017-06-21 13:54:21,065 [main | u:p] INFO  TXLOGGER  - Summary for 'Context recognition': transactions: 0, svn: 0.0573 s [48% info (3x), 28% getDir2 content (2x), 24% getFile content (1x)] (6x)
2017-06-21 13:54:23,049 [LowLevelDataService-contextInitializer-3 | u:p] INFO  TXLOGGER  - Summary: Total: 1.98 s, transactions: 0
2017-06-21 13:54:23,049 [LowLevelDataService-contextInitializer-4 | u:p] INFO  TXLOGGER  - Summary: Total: 1.98 s, transactions: 0, svn: 0.446 s [76% log2 (5x), 12% info (7x)] (18x)
2017-06-21 13:54:23,049 [LowLevelDataService-contextInitializer-1 | u:p] INFO  TXLOGGER  - Summary: Total: 1.98 s, transactions: 0, svn: 1.61 s [39% getFile content (83x), 38% info (86x), 23% log2 (5x)] (176x)
2017-06-21 13:54:23,049 [LowLevelDataService-contextInitializer-2 | u:p] INFO  TXLOGGER  - Summary: Total: 1.98 s, transactions: 0, svn: 0.496 s [52% info (17x), 37% getFile content (16x)] (36x)
2017-06-21 13:54:23,049 [LowLevelDataService-contextInitializer-5 | u:p] INFO  TXLOGGER  - Summary: Total: 1.98 s, transactions: 0, svn: 1.18 s [42% info (56x), 32% log2 (5x), 26% getFile content (36x)] (99x)
2017-06-21 13:54:23,049 [main | u:p] INFO  TXLOGGER  - Summary for 'Context initialization': transactions: 0, svn: 3.81 s [37% info (166x), 32% log2 (21x), 30% getFile content (137x)] (336x), ObjectMaps: 0.224 s [68% saveIfNeeded (2477x), 14% addLocation (1023x)] (9784x)
2017-06-21 13:54:23,253 [main | u:p] INFO  TXLOGGER  - Summary for 'Revisions processing': transactions: 10, RepositoryConfigService: 0.109 s [100% getReadConfiguration (30x)] (30x), svn: 0.0512 s [74% info (11x), 15% log2 (1x)] (24x), EHCache: 0.00593 s [100% put (1x)] (2x)
2017-06-21 13:54:24,206 [main | u:p] INFO  TXLOGGER  - Summary for 'Build artifacts recognition': transactions: 30, svn: 0.79 s [85% info (188x)] (249x), RepositoryConfigService: 0.253 s [100% getReadConfiguration (65x)] (65x)
2017-06-21 13:54:24,268 [main | u:p] INFO  TXLOGGER  - Summary for 'BIR inspection': transactions: 0, RepositoryConfigService: 0.0000259 s [100% defineConfiguration (4x)] (4x)
2017-06-21 13:54:30,441 [ObjectIndex-refreshIndex-1 | u:p] INFO  TXLOGGER  - Summary: Total: 0.385 s, transactions: 5, resolve: 0.175 s [100% TestRun (10x)] (40x), svn: 0.156 s [69% getFile content (11x), 30% info (6x)] (23x), Lucene: 0.107 s [100% refresh (1x)] (1x), RepositoryConfigService: 0.0781 s [100% getReadConfiguration (75x)] (77x), SubterraURITable: 0.0484 s [100% addIfNotExistsDB (17x)] (17x), ObjectMaps: 0.0392 s [49% getPrimaryObjectLocation (10x), 33% getLastPromoted (10x)] (40x), DB: 0.0274 s [43% execute (28x), 42% update (45x)] (142x)
2017-06-21 13:54:30,441 [ObjectIndex-refreshIndex-3 | u:p] INFO  TXLOGGER  - Summary: Total: 0.384 s, transactions: 7, svn: 0.167 s [55% info (12x), 44% getFile content (9x)] (29x), Lucene: 0.161 s [100% refresh (1x)] (1x), RepositoryConfigService: 0.149 s [100% getReadConfiguration (29x)] (36x), resolve: 0.0974 s [100% TestRun (3x)] (12x), SubterraURITable: 0.0586 s [100% addIfNotExistsDB (10x)] (10x), ObjectMaps: 0.0348 s [49% getPrimaryObjectLocation (3x), 44% getPrimaryObjectProperty (3x)] (12x), DB: 0.033 s [51% execute (11x), 31% update (24x)] (76x)
2017-06-21 13:54:30,441 [ObjectIndex-refreshIndex-2 | u:p] INFO  TXLOGGER  - Summary: Total: 0.384 s, transactions: 4, resolve: 0.211 s [94% TestRun (10x)] (40x), svn: 0.155 s [78% getFile content (13x), 21% info (4x)] (22x), Lucene: 0.0841 s [100% refresh (1x)] (1x), SubterraURITable: 0.063 s [100% addIfNotExistsDB (15x)] (15x), RepositoryConfigService: 0.0589 s [100% getReadConfiguration (78x)] (78x), ObjectMaps: 0.0575 s [63% getPrimaryObjectLocation (11x), 29% getPrimaryObjectProperty (11x)] (44x), DB: 0.0336 s [43% execute (29x), 37% update (41x)] (131x)
2017-06-21 13:54:36,442 [ObjectIndex-refreshIndex-3 | u:p] INFO  TXLOGGER  - Summary: Total: 4.22 s, transactions: 9, resolve: 2.46 s [100% WorkItem (100x)] (1211x), svn: 1.42 s [96% getFile content (112x)] (131x), ObjectMaps: 0.885 s [44% getLocalIdsForLocation (97x), 26% getPrimaryObjectLocation (113x), 20% getLastPromoted (110x)] (540x)
2017-06-21 13:54:36,442 [ObjectIndex-refreshIndex-4 | u:p] INFO  TXLOGGER  - Summary: Total: 4.22 s, transactions: 20, resolve: 3.46 s [96% WorkItem (200x)] (2536x), svn: 2.34 s [96% getFile content (219x)] (258x), ObjectMaps: 0.949 s [46% getLocalIdsForLocation (175x), 33% getPrimaryObjectLocation (226x), 11% getPrimaryObjectProperty (213x)] (1040x), Lucene: 0.609 s [100% refresh (2x)] (2x)
2017-06-21 13:54:36,442 [ObjectIndex-refreshIndex-1 | u:p] INFO  TXLOGGER  - Summary: Total: 4.22 s, transactions: 21, resolve: 3 s [100% WorkItem (149x)] (1820x), svn: 1.87 s [97% getFile content (166x)] (201x), ObjectMaps: 1 s [44% getLocalIdsForLocation (131x), 22% getPrimaryObjectLocation (166x), 19% getPrimaryObjectProperty (156x)] (765x), Lucene: 0.501 s [100% refresh (2x)] (2x)
2017-06-21 13:54:36,442 [ObjectIndex-refreshIndex-5 | u:p] INFO  TXLOGGER  - Summary: Total: 4.22 s, transactions: 37, resolve: 2.14 s [97% WorkItem (100x)] (1439x), svn: 1.56 s [94% getFile content (124x)] (180x), Lucene: 1.5 s [100% refresh (1x)] (1x), ObjectMaps: 0.59 s [48% getLocalIdsForLocation (93x), 39% getPrimaryObjectLocation (115x)] (523x), RepositoryConfigService: 0.38 s [86% getReadConfiguration (1057x)] (1266x)
2017-06-21 13:54:36,442 [ObjectIndex-refreshIndex-2 | u:p] INFO  TXLOGGER  - Summary: Total: 4.22 s, transactions: 47, resolve: 3.12 s [100% WorkItem (200x)] (2623x), svn: 2.42 s [98% getFile content (240x)] (302x), ObjectMaps: 0.729 s [42% getLocalIdsForLocation (196x), 30% getPrimaryObjectLocation (217x), 16% getLastPromoted (205x)] (1028x), Lucene: 0.683 s [100% refresh (2x)] (2x), RepositoryConfigService: 0.4 s [94% getReadConfiguration (2120x)] (2534x), DB: 0.232 s [72% execute (481x), 28% update (204x)] (691x)
2017-06-21 13:54:37,332 [main | u:p] INFO  TXLOGGER  - Summary for 'Data indexing': transactions: 170, resolve: 17.5 s [80% WorkItem (797x), 6% Comment (276x)] (10607x), svn: 12.4 s [90% getFile content (1157x)] (1578x), Lucene: 8.25 s [100% refresh (28x)] (28x), ObjectMaps: 4.48 s [42% getLocalIdsForLocation (803x), 30% getPrimaryObjectLocation (1111x), 14% getLastPromoted (1063x)] (5103x), RepositoryConfigService: 1.81 s [89% getReadConfiguration (8328x)] (9917x), DB: 1.47 s [48% execute (2253x), 38% update (3040x)] (9357x)
2017-06-21 13:54:37,535 [main | u:p] INFO  TXLOGGER  - Summary for 'Fields recalculation': transactions: 1, Lucene: 0.107 s [59% refresh (1x), 41% search (54x)] (55x), DB: 0.0399 s [82% update (169x)] (229x), resolve: 0.00797 s [56% RichPage (14x), 40% WorkItem (75x)] (275x), EHCache: 0.00566 s [90% put (28x)] (205x)
2017-06-21 13:55:08,431 [main] INFO  TXLOGGER  - Summary for 'Polarion startup': transactions: 1, svn: 0.587 s [44% info (55x), 28% getDir2 content (18x), 26% getFile content (22x)] (107x), resolve: 0.411 s [87% WorkItems (1x)] (204x), Lucene: 0.0944 s [100% refresh (1x)] (1x), ObjectMaps: 0.0878 s [79% getPrimaryObjectLocations (101x), 8% getPrimaryObjectLocation (23x)] (187x), DB: 0.0605 s [61% update (15x), 39% execute (71x)] (87x)
2017-06-21 13:55:08,760 [PreLoadDataService | u:p] INFO  TXLOGGER  - Tx 5732705413cd5_0_5732705413cd5_0_: finished. Total: 0.322 s, svn: 0.25 s [95% getDir2 content (25x)] (28x), RepositoryConfigService: 0.0218 s [100% getReadConfiguration (2x)] (2x)
2017-06-21 13:55:08,978 [PreLoadDataService | u:p] INFO  TXLOGGER  - Tx 573270547d53e_0_573270547d53e_0_: finished. Total: 0.124 s, RepositoryConfigService: 0.114 s [99% getReadConfiguration (54x)] (71x), svn: 0.0949 s [100% getFile content (12x)] (13x)
2017-06-21 13:55:09,353 [PreLoadDataService | u:p] INFO  TXLOGGER  - Tx 573270549c93f_0_573270549c93f_0_: finished. Total: 0.369 s, svn: 0.345 s [65% getDir2 content (17x), 35% getFile content (9x)] (27x), RepositoryConfigService: 0.135 s [99% getReadConfiguration (163x)] (173x)
2017-06-21 13:55:09,619 [PreLoadDataService | u:p] INFO  TXLOGGER  - Tx 57327054fa540_0_57327054fa540_0_: finished. Total: 0.27 s, svn: 0.254 s [82% getDir2 content (17x)] (23x), RepositoryConfigService: 0.0562 s [97% getReadConfiguration (87x)] (99x)
2017-06-21 13:55:09,760 [PreLoadDataService | u:p] INFO  TXLOGGER  - Tx 573270553cd41_0_573270553cd41_0_: finished. Total: 0.147 s, svn: 0.138 s [73% getDir2 content (11x), 27% getFile content (4x)] (16x), RepositoryConfigService: 0.0421 s [98% getReadConfiguration (37x)] (47x)
2017-06-21 13:55:09,760 [PreLoadDataService] INFO  TXLOGGER  - Summary for 'PreloadDataService': Total: 1.33 s, transactions: 7, svn: 1.16 s [68% getDir2 content (72x), 28% getFile content (35x)] (120x), RepositoryConfigService: 0.442 s [99% getReadConfiguration (399x)] (448x)
2017-06-21 13:55:09,760 [PreLoadDataService] INFO  TXLOGGER  - Summary after preload: transactions: 109, svn: 1.16 s [68% getDir2 content (72x), 28% getFile content (35x)] (120x), RepositoryConfigService: 0.442 s [99% getReadConfiguration (399x)] (448x), Lucene: 0.267 s [97% add (6x)] (11x), persistence listener: 0.262 s [70% BuildActivityCreator (17x), 28% notificationsCreatingListener (17x)] (119x)
2017-06-21 13:55:10,088 [AttachmentIndexer-2 | u:p] INFO  TXLOGGER  - Summary: Total: 1.58 s, transactions: 0, Lucene: 1.55 s [100% refresh (1x)] (1x), svn: 0.847 s [48% info (38x), 28% getFile properties (19x), 23% getFile content (19x)] (79x), resolve: 0.736 s [100% ModuleAttachment (27x)] (138x)
2017-06-21 13:55:10,088 [AttachmentIndexer-3 | u:p] INFO  TXLOGGER  - Summary: Total: 1.58 s, transactions: 0, svn: 1.05 s [41% getFile content (38x), 39% info (38x), 20% getFile properties (19x)] (98x), resolve: 0.929 s [100% WikiPageAttachment (19x)] (67x), Lucene: 0.309 s [100% refresh (1x)] (1x)
2017-06-21 13:55:10,088 [AttachmentIndexer-1 | u:p] INFO  TXLOGGER  - Summary: Total: 1.58 s, transactions: 0, svn: 0.912 s [47% info (38x), 29% getFile properties (19x), 23% getFile content (19x)] (79x), resolve: 0.77 s [100% ModuleAttachment (19x)] (76x), Lucene: 0.363 s [100% refresh (1x)] (1x), DB: 0.176 s [91% update (58x)] (154x)
2017-06-21 13:55:10,088 [AttachmentIndexer-4 | u:p] INFO  TXLOGGER  - Summary: Total: 1.58 s, transactions: 0, Lucene: 1.49 s [100% refresh (1x)] (1x), svn: 0.969 s [42% info (38x), 38% getFile content (38x), 19% getFile properties (19x)] (98x), resolve: 0.893 s [100% WikiPageAttachment (83x)] (196x), ObjectMaps: 0.0897 s [52% getPrimaryObjectLocation (19x), 33% getLocalIdsForLocation (19x)] (57x)
2017-06-21 13:55:10,088 [Worker-0 | u:p | job: polarion.jobs.attachment.indexer] INFO  TXLOGGER  - Summary after AttachmentIndexer: transactions: 0, svn: 3.78 s [44% info (152x), 32% getFile content (114x), 24% getFile properties (76x)] (354x), Lucene: 3.71 s [100% refresh (4x)] (4x), resolve: 3.33 s [55% WikiPageAttachment (102x), 45% ModuleAttachment (46x)] (477x), ObjectMaps: 0.268 s [51% getPrimaryObjectLocation (76x), 28% getLocalIdsForLocation (76x), 21% getLastPromoted (76x)] (228x), DB: 0.247 s [82% update (148x)] (524x)
2017-06-21 13:55:10,088 [Worker-0 | u:p] INFO  TXLOGGER  - Summary for 'job: polarion.jobs.attachment.indexer': Total: 1.59 s, transactions: 0
2017-06-21 13:55:18,286 [DBHistoryCreator-1 | u:p] INFO  TXLOGGER  - Summary: Total: 8.17 s, transactions: 0, Lucene: 6.37 s [100% refresh (1x)] (1x), resolve: 1.08 s [68% ModuleAttachment (27x), 11% DocumentWorkflowSignatures (6x), 10% ModuleComments (3x)] (316x), svn: 1.04 s [45% info (42x), 36% getFile content (35x)] (96x)
2017-06-21 13:55:18,286 [DBHistoryCreator-5 | u:p] INFO  TXLOGGER  - Summary: Total: 8.17 s, transactions: 0, resolve: 4.35 s [48% WorkItem (200x), 22% Comment (51x), 18% WikiPageAttachment (19x)] (2669x), svn: 3.7 s [84% getFile content (338x)] (404x), Lucene: 2.96 s [100% refresh (5x)] (5x), ObjectMaps: 0.903 s [36% getHistoryRevisions (280x), 32% getPrimaryObjectProperty (300x), 14% getPrimaryObjectLocation (327x)] (2613x)
2017-06-21 13:55:18,286 [DBHistoryCreator-2 | u:p] INFO  TXLOGGER  - Summary: Total: 8.17 s, transactions: 0, Lucene: 3.67 s [100% refresh (5x)] (5x), resolve: 3.57 s [34% WorkItem (148x), 20% WikiPageAttachment (83x), 19% ModuleAttachment (19x), 9% WikiPage (125x)] (1744x), svn: 3.44 s [66% getFile content (255x), 23% info (88x)] (381x), ObjectMaps: 0.68 s [46% getHistoryRevisions (182x), 20% getPrimaryObjectLocation (242x), 14% getPrimaryObjectProperty (197x)] (1882x)
2017-06-21 13:55:18,286 [DBHistoryCreator-3 | u:p] INFO  TXLOGGER  - Summary: Total: 8.17 s, transactions: 0, Lucene: 3.9 s [100% refresh (6x)] (6x), resolve: 3.77 s [41% WorkItem (200x), 11% Comment (140x), 8% User (574x), 7% Plan (14x), 7% TestRun (13x), 7% Category (108x), 6% Project (227x)] (2789x), svn: 2.81 s [98% getFile content (314x)] (328x), ObjectMaps: 0.997 s [29% getPrimaryObjectLocation (332x), 28% getHistoryRevisions (233x), 18% getPrimaryObjectProperty (314x), 15% getLastPromoted (314x)] (2712x)
2017-06-21 13:55:18,286 [DBHistoryCreator-4 | u:p] INFO  TXLOGGER  - Summary: Total: 8.17 s, transactions: 0, resolve: 4.11 s [65% WorkItem (249x), 7% Project (277x), 6% RichPage (253x), 6% User (603x)] (3430x), Lucene: 3.51 s [100% refresh (9x)] (9x), svn: 3.22 s [98% getFile content (351x)] (367x), ObjectMaps: 1.06 s [36% getHistoryRevisions (291x), 18% getPrimaryObjectProperty (351x), 15% getLastPromoted (351x), 14% getPrimaryObjectLocation (367x)] (2905x)
2017-06-21 13:55:18,286 [Worker-1 | u:p | job: polarion.jobs.db.history] INFO  TXLOGGER  - Summary after DBHistoryCreator: transactions: 0, Lucene: 20.4 s [100% refresh (26x)] (27x), resolve: 16.9 s [44% WorkItem (797x), 9% Comment (276x), 9% WikiPageAttachment (102x), 8% ModuleAttachment (46x), 5% Project (935x), 5% User (2330x)] (10949x), svn: 14.2 s [82% getFile content (1293x)] (1579x), ObjectMaps: 3.99 s [35% getHistoryRevisions (1016x), 21% getPrimaryObjectLocation (1303x), 19% getPrimaryObjectProperty (1178x), 13% getLastPromoted (1255x)] (10395x), DB: 1.22 s [61% execute (2257x), 35% update (1256x)] (3629x)
2017-06-21 13:55:18,286 [Worker-1 | u:p] INFO  TXLOGGER  - Summary for 'job: polarion.jobs.db.history': Total: 9.74 s, transactions: 0
2017-06-21 14:00:00,179 [Worker-0 | u:p] INFO  TXLOGGER  - Summary for 'job: update.plan': Total: 0.118 s, transactions: 2, planQueryExpander: 0.052 s [100% expand (2x)] (4x), DB: 0.026 s [99% query (1x)] (39x), Lucene: 0.0227 s [100% search (1x)] (1x), RepositoryConfigService: 0.0111 s [100% getReadConfiguration (12x)] (12x)
2017-06-21 14:13:47,245 [ajp-nio-8889-exec-8 | u:admin] INFO  TXLOGGER  - Summary for 'PortalDataService.getInitData': Total: 0.214 s, transactions: 3, RepositoryConfigService: 0.0169 s [100% getReadConfiguration (8x)] (13x)
2017-06-21 14:13:47,703 [ajp-nio-8889-exec-4 | u:admin] INFO  TXLOGGER  - Summary for 'PortalDataService.requestPortalSite': Total: 0.147 s, transactions: 5, svn: 0.0454 s [60% info (4x), 40% getFile content (3x)] (12x), RepositoryConfigService: 0.0413 s [64% getReadConfiguration (11x), 36% getReadUserConfiguration (4x)] (20x)
2017-06-21 14:13:48,801 [ajp-nio-8889-exec-5 | u:admin | uri:/polarion/wiki/bin/view/page/Home | wiki: view http://localhost/polarion/wiki/bin/view/page/Home] INFO  TXLOGGER  - Tx 5732749a1714e_0_5732749a1714e_0_: finished. Total: 0.101 s
2017-06-21 14:13:48,851 [ajp-nio-8889-exec-5] INFO  TXLOGGER  - Summary for 'servlet /polarion/wiki/bin/view/page/Home': Total: 1.03 s, transactions: 2, Velocity: 0.498 s [100% evaluate in Wiki (1x)] (1x), svn: 0.396 s [62% info (52x), 23% getFile properties (18x)] (82x)
2017-06-21 14:13:49,031 [ajp-nio-8889-exec-3] INFO  TXLOGGER  - Summary for 'servlet /polarion/wiki/bin/download/page/_default/Home/TimeIsShort.png': Total: 0.138 s, transactions: 0, svn: 0.0727 s [100% info (2x)] (2x)
2017-06-21 14:13:49,041 [ajp-nio-8889-exec-7] INFO  TXLOGGER  - Summary for 'servlet /polarion/wiki/bin/download/page/_default/Home/IveGotTime.png': Total: 0.147 s, transactions: 0, svn: 0.0704 s [100% info (2x)] (2x)
2017-06-21 14:13:49,047 [ajp-nio-8889-exec-8] INFO  TXLOGGER  - Summary for 'servlet /polarion/wiki/bin/download/page/_default/Home/ProjectDrivePilot.png': Total: 0.154 s, transactions: 0, svn: 0.064 s [100% info (2x)] (2x)
2017-06-21 14:13:49,099 [ajp-nio-8889-exec-9] INFO  TXLOGGER  - Summary for 'servlet /polarion/wiki/bin/download/page/_default/Home/TutorialVideos.png': Total: 0.128 s, transactions: 0, svn: 0.0182 s [100% info (2x)] (2x)
2017-06-21 14:13:49,190 [ajp-nio-8889-exec-6] INFO  TXLOGGER  - Summary for 'servlet /polarion/wiki/bin/download/page/_default/Home/CreateNewProject.png': Total: 0.221 s, transactions: 0, svn: 0.0946 s [100% info (2x)] (2x)
2017-06-21 14:13:49,195 [ajp-nio-8889-exec-1] INFO  TXLOGGER  - Summary for 'servlet /polarion/wiki/bin/download/page/_default/Home/VideoPortal.png': Total: 0.165 s, transactions: 0, svn: 0.0796 s [100% info (2x)] (2x)
2017-06-21 14:13:49,199 [ajp-nio-8889-exec-5] INFO  TXLOGGER  - Summary for 'servlet /polarion/wiki/bin/download/page/_default/Home/VideoLiveDocs.png': Total: 0.101 s, transactions: 0, svn: 0.0291 s [100% info (2x)] (2x)
2017-06-21 14:27:11,723 [PullingJob-default] INFO  TXLOGGER  - Summary for 'PullingJob': Total: 0.124 s, transactions: 0, svn: 0.121 s [99% log2 (25x)] (26x), processed revs: [2]
2017-06-21 14:29:29,961 [PullingJob-fireNotification-2 | u:p] INFO  TXLOGGER  - Summary for 'PullingJob Task': Total: 0.216 s, transactions: 0, Lucene: 0.0288 s [100% add (1x)] (1x), DB: 0.0161 s [96% update (4x)] (10x), svn: 0.0136 s [100% info (3x)] (3x), processed revs: [3 (delay 1s)]
2017-06-21 14:29:30,633 [Persistence Events Processing Thread | u:p] INFO  TXLOGGER  - Tx 5732783136d62_0_5732783136d62_0_: finished. Total: 0.75 s, Lucene: 0.61 s [100% add (1x)] (2x), resolve: 0.0806 s [99% User (2x)] (4x), ObjectMaps: 0.0797 s [100% getPrimaryObjectLocation (2x)] (2x)
2017-06-21 14:29:30,633 [Persistence Events Processing Thread | u:p] INFO  TXLOGGER  - Summary: Total: 0.761 s, transactions: 6, persistence listener: 0.761 s [100% RevisionActivityCreator (2x)] (7x), Lucene: 0.61 s [100% add (1x)] (2x), resolve: 0.0812 s [99% User (2x)] (6x), ObjectMaps: 0.0797 s [100% getPrimaryObjectLocation (2x)] (2x)
2017-06-21 14:32:09,000 [PullingJob-fireNotification-3 | u:p] INFO  TXLOGGER  - Summary for 'PullingJob Task': Total: 0.153 s, transactions: 0, Lucene: 0.0652 s [100% add (1x)] (1x), svn: 0.0142 s [100% info (3x)] (3x), processed revs: [4 (delay 1s)]
2017-06-21 14:32:09,172 [Persistence Events Processing Thread | u:p] INFO  TXLOGGER  - Tx 573278cc9a168_0_573278cc9a168_0_: finished. Total: 0.176 s, Lucene: 0.118 s [100% add (1x)] (2x)
2017-06-21 14:32:09,172 [Persistence Events Processing Thread | u:p] INFO  TXLOGGER  - Summary: Total: 0.186 s, transactions: 6, persistence listener: 0.186 s [99% RevisionActivityCreator (2x)] (7x), Lucene: 0.118 s [100% add (1x)] (2x)
2017-06-21 14:34:15,114 [Persistence Events Processing Thread | u:p] INFO  TXLOGGER  - Tx 573279479f96e_0_573279479f96e_0_: finished. Total: 0.146 s, Lucene: 0.0828 s [100% add (1x)] (2x)
2017-06-21 14:34:15,130 [Persistence Events Processing Thread | u:p] INFO  TXLOGGER  - Summary: Total: 0.157 s, transactions: 6, persistence listener: 0.157 s [99% RevisionActivityCreator (2x)] (7x), Lucene: 0.0828 s [100% add (1x)] (2x)
2017-06-21 14:41:40,982 [ajp-nio-8889-exec-7 | u:admin] INFO  TXLOGGER  - Tx 57327af9b4171_0_57327af9b4171_0_: finished. Total: 1.51 s, svn: 1.21 s [60% endActivity (1x), 26% info (188x)] (224x), Lucene: 0.111 s [63% add (4x), 37% refresh (2x)] (6x), processed revs: [6, 6 (delay 0s)], write: true
2017-06-21 14:41:41,733 [ajp-nio-8889-exec-7 | u:admin] INFO  TXLOGGER  - Tx 57327afb2d973_0_57327afb2d973_0_: finished. Total: 0.75 s, svn: 0.624 s [97% endActivity (1x)] (12x), Lucene: 0.0513 s [52% refresh (1x), 48% add (1x)] (3x), processed revs: [7, 7 (delay 0s)], write: true
2017-06-21 14:41:41,744 [ajp-nio-8889-exec-7 | u:admin] INFO  TXLOGGER  - Summary for 'ProjectsDataService.createProject': Total: 2.27 s, transactions: 2, svn: 1.83 s [72% endActivity (2x), 18% info (195x)] (236x), Lucene: 0.163 s [58% add (5x), 42% refresh (3x)] (9x)
2017-06-21 14:42:00,402 [ajp-nio-8889-exec-1 | u:admin | i:CAPA/_default/modules/_default/Home] INFO  TXLOGGER  - Tx 57327b0dec1a2_0_57327b0dec1a2_0_: finished. Total: 0.225 s, svn: 0.0287 s [84% info (6x)] (8x), RepositoryConfigService: 0.0249 s [67% getReadConfiguration (4x), 33% getExistingPrefixes (1x)] (7x)
2017-06-21 14:42:00,425 [ajp-nio-8889-exec-1 | u:admin] INFO  TXLOGGER  - Summary for 'RpeModel.initialize': Total: 0.249 s, transactions: 1, svn: 0.0287 s [84% info (6x)] (8x), RepositoryConfigService: 0.0249 s [67% getReadConfiguration (4x), 33% getExistingPrefixes (1x)] (7x)
2017-06-21 14:42:02,325 [ajp-nio-8889-exec-1] INFO  TXLOGGER  - Summary for 'servlet /polarion/wiki/bin/view/project/CAPA/page/?service=Overview': Total: 0.922 s, transactions: 1, Velocity: 0.68 s [100% evaluate in Wiki (1x)] (1x), svn: 0.0514 s [82% info (5x)] (8x)
2017-06-21 14:42:02,358 [ajp-nio-8889-exec-9 | u:admin | i:CAPA/_default/Home e:polarion_client1] INFO  TXLOGGER  - Tx 57327b0e559a8_0_57327b0e559a8_0_: finished. Total: 1.76 s
2017-06-21 14:42:02,359 [ajp-nio-8889-exec-9 | u:admin] INFO  TXLOGGER  - Summary for 'RenderingRequest.initialize': Total: 1.76 s, transactions: 1
2017-06-21 14:42:07,783 [ajp-nio-8889-exec-10 | u:admin] INFO  TXLOGGER  - Tx 57327b153bdad_0_57327b153bdad_0_: finished. Total: 0.119 s, RepositoryConfigService: 0.091 s [100% getReadConfiguration (36x)] (43x), svn: 0.0881 s [100% info (21x)] (22x)
2017-06-21 14:42:07,797 [ajp-nio-8889-exec-10 | u:admin] INFO  TXLOGGER  - Summary for 'BubbleQueryService.parse': Total: 0.134 s, transactions: 1, RepositoryConfigService: 0.091 s [100% getReadConfiguration (36x)] (43x), svn: 0.0881 s [100% info (21x)] (22x)
2017-06-21 14:42:59,628 [ajp-nio-8889-exec-10 | u:admin] INFO  TXLOGGER  - Tx 57327b47ad1cf_0_57327b47ad1cf_0_: finished. Total: 0.313 s, RepositoryConfigService: 0.207 s [92% getReadConfiguration (314x)] (338x), svn: 0.16 s [74% info (31x), 26% getFile content (9x)] (41x)
2017-06-21 14:42:59,658 [ajp-nio-8889-exec-10 | u:admin] INFO  TXLOGGER  - Summary for 'WorkItemDataService.getWorkitemTemplate': Total: 0.343 s, transactions: 1, RepositoryConfigService: 0.207 s [92% getReadConfiguration (314x)] (338x), svn: 0.16 s [74% info (31x), 26% getFile content (9x)] (41x)
2017-06-21 14:43:42,277 [PullingJob-default] INFO  TXLOGGER  - Summary for 'PullingJob': Total: 0.155 s, transactions: 0, svn: 0.154 s [99% log2 (30x)] (31x), processed revs: [8]
2017-06-21 14:43:42,449 [PullingJob-fireNotification-5 | u:p] INFO  TXLOGGER  - Summary for 'PullingJob Task': Total: 0.165 s, transactions: 0, Lucene: 0.0774 s [53% refresh (2x), 26% remove (3x), 21% add (1x)] (6x), DB: 0.0372 s [92% update (22x)] (39x), processed revs: [8 (delay 2s)]
2017-06-21 14:46:39,361 [PullingJob-default] INFO  TXLOGGER  - Summary for 'PullingJob': Total: 0.205 s, transactions: 0, svn: 0.204 s [100% log2 (26x)] (27x), processed revs: [9]
2017-06-21 14:46:40,486 [Persistence Events Processing Thread | u:p] INFO  TXLOGGER  - Tx 57327c1f4be0c_0_57327c1f4be0c_0_: finished. Total: 0.364 s, resolve: 0.3 s [95% WorkItem (16x)] (32x), svn: 0.243 s [37% getFile content (13x), 34% info (14x), 29% getDir2 content (9x)] (37x), RepositoryConfigService: 0.0764 s [69% getReadConfiguration (75x), 31% getExistingPrefixes (8x)] (83x), ObjectMaps: 0.0579 s [69% getPrimaryObjectLocation (17x), 23% getPrimaryObjectProperty (9x)] (45x), calculatedFieldsContributor: 0.0283 s [100% fieldIds (9x)] (9x)
2017-06-21 14:46:40,643 [PullingJob-fireNotification-1 | u:p] INFO  TXLOGGER  - Summary for 'PullingJob Task': Total: 1.28 s, transactions: 33, svn: 1.01 s [78% info (178x), 10% getFile content (19x)] (282x), resolve: 0.235 s [89% WorkItems (1x)] (38x), RepositoryConfigService: 0.148 s [86% getReadConfiguration (124x)] (134x), Lucene: 0.133 s [66% add (5x), 29% refresh (2x)] (15x), processed revs: [9 (delay 3s)]
2017-06-21 14:46:40,986 [Persistence Events Processing Thread | u:p] INFO  TXLOGGER  - Tx 57327c1fa9a1f_0_57327c1fa9a1f_0_: finished. Total: 0.504 s, svn: 0.197 s [35% getFile content (10x), 32% getDir2 content (9x), 32% info (11x)] (32x), resolve: 0.195 s [99% WorkItem (24x)] (40x), Lucene: 0.188 s [100% add (8x)] (8x), RepositoryConfigService: 0.0848 s [75% getReadConfiguration (99x), 25% getExistingPrefixes (8x)] (107x)
2017-06-21 14:46:40,986 [Persistence Events Processing Thread | u:p] INFO  TXLOGGER  - Summary: Total: 0.87 s, transactions: 6, persistence listener: 0.87 s [58% WorkItemActivityCreator (1x), 42% notificationsCreatingListener (1x)] (7x), resolve: 0.495 s [97% WorkItem (40x)] (72x), svn: 0.439 s [36% getFile content (23x), 33% info (25x), 30% getDir2 content (18x)] (69x), Lucene: 0.189 s [99% add (8x)] (24x), RepositoryConfigService: 0.161 s [73% getReadConfiguration (174x), 27% getExistingPrefixes (16x)] (190x), ObjectMaps: 0.0687 s [68% getPrimaryObjectLocation (33x), 22% getPrimaryObjectProperty (17x)] (85x), calculatedFieldsContributor: 0.0493 s [100% fieldIds (17x)] (17x)
2017-06-21 14:47:02,355 [ajp-nio-8889-exec-4] INFO  TXLOGGER  - Summary for 'servlet /polarion/wiki/bin/view/page/Home': Total: 0.133 s, transactions: 2, Velocity: 0.0923 s [100% evaluate in Wiki (1x)] (1x), svn: 0.0142 s [100% info (3x)] (3x)
2017-06-21 14:47:02,497 [ajp-nio-8889-exec-6] INFO  TXLOGGER  - Summary for 'servlet /polarion/wiki/bin/download/page/_default/Home/ProjectElibrary.png': Total: 0.101 s, transactions: 0, svn: 0.0428 s [100% info (2x)] (2x)
2017-06-21 14:47:09,292 [ajp-nio-8889-exec-7 | u:admin | i:CAPA/_default/Home e:polarion_client1] INFO  TXLOGGER  - Tx 57327c3b14e48_0_57327c3b14e48_0_: finished. Total: 0.729 s, permissions: 0.138 s [100% readInstance (19x)] (19x), resolve: 0.137 s [99% WorkItem (16x)] (28x), svn: 0.132 s [36% info (9x), 33% getFile content (8x), 31% getDir2 content (8x)] (26x)
2017-06-21 14:47:09,293 [ajp-nio-8889-exec-7 | u:admin] INFO  TXLOGGER  - Summary for 'RenderingRequest.initialize': Total: 0.73 s, transactions: 1, permissions: 0.138 s [100% readInstance (19x)] (19x), resolve: 0.137 s [99% WorkItem (16x)] (28x), svn: 0.132 s [36% info (9x), 33% getFile content (8x), 31% getDir2 content (8x)] (26x)
2017-06-21 14:47:10,597 [ajp-nio-8889-exec-2 | u:admin] INFO  TXLOGGER  - Tx 57327c3cf2a4f_0_57327c3cf2a4f_0_: finished. Total: 0.123 s, RepositoryConfigService: 0.0797 s [100% getReadConfiguration (224x)] (243x), svn: 0.0735 s [93% info (14x)] (16x)
2017-06-21 14:47:10,602 [ajp-nio-8889-exec-2 | u:admin] INFO  TXLOGGER  - Summary for 'WorkItemDataService.loadWorkitem': Total: 0.128 s, transactions: 1, RepositoryConfigService: 0.0797 s [100% getReadConfiguration (224x)] (243x), svn: 0.0735 s [93% info (14x)] (16x)
2017-06-21 14:47:44,233 [ajp-nio-8889-exec-10 | u:admin | i:CAPA/_default/Home e:polarion_client1] INFO  TXLOGGER  - Tx 57327c5d36e60_0_57327c5d36e60_0_: finished. Total: 0.718 s
2017-06-21 14:47:44,234 [ajp-nio-8889-exec-10 | u:admin] INFO  TXLOGGER  - Summary for 'RenderingRequest.initialize': Total: 0.719 s, transactions: 1
2017-06-21 14:47:44,858 [ajp-nio-8889-exec-4] INFO  TXLOGGER  - Summary for 'servlet /polarion/wiki/bin/view/project/CAPA/page/?service=Overview': Total: 0.122 s, transactions: 1, Velocity: 0.0908 s [100% evaluate in Wiki (1x)] (1x), svn: 0.0223 s [64% info (4x), 19% getDir2 content (1x)] (7x)
2017-06-21 14:47:59,678 [ajp-nio-8889-exec-6 | u:admin] INFO  TXLOGGER  - Tx 57327c6c5b682_0_57327c6c5b682_0_: finished. Total: 0.657 s, svn: 0.577 s [92% endActivity (1x)] (17x), Lucene: 0.0334 s [99% add (2x)] (4x), processed revs: [10, 10 (delay 0s)], write: true
2017-06-21 14:47:59,679 [ajp-nio-8889-exec-6 | u:admin] INFO  TXLOGGER  - Summary for 'CreateRequest.persist': Total: 0.661 s, transactions: 1, svn: 0.577 s [92% endActivity (1x)] (17x), Lucene: 0.0334 s [99% add (2x)] (4x)
2017-06-21 14:48:00,561 [ajp-nio-8889-exec-6 | u:admin] INFO  TXLOGGER  - Tx 57327c6d69a90_0_57327c6d69a90_0_: finished. Total: 0.459 s, svn: 0.388 s [75% info (53x), 14% getDir2 content (7x)] (69x)
2017-06-21 14:48:00,602 [ajp-nio-8889-exec-6 | u:admin] INFO  TXLOGGER  - Summary for 'RpeWidgetsModel.initialize': Total: 0.501 s, transactions: 1, svn: 0.388 s [75% info (53x), 14% getDir2 content (7x)] (69x)
2017-06-21 14:48:42,505 [PullingJob-default] INFO  TXLOGGER  - Summary for 'PullingJob': Total: 0.196 s, transactions: 0, svn: 0.195 s [99% log2 (30x)] (31x), processed revs: [11]
2017-06-21 14:48:48,422 [ajp-nio-8889-exec-10 | u:admin] INFO  TXLOGGER  - Tx 57327c9c1fa99_0_57327c9c1fa99_0_: finished. Total: 0.502 s, svn: 0.469 s [70% info (62x), 15% getDir2 content (10x)] (85x)
2017-06-21 14:48:48,438 [ajp-nio-8889-exec-10 | u:admin] INFO  TXLOGGER  - Summary for 'RpeWidgetsModel.initialize': Total: 0.504 s, transactions: 1, svn: 0.469 s [70% info (62x), 15% getDir2 content (10x)] (85x)
2017-06-21 14:48:55,412 [ajp-nio-8889-exec-3 | u:admin | i:CAPA/_default/PieChart e:polarion_client2] INFO  TXLOGGER  - Tx 57327ca35169a_0_57327ca35169a_0_: finished. Total: 0.112 s, svn: 0.0822 s [56% info (6x), 28% getFile content (3x)] (11x), Velocity: 0.0162 s [100% evaluate (2x)] (2x)
2017-06-21 14:48:55,413 [ajp-nio-8889-exec-3 | u:admin] INFO  TXLOGGER  - Summary for 'RenderingRequest.initialize': Total: 0.112 s, transactions: 1, svn: 0.0822 s [56% info (6x), 28% getFile content (3x)] (11x), Velocity: 0.0162 s [100% evaluate (2x)] (2x)
2017-06-21 15:00:01,252 [Worker-1 | u:p] INFO  TXLOGGER  - Summary for 'job: update.plan.refresh.index': Total: 1.05 s, transactions: 0, resolve: 0.821 s [100% WorkItem (30x)] (288x), svn: 0.726 s [33% getDir2 content (32x), 33% info (33x), 33% getFile content (31x)] (97x), DB: 0.101 s [88% update (361x)] (450x), Lucene: 0.0831 s [84% refresh (1x)] (32x)
2017-06-21 15:00:01,299 [Worker-0 | u:p] INFO  TXLOGGER  - Summary for 'job: update.plan': Total: 1.23 s, transactions: 4
2017-06-21 15:04:02,288 [ajp-nio-8889-exec-7 | u:admin] INFO  TXLOGGER  - Tx 573280187caaf_0_573280187caaf_0_: finished. Total: 0.575 s, svn: 0.533 s [69% info (62x), 16% getDir2 content (10x)] (85x)
2017-06-21 15:04:02,290 [ajp-nio-8889-exec-7 | u:admin] INFO  TXLOGGER  - Summary for 'RpeWidgetsModel.initialize': Total: 0.577 s, transactions: 1, svn: 0.533 s [69% info (62x), 16% getDir2 content (10x)] (85x)
2017-06-21 15:04:12,362 [ajp-nio-8889-exec-7 | u:admin | i:CAPA/_default/PieChart] INFO  TXLOGGER  - Tx 5732802053ab6_0_5732802053ab6_0_: finished. Total: 2.62 s, svn: 2.51 s [98% endActivity (1x)] (10x), processed revs: [13, 13 (delay 2s)], write: true
2017-06-21 15:04:12,381 [ajp-nio-8889-exec-7 | u:admin] INFO  TXLOGGER  - Summary for 'RpeSaveRequest.persistAndLoad': Total: 2.64 s, transactions: 2, svn: 2.52 s [97% endActivity (1x)] (12x)
2017-06-21 15:04:13,033 [ajp-nio-8889-exec-1 | u:admin] INFO  TXLOGGER  - Tx 57328022f8ec4_0_57328022f8ec4_0_: finished. Total: 0.591 s, svn: 0.554 s [70% info (62x), 16% getDir2 content (10x)] (85x)
2017-06-21 15:04:13,033 [ajp-nio-8889-exec-1 | u:admin] INFO  TXLOGGER  - Summary for 'RpeWidgetsModel.initialize': Total: 0.593 s, transactions: 1, svn: 0.554 s [70% info (62x), 16% getDir2 content (10x)] (85x)
2017-06-21 15:04:30,556 [ajp-nio-8889-exec-2] INFO  TXLOGGER  - Summary for 'servlet /polarion/wiki/bin/view/page/Home': Total: 0.23 s, transactions: 2, Velocity: 0.185 s [100% evaluate in Wiki (1x)] (1x), svn: 0.0151 s [100% info (3x)] (3x)
2017-06-21 15:05:15,375 [ajp-nio-8889-exec-8 | u:admin] INFO  TXLOGGER  - Summary for 'EnumerationDataService.loadEnumDataByContext': Total: 0.102 s, transactions: 1, svn: 0.0642 s [77% getDir2 content (2x), 21% info (5x)] (9x)
2017-06-21 15:15:08,757 [Persistence Events Processing Thread | u:p] INFO  TXLOGGER  - Tx 573282a3c5ed8_0_573282a3c5ed8_0_: finished. Total: 0.126 s, Lucene: 0.12 s [100% add (1x)] (2x)
2017-06-21 15:15:08,788 [Persistence Events Processing Thread | u:p] INFO  TXLOGGER  - Summary: Total: 0.16 s, transactions: 6, persistence listener: 0.159 s [99% RevisionActivityCreator (2x)] (7x), Lucene: 0.149 s [100% add (2x)] (3x)
2017-06-21 15:15:35,333 [ajp-nio-8889-exec-1 | u:admin | i:CAPA/_default/PieChart e:polarion_client2] INFO  TXLOGGER  - Tx 573282bdb52db_0_573282bdb52db_0_: finished. Total: 0.145 s, svn: 0.125 s [46% getDir2 content (3x), 37% info (10x)] (17x), Velocity: 0.0728 s [100% evaluate (2x)] (2x)
2017-06-21 15:15:35,333 [ajp-nio-8889-exec-1 | u:admin] INFO  TXLOGGER  - Summary for 'RenderingRequest.initialize': Total: 0.145 s, transactions: 1, svn: 0.125 s [46% getDir2 content (3x), 37% info (10x)] (17x), Velocity: 0.0728 s [100% evaluate (2x)] (2x)
2017-06-21 15:16:37,066 [ajp-nio-8889-exec-3 | u:admin | i:CAPA/_default/PieChart e:polarion_client2] INFO  TXLOGGER  - Tx 573282f9fd2e3_0_573282f9fd2e3_0_: finished. Total: 0.149 s, svn: 0.134 s [45% getDir2 content (3x), 38% info (10x)] (17x), Velocity: 0.0701 s [100% evaluate (2x)] (2x)
2017-06-21 15:16:37,066 [ajp-nio-8889-exec-3 | u:admin] INFO  TXLOGGER  - Summary for 'RenderingRequest.initialize': Total: 0.149 s, transactions: 1, svn: 0.134 s [45% getDir2 content (3x), 38% info (10x)] (17x), Velocity: 0.0701 s [100% evaluate (2x)] (2x)
2017-06-21 15:17:42,625 [ajp-nio-8889-exec-7 | u:admin | i:CAPA/_default/PieChart e:polarion_client2] INFO  TXLOGGER  - Tx 5732833a066eb_0_5732833a066eb_0_: finished. Total: 0.136 s, svn: 0.121 s [49% getDir2 content (3x), 35% info (10x)] (17x), Velocity: 0.0709 s [100% evaluate (2x)] (2x)
2017-06-21 15:17:42,625 [ajp-nio-8889-exec-7 | u:admin] INFO  TXLOGGER  - Summary for 'RenderingRequest.initialize': Total: 0.136 s, transactions: 1, svn: 0.121 s [49% getDir2 content (3x), 35% info (10x)] (17x), Velocity: 0.0709 s [100% evaluate (2x)] (2x)
2017-06-21 15:20:03,164 [ajp-nio-8889-exec-5 | u:admin | i:CAPA/_default/PieChart e:polarion_client2] INFO  TXLOGGER  - Tx 573283c343ef3_0_573283c343ef3_0_: finished. Total: 0.142 s, svn: 0.127 s [48% getDir2 content (3x), 35% info (10x)] (17x), Velocity: 0.0711 s [100% evaluate (2x)] (2x)
2017-06-21 15:20:03,165 [ajp-nio-8889-exec-5 | u:admin] INFO  TXLOGGER  - Summary for 'RenderingRequest.initialize': Total: 0.142 s, transactions: 1, svn: 0.127 s [48% getDir2 content (3x), 35% info (10x)] (17x), Velocity: 0.0711 s [100% evaluate (2x)] (2x)
2017-06-21 15:20:33,216 [ajp-nio-8889-exec-8 | u:admin | i:CAPA/_default/PieChart e:polarion_client2] INFO  TXLOGGER  - Tx 573283e09c2fb_0_573283e09c2fb_0_: finished. Total: 0.144 s, svn: 0.13 s [46% getDir2 content (3x), 36% info (10x)] (17x), Velocity: 0.0682 s [100% evaluate (2x)] (2x)
2017-06-21 15:20:33,216 [ajp-nio-8889-exec-8 | u:admin] INFO  TXLOGGER  - Summary for 'RenderingRequest.initialize': Total: 0.145 s, transactions: 1, svn: 0.13 s [46% getDir2 content (3x), 36% info (10x)] (17x), Velocity: 0.0682 s [100% evaluate (2x)] (2x)
2017-06-21 15:25:57,795 [ajp-nio-8889-exec-1 | u:admin | i:CAPA/_default/PieChart e:polarion_client2] INFO  TXLOGGER  - Tx 5732851d92b03_0_5732851d92b03_0_: finished. Total: 0.153 s, svn: 0.138 s [45% getDir2 content (3x), 36% info (10x)] (17x), Velocity: 0.0722 s [100% evaluate (2x)] (2x)
2017-06-21 15:25:57,795 [ajp-nio-8889-exec-1 | u:admin] INFO  TXLOGGER  - Summary for 'RenderingRequest.initialize': Total: 0.154 s, transactions: 1, svn: 0.138 s [45% getDir2 content (3x), 36% info (10x)] (17x), Velocity: 0.0722 s [100% evaluate (2x)] (2x)
2017-06-21 15:26:42,447 [ajp-nio-8889-exec-3] INFO  TXLOGGER  - Summary for 'servlet /polarion/wiki/bin/view/project/CAPA/page/?service=Overview': Total: 0.113 s, transactions: 1, Velocity: 0.081 s [100% evaluate in Wiki (1x)] (1x), svn: 0.0175 s [63% info (4x), 21% getDir2 content (1x)] (7x)
2017-06-21 15:26:45,115 [ajp-nio-8889-exec-8 | u:admin | i:CAPA/_default/PieChart e:polarion_client2] INFO  TXLOGGER  - Tx 5732854bcc310_0_5732854bcc310_0_: finished. Total: 0.14 s, svn: 0.127 s [47% getDir2 content (3x), 35% info (10x)] (17x), Velocity: 0.0662 s [100% evaluate (2x)] (2x)
2017-06-21 15:26:45,115 [ajp-nio-8889-exec-8 | u:admin] INFO  TXLOGGER  - Summary for 'RenderingRequest.initialize': Total: 0.14 s, transactions: 1, svn: 0.127 s [47% getDir2 content (3x), 35% info (10x)] (17x), Velocity: 0.0662 s [100% evaluate (2x)] (2x)
2017-06-21 15:27:07,840 [ajp-nio-8889-exec-9 | u:admin | i:CAPA/_default/PieChart e:polarion_client2] INFO  TXLOGGER  - Tx 57328561f8f18_0_57328561f8f18_0_: finished. Total: 0.156 s, svn: 0.141 s [45% getDir2 content (3x), 36% info (10x)] (17x), Velocity: 0.0705 s [100% evaluate (2x)] (2x)
2017-06-21 15:27:07,840 [ajp-nio-8889-exec-9 | u:admin] INFO  TXLOGGER  - Summary for 'RenderingRequest.initialize': Total: 0.157 s, transactions: 1, svn: 0.141 s [45% getDir2 content (3x), 36% info (10x)] (17x), Velocity: 0.0705 s [100% evaluate (2x)] (2x)
2017-06-21 15:35:54,000 [ajp-nio-8889-exec-4 | u:admin | i:CAPA/_default/PieChart e:polarion_client2] INFO  TXLOGGER  - Tx 57328763ba320_0_57328763ba320_0_: finished. Total: 0.232 s, svn: 0.185 s [37% info (14x), 34% getDir2 content (3x), 29% getFile content (7x)] (25x), Velocity: 0.14 s [100% evaluate (2x)] (2x), RepositoryConfigService: 0.0416 s [100% getReadConfiguration (40x)] (40x), Lucene: 0.0154 s [100% search (9x)] (9x)
2017-06-21 15:35:54,001 [ajp-nio-8889-exec-4 | u:admin] INFO  TXLOGGER  - Summary for 'RenderingRequest.initialize': Total: 0.232 s, transactions: 1, svn: 0.185 s [37% info (14x), 34% getDir2 content (3x), 29% getFile content (7x)] (25x), Velocity: 0.14 s [100% evaluate (2x)] (2x), RepositoryConfigService: 0.0416 s [100% getReadConfiguration (40x)] (40x), Lucene: 0.0154 s [100% search (9x)] (9x)
2017-06-21 15:39:25,367 [ajp-nio-8889-exec-10 | u:admin | i:CAPA/_default/PieChart e:polarion_client2] INFO  TXLOGGER  - Tx 5732883232f28_0_5732883232f28_0_: finished. Total: 0.172 s, svn: 0.153 s [42% getDir2 content (3x), 37% info (10x), 21% getFile content (3x)] (17x), Velocity: 0.0744 s [100% evaluate (2x)] (2x)
2017-06-21 15:39:25,367 [ajp-nio-8889-exec-10 | u:admin] INFO  TXLOGGER  - Summary for 'RenderingRequest.initialize': Total: 0.173 s, transactions: 1, svn: 0.153 s [42% getDir2 content (3x), 37% info (10x), 21% getFile content (3x)] (17x), Velocity: 0.0744 s [100% evaluate (2x)] (2x)
2017-06-21 15:40:22,697 [ajp-nio-8889-exec-5 | u:admin | i:CAPA/_default/PieChart e:polarion_client2] INFO  TXLOGGER  - Tx 5732886a2eb30_0_5732886a2eb30_0_: finished. Total: 0.175 s, svn: 0.158 s [41% getDir2 content (3x), 37% info (10x), 22% getFile content (3x)] (17x), Velocity: 0.0732 s [100% evaluate (2x)] (2x)
2017-06-21 15:40:22,698 [ajp-nio-8889-exec-5 | u:admin] INFO  TXLOGGER  - Summary for 'RenderingRequest.initialize': Total: 0.175 s, transactions: 1, svn: 0.158 s [41% getDir2 content (3x), 37% info (10x), 22% getFile content (3x)] (17x), Velocity: 0.0732 s [100% evaluate (2x)] (2x)
2017-06-21 15:41:06,997 [ajp-nio-8889-exec-3 | u:admin | i:CAPA/_default/PieChart e:polarion_client2] INFO  TXLOGGER  - Tx 5732889570738_0_5732889570738_0_: finished. Total: 0.18 s, svn: 0.163 s [40% getDir2 content (3x), 38% info (10x), 22% getFile content (3x)] (17x), Velocity: 0.0746 s [100% evaluate (2x)] (2x)
2017-06-21 15:41:06,997 [ajp-nio-8889-exec-3 | u:admin] INFO  TXLOGGER  - Summary for 'RenderingRequest.initialize': Total: 0.181 s, transactions: 1, svn: 0.163 s [40% getDir2 content (3x), 38% info (10x), 22% getFile content (3x)] (17x), Velocity: 0.0746 s [100% evaluate (2x)] (2x)
2017-06-21 15:47:38,607 [ajp-nio-8889-exec-3] INFO  TXLOGGER  - Summary for 'servlet /polarion/wiki/bin/view/page/Home': Total: 0.115 s, transactions: 2, Velocity: 0.0735 s [100% evaluate in Wiki (1x)] (1x), svn: 0.0134 s [100% info (3x)] (3x)
2017-06-21 15:59:47,186 [ajp-nio-8889-exec-4 | u:admin | i:CAPA/_default/PieChart e:polarion_client2] INFO  TXLOGGER  - Tx 57328cdb6df45_0_57328cdb6df45_0_: finished. Total: 0.123 s, svn: 0.108 s [48% info (6x), 39% getFile content (3x)] (11x)
2017-06-21 15:59:47,186 [ajp-nio-8889-exec-4 | u:admin] INFO  TXLOGGER  - Summary for 'RenderingRequest.initialize': Total: 0.123 s, transactions: 1, svn: 0.108 s [48% info (6x), 39% getFile content (3x)] (11x)
2017-06-21 16:00:00,732 [Worker-0 | u:p] INFO  TXLOGGER  - Summary for 'job: update.plan.refresh.index': Total: 0.6 s, transactions: 0, resolve: 0.445 s [100% WorkItem (15x)] (167x), svn: 0.367 s [37% getDir2 content (17x), 31% info (18x), 31% getFile content (16x)] (52x), Lucene: 0.0915 s [77% refresh (1x), 23% search (16x)] (17x), DB: 0.0406 s [86% update (181x)] (220x)
2017-06-21 16:00:00,763 [Worker-1 | u:p] INFO  TXLOGGER  - Summary for 'job: update.plan': Total: 0.719 s, transactions: 0
2017-06-21 16:05:26,116 [ajp-nio-8889-exec-3 | u:admin | i:CAPA/_default/PieChart e:polarion_client2] INFO  TXLOGGER  - Tx 57328e266f74d_0_57328e266f74d_0_: finished. Total: 0.102 s, svn: 0.0922 s [50% info (6x), 37% getFile content (3x)] (11x)
2017-06-21 16:05:26,117 [ajp-nio-8889-exec-3 | u:admin] INFO  TXLOGGER  - Summary for 'RenderingRequest.initialize': Total: 0.103 s, transactions: 1, svn: 0.0922 s [50% info (6x), 37% getFile content (3x)] (11x)
2017-06-21 16:07:39,722 [ajp-nio-8889-exec-5 | u:admin | i:CAPA/_default/PieChart e:polarion_client2] INFO  TXLOGGER  - Tx 57328ea8e0363_0_57328ea8e0363_0_: finished. Total: 0.137 s, svn: 0.122 s [47% getDir2 content (3x), 37% info (10x)] (17x), Velocity: 0.0683 s [100% evaluate (2x)] (2x)
2017-06-21 16:07:39,722 [ajp-nio-8889-exec-5 | u:admin] INFO  TXLOGGER  - Summary for 'RenderingRequest.initialize': Total: 0.138 s, transactions: 1, svn: 0.122 s [47% getDir2 content (3x), 37% info (10x)] (17x), Velocity: 0.0683 s [100% evaluate (2x)] (2x)
2017-06-21 16:09:37,556 [Persistence Events Processing Thread | u:p] INFO  TXLOGGER  - Tx 57328f1bfb769_0_57328f1bfb769_0_: finished. Total: 0.104 s, Lucene: 0.0988 s [100% add (1x)] (2x)
2017-06-21 16:09:37,588 [Persistence Events Processing Thread | u:p] INFO  TXLOGGER  - Summary: Total: 0.131 s, transactions: 6, persistence listener: 0.13 s [99% RevisionActivityCreator (2x)] (7x), Lucene: 0.121 s [100% add (2x)] (3x)
2017-06-21 16:09:40,676 [ajp-nio-8889-exec-3 | u:admin | i:CAPA/_default/PieChart e:polarion_client2] INFO  TXLOGGER  - Tx 57328f1efbb6c_0_57328f1efbb6c_0_: finished. Total: 0.149 s, svn: 0.134 s [45% getDir2 content (3x), 38% info (10x)] (17x), Velocity: 0.0695 s [100% evaluate (2x)] (2x)
2017-06-21 16:09:40,676 [ajp-nio-8889-exec-3 | u:admin] INFO  TXLOGGER  - Summary for 'RenderingRequest.initialize': Total: 0.15 s, transactions: 1, svn: 0.134 s [45% getDir2 content (3x), 38% info (10x)] (17x), Velocity: 0.0695 s [100% evaluate (2x)] (2x)
2017-06-21 17:00:00,661 [Worker-1 | u:p] INFO  TXLOGGER  - Summary for 'job: update.plan.refresh.index': Total: 0.525 s, transactions: 0, resolve: 0.423 s [100% WorkItem (15x)] (167x), svn: 0.381 s [34% getDir2 content (17x), 33% info (18x), 33% getFile content (16x)] (52x), Lucene: 0.0427 s [83% refresh (1x)] (17x), DB: 0.0266 s [84% update (181x)] (220x)
2017-06-21 17:00:00,692 [Worker-0 | u:p] INFO  TXLOGGER  - Summary for 'job: update.plan': Total: 0.639 s, transactions: 0
2017-06-21 17:44:11,673 [PullingJob-default] INFO  TXLOGGER  - Summary for 'PullingJob': Total: 0.114 s, transactions: 0, svn: 0.114 s [99% log2 (1x)] (2x), processed revs: [31]
2017-06-21 17:44:34,691 [ajp-nio-8889-exec-9 | u:admin | i:CAPA/_default/PieChart e:polarion_client2] INFO  TXLOGGER  - Tx 5732a4d789374_0_5732a4d789374_0_: finished. Total: 0.159 s, svn: 0.138 s [43% getDir2 content (3x), 38% info (10x)] (17x), Velocity: 0.073 s [100% evaluate (2x)] (2x)
2017-06-21 17:44:34,691 [ajp-nio-8889-exec-9 | u:admin] INFO  TXLOGGER  - Summary for 'RenderingRequest.initialize': Total: 0.159 s, transactions: 1, svn: 0.138 s [43% getDir2 content (3x), 38% info (10x)] (17x), Velocity: 0.073 s [100% evaluate (2x)] (2x)
2017-06-21 17:50:10,676 [ajp-nio-8889-exec-5 | u:admin] INFO  TXLOGGER  - Summary for 'PortalDataService.saveUICustomizationData': Total: 0.952 s, transactions: 0
2017-06-21 17:53:56,816 [ajp-nio-8889-exec-6 | u:admin | i:CAPA/_default/PieChart e:polarion_client2] INFO  TXLOGGER  - Tx 5732a6fc7e7c5_0_5732a6fc7e7c5_0_: finished. Total: 0.151 s, svn: 0.129 s [47% getDir2 content (3x), 35% info (10x)] (17x), Velocity: 0.0762 s [100% evaluate (2x)] (2x)
2017-06-21 17:53:56,816 [ajp-nio-8889-exec-6 | u:admin] INFO  TXLOGGER  - Summary for 'RenderingRequest.initialize': Total: 0.152 s, transactions: 1, svn: 0.129 s [47% getDir2 content (3x), 35% info (10x)] (17x), Velocity: 0.0762 s [100% evaluate (2x)] (2x)
2017-06-21 17:56:10,011 [ajp-nio-8889-exec-2 | u:admin | i:CAPA/_default/PieChart e:polarion_client2] INFO  TXLOGGER  - Tx 5732a77e8fbcd_0_5732a77e8fbcd_0_: finished. Total: 0.157 s, svn: 0.138 s [45% getDir2 content (3x), 37% info (10x)] (17x), Velocity: 0.0758 s [100% evaluate (2x)] (2x)
2017-06-21 17:56:10,012 [ajp-nio-8889-exec-2 | u:admin] INFO  TXLOGGER  - Summary for 'RenderingRequest.initialize': Total: 0.158 s, transactions: 1, svn: 0.138 s [45% getDir2 content (3x), 37% info (10x)] (17x), Velocity: 0.0758 s [100% evaluate (2x)] (2x)
2017-06-21 17:56:27,426 [ajp-nio-8889-exec-7 | u:admin] INFO  TXLOGGER  - Summary for 'DebugService.deObfuscateStackTrace': Total: 0.103 s, transactions: 0
2017-06-21 17:57:39,424 [ajp-nio-8889-exec-6 | u:admin | i:CAPA/_default/PieChart e:polarion_client2] INFO  TXLOGGER  - Tx 5732a7d5e0fea_0_5732a7d5e0fea_0_: finished. Total: 0.157 s, svn: 0.139 s [44% getDir2 content (3x), 37% info (10x)] (17x), Velocity: 0.0741 s [100% evaluate (2x)] (2x)
2017-06-21 17:57:39,425 [ajp-nio-8889-exec-6 | u:admin] INFO  TXLOGGER  - Summary for 'RenderingRequest.initialize': Total: 0.158 s, transactions: 1, svn: 0.139 s [44% getDir2 content (3x), 37% info (10x)] (17x), Velocity: 0.0741 s [100% evaluate (2x)] (2x)
2017-06-21 18:00:00,636 [Worker-0 | u:p] INFO  TXLOGGER  - Summary for 'job: update.plan.refresh.index': Total: 0.5 s, transactions: 0, resolve: 0.382 s [100% WorkItem (15x)] (167x), svn: 0.319 s [34% getDir2 content (17x), 33% getFile content (16x), 32% info (18x)] (52x), Lucene: 0.0545 s [85% refresh (1x)] (17x), DB: 0.0302 s [84% update (181x)] (220x), ObjectMaps: 0.0299 s [35% getPrimaryObjectLocation (17x), 30% getLastPromoted (16x), 24% getPrimaryObjectProperty (16x)] (75x)
2017-06-21 18:00:00,683 [Worker-1 | u:p] INFO  TXLOGGER  - Summary for 'job: update.plan': Total: 0.629 s, transactions: 0
2017-06-21 18:07:12,471 [Worker-0 | u:admin] INFO  TXLOGGER  - Summary for 'job: polarion.jobs.refresh.enumeration': Total: 1.49 s, transactions: 266, DB: 0.781 s [52% query (2376x), 44% execute (2326x)] (7196x), RepositoryConfigService: 0.626 s [61% getReadConfiguration (593x), 39% getExistingPrefixes (72x)] (681x), svn: 0.568 s [90% info (165x)] (445x)
2017-06-21 18:11:08,352 [ajp-nio-8889-exec-1 | u:admin | i:CAPA/_default/PieChart e:polarion_client2] INFO  TXLOGGER  - Tx 5732aaebda90c_0_5732aaebda90c_0_: finished. Total: 0.152 s, svn: 0.135 s [45% getDir2 content (3x), 36% info (10x)] (17x), Velocity: 0.0723 s [100% evaluate (2x)] (2x)
2017-06-21 18:11:08,353 [ajp-nio-8889-exec-1 | u:admin] INFO  TXLOGGER  - Summary for 'RenderingRequest.initialize': Total: 0.152 s, transactions: 1, svn: 0.135 s [45% getDir2 content (3x), 36% info (10x)] (17x), Velocity: 0.0723 s [100% evaluate (2x)] (2x)
2017-06-21 18:11:44,200 [ajp-nio-8889-exec-8 | u:admin | i:CAPA/_default/PieChart e:polarion_client2] INFO  TXLOGGER  - Tx 5732ab0edd10f_0_5732ab0edd10f_0_: finished. Total: 0.149 s, svn: 0.134 s [45% getDir2 content (3x), 36% info (10x)] (17x), Velocity: 0.0694 s [100% evaluate (2x)] (2x)
2017-06-21 18:11:44,201 [ajp-nio-8889-exec-8 | u:admin] INFO  TXLOGGER  - Summary for 'RenderingRequest.initialize': Total: 0.15 s, transactions: 1, svn: 0.134 s [45% getDir2 content (3x), 36% info (10x)] (17x), Velocity: 0.0694 s [100% evaluate (2x)] (2x)
2017-06-21 18:14:15,528 [ajp-nio-8889-exec-9 | u:admin | i:CAPA/_default/PieChart e:polarion_client2] INFO  TXLOGGER  - Tx 5732aba2acd1f_0_5732aba2acd1f_0_: finished. Total: 0.118 s, svn: 0.105 s [58% info (6x), 31% getFile content (3x)] (11x)
2017-06-21 18:14:15,529 [ajp-nio-8889-exec-9 | u:admin] INFO  TXLOGGER  - Summary for 'RenderingRequest.initialize': Total: 0.118 s, transactions: 1, svn: 0.105 s [58% info (6x), 31% getFile content (3x)] (11x)
2017-06-21 18:14:36,447 [PullingJob-fireNotification-4 | u:p] INFO  TXLOGGER  - Summary for 'PullingJob Task': Total: 1.03 s, transactions: 0, Lucene: 1.02 s [100% add (1x)] (1x), processed revs: [39 (delay 2s)]
2017-06-21 18:14:40,942 [ajp-nio-8889-exec-10 | u:admin | i:CAPA/_default/PieChart e:polarion_client2] INFO  TXLOGGER  - Tx 5732abbb67931_0_5732abbb67931_0_: finished. Total: 0.208 s, svn: 0.19 s [42% info (10x), 37% getDir2 content (3x), 21% getFile content (3x)] (17x), Velocity: 0.0791 s [100% evaluate (2x)] (2x)
2017-06-21 18:14:40,942 [ajp-nio-8889-exec-10 | u:admin] INFO  TXLOGGER  - Summary for 'RenderingRequest.initialize': Total: 0.209 s, transactions: 1, svn: 0.19 s [42% info (10x), 37% getDir2 content (3x), 21% getFile content (3x)] (17x), Velocity: 0.0791 s [100% evaluate (2x)] (2x)
2017-06-21 18:23:55,217 [ajp-nio-8889-exec-6 | u:admin | i:CAPA/_default/PieChart e:polarion_client2] INFO  TXLOGGER  - Tx 5732add8b654a_0_5732add8b654a_0_: finished. Total: 0.184 s, svn: 0.17 s [39% getDir2 content (3x), 39% info (10x), 22% getFile content (3x)] (17x), Velocity: 0.073 s [100% evaluate (2x)] (2x)
2017-06-21 18:23:55,217 [ajp-nio-8889-exec-6 | u:admin] INFO  TXLOGGER  - Summary for 'RenderingRequest.initialize': Total: 0.185 s, transactions: 1, svn: 0.17 s [39% getDir2 content (3x), 39% info (10x), 22% getFile content (3x)] (17x), Velocity: 0.073 s [100% evaluate (2x)] (2x)
2017-06-21 18:25:07,294 [ajp-nio-8889-exec-10 | u:admin | i:CAPA/_default/PieChart e:polarion_client2] INFO  TXLOGGER  - Tx 5732ae1f20552_0_5732ae1f20552_0_: finished. Total: 0.159 s, svn: 0.146 s [42% getDir2 content (3x), 36% info (10x), 22% getFile content (3x)] (17x), Velocity: 0.0661 s [100% evaluate (2x)] (2x)
2017-06-21 18:25:07,294 [ajp-nio-8889-exec-10 | u:admin] INFO  TXLOGGER  - Summary for 'RenderingRequest.initialize': Total: 0.159 s, transactions: 1, svn: 0.146 s [42% getDir2 content (3x), 36% info (10x), 22% getFile content (3x)] (17x), Velocity: 0.0661 s [100% evaluate (2x)] (2x)
2017-06-21 18:31:05,505 [ajp-nio-8889-exec-5 | u:admin | i:CAPA/_default/PieChart e:polarion_client2] INFO  TXLOGGER  - Tx 5732af7cef15a_0_5732af7cef15a_0_: finished. Total: 0.167 s, svn: 0.154 s [41% getDir2 content (3x), 37% info (10x), 22% getFile content (3x)] (17x), Velocity: 0.0675 s [100% evaluate (2x)] (2x)
2017-06-21 18:31:05,505 [ajp-nio-8889-exec-5 | u:admin] INFO  TXLOGGER  - Summary for 'RenderingRequest.initialize': Total: 0.167 s, transactions: 1, svn: 0.154 s [41% getDir2 content (3x), 37% info (10x), 22% getFile content (3x)] (17x), Velocity: 0.0675 s [100% evaluate (2x)] (2x)
2017-06-21 18:32:56,400 [ajp-nio-8889-exec-4 | u:admin | i:CAPA/_default/PieChart e:polarion_client2] INFO  TXLOGGER  - Tx 5732afe940d62_0_5732afe940d62_0_: finished. Total: 0.142 s, svn: 0.127 s [47% getDir2 content (3x), 34% info (10x)] (17x), Velocity: 0.0701 s [100% evaluate (2x)] (2x)
2017-06-21 18:32:56,400 [ajp-nio-8889-exec-4 | u:admin] INFO  TXLOGGER  - Summary for 'RenderingRequest.initialize': Total: 0.142 s, transactions: 1, svn: 0.127 s [47% getDir2 content (3x), 34% info (10x)] (17x), Velocity: 0.0701 s [100% evaluate (2x)] (2x)
2017-06-21 18:46:05,868 [ajp-nio-8889-exec-4] INFO  TXLOGGER  - Summary for 'servlet /polarion/wiki/bin/view/page/Home': Total: 0.229 s, transactions: 2, Velocity: 0.183 s [100% evaluate in Wiki (1x)] (1x), svn: 0.0146 s [100% info (3x)] (3x)
2017-06-21 18:47:39,996 [ajp-nio-8889-exec-2 | u:admin] INFO  TXLOGGER  - Tx 5732b3125056d_0_5732b3125056d_0_: finished. Total: 55.3 s, svn: 42.8 s [33% getDir2 content (1790x), 32% info (3098x), 26% getFile content (2445x)] (7348x), resolve: 37 s [69% WorkItems (13x), 11% WorkItem (187x), 9% Modules (1x)] (18333x), Lucene: 6.85 s [41% add (93x), 36% refresh (7x), 19% remove (71x)] (1821x), processed revs: [45, 45 (delay 0s)], write: true
2017-06-21 18:47:41,671 [ajp-nio-8889-exec-2 | u:admin] INFO  TXLOGGER  - Tx 5732b3484756f_0_5732b3484756f_0_: finished. Total: 1.67 s, svn: 1.53 s [98% endActivity (1x)] (12x), processed revs: [46, 46 (delay 1s)], write: true
2017-06-21 18:47:41,671 [ajp-nio-8889-exec-2 | u:admin] INFO  TXLOGGER  - Summary for 'ProjectsDataService.createProject': Total: 56.9 s, transactions: 2, svn: 44.3 s [32% getDir2 content (1790x), 30% info (3105x), 25% getFile content (2446x)] (7360x), resolve: 37 s [69% WorkItems (13x), 11% WorkItem (187x), 9% Modules (1x)] (18348x), Lucene: 6.9 s [41% add (94x), 36% refresh (8x), 19% remove (71x)] (1823x)
2017-06-21 18:50:33,689 [PullingJob-default] INFO  TXLOGGER  - Summary for 'PullingJob': Total: 0.299 s, transactions: 0, svn: 0.298 s [100% log2 (35x)] (36x), processed revs: [47]
2017-06-21 18:50:36,362 [ajp-nio-8889-exec-10 | u:admin | i:CAPA/_default/PieChart e:polarion_client2] INFO  TXLOGGER  - Tx 5732b3f45759a_0_5732b3f45759a_0_: finished. Total: 0.174 s, svn: 0.136 s [46% getDir2 content (3x), 37% info (10x)] (17x), Velocity: 0.0941 s [100% evaluate (2x)] (2x)
2017-06-21 18:50:36,362 [ajp-nio-8889-exec-10 | u:admin] INFO  TXLOGGER  - Summary for 'RenderingRequest.initialize': Total: 0.175 s, transactions: 1, svn: 0.136 s [46% getDir2 content (3x), 37% info (10x)] (17x), Velocity: 0.0941 s [100% evaluate (2x)] (2x)
2017-06-21 18:51:40,949 [ajp-nio-8889-exec-5 | u:admin | i:CAPA/_default/PieChart e:polarion_client2] INFO  TXLOGGER  - Tx 5732b433715a2_0_5732b433715a2_0_: finished. Total: 0.144 s, svn: 0.126 s [50% getDir2 content (3x), 34% info (10x)] (17x), Velocity: 0.077 s [100% evaluate (2x)] (2x)
2017-06-21 18:51:40,949 [ajp-nio-8889-exec-5 | u:admin] INFO  TXLOGGER  - Summary for 'RenderingRequest.initialize': Total: 0.144 s, transactions: 1, svn: 0.126 s [50% getDir2 content (3x), 34% info (10x)] (17x), Velocity: 0.077 s [100% evaluate (2x)] (2x)
2017-06-21 18:56:59,557 [ajp-nio-8889-exec-5] INFO  TXLOGGER  - Summary for 'servlet /polarion/wiki/bin/view/project/MyPolarion/page/?service=Overview': Total: 0.185 s, transactions: 1, Velocity: 0.147 s [100% evaluate in Wiki (1x)] (1x), svn: 0.0412 s [82% info (10x)] (12x), resolve: 0.015 s [70% WikiPage (28x), 15% Module (37x)] (119x), permissions: 0.0147 s [95% readInstance (128x)] (142x), Lucene: 0.0103 s [100% search (4x)] (4x)
2017-06-21 18:57:02,610 [ajp-nio-8889-exec-3 | u:admin] INFO  TXLOGGER  - Tx 5732b56d461be_0_5732b56d461be_0_: finished. Total: 0.443 s, svn: 0.296 s [81% info (33x)] (43x), resolve: 0.188 s [73% ModuleAttachment (4x), 24% Attachment (1x)] (44x), RepositoryConfigService: 0.125 s [100% getReadConfiguration (320x)] (362x), ObjectMaps: 0.0565 s [49% getPrimaryObjectLocations (6x), 41% getPrimaryObjectLocation (7x)] (22x)
2017-06-21 18:57:02,624 [ajp-nio-8889-exec-3 | u:admin] INFO  TXLOGGER  - Summary for 'WorkItemDataService.loadWorkitem': Total: 0.457 s, transactions: 1, svn: 0.296 s [81% info (33x)] (43x), resolve: 0.188 s [73% ModuleAttachment (4x), 24% Attachment (1x)] (44x), RepositoryConfigService: 0.125 s [100% getReadConfiguration (320x)] (362x), ObjectMaps: 0.0565 s [49% getPrimaryObjectLocations (6x), 41% getPrimaryObjectLocation (7x)] (22x)
2017-06-21 18:57:02,880 [ajp-nio-8889-exec-10] INFO  TXLOGGER  - Summary for 'servlet /polarion/wi-attachment/MyPolarion/MP-5373/1-screenshot-20141031-113341.png?revision=3': Total: 0.167 s, transactions: 0, resolve: 0.139 s [79% WorkItem (2x), 21% Attachment (2x)] (4x), svn: 0.108 s [43% info (6x), 29% getDir2 content (3x), 20% getFile content (3x)] (13x), ObjectMaps: 0.0368 s [55% getPrimaryObjectLocation (4x), 40% getLastPromoted (3x)] (13x)
2017-06-21 18:57:03,004 [ajp-nio-8889-exec-9] INFO  TXLOGGER  - Summary for 'servlet /polarion/wiki/bin/view/project/MyPolarion/page/?service=Overview': Total: 0.216 s, transactions: 1, Velocity: 0.163 s [100% evaluate in Wiki (1x)] (1x), resolve: 0.0807 s [50% WikiPage (28x), 48% RichPage (29x)] (119x), ObjectMaps: 0.0736 s [100% getPrimaryObjectLocation (28x)] (28x), svn: 0.0396 s [81% info (9x)] (11x)
2017-06-21 18:57:04,615 [ajp-nio-8889-exec-5 | u:admin] INFO  TXLOGGER  - Tx 5732b56d465bf_0_5732b56d465bf_0_: finished. Total: 2.45 s, resolve: 2.33 s [100% ModuleAttachment (83x)] (132x), svn: 2.23 s [76% info (250x), 24% getFile properties (83x)] (335x)
2017-06-21 18:57:04,620 [ajp-nio-8889-exec-5 | u:admin] INFO  TXLOGGER  - Summary for 'WorkItemDataService.loadInstances': Total: 2.45 s, transactions: 1, resolve: 2.33 s [100% ModuleAttachment (83x)] (132x), svn: 2.23 s [76% info (250x), 24% getFile properties (83x)] (335x)
2017-06-21 18:57:05,667 [ajp-nio-8889-exec-6 | u:admin] INFO  TXLOGGER  - Summary for 'PortalDataService.getWikiSpacesAndPages': Total: 0.1 s, transactions: 0, svn: 0.0402 s [82% info (9x)] (11x), resolve: 0.032 s [88% RichPage (12x)] (88x), ObjectMaps: 0.0273 s [100% getPrimaryObjectLocation (4x)] (4x), permissions: 0.012 s [100% readInstance (157x)] (157x), Lucene: 0.01 s [100% search (9x)] (9x)
2017-06-21 18:57:09,021 [ajp-nio-8889-exec-5 | u:admin | i:MyPolarion/Training Materials/Advanced Wiki Training] INFO  TXLOGGER  - Tx 5732b5720e9ca_0_5732b5720e9ca_0_: finished. Total: 1.96 s, svn: 1.46 s [69% info (167x), 19% getFile properties (41x)] (236x), sidebars: 0.874 s [88% attachments (1x)] (10x), resolve: 0.845 s [73% ModuleAttachment (24x), 17% Attachment (5x)] (182x), documentRenderer: 0.723 s [65% renderWiki (1x), 34% renderPart (270x)] (272x), RepositoryConfigService: 0.282 s [91% getReadConfiguration (1270x)] (1411x)
2017-06-21 18:57:09,084 [ajp-nio-8889-exec-5 | u:admin] INFO  TXLOGGER  - Summary for 'DleModel.initialize': Total: 2.02 s, transactions: 1, svn: 1.46 s [69% info (167x), 19% getFile properties (41x)] (236x), sidebars: 0.874 s [88% attachments (1x)] (10x), resolve: 0.845 s [73% ModuleAttachment (24x), 17% Attachment (5x)] (182x), documentRenderer: 0.723 s [65% renderWiki (1x), 34% renderPart (270x)] (272x), RepositoryConfigService: 0.282 s [91% getReadConfiguration (1270x)] (1411x)
2017-06-21 18:57:09,715 [ajp-nio-8889-exec-2] INFO  TXLOGGER  - Summary for 'servlet /polarion/wi-attachment/MyPolarion/MP-5155/1-chrome.jpg?revision=3': Total: 0.119 s, transactions: 0, resolve: 0.103 s [52% WorkItem (2x), 48% Attachment (2x)] (4x), svn: 0.0835 s [43% info (3x), 23% getFile content (2x), 22% getDir2 content (1x)] (7x), ObjectMaps: 0.0278 s [56% getPrimaryObjectLocation (3x), 28% getPrimaryObjectProperty (1x)] (8x)
2017-06-21 18:57:09,741 [ajp-nio-8889-exec-1] INFO  TXLOGGER  - Summary for 'servlet /polarion/module-attachment/MyPolarion/Training%20Materials/Common%20Components/poalrionLogo.jpg?revision=3': Total: 0.149 s, transactions: 0, resolve: 0.131 s [71% Module (1x), 29% ModuleAttachment (1x)] (3x), svn: 0.115 s [49% info (6x), 26% getDir2 content (2x), 14% getFile content (2x)] (11x), ObjectMaps: 0.0251 s [46% getLocalIdsForLocation (2x), 32% getPrimaryObjectProperty (1x), 15% getPrimaryObjectLocation (2x)] (8x)
2017-06-21 18:57:09,741 [ajp-nio-8889-exec-4] INFO  TXLOGGER  - Summary for 'servlet /polarion/module-attachment/MyPolarion/Training%20Materials/Common%20Components/tutorial.jpg?revision=3': Total: 0.152 s, transactions: 0, resolve: 0.134 s [65% Module (1x), 35% ModuleAttachment (1x)] (3x), svn: 0.118 s [50% info (6x), 26% getDir2 content (2x), 13% getFile content (2x)] (11x), ObjectMaps: 0.0275 s [51% getPrimaryObjectLocation (2x), 42% getLocalIdsForLocation (2x)] (8x)
2017-06-21 18:57:09,741 [ajp-nio-8889-exec-6] INFO  TXLOGGER  - Summary for 'servlet /polarion/module-attachment/MyPolarion/Training%20Materials/Common%20Components/helplink.jpg?revision=3': Total: 0.153 s, transactions: 0, resolve: 0.134 s [66% Module (1x), 34% ModuleAttachment (1x)] (3x), svn: 0.12 s [49% info (6x), 26% getDir2 content (2x), 14% getFile content (2x)] (11x), ObjectMaps: 0.0261 s [50% getPrimaryObjectLocation (2x), 44% getPrimaryObjectProperty (1x)] (8x)
2017-06-21 18:57:09,749 [ajp-nio-8889-exec-3] INFO  TXLOGGER  - Summary for 'servlet /polarion/module-attachment/MyPolarion/Training%20Materials/Common%20Components/trainingBiggerLogo.png?revision=3': Total: 0.161 s, transactions: 0, resolve: 0.144 s [61% Module (1x), 39% ModuleAttachment (1x)] (3x), svn: 0.117 s [50% info (6x), 27% getDir2 content (2x), 14% getFile content (2x)] (11x), ObjectMaps: 0.0383 s [35% getPrimaryObjectLocation (2x), 32% getLocalIdsForLocation (2x), 30% getPrimaryObjectProperty (1x)] (8x)
2017-06-21 18:57:09,750 [ajp-nio-8889-exec-8] INFO  TXLOGGER  - Summary for 'servlet /polarion/module-attachment/MyPolarion/Training%20Materials/Common%20Components/slides.jpg?revision=3': Total: 0.162 s, transactions: 0, resolve: 0.144 s [64% Module (1x), 36% ModuleAttachment (1x)] (3x), svn: 0.119 s [49% info (6x), 25% getDir2 content (2x), 15% getFile content (2x)] (11x), ObjectMaps: 0.0291 s [65% getPrimaryObjectProperty (1x), 31% getPrimaryObjectLocation (2x)] (8x)
2017-06-21 18:57:09,870 [ajp-nio-8889-exec-7] INFO  TXLOGGER  - Summary for 'servlet /polarion/wi-attachment/MyPolarion/MP-5158/1-javasdkdownload.jpg?revision=3': Total: 0.125 s, transactions: 0, resolve: 0.0864 s [53% Attachment (2x), 47% WorkItem (2x)] (4x), svn: 0.0827 s [46% info (3x), 21% getFile content (2x), 17% getFile properties (1x)] (7x), ObjectMaps: 0.0361 s [76% getDocumentFormatForLocation (1x), 16% getPrimaryObjectLocation (3x)] (8x)
2017-06-21 18:57:09,871 [ajp-nio-8889-exec-9] INFO  TXLOGGER  - Summary for 'servlet /polarion/wi-attachment/MyPolarion/MP-5157/1-scriptingextension.jpg?revision=3': Total: 0.126 s, transactions: 0, resolve: 0.116 s [59% WorkItem (2x), 41% Attachment (2x)] (4x), svn: 0.0844 s [48% info (3x), 20% getFile content (2x), 17% getFile properties (1x)] (7x), ObjectMaps: 0.0354 s [92% getPrimaryObjectLocation (3x)] (8x)
2017-06-21 18:57:09,916 [ajp-nio-8889-exec-2] INFO  TXLOGGER  - Summary for 'servlet /polarion/wi-attachment/MyPolarion/MP-5159/1-eclipsedownload.jpg?revision=3': Total: 0.165 s, transactions: 0, resolve: 0.136 s [52% WorkItem (2x), 48% Attachment (2x)] (4x), svn: 0.0877 s [49% info (3x), 18% getDir2 content (1x), 17% getFile content (2x)] (7x), ObjectMaps: 0.0717 s [50% getPrimaryObjectLocation (3x), 28% getLastPromoted (2x), 20% getPrimaryObjectProperty (1x)] (8x)
2017-06-21 19:00:00,756 [Worker-0 | u:p] INFO  TXLOGGER  - Summary for 'job: update.plan.refresh.index': Total: 0.57 s, transactions: 4, resolve: 0.4 s [100% WorkItem (15x)] (167x), svn: 0.344 s [40% info (24x), 31% getDir2 content (17x), 29% getFile content (16x)] (62x), Lucene: 0.0747 s [83% refresh (1x)] (17x), DB: 0.0669 s [89% update (181x)] (220x), RepositoryConfigService: 0.0302 s [99% getExistingPrefixes (30x)] (336x), ObjectMaps: 0.0291 s [35% getPrimaryObjectLocation (17x), 28% getLastPromoted (16x), 25% getPrimaryObjectProperty (16x)] (75x)
2017-06-21 19:00:00,787 [Worker-1 | u:p] INFO  TXLOGGER  - Summary for 'job: update.plan': Total: 0.719 s, transactions: 3
2017-06-21 19:02:20,538 [ajp-nio-8889-exec-3 | u:admin | i:CAPA/_default/PieChart e:polarion_client2] INFO  TXLOGGER  - Tx 5732b6a40a5da_0_5732b6a40a5da_0_: finished. Total: 0.146 s, svn: 0.126 s [48% getDir2 content (3x), 35% info (10x)] (17x), Velocity: 0.076 s [100% evaluate (2x)] (2x)
2017-06-21 19:02:20,539 [ajp-nio-8889-exec-3 | u:admin] INFO  TXLOGGER  - Summary for 'RenderingRequest.initialize': Total: 0.147 s, transactions: 1, svn: 0.126 s [48% getDir2 content (3x), 35% info (10x)] (17x), Velocity: 0.076 s [100% evaluate (2x)] (2x)
2017-06-21 19:10:25,766 [ajp-nio-8889-exec-4 | u:admin | i:CAPA/_default/PieChart e:polarion_client2] INFO  TXLOGGER  - Tx 5732b87de6ddc_0_5732b87de6ddc_0_: finished. Total: 0.14 s, svn: 0.125 s [48% getDir2 content (3x), 35% info (10x)] (17x), Velocity: 0.0722 s [100% evaluate (2x)] (2x)
2017-06-21 19:10:25,766 [ajp-nio-8889-exec-4 | u:admin] INFO  TXLOGGER  - Summary for 'RenderingRequest.initialize': Total: 0.14 s, transactions: 1, svn: 0.125 s [48% getDir2 content (3x), 35% info (10x)] (17x), Velocity: 0.0722 s [100% evaluate (2x)] (2x)
2017-06-21 19:10:54,807 [ajp-nio-8889-exec-7 | u:admin | i:CAPA/_default/PieChart e:polarion_client2] INFO  TXLOGGER  - Tx 5732b89a439e4_0_5732b89a439e4_0_: finished. Total: 0.139 s, svn: 0.125 s [48% getDir2 content (3x), 36% info (10x)] (17x), Velocity: 0.0719 s [100% evaluate (2x)] (2x)
2017-06-21 19:10:54,807 [ajp-nio-8889-exec-7 | u:admin] INFO  TXLOGGER  - Summary for 'RenderingRequest.initialize': Total: 0.139 s, transactions: 1, svn: 0.125 s [48% getDir2 content (3x), 36% info (10x)] (17x), Velocity: 0.0719 s [100% evaluate (2x)] (2x)
2017-06-21 19:12:07,405 [ajp-nio-8889-exec-5 | u:admin | i:CAPA/_default/PieChart e:polarion_client2] INFO  TXLOGGER  - Tx 5732b8e1289ef_0_5732b8e1289ef_0_: finished. Total: 0.14 s, svn: 0.126 s [48% getDir2 content (3x), 35% info (10x)] (17x), Velocity: 0.0707 s [100% evaluate (2x)] (2x)
2017-06-21 19:12:07,405 [ajp-nio-8889-exec-5 | u:admin] INFO  TXLOGGER  - Summary for 'RenderingRequest.initialize': Total: 0.14 s, transactions: 1, svn: 0.126 s [48% getDir2 content (3x), 35% info (10x)] (17x), Velocity: 0.0707 s [100% evaluate (2x)] (2x)
2017-06-21 19:12:47,852 [ajp-nio-8889-exec-4 | u:admin | i:CAPA/_default/PieChart e:polarion_client2] INFO  TXLOGGER  - Tx 5732b908a51f1_0_5732b908a51f1_0_: finished. Total: 0.153 s, svn: 0.139 s [46% getDir2 content (3x), 36% info (10x)] (17x), Velocity: 0.0742 s [100% evaluate (2x)] (2x)
2017-06-21 19:12:47,852 [ajp-nio-8889-exec-4 | u:admin] INFO  TXLOGGER  - Summary for 'RenderingRequest.initialize': Total: 0.153 s, transactions: 1, svn: 0.139 s [46% getDir2 content (3x), 36% info (10x)] (17x), Velocity: 0.0742 s [100% evaluate (2x)] (2x)
2017-06-21 19:13:28,029 [ajp-nio-8889-exec-4 | u:admin] INFO  TXLOGGER  - Tx 5732b92f78218_0_5732b92f78218_0_: finished. Total: 0.574 s, svn: 0.461 s [92% endActivity (1x)] (16x), Lucene: 0.0362 s [86% add (2x)] (4x), processed revs: [53, 53 (delay 0s)], write: true
2017-06-21 19:13:28,090 [ajp-nio-8889-exec-4 | u:admin] INFO  TXLOGGER  - Summary for 'WorkItemDataService.saveWorkItem': Total: 0.636 s, transactions: 2, svn: 0.482 s [88% endActivity (1x)] (21x), Lucene: 0.0504 s [62% add (2x), 38% search (7x)] (9x), resolve: 0.0488 s [99% WorkItem (5x)] (23x), ObjectMaps: 0.0345 s [32% saveIfNeeded (12x), 16% setLastProcessedRevision (7x), 15% getPrimaryObjectLocations (12x), 13% getPrimaryObjectLocation (6x), 12% getLastPromoted (6x)] (59x)
2017-06-21 19:13:28,131 [Persistence Events Processing Thread | u:p] INFO  TXLOGGER  - Summary: Total: 0.1 s, transactions: 6, persistence listener: 0.1 s [51% WorkItemActivityCreator (1x), 48% notificationsCreatingListener (1x)] (7x), resolve: 0.0768 s [76% WorkItem (5x), 24% User (3x)] (9x), svn: 0.0464 s [46% getFile content (3x), 26% info (2x), 26% getDir2 content (2x)] (10x), ObjectMaps: 0.0294 s [42% getPrimaryObjectLocation (3x), 34% getPrimaryObjectProperty (3x), 24% getLastPromoted (3x)] (12x), Lucene: 0.019 s [100% add (1x)] (1x)
2017-06-21 19:13:37,342 [ajp-nio-8889-exec-4 | u:admin] INFO  TXLOGGER  - Tx 5732b93795629_0_5732b93795629_0_: finished. Total: 1.58 s, Lucene: 0.983 s [98% refresh (1x)] (3x), svn: 0.553 s [95% endActivity (1x)] (9x), processed revs: [54, 54 (delay 1s)], write: true
2017-06-21 19:13:37,366 [ajp-nio-8889-exec-4 | u:admin] INFO  TXLOGGER  - Summary for 'WorkItemDataService.saveWorkItem': Total: 1.6 s, transactions: 2, Lucene: 0.988 s [98% refresh (1x)] (4x), svn: 0.553 s [95% endActivity (1x)] (9x)
2017-06-21 19:13:37,463 [Persistence Events Processing Thread | u:p] INFO  TXLOGGER  - Summary: Total: 0.118 s, transactions: 6, persistence listener: 0.118 s [63% notificationsCreatingListener (1x), 37% WorkItemActivityCreator (1x)] (7x), resolve: 0.0808 s [81% WorkItem (11x)] (16x), svn: 0.0655 s [44% getFile content (4x), 28% getDir2 content (3x), 26% info (3x)] (13x), Lucene: 0.0151 s [100% add (1x)] (1x), ObjectMaps: 0.0132 s [38% getLastPromoted (4x), 35% getPrimaryObjectLocation (4x), 27% getPrimaryObjectProperty (4x)] (16x)
2017-06-21 19:13:50,836 [ajp-nio-8889-exec-7 | u:admin | i:CAPA/_default/PieChart e:polarion_client2] INFO  TXLOGGER  - Tx 5732b94628a3c_0_5732b94628a3c_0_: finished. Total: 0.147 s, svn: 0.132 s [46% getDir2 content (3x), 36% info (10x)] (17x), Velocity: 0.0715 s [100% evaluate (2x)] (2x)
2017-06-21 19:13:50,836 [ajp-nio-8889-exec-7 | u:admin] INFO  TXLOGGER  - Summary for 'RenderingRequest.initialize': Total: 0.148 s, transactions: 1, svn: 0.132 s [46% getDir2 content (3x), 36% info (10x)] (17x), Velocity: 0.0715 s [100% evaluate (2x)] (2x)
2017-06-21 19:14:39,531 [ajp-nio-8889-exec-5 | u:admin] INFO  TXLOGGER  - Tx 5732b9744aa3e_0_5732b9744aa3e_0_: finished. Total: 1.6 s, Lucene: 0.981 s [99% add (2x)] (4x), svn: 0.574 s [94% endActivity (1x)] (14x), processed revs: [55, 55 (delay 1s)], write: true
2017-06-21 19:14:39,587 [ajp-nio-8889-exec-5 | u:admin] INFO  TXLOGGER  - Summary for 'WorkItemDataService.saveWorkItem': Total: 1.66 s, transactions: 2, Lucene: 0.987 s [99% add (2x)] (9x), svn: 0.598 s [90% endActivity (1x)] (19x)
2017-06-21 19:14:45,505 [ajp-nio-8889-exec-6 | u:admin] INFO  TXLOGGER  - Tx 5732b97a1864e_0_5732b97a1864e_0_: finished. Total: 1.63 s, Lucene: 1.03 s [97% refresh (1x)] (3x), svn: 0.56 s [95% endActivity (1x)] (9x), processed revs: [56, 56 (delay 1s)], write: true
2017-06-21 19:14:45,531 [ajp-nio-8889-exec-6 | u:admin] INFO  TXLOGGER  - Summary for 'WorkItemDataService.saveWorkItem': Total: 1.66 s, transactions: 2, Lucene: 1.04 s [97% refresh (1x)] (4x), svn: 0.56 s [95% endActivity (1x)] (9x)
2017-06-21 19:14:45,633 [Persistence Events Processing Thread | u:p] INFO  TXLOGGER  - Summary: Total: 0.126 s, transactions: 6, persistence listener: 0.126 s [61% notificationsCreatingListener (1x), 39% WorkItemActivityCreator (1x)] (7x), resolve: 0.104 s [86% WorkItem (11x)] (16x), svn: 0.0766 s [40% getFile content (4x), 31% getDir2 content (3x), 27% info (3x)] (13x), ObjectMaps: 0.0256 s [64% getPrimaryObjectLocation (4x), 24% getLastPromoted (4x)] (16x), Lucene: 0.0151 s [100% add (1x)] (1x)
2017-06-21 19:14:51,818 [ajp-nio-8889-exec-8 | u:admin] INFO  TXLOGGER  - Tx 5732b9804e25e_0_5732b9804e25e_0_: finished. Total: 1.59 s, svn: 1.5 s [98% endActivity (1x)] (9x), processed revs: [57, 57 (delay 1s)], write: true
2017-06-21 19:14:51,844 [ajp-nio-8889-exec-8 | u:admin] INFO  TXLOGGER  - Summary for 'WorkItemDataService.saveWorkItem': Total: 1.61 s, transactions: 2, svn: 1.5 s [98% endActivity (1x)] (9x)
2017-06-21 19:14:51,957 [Persistence Events Processing Thread | u:p] INFO  TXLOGGER  - Summary: Total: 0.137 s, transactions: 6, persistence listener: 0.137 s [65% notificationsCreatingListener (1x), 35% WorkItemActivityCreator (1x)] (7x), resolve: 0.115 s [85% WorkItem (11x)] (16x), svn: 0.0886 s [40% getFile content (4x), 30% info (3x), 29% getDir2 content (3x)] (13x), ObjectMaps: 0.0237 s [64% getPrimaryObjectLocation (4x), 26% getLastPromoted (4x)] (16x), Lucene: 0.0149 s [100% add (1x)] (1x)
2017-06-21 19:14:57,558 [ajp-nio-8889-exec-7 | u:admin | i:CAPA/_default/PieChart e:polarion_client2] INFO  TXLOGGER  - Tx 5732b9874fe6f_0_5732b9874fe6f_0_: finished. Total: 0.153 s, svn: 0.137 s [44% getDir2 content (3x), 37% info (10x)] (17x), Velocity: 0.0708 s [100% evaluate (2x)] (2x)
2017-06-21 19:14:57,559 [ajp-nio-8889-exec-7 | u:admin] INFO  TXLOGGER  - Summary for 'RenderingRequest.initialize': Total: 0.153 s, transactions: 1, svn: 0.137 s [44% getDir2 content (3x), 37% info (10x)] (17x), Velocity: 0.0708 s [100% evaluate (2x)] (2x)
2017-06-21 19:17:14,437 [ajp-nio-8889-exec-5] INFO  TXLOGGER  - Summary for 'servlet /polarion/wiki/bin/view/page/Home': Total: 0.197 s, transactions: 2, Velocity: 0.153 s [100% evaluate in Wiki (1x)] (1x), svn: 0.0131 s [100% info (3x)] (3x)
2017-06-21 19:25:31,287 [Persistence Events Processing Thread | u:p] INFO  TXLOGGER  - Tx 5732bbf23c2b1_0_5732bbf23c2b1_0_: finished. Total: 0.104 s, Lucene: 0.098 s [100% add (1x)] (2x)
2017-06-21 19:25:31,317 [Persistence Events Processing Thread | u:p] INFO  TXLOGGER  - Summary: Total: 0.136 s, transactions: 6, persistence listener: 0.136 s [99% RevisionActivityCreator (2x)] (7x), Lucene: 0.125 s [100% add (2x)] (3x)
2017-06-21 19:25:32,602 [ajp-nio-8889-exec-8 | u:admin | i:CAPA/_default/PieChart e:polarion_client2] INFO  TXLOGGER  - Tx 5732bbf377eb4_0_5732bbf377eb4_0_: finished. Total: 0.157 s, svn: 0.141 s [43% getDir2 content (3x), 38% info (10x)] (17x), Velocity: 0.0686 s [100% evaluate (2x)] (2x)
2017-06-21 19:25:32,602 [ajp-nio-8889-exec-8 | u:admin] INFO  TXLOGGER  - Summary for 'RenderingRequest.initialize': Total: 0.157 s, transactions: 1, svn: 0.141 s [43% getDir2 content (3x), 38% info (10x)] (17x), Velocity: 0.0686 s [100% evaluate (2x)] (2x)
2017-06-21 19:29:01,522 [ajp-nio-8889-exec-3 | u:admin] INFO  TXLOGGER  - Tx 5732bcbf266c3_0_5732bcbf266c3_0_: finished. Total: 0.506 s, svn: 0.475 s [99% endActivity (1x)] (6x), processed revs: [59, 59 (delay 0s)], write: true
2017-06-21 19:29:01,528 [ajp-nio-8889-exec-3 | u:admin] INFO  TXLOGGER  - Summary for 'EnumerationDataService.saveEnumerationDataByContext': Total: 0.512 s, transactions: 1, svn: 0.475 s [99% endActivity (1x)] (6x)
2017-06-21 19:32:26,905 [PullingJob-default] INFO  TXLOGGER  - Summary for 'PullingJob': Total: 1.2 s, transactions: 0, svn: 1.2 s [100% getLatestRevision (1x)] (1x)
2017-06-21 19:32:29,985 [PullingJob-default] INFO  TXLOGGER  - Summary for 'PullingJob': Total: 1.27 s, transactions: 0, svn: 1.27 s [100% getLatestRevision (1x)] (1x)
2017-06-21 19:32:33,095 [PullingJob-default] INFO  TXLOGGER  - Summary for 'PullingJob': Total: 1.37 s, transactions: 0, svn: 1.37 s [100% getLatestRevision (1x)] (1x)
2017-06-21 19:32:35,358 [PullingJob-default] INFO  TXLOGGER  - Summary for 'PullingJob': Total: 0.613 s, transactions: 0, svn: 0.613 s [100% getLatestRevision (1x)] (1x)
2017-06-21 19:32:38,452 [PullingJob-default] INFO  TXLOGGER  - Summary for 'PullingJob': Total: 0.715 s, transactions: 0, svn: 0.715 s [100% getLatestRevision (1x)] (1x)
2017-06-21 19:32:44,904 [PullingJob-default] INFO  TXLOGGER  - Summary for 'PullingJob': Total: 1.13 s, transactions: 0, svn: 1.13 s [100% getLatestRevision (1x)] (1x)
2017-06-21 19:32:47,999 [PullingJob-default] INFO  TXLOGGER  - Summary for 'PullingJob': Total: 1.23 s, transactions: 0, svn: 1.23 s [100% getLatestRevision (1x)] (1x)
2017-06-21 19:32:50,874 [PullingJob-default] INFO  TXLOGGER  - Summary for 'PullingJob': Total: 1.11 s, transactions: 0, svn: 1.11 s [100% getLatestRevision (1x)] (1x)
2017-06-21 19:33:29,091 [PullingJob-default] INFO  TXLOGGER  - Summary for 'PullingJob': Total: 0.257 s, transactions: 0, svn: 0.257 s [100% getLatestRevision (1x)] (1x)
2017-06-21 19:36:45,474 [PullingJob-default] INFO  TXLOGGER  - Summary for 'PullingJob': Total: 1.33 s, transactions: 0, svn: 1.33 s [100% getLatestRevision (1x)] (1x)
2017-06-21 19:36:48,556 [PullingJob-default] INFO  TXLOGGER  - Summary for 'PullingJob': Total: 1.41 s, transactions: 0, svn: 1.41 s [100% getLatestRevision (1x)] (1x)
2017-06-21 19:36:51,496 [PullingJob-default] INFO  TXLOGGER  - Summary for 'PullingJob': Total: 1.36 s, transactions: 0, svn: 1.36 s [100% getLatestRevision (1x)] (1x)
2017-06-21 19:36:54,231 [PullingJob-default] INFO  TXLOGGER  - Summary for 'PullingJob': Total: 1.09 s, transactions: 0, svn: 1.09 s [100% getLatestRevision (1x)] (1x)
2017-06-21 19:36:57,346 [PullingJob-default] INFO  TXLOGGER  - Summary for 'PullingJob': Total: 1.2 s, transactions: 0, svn: 1.2 s [100% getLatestRevision (1x)] (1x)
2017-06-21 19:37:00,550 [PullingJob-default] INFO  TXLOGGER  - Summary for 'PullingJob': Total: 1.4 s, transactions: 0, svn: 1.4 s [100% getLatestRevision (1x)] (1x)
2017-06-21 19:37:03,672 [PullingJob-default] INFO  TXLOGGER  - Summary for 'PullingJob': Total: 1.51 s, transactions: 0, svn: 1.51 s [100% getLatestRevision (1x)] (1x)
2017-06-21 19:37:06,594 [PullingJob-default] INFO  TXLOGGER  - Summary for 'PullingJob': Total: 1.43 s, transactions: 0, svn: 1.43 s [100% getLatestRevision (1x)] (1x)
2017-06-21 19:37:09,415 [PullingJob-default] INFO  TXLOGGER  - Summary for 'PullingJob': Total: 1.25 s, transactions: 0, svn: 1.25 s [100% getLatestRevision (1x)] (1x)
2017-06-21 19:37:31,255 [PullingJob-default] INFO  TXLOGGER  - Summary for 'PullingJob': Total: 2.07 s, transactions: 0, svn: 2.07 s [100% getLatestRevision (1x)] (1x)
2017-06-21 19:37:33,599 [PullingJob-default] INFO  TXLOGGER  - Summary for 'PullingJob': Total: 1.42 s, transactions: 0, svn: 1.42 s [100% getLatestRevision (1x)] (1x)
2017-06-21 19:37:36,443 [PullingJob-default] INFO  TXLOGGER  - Summary for 'PullingJob': Total: 1.25 s, transactions: 0, svn: 1.25 s [100% getLatestRevision (1x)] (1x)
2017-06-21 19:37:39,415 [PullingJob-default] INFO  TXLOGGER  - Summary for 'PullingJob': Total: 1.19 s, transactions: 0, svn: 1.19 s [100% getLatestRevision (1x)] (1x)
2017-06-21 19:37:42,483 [PullingJob-default] INFO  TXLOGGER  - Summary for 'PullingJob': Total: 1.27 s, transactions: 0, svn: 1.27 s [100% getLatestRevision (1x)] (1x)
2017-06-21 19:37:45,531 [PullingJob-default] INFO  TXLOGGER  - Summary for 'PullingJob': Total: 1.31 s, transactions: 0, svn: 1.31 s [100% getLatestRevision (1x)] (1x)
2017-06-21 19:37:48,834 [PullingJob-default] INFO  TXLOGGER  - Summary for 'PullingJob': Total: 1.6 s, transactions: 0, svn: 1.6 s [100% getLatestRevision (1x)] (1x)
2017-06-21 19:37:51,691 [PullingJob-default] INFO  TXLOGGER  - Summary for 'PullingJob': Total: 1.46 s, transactions: 0, svn: 1.46 s [100% getLatestRevision (1x)] (1x)
2017-06-21 19:37:54,285 [PullingJob-default] INFO  TXLOGGER  - Summary for 'PullingJob': Total: 1.04 s, transactions: 0, svn: 1.04 s [100% getLatestRevision (1x)] (1x)
2017-06-21 19:38:06,488 [PullingJob-default] INFO  TXLOGGER  - Summary for 'PullingJob': Total: 1.21 s, transactions: 0, svn: 1.21 s [100% getLatestRevision (1x)] (1x)
2017-06-21 19:38:09,566 [PullingJob-default] INFO  TXLOGGER  - Summary for 'PullingJob': Total: 1.29 s, transactions: 0, svn: 1.29 s [100% getLatestRevision (1x)] (1x)
2017-06-21 19:38:12,368 [PullingJob-default] INFO  TXLOGGER  - Summary for 'PullingJob': Total: 1.07 s, transactions: 0, svn: 1.07 s [100% getLatestRevision (1x)] (1x)
2017-06-21 19:38:15,371 [PullingJob-default] INFO  TXLOGGER  - Summary for 'PullingJob': Total: 1.07 s, transactions: 0, svn: 1.07 s [100% getLatestRevision (1x)] (1x)
2017-06-21 19:38:18,669 [PullingJob-default] INFO  TXLOGGER  - Summary for 'PullingJob': Total: 1.37 s, transactions: 0, svn: 1.37 s [100% getLatestRevision (1x)] (1x)
2017-06-21 19:38:21,482 [PullingJob-default] INFO  TXLOGGER  - Summary for 'PullingJob': Total: 1.18 s, transactions: 0, svn: 1.18 s [100% getLatestRevision (1x)] (1x)
2017-06-21 19:38:24,537 [PullingJob-default] INFO  TXLOGGER  - Summary for 'PullingJob': Total: 1.22 s, transactions: 0, svn: 1.22 s [100% getLatestRevision (1x)] (1x)
2017-06-21 19:38:27,350 [PullingJob-default] INFO  TXLOGGER  - Summary for 'PullingJob': Total: 1.04 s, transactions: 0, svn: 1.04 s [100% getLatestRevision (1x)] (1x)
2017-06-21 19:38:29,631 [PullingJob-default] INFO  TXLOGGER  - Summary for 'PullingJob': Total: 0.299 s, transactions: 0, svn: 0.299 s [100% getLatestRevision (1x)] (1x)
2017-06-21 19:38:36,822 [PullingJob-default] INFO  TXLOGGER  - Summary for 'PullingJob': Total: 1.48 s, transactions: 0, svn: 1.48 s [100% getLatestRevision (1x)] (1x)
2017-06-21 19:38:39,646 [PullingJob-default] INFO  TXLOGGER  - Summary for 'PullingJob': Total: 1.29 s, transactions: 0, svn: 1.29 s [100% getLatestRevision (1x)] (1x)
2017-06-21 19:38:42,631 [PullingJob-default] INFO  TXLOGGER  - Summary for 'PullingJob': Total: 1.26 s, transactions: 0, svn: 1.26 s [100% getLatestRevision (1x)] (1x)
2017-06-21 19:38:45,635 [PullingJob-default] INFO  TXLOGGER  - Summary for 'PullingJob': Total: 1.25 s, transactions: 0, svn: 1.25 s [100% getLatestRevision (1x)] (1x)
2017-06-21 19:38:48,690 [PullingJob-default] INFO  TXLOGGER  - Summary for 'PullingJob': Total: 1.31 s, transactions: 0, svn: 1.31 s [100% getLatestRevision (1x)] (1x)
2017-06-21 19:38:51,588 [PullingJob-default] INFO  TXLOGGER  - Summary for 'PullingJob': Total: 1.2 s, transactions: 0, svn: 1.2 s [100% getLatestRevision (1x)] (1x)
2017-06-21 19:38:54,697 [PullingJob-default] INFO  TXLOGGER  - Summary for 'PullingJob': Total: 1.31 s, transactions: 0, svn: 1.31 s [100% getLatestRevision (1x)] (1x)
2017-06-21 19:38:57,599 [PullingJob-default] INFO  TXLOGGER  - Summary for 'PullingJob': Total: 1.2 s, transactions: 0, svn: 1.2 s [100% getLatestRevision (1x)] (1x)
2017-06-21 19:39:00,349 [PullingJob-default] INFO  TXLOGGER  - Summary for 'PullingJob': Total: 0.944 s, transactions: 0, svn: 0.944 s [100% getLatestRevision (1x)] (1x)
2017-06-21 20:00:00,706 [Worker-1 | u:p] INFO  TXLOGGER  - Summary for 'job: update.plan.refresh.index': Total: 0.554 s, transactions: 0, resolve: 0.436 s [100% WorkItem (15x)] (167x), svn: 0.375 s [35% getFile content (16x), 33% getDir2 content (17x), 32% info (18x)] (52x), Lucene: 0.0594 s [83% refresh (1x)] (17x), DB: 0.0289 s [81% update (181x)] (220x), ObjectMaps: 0.0282 s [34% getPrimaryObjectLocation (17x), 30% getLastPromoted (16x), 24% getPrimaryObjectProperty (16x)] (75x)
2017-06-21 20:00:00,721 [Worker-0 | u:p] INFO  TXLOGGER  - Summary for 'job: update.plan': Total: 0.677 s, transactions: 0
2017-06-21 21:00:00,677 [Worker-0 | u:p] INFO  TXLOGGER  - Summary for 'job: update.plan.refresh.index': Total: 0.499 s, transactions: 0, resolve: 0.382 s [100% WorkItem (15x)] (167x), svn: 0.336 s [36% getFile content (15x), 33% getDir2 content (15x), 31% info (15x)] (46x), Lucene: 0.0522 s [99% refresh (1x)] (2x), ObjectMaps: 0.0274 s [35% getPrimaryObjectLocation (16x), 29% getLastPromoted (15x), 25% getPrimaryObjectProperty (15x)] (70x)
2017-06-21 21:00:00,709 [Worker-1 | u:p] INFO  TXLOGGER  - Summary for 'job: update.plan': Total: 0.654 s, transactions: 0, resolve: 0.0338 s [93% Module (12x)] (96x)
2017-06-21 22:00:00,676 [Worker-1 | u:p] INFO  TXLOGGER  - Summary for 'job: update.plan.refresh.index': Total: 0.52 s, transactions: 0, resolve: 0.384 s [100% WorkItem (15x)] (167x), svn: 0.338 s [36% getFile content (15x), 33% getDir2 content (15x), 31% info (15x)] (46x), Lucene: 0.0487 s [99% refresh (1x)] (2x), DB: 0.0483 s [92% update (181x)] (220x), ObjectMaps: 0.0272 s [35% getPrimaryObjectLocation (16x), 29% getLastPromoted (15x), 24% getPrimaryObjectProperty (15x)] (70x)
2017-06-21 22:00:00,692 [Worker-0 | u:p] INFO  TXLOGGER  - Summary for 'job: update.plan': Total: 0.641 s, transactions: 0
2017-06-21 23:00:00,710 [Worker-2 | u:p] INFO  TXLOGGER  - Summary for 'job: update.plan.refresh.index': Total: 0.522 s, transactions: 0, resolve: 0.401 s [100% WorkItem (15x)] (167x), svn: 0.354 s [35% getFile content (15x), 34% getDir2 content (15x), 31% info (15x)] (46x), Lucene: 0.0544 s [99% refresh (1x)] (2x), ObjectMaps: 0.0281 s [35% getPrimaryObjectLocation (16x), 28% getLastPromoted (15x), 24% getPrimaryObjectProperty (15x)] (70x)
2017-06-21 23:00:00,741 [Worker-0 | u:p] INFO  TXLOGGER  - Summary for 'job: update.plan': Total: 0.637 s, transactions: 0
2017-06-21 23:00:35,023 [ObjectIndex-refreshIndex-5 | u:p] INFO  TXLOGGER  - Summary: Total: 10.3 s, transactions: 0, resolve: 8.14 s [100% WorkItem (200x)] (2606x), svn: 6.98 s [36% getDir2 content (237x), 32% info (269x), 32% getFile content (223x)] (731x), ObjectMaps: 0.959 s [39% getLocalIdsForLocation (223x), 37% getPrimaryObjectLocation (235x), 15% getPrimaryObjectProperty (223x)] (1127x)
2017-06-21 23:00:35,023 [ObjectIndex-refreshIndex-4 | u:p] INFO  TXLOGGER  - Summary: Total: 10.3 s, transactions: 0, resolve: 7.31 s [100% WorkItem (200x)] (2606x), svn: 6.56 s [35% getDir2 content (226x), 33% getFile content (216x), 32% info (248x)] (692x), Lucene: 0.968 s [98% refresh (2x)] (202x), DB: 0.574 s [94% update (2402x)] (2603x), ObjectMaps: 0.552 s [48% getLocalIdsForLocation (216x), 35% getPrimaryObjectLocation (230x)] (1094x)
2017-06-21 23:00:35,023 [ObjectIndex-refreshIndex-2 | u:p] INFO  TXLOGGER  - Summary: Total: 10.3 s, transactions: 0, resolve: 7.4 s [100% WorkItem (200x)] (2614x), svn: 6.43 s [35% getDir2 content (216x), 33% getFile content (209x), 31% info (227x)] (654x), Lucene: 0.963 s [98% refresh (2x)] (202x), ObjectMaps: 0.769 s [46% getLocalIdsForLocation (209x), 35% getPrimaryObjectLocation (221x)] (1057x), DB: 0.556 s [91% update (2402x)] (2597x)
2017-06-21 23:00:35,023 [ObjectIndex-refreshIndex-1 | u:p] INFO  TXLOGGER  - Summary: Total: 10.3 s, transactions: 0, resolve: 8.41 s [100% WorkItem (251x)] (3270x), svn: 7.49 s [35% getDir2 content (262x), 34% getFile content (258x), 31% info (272x)] (795x), Lucene: 1.16 s [98% refresh (3x)] (254x), ObjectMaps: 0.701 s [49% getPrimaryObjectLocation (272x), 32% getLocalIdsForLocation (258x)] (1304x), DB: 0.574 s [94% update (3015x)] (3250x)
2017-06-21 23:00:35,023 [ObjectIndex-refreshIndex-3 | u:p] INFO  TXLOGGER  - Summary: Total: 10.3 s, transactions: 0, resolve: 7.56 s [100% WorkItem (200x)] (2600x), svn: 6.76 s [37% getDir2 content (228x), 32% getFile content (216x), 31% info (248x)] (694x), Lucene: 0.805 s [96% refresh (2x)] (202x), DB: 0.586 s [94% update (2402x)] (2618x), ObjectMaps: 0.585 s [44% getLocalIdsForLocation (216x), 41% getPrimaryObjectLocation (228x)] (1092x)
2017-06-21 23:02:04,109 [Worker-1 | u:p] INFO  TXLOGGER  - Summary for 'job: checker': Total: 124 s, transactions: 1, svn: 68.2 s [56% info (6461x), 25% getDir2 content (2446x)] (10983x), resolve: 60.7 s [100% WorkItem (3984x)] (5980x), ObjectMaps: 26.9 s [39% getPrimaryObjectLocation (4067x), 25% getDocumentFormatForLocation (1992x), 24% getPrimaryObjectLocations (1992x)] (14374x)
2017-06-22 00:00:00,807 [Worker-3 | u:p] INFO  TXLOGGER  - Summary for 'job: update.plan.refresh.index': Total: 0.505 s, transactions: 0, resolve: 0.386 s [100% WorkItem (15x)] (167x), svn: 0.35 s [35% getDir2 content (15x), 34% getFile content (15x), 31% info (15x)] (46x), Lucene: 0.0431 s [96% refresh (1x)] (17x), DB: 0.0334 s [86% update (181x)] (220x)
2017-06-22 00:00:00,838 [Worker-0 | u:p] INFO  TXLOGGER  - Summary for 'job: update.plan': Total: 0.792 s, transactions: 0
2017-06-22 00:00:08,158 [Worker-1 | u:p] INFO  TXLOGGER  - Summary for 'job: build.deploy': Total: 7.83 s, transactions: 0
2017-06-22 00:00:18,294 [Session[4580325874189434109]] INFO  TXLOGGER  - Tx 5732fad30d6f1_0_5732fad30d6f1_0_: finished. Total: 3.97 s
2017-06-22 00:00:22,450 [Session[-1745542513202073375]] INFO  TXLOGGER  - Tx 5732fad7b12f5_0_5732fad7b12f5_0_: finished. Total: 3.37 s
2017-06-22 00:00:24,685 [Session[-6416608338284594883]] INFO  TXLOGGER  - Tx 5732fadba8f01_0_5732fadba8f01_0_: finished. Total: 1.54 s
2017-06-22 00:00:25,873 [Session[8719580418840372673]] INFO  TXLOGGER  - Tx 5732fadd71f03_0_5732fadd71f03_0_: finished. Total: 0.915 s, RepositoryConfigService: 0.0556 s [99% getExistingPrefixes (5x)] (46x), svn: 0.054 s [100% info (9x)] (10x), currentDateQueryExpander: 0.0501 s [100% expand (164x)] (328x)
2017-06-22 00:00:27,952 [Session[-8563738829838018558]] INFO  TXLOGGER  - Tx 5732fade83b05_0_5732fade83b05_0_: finished. Total: 1.89 s
2017-06-22 00:00:32,289 [Worker-1 | u:p] INFO  TXLOGGER  - Summary for 'job: build.build': Total: 24.1 s, transactions: 0
2017-06-22 00:50:21,133 [Worker-0 | u:p] INFO  TXLOGGER  - Summary for 'job: build.deploy': Total: 20.9 s, transactions: 0
2017-06-22 00:50:23,128 [Session[-7248416594264145664]] INFO  TXLOGGER  - Tx 5733064cecf2a_0_5733064cecf2a_0_: finished. Total: 0.428 s
2017-06-22 00:50:24,378 [Worker-0 | u:p] INFO  TXLOGGER  - Summary for 'job: build.build': Total: 3.23 s, transactions: 0
2017-06-22 01:00:00,675 [Worker-4 | u:p] INFO  TXLOGGER  - Summary for 'job: update.plan.refresh.index': Total: 0.501 s, transactions: 0, resolve: 0.4 s [100% WorkItem (15x)] (167x), svn: 0.35 s [37% getDir2 content (15x), 33% getFile content (15x), 30% info (15x)] (46x), Lucene: 0.0352 s [95% refresh (1x)] (17x), ObjectMaps: 0.0282 s [35% getPrimaryObjectLocation (16x), 29% getLastPromoted (15x), 23% getPrimaryObjectProperty (15x)] (70x), DB: 0.0259 s [84% update (181x)] (220x)
2017-06-22 01:00:00,703 [Worker-0 | u:p] INFO  TXLOGGER  - Summary for 'job: update.plan': Total: 0.643 s, transactions: 0
2017-06-22 01:00:08,419 [Monitoring] INFO  TXLOGGER  - Periodic summary: transactions: 1559, svn: 2020 s [56% info (204879x), 25% getFile properties (93098x)] (354498x), resolve: 1830 s [68% ModuleAttachments (3576x), 14% ModuleAttachment (15938x)] (160298x), Lucene: 1760 s [99% refresh (247x)] (5308x)
2017-06-22 01:00:21,133 [Worker-1 | u:p] INFO  TXLOGGER  - Summary for 'job: build.deploy': Total: 21 s, transactions: 0
2017-06-22 01:00:40,461 [Worker-1 | u:p] INFO  TXLOGGER  - Summary for 'job: build.build': Total: 19.3 s, transactions: 0
2017-06-22 02:00:00,613 [Worker-1 | u:p] INFO  TXLOGGER  - Summary for 'job: update.plan.refresh.index': Total: 0.476 s, transactions: 0, resolve: 0.371 s [100% WorkItem (15x)] (167x), svn: 0.326 s [35% getFile content (15x), 34% getDir2 content (15x), 31% info (15x)] (46x), Lucene: 0.0402 s [99% refresh (1x)] (2x), ObjectMaps: 0.0269 s [35% getPrimaryObjectLocation (16x), 29% getLastPromoted (15x), 24% getPrimaryObjectProperty (15x)] (70x), DB: 0.0255 s [85% update (181x)] (220x)
2017-06-22 02:00:00,644 [Worker-0 | u:p] INFO  TXLOGGER  - Summary for 'job: update.plan': Total: 0.579 s, transactions: 0
2017-06-22 03:00:00,645 [Worker-0 | u:p] INFO  TXLOGGER  - Summary for 'job: update.plan.refresh.index': Total: 0.497 s, transactions: 0, resolve: 0.389 s [100% WorkItem (15x)] (167x), svn: 0.344 s [37% getFile content (15x), 33% getDir2 content (15x), 31% info (15x)] (46x), Lucene: 0.0421 s [99% refresh (1x)] (2x), ObjectMaps: 0.0271 s [35% getPrimaryObjectLocation (16x), 29% getLastPromoted (15x), 24% getPrimaryObjectProperty (15x)] (70x), DB: 0.0256 s [85% update (181x)] (220x)
2017-06-22 03:00:00,676 [Worker-1 | u:p] INFO  TXLOGGER  - Summary for 'job: update.plan': Total: 0.609 s, transactions: 0
2017-06-22 04:00:00,687 [Worker-5 | u:p] INFO  TXLOGGER  - Summary for 'job: update.plan.refresh.index': Total: 0.494 s, transactions: 0, resolve: 0.389 s [100% WorkItem (15x)] (167x), svn: 0.343 s [37% getFile content (15x), 33% getDir2 content (15x), 31% info (15x)] (46x), Lucene: 0.038 s [99% refresh (1x)] (2x), ObjectMaps: 0.0278 s [36% getPrimaryObjectLocation (16x), 29% getLastPromoted (15x), 24% getPrimaryObjectProperty (15x)] (70x), DB: 0.0269 s [85% update (181x)] (220x)
2017-06-22 04:00:00,714 [Worker-0 | u:p] INFO  TXLOGGER  - Summary for 'job: update.plan': Total: 0.651 s, transactions: 0
2017-06-22 04:00:21,133 [Worker-1 | u:p] INFO  TXLOGGER  - Summary for 'job: build.deploy': Total: 20.9 s, transactions: 0
2017-06-22 04:00:25,640 [Worker-1 | u:p] INFO  TXLOGGER  - Summary for 'job: build.build': Total: 4.49 s, transactions: 0
2017-06-22 05:00:00,646 [Worker-1 | u:p] INFO  TXLOGGER  - Summary for 'job: update.plan.refresh.index': Total: 0.512 s, transactions: 0, resolve: 0.406 s [100% WorkItem (15x)] (167x), svn: 0.362 s [41% getFile content (15x), 30% getDir2 content (15x), 28% info (15x)] (46x), Lucene: 0.0394 s [100% refresh (1x)] (2x), ObjectMaps: 0.0271 s [35% getPrimaryObjectLocation (16x), 29% getLastPromoted (15x), 24% getPrimaryObjectProperty (15x)] (70x), DB: 0.0263 s [85% update (181x)] (220x)
2017-06-22 05:00:01,599 [Worker-0 | u:p] INFO  TXLOGGER  - Summary for 'job: update.plan': Total: 1.55 s, transactions: 0
2017-06-22 06:00:00,656 [Worker-6 | u:p] INFO  TXLOGGER  - Summary for 'job: update.plan.refresh.index': Total: 0.525 s, transactions: 0, resolve: 0.416 s [100% WorkItem (15x)] (167x), svn: 0.369 s [41% getFile content (15x), 31% getDir2 content (15x), 29% info (15x)] (46x), Lucene: 0.0413 s [99% refresh (1x)] (2x), ObjectMaps: 0.0281 s [35% getPrimaryObjectLocation (16x), 29% getLastPromoted (15x), 24% getPrimaryObjectProperty (15x)] (70x), DB: 0.028 s [86% update (181x)] (220x)
2017-06-22 06:00:00,703 [Worker-1 | u:p] INFO  TXLOGGER  - Summary for 'job: update.plan': Total: 0.65 s, transactions: 0
2017-06-22 07:00:00,574 [Worker-1 | u:p] INFO  TXLOGGER  - Summary for 'job: update.plan.refresh.index': Total: 0.446 s, transactions: 0, resolve: 0.351 s [100% WorkItem (15x)] (167x), svn: 0.326 s [35% getFile content (15x), 34% getDir2 content (15x), 31% info (15x)] (46x), Lucene: 0.0302 s [99% refresh (1x)] (2x), DB: 0.0251 s [85% update (181x)] (220x)
2017-06-22 07:00:00,590 [Worker-6 | u:p] INFO  TXLOGGER  - Summary for 'job: update.plan': Total: 0.554 s, transactions: 0
2017-06-22 08:00:00,614 [Worker-6 | u:p] INFO  TXLOGGER  - Summary for 'job: update.plan.refresh.index': Total: 0.489 s, transactions: 0, resolve: 0.382 s [100% WorkItem (15x)] (167x), svn: 0.338 s [36% getFile content (15x), 33% getDir2 content (15x), 31% info (15x)] (46x), Lucene: 0.0388 s [99% refresh (1x)] (2x), DB: 0.0282 s [86% update (181x)] (220x), ObjectMaps: 0.0271 s [35% getPrimaryObjectLocation (16x), 29% getLastPromoted (15x), 24% getPrimaryObjectProperty (15x)] (70x)
2017-06-22 08:00:00,645 [Worker-1 | u:p] INFO  TXLOGGER  - Summary for 'job: update.plan': Total: 0.608 s, transactions: 0
2017-06-22 09:00:00,629 [Worker-1 | u:p] INFO  TXLOGGER  - Summary for 'job: update.plan.refresh.index': Total: 0.485 s, transactions: 0, resolve: 0.381 s [100% WorkItem (15x)] (167x), svn: 0.337 s [36% getFile content (15x), 33% getDir2 content (15x), 31% info (15x)] (46x), Lucene: 0.0394 s [99% refresh (1x)] (2x), ObjectMaps: 0.0269 s [35% getPrimaryObjectLocation (16x), 29% getLastPromoted (15x), 24% getPrimaryObjectProperty (15x)] (70x), DB: 0.0254 s [85% update (181x)] (220x)
2017-06-22 09:00:00,660 [Worker-6 | u:p] INFO  TXLOGGER  - Summary for 'job: update.plan': Total: 0.596 s, transactions: 0
2017-06-22 10:00:00,654 [Worker-6 | u:p] INFO  TXLOGGER  - Summary for 'job: update.plan.refresh.index': Total: 0.507 s, transactions: 0, resolve: 0.386 s [100% WorkItem (15x)] (167x), svn: 0.341 s [36% getFile content (15x), 33% getDir2 content (15x), 31% info (15x)] (46x), Lucene: 0.0541 s [100% refresh (1x)] (2x), ObjectMaps: 0.0273 s [35% getPrimaryObjectLocation (16x), 29% getLastPromoted (15x), 24% getPrimaryObjectProperty (15x)] (70x), DB: 0.0271 s [85% update (181x)] (220x)
2017-06-22 10:00:00,682 [Worker-1 | u:p] INFO  TXLOGGER  - Summary for 'job: update.plan': Total: 0.625 s, transactions: 0
