2017-06-22 17:14:34,029 [main] INFO  com.polarion.platform.startup  - ****************************************************************
2017-06-22 17:14:34,029 [main] INFO  com.polarion.platform.startup  -                 Polarion starting, please wait!                 
2017-06-22 17:14:34,029 [main] INFO  com.polarion.platform.startup  - ****************************************************************
2017-06-22 17:14:34,060 [main] INFO  com.polarion.platform.startup  - Server start mode: normal
2017-06-22 17:14:34,060 [main] INFO  com.polarion.platform.startup  - ------------------------------
2017-06-22 17:14:34,060 [main] INFO  com.polarion.platform.startup  - Platform startup (Phase: 1/9)
2017-06-22 17:16:38,092 [main] INFO  com.polarion.platform.startup  - Opening historical database...
2017-06-22 17:16:39,609 [main] INFO  com.polarion.platform.startup  - Opening of historical database finished [ TIME 1.51 s. ]
2017-06-22 17:16:39,609 [main] INFO  com.polarion.platform.startup  - Opening head database...
2017-06-22 17:16:40,297 [main] INFO  com.polarion.platform.startup  - Opening of head database finished [ TIME 0.688 s. ]
2017-06-22 17:16:40,907 [main | u:p] INFO  com.polarion.platform.startup  -  -- Polarion startup estimation:  [ TIME 46 s. ]
2017-06-22 17:16:41,079 [main | u:p] INFO  com.polarion.platform.startup  - Platform startup ... took  [ TIME 127.02 s. ]
2017-06-22 17:16:41,704 [main | u:p] INFO  com.polarion.platform.startup  - ------------------------------
2017-06-22 17:16:41,704 [main | u:p] INFO  com.polarion.platform.startup  - Context recognition (Phase: 2/9)
2017-06-22 17:16:42,205 [main | u:p] INFO  com.polarion.platform.startup  - Context recognition ... took  [ TIME 1.12 s. ]
2017-06-22 17:16:42,205 [main | u:p] INFO  com.polarion.platform.startup  - ------------------------------
2017-06-22 17:16:42,205 [main | u:p] INFO  com.polarion.platform.startup  - Context initialization (Phase: 3/9)
2017-06-22 17:16:42,205 [LowLevelDataService-contextInitializer-3 | u:p | context: MyPolarion] INFO  com.polarion.platform.startup  -  -- Initializing context: MyPolarion (2/8)
2017-06-22 17:16:42,205 [LowLevelDataService-contextInitializer-5 | u:p | context: library] INFO  com.polarion.platform.startup  -  -- Initializing context: library (1/8)
2017-06-22 17:16:42,205 [LowLevelDataService-contextInitializer-1 | u:p | context: [GLOBAL]] INFO  com.polarion.platform.startup  -  -- Initializing context: [GLOBAL] (4/8)
2017-06-22 17:16:42,205 [LowLevelDataService-contextInitializer-4 | u:p | context: --Demo Projects] INFO  com.polarion.platform.startup  -  -- Initializing context: --Demo Projects (3/8)
2017-06-22 17:16:42,205 [LowLevelDataService-contextInitializer-2 | u:p | cluster: default] INFO  com.polarion.platform.startup  -  -- Initializing cluster: default (5/8)
2017-06-22 17:16:42,205 [LowLevelDataService-contextInitializer-1 | u:p | context: CAPA] INFO  com.polarion.platform.startup  -  -- Initializing context: CAPA (6/8)
2017-06-22 17:16:42,502 [LowLevelDataService-contextInitializer-2 | u:p | context: elibrary] INFO  com.polarion.platform.startup  -  -- Initializing context: elibrary (7/8)
2017-06-22 17:16:42,909 [LowLevelDataService-contextInitializer-4 | u:p | context: drivepilot] INFO  com.polarion.platform.startup  -  -- Initializing context: drivepilot (8/8)
2017-06-22 17:16:44,176 [main | u:p] INFO  com.polarion.platform.startup  - Context initialization ... took  [ TIME 1.96 s. ]
2017-06-22 17:16:44,207 [main | u:p] INFO  com.polarion.platform.startup  - ------------------------------
2017-06-22 17:16:44,207 [main | u:p] INFO  com.polarion.platform.startup  - Revisions processing (Phase: 4/9)
2017-06-22 17:16:44,692 [main | u:p] INFO  com.polarion.platform.startup  -  -- Processing new revisions from repository default in context ContextId[context [global]]
2017-06-22 17:16:44,707 [main | u:p] INFO  com.polarion.platform.startup  - Revisions processing ... took  [ TIME 0.54 s. ]
2017-06-22 17:16:44,817 [main | u:p] INFO  com.polarion.platform.startup  - ------------------------------
2017-06-22 17:16:44,817 [main | u:p] INFO  com.polarion.platform.startup  - Build artifacts recognition (Phase: 5/9)
2017-06-22 17:16:44,817 [main | u:p] INFO  com.polarion.platform.startup  -  -- Processing build artifacts from context: [GLOBAL] (1/8)
2017-06-22 17:16:45,161 [main | u:p] INFO  com.polarion.platform.startup  -  -- Processing build artifacts from cluster: default (2/8)
2017-06-22 17:16:45,208 [main | u:p] INFO  com.polarion.platform.startup  -  -- Processing build artifacts from context: MyPolarion (3/8)
2017-06-22 17:16:45,255 [main | u:p] INFO  com.polarion.platform.startup  -  -- Processing build artifacts from context: --Demo Projects (4/8)
2017-06-22 17:16:45,302 [main | u:p] INFO  com.polarion.platform.startup  -  -- Processing build artifacts from context: library (5/8)
2017-06-22 17:16:45,349 [main | u:p] INFO  com.polarion.platform.startup  -  -- Processing build artifacts from context: CAPA (6/8)
2017-06-22 17:16:45,474 [main | u:p] INFO  com.polarion.platform.startup  -  -- Processing build artifacts from context: elibrary (7/8)
2017-06-22 17:16:45,724 [main | u:p] INFO  com.polarion.platform.startup  -  -- Processing build artifacts from context: drivepilot (8/8)
2017-06-22 17:16:45,724 [main | u:p] INFO  com.polarion.platform.startup  - Build artifacts recognition ... took  [ TIME 1.01 s. ]
2017-06-22 17:16:45,724 [main | u:p] INFO  com.polarion.platform.startup  - ------------------------------
2017-06-22 17:16:45,724 [main | u:p] INFO  com.polarion.platform.startup  - BIR inspection (Phase: 6/9)
2017-06-22 17:16:45,849 [main | u:p] INFO  com.polarion.platform.startup  - BIR inspection ... took  [ TIME 0.12 s. ]
2017-06-22 17:16:45,865 [main | u:p] INFO  com.polarion.platform.startup  - ------------------------------
2017-06-22 17:16:45,865 [main | u:p] INFO  com.polarion.platform.startup  - Data indexing (Phase: 7/9)
2017-06-22 17:16:46,944 [main | u:p] INFO  com.polarion.platform.startup  -  -- Refreshing 9 objects in index: BuildArtifact
2017-06-22 17:16:46,959 [main | u:p] INFO  com.polarion.platform.startup  -  -- -- 9 from 9 objects were refreshed (100%)
2017-06-22 17:16:47,585 [main | u:p] INFO  com.polarion.platform.startup  -  -- Refreshing 1 objects in index: Revision
2017-06-22 17:16:47,585 [main | u:p] INFO  com.polarion.platform.startup  -  -- -- 1 from 1 objects were refreshed (100%)
2017-06-22 17:16:47,913 [main | u:p] INFO  com.polarion.platform.startup  - Data indexing ... took  [ TIME 2.06 s. ]
2017-06-22 17:16:47,913 [main | u:p] INFO  com.polarion.platform.startup  - ------------------------------
2017-06-22 17:16:47,913 [main | u:p] INFO  com.polarion.platform.startup  - Fields recalculation (Phase: 8/9)
2017-06-22 17:16:47,960 [main | u:p] INFO  com.polarion.platform.startup  - Fields recalculation ... took  [ TIME 0.05 s. ]
2017-06-22 17:16:47,960 [main | u:p] INFO  com.polarion.platform.startup  - ------------------------------
2017-06-22 17:16:47,960 [main | u:p] INFO  com.polarion.platform.startup  - Polarion startup (Phase: 9/9)
2017-06-22 17:18:10,013 [main] INFO  com.polarion.platform.startup  - Polarion startup ... took  [ TIME 81.97 s. ]
2017-06-22 17:18:10,013 [main] INFO  com.polarion.platform.startup  - ****************************************************************
2017-06-22 17:18:10,013 [main] INFO  com.polarion.platform.startup  -                  Polarion started:  [ TIME 216 s. ]
2017-06-22 17:18:10,013 [main] INFO  com.polarion.platform.startup  - ****************************************************************
