2017-06-21 13:54:12,489 [main] INFO  PolarionLicensing  - Searching for valid license file in c:\Polarion\polarion\license
2017-06-21 14:12:03,855 [ajp-nio-8889-exec-3] INFO  PolarionLicensing  - Online activation started
2017-06-21 14:12:03,859 [ajp-nio-8889-exec-3] INFO  PolarionLicensing  - The license file contains the following fields:
2017-06-21 14:12:03,859 [ajp-nio-8889-exec-3] INFO  PolarionLicensing  - *** License fields ***
2017-06-21 14:12:03,859 [ajp-nio-8889-exec-3] INFO  PolarionLicensing  - VariantsConcurrentUsers = 10
2017-06-21 14:12:03,859 [ajp-nio-8889-exec-3] INFO  PolarionLicensing  - almConcurrentUsers = 10
2017-06-21 14:12:03,859 [ajp-nio-8889-exec-3] INFO  PolarionLicensing  - dateCreated = 21.06.2017
2017-06-21 14:12:03,860 [ajp-nio-8889-exec-3] INFO  PolarionLicensing  - expirationDate = 31.05.2018
2017-06-21 14:12:03,860 [ajp-nio-8889-exec-3] INFO  PolarionLicensing  - generatedBy = license@polarion.com
2017-06-21 14:12:03,860 [ajp-nio-8889-exec-3] INFO  PolarionLicensing  - hardwareKey = 388E-7FGG-1351
2017-06-21 14:12:03,860 [ajp-nio-8889-exec-3] INFO  PolarionLicensing  - licenseFormat = 2017
2017-06-21 14:12:03,860 [ajp-nio-8889-exec-3] INFO  PolarionLicensing  - licenseType = TERM
2017-06-21 14:12:03,860 [ajp-nio-8889-exec-3] INFO  PolarionLicensing  - multiInstanceRunningInstances = 3
2017-06-21 14:12:03,860 [ajp-nio-8889-exec-3] INFO  PolarionLicensing  - proConcurrentUsers = 10
2017-06-21 14:12:03,860 [ajp-nio-8889-exec-3] INFO  PolarionLicensing  - product = Polarion
2017-06-21 14:12:03,860 [ajp-nio-8889-exec-3] INFO  PolarionLicensing  - qaConcurrentUsers = 10
2017-06-21 14:12:03,860 [ajp-nio-8889-exec-3] INFO  PolarionLicensing  - requirementsConcurrentUsers = 10
2017-06-21 14:12:03,860 [ajp-nio-8889-exec-3] INFO  PolarionLicensing  - reviewerConcurrentUsers = 10
2017-06-21 14:12:03,860 [ajp-nio-8889-exec-3] INFO  PolarionLicensing  - userCompany = Siemens PLM 
2017-06-21 14:12:03,860 [ajp-nio-8889-exec-3] INFO  PolarionLicensing  - userEmail = shraddha.patil@siemens.com
2017-06-21 14:12:03,860 [ajp-nio-8889-exec-3] INFO  PolarionLicensing  - userName = Shraddha Patil
2017-06-21 14:12:03,860 [ajp-nio-8889-exec-3] INFO  PolarionLicensing  - *** License fields END ***
2017-06-21 14:12:03,871 [ajp-nio-8889-exec-3] INFO  PolarionLicensing  - Removing allocations by null
2017-06-21 14:12:03,873 [ajp-nio-8889-exec-3] INFO  PolarionLicensing  - STATS:concurrentVariantsUser,current:0,peak:0,limit:10
2017-06-21 14:12:03,873 [ajp-nio-8889-exec-3] INFO  PolarionLicensing  - 0 namedReviewerUser assignments (out of 0) loaded: []
2017-06-21 14:12:03,873 [ajp-nio-8889-exec-3] INFO  PolarionLicensing  - 1 concurrentReviewerUser assignments (out of -1) loaded: [admin]
2017-06-21 14:12:03,874 [ajp-nio-8889-exec-3] INFO  PolarionLicensing  - STATS:concurrentReviewerUser,current:0,peak:0,limit:10
2017-06-21 14:12:03,874 [ajp-nio-8889-exec-3] INFO  PolarionLicensing  - 0 namedProUser assignments (out of 0) loaded: []
2017-06-21 14:12:03,874 [ajp-nio-8889-exec-3] INFO  PolarionLicensing  - 1 concurrentProUser assignments (out of -1) loaded: [admin]
2017-06-21 14:12:03,874 [ajp-nio-8889-exec-3] INFO  PolarionLicensing  - STATS:concurrentProUser,current:0,peak:0,limit:10
2017-06-21 14:12:03,874 [ajp-nio-8889-exec-3] INFO  PolarionLicensing  - 0 namedRequirementsUser assignments (out of 0) loaded: []
2017-06-21 14:12:03,874 [ajp-nio-8889-exec-3] INFO  PolarionLicensing  - 1 concurrentRequirementsUser assignments (out of -1) loaded: [admin]
2017-06-21 14:12:03,874 [ajp-nio-8889-exec-3] INFO  PolarionLicensing  - STATS:concurrentRequirementsUser,current:0,peak:0,limit:10
2017-06-21 14:12:03,874 [ajp-nio-8889-exec-3] INFO  PolarionLicensing  - 0 namedQAUser assignments (out of 0) loaded: []
2017-06-21 14:12:03,874 [ajp-nio-8889-exec-3] INFO  PolarionLicensing  - 1 concurrentQAUser assignments (out of -1) loaded: [admin]
2017-06-21 14:12:03,874 [ajp-nio-8889-exec-3] INFO  PolarionLicensing  - STATS:concurrentQAUser,current:0,peak:0,limit:10
2017-06-21 14:12:03,874 [ajp-nio-8889-exec-3] INFO  PolarionLicensing  - 0 namedALMUser assignments (out of 0) loaded: []
2017-06-21 14:12:03,874 [ajp-nio-8889-exec-3] INFO  PolarionLicensing  - 1 concurrentALMUser assignments (out of -1) loaded: [admin]
2017-06-21 14:12:03,874 [ajp-nio-8889-exec-3] INFO  PolarionLicensing  - STATS:concurrentALMUser,current:0,peak:0,limit:10
2017-06-21 14:12:03,878 [ajp-nio-8889-exec-3] INFO  PolarionLicensing  - 
*******************************************************************
 Polarion successfully activated
*******************************************************************
2017-06-21 14:13:46,372 [ajp-nio-8889-exec-1] INFO  PolarionLicensing  - STATS:concurrentALMUser,current:1,peak:1,limit:10
2017-06-21 14:13:46,372 [ajp-nio-8889-exec-1] INFO  PolarionLicensing  - STATS:concurrentVariantsUser,current:1,peak:1,limit:10
2017-06-21 14:13:46,372 [ajp-nio-8889-exec-1] INFO  PolarionLicensing  - User 'admin' logged in with concurrent ALM
2017-06-21 14:47:01,322 [ajp-nio-8889-exec-2] INFO  PolarionLicensing  - STATS:concurrentALMUser,current:1,peak:1,limit:10
2017-06-21 14:47:01,322 [ajp-nio-8889-exec-2] INFO  PolarionLicensing  - User 'admin' logged in with concurrent ALM
2017-06-21 15:13:08,729 [ContainerBackgroundProcessor[StandardEngine[Tomcat]]] INFO  PolarionLicensing  - User 'admin' logged out.
2017-06-21 15:13:08,729 [ContainerBackgroundProcessor[StandardEngine[Tomcat]]] INFO  PolarionLicensing  - User 'admin' logged out.
2017-06-21 15:15:32,855 [ajp-nio-8889-exec-10] INFO  PolarionLicensing  - STATS:concurrentALMUser,current:1,peak:1,limit:10
2017-06-21 15:15:32,855 [ajp-nio-8889-exec-10] INFO  PolarionLicensing  - STATS:concurrentVariantsUser,current:1,peak:1,limit:10
2017-06-21 15:15:32,855 [ajp-nio-8889-exec-10] INFO  PolarionLicensing  - User 'admin' logged in with concurrent ALM
2017-06-21 16:34:11,681 [ContainerBackgroundProcessor[StandardEngine[Tomcat]]] INFO  PolarionLicensing  - User 'admin' logged out.
2017-06-21 17:44:34,249 [ajp-nio-8889-exec-1 | u:p] INFO  PolarionLicensing  - STATS:concurrentVariantsUser,current:1,peak:1,limit:10
2017-06-21 17:44:34,249 [ajp-nio-8889-exec-1 | u:p] INFO  PolarionLicensing  - STATS:concurrentALMUser,current:1,peak:1,limit:10
2017-06-21 17:44:34,257 [ajp-nio-8889-exec-8] INFO  PolarionLicensing  - STATS:concurrentALMUser,current:1,peak:1,limit:10
2017-06-21 17:44:34,257 [ajp-nio-8889-exec-8] INFO  PolarionLicensing  - STATS:concurrentVariantsUser,current:1,peak:1,limit:10
2017-06-21 17:44:34,257 [ajp-nio-8889-exec-8] INFO  PolarionLicensing  - User 'admin' logged in with concurrent ALM
2017-06-21 19:10:54,400 [ajp-nio-8889-exec-10] INFO  PolarionLicensing  - STATS:concurrentALMUser,current:1,peak:1,limit:10
2017-06-21 19:10:54,400 [ajp-nio-8889-exec-10] INFO  PolarionLicensing  - User 'admin' logged in with concurrent ALM
2017-06-21 19:27:18,382 [ContainerBackgroundProcessor[StandardEngine[Tomcat]]] INFO  PolarionLicensing  - User 'admin' logged out.
2017-06-21 19:27:18,382 [ContainerBackgroundProcessor[StandardEngine[Tomcat]]] INFO  PolarionLicensing  - User 'admin' logged out.
2017-06-21 19:27:22,737 [ajp-nio-8889-exec-1] INFO  PolarionLicensing  - STATS:concurrentALMUser,current:1,peak:1,limit:10
2017-06-21 19:27:22,737 [ajp-nio-8889-exec-1] INFO  PolarionLicensing  - STATS:concurrentVariantsUser,current:1,peak:1,limit:10
2017-06-21 19:27:22,737 [ajp-nio-8889-exec-1] INFO  PolarionLicensing  - User 'admin' logged in with concurrent ALM
2017-06-21 20:00:19,873 [ContainerBackgroundProcessor[StandardEngine[Tomcat]]] INFO  PolarionLicensing  - User 'admin' logged out.
2017-06-22 09:49:09,085 [ajp-nio-8889-exec-2 | u:p] INFO  PolarionLicensing  - STATS:concurrentVariantsUser,current:1,peak:1,limit:10
2017-06-22 09:49:09,085 [ajp-nio-8889-exec-2 | u:p] INFO  PolarionLicensing  - STATS:concurrentALMUser,current:1,peak:1,limit:10
2017-06-22 09:49:09,085 [ajp-nio-8889-exec-2] INFO  PolarionLicensing  - STATS:concurrentALMUser,current:1,peak:1,limit:10
2017-06-22 09:49:09,085 [ajp-nio-8889-exec-2] INFO  PolarionLicensing  - STATS:concurrentVariantsUser,current:1,peak:1,limit:10
2017-06-22 09:49:09,085 [ajp-nio-8889-exec-2] INFO  PolarionLicensing  - User 'admin' logged in with concurrent ALM
