2017-06-21 13:54:37,567 [main | u:p] INFO  com.polarion.platform.jobs.internal.service.scheduler.JobSchedulerService  - Updating local scheduler state: start
2017-06-21 13:54:37,598 [main | u:p | u:p] INFO  com.polarion.platform.jobs.internal.service.scheduler.JobSchedulerService  - 16 scheduled job(s) configured
2017-06-21 13:55:08,431 [Thread-38] INFO  com.polarion.platform.jobs.info  - Job "Attachment Indexer" has id c9c15040-927abeae-49b68e22-6106d5bd
2017-06-21 13:55:08,431 [Thread-38] INFO  com.polarion.platform.jobs.info  - State of job "Attachment Indexer" changed to UNSCHEDULED
2017-06-21 13:55:08,431 [Thread-38] INFO  com.polarion.platform.jobs.info  - Working directory of root job "Attachment Indexer" is C:\Polarion\polarion\..\data\workspace\polarion-data\jobs\20170621-1355
2017-06-21 13:55:08,431 [Thread-38] INFO  com.polarion.platform.jobs.info  - Job "Attachment Indexer" runs as user "polarion"
2017-06-21 13:55:08,447 [Thread-38 | u:p] INFO  com.polarion.platform.jobs.info  - State of job "Attachment Indexer" changed to ACTIVATING
2017-06-21 13:55:08,447 [Thread-38 | u:p] INFO  com.polarion.platform.jobs.info  - State of job "Attachment Indexer" changed to WAITING
2017-06-21 13:55:08,463 [Worker-0 | u:p] INFO  com.polarion.platform.jobs.info  - State of job "Attachment Indexer" changed to RUNNING
2017-06-21 13:55:08,463 [Thread-38] INFO  com.polarion.platform.jobs.info  - Job "DB History Creator" has id c9c1505f-927abeae-49b68e22-2158abc5
2017-06-21 13:55:08,463 [Thread-38] INFO  com.polarion.platform.jobs.info  - State of job "DB History Creator" changed to UNSCHEDULED
2017-06-21 13:55:08,463 [Thread-38] INFO  com.polarion.platform.jobs.info  - Working directory of root job "DB History Creator" is C:\Polarion\polarion\..\data\workspace\polarion-data\jobs\20170621-1355_0
2017-06-21 13:55:08,463 [Thread-38] INFO  com.polarion.platform.jobs.info  - Job "DB History Creator" runs as user "polarion"
2017-06-21 13:55:08,478 [Thread-38 | u:p] INFO  com.polarion.platform.jobs.info  - State of job "DB History Creator" changed to ACTIVATING
2017-06-21 13:55:08,478 [Thread-38 | u:p] INFO  com.polarion.platform.jobs.info  - State of job "DB History Creator" changed to WAITING
2017-06-21 13:55:08,494 [Worker-1 | u:p] INFO  com.polarion.platform.jobs.info  - State of job "DB History Creator" changed to RUNNING
2017-06-21 13:55:10,103 [Worker-0 | u:p] INFO  com.polarion.platform.jobs.info  - State of job "Attachment Indexer" changed to FINISHED
2017-06-21 13:55:10,103 [Worker-0 | u:p] INFO  com.polarion.platform.jobs.info  - Status of job "Attachment Indexer" is OK
2017-06-21 13:55:18,286 [Worker-1 | u:p] INFO  com.polarion.platform.jobs.info  - State of job "DB History Creator" changed to FINISHED
2017-06-21 13:55:18,302 [Worker-1 | u:p] INFO  com.polarion.platform.jobs.info  - Status of job "DB History Creator" is OK
2017-06-21 14:00:00,023 [DefaultQuartzScheduler_Worker-1] INFO  com.polarion.platform.jobs.info  - Job "Live Plan Chart Update" has id c9c5c357-927abeae-49b68e22-163297dd
2017-06-21 14:00:00,023 [DefaultQuartzScheduler_Worker-1] INFO  com.polarion.platform.jobs.info  - State of job "Live Plan Chart Update" changed to UNSCHEDULED
2017-06-21 14:00:00,039 [DefaultQuartzScheduler_Worker-1] INFO  com.polarion.platform.jobs.info  - Working directory of root job "Live Plan Chart Update" is C:\Polarion\polarion\..\data\workspace\polarion-data\jobs\20170621-1400
2017-06-21 14:00:00,039 [DefaultQuartzScheduler_Worker-1] INFO  com.polarion.platform.jobs.info  - Job "Live Plan Chart Update" runs as user "polarion"
2017-06-21 14:00:00,039 [DefaultQuartzScheduler_Worker-1 | u:p] INFO  com.polarion.platform.jobs.info  - State of job "Live Plan Chart Update" changed to ACTIVATING
2017-06-21 14:00:00,054 [DefaultQuartzScheduler_Worker-1 | u:p] INFO  com.polarion.platform.jobs.info  - State of job "Live Plan Chart Update" changed to WAITING
2017-06-21 14:00:00,054 [Worker-0 | u:p] INFO  com.polarion.platform.jobs.info  - State of job "Live Plan Chart Update" changed to RUNNING
2017-06-21 14:00:00,195 [Worker-0 | u:p] INFO  com.polarion.platform.jobs.info  - State of job "Live Plan Chart Update" changed to FINISHED
2017-06-21 14:00:00,195 [Worker-0 | u:p] INFO  com.polarion.platform.jobs.info  - Status of job "Live Plan Chart Update" is FAILED:
Unexpected planning error: .
java.lang.NullPointerException
	at com.polarion.platform.internal.LicenseSecurityManager.getUserLicense(LicenseSecurityManager.java:589)
	at com.polarion.platform.internal.LicenseSecurityManager.isFeatureAvailableForUserNC(LicenseSecurityManager.java:687)
	at com.polarion.platform.internal.LicenseSecurityManager.isFeatureAvailableForUser(LicenseSecurityManager.java:681)
	at com.polarion.alm.tracker.internal.TrackerPolicy.canUsePercentualAssignment(TrackerPolicy.java:475)
	at com.polarion.alm.tracker.internal.planning.Plan.readPercentualProjectAssignment(Plan.java:276)
	at com.polarion.alm.tracker.internal.planning.Plan.checkActivities(Plan.java:206)
	at com.polarion.alm.tracker.internal.planning.Plan.getActivities(Plan.java:149)
	at com.polarion.alm.tracker.internal.planning.DefaultPlanningEngine.sanitizePlan(DefaultPlanningEngine.java:219)
	at com.polarion.alm.tracker.internal.planning.DefaultPlanningEngine.doPlanning(DefaultPlanningEngine.java:128)
	at com.polarion.alm.tracker.internal.planning.UpdatePlanJobUnitFactory$UpdatePlanJobUnit.doPlanning(UpdatePlanJobUnitFactory.java:183)
	at com.polarion.alm.tracker.internal.planning.UpdatePlanJobUnitFactory$UpdatePlanJobUnit.runInternal(UpdatePlanJobUnitFactory.java:130)
	at com.polarion.platform.jobs.spi.AbstractJobUnit.run(AbstractJobUnit.java:194)
	at com.polarion.platform.jobs.internal.eclipse.WrappedEclipseRootJob$2$1.runWEx(WrappedEclipseRootJob.java:210)
	at com.polarion.platform.jobs.internal.eclipse.WrappedEclipseRootJob$2$1.runWEx(WrappedEclipseRootJob.java:1)
	at com.polarion.core.util.RunnableWEx.runWRet(RunnableWEx.java:61)
	at com.polarion.platform.persistence.internal.JobContextService.doInContext(JobContextService.java:24)
	at com.polarion.platform.persistence.internal.JobContextService.doInContext(JobContextService.java:1)
	at com.polarion.platform.jobs.internal.eclipse.WrappedEclipseRootJob$2.run(WrappedEclipseRootJob.java:202)
	at java.security.AccessController.doPrivileged(Native Method)
	at javax.security.auth.Subject.doAsPrivileged(Subject.java:483)
	at com.polarion.platform.internal.security.SubjectNDC.doAsPrivileged(SubjectNDC.java:80)
	at com.polarion.platform.jobs.internal.eclipse.WrappedEclipseRootJob.runJob(WrappedEclipseRootJob.java:192)
	at com.polarion.platform.jobs.internal.eclipse.WrappedEclipseRootJob.runJobs(WrappedEclipseRootJob.java:168)
	at com.polarion.platform.jobs.internal.eclipse.WrappedEclipseRootJob.run(WrappedEclipseRootJob.java:101)
	at org.eclipse.core.internal.jobs.Worker.run(Worker.java:76)
2017-06-21 15:00:00,020 [DefaultQuartzScheduler_Worker-5] INFO  com.polarion.platform.jobs.info  - Job "Live Plan Chart Update" has id c9fcb1d4-927abeae-49b68e22-e09f4467
2017-06-21 15:00:00,020 [DefaultQuartzScheduler_Worker-5] INFO  com.polarion.platform.jobs.info  - State of job "Live Plan Chart Update" changed to UNSCHEDULED
2017-06-21 15:00:00,020 [DefaultQuartzScheduler_Worker-5] INFO  com.polarion.platform.jobs.info  - Working directory of root job "Live Plan Chart Update" is C:\Polarion\polarion\..\data\workspace\polarion-data\jobs\20170621-1500
2017-06-21 15:00:00,020 [DefaultQuartzScheduler_Worker-5] INFO  com.polarion.platform.jobs.info  - Job "Live Plan Chart Update" runs as user "polarion"
2017-06-21 15:00:00,020 [DefaultQuartzScheduler_Worker-5 | u:p] INFO  com.polarion.platform.jobs.info  - State of job "Live Plan Chart Update" changed to ACTIVATING
2017-06-21 15:00:00,036 [DefaultQuartzScheduler_Worker-5 | u:p] INFO  com.polarion.platform.jobs.info  - State of job "Live Plan Chart Update" changed to WAITING
2017-06-21 15:00:00,036 [Worker-0 | u:p] INFO  com.polarion.platform.jobs.info  - State of job "Live Plan Chart Update" changed to RUNNING
2017-06-21 15:00:00,158 [Worker-0 | u:p | job: update.plan] INFO  com.polarion.platform.jobs.info  - Job "Live Plan Chart Update - Index Refresh" has id c9fcb25e-927abeae-49b68e22-5d5c4318
2017-06-21 15:00:00,158 [Worker-0 | u:p | job: update.plan] INFO  com.polarion.platform.jobs.info  - State of job "Live Plan Chart Update - Index Refresh" changed to UNSCHEDULED
2017-06-21 15:00:00,158 [Worker-0 | u:p | job: update.plan] INFO  com.polarion.platform.jobs.info  - Working directory of root job "Live Plan Chart Update - Index Refresh" is C:\Polarion\polarion\..\data\workspace\polarion-data\jobs\20170621-1500_0
2017-06-21 15:00:00,158 [Worker-0 | u:p | job: update.plan] INFO  com.polarion.platform.jobs.info  - Job "Live Plan Chart Update - Index Refresh" runs as user "polarion"
2017-06-21 15:00:00,158 [Worker-0 | u:p | job: update.plan | u:p] INFO  com.polarion.platform.jobs.info  - State of job "Live Plan Chart Update - Index Refresh" changed to ACTIVATING
2017-06-21 15:00:00,174 [Worker-0 | u:p | job: update.plan | u:p] INFO  com.polarion.platform.jobs.info  - State of job "Live Plan Chart Update - Index Refresh" changed to WAITING
2017-06-21 15:00:00,174 [Worker-1 | u:p] INFO  com.polarion.platform.jobs.info  - State of job "Live Plan Chart Update - Index Refresh" changed to RUNNING
2017-06-21 15:00:01,252 [Worker-1 | u:p] INFO  com.polarion.platform.jobs.info  - State of job "Live Plan Chart Update - Index Refresh" changed to FINISHED
2017-06-21 15:00:01,267 [Worker-1 | u:p] INFO  com.polarion.platform.jobs.info  - Status of job "Live Plan Chart Update - Index Refresh" is OK
2017-06-21 15:00:01,299 [Worker-0 | u:p] INFO  com.polarion.platform.jobs.info  - State of job "Live Plan Chart Update" changed to FINISHED
2017-06-21 15:00:01,299 [Worker-0 | u:p] INFO  com.polarion.platform.jobs.info  - Status of job "Live Plan Chart Update" is OK
2017-06-21 16:00:00,013 [DefaultQuartzScheduler_Worker-0] INFO  com.polarion.platform.jobs.info  - Job "Live Plan Chart Update" has id ca33a04d-927abeae-49b68e22-8c7a9289
2017-06-21 16:00:00,013 [DefaultQuartzScheduler_Worker-0] INFO  com.polarion.platform.jobs.info  - State of job "Live Plan Chart Update" changed to UNSCHEDULED
2017-06-21 16:00:00,013 [DefaultQuartzScheduler_Worker-0] INFO  com.polarion.platform.jobs.info  - Working directory of root job "Live Plan Chart Update" is C:\Polarion\polarion\..\data\workspace\polarion-data\jobs\20170621-1600
2017-06-21 16:00:00,013 [DefaultQuartzScheduler_Worker-0] INFO  com.polarion.platform.jobs.info  - Job "Live Plan Chart Update" runs as user "polarion"
2017-06-21 16:00:00,013 [DefaultQuartzScheduler_Worker-0 | u:p] INFO  com.polarion.platform.jobs.info  - State of job "Live Plan Chart Update" changed to ACTIVATING
2017-06-21 16:00:00,029 [DefaultQuartzScheduler_Worker-0 | u:p] INFO  com.polarion.platform.jobs.info  - State of job "Live Plan Chart Update" changed to WAITING
2017-06-21 16:00:00,029 [Worker-1 | u:p] INFO  com.polarion.platform.jobs.info  - State of job "Live Plan Chart Update" changed to RUNNING
2017-06-21 16:00:00,107 [Worker-1 | u:p | job: update.plan] INFO  com.polarion.platform.jobs.info  - Job "Live Plan Chart Update - Index Refresh" has id ca33a09b-927abeae-49b68e22-53a3ff34
2017-06-21 16:00:00,107 [Worker-1 | u:p | job: update.plan] INFO  com.polarion.platform.jobs.info  - State of job "Live Plan Chart Update - Index Refresh" changed to UNSCHEDULED
2017-06-21 16:00:00,107 [Worker-1 | u:p | job: update.plan] INFO  com.polarion.platform.jobs.info  - Working directory of root job "Live Plan Chart Update - Index Refresh" is C:\Polarion\polarion\..\data\workspace\polarion-data\jobs\20170621-1600_0
2017-06-21 16:00:00,107 [Worker-1 | u:p | job: update.plan] INFO  com.polarion.platform.jobs.info  - Job "Live Plan Chart Update - Index Refresh" runs as user "polarion"
2017-06-21 16:00:00,107 [Worker-1 | u:p | job: update.plan | u:p] INFO  com.polarion.platform.jobs.info  - State of job "Live Plan Chart Update - Index Refresh" changed to ACTIVATING
2017-06-21 16:00:00,107 [Worker-1 | u:p | job: update.plan | u:p] INFO  com.polarion.platform.jobs.info  - State of job "Live Plan Chart Update - Index Refresh" changed to WAITING
2017-06-21 16:00:00,107 [Worker-0 | u:p] INFO  com.polarion.platform.jobs.info  - State of job "Live Plan Chart Update - Index Refresh" changed to RUNNING
2017-06-21 16:00:00,732 [Worker-0 | u:p] INFO  com.polarion.platform.jobs.info  - State of job "Live Plan Chart Update - Index Refresh" changed to FINISHED
2017-06-21 16:00:00,732 [Worker-0 | u:p] INFO  com.polarion.platform.jobs.info  - Status of job "Live Plan Chart Update - Index Refresh" is OK
2017-06-21 16:00:00,763 [Worker-1 | u:p] INFO  com.polarion.platform.jobs.info  - State of job "Live Plan Chart Update" changed to FINISHED
2017-06-21 16:00:00,763 [Worker-1 | u:p] INFO  com.polarion.platform.jobs.info  - Status of job "Live Plan Chart Update" is OK
2017-06-21 17:00:00,020 [DefaultQuartzScheduler_Worker-3] INFO  com.polarion.platform.jobs.info  - Job "Live Plan Chart Update" has id ca6a8ed4-927abeae-49b68e22-e7893997
2017-06-21 17:00:00,020 [DefaultQuartzScheduler_Worker-3] INFO  com.polarion.platform.jobs.info  - State of job "Live Plan Chart Update" changed to UNSCHEDULED
2017-06-21 17:00:00,020 [DefaultQuartzScheduler_Worker-3] INFO  com.polarion.platform.jobs.info  - Working directory of root job "Live Plan Chart Update" is C:\Polarion\polarion\..\data\workspace\polarion-data\jobs\20170621-1700
2017-06-21 17:00:00,020 [DefaultQuartzScheduler_Worker-3] INFO  com.polarion.platform.jobs.info  - Job "Live Plan Chart Update" runs as user "polarion"
2017-06-21 17:00:00,020 [DefaultQuartzScheduler_Worker-3 | u:p] INFO  com.polarion.platform.jobs.info  - State of job "Live Plan Chart Update" changed to ACTIVATING
2017-06-21 17:00:00,036 [DefaultQuartzScheduler_Worker-3 | u:p] INFO  com.polarion.platform.jobs.info  - State of job "Live Plan Chart Update" changed to WAITING
2017-06-21 17:00:00,036 [Worker-0 | u:p] INFO  com.polarion.platform.jobs.info  - State of job "Live Plan Chart Update" changed to RUNNING
2017-06-21 17:00:00,098 [Worker-0 | u:p | job: update.plan] INFO  com.polarion.platform.jobs.info  - Job "Live Plan Chart Update - Index Refresh" has id ca6a8f22-927abeae-49b68e22-43accd64
2017-06-21 17:00:00,098 [Worker-0 | u:p | job: update.plan] INFO  com.polarion.platform.jobs.info  - State of job "Live Plan Chart Update - Index Refresh" changed to UNSCHEDULED
2017-06-21 17:00:00,098 [Worker-0 | u:p | job: update.plan] INFO  com.polarion.platform.jobs.info  - Working directory of root job "Live Plan Chart Update - Index Refresh" is C:\Polarion\polarion\..\data\workspace\polarion-data\jobs\20170621-1700_0
2017-06-21 17:00:00,114 [Worker-0 | u:p | job: update.plan] INFO  com.polarion.platform.jobs.info  - Job "Live Plan Chart Update - Index Refresh" runs as user "polarion"
2017-06-21 17:00:00,114 [Worker-0 | u:p | job: update.plan | u:p] INFO  com.polarion.platform.jobs.info  - State of job "Live Plan Chart Update - Index Refresh" changed to ACTIVATING
2017-06-21 17:00:00,114 [Worker-0 | u:p | job: update.plan | u:p] INFO  com.polarion.platform.jobs.info  - State of job "Live Plan Chart Update - Index Refresh" changed to WAITING
2017-06-21 17:00:00,114 [Worker-1 | u:p] INFO  com.polarion.platform.jobs.info  - State of job "Live Plan Chart Update - Index Refresh" changed to RUNNING
2017-06-21 17:00:00,661 [Worker-1 | u:p] INFO  com.polarion.platform.jobs.info  - State of job "Live Plan Chart Update - Index Refresh" changed to FINISHED
2017-06-21 17:00:00,661 [Worker-1 | u:p] INFO  com.polarion.platform.jobs.info  - Status of job "Live Plan Chart Update - Index Refresh" is OK
2017-06-21 17:00:00,692 [Worker-0 | u:p] INFO  com.polarion.platform.jobs.info  - State of job "Live Plan Chart Update" changed to FINISHED
2017-06-21 17:00:00,692 [Worker-0 | u:p] INFO  com.polarion.platform.jobs.info  - Status of job "Live Plan Chart Update" is OK
2017-06-21 18:00:00,022 [DefaultQuartzScheduler_Worker-7] INFO  com.polarion.platform.jobs.info  - Job "Live Plan Chart Update" has id caa17d56-927abeae-49b68e22-b795b8bc
2017-06-21 18:00:00,022 [DefaultQuartzScheduler_Worker-7] INFO  com.polarion.platform.jobs.info  - State of job "Live Plan Chart Update" changed to UNSCHEDULED
2017-06-21 18:00:00,022 [DefaultQuartzScheduler_Worker-7] INFO  com.polarion.platform.jobs.info  - Working directory of root job "Live Plan Chart Update" is C:\Polarion\polarion\..\data\workspace\polarion-data\jobs\20170621-1800
2017-06-21 18:00:00,022 [DefaultQuartzScheduler_Worker-7] INFO  com.polarion.platform.jobs.info  - Job "Live Plan Chart Update" runs as user "polarion"
2017-06-21 18:00:00,022 [DefaultQuartzScheduler_Worker-7 | u:p] INFO  com.polarion.platform.jobs.info  - State of job "Live Plan Chart Update" changed to ACTIVATING
2017-06-21 18:00:00,038 [DefaultQuartzScheduler_Worker-7 | u:p] INFO  com.polarion.platform.jobs.info  - State of job "Live Plan Chart Update" changed to WAITING
2017-06-21 18:00:00,038 [Worker-1 | u:p] INFO  com.polarion.platform.jobs.info  - State of job "Live Plan Chart Update" changed to RUNNING
2017-06-21 18:00:00,100 [Worker-1 | u:p | job: update.plan] INFO  com.polarion.platform.jobs.info  - Job "Live Plan Chart Update - Index Refresh" has id caa17da4-927abeae-49b68e22-7678e47b
2017-06-21 18:00:00,100 [Worker-1 | u:p | job: update.plan] INFO  com.polarion.platform.jobs.info  - State of job "Live Plan Chart Update - Index Refresh" changed to UNSCHEDULED
2017-06-21 18:00:00,116 [Worker-1 | u:p | job: update.plan] INFO  com.polarion.platform.jobs.info  - Working directory of root job "Live Plan Chart Update - Index Refresh" is C:\Polarion\polarion\..\data\workspace\polarion-data\jobs\20170621-1800_0
2017-06-21 18:00:00,116 [Worker-1 | u:p | job: update.plan] INFO  com.polarion.platform.jobs.info  - Job "Live Plan Chart Update - Index Refresh" runs as user "polarion"
2017-06-21 18:00:00,116 [Worker-1 | u:p | job: update.plan | u:p] INFO  com.polarion.platform.jobs.info  - State of job "Live Plan Chart Update - Index Refresh" changed to ACTIVATING
2017-06-21 18:00:00,116 [Worker-1 | u:p | job: update.plan | u:p] INFO  com.polarion.platform.jobs.info  - State of job "Live Plan Chart Update - Index Refresh" changed to WAITING
2017-06-21 18:00:00,116 [Worker-0 | u:p] INFO  com.polarion.platform.jobs.info  - State of job "Live Plan Chart Update - Index Refresh" changed to RUNNING
2017-06-21 18:00:00,636 [Worker-0 | u:p] INFO  com.polarion.platform.jobs.info  - State of job "Live Plan Chart Update - Index Refresh" changed to FINISHED
2017-06-21 18:00:00,636 [Worker-0 | u:p] INFO  com.polarion.platform.jobs.info  - Status of job "Live Plan Chart Update - Index Refresh" is OK
2017-06-21 18:00:00,683 [Worker-1 | u:p] INFO  com.polarion.platform.jobs.info  - State of job "Live Plan Chart Update" changed to FINISHED
2017-06-21 18:00:00,683 [Worker-1 | u:p] INFO  com.polarion.platform.jobs.info  - Status of job "Live Plan Chart Update" is OK
2017-06-21 18:07:10,949 [ajp-nio-8889-exec-1 | u:admin] INFO  com.polarion.platform.jobs.info  - Job "Refresh Enumerations" has id caa810a3-927abeae-49b68e22-babdf1e7
2017-06-21 18:07:10,949 [ajp-nio-8889-exec-1 | u:admin] INFO  com.polarion.platform.jobs.info  - State of job "Refresh Enumerations" changed to UNSCHEDULED
2017-06-21 18:07:10,950 [ajp-nio-8889-exec-1 | u:admin] INFO  com.polarion.platform.jobs.info  - Working directory of root job "Refresh Enumerations" is C:\Polarion\polarion\..\data\workspace\polarion-data\jobs\20170621-1807
2017-06-21 18:07:10,950 [ajp-nio-8889-exec-1 | u:admin] INFO  com.polarion.platform.jobs.info  - Job "Refresh Enumerations" runs as user "admin"
2017-06-21 18:07:10,950 [ajp-nio-8889-exec-1 | u:admin | u:admin] INFO  com.polarion.platform.jobs.info  - State of job "Refresh Enumerations" changed to ACTIVATING
2017-06-21 18:07:10,952 [ajp-nio-8889-exec-1 | u:admin | u:admin] INFO  com.polarion.platform.jobs.info  - State of job "Refresh Enumerations" changed to WAITING
2017-06-21 18:07:10,956 [Worker-0 | u:admin] INFO  com.polarion.platform.jobs.info  - State of job "Refresh Enumerations" changed to RUNNING
2017-06-21 18:07:12,471 [Worker-0 | u:admin] INFO  com.polarion.platform.jobs.info  - State of job "Refresh Enumerations" changed to FINISHED
2017-06-21 18:07:12,486 [Worker-0 | u:admin] INFO  com.polarion.platform.jobs.info  - Status of job "Refresh Enumerations" is OK
2017-06-21 19:00:00,021 [DefaultQuartzScheduler_Worker-4] INFO  com.polarion.platform.jobs.info  - Job "Live Plan Chart Update" has id cad86bd5-927abeae-49b68e22-6c10aa38
2017-06-21 19:00:00,021 [DefaultQuartzScheduler_Worker-4] INFO  com.polarion.platform.jobs.info  - State of job "Live Plan Chart Update" changed to UNSCHEDULED
2017-06-21 19:00:00,021 [DefaultQuartzScheduler_Worker-4] INFO  com.polarion.platform.jobs.info  - Working directory of root job "Live Plan Chart Update" is C:\Polarion\polarion\..\data\workspace\polarion-data\jobs\20170621-1900
2017-06-21 19:00:00,021 [DefaultQuartzScheduler_Worker-4] INFO  com.polarion.platform.jobs.info  - Job "Live Plan Chart Update" runs as user "polarion"
2017-06-21 19:00:00,021 [DefaultQuartzScheduler_Worker-4 | u:p] INFO  com.polarion.platform.jobs.info  - State of job "Live Plan Chart Update" changed to ACTIVATING
2017-06-21 19:00:00,037 [DefaultQuartzScheduler_Worker-4 | u:p] INFO  com.polarion.platform.jobs.info  - State of job "Live Plan Chart Update" changed to WAITING
2017-06-21 19:00:00,037 [Worker-1 | u:p] INFO  com.polarion.platform.jobs.info  - State of job "Live Plan Chart Update" changed to RUNNING
2017-06-21 19:00:00,131 [Worker-1 | u:p | job: update.plan] INFO  com.polarion.platform.jobs.info  - Job "Live Plan Chart Update - Index Refresh" has id cad86c43-927abeae-49b68e22-a13a5f18
2017-06-21 19:00:00,131 [Worker-1 | u:p | job: update.plan] INFO  com.polarion.platform.jobs.info  - State of job "Live Plan Chart Update - Index Refresh" changed to UNSCHEDULED
2017-06-21 19:00:00,146 [Worker-1 | u:p | job: update.plan] INFO  com.polarion.platform.jobs.info  - Working directory of root job "Live Plan Chart Update - Index Refresh" is C:\Polarion\polarion\..\data\workspace\polarion-data\jobs\20170621-1900_0
2017-06-21 19:00:00,146 [Worker-1 | u:p | job: update.plan] INFO  com.polarion.platform.jobs.info  - Job "Live Plan Chart Update - Index Refresh" runs as user "polarion"
2017-06-21 19:00:00,146 [Worker-1 | u:p | job: update.plan | u:p] INFO  com.polarion.platform.jobs.info  - State of job "Live Plan Chart Update - Index Refresh" changed to ACTIVATING
2017-06-21 19:00:00,146 [Worker-1 | u:p | job: update.plan | u:p] INFO  com.polarion.platform.jobs.info  - State of job "Live Plan Chart Update - Index Refresh" changed to WAITING
2017-06-21 19:00:00,146 [Worker-0 | u:p] INFO  com.polarion.platform.jobs.info  - State of job "Live Plan Chart Update - Index Refresh" changed to RUNNING
2017-06-21 19:00:00,756 [Worker-0 | u:p] INFO  com.polarion.platform.jobs.info  - State of job "Live Plan Chart Update - Index Refresh" changed to FINISHED
2017-06-21 19:00:00,756 [Worker-0 | u:p] INFO  com.polarion.platform.jobs.info  - Status of job "Live Plan Chart Update - Index Refresh" is OK
2017-06-21 19:00:00,787 [Worker-1 | u:p] INFO  com.polarion.platform.jobs.info  - State of job "Live Plan Chart Update" changed to FINISHED
2017-06-21 19:00:00,787 [Worker-1 | u:p] INFO  com.polarion.platform.jobs.info  - Status of job "Live Plan Chart Update" is OK
2017-06-21 20:00:00,014 [DefaultQuartzScheduler_Worker-4] INFO  com.polarion.platform.jobs.info  - Job "Live Plan Chart Update" has id cb0f5a4e-927abeae-49b68e22-00e70c1a
2017-06-21 20:00:00,014 [DefaultQuartzScheduler_Worker-4] INFO  com.polarion.platform.jobs.info  - State of job "Live Plan Chart Update" changed to UNSCHEDULED
2017-06-21 20:00:00,014 [DefaultQuartzScheduler_Worker-4] INFO  com.polarion.platform.jobs.info  - Working directory of root job "Live Plan Chart Update" is C:\Polarion\polarion\..\data\workspace\polarion-data\jobs\20170621-2000
2017-06-21 20:00:00,014 [DefaultQuartzScheduler_Worker-4] INFO  com.polarion.platform.jobs.info  - Job "Live Plan Chart Update" runs as user "polarion"
2017-06-21 20:00:00,014 [DefaultQuartzScheduler_Worker-4 | u:p] INFO  com.polarion.platform.jobs.info  - State of job "Live Plan Chart Update" changed to ACTIVATING
2017-06-21 20:00:00,029 [DefaultQuartzScheduler_Worker-4 | u:p] INFO  com.polarion.platform.jobs.info  - State of job "Live Plan Chart Update" changed to WAITING
2017-06-21 20:00:00,029 [Worker-0 | u:p] INFO  com.polarion.platform.jobs.info  - State of job "Live Plan Chart Update" changed to RUNNING
2017-06-21 20:00:00,107 [Worker-0 | u:p | job: update.plan] INFO  com.polarion.platform.jobs.info  - Job "Live Plan Chart Update - Index Refresh" has id cb0f5aab-927abeae-49b68e22-5ff1c615
2017-06-21 20:00:00,107 [Worker-0 | u:p | job: update.plan] INFO  com.polarion.platform.jobs.info  - State of job "Live Plan Chart Update - Index Refresh" changed to UNSCHEDULED
2017-06-21 20:00:00,107 [Worker-0 | u:p | job: update.plan] INFO  com.polarion.platform.jobs.info  - Working directory of root job "Live Plan Chart Update - Index Refresh" is C:\Polarion\polarion\..\data\workspace\polarion-data\jobs\20170621-2000_0
2017-06-21 20:00:00,107 [Worker-0 | u:p | job: update.plan] INFO  com.polarion.platform.jobs.info  - Job "Live Plan Chart Update - Index Refresh" runs as user "polarion"
2017-06-21 20:00:00,107 [Worker-0 | u:p | job: update.plan | u:p] INFO  com.polarion.platform.jobs.info  - State of job "Live Plan Chart Update - Index Refresh" changed to ACTIVATING
2017-06-21 20:00:00,123 [Worker-0 | u:p | job: update.plan | u:p] INFO  com.polarion.platform.jobs.info  - State of job "Live Plan Chart Update - Index Refresh" changed to WAITING
2017-06-21 20:00:00,123 [Worker-1 | u:p] INFO  com.polarion.platform.jobs.info  - State of job "Live Plan Chart Update - Index Refresh" changed to RUNNING
2017-06-21 20:00:00,706 [Worker-1 | u:p] INFO  com.polarion.platform.jobs.info  - State of job "Live Plan Chart Update - Index Refresh" changed to FINISHED
2017-06-21 20:00:00,706 [Worker-1 | u:p] INFO  com.polarion.platform.jobs.info  - Status of job "Live Plan Chart Update - Index Refresh" is OK
2017-06-21 20:00:00,721 [Worker-0 | u:p] INFO  com.polarion.platform.jobs.info  - State of job "Live Plan Chart Update" changed to FINISHED
2017-06-21 20:00:00,721 [Worker-0 | u:p] INFO  com.polarion.platform.jobs.info  - Status of job "Live Plan Chart Update" is OK
2017-06-21 21:00:00,021 [DefaultQuartzScheduler_Worker-5] INFO  com.polarion.platform.jobs.info  - Job "Live Plan Chart Update" has id cb4648d5-927abeae-49b68e22-1f30b1dd
2017-06-21 21:00:00,021 [DefaultQuartzScheduler_Worker-5] INFO  com.polarion.platform.jobs.info  - State of job "Live Plan Chart Update" changed to UNSCHEDULED
2017-06-21 21:00:00,021 [DefaultQuartzScheduler_Worker-5] INFO  com.polarion.platform.jobs.info  - Working directory of root job "Live Plan Chart Update" is C:\Polarion\polarion\..\data\workspace\polarion-data\jobs\20170621-2100
2017-06-21 21:00:00,021 [DefaultQuartzScheduler_Worker-5] INFO  com.polarion.platform.jobs.info  - Job "Live Plan Chart Update" runs as user "polarion"
2017-06-21 21:00:00,021 [DefaultQuartzScheduler_Worker-5 | u:p] INFO  com.polarion.platform.jobs.info  - State of job "Live Plan Chart Update" changed to ACTIVATING
2017-06-21 21:00:00,021 [DefaultQuartzScheduler_Worker-5 | u:p] INFO  com.polarion.platform.jobs.info  - State of job "Live Plan Chart Update" changed to WAITING
2017-06-21 21:00:00,037 [Worker-1 | u:p] INFO  com.polarion.platform.jobs.info  - State of job "Live Plan Chart Update" changed to RUNNING
2017-06-21 21:00:00,130 [Worker-1 | u:p | job: update.plan] INFO  com.polarion.platform.jobs.info  - Job "Live Plan Chart Update - Index Refresh" has id cb464942-927abeae-49b68e22-8d4b5d8a
2017-06-21 21:00:00,130 [Worker-1 | u:p | job: update.plan] INFO  com.polarion.platform.jobs.info  - State of job "Live Plan Chart Update - Index Refresh" changed to UNSCHEDULED
2017-06-21 21:00:00,130 [Worker-1 | u:p | job: update.plan] INFO  com.polarion.platform.jobs.info  - Working directory of root job "Live Plan Chart Update - Index Refresh" is C:\Polarion\polarion\..\data\workspace\polarion-data\jobs\20170621-2100_0
2017-06-21 21:00:00,146 [Worker-1 | u:p | job: update.plan] INFO  com.polarion.platform.jobs.info  - Job "Live Plan Chart Update - Index Refresh" runs as user "polarion"
2017-06-21 21:00:00,146 [Worker-1 | u:p | job: update.plan | u:p] INFO  com.polarion.platform.jobs.info  - State of job "Live Plan Chart Update - Index Refresh" changed to ACTIVATING
2017-06-21 21:00:00,146 [Worker-1 | u:p | job: update.plan | u:p] INFO  com.polarion.platform.jobs.info  - State of job "Live Plan Chart Update - Index Refresh" changed to WAITING
2017-06-21 21:00:00,146 [Worker-0 | u:p] INFO  com.polarion.platform.jobs.info  - State of job "Live Plan Chart Update - Index Refresh" changed to RUNNING
2017-06-21 21:00:00,677 [Worker-0 | u:p] INFO  com.polarion.platform.jobs.info  - State of job "Live Plan Chart Update - Index Refresh" changed to FINISHED
2017-06-21 21:00:00,677 [Worker-0 | u:p] INFO  com.polarion.platform.jobs.info  - Status of job "Live Plan Chart Update - Index Refresh" is OK
2017-06-21 21:00:00,709 [Worker-1 | u:p] INFO  com.polarion.platform.jobs.info  - State of job "Live Plan Chart Update" changed to FINISHED
2017-06-21 21:00:00,709 [Worker-1 | u:p] INFO  com.polarion.platform.jobs.info  - Status of job "Live Plan Chart Update" is OK
2017-06-21 22:00:00,018 [DefaultQuartzScheduler_Worker-7] INFO  com.polarion.platform.jobs.info  - Job "Live Plan Chart Update" has id cb7d3752-927abeae-49b68e22-d520a4fb
2017-06-21 22:00:00,018 [DefaultQuartzScheduler_Worker-7] INFO  com.polarion.platform.jobs.info  - State of job "Live Plan Chart Update" changed to UNSCHEDULED
2017-06-21 22:00:00,018 [DefaultQuartzScheduler_Worker-7] INFO  com.polarion.platform.jobs.info  - Working directory of root job "Live Plan Chart Update" is C:\Polarion\polarion\..\data\workspace\polarion-data\jobs\20170621-2200
2017-06-21 22:00:00,018 [DefaultQuartzScheduler_Worker-7] INFO  com.polarion.platform.jobs.info  - Job "Live Plan Chart Update" runs as user "polarion"
2017-06-21 22:00:00,018 [DefaultQuartzScheduler_Worker-7 | u:p] INFO  com.polarion.platform.jobs.info  - State of job "Live Plan Chart Update" changed to ACTIVATING
2017-06-21 22:00:00,034 [DefaultQuartzScheduler_Worker-7 | u:p] INFO  com.polarion.platform.jobs.info  - State of job "Live Plan Chart Update" changed to WAITING
2017-06-21 22:00:00,034 [Worker-0 | u:p] INFO  com.polarion.platform.jobs.info  - State of job "Live Plan Chart Update" changed to RUNNING
2017-06-21 22:00:00,112 [Worker-0 | u:p | job: update.plan] INFO  com.polarion.platform.jobs.info  - Job "Live Plan Chart Update - Index Refresh" has id cb7d37a0-927abeae-49b68e22-b5f6906e
2017-06-21 22:00:00,112 [Worker-0 | u:p | job: update.plan] INFO  com.polarion.platform.jobs.info  - State of job "Live Plan Chart Update - Index Refresh" changed to UNSCHEDULED
2017-06-21 22:00:00,112 [Worker-0 | u:p | job: update.plan] INFO  com.polarion.platform.jobs.info  - Working directory of root job "Live Plan Chart Update - Index Refresh" is C:\Polarion\polarion\..\data\workspace\polarion-data\jobs\20170621-2200_0
2017-06-21 22:00:00,112 [Worker-0 | u:p | job: update.plan] INFO  com.polarion.platform.jobs.info  - Job "Live Plan Chart Update - Index Refresh" runs as user "polarion"
2017-06-21 22:00:00,112 [Worker-0 | u:p | job: update.plan | u:p] INFO  com.polarion.platform.jobs.info  - State of job "Live Plan Chart Update - Index Refresh" changed to ACTIVATING
2017-06-21 22:00:00,112 [Worker-0 | u:p | job: update.plan | u:p] INFO  com.polarion.platform.jobs.info  - State of job "Live Plan Chart Update - Index Refresh" changed to WAITING
2017-06-21 22:00:00,128 [Worker-1 | u:p] INFO  com.polarion.platform.jobs.info  - State of job "Live Plan Chart Update - Index Refresh" changed to RUNNING
2017-06-21 22:00:00,676 [Worker-1 | u:p] INFO  com.polarion.platform.jobs.info  - State of job "Live Plan Chart Update - Index Refresh" changed to FINISHED
2017-06-21 22:00:00,676 [Worker-1 | u:p] INFO  com.polarion.platform.jobs.info  - Status of job "Live Plan Chart Update - Index Refresh" is OK
2017-06-21 22:00:00,692 [Worker-0 | u:p] INFO  com.polarion.platform.jobs.info  - State of job "Live Plan Chart Update" changed to FINISHED
2017-06-21 22:00:00,708 [Worker-0 | u:p] INFO  com.polarion.platform.jobs.info  - Status of job "Live Plan Chart Update" is OK
2017-06-21 23:00:00,022 [DefaultQuartzScheduler_Worker-2] INFO  com.polarion.platform.jobs.info  - Job "Index Checker" has id cbb425d6-927abeae-49b68e22-766b2e6b
2017-06-21 23:00:00,022 [DefaultQuartzScheduler_Worker-2] INFO  com.polarion.platform.jobs.info  - State of job "Index Checker" changed to UNSCHEDULED
2017-06-21 23:00:00,038 [DefaultQuartzScheduler_Worker-2] INFO  com.polarion.platform.jobs.info  - Working directory of root job "Index Checker" is C:\Polarion\polarion\..\data\workspace\polarion-data\jobs\20170621-2300
2017-06-21 23:00:00,038 [DefaultQuartzScheduler_Worker-2] INFO  com.polarion.platform.jobs.info  - Job "Index Checker" runs as user "polarion"
2017-06-21 23:00:00,038 [DefaultQuartzScheduler_Worker-2 | u:p] INFO  com.polarion.platform.jobs.info  - State of job "Index Checker" changed to ACTIVATING
2017-06-21 23:00:00,038 [DefaultQuartzScheduler_Worker-2 | u:p] INFO  com.polarion.platform.jobs.info  - State of job "Index Checker" changed to WAITING
2017-06-21 23:00:00,038 [Worker-1 | u:p] INFO  com.polarion.platform.jobs.info  - State of job "Index Checker" changed to RUNNING
2017-06-21 23:00:00,038 [DefaultQuartzScheduler_Worker-7] INFO  com.polarion.platform.jobs.info  - Job "Live Plan Chart Update" has id cbb425e6-927abeae-49b68e22-f2fba529
2017-06-21 23:00:00,054 [DefaultQuartzScheduler_Worker-7] INFO  com.polarion.platform.jobs.info  - State of job "Live Plan Chart Update" changed to UNSCHEDULED
2017-06-21 23:00:00,054 [DefaultQuartzScheduler_Worker-7] INFO  com.polarion.platform.jobs.info  - Working directory of root job "Live Plan Chart Update" is C:\Polarion\polarion\..\data\workspace\polarion-data\jobs\20170621-2300_0
2017-06-21 23:00:00,054 [DefaultQuartzScheduler_Worker-7] INFO  com.polarion.platform.jobs.info  - Job "Live Plan Chart Update" runs as user "polarion"
2017-06-21 23:00:00,054 [DefaultQuartzScheduler_Worker-7 | u:p] INFO  com.polarion.platform.jobs.info  - State of job "Live Plan Chart Update" changed to ACTIVATING
2017-06-21 23:00:00,054 [DefaultQuartzScheduler_Worker-7 | u:p] INFO  com.polarion.platform.jobs.info  - State of job "Live Plan Chart Update" changed to WAITING
2017-06-21 23:00:00,054 [Worker-0 | u:p] INFO  com.polarion.platform.jobs.info  - State of job "Live Plan Chart Update" changed to RUNNING
2017-06-21 23:00:00,147 [Worker-0 | u:p | job: update.plan] INFO  com.polarion.platform.jobs.info  - Job "Live Plan Chart Update - Index Refresh" has id cbb42653-927abeae-49b68e22-a4c2f9a8
2017-06-21 23:00:00,147 [Worker-0 | u:p | job: update.plan] INFO  com.polarion.platform.jobs.info  - State of job "Live Plan Chart Update - Index Refresh" changed to UNSCHEDULED
2017-06-21 23:00:00,147 [Worker-0 | u:p | job: update.plan] INFO  com.polarion.platform.jobs.info  - Working directory of root job "Live Plan Chart Update - Index Refresh" is C:\Polarion\polarion\..\data\workspace\polarion-data\jobs\20170621-2300_1
2017-06-21 23:00:00,147 [Worker-0 | u:p | job: update.plan] INFO  com.polarion.platform.jobs.info  - Job "Live Plan Chart Update - Index Refresh" runs as user "polarion"
2017-06-21 23:00:00,163 [Worker-0 | u:p | job: update.plan | u:p] INFO  com.polarion.platform.jobs.info  - State of job "Live Plan Chart Update - Index Refresh" changed to ACTIVATING
2017-06-21 23:00:00,163 [Worker-0 | u:p | job: update.plan | u:p] INFO  com.polarion.platform.jobs.info  - State of job "Live Plan Chart Update - Index Refresh" changed to WAITING
2017-06-21 23:00:00,163 [Worker-2 | u:p] INFO  com.polarion.platform.jobs.info  - State of job "Live Plan Chart Update - Index Refresh" changed to RUNNING
2017-06-21 23:00:00,710 [Worker-2 | u:p] INFO  com.polarion.platform.jobs.info  - State of job "Live Plan Chart Update - Index Refresh" changed to FINISHED
2017-06-21 23:00:00,710 [Worker-2 | u:p] INFO  com.polarion.platform.jobs.info  - Status of job "Live Plan Chart Update - Index Refresh" is OK
2017-06-21 23:00:00,741 [Worker-0 | u:p] INFO  com.polarion.platform.jobs.info  - State of job "Live Plan Chart Update" changed to FINISHED
2017-06-21 23:00:00,741 [Worker-0 | u:p] INFO  com.polarion.platform.jobs.info  - Status of job "Live Plan Chart Update" is OK
2017-06-21 23:02:04,109 [Worker-1 | u:p] INFO  com.polarion.platform.jobs.info  - State of job "Index Checker" changed to FINISHED
2017-06-21 23:02:04,109 [Worker-1 | u:p] INFO  com.polarion.platform.jobs.info  - Status of job "Index Checker" is OK:
0 Errors, 1 Warnings, 1 Information.
2017-06-22 00:00:00,010 [DefaultQuartzScheduler_Worker-7] INFO  com.polarion.platform.jobs.info  - Job "Live Plan Chart Update" has id cbeb144a-927abeae-49b68e22-8c82682c
2017-06-22 00:00:00,010 [DefaultQuartzScheduler_Worker-7] INFO  com.polarion.platform.jobs.info  - State of job "Live Plan Chart Update" changed to UNSCHEDULED
2017-06-22 00:00:00,010 [DefaultQuartzScheduler_Worker-7] INFO  com.polarion.platform.jobs.info  - Working directory of root job "Live Plan Chart Update" is C:\Polarion\polarion\..\data\workspace\polarion-data\jobs\20170622-0000
2017-06-22 00:00:00,010 [DefaultQuartzScheduler_Worker-7] INFO  com.polarion.platform.jobs.info  - Job "Live Plan Chart Update" runs as user "polarion"
2017-06-22 00:00:00,010 [DefaultQuartzScheduler_Worker-7 | u:p] INFO  com.polarion.platform.jobs.info  - State of job "Live Plan Chart Update" changed to ACTIVATING
2017-06-22 00:00:00,025 [DefaultQuartzScheduler_Worker-7 | u:p] INFO  com.polarion.platform.jobs.info  - State of job "Live Plan Chart Update" changed to WAITING
2017-06-22 00:00:00,025 [Worker-0 | u:p] INFO  com.polarion.platform.jobs.info  - State of job "Live Plan Chart Update" changed to RUNNING
2017-06-22 00:00:00,041 [DefaultQuartzScheduler_Worker-5] INFO  com.polarion.platform.jobs.info  - Job "Work Item Analysis" has id cbeb1459-927abeae-49b68e22-679d2eca
2017-06-22 00:00:00,041 [DefaultQuartzScheduler_Worker-5] INFO  com.polarion.platform.jobs.info  - State of job "Work Item Analysis" changed to UNSCHEDULED
2017-06-22 00:00:00,041 [DefaultQuartzScheduler_Worker-5] INFO  com.polarion.platform.jobs.info  - Working directory of root job "Work Item Analysis" is C:\Polarion\polarion\..\data\workspace\polarion-data\jobs\20170622-0000_0
2017-06-22 00:00:00,041 [DefaultQuartzScheduler_Worker-5] INFO  com.polarion.platform.jobs.info  - Job "Work Item Analysis" runs as user "polarion"
2017-06-22 00:00:00,041 [DefaultQuartzScheduler_Worker-5 | u:p] INFO  com.polarion.platform.jobs.info  - State of job "Work Item Analysis" changed to ACTIVATING
2017-06-22 00:00:00,182 [DefaultQuartzScheduler_Worker-5 | u:p] INFO  com.polarion.platform.jobs.info  - State of job "(INTERNAL) Trackeranalysis calculation of _root.default:_artificial" changed to UNSCHEDULED
2017-06-22 00:00:00,182 [DefaultQuartzScheduler_Worker-5 | u:p] INFO  com.polarion.platform.jobs.info  - Job "(INTERNAL) Trackeranalysis calculation of _root.default:_artificial" has id cbeb14f6-927abeae-49b68e22-cd0319da
2017-06-22 00:00:00,182 [DefaultQuartzScheduler_Worker-5 | u:p] INFO  com.polarion.platform.jobs.info  - Job "(INTERNAL) Trackeranalysis calculation of _root.default:_artificial" runs as user "polarion"
2017-06-22 00:00:00,197 [DefaultQuartzScheduler_Worker-5 | u:p] INFO  com.polarion.platform.jobs.info  - State of job "(INTERNAL) Trackeranalysis calculation of _root.default:_artificial" changed to ACTIVATING
2017-06-22 00:00:00,197 [DefaultQuartzScheduler_Worker-5 | u:p] INFO  com.polarion.platform.jobs.info  - State of job "Deploy _root.default:_artificial to C:\Polarion\polarion\..\data\workspace\polarion-data\deploymentSpaces\_default" changed to UNSCHEDULED
2017-06-22 00:00:00,213 [DefaultQuartzScheduler_Worker-5 | u:p] INFO  com.polarion.platform.jobs.info  - Job "Deploy _root.default:_artificial to C:\Polarion\polarion\..\data\workspace\polarion-data\deploymentSpaces\_default" has id cbeb1505-927abeae-49b68e22-f3fd5ca8
2017-06-22 00:00:00,213 [DefaultQuartzScheduler_Worker-5 | u:p] INFO  com.polarion.platform.jobs.info  - Job "Deploy _root.default:_artificial to C:\Polarion\polarion\..\data\workspace\polarion-data\deploymentSpaces\_default" runs as user "polarion"
2017-06-22 00:00:00,229 [DefaultQuartzScheduler_Worker-5 | u:p] INFO  com.polarion.platform.jobs.info  - State of job "Deploy _root.default:_artificial to C:\Polarion\polarion\..\data\workspace\polarion-data\deploymentSpaces\_default" changed to ACTIVATING
2017-06-22 00:00:00,244 [DefaultQuartzScheduler_Worker-5 | u:p] INFO  com.polarion.platform.jobs.info  - State of job "Deploy _root.default:_artificial to C:\Polarion\polarion\..\data\workspace\polarion-data\deploymentSpaces\_default" changed to WAITING
2017-06-22 00:00:00,244 [DefaultQuartzScheduler_Worker-5 | u:p] INFO  com.polarion.platform.jobs.info  - State of job "(INTERNAL) Trackeranalysis calculation of _root.default:_artificial" changed to WAITING
2017-06-22 00:00:00,244 [DefaultQuartzScheduler_Worker-5 | u:p] INFO  com.polarion.platform.jobs.info  - State of job "Work Item Analysis" changed to WAITING
2017-06-22 00:00:00,260 [Worker-0 | u:p | job: update.plan] INFO  com.polarion.platform.jobs.info  - Job "Live Plan Chart Update - Index Refresh" has id cbeb1534-927abeae-49b68e22-505b7414
2017-06-22 00:00:00,260 [Worker-0 | u:p | job: update.plan] INFO  com.polarion.platform.jobs.info  - State of job "Live Plan Chart Update - Index Refresh" changed to UNSCHEDULED
2017-06-22 00:00:00,260 [Worker-1 | u:p] INFO  com.polarion.platform.jobs.info  - State of job "Deploy _root.default:_artificial to C:\Polarion\polarion\..\data\workspace\polarion-data\deploymentSpaces\_default" changed to RUNNING
2017-06-22 00:00:00,260 [Worker-0 | u:p | job: update.plan] INFO  com.polarion.platform.jobs.info  - Working directory of root job "Live Plan Chart Update - Index Refresh" is C:\Polarion\polarion\..\data\workspace\polarion-data\jobs\20170622-0000_1
2017-06-22 00:00:00,260 [Worker-0 | u:p | job: update.plan] INFO  com.polarion.platform.jobs.info  - Job "Live Plan Chart Update - Index Refresh" runs as user "polarion"
2017-06-22 00:00:00,260 [Worker-1 | u:p] INFO  com.polarion.platform.jobs.info  - State of job "(INTERNAL) Trackeranalysis calculation of _root.default:_artificial" changed to RUNNING
2017-06-22 00:00:00,260 [Worker-0 | u:p | job: update.plan | u:p] INFO  com.polarion.platform.jobs.info  - State of job "Live Plan Chart Update - Index Refresh" changed to ACTIVATING
2017-06-22 00:00:00,260 [Worker-1 | u:p] INFO  com.polarion.platform.jobs.info  - State of job "Work Item Analysis" changed to RUNNING
2017-06-22 00:00:00,260 [Worker-0 | u:p | job: update.plan | u:p] INFO  com.polarion.platform.jobs.info  - State of job "Live Plan Chart Update - Index Refresh" changed to WAITING
2017-06-22 00:00:00,275 [Worker-3 | u:p] INFO  com.polarion.platform.jobs.info  - State of job "Live Plan Chart Update - Index Refresh" changed to RUNNING
2017-06-22 00:00:00,807 [Worker-3 | u:p] INFO  com.polarion.platform.jobs.info  - State of job "Live Plan Chart Update - Index Refresh" changed to FINISHED
2017-06-22 00:00:00,807 [Worker-3 | u:p] INFO  com.polarion.platform.jobs.info  - Status of job "Live Plan Chart Update - Index Refresh" is OK
2017-06-22 00:00:00,838 [Worker-0 | u:p] INFO  com.polarion.platform.jobs.info  - State of job "Live Plan Chart Update" changed to FINISHED
2017-06-22 00:00:00,838 [Worker-0 | u:p] INFO  com.polarion.platform.jobs.info  - Status of job "Live Plan Chart Update" is OK
2017-06-22 00:00:08,158 [Worker-1 | u:p] INFO  com.polarion.platform.jobs.info  - State of job "Deploy _root.default:_artificial to C:\Polarion\polarion\..\data\workspace\polarion-data\deploymentSpaces\_default" changed to FINISHED
2017-06-22 00:00:08,158 [Worker-1 | u:p] INFO  com.polarion.platform.jobs.info  - Status of job "Deploy _root.default:_artificial to C:\Polarion\polarion\..\data\workspace\polarion-data\deploymentSpaces\_default" is OK
2017-06-22 00:00:32,304 [Worker-1 | u:p] INFO  com.polarion.platform.jobs.info  - State of job "(INTERNAL) Trackeranalysis calculation of _root.default:_artificial" changed to FINISHED
2017-06-22 00:00:32,304 [Worker-1 | u:p] INFO  com.polarion.platform.jobs.info  - Status of job "(INTERNAL) Trackeranalysis calculation of _root.default:_artificial" is OK
2017-06-22 00:00:32,304 [Worker-1 | u:p] INFO  com.polarion.platform.jobs.info  - State of job "Work Item Analysis" changed to FINISHED
2017-06-22 00:00:32,304 [Worker-1 | u:p] INFO  com.polarion.platform.jobs.info  - Status of job "Work Item Analysis" is OK
2017-06-22 00:50:00,025 [DefaultQuartzScheduler_Worker-5] INFO  com.polarion.platform.jobs.info  - Job "Work Item Analysis - Project Groups" has id cc18db19-927abeae-49b68e22-a6c41109
2017-06-22 00:50:00,025 [DefaultQuartzScheduler_Worker-5] INFO  com.polarion.platform.jobs.info  - State of job "Work Item Analysis - Project Groups" changed to UNSCHEDULED
2017-06-22 00:50:00,025 [DefaultQuartzScheduler_Worker-5] INFO  com.polarion.platform.jobs.info  - Working directory of root job "Work Item Analysis - Project Groups" is C:\Polarion\polarion\..\data\workspace\polarion-data\jobs\20170622-0050
2017-06-22 00:50:00,025 [DefaultQuartzScheduler_Worker-5] INFO  com.polarion.platform.jobs.info  - Job "Work Item Analysis - Project Groups" runs as user "polarion"
2017-06-22 00:50:00,025 [DefaultQuartzScheduler_Worker-5 | u:p] INFO  com.polarion.platform.jobs.info  - State of job "Work Item Analysis - Project Groups" changed to ACTIVATING
2017-06-22 00:50:00,056 [DefaultQuartzScheduler_Worker-5 | u:p] INFO  com.polarion.platform.jobs.info  - State of job "(INTERNAL) Trackeranalysis-projectgroup calculation of _root.default:_artificial" changed to UNSCHEDULED
2017-06-22 00:50:00,071 [DefaultQuartzScheduler_Worker-5 | u:p] INFO  com.polarion.platform.jobs.info  - Job "(INTERNAL) Trackeranalysis-projectgroup calculation of _root.default:_artificial" has id cc18db38-927abeae-49b68e22-be326aca
2017-06-22 00:50:00,071 [DefaultQuartzScheduler_Worker-5 | u:p] INFO  com.polarion.platform.jobs.info  - Job "(INTERNAL) Trackeranalysis-projectgroup calculation of _root.default:_artificial" runs as user "polarion"
2017-06-22 00:50:00,087 [DefaultQuartzScheduler_Worker-5 | u:p] INFO  com.polarion.platform.jobs.info  - State of job "(INTERNAL) Trackeranalysis-projectgroup calculation of _root.default:_artificial" changed to ACTIVATING
2017-06-22 00:50:00,087 [DefaultQuartzScheduler_Worker-5 | u:p] INFO  com.polarion.platform.jobs.info  - State of job "Deploy _root.default:_artificial to C:\Polarion\polarion\..\data\workspace\polarion-data\deploymentSpaces\_default" changed to UNSCHEDULED
2017-06-22 00:50:00,103 [DefaultQuartzScheduler_Worker-5 | u:p] INFO  com.polarion.platform.jobs.info  - Job "Deploy _root.default:_artificial to C:\Polarion\polarion\..\data\workspace\polarion-data\deploymentSpaces\_default" has id cc18db57-927abeae-49b68e22-4f09f841
2017-06-22 00:50:00,103 [DefaultQuartzScheduler_Worker-5 | u:p] INFO  com.polarion.platform.jobs.info  - Job "Deploy _root.default:_artificial to C:\Polarion\polarion\..\data\workspace\polarion-data\deploymentSpaces\_default" runs as user "polarion"
2017-06-22 00:50:00,150 [DefaultQuartzScheduler_Worker-5 | u:p] INFO  com.polarion.platform.jobs.info  - State of job "Deploy _root.default:_artificial to C:\Polarion\polarion\..\data\workspace\polarion-data\deploymentSpaces\_default" changed to ACTIVATING
2017-06-22 00:50:00,165 [DefaultQuartzScheduler_Worker-5 | u:p] INFO  com.polarion.platform.jobs.info  - State of job "Deploy _root.default:_artificial to C:\Polarion\polarion\..\data\workspace\polarion-data\deploymentSpaces\_default" changed to WAITING
2017-06-22 00:50:00,165 [DefaultQuartzScheduler_Worker-5 | u:p] INFO  com.polarion.platform.jobs.info  - State of job "(INTERNAL) Trackeranalysis-projectgroup calculation of _root.default:_artificial" changed to WAITING
2017-06-22 00:50:00,181 [DefaultQuartzScheduler_Worker-5 | u:p] INFO  com.polarion.platform.jobs.info  - State of job "Work Item Analysis - Project Groups" changed to WAITING
2017-06-22 00:50:00,181 [Worker-0 | u:p] INFO  com.polarion.platform.jobs.info  - State of job "Deploy _root.default:_artificial to C:\Polarion\polarion\..\data\workspace\polarion-data\deploymentSpaces\_default" changed to RUNNING
2017-06-22 00:50:00,196 [Worker-0 | u:p] INFO  com.polarion.platform.jobs.info  - State of job "(INTERNAL) Trackeranalysis-projectgroup calculation of _root.default:_artificial" changed to RUNNING
2017-06-22 00:50:00,196 [Worker-0 | u:p] INFO  com.polarion.platform.jobs.info  - State of job "Work Item Analysis - Project Groups" changed to RUNNING
2017-06-22 00:50:21,149 [Worker-0 | u:p] INFO  com.polarion.platform.jobs.info  - State of job "Deploy _root.default:_artificial to C:\Polarion\polarion\..\data\workspace\polarion-data\deploymentSpaces\_default" changed to FINISHED
2017-06-22 00:50:21,149 [Worker-0 | u:p] INFO  com.polarion.platform.jobs.info  - Status of job "Deploy _root.default:_artificial to C:\Polarion\polarion\..\data\workspace\polarion-data\deploymentSpaces\_default" is OK
2017-06-22 00:50:24,393 [Worker-0 | u:p] INFO  com.polarion.platform.jobs.info  - State of job "(INTERNAL) Trackeranalysis-projectgroup calculation of _root.default:_artificial" changed to FINISHED
2017-06-22 00:50:24,393 [Worker-0 | u:p] INFO  com.polarion.platform.jobs.info  - Status of job "(INTERNAL) Trackeranalysis-projectgroup calculation of _root.default:_artificial" is OK
2017-06-22 00:50:24,393 [Worker-0 | u:p] INFO  com.polarion.platform.jobs.info  - State of job "Work Item Analysis - Project Groups" changed to FINISHED
2017-06-22 00:50:24,393 [Worker-0 | u:p] INFO  com.polarion.platform.jobs.info  - Status of job "Work Item Analysis - Project Groups" is OK
2017-06-22 01:00:00,011 [DefaultQuartzScheduler_Worker-6] INFO  com.polarion.platform.jobs.info  - Job "Live Plan Chart Update" has id cc2202cb-927abeae-49b68e22-7b3946d5
2017-06-22 01:00:00,011 [DefaultQuartzScheduler_Worker-6] INFO  com.polarion.platform.jobs.info  - State of job "Live Plan Chart Update" changed to UNSCHEDULED
2017-06-22 01:00:00,011 [DefaultQuartzScheduler_Worker-6] INFO  com.polarion.platform.jobs.info  - Working directory of root job "Live Plan Chart Update" is C:\Polarion\polarion\..\data\workspace\polarion-data\jobs\20170622-0100
2017-06-22 01:00:00,011 [DefaultQuartzScheduler_Worker-6] INFO  com.polarion.platform.jobs.info  - Job "Live Plan Chart Update" runs as user "polarion"
2017-06-22 01:00:00,011 [DefaultQuartzScheduler_Worker-6 | u:p] INFO  com.polarion.platform.jobs.info  - State of job "Live Plan Chart Update" changed to ACTIVATING
2017-06-22 01:00:00,027 [DefaultQuartzScheduler_Worker-6 | u:p] INFO  com.polarion.platform.jobs.info  - State of job "Live Plan Chart Update" changed to WAITING
2017-06-22 01:00:00,027 [Worker-0 | u:p] INFO  com.polarion.platform.jobs.info  - State of job "Live Plan Chart Update" changed to RUNNING
2017-06-22 01:00:00,027 [DefaultQuartzScheduler_Worker-5] INFO  com.polarion.platform.jobs.info  - Job "Repository Analysis" has id cc2202db-927abeae-49b68e22-fc271505
2017-06-22 01:00:00,027 [DefaultQuartzScheduler_Worker-5] INFO  com.polarion.platform.jobs.info  - State of job "Repository Analysis" changed to UNSCHEDULED
2017-06-22 01:00:00,027 [DefaultQuartzScheduler_Worker-5] INFO  com.polarion.platform.jobs.info  - Working directory of root job "Repository Analysis" is C:\Polarion\polarion\..\data\workspace\polarion-data\jobs\20170622-0100_0
2017-06-22 01:00:00,027 [DefaultQuartzScheduler_Worker-5] INFO  com.polarion.platform.jobs.info  - Job "Repository Analysis" runs as user "polarion"
2017-06-22 01:00:00,027 [DefaultQuartzScheduler_Worker-5 | u:p] INFO  com.polarion.platform.jobs.info  - State of job "Repository Analysis" changed to ACTIVATING
2017-06-22 01:00:00,058 [DefaultQuartzScheduler_Worker-5 | u:p] INFO  com.polarion.platform.jobs.info  - State of job "(INTERNAL) Repoanalysis calculation of _root.default:_artificial" changed to UNSCHEDULED
2017-06-22 01:00:00,058 [DefaultQuartzScheduler_Worker-5 | u:p] INFO  com.polarion.platform.jobs.info  - Job "(INTERNAL) Repoanalysis calculation of _root.default:_artificial" has id cc2202fa-927abeae-49b68e22-f91cab45
2017-06-22 01:00:00,074 [DefaultQuartzScheduler_Worker-5 | u:p] INFO  com.polarion.platform.jobs.info  - Job "(INTERNAL) Repoanalysis calculation of _root.default:_artificial" runs as user "polarion"
2017-06-22 01:00:00,074 [DefaultQuartzScheduler_Worker-5 | u:p] INFO  com.polarion.platform.jobs.info  - State of job "(INTERNAL) Repoanalysis calculation of _root.default:_artificial" changed to ACTIVATING
2017-06-22 01:00:00,074 [DefaultQuartzScheduler_Worker-5 | u:p] INFO  com.polarion.platform.jobs.info  - State of job "Deploy _root.default:_artificial to C:\Polarion\polarion\..\data\workspace\polarion-data\deploymentSpaces\_default" changed to UNSCHEDULED
2017-06-22 01:00:00,089 [DefaultQuartzScheduler_Worker-5 | u:p] INFO  com.polarion.platform.jobs.info  - Job "Deploy _root.default:_artificial to C:\Polarion\polarion\..\data\workspace\polarion-data\deploymentSpaces\_default" has id cc22030a-927abeae-49b68e22-f5278892
2017-06-22 01:00:00,089 [DefaultQuartzScheduler_Worker-5 | u:p] INFO  com.polarion.platform.jobs.info  - Job "Deploy _root.default:_artificial to C:\Polarion\polarion\..\data\workspace\polarion-data\deploymentSpaces\_default" runs as user "polarion"
2017-06-22 01:00:00,089 [DefaultQuartzScheduler_Worker-5 | u:p] INFO  com.polarion.platform.jobs.info  - State of job "Deploy _root.default:_artificial to C:\Polarion\polarion\..\data\workspace\polarion-data\deploymentSpaces\_default" changed to ACTIVATING
2017-06-22 01:00:00,105 [DefaultQuartzScheduler_Worker-5 | u:p] INFO  com.polarion.platform.jobs.info  - State of job "Deploy _root.default:_artificial to C:\Polarion\polarion\..\data\workspace\polarion-data\deploymentSpaces\_default" changed to WAITING
2017-06-22 01:00:00,121 [DefaultQuartzScheduler_Worker-5 | u:p] INFO  com.polarion.platform.jobs.info  - State of job "(INTERNAL) Repoanalysis calculation of _root.default:_artificial" changed to WAITING
2017-06-22 01:00:00,121 [DefaultQuartzScheduler_Worker-5 | u:p] INFO  com.polarion.platform.jobs.info  - State of job "Repository Analysis" changed to WAITING
2017-06-22 01:00:00,121 [Worker-0 | u:p | job: update.plan] INFO  com.polarion.platform.jobs.info  - Job "Live Plan Chart Update - Index Refresh" has id cc220339-927abeae-49b68e22-9976712b
2017-06-22 01:00:00,121 [Worker-0 | u:p | job: update.plan] INFO  com.polarion.platform.jobs.info  - State of job "Live Plan Chart Update - Index Refresh" changed to UNSCHEDULED
2017-06-22 01:00:00,121 [Worker-1 | u:p] INFO  com.polarion.platform.jobs.info  - State of job "Deploy _root.default:_artificial to C:\Polarion\polarion\..\data\workspace\polarion-data\deploymentSpaces\_default" changed to RUNNING
2017-06-22 01:00:00,121 [Worker-0 | u:p | job: update.plan] INFO  com.polarion.platform.jobs.info  - Working directory of root job "Live Plan Chart Update - Index Refresh" is C:\Polarion\polarion\..\data\workspace\polarion-data\jobs\20170622-0100_1
2017-06-22 01:00:00,121 [Worker-0 | u:p | job: update.plan] INFO  com.polarion.platform.jobs.info  - Job "Live Plan Chart Update - Index Refresh" runs as user "polarion"
2017-06-22 01:00:00,121 [Worker-1 | u:p] INFO  com.polarion.platform.jobs.info  - State of job "(INTERNAL) Repoanalysis calculation of _root.default:_artificial" changed to RUNNING
2017-06-22 01:00:00,136 [Worker-0 | u:p | job: update.plan | u:p] INFO  com.polarion.platform.jobs.info  - State of job "Live Plan Chart Update - Index Refresh" changed to ACTIVATING
2017-06-22 01:00:00,136 [Worker-1 | u:p] INFO  com.polarion.platform.jobs.info  - State of job "Repository Analysis" changed to RUNNING
2017-06-22 01:00:00,136 [Worker-0 | u:p | job: update.plan | u:p] INFO  com.polarion.platform.jobs.info  - State of job "Live Plan Chart Update - Index Refresh" changed to WAITING
2017-06-22 01:00:00,136 [Worker-4 | u:p] INFO  com.polarion.platform.jobs.info  - State of job "Live Plan Chart Update - Index Refresh" changed to RUNNING
2017-06-22 01:00:00,677 [Worker-4 | u:p] INFO  com.polarion.platform.jobs.info  - State of job "Live Plan Chart Update - Index Refresh" changed to FINISHED
2017-06-22 01:00:00,679 [Worker-4 | u:p] INFO  com.polarion.platform.jobs.info  - Status of job "Live Plan Chart Update - Index Refresh" is OK
2017-06-22 01:00:00,705 [Worker-0 | u:p] INFO  com.polarion.platform.jobs.info  - State of job "Live Plan Chart Update" changed to FINISHED
2017-06-22 01:00:00,707 [Worker-0 | u:p] INFO  com.polarion.platform.jobs.info  - Status of job "Live Plan Chart Update" is OK
2017-06-22 01:00:21,149 [Worker-1 | u:p] INFO  com.polarion.platform.jobs.info  - State of job "Deploy _root.default:_artificial to C:\Polarion\polarion\..\data\workspace\polarion-data\deploymentSpaces\_default" changed to FINISHED
2017-06-22 01:00:21,149 [Worker-1 | u:p] INFO  com.polarion.platform.jobs.info  - Status of job "Deploy _root.default:_artificial to C:\Polarion\polarion\..\data\workspace\polarion-data\deploymentSpaces\_default" is OK
2017-06-22 01:00:40,461 [Worker-1 | u:p] INFO  com.polarion.platform.jobs.info  - State of job "(INTERNAL) Repoanalysis calculation of _root.default:_artificial" changed to FINISHED
2017-06-22 01:00:40,477 [Worker-1 | u:p] INFO  com.polarion.platform.jobs.info  - Status of job "(INTERNAL) Repoanalysis calculation of _root.default:_artificial" is OK
2017-06-22 01:00:40,477 [Worker-1 | u:p] INFO  com.polarion.platform.jobs.info  - State of job "Repository Analysis" changed to FINISHED
2017-06-22 01:00:40,477 [Worker-1 | u:p] INFO  com.polarion.platform.jobs.info  - Status of job "Repository Analysis" is OK
2017-06-22 02:00:00,019 [DefaultQuartzScheduler_Worker-5] INFO  com.polarion.platform.jobs.info  - Job "Live Plan Chart Update" has id cc58f153-927abeae-49b68e22-b4a32799
2017-06-22 02:00:00,019 [DefaultQuartzScheduler_Worker-5] INFO  com.polarion.platform.jobs.info  - State of job "Live Plan Chart Update" changed to UNSCHEDULED
2017-06-22 02:00:00,019 [DefaultQuartzScheduler_Worker-5] INFO  com.polarion.platform.jobs.info  - Working directory of root job "Live Plan Chart Update" is C:\Polarion\polarion\..\data\workspace\polarion-data\jobs\20170622-0200
2017-06-22 02:00:00,019 [DefaultQuartzScheduler_Worker-5] INFO  com.polarion.platform.jobs.info  - Job "Live Plan Chart Update" runs as user "polarion"
2017-06-22 02:00:00,019 [DefaultQuartzScheduler_Worker-5 | u:p] INFO  com.polarion.platform.jobs.info  - State of job "Live Plan Chart Update" changed to ACTIVATING
2017-06-22 02:00:00,034 [DefaultQuartzScheduler_Worker-5 | u:p] INFO  com.polarion.platform.jobs.info  - State of job "Live Plan Chart Update" changed to WAITING
2017-06-22 02:00:00,034 [Worker-0 | u:p] INFO  com.polarion.platform.jobs.info  - State of job "Live Plan Chart Update" changed to RUNNING
2017-06-22 02:00:00,113 [Worker-0 | u:p | job: update.plan] INFO  com.polarion.platform.jobs.info  - Job "Live Plan Chart Update - Index Refresh" has id cc58f1a1-927abeae-49b68e22-31f0f96f
2017-06-22 02:00:00,113 [Worker-0 | u:p | job: update.plan] INFO  com.polarion.platform.jobs.info  - State of job "Live Plan Chart Update - Index Refresh" changed to UNSCHEDULED
2017-06-22 02:00:00,113 [Worker-0 | u:p | job: update.plan] INFO  com.polarion.platform.jobs.info  - Working directory of root job "Live Plan Chart Update - Index Refresh" is C:\Polarion\polarion\..\data\workspace\polarion-data\jobs\20170622-0200_0
2017-06-22 02:00:00,113 [Worker-0 | u:p | job: update.plan] INFO  com.polarion.platform.jobs.info  - Job "Live Plan Chart Update - Index Refresh" runs as user "polarion"
2017-06-22 02:00:00,113 [Worker-0 | u:p | job: update.plan | u:p] INFO  com.polarion.platform.jobs.info  - State of job "Live Plan Chart Update - Index Refresh" changed to ACTIVATING
2017-06-22 02:00:00,113 [Worker-0 | u:p | job: update.plan | u:p] INFO  com.polarion.platform.jobs.info  - State of job "Live Plan Chart Update - Index Refresh" changed to WAITING
2017-06-22 02:00:00,128 [Worker-1 | u:p] INFO  com.polarion.platform.jobs.info  - State of job "Live Plan Chart Update - Index Refresh" changed to RUNNING
2017-06-22 02:00:00,613 [Worker-1 | u:p] INFO  com.polarion.platform.jobs.info  - State of job "Live Plan Chart Update - Index Refresh" changed to FINISHED
2017-06-22 02:00:00,613 [Worker-1 | u:p] INFO  com.polarion.platform.jobs.info  - Status of job "Live Plan Chart Update - Index Refresh" is OK
2017-06-22 02:00:00,644 [Worker-0 | u:p] INFO  com.polarion.platform.jobs.info  - State of job "Live Plan Chart Update" changed to FINISHED
2017-06-22 02:00:00,644 [Worker-0 | u:p] INFO  com.polarion.platform.jobs.info  - Status of job "Live Plan Chart Update" is OK
2017-06-22 03:00:00,020 [DefaultQuartzScheduler_Worker-3] INFO  com.polarion.platform.jobs.info  - Job "Live Plan Chart Update" has id cc8fdfd4-927abeae-49b68e22-e2e3e67d
2017-06-22 03:00:00,020 [DefaultQuartzScheduler_Worker-3] INFO  com.polarion.platform.jobs.info  - State of job "Live Plan Chart Update" changed to UNSCHEDULED
2017-06-22 03:00:00,020 [DefaultQuartzScheduler_Worker-3] INFO  com.polarion.platform.jobs.info  - Working directory of root job "Live Plan Chart Update" is C:\Polarion\polarion\..\data\workspace\polarion-data\jobs\20170622-0300
2017-06-22 03:00:00,020 [DefaultQuartzScheduler_Worker-3] INFO  com.polarion.platform.jobs.info  - Job "Live Plan Chart Update" runs as user "polarion"
2017-06-22 03:00:00,020 [DefaultQuartzScheduler_Worker-3 | u:p] INFO  com.polarion.platform.jobs.info  - State of job "Live Plan Chart Update" changed to ACTIVATING
2017-06-22 03:00:00,036 [DefaultQuartzScheduler_Worker-3 | u:p] INFO  com.polarion.platform.jobs.info  - State of job "Live Plan Chart Update" changed to WAITING
2017-06-22 03:00:00,036 [Worker-1 | u:p] INFO  com.polarion.platform.jobs.info  - State of job "Live Plan Chart Update" changed to RUNNING
2017-06-22 03:00:00,114 [Worker-1 | u:p | job: update.plan] INFO  com.polarion.platform.jobs.info  - Job "Live Plan Chart Update - Index Refresh" has id cc8fe022-927abeae-49b68e22-730c938a
2017-06-22 03:00:00,114 [Worker-1 | u:p | job: update.plan] INFO  com.polarion.platform.jobs.info  - State of job "Live Plan Chart Update - Index Refresh" changed to UNSCHEDULED
2017-06-22 03:00:00,114 [Worker-1 | u:p | job: update.plan] INFO  com.polarion.platform.jobs.info  - Working directory of root job "Live Plan Chart Update - Index Refresh" is C:\Polarion\polarion\..\data\workspace\polarion-data\jobs\20170622-0300_0
2017-06-22 03:00:00,114 [Worker-1 | u:p | job: update.plan] INFO  com.polarion.platform.jobs.info  - Job "Live Plan Chart Update - Index Refresh" runs as user "polarion"
2017-06-22 03:00:00,114 [Worker-1 | u:p | job: update.plan | u:p] INFO  com.polarion.platform.jobs.info  - State of job "Live Plan Chart Update - Index Refresh" changed to ACTIVATING
2017-06-22 03:00:00,114 [Worker-1 | u:p | job: update.plan | u:p] INFO  com.polarion.platform.jobs.info  - State of job "Live Plan Chart Update - Index Refresh" changed to WAITING
2017-06-22 03:00:00,129 [Worker-0 | u:p] INFO  com.polarion.platform.jobs.info  - State of job "Live Plan Chart Update - Index Refresh" changed to RUNNING
2017-06-22 03:00:00,645 [Worker-0 | u:p] INFO  com.polarion.platform.jobs.info  - State of job "Live Plan Chart Update - Index Refresh" changed to FINISHED
2017-06-22 03:00:00,645 [Worker-0 | u:p] INFO  com.polarion.platform.jobs.info  - Status of job "Live Plan Chart Update - Index Refresh" is OK
2017-06-22 03:00:00,676 [Worker-1 | u:p] INFO  com.polarion.platform.jobs.info  - State of job "Live Plan Chart Update" changed to FINISHED
2017-06-22 03:00:00,676 [Worker-1 | u:p] INFO  com.polarion.platform.jobs.info  - Status of job "Live Plan Chart Update" is OK
2017-06-22 04:00:00,022 [DefaultQuartzScheduler_Worker-3] INFO  com.polarion.platform.jobs.info  - Job "Live Plan Chart Update" has id ccc6ce56-927abeae-49b68e22-5aef9cb6
2017-06-22 04:00:00,022 [DefaultQuartzScheduler_Worker-3] INFO  com.polarion.platform.jobs.info  - State of job "Live Plan Chart Update" changed to UNSCHEDULED
2017-06-22 04:00:00,022 [DefaultQuartzScheduler_Worker-3] INFO  com.polarion.platform.jobs.info  - Working directory of root job "Live Plan Chart Update" is C:\Polarion\polarion\..\data\workspace\polarion-data\jobs\20170622-0400
2017-06-22 04:00:00,022 [DefaultQuartzScheduler_Worker-3] INFO  com.polarion.platform.jobs.info  - Job "Live Plan Chart Update" runs as user "polarion"
2017-06-22 04:00:00,022 [DefaultQuartzScheduler_Worker-3 | u:p] INFO  com.polarion.platform.jobs.info  - State of job "Live Plan Chart Update" changed to ACTIVATING
2017-06-22 04:00:00,022 [DefaultQuartzScheduler_Worker-3 | u:p] INFO  com.polarion.platform.jobs.info  - State of job "Live Plan Chart Update" changed to WAITING
2017-06-22 04:00:00,037 [Worker-0 | u:p] INFO  com.polarion.platform.jobs.info  - State of job "Live Plan Chart Update" changed to RUNNING
2017-06-22 04:00:00,037 [DefaultQuartzScheduler_Worker-0] INFO  com.polarion.platform.jobs.info  - Job "Live CMMI" has id ccc6ce65-927abeae-49b68e22-14bfb4f5
2017-06-22 04:00:00,037 [DefaultQuartzScheduler_Worker-0] INFO  com.polarion.platform.jobs.info  - State of job "Live CMMI" changed to UNSCHEDULED
2017-06-22 04:00:00,037 [DefaultQuartzScheduler_Worker-0] INFO  com.polarion.platform.jobs.info  - Working directory of root job "Live CMMI" is C:\Polarion\polarion\..\data\workspace\polarion-data\jobs\20170622-0400_0
2017-06-22 04:00:00,037 [DefaultQuartzScheduler_Worker-0] INFO  com.polarion.platform.jobs.info  - Job "Live CMMI" runs as user "polarion"
2017-06-22 04:00:00,037 [DefaultQuartzScheduler_Worker-0 | u:p] INFO  com.polarion.platform.jobs.info  - State of job "Live CMMI" changed to ACTIVATING
2017-06-22 04:00:00,069 [DefaultQuartzScheduler_Worker-0 | u:p] INFO  com.polarion.platform.jobs.info  - State of job "(INTERNAL) Cmmi-analysis calculation of _root.default:_artificial" changed to UNSCHEDULED
2017-06-22 04:00:00,084 [DefaultQuartzScheduler_Worker-0 | u:p] INFO  com.polarion.platform.jobs.info  - Job "(INTERNAL) Cmmi-analysis calculation of _root.default:_artificial" has id ccc6ce85-927abeae-49b68e22-9342991f
2017-06-22 04:00:00,084 [DefaultQuartzScheduler_Worker-0 | u:p] INFO  com.polarion.platform.jobs.info  - Job "(INTERNAL) Cmmi-analysis calculation of _root.default:_artificial" runs as user "polarion"
2017-06-22 04:00:00,100 [DefaultQuartzScheduler_Worker-0 | u:p] INFO  com.polarion.platform.jobs.info  - State of job "(INTERNAL) Cmmi-analysis calculation of _root.default:_artificial" changed to ACTIVATING
2017-06-22 04:00:00,100 [DefaultQuartzScheduler_Worker-0 | u:p] INFO  com.polarion.platform.jobs.info  - State of job "Deploy _root.default:_artificial to C:\Polarion\polarion\..\data\workspace\polarion-data\deploymentSpaces\_default" changed to UNSCHEDULED
2017-06-22 04:00:00,100 [DefaultQuartzScheduler_Worker-0 | u:p] INFO  com.polarion.platform.jobs.info  - Job "Deploy _root.default:_artificial to C:\Polarion\polarion\..\data\workspace\polarion-data\deploymentSpaces\_default" has id ccc6cea4-927abeae-49b68e22-71a100d5
2017-06-22 04:00:00,116 [DefaultQuartzScheduler_Worker-0 | u:p] INFO  com.polarion.platform.jobs.info  - Job "Deploy _root.default:_artificial to C:\Polarion\polarion\..\data\workspace\polarion-data\deploymentSpaces\_default" runs as user "polarion"
2017-06-22 04:00:00,116 [DefaultQuartzScheduler_Worker-0 | u:p] INFO  com.polarion.platform.jobs.info  - State of job "Deploy _root.default:_artificial to C:\Polarion\polarion\..\data\workspace\polarion-data\deploymentSpaces\_default" changed to ACTIVATING
2017-06-22 04:00:00,131 [DefaultQuartzScheduler_Worker-0 | u:p] INFO  com.polarion.platform.jobs.info  - State of job "Deploy _root.default:_artificial to C:\Polarion\polarion\..\data\workspace\polarion-data\deploymentSpaces\_default" changed to WAITING
2017-06-22 04:00:00,131 [DefaultQuartzScheduler_Worker-0 | u:p] INFO  com.polarion.platform.jobs.info  - State of job "(INTERNAL) Cmmi-analysis calculation of _root.default:_artificial" changed to WAITING
2017-06-22 04:00:00,131 [DefaultQuartzScheduler_Worker-0 | u:p] INFO  com.polarion.platform.jobs.info  - State of job "Live CMMI" changed to WAITING
2017-06-22 04:00:00,147 [Worker-0 | u:p | job: update.plan] INFO  com.polarion.platform.jobs.info  - Job "Live Plan Chart Update - Index Refresh" has id ccc6cec3-927abeae-49b68e22-4f08590d
2017-06-22 04:00:00,147 [Worker-0 | u:p | job: update.plan] INFO  com.polarion.platform.jobs.info  - State of job "Live Plan Chart Update - Index Refresh" changed to UNSCHEDULED
2017-06-22 04:00:00,147 [Worker-1 | u:p] INFO  com.polarion.platform.jobs.info  - State of job "Deploy _root.default:_artificial to C:\Polarion\polarion\..\data\workspace\polarion-data\deploymentSpaces\_default" changed to RUNNING
2017-06-22 04:00:00,147 [Worker-0 | u:p | job: update.plan] INFO  com.polarion.platform.jobs.info  - Working directory of root job "Live Plan Chart Update - Index Refresh" is C:\Polarion\polarion\..\data\workspace\polarion-data\jobs\20170622-0400_1
2017-06-22 04:00:00,147 [Worker-0 | u:p | job: update.plan] INFO  com.polarion.platform.jobs.info  - Job "Live Plan Chart Update - Index Refresh" runs as user "polarion"
2017-06-22 04:00:00,147 [Worker-1 | u:p] INFO  com.polarion.platform.jobs.info  - State of job "(INTERNAL) Cmmi-analysis calculation of _root.default:_artificial" changed to RUNNING
2017-06-22 04:00:00,147 [Worker-0 | u:p | job: update.plan | u:p] INFO  com.polarion.platform.jobs.info  - State of job "Live Plan Chart Update - Index Refresh" changed to ACTIVATING
2017-06-22 04:00:00,147 [Worker-1 | u:p] INFO  com.polarion.platform.jobs.info  - State of job "Live CMMI" changed to RUNNING
2017-06-22 04:00:00,147 [Worker-0 | u:p | job: update.plan | u:p] INFO  com.polarion.platform.jobs.info  - State of job "Live Plan Chart Update - Index Refresh" changed to WAITING
2017-06-22 04:00:00,162 [Worker-5 | u:p] INFO  com.polarion.platform.jobs.info  - State of job "Live Plan Chart Update - Index Refresh" changed to RUNNING
2017-06-22 04:00:00,689 [Worker-5 | u:p] INFO  com.polarion.platform.jobs.info  - State of job "Live Plan Chart Update - Index Refresh" changed to FINISHED
2017-06-22 04:00:00,690 [Worker-5 | u:p] INFO  com.polarion.platform.jobs.info  - Status of job "Live Plan Chart Update - Index Refresh" is OK
2017-06-22 04:00:00,716 [Worker-0 | u:p] INFO  com.polarion.platform.jobs.info  - State of job "Live Plan Chart Update" changed to FINISHED
2017-06-22 04:00:00,718 [Worker-0 | u:p] INFO  com.polarion.platform.jobs.info  - Status of job "Live Plan Chart Update" is OK
2017-06-22 04:00:21,149 [Worker-1 | u:p] INFO  com.polarion.platform.jobs.info  - State of job "Deploy _root.default:_artificial to C:\Polarion\polarion\..\data\workspace\polarion-data\deploymentSpaces\_default" changed to FINISHED
2017-06-22 04:00:21,149 [Worker-1 | u:p] INFO  com.polarion.platform.jobs.info  - Status of job "Deploy _root.default:_artificial to C:\Polarion\polarion\..\data\workspace\polarion-data\deploymentSpaces\_default" is OK
2017-06-22 04:00:25,640 [Worker-1 | u:p] INFO  com.polarion.platform.jobs.info  - State of job "(INTERNAL) Cmmi-analysis calculation of _root.default:_artificial" changed to FINISHED
2017-06-22 04:00:25,655 [Worker-1 | u:p] INFO  com.polarion.platform.jobs.info  - Status of job "(INTERNAL) Cmmi-analysis calculation of _root.default:_artificial" is OK
2017-06-22 04:00:25,655 [Worker-1 | u:p] INFO  com.polarion.platform.jobs.info  - State of job "Live CMMI" changed to FINISHED
2017-06-22 04:00:25,655 [Worker-1 | u:p] INFO  com.polarion.platform.jobs.info  - Status of job "Live CMMI" is OK
2017-06-22 05:00:00,021 [DefaultQuartzScheduler_Worker-8] INFO  com.polarion.platform.jobs.info  - Job "Live Plan Chart Update" has id ccfdbcd5-927abeae-49b68e22-c6d0ca4a
2017-06-22 05:00:00,021 [DefaultQuartzScheduler_Worker-8] INFO  com.polarion.platform.jobs.info  - State of job "Live Plan Chart Update" changed to UNSCHEDULED
2017-06-22 05:00:00,021 [DefaultQuartzScheduler_Worker-8] INFO  com.polarion.platform.jobs.info  - Working directory of root job "Live Plan Chart Update" is C:\Polarion\polarion\..\data\workspace\polarion-data\jobs\20170622-0500
2017-06-22 05:00:00,021 [DefaultQuartzScheduler_Worker-8] INFO  com.polarion.platform.jobs.info  - Job "Live Plan Chart Update" runs as user "polarion"
2017-06-22 05:00:00,021 [DefaultQuartzScheduler_Worker-8 | u:p] INFO  com.polarion.platform.jobs.info  - State of job "Live Plan Chart Update" changed to ACTIVATING
2017-06-22 05:00:00,021 [DefaultQuartzScheduler_Worker-8 | u:p] INFO  com.polarion.platform.jobs.info  - State of job "Live Plan Chart Update" changed to WAITING
2017-06-22 05:00:00,037 [Worker-0 | u:p] INFO  com.polarion.platform.jobs.info  - State of job "Live Plan Chart Update" changed to RUNNING
2017-06-22 05:00:00,099 [Worker-0 | u:p | job: update.plan] INFO  com.polarion.platform.jobs.info  - Job "Live Plan Chart Update - Index Refresh" has id ccfdbd14-927abeae-49b68e22-16010dd3
2017-06-22 05:00:00,099 [Worker-0 | u:p | job: update.plan] INFO  com.polarion.platform.jobs.info  - State of job "Live Plan Chart Update - Index Refresh" changed to UNSCHEDULED
2017-06-22 05:00:00,099 [Worker-0 | u:p | job: update.plan] INFO  com.polarion.platform.jobs.info  - Working directory of root job "Live Plan Chart Update - Index Refresh" is C:\Polarion\polarion\..\data\workspace\polarion-data\jobs\20170622-0500_0
2017-06-22 05:00:00,099 [Worker-0 | u:p | job: update.plan] INFO  com.polarion.platform.jobs.info  - Job "Live Plan Chart Update - Index Refresh" runs as user "polarion"
2017-06-22 05:00:00,099 [Worker-0 | u:p | job: update.plan | u:p] INFO  com.polarion.platform.jobs.info  - State of job "Live Plan Chart Update - Index Refresh" changed to ACTIVATING
2017-06-22 05:00:00,099 [Worker-0 | u:p | job: update.plan | u:p] INFO  com.polarion.platform.jobs.info  - State of job "Live Plan Chart Update - Index Refresh" changed to WAITING
2017-06-22 05:00:00,099 [Worker-1 | u:p] INFO  com.polarion.platform.jobs.info  - State of job "Live Plan Chart Update - Index Refresh" changed to RUNNING
2017-06-22 05:00:00,646 [Worker-1 | u:p] INFO  com.polarion.platform.jobs.info  - State of job "Live Plan Chart Update - Index Refresh" changed to FINISHED
2017-06-22 05:00:00,646 [Worker-1 | u:p] INFO  com.polarion.platform.jobs.info  - Status of job "Live Plan Chart Update - Index Refresh" is OK
2017-06-22 05:00:01,599 [Worker-0 | u:p] INFO  com.polarion.platform.jobs.info  - State of job "Live Plan Chart Update" changed to FINISHED
2017-06-22 05:00:01,599 [Worker-0 | u:p] INFO  com.polarion.platform.jobs.info  - Status of job "Live Plan Chart Update" is OK
2017-06-22 06:00:00,015 [DefaultQuartzScheduler_Worker-5] INFO  com.polarion.platform.jobs.info  - Job "Live Plan Chart Update" has id cd34ab4f-927abeae-49b68e22-985f7246
2017-06-22 06:00:00,015 [DefaultQuartzScheduler_Worker-5] INFO  com.polarion.platform.jobs.info  - State of job "Live Plan Chart Update" changed to UNSCHEDULED
2017-06-22 06:00:00,015 [DefaultQuartzScheduler_Worker-5] INFO  com.polarion.platform.jobs.info  - Working directory of root job "Live Plan Chart Update" is C:\Polarion\polarion\..\data\workspace\polarion-data\jobs\20170622-0600
2017-06-22 06:00:00,015 [DefaultQuartzScheduler_Worker-5] INFO  com.polarion.platform.jobs.info  - Job "Live Plan Chart Update" runs as user "polarion"
2017-06-22 06:00:00,015 [DefaultQuartzScheduler_Worker-5 | u:p] INFO  com.polarion.platform.jobs.info  - State of job "Live Plan Chart Update" changed to ACTIVATING
2017-06-22 06:00:00,015 [DefaultQuartzScheduler_Worker-5 | u:p] INFO  com.polarion.platform.jobs.info  - State of job "Live Plan Chart Update" changed to WAITING
2017-06-22 06:00:00,031 [Worker-1 | u:p] INFO  com.polarion.platform.jobs.info  - State of job "Live Plan Chart Update" changed to RUNNING
2017-06-22 06:00:00,031 [DefaultQuartzScheduler_Worker-6] INFO  com.polarion.platform.jobs.info  - Job "Cleanup of Temporary Files" has id cd34ab5f-927abeae-49b68e22-423951d3
2017-06-22 06:00:00,031 [DefaultQuartzScheduler_Worker-6] INFO  com.polarion.platform.jobs.info  - State of job "Cleanup of Temporary Files" changed to UNSCHEDULED
2017-06-22 06:00:00,031 [DefaultQuartzScheduler_Worker-6] INFO  com.polarion.platform.jobs.info  - Working directory of root job "Cleanup of Temporary Files" is C:\Polarion\polarion\..\data\workspace\polarion-data\jobs\20170622-0600_0
2017-06-22 06:00:00,046 [DefaultQuartzScheduler_Worker-6] INFO  com.polarion.platform.jobs.info  - Job "Cleanup of Temporary Files" runs as user "polarion"
2017-06-22 06:00:00,046 [DefaultQuartzScheduler_Worker-6 | u:p] INFO  com.polarion.platform.jobs.info  - State of job "Cleanup of Temporary Files" changed to ACTIVATING
2017-06-22 06:00:00,046 [DefaultQuartzScheduler_Worker-6 | u:p] INFO  com.polarion.platform.jobs.info  - State of job "Cleanup of Temporary Files" changed to WAITING
2017-06-22 06:00:00,046 [Worker-0 | u:p] INFO  com.polarion.platform.jobs.info  - State of job "Cleanup of Temporary Files" changed to RUNNING
2017-06-22 06:00:00,093 [Worker-0 | u:p] INFO  com.polarion.platform.jobs.info  - State of job "Cleanup of Temporary Files" changed to FINISHED
2017-06-22 06:00:00,093 [Worker-1 | u:p | job: update.plan] INFO  com.polarion.platform.jobs.info  - Job "Live Plan Chart Update - Index Refresh" has id cd34ab9d-927abeae-49b68e22-cc92b143
2017-06-22 06:00:00,093 [Worker-0 | u:p] INFO  com.polarion.platform.jobs.info  - Status of job "Cleanup of Temporary Files" is OK
2017-06-22 06:00:00,093 [Worker-1 | u:p | job: update.plan] INFO  com.polarion.platform.jobs.info  - State of job "Live Plan Chart Update - Index Refresh" changed to UNSCHEDULED
2017-06-22 06:00:00,109 [Worker-1 | u:p | job: update.plan] INFO  com.polarion.platform.jobs.info  - Working directory of root job "Live Plan Chart Update - Index Refresh" is C:\Polarion\polarion\..\data\workspace\polarion-data\jobs\20170622-0600_1
2017-06-22 06:00:00,109 [Worker-1 | u:p | job: update.plan] INFO  com.polarion.platform.jobs.info  - Job "Live Plan Chart Update - Index Refresh" runs as user "polarion"
2017-06-22 06:00:00,109 [Worker-1 | u:p | job: update.plan | u:p] INFO  com.polarion.platform.jobs.info  - State of job "Live Plan Chart Update - Index Refresh" changed to ACTIVATING
2017-06-22 06:00:00,109 [Worker-1 | u:p | job: update.plan | u:p] INFO  com.polarion.platform.jobs.info  - State of job "Live Plan Chart Update - Index Refresh" changed to WAITING
2017-06-22 06:00:00,109 [Worker-6 | u:p] INFO  com.polarion.platform.jobs.info  - State of job "Live Plan Chart Update - Index Refresh" changed to RUNNING
2017-06-22 06:00:00,656 [Worker-6 | u:p] INFO  com.polarion.platform.jobs.info  - State of job "Live Plan Chart Update - Index Refresh" changed to FINISHED
2017-06-22 06:00:00,671 [Worker-6 | u:p] INFO  com.polarion.platform.jobs.info  - Status of job "Live Plan Chart Update - Index Refresh" is OK
2017-06-22 06:00:00,703 [Worker-1 | u:p] INFO  com.polarion.platform.jobs.info  - State of job "Live Plan Chart Update" changed to FINISHED
2017-06-22 06:00:00,703 [Worker-1 | u:p] INFO  com.polarion.platform.jobs.info  - Status of job "Live Plan Chart Update" is OK
2017-06-22 07:00:00,012 [DefaultQuartzScheduler_Worker-1] INFO  com.polarion.platform.jobs.info  - Job "Live Plan Chart Update" has id cd6b99cc-927abeae-49b68e22-263e0817
2017-06-22 07:00:00,012 [DefaultQuartzScheduler_Worker-1] INFO  com.polarion.platform.jobs.info  - State of job "Live Plan Chart Update" changed to UNSCHEDULED
2017-06-22 07:00:00,012 [DefaultQuartzScheduler_Worker-1] INFO  com.polarion.platform.jobs.info  - Working directory of root job "Live Plan Chart Update" is C:\Polarion\polarion\..\data\workspace\polarion-data\jobs\20170622-0700
2017-06-22 07:00:00,012 [DefaultQuartzScheduler_Worker-1] INFO  com.polarion.platform.jobs.info  - Job "Live Plan Chart Update" runs as user "polarion"
2017-06-22 07:00:00,012 [DefaultQuartzScheduler_Worker-1 | u:p] INFO  com.polarion.platform.jobs.info  - State of job "Live Plan Chart Update" changed to ACTIVATING
2017-06-22 07:00:00,012 [DefaultQuartzScheduler_Worker-1 | u:p] INFO  com.polarion.platform.jobs.info  - State of job "Live Plan Chart Update" changed to WAITING
2017-06-22 07:00:00,027 [Worker-6 | u:p] INFO  com.polarion.platform.jobs.info  - State of job "Live Plan Chart Update" changed to RUNNING
2017-06-22 07:00:00,090 [Worker-6 | u:p | job: update.plan] INFO  com.polarion.platform.jobs.info  - Job "Live Plan Chart Update - Index Refresh" has id cd6b9a0a-927abeae-49b68e22-396b4787
2017-06-22 07:00:00,090 [Worker-6 | u:p | job: update.plan] INFO  com.polarion.platform.jobs.info  - State of job "Live Plan Chart Update - Index Refresh" changed to UNSCHEDULED
2017-06-22 07:00:00,090 [Worker-6 | u:p | job: update.plan] INFO  com.polarion.platform.jobs.info  - Working directory of root job "Live Plan Chart Update - Index Refresh" is C:\Polarion\polarion\..\data\workspace\polarion-data\jobs\20170622-0700_0
2017-06-22 07:00:00,090 [Worker-6 | u:p | job: update.plan] INFO  com.polarion.platform.jobs.info  - Job "Live Plan Chart Update - Index Refresh" runs as user "polarion"
2017-06-22 07:00:00,090 [Worker-6 | u:p | job: update.plan | u:p] INFO  com.polarion.platform.jobs.info  - State of job "Live Plan Chart Update - Index Refresh" changed to ACTIVATING
2017-06-22 07:00:00,090 [Worker-6 | u:p | job: update.plan | u:p] INFO  com.polarion.platform.jobs.info  - State of job "Live Plan Chart Update - Index Refresh" changed to WAITING
2017-06-22 07:00:00,105 [Worker-1 | u:p] INFO  com.polarion.platform.jobs.info  - State of job "Live Plan Chart Update - Index Refresh" changed to RUNNING
2017-06-22 07:00:00,574 [Worker-1 | u:p] INFO  com.polarion.platform.jobs.info  - State of job "Live Plan Chart Update - Index Refresh" changed to FINISHED
2017-06-22 07:00:00,574 [Worker-1 | u:p] INFO  com.polarion.platform.jobs.info  - Status of job "Live Plan Chart Update - Index Refresh" is OK
2017-06-22 07:00:00,605 [Worker-6 | u:p] INFO  com.polarion.platform.jobs.info  - State of job "Live Plan Chart Update" changed to FINISHED
2017-06-22 07:00:00,605 [Worker-6 | u:p] INFO  com.polarion.platform.jobs.info  - Status of job "Live Plan Chart Update" is OK
2017-06-22 08:00:00,011 [DefaultQuartzScheduler_Worker-3] INFO  com.polarion.platform.jobs.info  - Job "Live Plan Chart Update" has id cda2884b-927abeae-49b68e22-c6e8e680
2017-06-22 08:00:00,011 [DefaultQuartzScheduler_Worker-3] INFO  com.polarion.platform.jobs.info  - State of job "Live Plan Chart Update" changed to UNSCHEDULED
2017-06-22 08:00:00,011 [DefaultQuartzScheduler_Worker-3] INFO  com.polarion.platform.jobs.info  - Working directory of root job "Live Plan Chart Update" is C:\Polarion\polarion\..\data\workspace\polarion-data\jobs\20170622-0800
2017-06-22 08:00:00,011 [DefaultQuartzScheduler_Worker-3] INFO  com.polarion.platform.jobs.info  - Job "Live Plan Chart Update" runs as user "polarion"
2017-06-22 08:00:00,011 [DefaultQuartzScheduler_Worker-3 | u:p] INFO  com.polarion.platform.jobs.info  - State of job "Live Plan Chart Update" changed to ACTIVATING
2017-06-22 08:00:00,027 [DefaultQuartzScheduler_Worker-3 | u:p] INFO  com.polarion.platform.jobs.info  - State of job "Live Plan Chart Update" changed to WAITING
2017-06-22 08:00:00,027 [Worker-1 | u:p] INFO  com.polarion.platform.jobs.info  - State of job "Live Plan Chart Update" changed to RUNNING
2017-06-22 08:00:00,089 [Worker-1 | u:p | job: update.plan] INFO  com.polarion.platform.jobs.info  - Job "Live Plan Chart Update - Index Refresh" has id cda2888a-927abeae-49b68e22-a73734af
2017-06-22 08:00:00,089 [Worker-1 | u:p | job: update.plan] INFO  com.polarion.platform.jobs.info  - State of job "Live Plan Chart Update - Index Refresh" changed to UNSCHEDULED
2017-06-22 08:00:00,089 [Worker-1 | u:p | job: update.plan] INFO  com.polarion.platform.jobs.info  - Working directory of root job "Live Plan Chart Update - Index Refresh" is C:\Polarion\polarion\..\data\workspace\polarion-data\jobs\20170622-0800_0
2017-06-22 08:00:00,089 [Worker-1 | u:p | job: update.plan] INFO  com.polarion.platform.jobs.info  - Job "Live Plan Chart Update - Index Refresh" runs as user "polarion"
2017-06-22 08:00:00,089 [Worker-1 | u:p | job: update.plan | u:p] INFO  com.polarion.platform.jobs.info  - State of job "Live Plan Chart Update - Index Refresh" changed to ACTIVATING
2017-06-22 08:00:00,089 [Worker-1 | u:p | job: update.plan | u:p] INFO  com.polarion.platform.jobs.info  - State of job "Live Plan Chart Update - Index Refresh" changed to WAITING
2017-06-22 08:00:00,105 [Worker-6 | u:p] INFO  com.polarion.platform.jobs.info  - State of job "Live Plan Chart Update - Index Refresh" changed to RUNNING
2017-06-22 08:00:00,630 [Worker-6 | u:p] INFO  com.polarion.platform.jobs.info  - State of job "Live Plan Chart Update - Index Refresh" changed to FINISHED
2017-06-22 08:00:00,630 [Worker-6 | u:p] INFO  com.polarion.platform.jobs.info  - Status of job "Live Plan Chart Update - Index Refresh" is OK
2017-06-22 08:00:00,645 [Worker-1 | u:p] INFO  com.polarion.platform.jobs.info  - State of job "Live Plan Chart Update" changed to FINISHED
2017-06-22 08:00:00,661 [Worker-1 | u:p] INFO  com.polarion.platform.jobs.info  - Status of job "Live Plan Chart Update" is OK
2017-06-22 09:00:00,020 [DefaultQuartzScheduler_Worker-3] INFO  com.polarion.platform.jobs.info  - Job "Live Plan Chart Update" has id cdd976d4-927abeae-49b68e22-caf1bff5
2017-06-22 09:00:00,020 [DefaultQuartzScheduler_Worker-3] INFO  com.polarion.platform.jobs.info  - State of job "Live Plan Chart Update" changed to UNSCHEDULED
2017-06-22 09:00:00,020 [DefaultQuartzScheduler_Worker-3] INFO  com.polarion.platform.jobs.info  - Working directory of root job "Live Plan Chart Update" is C:\Polarion\polarion\..\data\workspace\polarion-data\jobs\20170622-0900
2017-06-22 09:00:00,020 [DefaultQuartzScheduler_Worker-3] INFO  com.polarion.platform.jobs.info  - Job "Live Plan Chart Update" runs as user "polarion"
2017-06-22 09:00:00,020 [DefaultQuartzScheduler_Worker-3 | u:p] INFO  com.polarion.platform.jobs.info  - State of job "Live Plan Chart Update" changed to ACTIVATING
2017-06-22 09:00:00,020 [DefaultQuartzScheduler_Worker-3 | u:p] INFO  com.polarion.platform.jobs.info  - State of job "Live Plan Chart Update" changed to WAITING
2017-06-22 09:00:00,035 [Worker-6 | u:p] INFO  com.polarion.platform.jobs.info  - State of job "Live Plan Chart Update" changed to RUNNING
2017-06-22 09:00:00,098 [Worker-6 | u:p | job: update.plan] INFO  com.polarion.platform.jobs.info  - Job "Live Plan Chart Update - Index Refresh" has id cdd97722-927abeae-49b68e22-c49051ac
2017-06-22 09:00:00,098 [Worker-6 | u:p | job: update.plan] INFO  com.polarion.platform.jobs.info  - State of job "Live Plan Chart Update - Index Refresh" changed to UNSCHEDULED
2017-06-22 09:00:00,098 [Worker-6 | u:p | job: update.plan] INFO  com.polarion.platform.jobs.info  - Working directory of root job "Live Plan Chart Update - Index Refresh" is C:\Polarion\polarion\..\data\workspace\polarion-data\jobs\20170622-0900_0
2017-06-22 09:00:00,114 [Worker-6 | u:p | job: update.plan] INFO  com.polarion.platform.jobs.info  - Job "Live Plan Chart Update - Index Refresh" runs as user "polarion"
2017-06-22 09:00:00,114 [Worker-6 | u:p | job: update.plan | u:p] INFO  com.polarion.platform.jobs.info  - State of job "Live Plan Chart Update - Index Refresh" changed to ACTIVATING
2017-06-22 09:00:00,114 [Worker-6 | u:p | job: update.plan | u:p] INFO  com.polarion.platform.jobs.info  - State of job "Live Plan Chart Update - Index Refresh" changed to WAITING
2017-06-22 09:00:00,114 [Worker-1 | u:p] INFO  com.polarion.platform.jobs.info  - State of job "Live Plan Chart Update - Index Refresh" changed to RUNNING
2017-06-22 09:00:00,629 [Worker-1 | u:p] INFO  com.polarion.platform.jobs.info  - State of job "Live Plan Chart Update - Index Refresh" changed to FINISHED
2017-06-22 09:00:00,629 [Worker-1 | u:p] INFO  com.polarion.platform.jobs.info  - Status of job "Live Plan Chart Update - Index Refresh" is OK
2017-06-22 09:00:00,660 [Worker-6 | u:p] INFO  com.polarion.platform.jobs.info  - State of job "Live Plan Chart Update" changed to FINISHED
2017-06-22 09:00:00,660 [Worker-6 | u:p] INFO  com.polarion.platform.jobs.info  - Status of job "Live Plan Chart Update" is OK
2017-06-22 10:00:00,022 [DefaultQuartzScheduler_Worker-3] INFO  com.polarion.platform.jobs.info  - Job "Live Plan Chart Update" has id ce106552-927abeae-49b68e22-1fee2c0a
2017-06-22 10:00:00,024 [DefaultQuartzScheduler_Worker-3] INFO  com.polarion.platform.jobs.info  - State of job "Live Plan Chart Update" changed to UNSCHEDULED
2017-06-22 10:00:00,027 [DefaultQuartzScheduler_Worker-3] INFO  com.polarion.platform.jobs.info  - Working directory of root job "Live Plan Chart Update" is C:\Polarion\polarion\..\data\workspace\polarion-data\jobs\20170622-1000
2017-06-22 10:00:00,028 [DefaultQuartzScheduler_Worker-3] INFO  com.polarion.platform.jobs.info  - Job "Live Plan Chart Update" runs as user "polarion"
2017-06-22 10:00:00,030 [DefaultQuartzScheduler_Worker-3 | u:p] INFO  com.polarion.platform.jobs.info  - State of job "Live Plan Chart Update" changed to ACTIVATING
2017-06-22 10:00:00,033 [DefaultQuartzScheduler_Worker-3 | u:p] INFO  com.polarion.platform.jobs.info  - State of job "Live Plan Chart Update" changed to WAITING
2017-06-22 10:00:00,037 [Worker-1 | u:p] INFO  com.polarion.platform.jobs.info  - State of job "Live Plan Chart Update" changed to RUNNING
2017-06-22 10:00:00,098 [Worker-1 | u:p | job: update.plan] INFO  com.polarion.platform.jobs.info  - Job "Live Plan Chart Update - Index Refresh" has id ce10659f-927abeae-49b68e22-3fc93cd9
2017-06-22 10:00:00,100 [Worker-1 | u:p | job: update.plan] INFO  com.polarion.platform.jobs.info  - State of job "Live Plan Chart Update - Index Refresh" changed to UNSCHEDULED
2017-06-22 10:00:00,103 [Worker-1 | u:p | job: update.plan] INFO  com.polarion.platform.jobs.info  - Working directory of root job "Live Plan Chart Update - Index Refresh" is C:\Polarion\polarion\..\data\workspace\polarion-data\jobs\20170622-1000_0
2017-06-22 10:00:00,104 [Worker-1 | u:p | job: update.plan] INFO  com.polarion.platform.jobs.info  - Job "Live Plan Chart Update - Index Refresh" runs as user "polarion"
2017-06-22 10:00:00,106 [Worker-1 | u:p | job: update.plan | u:p] INFO  com.polarion.platform.jobs.info  - State of job "Live Plan Chart Update - Index Refresh" changed to ACTIVATING
2017-06-22 10:00:00,109 [Worker-1 | u:p | job: update.plan | u:p] INFO  com.polarion.platform.jobs.info  - State of job "Live Plan Chart Update - Index Refresh" changed to WAITING
2017-06-22 10:00:00,112 [Worker-6 | u:p] INFO  com.polarion.platform.jobs.info  - State of job "Live Plan Chart Update - Index Refresh" changed to RUNNING
2017-06-22 10:00:00,656 [Worker-6 | u:p] INFO  com.polarion.platform.jobs.info  - State of job "Live Plan Chart Update - Index Refresh" changed to FINISHED
2017-06-22 10:00:00,658 [Worker-6 | u:p] INFO  com.polarion.platform.jobs.info  - Status of job "Live Plan Chart Update - Index Refresh" is OK
2017-06-22 10:00:00,684 [Worker-1 | u:p] INFO  com.polarion.platform.jobs.info  - State of job "Live Plan Chart Update" changed to FINISHED
2017-06-22 10:00:00,686 [Worker-1 | u:p] INFO  com.polarion.platform.jobs.info  - Status of job "Live Plan Chart Update" is OK
