2017-06-26 11:26:30,309 [main | u:p] INFO  TXLOGGER  - Summary for 'Platform startup': transactions: 0, DB: 0.0532 s [60% query (13x), 39% update (126x)] (206x), svn: 0.0219 s [84% checkPath (1x)] (3x)
2017-06-26 11:26:30,520 [main | u:p] INFO  TXLOGGER  - Summary for 'Context recognition': transactions: 0, svn: 0.127 s [42% info (3x), 37% getDir2 content (2x), 21% getFile content (1x)] (6x)
2017-06-26 11:26:31,684 [LowLevelDataService-contextInitializer-1 | u:p] INFO  TXLOGGER  - Summary: Total: 1.16 s, transactions: 0
2017-06-26 11:26:31,684 [LowLevelDataService-contextInitializer-2 | u:p] INFO  TXLOGGER  - Summary: Total: 1.16 s, transactions: 0, svn: 0.137 s [98% log2 (6x)] (8x)
2017-06-26 11:26:31,684 [LowLevelDataService-contextInitializer-3 | u:p] INFO  TXLOGGER  - Summary: Total: 1.16 s, transactions: 0, ObjectMaps: 0.25 s [100% getAllPrimaryObjects (1x)] (7x), svn: 0.138 s [35% log (1x), 27% log2 (5x), 23% info (4x)] (15x)
2017-06-26 11:26:31,684 [LowLevelDataService-contextInitializer-4 | u:p] INFO  TXLOGGER  - Summary: Total: 1.16 s, transactions: 0, svn: 0.145 s [98% log2 (10x)] (12x), ObjectMaps: 0.0645 s [97% getAllPrimaryObjects (2x)] (14x)
2017-06-26 11:26:31,684 [LowLevelDataService-contextInitializer-5 | u:p] INFO  TXLOGGER  - Summary: Total: 1.16 s, transactions: 0, svn: 0.0679 s [98% log2 (5x)] (6x)
2017-06-26 11:26:31,685 [main | u:p] INFO  TXLOGGER  - Summary for 'Context initialization': transactions: 0, svn: 0.541 s [80% log2 (31x), 9% log (1x)] (47x), ObjectMaps: 0.396 s [99% getAllPrimaryObjects (7x)] (65x)
2017-06-26 11:26:31,960 [main | u:p] INFO  TXLOGGER  - Summary for 'Revisions processing': transactions: 14, RepositoryConfigService: 0.202 s [100% getReadConfiguration (42x)] (42x), svn: 0.127 s [92% info (15x)] (32x)
2017-06-26 11:26:32,650 [main | u:p] INFO  TXLOGGER  - Summary for 'Build artifacts recognition': transactions: 40, svn: 0.55 s [85% info (78x)] (131x), RepositoryConfigService: 0.452 s [100% getReadConfiguration (80x)] (80x)
2017-06-26 11:26:33,172 [main | u:p] INFO  TXLOGGER  - Summary for 'Data indexing': transactions: 0, Lucene: 0.216 s [100% refresh (2x)] (2x), DB: 0.0406 s [69% update (38x), 14% execute (12x)] (103x), SubterraURITable: 0.0224 s [100% addIfNotExistsDB (17x)] (17x)
2017-06-26 11:27:02,563 [ajp-nio-8889-exec-7 | u:admin] INFO  TXLOGGER  - Summary for 'PortalDataService.getInitData': Total: 0.372 s, transactions: 5, svn: 0.125 s [58% info (12x), 33% getFile content (6x)] (28x), RepositoryConfigService: 0.103 s [100% getReadConfiguration (9x)] (14x), resolve: 0.0846 s [100% Project (3x)] (4x), ObjectMaps: 0.0221 s [44% getPrimaryObjectLocation (3x), 25% getPrimaryObjectLocations (1x), 23% getPrimaryObjectProperty (3x)] (13x)
2017-06-26 11:27:03,054 [ajp-nio-8889-exec-6 | u:admin] INFO  TXLOGGER  - Summary for 'PortalDataService.requestPortalSite': Total: 0.22 s, transactions: 6, svn: 0.112 s [78% info (10x), 22% getFile content (3x)] (18x), RepositoryConfigService: 0.109 s [77% getReadConfiguration (12x), 23% getReadUserConfiguration (4x)] (21x)
2017-06-26 11:27:03,428 [main] INFO  TXLOGGER  - Summary for 'Polarion startup': transactions: 16, svn: 0.747 s [73% info (72x), 16% getFile content (14x)] (122x), RepositoryConfigService: 0.283 s [86% getReadConfiguration (25x)] (45x), resolve: 0.197 s [55% User (3x), 43% Project (6x)] (14x), ObjectMaps: 0.0375 s [52% getPrimaryObjectLocation (7x), 23% getPrimaryObjectProperty (5x), 15% getPrimaryObjectLocations (1x)] (24x)
2017-06-26 11:27:03,697 [Worker-0 | u:p | job: polarion.jobs.attachment.indexer] INFO  TXLOGGER  - Summary after AttachmentIndexer: transactions: 0, Lucene: 0.189 s [100% add (2x)] (2x)
2017-06-26 11:27:03,726 [Persistence Events Processing Thread | u:p] INFO  TXLOGGER  - Tx 5738be6262c4d_0_5738be6262c4d_0_: finished. Total: 0.226 s, Lucene: 0.128 s [57% add (1x), 43% search (1x)] (2x)
2017-06-26 11:27:03,726 [Persistence Events Processing Thread | u:p] INFO  TXLOGGER  - Summary: Total: 0.297 s, transactions: 6, persistence listener: 0.297 s [77% RevisionActivityCreator (2x), 22% notificationsCreatingListener (1x)] (7x), Lucene: 0.128 s [57% add (1x), 43% search (1x)] (2x)
2017-06-26 11:27:04,204 [PreLoadDataService | u:p] INFO  TXLOGGER  - Tx 5738be6253047_0_5738be6253047_0_: finished. Total: 0.768 s, svn: 0.56 s [68% getDir2 content (25x), 31% getFile content (13x)] (41x), resolve: 0.345 s [58% Category (8x), 42% TimePoint (5x)] (13x), ObjectMaps: 0.0478 s [47% getPrimaryObjectLocation (13x), 30% getPrimaryObjectProperty (13x), 22% getLastPromoted (13x)] (55x)
2017-06-26 11:27:04,723 [PreLoadDataService | u:p] INFO  TXLOGGER  - Tx 5738be6330479_0_5738be6330479_0_: finished. Total: 0.402 s, svn: 0.256 s [61% getFile content (14x), 39% info (10x)] (25x), resolve: 0.194 s [100% User (9x)] (9x), RepositoryConfigService: 0.175 s [82% getReadConfiguration (81x)] (83x), ObjectMaps: 0.0239 s [37% getPrimaryObjectLocation (8x), 36% getPrimaryObjectProperty (8x), 26% getLastPromoted (8x)] (32x)
2017-06-26 11:27:04,724 [ajp-nio-8889-exec-2 | u:admin | uri:/polarion/wiki/bin/view/page/Home | wiki: view http://localhost/polarion/wiki/bin/view/page/Home] INFO  TXLOGGER  - Tx 5738be637247a_0_5738be637247a_0_: finished. Total: 0.14 s
2017-06-26 11:27:04,786 [ajp-nio-8889-exec-2] INFO  TXLOGGER  - Summary for 'servlet /polarion/wiki/bin/view/page/Home': Total: 1.61 s, transactions: 2, svn: 0.769 s [62% info (54x), 23% getFile properties (18x)] (86x), Velocity: 0.713 s [100% evaluate in Wiki (1x)] (1x)
2017-06-26 11:27:04,928 [ajp-nio-8889-exec-1] INFO  TXLOGGER  - Summary for 'servlet /polarion/wiki/skins/sidecar/classes.css?buildNumber=20170314-0722': Total: 0.119 s, transactions: 0
2017-06-26 11:27:04,940 [ajp-nio-8889-exec-3] INFO  TXLOGGER  - Summary for 'servlet /polarion/wiki/skins/sidecar/wiki.css?buildNumber=20170314-0722': Total: 0.132 s, transactions: 0
2017-06-26 11:27:04,944 [ajp-nio-8889-exec-10] INFO  TXLOGGER  - Summary for 'servlet /polarion/wiki/skins/sidecar/page.css?buildNumber=20170314-0722': Total: 0.135 s, transactions: 0
2017-06-26 11:27:04,951 [ajp-nio-8889-exec-6] INFO  TXLOGGER  - Summary for 'servlet /polarion/wiki/skins/sidecar/chwSkin.css?buildNumber=20170314-0722': Total: 0.143 s, transactions: 0
2017-06-26 11:27:04,968 [ajp-nio-8889-exec-7] INFO  TXLOGGER  - Summary for 'servlet /polarion/wiki/skins/sidecar/xwiki.css?buildNumber=20170314-0722': Total: 0.158 s, transactions: 0
2017-06-26 11:27:04,992 [ajp-nio-8889-exec-9] INFO  TXLOGGER  - Summary for 'servlet /polarion/wiki/skins/sidecar/elements.css?buildNumber=20170314-0722': Total: 0.184 s, transactions: 0
2017-06-26 11:27:05,096 [ajp-nio-8889-exec-2] INFO  TXLOGGER  - Summary for 'servlet /polarion/wiki/skins/sidecar/ie.css?buildNumber=20170314-0722': Total: 0.111 s, transactions: 0
2017-06-26 11:27:05,115 [PreLoadDataService | u:p] INFO  TXLOGGER  - Tx 5738be6394c7b_0_5738be6394c7b_0_: finished. Total: 0.392 s, RepositoryConfigService: 0.254 s [99% getReadConfiguration (55x)] (78x), svn: 0.217 s [100% getFile content (13x)] (14x)
2017-06-26 11:27:05,265 [ajp-nio-8889-exec-7] INFO  TXLOGGER  - Summary for 'servlet /polarion/wiki/skins/sidecar/rico/prototype.js?buildNumber=20170314-0722': Total: 0.189 s, transactions: 0
2017-06-26 11:27:05,281 [ajp-nio-8889-exec-9] INFO  TXLOGGER  - Summary for 'servlet /polarion/wiki/skins/sidecar/scriptaculous/effects.js?buildNumber=20170314-0722': Total: 0.111 s, transactions: 0
2017-06-26 11:27:05,283 [ajp-nio-8889-exec-1] INFO  TXLOGGER  - Summary for 'servlet /polarion/wiki/skins/sidecar/scriptaculous/dragdrop.js?buildNumber=20170314-0722': Total: 0.109 s, transactions: 0
2017-06-26 11:27:05,293 [ajp-nio-8889-exec-4] INFO  TXLOGGER  - Summary for 'servlet /polarion/wiki/skins/sidecar/rico/src/rico.js?buildNumber=20170314-0722': Total: 0.142 s, transactions: 0
2017-06-26 11:27:05,345 [ajp-nio-8889-exec-6] INFO  TXLOGGER  - Summary for 'servlet /polarion/wiki/skins/sidecar/scriptaculous/scriptaculous.js?buildNumber=20170314-0722': Total: 0.195 s, transactions: 0
2017-06-26 11:27:05,449 [ajp-nio-8889-exec-2] INFO  TXLOGGER  - Summary for 'servlet /polarion/wiki/skins/sidecar/upgradeRichPage.png?buildNumber=20170314-0722': Total: 0.101 s, transactions: 0
2017-06-26 11:27:05,518 [ajp-nio-8889-exec-10] INFO  TXLOGGER  - Summary for 'servlet /polarion/wiki/skins/sidecar/separatorbig.gif?buildNumber=20170314-0722': Total: 0.103 s, transactions: 0
2017-06-26 11:27:05,542 [ajp-nio-8889-exec-8] INFO  TXLOGGER  - Summary for 'servlet /polarion/wiki/bin/download/page/_default/Home/TimeIsShort.png': Total: 0.116 s, transactions: 0, svn: 0.0458 s [100% info (2x)] (2x)
2017-06-26 11:27:05,543 [ajp-nio-8889-exec-6] INFO  TXLOGGER  - Summary for 'servlet /polarion/wiki/bin/download/page/_default/Home/ProjectDrivePilot.png': Total: 0.111 s, transactions: 0, svn: 0.0307 s [100% info (2x)] (2x)
2017-06-26 11:27:05,586 [ajp-nio-8889-exec-7] INFO  TXLOGGER  - Summary for 'servlet /polarion/wiki/bin/download/page/_default/Home/CreateNewProject.png': Total: 0.121 s, transactions: 0, svn: 0.0217 s [100% info (2x)] (2x)
2017-06-26 11:27:05,613 [ajp-nio-8889-exec-3] INFO  TXLOGGER  - Summary for 'servlet /polarion/wiki/bin/download/page/_default/Home/ProjectElibrary.png': Total: 0.161 s, transactions: 0, svn: 0.0646 s [100% info (2x)] (2x)
2017-06-26 11:27:05,639 [ajp-nio-8889-exec-4] INFO  TXLOGGER  - Summary for 'servlet /polarion/wiki/bin/download/page/_default/Home/IveGotTime.png': Total: 0.186 s, transactions: 0, svn: 0.0387 s [100% info (2x)] (2x)
2017-06-26 11:27:05,648 [ajp-nio-8889-exec-5] INFO  TXLOGGER  - Summary for 'servlet /polarion/wiki/bin/download/page/_default/Home/TutorialVideos.png': Total: 0.124 s, transactions: 0, svn: 0.0248 s [100% info (2x)] (2x)
2017-06-26 11:27:05,650 [ajp-nio-8889-exec-6] INFO  TXLOGGER  - Summary for 'servlet /polarion/wiki/skins/sidecar/scriptaculous/builder.js': Total: 0.103 s, transactions: 0
2017-06-26 11:27:05,684 [ajp-nio-8889-exec-9] INFO  TXLOGGER  - Summary for 'servlet /polarion/wiki/bin/download/page/_default/Home/VideoPortal.png': Total: 0.137 s, transactions: 0, svn: 0.0366 s [100% info (2x)] (2x)
2017-06-26 11:27:05,731 [ajp-nio-8889-exec-1] INFO  TXLOGGER  - Summary for 'servlet /polarion/wiki/skins/sidecar/scriptaculous/effects.js': Total: 0.116 s, transactions: 0
2017-06-26 11:27:05,843 [ajp-nio-8889-exec-9] INFO  TXLOGGER  - Summary for 'servlet /polarion/wiki/skins/sidecar/save8.gif?buildNumber=20170314-0722': Total: 0.108 s, transactions: 0
2017-06-26 11:27:06,561 [PreLoadDataService | u:p] INFO  TXLOGGER  - Tx 5738be63f6c7d_0_5738be63f6c7d_0_: finished. Total: 1.45 s, svn: 1.38 s [57% getDir2 content (17x), 43% getFile content (47x)] (65x), RepositoryConfigService: 0.636 s [100% getReadConfiguration (164x)] (180x)
2017-06-26 11:27:06,685 [DBHistoryCreator-1 | u:p] INFO  TXLOGGER  - Summary: Total: 3.05 s, transactions: 0
2017-06-26 11:27:06,685 [DBHistoryCreator-2 | u:p] INFO  TXLOGGER  - Summary: Total: 3.05 s, transactions: 0
2017-06-26 11:27:06,685 [Worker-1 | u:p | job: polarion.jobs.db.history] INFO  TXLOGGER  - Summary after DBHistoryCreator: transactions: 50, svn: 1.06 s [72% info (72x), 16% getFile properties (18x)] (107x), Velocity: 0.713 s [100% evaluate in Wiki (1x)] (1x), persistence listener: 0.3 s [77% RevisionActivityCreator (16x), 22% notificationsCreatingListener (8x)] (56x), Lucene: 0.217 s [60% add (2x), 40% search (3x)] (5x), resolve: 0.0786 s [86% WikiPage (15x)] (31x)
2017-06-26 11:27:06,686 [Worker-1 | u:p] INFO  TXLOGGER  - Summary for 'job: polarion.jobs.db.history': Total: 3.06 s, transactions: 0, DB: 2.45 s [74% query (4164x), 16% update (4139x)] (20855x), SubterraURITable: 1.45 s [100% getDB (4138x)] (4138x)
2017-06-26 11:27:06,947 [PreLoadDataService | u:p] INFO  TXLOGGER  - Tx 5738be656047e_0_5738be656047e_0_: finished. Total: 0.386 s, svn: 0.337 s [79% getFile content (35x), 21% getDir2 content (6x)] (42x), RepositoryConfigService: 0.303 s [99% getReadConfiguration (295x)] (370x)
2017-06-26 11:27:07,337 [PreLoadDataService | u:p] INFO  TXLOGGER  - Tx 5738be65c0c7f_0_5738be65c0c7f_0_: finished. Total: 0.39 s, svn: 0.371 s [50% getFile content (21x), 50% getDir2 content (17x)] (39x), RepositoryConfigService: 0.2 s [100% getReadConfiguration (88x)] (110x)
2017-06-26 11:27:07,453 [PreLoadDataService | u:p] INFO  TXLOGGER  - Tx 5738be6622480_0_5738be6622480_0_: finished. Total: 0.115 s, svn: 0.107 s [59% getDir2 content (11x), 41% getFile content (8x)] (20x), RepositoryConfigService: 0.0492 s [99% getReadConfiguration (38x)] (54x)
2017-06-26 11:27:07,713 [PreLoadDataService | u:p] INFO  TXLOGGER  - Tx 5738be663f481_0_5738be663f481_0_: finished. Total: 0.26 s, svn: 0.243 s [58% getFile content (24x), 42% getDir2 content (12x)] (37x), RepositoryConfigService: 0.155 s [99% getReadConfiguration (87x)] (109x)
2017-06-26 11:27:07,713 [PreLoadDataService] INFO  TXLOGGER  - Summary for 'PreloadDataService': Total: 4.28 s, transactions: 9, svn: 3.51 s [51% getFile content (177x), 46% getDir2 content (90x)] (292x), RepositoryConfigService: 1.77 s [98% getReadConfiguration (810x)] (986x), resolve: 0.575 s [35% Category (8x), 34% User (9x), 25% TimePoint (5x)] (27x)
2017-06-26 11:27:07,713 [PreLoadDataService] INFO  TXLOGGER  - Summary after preload: transactions: 9, svn: 3.51 s [51% getFile content (177x), 46% getDir2 content (90x)] (292x), DB: 2.45 s [74% query (4164x), 16% update (4139x)] (20855x), RepositoryConfigService: 1.77 s [98% getReadConfiguration (810x)] (986x), SubterraURITable: 1.45 s [100% getDB (4138x)] (4138x), resolve: 0.575 s [35% Category (8x), 34% User (10x), 25% TimePoint (5x)] (28x)
2017-06-26 11:34:03,625 [PullingJob-default] INFO  TXLOGGER  - Summary for 'PullingJob': Total: 0.304 s, transactions: 0, svn: 0.301 s [100% log2 (35x)] (36x), processed revs: [186]
2017-06-26 11:34:59,020 [ajp-nio-8889-exec-1] INFO  TXLOGGER  - Summary for 'servlet /polarion/wiki/bin/view/page/Home': Total: 0.138 s, transactions: 2, Velocity: 0.0918 s [100% evaluate in Wiki (1x)] (1x), svn: 0.0172 s [100% info (3x)] (3x)
2017-06-26 11:34:59,145 [ajp-nio-8889-exec-7] INFO  TXLOGGER  - Summary for 'servlet /polarion/wiki/bin/download/page/_default/Home/ProjectElibrary.png': Total: 0.108 s, transactions: 0, svn: 0.019 s [100% info (2x)] (2x)
2017-06-26 11:38:05,109 [ajp-nio-8889-exec-6 | u:admin] INFO  TXLOGGER  - Summary for 'ProjectsDataService.getNewProjectWizardData': Total: 0.148 s, transactions: 1, svn: 0.0175 s [77% info (11x), 23% getDir2 content (1x)] (13x)
2017-06-26 11:41:09,591 [ajp-nio-8889-exec-4 | u:admin] INFO  TXLOGGER  - Tx 5738c19a3a495_0_5738c19a3a495_0_: finished. Total: 2.48 s, svn: 1.62 s [31% endActivity (1x), 26% info (139x), 22% getFile content (59x), 15% getDir2 content (40x)] (253x), resolve: 0.77 s [95% WorkItems (1x)] (116x), DB: 0.25 s [64% update (126x), 27% execute (68x)] (359x), Lucene: 0.226 s [68% add (5x), 23% refresh (2x)] (42x), RepositoryConfigService: 0.197 s [85% getReadConfiguration (451x)] (502x), processed revs: [187, 187 (delay 0s)], write: true
2017-06-26 11:41:10,649 [ajp-nio-8889-exec-4 | u:admin] INFO  TXLOGGER  - Tx 5738c19ca6097_0_5738c19ca6097_0_: finished. Total: 1.06 s, resolve: 0.766 s [100% WorkItem (34x)] (147x), svn: 0.675 s [34% getFile content (34x), 34% getDir2 content (34x), 32% info (34x)] (104x), DB: 0.133 s [96% update (409x)] (440x), Lucene: 0.0717 s [92% refresh (1x)] (35x)
2017-06-26 11:41:10,652 [ajp-nio-8889-exec-4 | u:admin] INFO  TXLOGGER  - Summary for 'ProjectsDataService.createProject': Total: 3.54 s, transactions: 2, svn: 2.3 s [28% info (173x), 25% getFile content (93x), 22% endActivity (1x), 21% getDir2 content (74x)] (357x), resolve: 1.54 s [50% WorkItem (34x), 48% WorkItems (1x)] (263x), DB: 0.383 s [75% update (535x), 19% execute (98x)] (799x), Lucene: 0.297 s [51% add (5x), 40% refresh (3x)] (77x), RepositoryConfigService: 0.198 s [85% getReadConfiguration (885x)] (976x)
2017-06-26 11:54:56,397 [ajp-nio-8889-exec-4 | u:admin] INFO  TXLOGGER  - Tx 5738c4c3744bf_0_5738c4c3744bf_0_: finished. Total: 0.636 s, svn: 0.542 s [97% endActivity (1x)] (8x), Lucene: 0.046 s [50% add (1x), 50% refresh (1x)] (2x), processed revs: [188, 188 (delay 0s)], write: true
2017-06-26 11:54:56,409 [ajp-nio-8889-exec-4 | u:admin] INFO  TXLOGGER  - Summary for 'ProjectsDataService.saveInstance': Total: 0.647 s, transactions: 2, svn: 0.542 s [97% endActivity (1x)] (8x), Lucene: 0.046 s [50% add (1x), 50% refresh (1x)] (2x)
2017-06-26 11:56:42,226 [ajp-nio-8889-exec-4 | u:admin | i:NEW_CAPA/_default/modules/_default/Home] INFO  TXLOGGER  - Tx 5738c52b320d8_0_5738c52b320d8_0_: finished. Total: 0.234 s, svn: 0.0207 s [66% info (3x), 34% getFile content (1x)] (5x), RepositoryConfigService: 0.0159 s [100% getReadConfiguration (3x)] (6x)
2017-06-26 11:56:42,248 [ajp-nio-8889-exec-4 | u:admin] INFO  TXLOGGER  - Summary for 'RpeModel.initialize': Total: 0.257 s, transactions: 1, svn: 0.0207 s [66% info (3x), 34% getFile content (1x)] (5x), RepositoryConfigService: 0.0159 s [100% getReadConfiguration (3x)] (6x)
2017-06-26 11:56:42,532 [ajp-nio-8889-exec-3 | u:admin | i:NEW_CAPA/_default/Home e:polarion_client1] INFO  TXLOGGER  - Tx 5738c52b94cdd_0_5738c52b94cdd_0_: finished. Total: 0.145 s, Lucene: 0.0111 s [100% search (1x)] (1x)
2017-06-26 11:56:42,534 [ajp-nio-8889-exec-3 | u:admin] INFO  TXLOGGER  - Summary for 'RenderingRequest.initialize': Total: 0.147 s, transactions: 1, Lucene: 0.0111 s [100% search (1x)] (1x)
2017-06-26 12:00:01,804 [Worker-1 | u:p] INFO  TXLOGGER  - Summary for 'job: update.plan.refresh.index': Total: 0.711 s, transactions: 0, resolve: 0.552 s [95% WorkItem (15x)] (167x), svn: 0.512 s [34% getFile content (16x), 33% getDir2 content (16x), 33% info (17x)] (50x), Lucene: 0.106 s [99% refresh (1x)] (2x), DB: 0.0375 s [80% update (181x)] (220x)
2017-06-26 12:00:01,832 [Worker-0 | u:p] INFO  TXLOGGER  - Summary for 'job: update.plan': Total: 1.77 s, transactions: 13, resolve: 0.791 s [92% WorkItems (2x)] (96x), svn: 0.709 s [37% info (27x), 34% getFile content (22x), 29% getDir2 content (19x)] (83x), RepositoryConfigService: 0.0921 s [63% getReadConfiguration (798x), 37% getExistingPrefixes (34x)] (834x)
2017-06-26 12:02:39,599 [ajp-nio-8889-exec-6 | u:admin] INFO  TXLOGGER  - Tx 5738c687c70f2_0_5738c687c70f2_0_: finished. Total: 0.659 s, permissions: 0.643 s [100% readInstance (32x)] (32x), resolve: 0.639 s [100% WorkItem (32x)] (32x), svn: 0.577 s [35% getFile content (32x), 34% getDir2 content (32x), 32% info (32x)] (98x)
2017-06-26 12:02:39,600 [ajp-nio-8889-exec-6 | u:admin] INFO  TXLOGGER  - Summary for 'WorkItemDataService.queryForTable': Total: 0.659 s, transactions: 1, permissions: 0.643 s [100% readInstance (32x)] (32x), resolve: 0.639 s [100% WorkItem (32x)] (32x), svn: 0.577 s [35% getFile content (32x), 34% getDir2 content (32x), 32% info (32x)] (98x)
2017-06-26 12:02:41,413 [ajp-nio-8889-exec-2 | u:admin] INFO  TXLOGGER  - Tx 5738c688fa8f4_0_5738c688fa8f4_0_: finished. Total: 1.24 s, Lucene: 1 s [100% search (5x)] (5x), RepositoryConfigService: 0.129 s [100% getReadConfiguration (249x)] (270x), svn: 0.115 s [76% info (14x), 24% getFile content (4x)] (19x)
2017-06-26 12:02:41,428 [ajp-nio-8889-exec-2 | u:admin] INFO  TXLOGGER  - Summary for 'WorkItemDataService.loadWorkitem': Total: 1.26 s, transactions: 1, Lucene: 1 s [100% search (5x)] (5x), RepositoryConfigService: 0.129 s [100% getReadConfiguration (249x)] (270x), svn: 0.115 s [76% info (14x), 24% getFile content (4x)] (19x)
2017-06-26 12:02:43,053 [ajp-nio-8889-exec-7 | u:admin] INFO  TXLOGGER  - Tx 5738c68bb0cfa_0_5738c68bb0cfa_0_: finished. Total: 0.106 s, RepositoryConfigService: 0.0757 s [100% getReadConfiguration (213x)] (231x), svn: 0.0733 s [92% info (12x)] (14x)
2017-06-26 12:02:43,058 [ajp-nio-8889-exec-7 | u:admin] INFO  TXLOGGER  - Summary for 'WorkItemDataService.loadWorkitem': Total: 0.111 s, transactions: 1, RepositoryConfigService: 0.0757 s [100% getReadConfiguration (213x)] (231x), svn: 0.0733 s [92% info (12x)] (14x)
2017-06-26 13:00:01,817 [Worker-0 | u:p] INFO  TXLOGGER  - Summary for 'job: update.plan.refresh.index': Total: 0.776 s, transactions: 0, resolve: 0.622 s [100% WorkItem (15x)] (167x), svn: 0.555 s [35% getFile content (15x), 35% info (15x), 30% getDir2 content (15x)] (46x), Lucene: 0.0782 s [96% refresh (1x)] (17x)
2017-06-26 13:00:01,859 [Worker-1 | u:p] INFO  TXLOGGER  - Summary for 'job: update.plan': Total: 1.81 s, transactions: 0
