2017-06-26 11:26:33,223 [main | u:p] INFO  com.polarion.platform.jobs.internal.service.scheduler.JobSchedulerService  - Updating local scheduler state: start
2017-06-26 11:26:33,241 [main | u:p | u:p] INFO  com.polarion.platform.jobs.internal.service.scheduler.JobSchedulerService  - 16 scheduled job(s) configured
2017-06-26 11:27:03,445 [Thread-31] INFO  com.polarion.platform.jobs.info  - Job "Attachment Indexer" has id e2f98934-927abeae-283bb8b7-88020d0c
2017-06-26 11:27:03,448 [Thread-31] INFO  com.polarion.platform.jobs.info  - State of job "Attachment Indexer" changed to UNSCHEDULED
2017-06-26 11:27:03,455 [Thread-31] INFO  com.polarion.platform.jobs.info  - Working directory of root job "Attachment Indexer" is C:\Polarion\polarion\..\data\workspace\polarion-data\jobs\20170626-1127
2017-06-26 11:27:03,458 [Thread-31] INFO  com.polarion.platform.jobs.info  - Job "Attachment Indexer" runs as user "polarion"
2017-06-26 11:27:03,463 [Thread-31 | u:p] INFO  com.polarion.platform.jobs.info  - State of job "Attachment Indexer" changed to ACTIVATING
2017-06-26 11:27:03,470 [Thread-31 | u:p] INFO  com.polarion.platform.jobs.info  - State of job "Attachment Indexer" changed to WAITING
2017-06-26 11:27:03,483 [Thread-31] INFO  com.polarion.platform.jobs.info  - Job "DB History Creator" has id e2f98973-927abeae-283bb8b7-f8285f21
2017-06-26 11:27:03,485 [Worker-0 | u:p] INFO  com.polarion.platform.jobs.info  - State of job "Attachment Indexer" changed to RUNNING
2017-06-26 11:27:03,487 [Thread-31] INFO  com.polarion.platform.jobs.info  - State of job "DB History Creator" changed to UNSCHEDULED
2017-06-26 11:27:03,493 [Thread-31] INFO  com.polarion.platform.jobs.info  - Working directory of root job "DB History Creator" is C:\Polarion\polarion\..\data\workspace\polarion-data\jobs\20170626-1127_0
2017-06-26 11:27:03,497 [Thread-31] INFO  com.polarion.platform.jobs.info  - Job "DB History Creator" runs as user "polarion"
2017-06-26 11:27:03,503 [Thread-31 | u:p] INFO  com.polarion.platform.jobs.info  - State of job "DB History Creator" changed to ACTIVATING
2017-06-26 11:27:03,509 [Thread-31 | u:p] INFO  com.polarion.platform.jobs.info  - State of job "DB History Creator" changed to WAITING
2017-06-26 11:27:03,518 [Worker-1 | u:p] INFO  com.polarion.platform.jobs.info  - State of job "DB History Creator" changed to RUNNING
2017-06-26 11:27:03,701 [Worker-0 | u:p] INFO  com.polarion.platform.jobs.info  - State of job "Attachment Indexer" changed to FINISHED
2017-06-26 11:27:03,707 [Worker-0 | u:p] INFO  com.polarion.platform.jobs.info  - Status of job "Attachment Indexer" is OK
2017-06-26 11:27:06,689 [Worker-1 | u:p] INFO  com.polarion.platform.jobs.info  - State of job "DB History Creator" changed to FINISHED
2017-06-26 11:27:06,691 [Worker-1 | u:p] INFO  com.polarion.platform.jobs.info  - Status of job "DB History Creator" is OK
2017-06-26 12:00:00,026 [DefaultQuartzScheduler_Worker-8] INFO  com.polarion.platform.jobs.info  - Job "Live Plan Chart Update" has id e317b255-927abeae-283bb8b7-2ec93677
2017-06-26 12:00:00,028 [DefaultQuartzScheduler_Worker-8] INFO  com.polarion.platform.jobs.info  - State of job "Live Plan Chart Update" changed to UNSCHEDULED
2017-06-26 12:00:00,031 [DefaultQuartzScheduler_Worker-8] INFO  com.polarion.platform.jobs.info  - Working directory of root job "Live Plan Chart Update" is C:\Polarion\polarion\..\data\workspace\polarion-data\jobs\20170626-1200
2017-06-26 12:00:00,033 [DefaultQuartzScheduler_Worker-8] INFO  com.polarion.platform.jobs.info  - Job "Live Plan Chart Update" runs as user "polarion"
2017-06-26 12:00:00,036 [DefaultQuartzScheduler_Worker-8 | u:p] INFO  com.polarion.platform.jobs.info  - State of job "Live Plan Chart Update" changed to ACTIVATING
2017-06-26 12:00:00,039 [DefaultQuartzScheduler_Worker-8 | u:p] INFO  com.polarion.platform.jobs.info  - State of job "Live Plan Chart Update" changed to WAITING
2017-06-26 12:00:00,043 [Worker-0 | u:p] INFO  com.polarion.platform.jobs.info  - State of job "Live Plan Chart Update" changed to RUNNING
2017-06-26 12:00:01,049 [Worker-0 | u:p | job: update.plan] INFO  com.polarion.platform.jobs.info  - Job "Live Plan Chart Update - Index Refresh" has id e317b654-927abeae-283bb8b7-3c9199ca
2017-06-26 12:00:01,052 [Worker-0 | u:p | job: update.plan] INFO  com.polarion.platform.jobs.info  - State of job "Live Plan Chart Update - Index Refresh" changed to UNSCHEDULED
2017-06-26 12:00:01,056 [Worker-0 | u:p | job: update.plan] INFO  com.polarion.platform.jobs.info  - Working directory of root job "Live Plan Chart Update - Index Refresh" is C:\Polarion\polarion\..\data\workspace\polarion-data\jobs\20170626-1200_0
2017-06-26 12:00:01,058 [Worker-0 | u:p | job: update.plan] INFO  com.polarion.platform.jobs.info  - Job "Live Plan Chart Update - Index Refresh" runs as user "polarion"
2017-06-26 12:00:01,061 [Worker-0 | u:p | job: update.plan | u:p] INFO  com.polarion.platform.jobs.info  - State of job "Live Plan Chart Update - Index Refresh" changed to ACTIVATING
2017-06-26 12:00:01,065 [Worker-0 | u:p | job: update.plan | u:p] INFO  com.polarion.platform.jobs.info  - State of job "Live Plan Chart Update - Index Refresh" changed to WAITING
2017-06-26 12:00:01,070 [Worker-1 | u:p] INFO  com.polarion.platform.jobs.info  - State of job "Live Plan Chart Update - Index Refresh" changed to RUNNING
2017-06-26 12:00:01,806 [Worker-1 | u:p] INFO  com.polarion.platform.jobs.info  - State of job "Live Plan Chart Update - Index Refresh" changed to FINISHED
2017-06-26 12:00:01,808 [Worker-1 | u:p] INFO  com.polarion.platform.jobs.info  - Status of job "Live Plan Chart Update - Index Refresh" is OK
2017-06-26 12:00:01,834 [Worker-0 | u:p] INFO  com.polarion.platform.jobs.info  - State of job "Live Plan Chart Update" changed to FINISHED
2017-06-26 12:00:01,836 [Worker-0 | u:p] INFO  com.polarion.platform.jobs.info  - Status of job "Live Plan Chart Update" is OK
2017-06-26 13:00:00,018 [DefaultQuartzScheduler_Worker-8] INFO  com.polarion.platform.jobs.info  - Job "Live Plan Chart Update" has id e34ea0ce-927abeae-283bb8b7-e0ee8b75
2017-06-26 13:00:00,020 [DefaultQuartzScheduler_Worker-8] INFO  com.polarion.platform.jobs.info  - State of job "Live Plan Chart Update" changed to UNSCHEDULED
2017-06-26 13:00:00,023 [DefaultQuartzScheduler_Worker-8] INFO  com.polarion.platform.jobs.info  - Working directory of root job "Live Plan Chart Update" is C:\Polarion\polarion\..\data\workspace\polarion-data\jobs\20170626-1300
2017-06-26 13:00:00,025 [DefaultQuartzScheduler_Worker-8] INFO  com.polarion.platform.jobs.info  - Job "Live Plan Chart Update" runs as user "polarion"
2017-06-26 13:00:00,027 [DefaultQuartzScheduler_Worker-8 | u:p] INFO  com.polarion.platform.jobs.info  - State of job "Live Plan Chart Update" changed to ACTIVATING
2017-06-26 13:00:00,030 [DefaultQuartzScheduler_Worker-8 | u:p] INFO  com.polarion.platform.jobs.info  - State of job "Live Plan Chart Update" changed to WAITING
2017-06-26 13:00:00,033 [Worker-1 | u:p] INFO  com.polarion.platform.jobs.info  - State of job "Live Plan Chart Update" changed to RUNNING
2017-06-26 13:00:00,131 [Worker-1 | u:p | job: update.plan] INFO  com.polarion.platform.jobs.info  - Job "Live Plan Chart Update - Index Refresh" has id e34ea13c-927abeae-283bb8b7-a47ee65d
2017-06-26 13:00:00,134 [Worker-1 | u:p | job: update.plan] INFO  com.polarion.platform.jobs.info  - State of job "Live Plan Chart Update - Index Refresh" changed to UNSCHEDULED
2017-06-26 13:00:00,139 [Worker-1 | u:p | job: update.plan] INFO  com.polarion.platform.jobs.info  - Working directory of root job "Live Plan Chart Update - Index Refresh" is C:\Polarion\polarion\..\data\workspace\polarion-data\jobs\20170626-1300_0
2017-06-26 13:00:00,141 [Worker-1 | u:p | job: update.plan] INFO  com.polarion.platform.jobs.info  - Job "Live Plan Chart Update - Index Refresh" runs as user "polarion"
2017-06-26 13:00:00,145 [Worker-1 | u:p | job: update.plan | u:p] INFO  com.polarion.platform.jobs.info  - State of job "Live Plan Chart Update - Index Refresh" changed to ACTIVATING
2017-06-26 13:00:00,149 [Worker-1 | u:p | job: update.plan | u:p] INFO  com.polarion.platform.jobs.info  - State of job "Live Plan Chart Update - Index Refresh" changed to WAITING
2017-06-26 13:00:00,154 [Worker-0 | u:p] INFO  com.polarion.platform.jobs.info  - State of job "Live Plan Chart Update - Index Refresh" changed to RUNNING
2017-06-26 13:00:01,820 [Worker-0 | u:p] INFO  com.polarion.platform.jobs.info  - State of job "Live Plan Chart Update - Index Refresh" changed to FINISHED
2017-06-26 13:00:01,823 [Worker-0 | u:p] INFO  com.polarion.platform.jobs.info  - Status of job "Live Plan Chart Update - Index Refresh" is OK
2017-06-26 13:00:01,862 [Worker-1 | u:p] INFO  com.polarion.platform.jobs.info  - State of job "Live Plan Chart Update" changed to FINISHED
2017-06-26 13:00:01,864 [Worker-1 | u:p] INFO  com.polarion.platform.jobs.info  - Status of job "Live Plan Chart Update" is OK
